18:05:03.160 [main                     ] DEBUG Logger               - Configured Logger
18:05:03.184 [main                     ] DEBUG GameApplication      - Logging settings
Title: Miguel
Version: 1.0
Width: 1280
Height: 720
Fullscreen: false
Intro: false
Profiling: false
Single step:false
App Mode: DEVELOPER
Menu Key: ESCAPE
Stage Style: DECORATED
Scene Factory: class com.almasb.fxglgames.platformer.PlatformerApp$1

18:05:03.638 [JavaFX Application Thread] DEBUG FXGLApplication      - Initializing FXGL
18:05:03.643 [JavaFX Application Thread] INFO  Engine               - FXGL-17.1 (24.03.2022 17.34) on WINDOWS (J:19.0.1 FX:19-ea)
18:05:03.644 [JavaFX Application Thread] DEBUG Engine               - JRE Vendor Name: Oracle Corporation
18:05:03.644 [JavaFX Application Thread] DEBUG Engine               - Running on OS: Windows 10 version 10.0
18:05:03.644 [JavaFX Application Thread] DEBUG Engine               - Architecture: amd64
18:05:03.644 [JavaFX Application Thread] INFO  Engine               - Source code and latest versions at: https://github.com/AlmasB/FXGL
18:05:03.645 [JavaFX Application Thread] INFO  Engine               -       Ask questions and discuss at: https://github.com/AlmasB/FXGL/discussions
18:05:03.645 [JavaFX Application Thread] INFO  Engine               -              Join the FXGL chat at: https://gitter.im/AlmasB/FXGL
18:05:03.722 [JavaFX Application Thread] DEBUG PrimaryStageWindow   - Creating a JavaFX scene
18:05:03.764 [JavaFX Application Thread] DEBUG PrimaryStageWindow   - Target settings size: 1280.0 x 720.0
18:05:03.764 [JavaFX Application Thread] DEBUG PrimaryStageWindow   - Scaled scene size:    1280.0 x 720.0
18:05:03.764 [JavaFX Application Thread] DEBUG PrimaryStageWindow   - Scaled ratio: (1.0, 1.0)
18:05:03.765 [JavaFX Application Thread] DEBUG PrimaryStageWindow   - Set initial scene to FXGLStartupScene
18:05:03.771 [JavaFX Application Thread] DEBUG PrimaryStageWindow   - Opening main window
18:05:03.843 [JavaFX Application Thread] DEBUG PrimaryStageWindow   - Window border size: (14.4000244140625, 37.5999755859375)
18:05:03.843 [JavaFX Application Thread] DEBUG PrimaryStageWindow   - Scaled size: 1280.0 x 720.0
18:05:03.844 [JavaFX Application Thread] DEBUG PrimaryStageWindow   - Scaled ratio: (1.0, 1.0)
18:05:03.844 [JavaFX Application Thread] DEBUG PrimaryStageWindow   - Scene size: 1280.0 x 720.0
18:05:03.844 [JavaFX Application Thread] DEBUG PrimaryStageWindow   - Stage size: 1294.4000244140625 x 757.5999755859375
18:05:03.852 [FXGL Background Thread 1 ] DEBUG Engine               - Initializing environment variables
18:05:03.903 [FXGL Background Thread 1 ] DEBUG FXGLAssetLoaderServi - User app class for loading assets: class com.almasb.fxglgames.platformer.PlatformerApp
18:05:03.903 [FXGL Background Thread 1 ] DEBUG GameApplicationServi - Applying CSS: fxgl_dark.css
18:05:03.904 [FXGL Background Thread 1 ] DEBUG FXGLAssetLoaderServi - Loading from file system: jar:file:///C:/Users/koenm/.m2/repository/com/github/almasb/fxgl/17.1/fxgl-17.1.jar!/fxglassets/ui/css/fxgl_dark.css
18:05:03.941 [FXGL Background Thread 1 ] DEBUG GameApplicationServi - Initializing application scenes
18:05:03.981 [FXGL Background Thread 1 ] DEBUG FXGLAssetLoaderServi - Loading from file system: file:/C:/Users/koenm/Documents/GitHub/ipose-groep-4/target/classes/assets/textures/player.png
18:05:03.999 [FXGL Background Thread 1 ] DEBUG GameWorld            - Game world initialized
18:05:04.050 [FXGL Background Thread 1 ] DEBUG PhysicsWorld         - Physics world initialized: appHeight=720, physics.ppm=50,0
18:05:04.050 [FXGL Background Thread 1 ] DEBUG PhysicsWorld         - Using strategy: BRUTE_FORCE
18:05:04.053 [FXGL Background Thread 1 ] DEBUG GameScene            - Game scene initialized: 1280x720
18:05:04.062 [FXGL Background Thread 1 ] DEBUG FXGL.DefaultMenu     - createMenuBodyGameMenu()
18:05:04.074 [FXGL Background Thread 1 ] DEBUG FXGL.DefaultMenu     - createOptionsMenu()
18:05:04.082 [FXGL Background Thread 1 ] DEBUG FXGLAssetLoaderServi - Loading from file system: jar:file:///C:/Users/koenm/.m2/repository/com/github/almasb/fxgl/17.1/fxgl-17.1.jar!/fxglassets/textures/particles/smoke.png
18:05:04.153 [FXGL Background Thread 1 ] DEBUG FXGLAssetLoaderServi - Loading from file system: jar:file:///C:/Users/koenm/.m2/repository/com/github/almasb/fxgl/17.1/fxgl-17.1.jar!/fxglassets/textures/particles/trace_horizontal.png
18:05:04.215 [FXGL Background Thread 1 ] DEBUG GameApplicationServi - Application scenes initialized
18:05:04.231 [FXGL Background Thread 1 ] DEBUG SystemBundleService  - Loading FXGL system data
18:05:04.235 [FXGL Background Thread 1 ] DEBUG FileSystemAccess     - Reading from: C:\Users\koenm\Documents\GitHub\ipose-groep-4\system\fxgl.bundle
18:05:04.242 [FXGL Background Thread 1 ] DEBUG SystemBundleService  - Bundle FXGL: {}
18:05:04.243 [FXGL Background Thread 1 ] DEBUG UpdaterService       - Checking for updates
18:05:04.248 [FXGL Background Thread 4 ] DEBUG FXGLApplication      - Loading fonts
18:05:04.248 [FXGL Background Thread 1 ] DEBUG FXGLApplication      - Loading default localization
18:05:04.248 [FXGL Background Thread 4 ] DEBUG FXGLAssetLoaderServi - Loading from file system: jar:file:///C:/Users/koenm/.m2/repository/com/github/almasb/fxgl/17.1/fxgl-17.1.jar!/fxglassets/ui/fonts/VarelaRound-Regular.ttf
18:05:04.249 [FXGL Background Thread 1 ] DEBUG FXGLAssetLoaderServi - Loading from file system: jar:file:///C:/Users/koenm/.m2/repository/com/github/almasb/fxgl/17.1/fxgl-17.1.jar!/fxglassets/languages/english.lang
18:05:04.270 [FXGL Background Thread 1 ] INFO  FXGLApplication      - FXGL initialization took: 0,418 sec
18:05:04.280 [JavaFX Application Thread] DEBUG Input                - Registered new binding: Left - A
18:05:04.280 [JavaFX Application Thread] DEBUG Input                - Registered new binding: Right - D
18:05:04.280 [JavaFX Application Thread] DEBUG Input                - Registered new binding: Jump - W
18:05:04.280 [JavaFX Application Thread] DEBUG Input                - Registered new binding: Use - E
18:05:04.281 [JavaFX Application Thread] DEBUG FXGLAssetLoaderServi - Loading from file system: file:/C:/Users/koenm/Documents/GitHub/ipose-groep-4/target/classes/assets/music/BGM_dash_runner.wav
18:05:04.325 [FXGL Background Thread 4 ] DEBUG FXGLAssetLoaderServi - Loading from file system: jar:file:///C:/Users/koenm/.m2/repository/com/github/almasb/fxgl/17.1/fxgl-17.1.jar!/fxglassets/ui/fonts/Abel-Regular.ttf
18:05:04.329 [FXGL Background Thread 4 ] DEBUG FXGLAssetLoaderServi - Loading from file system: jar:file:///C:/Users/koenm/.m2/repository/com/github/almasb/fxgl/17.1/fxgl-17.1.jar!/fxglassets/ui/fonts/TerminalLandMono-Regular.otf
18:05:04.333 [FXGL Background Thread 4 ] DEBUG FXGLAssetLoaderServi - Loading from file system: jar:file:///C:/Users/koenm/.m2/repository/com/github/almasb/fxgl/17.1/fxgl-17.1.jar!/fxglassets/ui/fonts/Courier-Prime.ttf
18:05:04.456 [JavaFX Application Thread] DEBUG AudioPlayer          - Playing music com.almasb.fxgl.audio.Music@2451a2a1
18:05:04.456 [JavaFX Application Thread] DEBUG FXGLAssetLoaderServi - Loading from file system: jar:file:///C:/Users/koenm/.m2/repository/com/github/almasb/fxgl/17.1/fxgl-17.1.jar!/fxglassets/textures/fxgl_icon.png
18:05:04.478 [JavaFX Application Thread] DEBUG FXGLAssetLoaderServi - Loading from file system: jar:file:///C:/Users/koenm/.m2/repository/com/github/almasb/fxgl/17.1/fxgl-17.1.jar!/fxglassets/textures/fxgl_default_cursor.png
18:05:04.480 [JavaFX Application Thread] DEBUG Input                - Registered new binding: Screenshot - CTRL+8
18:05:04.480 [JavaFX Application Thread] DEBUG Input                - Registered new binding: System info dump - CTRL+9
18:05:04.480 [JavaFX Application Thread] DEBUG Input                - Registered new binding: Restart - CTRL+R
18:05:04.481 [JavaFX Application Thread] DEBUG Input                - Registered new binding: Toggle Debug Camera - CTRL+7
18:05:04.483 [JavaFX Application Thread] DEBUG LoopRunner           - Starting loop
18:05:04.483 [JavaFX Application Thread] DEBUG LoopRunner           - Initializing JavaFX AnimationTimerLoop
18:05:04.485 [JavaFX Application Thread] DEBUG GameApplicationServi - Starting new game
18:05:04.485 [JavaFX Application Thread] DEBUG Input                - Clearing active input actions
18:05:04.500 [JavaFX Application Thread] DEBUG GameApplicationServi - Removing overlay from FXGLStartupScene and adding to MainLoadingScene
18:05:04.501 [JavaFX Application Thread] DEBUG PrimaryStageWindow   - FXGLStartupScene -> MainLoadingScene
18:05:04.501 [JavaFX Application Thread] DEBUG GameApplicationServi - Clearing previous game
18:05:04.501 [JavaFX Application Thread] DEBUG GameScene            - Clearing game scene
18:05:04.501 [JavaFX Application Thread] DEBUG GameWorld            - Clearing game world
18:05:04.501 [JavaFX Application Thread] DEBUG PhysicsWorld         - Clearing physics world
18:05:04.502 [FXGL Background Thread 4 ] DEBUG FXGLApplication      - Initializing game
18:05:04.538 [FXGL Background Thread 4 ] WARN  TMXLevelLoader       - TiledMap generated from 1.10.1. Supported version: 1.4.2. Some features may not be parsed fully.
18:05:04.549 [FXGL Background Thread 4 ] DEBUG TMXLevelLoader       - Parsed TiledMap: file:/C:/Users/koenm/Documents/GitHub/ipose-groep-4/target/classes/assets/levels/tmx/level3.tmx
18:05:04.550 [FXGL Background Thread 4 ] DEBUG TMXLevelLoader       - Creating tile layer entities
18:05:04.552 [FXGL Background Thread 4 ] DEBUG TilesetLoader        - Loading view for layer Tile Layer 1
18:05:04.557 [FXGL Background Thread 4 ] DEBUG TilesetLoader        - Created buffer with size 4900.0x700.0
18:05:04.583 [FXGL Background Thread 4 ] DEBUG TMXLevelLoader       - Creating object layer entities
18:05:04.637 [FXGL Background Thread 4 ] DEBUG GameWorld            - Clearing removable entities
18:05:04.638 [FXGL Background Thread 4 ] DEBUG GameWorld            - Setting level: com.almasb.fxgl.entity.level.Level@fbfab24
18:05:04.662 [FXGL Background Thread 4 ] DEBUG FXGLAssetLoaderServi - Loading from file system: file:/C:/Users/koenm/Documents/GitHub/ipose-groep-4/target/classes/assets/textures/trump.png
18:05:04.668 [FXGL Background Thread 4 ] DEBUG FXGLAssetLoaderServi - Loading from file system: file:/C:/Users/koenm/Documents/GitHub/ipose-groep-4/target/classes/assets/textures/background/forest.png
18:05:04.689 [FXGL Background Thread 4 ] INFO  FXGLApplication      - Game initialization took: 0,186 sec
18:05:04.690 [JavaFX Application Thread] DEBUG Input                - Clearing active input actions
18:05:04.702 [JavaFX Application Thread] DEBUG GameApplicationServi - Removing overlay from MainLoadingScene and adding to GameScene
18:05:04.703 [JavaFX Application Thread] DEBUG PrimaryStageWindow   - MainLoadingScene -> GameScene
18:05:04.808 [FXGL Background Thread 2 ] INFO  UpdaterService       - Your current version:  17.1
18:05:04.810 [FXGL Background Thread 2 ] INFO  UpdaterService       - Latest stable version: 17.3
18:05:07.248 [FXGL Background Thread 3 ] DEBUG Engine               - Logging environment variables
18:05:07.248 [FXGL Background Thread 3 ] DEBUG Engine               - achievements: []
18:05:07.248 [FXGL Background Thread 3 ] DEBUG Engine               - actualHeight: 720.0
18:05:07.248 [FXGL Background Thread 3 ] DEBUG Engine               - actualHeightProperty: ReadOnlyDoubleProperty [value: 720.0]
18:05:07.248 [FXGL Background Thread 3 ] DEBUG Engine               - actualWidth: 1280.0
18:05:07.248 [FXGL Background Thread 3 ] DEBUG Engine               - actualWidthProperty: ReadOnlyDoubleProperty [value: 1280.0]
18:05:07.248 [FXGL Background Thread 3 ] DEBUG Engine               - appIcon: fxgl_icon.png
18:05:07.248 [FXGL Background Thread 3 ] DEBUG Engine               - applicationMode: DEVELOPER
18:05:07.248 [FXGL Background Thread 3 ] DEBUG Engine               - cSSList: [fxgl_dark.css]
18:05:07.249 [FXGL Background Thread 3 ] DEBUG Engine               - collisionDetectionStrategy: BRUTE_FORCE
18:05:07.249 [FXGL Background Thread 3 ] DEBUG Engine               - configClass: Optional.empty
18:05:07.249 [FXGL Background Thread 3 ] DEBUG Engine               - credits: []
18:05:07.249 [FXGL Background Thread 3 ] DEBUG Engine               - defaultCursor: CursorInfo(imageName=fxgl_default_cursor.png, hotspotX=7.0, hotspotY=6.0)
18:05:07.249 [FXGL Background Thread 3 ] DEBUG Engine               - devBBoxColorProperty: ObjectProperty [value: 0xff0000ff]
18:05:07.249 [FXGL Background Thread 3 ] DEBUG Engine               - devEnableDebugCameraProperty: BooleanProperty [value: false]
18:05:07.249 [FXGL Background Thread 3 ] DEBUG Engine               - devSensorColorProperty: ObjectProperty [value: 0xffff00ff]
18:05:07.249 [FXGL Background Thread 3 ] DEBUG Engine               - devShowBBoxProperty: BooleanProperty [value: false]
18:05:07.249 [FXGL Background Thread 3 ] DEBUG Engine               - devShowPositionProperty: BooleanProperty [value: false]
18:05:07.249 [FXGL Background Thread 3 ] DEBUG Engine               - enabledMenuItems: []
18:05:07.249 [FXGL Background Thread 3 ] DEBUG Engine               - engineServices: [class com.almasb.fxgl.app.services.FXGLAssetLoaderService, class com.almasb.fxgl.app.FXGLApplication$GameApplicationService, class com.almasb.fxgl.app.services.FXGLDialogService, class com.almasb.fxgl.app.services.IOTaskExecutorService, class com.almasb.fxgl.io.FileSystemService, class com.almasb.fxgl.localization.LocalizationService, class com.almasb.fxgl.app.services.SystemBundleService, class com.almasb.fxgl.profile.SaveLoadService, class com.almasb.fxgl.ui.FXGLUIFactoryServiceProvider, class com.almasb.fxgl.ui.FXGLDialogFactoryServiceProvider, class com.almasb.fxgl.audio.AudioPlayer, class com.almasb.fxgl.notification.impl.NotificationServiceProvider, class com.almasb.fxgl.achievement.AchievementService, class com.almasb.fxgl.cutscene.CutsceneService, class com.almasb.fxgl.minigames.MiniGameService, class com.almasb.fxgl.net.NetService, class com.almasb.fxgl.app.services.UpdaterService, class com.almasb.fxgl.dev.DevService]
18:05:07.249 [FXGL Background Thread 3 ] DEBUG Engine               - fontGame: Abel-Regular.ttf
18:05:07.249 [FXGL Background Thread 3 ] DEBUG Engine               - fontMono: TerminalLandMono-Regular.otf
18:05:07.249 [FXGL Background Thread 3 ] DEBUG Engine               - fontText: Courier-Prime.ttf
18:05:07.249 [FXGL Background Thread 3 ] DEBUG Engine               - fontUI: VarelaRound-Regular.ttf
18:05:07.249 [FXGL Background Thread 3 ] DEBUG Engine               - fullScreen: BooleanProperty [value: false]
18:05:07.250 [FXGL Background Thread 3 ] DEBUG Engine               - gameDifficulty: MEDIUM
18:05:07.250 [FXGL Background Thread 3 ] DEBUG Engine               - gameDifficultyProperty: ObjectProperty [value: MEDIUM]
18:05:07.250 [FXGL Background Thread 3 ] DEBUG Engine               - globalMusicVolume: 0.5
18:05:07.250 [FXGL Background Thread 3 ] DEBUG Engine               - globalMusicVolumeProperty: DoubleProperty [value: 0.25]
18:05:07.250 [FXGL Background Thread 3 ] DEBUG Engine               - globalSoundVolume: 0.5
18:05:07.250 [FXGL Background Thread 3 ] DEBUG Engine               - globalSoundVolumeProperty: DoubleProperty [value: 0.5]
18:05:07.250 [FXGL Background Thread 3 ] DEBUG Engine               - height: 720
18:05:07.250 [FXGL Background Thread 3 ] DEBUG Engine               - is3D: false
18:05:07.250 [FXGL Background Thread 3 ] DEBUG Engine               - isAndroid: false
18:05:07.250 [FXGL Background Thread 3 ] DEBUG Engine               - isBrowser: false
18:05:07.250 [FXGL Background Thread 3 ] DEBUG Engine               - isClickFeedbackEnabled: false
18:05:07.250 [FXGL Background Thread 3 ] DEBUG Engine               - isCloseConfirmation: false
18:05:07.250 [FXGL Background Thread 3 ] DEBUG Engine               - isDesktop: true
18:05:07.250 [FXGL Background Thread 3 ] DEBUG Engine               - isDeveloperMenuEnabled: false
18:05:07.250 [FXGL Background Thread 3 ] DEBUG Engine               - isEmbedded: false
18:05:07.250 [FXGL Background Thread 3 ] DEBUG Engine               - isEntityPreloadEnabled: true
18:05:07.250 [FXGL Background Thread 3 ] DEBUG Engine               - isExperimentalTiledLargeMap: false
18:05:07.250 [FXGL Background Thread 3 ] DEBUG Engine               - isFileSystemWriteAllowed: true
18:05:07.250 [FXGL Background Thread 3 ] DEBUG Engine               - isFullScreenAllowed: false
18:05:07.250 [FXGL Background Thread 3 ] DEBUG Engine               - isFullScreenFromStart: false
18:05:07.250 [FXGL Background Thread 3 ] DEBUG Engine               - isGameMenuEnabled: true
18:05:07.250 [FXGL Background Thread 3 ] DEBUG Engine               - isIOS: false
18:05:07.250 [FXGL Background Thread 3 ] DEBUG Engine               - isIntroEnabled: false
18:05:07.251 [FXGL Background Thread 3 ] DEBUG Engine               - isLinux: false
18:05:07.251 [FXGL Background Thread 3 ] DEBUG Engine               - isMac: false
18:05:07.251 [FXGL Background Thread 3 ] DEBUG Engine               - isMainMenuEnabled: false
18:05:07.251 [FXGL Background Thread 3 ] DEBUG Engine               - isManualResizeEnabled: false
18:05:07.251 [FXGL Background Thread 3 ] DEBUG Engine               - isMobile: false
18:05:07.251 [FXGL Background Thread 3 ] DEBUG Engine               - isNative: false
18:05:07.251 [FXGL Background Thread 3 ] DEBUG Engine               - isPauseMusicWhenMinimized: true
18:05:07.251 [FXGL Background Thread 3 ] DEBUG Engine               - isPreserveResizeRatio: false
18:05:07.251 [FXGL Background Thread 3 ] DEBUG Engine               - isProfilingEnabled: false
18:05:07.251 [FXGL Background Thread 3 ] DEBUG Engine               - isScaleAffectedOnResize: true
18:05:07.251 [FXGL Background Thread 3 ] DEBUG Engine               - isSingleStep: false
18:05:07.251 [FXGL Background Thread 3 ] DEBUG Engine               - isUserProfileEnabled: false
18:05:07.251 [FXGL Background Thread 3 ] DEBUG Engine               - isWindows: true
18:05:07.251 [FXGL Background Thread 3 ] DEBUG Engine               - language: ObjectProperty [value: ENGLISH]
18:05:07.251 [FXGL Background Thread 3 ] DEBUG Engine               - menuKey: ESCAPE
18:05:07.251 [FXGL Background Thread 3 ] DEBUG Engine               - mouseSensitivity: 0.2
18:05:07.251 [FXGL Background Thread 3 ] DEBUG Engine               - notificationViewClass: class com.almasb.fxgl.notification.view.XboxNotificationView
18:05:07.251 [FXGL Background Thread 3 ] DEBUG Engine               - pixelsPerMeter: 50.0
18:05:07.251 [FXGL Background Thread 3 ] DEBUG Engine               - platform: WINDOWS
18:05:07.251 [FXGL Background Thread 3 ] DEBUG Engine               - prefHeightProperty: ReadOnlyDoubleProperty [value: 720.0]
18:05:07.251 [FXGL Background Thread 3 ] DEBUG Engine               - prefWidthProperty: ReadOnlyDoubleProperty [value: 1280.0]
18:05:07.251 [FXGL Background Thread 3 ] DEBUG Engine               - profileDir: profiles/
18:05:07.251 [FXGL Background Thread 3 ] DEBUG Engine               - profileName: StringProperty [value: DEFAULT]
18:05:07.251 [FXGL Background Thread 3 ] DEBUG Engine               - randomSeed: -1
18:05:07.252 [FXGL Background Thread 3 ] DEBUG Engine               - runtimeInfo: RuntimeInfo(platform=WINDOWS, version=17.1, build=24.03.2022 17.34)
18:05:07.252 [FXGL Background Thread 3 ] DEBUG Engine               - saveFileExt: sav
18:05:07.252 [FXGL Background Thread 3 ] DEBUG Engine               - scaledHeightProp$fxgl: DoubleProperty [bound, value: 720.0]
18:05:07.252 [FXGL Background Thread 3 ] DEBUG Engine               - scaledWidthProp$fxgl: DoubleProperty [bound, value: 1280.0]
18:05:07.252 [FXGL Background Thread 3 ] DEBUG Engine               - sceneFactory: com.almasb.fxglgames.platformer.PlatformerApp$1@1e04b389
18:05:07.252 [FXGL Background Thread 3 ] DEBUG Engine               - secondsIn24h: 60
18:05:07.252 [FXGL Background Thread 3 ] DEBUG Engine               - soundMenuBack: menu/back.wav
18:05:07.252 [FXGL Background Thread 3 ] DEBUG Engine               - soundMenuPress: menu/press.wav
18:05:07.252 [FXGL Background Thread 3 ] DEBUG Engine               - soundMenuSelect: menu/select.wav
18:05:07.252 [FXGL Background Thread 3 ] DEBUG Engine               - soundNotification: core/notification.wav
18:05:07.252 [FXGL Background Thread 3 ] DEBUG Engine               - stageStyle: DECORATED
18:05:07.252 [FXGL Background Thread 3 ] DEBUG Engine               - supportedLanguages: [ENGLISH, FRENCH, GERMAN, HUNGARIAN, RUSSIAN]
18:05:07.252 [FXGL Background Thread 3 ] DEBUG Engine               - ticksPerSecond: -1
18:05:07.252 [FXGL Background Thread 3 ] DEBUG Engine               - title: Miguel
18:05:07.252 [FXGL Background Thread 3 ] DEBUG Engine               - urlGithub: https://github.com/AlmasB/FXGL
18:05:07.252 [FXGL Background Thread 3 ] DEBUG Engine               - urlLeaderboard: http://fxgl-top.herokuapp.com/
18:05:07.252 [FXGL Background Thread 3 ] DEBUG Engine               - urlPOM: https://raw.githubusercontent.com/AlmasB/FXGL/release/README.md
18:05:07.252 [FXGL Background Thread 3 ] DEBUG Engine               - userAppClass: class com.almasb.fxglgames.platformer.PlatformerApp
18:05:07.252 [FXGL Background Thread 3 ] DEBUG Engine               - version: 1.0
18:05:07.252 [FXGL Background Thread 3 ] DEBUG Engine               - versionCheckDays: 7
18:05:07.252 [FXGL Background Thread 3 ] DEBUG Engine               - width: 1280
18:05:07.253 [FXGL Background Thread 3 ] DEBUG Engine               - Logging services
18:05:07.253 [FXGL Background Thread 3 ] DEBUG Engine               - class com.almasb.fxgl.app.services.FXGLAssetLoaderService
18:05:07.253 [FXGL Background Thread 3 ] DEBUG Engine               - class com.almasb.fxgl.app.FXGLApplication$GameApplicationService
18:05:07.253 [FXGL Background Thread 3 ] DEBUG Engine               - class com.almasb.fxgl.app.services.FXGLDialogService
18:05:07.253 [FXGL Background Thread 3 ] DEBUG Engine               - class com.almasb.fxgl.app.services.IOTaskExecutorService
18:05:07.253 [FXGL Background Thread 3 ] DEBUG Engine               - class com.almasb.fxgl.io.FileSystemService
18:05:07.253 [FXGL Background Thread 3 ] DEBUG Engine               - class com.almasb.fxgl.localization.LocalizationService
18:05:07.253 [FXGL Background Thread 3 ] DEBUG Engine               - class com.almasb.fxgl.app.services.SystemBundleService
18:05:07.253 [FXGL Background Thread 3 ] DEBUG Engine               - class com.almasb.fxgl.profile.SaveLoadService
18:05:07.253 [FXGL Background Thread 3 ] DEBUG Engine               - class com.almasb.fxgl.ui.FXGLUIFactoryServiceProvider
18:05:07.253 [FXGL Background Thread 3 ] DEBUG Engine               - class com.almasb.fxgl.ui.FXGLDialogFactoryServiceProvider
18:05:07.253 [FXGL Background Thread 3 ] DEBUG Engine               - class com.almasb.fxgl.audio.AudioPlayer
18:05:07.253 [FXGL Background Thread 3 ] DEBUG Engine               - class com.almasb.fxgl.notification.impl.NotificationServiceProvider
18:05:07.253 [FXGL Background Thread 3 ] DEBUG Engine               - class com.almasb.fxgl.achievement.AchievementService
18:05:07.253 [FXGL Background Thread 3 ] DEBUG Engine               - class com.almasb.fxgl.cutscene.CutsceneService
18:05:07.253 [FXGL Background Thread 3 ] DEBUG Engine               - class com.almasb.fxgl.minigames.MiniGameService
18:05:07.253 [FXGL Background Thread 3 ] DEBUG Engine               - class com.almasb.fxgl.net.NetService
18:05:07.253 [FXGL Background Thread 3 ] DEBUG Engine               - class com.almasb.fxgl.app.services.UpdaterService
18:05:07.253 [FXGL Background Thread 3 ] DEBUG Engine               - class com.almasb.fxgl.dev.DevService
18:05:30.927 [JavaFX Application Thread] DEBUG PrimaryStageWindow   - Push state: DialogSubScene
18:05:30.927 [JavaFX Application Thread] DEBUG Input                - Clearing active input actions
18:05:30.930 [JavaFX Application Thread] DEBUG GameApplicationServi - Removing overlay from GameScene and adding to DialogSubScene
18:05:30.930 [JavaFX Application Thread] DEBUG PrimaryStageWindow   - GameScene -> DialogSubScene
18:07:08.560 [JavaFX Application Thread] DEBUG PrimaryStageWindow   - Pop state: DialogSubScene
18:07:08.560 [JavaFX Application Thread] DEBUG Input                - Clearing active input actions
18:07:08.561 [JavaFX Application Thread] DEBUG GameApplicationServi - Removing overlay from DialogSubScene and adding to GameScene
18:07:08.562 [JavaFX Application Thread] DEBUG PrimaryStageWindow   - GameScene <- DialogSubScene
18:07:08.562 [JavaFX Application Thread] DEBUG GameApplicationServi - Starting new game
18:07:08.562 [JavaFX Application Thread] DEBUG Input                - Clearing active input actions
18:07:08.568 [JavaFX Application Thread] DEBUG GameApplicationServi - Removing overlay from GameScene and adding to MainLoadingScene
18:07:08.568 [JavaFX Application Thread] DEBUG PrimaryStageWindow   - GameScene -> MainLoadingScene
18:07:08.568 [JavaFX Application Thread] DEBUG GameApplicationServi - Clearing previous game
18:07:08.568 [JavaFX Application Thread] DEBUG GameScene            - Clearing game scene
18:07:08.568 [JavaFX Application Thread] DEBUG GameWorld            - Clearing game world
18:07:08.571 [JavaFX Application Thread] DEBUG PhysicsWorld         - Clearing physics world
18:07:08.572 [FXGL Background Thread 5 ] DEBUG FXGLApplication      - Initializing game
18:07:08.574 [FXGL Background Thread 5 ] WARN  TMXLevelLoader       - TiledMap generated from 1.10.1. Supported version: 1.4.2. Some features may not be parsed fully.
18:07:08.582 [FXGL Background Thread 5 ] DEBUG TMXLevelLoader       - Parsed TiledMap: file:/C:/Users/koenm/Documents/GitHub/ipose-groep-4/target/classes/assets/levels/tmx/level3.tmx
18:07:08.582 [FXGL Background Thread 5 ] DEBUG TMXLevelLoader       - Creating tile layer entities
18:07:08.583 [FXGL Background Thread 5 ] DEBUG TilesetLoader        - Loading view for layer Tile Layer 1
18:07:08.584 [FXGL Background Thread 5 ] DEBUG TilesetLoader        - Created buffer with size 4900.0x700.0
18:07:08.602 [FXGL Background Thread 5 ] DEBUG TMXLevelLoader       - Creating object layer entities
18:07:08.615 [FXGL Background Thread 5 ] DEBUG GameWorld            - Clearing removable entities
18:07:08.615 [FXGL Background Thread 5 ] DEBUG GameWorld            - Setting level: com.almasb.fxgl.entity.level.Level@280eb680
18:07:08.625 [FXGL Background Thread 5 ] INFO  FXGLApplication      - Game initialization took: 0,052 sec
18:07:08.625 [JavaFX Application Thread] DEBUG Input                - Clearing active input actions
18:07:08.634 [JavaFX Application Thread] DEBUG GameApplicationServi - Removing overlay from MainLoadingScene and adding to GameScene
18:07:08.634 [JavaFX Application Thread] DEBUG PrimaryStageWindow   - MainLoadingScene -> GameScene
18:07:14.239 [JavaFX Application Thread] DEBUG PrimaryStageWindow   - Push state: DialogSubScene
18:07:14.240 [JavaFX Application Thread] DEBUG Input                - Clearing active input actions
18:07:14.243 [JavaFX Application Thread] DEBUG GameApplicationServi - Removing overlay from GameScene and adding to DialogSubScene
18:07:14.244 [JavaFX Application Thread] DEBUG PrimaryStageWindow   - GameScene -> DialogSubScene
18:07:17.525 [JavaFX Application Thread] DEBUG PrimaryStageWindow   - Pop state: DialogSubScene
18:07:17.525 [JavaFX Application Thread] DEBUG Input                - Clearing active input actions
18:07:17.526 [JavaFX Application Thread] DEBUG GameApplicationServi - Removing overlay from DialogSubScene and adding to GameScene
18:07:17.526 [JavaFX Application Thread] DEBUG PrimaryStageWindow   - GameScene <- DialogSubScene
18:07:17.527 [JavaFX Application Thread] DEBUG GameApplicationServi - Starting new game
18:07:17.527 [JavaFX Application Thread] DEBUG Input                - Clearing active input actions
18:07:17.532 [JavaFX Application Thread] DEBUG GameApplicationServi - Removing overlay from GameScene and adding to MainLoadingScene
18:07:17.532 [JavaFX Application Thread] DEBUG PrimaryStageWindow   - GameScene -> MainLoadingScene
18:07:17.532 [JavaFX Application Thread] DEBUG GameApplicationServi - Clearing previous game
18:07:17.532 [JavaFX Application Thread] DEBUG GameScene            - Clearing game scene
18:07:17.532 [JavaFX Application Thread] DEBUG GameWorld            - Clearing game world
18:07:17.535 [JavaFX Application Thread] DEBUG PhysicsWorld         - Clearing physics world
18:07:17.535 [FXGL Background Thread 5 ] DEBUG FXGLApplication      - Initializing game
18:07:17.538 [FXGL Background Thread 5 ] WARN  TMXLevelLoader       - TiledMap generated from 1.10.1. Supported version: 1.4.2. Some features may not be parsed fully.
18:07:17.546 [FXGL Background Thread 5 ] DEBUG TMXLevelLoader       - Parsed TiledMap: file:/C:/Users/koenm/Documents/GitHub/ipose-groep-4/target/classes/assets/levels/tmx/level3.tmx
18:07:17.546 [FXGL Background Thread 5 ] DEBUG TMXLevelLoader       - Creating tile layer entities
18:07:17.546 [FXGL Background Thread 5 ] DEBUG TilesetLoader        - Loading view for layer Tile Layer 1
18:07:17.548 [FXGL Background Thread 5 ] DEBUG TilesetLoader        - Created buffer with size 4900.0x700.0
18:07:17.562 [FXGL Background Thread 5 ] DEBUG TMXLevelLoader       - Creating object layer entities
18:07:17.573 [FXGL Background Thread 5 ] DEBUG GameWorld            - Clearing removable entities
18:07:17.574 [FXGL Background Thread 5 ] DEBUG GameWorld            - Setting level: com.almasb.fxgl.entity.level.Level@1a418a79
18:07:17.582 [FXGL Background Thread 5 ] INFO  FXGLApplication      - Game initialization took: 0,047 sec
18:07:17.582 [JavaFX Application Thread] DEBUG Input                - Clearing active input actions
18:07:17.588 [JavaFX Application Thread] DEBUG GameApplicationServi - Removing overlay from MainLoadingScene and adding to GameScene
18:07:17.588 [JavaFX Application Thread] DEBUG PrimaryStageWindow   - MainLoadingScene -> GameScene
18:07:23.198 [JavaFX Application Thread] DEBUG PrimaryStageWindow   - Push state: DialogSubScene
18:07:23.199 [JavaFX Application Thread] DEBUG Input                - Clearing active input actions
18:07:23.201 [JavaFX Application Thread] DEBUG GameApplicationServi - Removing overlay from GameScene and adding to DialogSubScene
18:07:23.202 [JavaFX Application Thread] DEBUG PrimaryStageWindow   - GameScene -> DialogSubScene
18:07:32.900 [JavaFX Application Thread] DEBUG FXGLApplication      - Exiting FXGL
18:07:32.900 [JavaFX Application Thread] DEBUG LoopRunner           - Stopping loop
18:07:32.901 [JavaFX Application Thread] DEBUG SystemBundleService  - Saving FXGL system data
18:07:32.903 [JavaFX Application Thread] DEBUG FileSystemAccess     - Writing to: C:\Users\koenm\Documents\GitHub\ipose-groep-4\system\fxgl.bundle
18:07:32.905 [JavaFX Application Thread] DEBUG Async                - Shutting down background threads
18:07:32.905 [JavaFX Application Thread] DEBUG PrimaryStageWindow   - Closing main window
18:07:32.921 [JavaFX Application Thread] DEBUG Logger               - Closing Logger
