10:50:02.800 [main                     ] DEBUG Logger               - Configured Logger
10:50:02.825 [main                     ] DEBUG GameApplication      - Logging settings
Title: Miguel
Version: 1.0
Width: 1400
Height: 720
Fullscreen: false
Intro: false
Profiling: false
Single step:false
App Mode: DEVELOPER
Menu Key: ESCAPE
Stage Style: DECORATED
Scene Factory: class com.almasb.fxglgames.platformer.PlatformerApp$1

10:50:03.126 [JavaFX Application Thread] DEBUG FXGLApplication      - Initializing FXGL
10:50:03.131 [JavaFX Application Thread] INFO  Engine               - FXGL-17.1 (24.03.2022 17.34) on WINDOWS (J:19.0.1 FX:19-ea)
10:50:03.131 [JavaFX Application Thread] DEBUG Engine               - JRE Vendor Name: Oracle Corporation
10:50:03.132 [JavaFX Application Thread] DEBUG Engine               - Running on OS: Windows 10 version 10.0
10:50:03.132 [JavaFX Application Thread] DEBUG Engine               - Architecture: amd64
10:50:03.132 [JavaFX Application Thread] INFO  Engine               - Source code and latest versions at: https://github.com/AlmasB/FXGL
10:50:03.132 [JavaFX Application Thread] INFO  Engine               -       Ask questions and discuss at: https://github.com/AlmasB/FXGL/discussions
10:50:03.132 [JavaFX Application Thread] INFO  Engine               -              Join the FXGL chat at: https://gitter.im/AlmasB/FXGL
10:50:03.204 [JavaFX Application Thread] DEBUG PrimaryStageWindow   - Creating a JavaFX scene
10:50:03.244 [JavaFX Application Thread] DEBUG PrimaryStageWindow   - Target settings size: 1400.0 x 720.0
10:50:03.244 [JavaFX Application Thread] DEBUG PrimaryStageWindow   - Scaled scene size:    1400.0 x 720.0
10:50:03.244 [JavaFX Application Thread] DEBUG PrimaryStageWindow   - Scaled ratio: (1.0, 1.0)
10:50:03.245 [JavaFX Application Thread] DEBUG PrimaryStageWindow   - Set initial scene to FXGLStartupScene
10:50:03.252 [JavaFX Application Thread] DEBUG PrimaryStageWindow   - Opening main window
10:50:03.324 [JavaFX Application Thread] DEBUG PrimaryStageWindow   - Window border size: (14.4000244140625, 37.5999755859375)
10:50:03.325 [JavaFX Application Thread] DEBUG PrimaryStageWindow   - Scaled size: 1400.0 x 720.0
10:50:03.325 [JavaFX Application Thread] DEBUG PrimaryStageWindow   - Scaled ratio: (1.0, 1.0)
10:50:03.325 [JavaFX Application Thread] DEBUG PrimaryStageWindow   - Scene size: 1400.0 x 720.0
10:50:03.325 [JavaFX Application Thread] DEBUG PrimaryStageWindow   - Stage size: 1414.4000244140625 x 757.5999755859375
10:50:03.333 [FXGL Background Thread 1 ] DEBUG Engine               - Initializing environment variables
10:50:03.381 [FXGL Background Thread 1 ] DEBUG FXGLAssetLoaderServi - User app class for loading assets: class com.almasb.fxglgames.platformer.PlatformerApp
10:50:03.381 [FXGL Background Thread 1 ] DEBUG GameApplicationServi - Applying CSS: fxgl_dark.css
10:50:03.382 [FXGL Background Thread 1 ] DEBUG FXGLAssetLoaderServi - Loading from file system: jar:file:///C:/Users/jardk/.m2/repository/com/github/almasb/fxgl/17.1/fxgl-17.1.jar!/fxglassets/ui/css/fxgl_dark.css
10:50:03.422 [FXGL Background Thread 1 ] DEBUG GameApplicationServi - Initializing application scenes
10:50:03.467 [FXGL Background Thread 1 ] DEBUG FXGLAssetLoaderServi - Loading from file system: file:/C:/ipose-groep-4/target/classes/assets/textures/player.png
10:50:03.487 [FXGL Background Thread 1 ] DEBUG GameWorld            - Game world initialized
10:50:03.542 [FXGL Background Thread 1 ] DEBUG PhysicsWorld         - Physics world initialized: appHeight=720, physics.ppm=50,0
10:50:03.542 [FXGL Background Thread 1 ] DEBUG PhysicsWorld         - Using strategy: BRUTE_FORCE
10:50:03.547 [FXGL Background Thread 1 ] DEBUG GameScene            - Game scene initialized: 1400x720
10:50:03.557 [FXGL Background Thread 1 ] DEBUG FXGL.DefaultMenu     - createMenuBodyMainMenu()
10:50:03.571 [FXGL Background Thread 1 ] DEBUG FXGL.DefaultMenu     - createOptionsMenu()
10:50:03.583 [FXGL Background Thread 1 ] DEBUG FXGLAssetLoaderServi - Loading from file system: jar:file:///C:/Users/jardk/.m2/repository/com/github/almasb/fxgl/17.1/fxgl-17.1.jar!/fxglassets/textures/particles/smoke.png
10:50:03.654 [FXGL Background Thread 1 ] DEBUG FXGLAssetLoaderServi - Loading from file system: jar:file:///C:/Users/jardk/.m2/repository/com/github/almasb/fxgl/17.1/fxgl-17.1.jar!/fxglassets/textures/particles/trace_horizontal.png
10:50:03.680 [FXGL Background Thread 1 ] DEBUG FXGL.DefaultMenu     - createMenuBodyGameMenu()
10:50:03.682 [FXGL Background Thread 1 ] DEBUG FXGL.DefaultMenu     - createOptionsMenu()
10:50:03.696 [FXGL Background Thread 1 ] DEBUG GameApplicationServi - Application scenes initialized
10:50:03.709 [FXGL Background Thread 1 ] DEBUG SystemBundleService  - Loading FXGL system data
10:50:03.713 [FXGL Background Thread 1 ] DEBUG FileSystemAccess     - Reading from: C:\ipose-groep-4\system\fxgl.bundle
10:50:03.723 [FXGL Background Thread 1 ] DEBUG SystemBundleService  - Bundle FXGL: {}
10:50:03.723 [FXGL Background Thread 1 ] DEBUG UpdaterService       - Checking for updates
10:50:03.728 [FXGL Background Thread 4 ] DEBUG FXGLApplication      - Loading fonts
10:50:03.728 [FXGL Background Thread 1 ] DEBUG FXGLApplication      - Loading default localization
10:50:03.728 [FXGL Background Thread 4 ] DEBUG FXGLAssetLoaderServi - Loading from file system: jar:file:///C:/Users/jardk/.m2/repository/com/github/almasb/fxgl/17.1/fxgl-17.1.jar!/fxglassets/ui/fonts/VarelaRound-Regular.ttf
10:50:03.729 [FXGL Background Thread 1 ] DEBUG FXGLAssetLoaderServi - Loading from file system: jar:file:///C:/Users/jardk/.m2/repository/com/github/almasb/fxgl/17.1/fxgl-17.1.jar!/fxglassets/languages/english.lang
10:50:03.745 [FXGL Background Thread 1 ] INFO  FXGLApplication      - FXGL initialization took: 0,412 sec
10:50:03.753 [JavaFX Application Thread] DEBUG Input                - Registered new binding: Left - A
10:50:03.754 [JavaFX Application Thread] DEBUG Input                - Registered new binding: Right - D
10:50:03.754 [JavaFX Application Thread] DEBUG Input                - Registered new binding: TrumpRight - H
10:50:03.754 [JavaFX Application Thread] DEBUG Input                - Registered new binding: Jump - W
10:50:03.754 [JavaFX Application Thread] DEBUG Input                - Registered new binding: Use - E
10:50:03.755 [JavaFX Application Thread] DEBUG FXGLAssetLoaderServi - Loading from file system: file:/C:/ipose-groep-4/target/classes/assets/music/BGM_dash_runner.wav
10:50:03.779 [FXGL Background Thread 4 ] DEBUG FXGLAssetLoaderServi - Loading from file system: jar:file:///C:/Users/jardk/.m2/repository/com/github/almasb/fxgl/17.1/fxgl-17.1.jar!/fxglassets/ui/fonts/Abel-Regular.ttf
10:50:03.783 [FXGL Background Thread 4 ] DEBUG FXGLAssetLoaderServi - Loading from file system: jar:file:///C:/Users/jardk/.m2/repository/com/github/almasb/fxgl/17.1/fxgl-17.1.jar!/fxglassets/ui/fonts/TerminalLandMono-Regular.otf
10:50:03.787 [FXGL Background Thread 4 ] DEBUG FXGLAssetLoaderServi - Loading from file system: jar:file:///C:/Users/jardk/.m2/repository/com/github/almasb/fxgl/17.1/fxgl-17.1.jar!/fxglassets/ui/fonts/Courier-Prime.ttf
10:50:03.864 [JavaFX Application Thread] DEBUG AudioPlayer          - Playing music com.almasb.fxgl.audio.Music@29ad7558
10:50:03.865 [JavaFX Application Thread] DEBUG FXGLAssetLoaderServi - Loading from file system: jar:file:///C:/Users/jardk/.m2/repository/com/github/almasb/fxgl/17.1/fxgl-17.1.jar!/fxglassets/textures/fxgl_icon.png
10:50:03.880 [JavaFX Application Thread] DEBUG FXGLAssetLoaderServi - Loading from file system: jar:file:///C:/Users/jardk/.m2/repository/com/github/almasb/fxgl/17.1/fxgl-17.1.jar!/fxglassets/textures/fxgl_default_cursor.png
10:50:03.882 [JavaFX Application Thread] DEBUG Input                - Registered new binding: Screenshot - CTRL+8
10:50:03.882 [JavaFX Application Thread] DEBUG Input                - Registered new binding: System info dump - CTRL+9
10:50:03.883 [JavaFX Application Thread] DEBUG Input                - Registered new binding: Restart - CTRL+R
10:50:03.884 [JavaFX Application Thread] DEBUG Input                - Registered new binding: Toggle Debug Camera - CTRL+7
10:50:03.886 [JavaFX Application Thread] DEBUG LoopRunner           - Starting loop
10:50:03.886 [JavaFX Application Thread] DEBUG LoopRunner           - Initializing JavaFX AnimationTimerLoop
10:50:03.889 [JavaFX Application Thread] DEBUG Input                - Clearing active input actions
10:50:03.899 [JavaFX Application Thread] DEBUG GameApplicationServi - Removing overlay from FXGLStartupScene and adding to FXGLMainMenuDummyScene
10:50:03.900 [JavaFX Application Thread] DEBUG PrimaryStageWindow   - FXGLStartupScene -> FXGLMainMenuDummyScene
10:50:03.900 [JavaFX Application Thread] DEBUG PrimaryStageWindow   - Push state: FXGLDefaultMenu
10:50:03.902 [JavaFX Application Thread] DEBUG Input                - Clearing active input actions
10:50:03.913 [JavaFX Application Thread] DEBUG GameApplicationServi - Removing overlay from FXGLMainMenuDummyScene and adding to FXGLDefaultMenu
10:50:03.914 [JavaFX Application Thread] DEBUG PrimaryStageWindow   - FXGLMainMenuDummyScene -> FXGLDefaultMenu
10:50:03.915 [JavaFX Application Thread] DEBUG FXGLApplication      - Registering font factories with UI factory
10:50:04.063 [FXGL Background Thread 2 ] INFO  UpdaterService       - Your current version:  17.1
10:50:04.063 [FXGL Background Thread 2 ] INFO  UpdaterService       - Latest stable version: 17.3
10:50:06.727 [FXGL Background Thread 3 ] DEBUG Engine               - Logging environment variables
10:50:06.727 [FXGL Background Thread 3 ] DEBUG Engine               - achievements: []
10:50:06.727 [FXGL Background Thread 3 ] DEBUG Engine               - actualHeight: 720.0
10:50:06.727 [FXGL Background Thread 3 ] DEBUG Engine               - actualHeightProperty: ReadOnlyDoubleProperty [value: 720.0]
10:50:06.728 [FXGL Background Thread 3 ] DEBUG Engine               - actualWidth: 1400.0
10:50:06.728 [FXGL Background Thread 3 ] DEBUG Engine               - actualWidthProperty: ReadOnlyDoubleProperty [value: 1400.0]
10:50:06.728 [FXGL Background Thread 3 ] DEBUG Engine               - appIcon: fxgl_icon.png
10:50:06.728 [FXGL Background Thread 3 ] DEBUG Engine               - applicationMode: DEVELOPER
10:50:06.728 [FXGL Background Thread 3 ] DEBUG Engine               - cSSList: [fxgl_dark.css]
10:50:06.728 [FXGL Background Thread 3 ] DEBUG Engine               - collisionDetectionStrategy: BRUTE_FORCE
10:50:06.728 [FXGL Background Thread 3 ] DEBUG Engine               - configClass: Optional.empty
10:50:06.728 [FXGL Background Thread 3 ] DEBUG Engine               - credits: []
10:50:06.728 [FXGL Background Thread 3 ] DEBUG Engine               - defaultCursor: CursorInfo(imageName=fxgl_default_cursor.png, hotspotX=7.0, hotspotY=6.0)
10:50:06.728 [FXGL Background Thread 3 ] DEBUG Engine               - devBBoxColorProperty: ObjectProperty [value: 0xff0000ff]
10:50:06.728 [FXGL Background Thread 3 ] DEBUG Engine               - devEnableDebugCameraProperty: BooleanProperty [value: false]
10:50:06.728 [FXGL Background Thread 3 ] DEBUG Engine               - devSensorColorProperty: ObjectProperty [value: 0xffff00ff]
10:50:06.728 [FXGL Background Thread 3 ] DEBUG Engine               - devShowBBoxProperty: BooleanProperty [value: false]
10:50:06.729 [FXGL Background Thread 3 ] DEBUG Engine               - devShowPositionProperty: BooleanProperty [value: false]
10:50:06.729 [FXGL Background Thread 3 ] DEBUG Engine               - enabledMenuItems: []
10:50:06.729 [FXGL Background Thread 3 ] DEBUG Engine               - engineServices: [class com.almasb.fxgl.app.services.FXGLAssetLoaderService, class com.almasb.fxgl.app.FXGLApplication$GameApplicationService, class com.almasb.fxgl.app.services.FXGLDialogService, class com.almasb.fxgl.app.services.IOTaskExecutorService, class com.almasb.fxgl.io.FileSystemService, class com.almasb.fxgl.localization.LocalizationService, class com.almasb.fxgl.app.services.SystemBundleService, class com.almasb.fxgl.profile.SaveLoadService, class com.almasb.fxgl.ui.FXGLUIFactoryServiceProvider, class com.almasb.fxgl.ui.FXGLDialogFactoryServiceProvider, class com.almasb.fxgl.audio.AudioPlayer, class com.almasb.fxgl.notification.impl.NotificationServiceProvider, class com.almasb.fxgl.achievement.AchievementService, class com.almasb.fxgl.cutscene.CutsceneService, class com.almasb.fxgl.minigames.MiniGameService, class com.almasb.fxgl.net.NetService, class com.almasb.fxgl.app.services.UpdaterService, class com.almasb.fxgl.dev.DevService]
10:50:06.729 [FXGL Background Thread 3 ] DEBUG Engine               - fontGame: Abel-Regular.ttf
10:50:06.729 [FXGL Background Thread 3 ] DEBUG Engine               - fontMono: TerminalLandMono-Regular.otf
10:50:06.729 [FXGL Background Thread 3 ] DEBUG Engine               - fontText: Courier-Prime.ttf
10:50:06.729 [FXGL Background Thread 3 ] DEBUG Engine               - fontUI: VarelaRound-Regular.ttf
10:50:06.729 [FXGL Background Thread 3 ] DEBUG Engine               - fullScreen: BooleanProperty [value: false]
10:50:06.729 [FXGL Background Thread 3 ] DEBUG Engine               - gameDifficulty: MEDIUM
10:50:06.729 [FXGL Background Thread 3 ] DEBUG Engine               - gameDifficultyProperty: ObjectProperty [value: MEDIUM]
10:50:06.729 [FXGL Background Thread 3 ] DEBUG Engine               - globalMusicVolume: 0.5
10:50:06.729 [FXGL Background Thread 3 ] DEBUG Engine               - globalMusicVolumeProperty: DoubleProperty [value: 0.25]
10:50:06.729 [FXGL Background Thread 3 ] DEBUG Engine               - globalSoundVolume: 0.5
10:50:06.729 [FXGL Background Thread 3 ] DEBUG Engine               - globalSoundVolumeProperty: DoubleProperty [value: 0.5]
10:50:06.729 [FXGL Background Thread 3 ] DEBUG Engine               - height: 720
10:50:06.729 [FXGL Background Thread 3 ] DEBUG Engine               - is3D: false
10:50:06.729 [FXGL Background Thread 3 ] DEBUG Engine               - isAndroid: false
10:50:06.729 [FXGL Background Thread 3 ] DEBUG Engine               - isBrowser: false
10:50:06.729 [FXGL Background Thread 3 ] DEBUG Engine               - isClickFeedbackEnabled: false
10:50:06.730 [FXGL Background Thread 3 ] DEBUG Engine               - isCloseConfirmation: false
10:50:06.730 [FXGL Background Thread 3 ] DEBUG Engine               - isDesktop: true
10:50:06.730 [FXGL Background Thread 3 ] DEBUG Engine               - isDeveloperMenuEnabled: false
10:50:06.730 [FXGL Background Thread 3 ] DEBUG Engine               - isEmbedded: false
10:50:06.730 [FXGL Background Thread 3 ] DEBUG Engine               - isEntityPreloadEnabled: true
10:50:06.730 [FXGL Background Thread 3 ] DEBUG Engine               - isExperimentalTiledLargeMap: false
10:50:06.730 [FXGL Background Thread 3 ] DEBUG Engine               - isFileSystemWriteAllowed: true
10:50:06.730 [FXGL Background Thread 3 ] DEBUG Engine               - isFullScreenAllowed: false
10:50:06.730 [FXGL Background Thread 3 ] DEBUG Engine               - isFullScreenFromStart: false
10:50:06.730 [FXGL Background Thread 3 ] DEBUG Engine               - isGameMenuEnabled: true
10:50:06.730 [FXGL Background Thread 3 ] DEBUG Engine               - isIOS: false
10:50:06.730 [FXGL Background Thread 3 ] DEBUG Engine               - isIntroEnabled: false
10:50:06.730 [FXGL Background Thread 3 ] DEBUG Engine               - isLinux: false
10:50:06.730 [FXGL Background Thread 3 ] DEBUG Engine               - isMac: false
10:50:06.730 [FXGL Background Thread 3 ] DEBUG Engine               - isMainMenuEnabled: true
10:50:06.730 [FXGL Background Thread 3 ] DEBUG Engine               - isManualResizeEnabled: false
10:50:06.730 [FXGL Background Thread 3 ] DEBUG Engine               - isMobile: false
10:50:06.730 [FXGL Background Thread 3 ] DEBUG Engine               - isNative: false
10:50:06.730 [FXGL Background Thread 3 ] DEBUG Engine               - isPauseMusicWhenMinimized: true
10:50:06.730 [FXGL Background Thread 3 ] DEBUG Engine               - isPreserveResizeRatio: false
10:50:06.730 [FXGL Background Thread 3 ] DEBUG Engine               - isProfilingEnabled: false
10:50:06.730 [FXGL Background Thread 3 ] DEBUG Engine               - isScaleAffectedOnResize: true
10:50:06.730 [FXGL Background Thread 3 ] DEBUG Engine               - isSingleStep: false
10:50:06.730 [FXGL Background Thread 3 ] DEBUG Engine               - isUserProfileEnabled: false
10:50:06.730 [FXGL Background Thread 3 ] DEBUG Engine               - isWindows: true
10:50:06.731 [FXGL Background Thread 3 ] DEBUG Engine               - language: ObjectProperty [value: ENGLISH]
10:50:06.731 [FXGL Background Thread 3 ] DEBUG Engine               - menuKey: ESCAPE
10:50:06.731 [FXGL Background Thread 3 ] DEBUG Engine               - mouseSensitivity: 0.2
10:50:06.731 [FXGL Background Thread 3 ] DEBUG Engine               - notificationViewClass: class com.almasb.fxgl.notification.view.XboxNotificationView
10:50:06.731 [FXGL Background Thread 3 ] DEBUG Engine               - pixelsPerMeter: 50.0
10:50:06.731 [FXGL Background Thread 3 ] DEBUG Engine               - platform: WINDOWS
10:50:06.731 [FXGL Background Thread 3 ] DEBUG Engine               - prefHeightProperty: ReadOnlyDoubleProperty [value: 720.0]
10:50:06.731 [FXGL Background Thread 3 ] DEBUG Engine               - prefWidthProperty: ReadOnlyDoubleProperty [value: 1400.0]
10:50:06.731 [FXGL Background Thread 3 ] DEBUG Engine               - profileDir: profiles/
10:50:06.731 [FXGL Background Thread 3 ] DEBUG Engine               - profileName: StringProperty [value: DEFAULT]
10:50:06.731 [FXGL Background Thread 3 ] DEBUG Engine               - randomSeed: -1
10:50:06.731 [FXGL Background Thread 3 ] DEBUG Engine               - runtimeInfo: RuntimeInfo(platform=WINDOWS, version=17.1, build=24.03.2022 17.34)
10:50:06.731 [FXGL Background Thread 3 ] DEBUG Engine               - saveFileExt: sav
10:50:06.732 [FXGL Background Thread 3 ] DEBUG Engine               - scaledHeightProp$fxgl: DoubleProperty [bound, value: 720.0]
10:50:06.732 [FXGL Background Thread 3 ] DEBUG Engine               - scaledWidthProp$fxgl: DoubleProperty [bound, value: 1400.0]
10:50:06.732 [FXGL Background Thread 3 ] DEBUG Engine               - sceneFactory: com.almasb.fxglgames.platformer.PlatformerApp$1@4ff6a66c
10:50:06.732 [FXGL Background Thread 3 ] DEBUG Engine               - secondsIn24h: 60
10:50:06.732 [FXGL Background Thread 3 ] DEBUG Engine               - soundMenuBack: menu/back.wav
10:50:06.732 [FXGL Background Thread 3 ] DEBUG Engine               - soundMenuPress: menu/press.wav
10:50:06.732 [FXGL Background Thread 3 ] DEBUG Engine               - soundMenuSelect: menu/select.wav
10:50:06.732 [FXGL Background Thread 3 ] DEBUG Engine               - soundNotification: core/notification.wav
10:50:06.732 [FXGL Background Thread 3 ] DEBUG Engine               - stageStyle: DECORATED
10:50:06.732 [FXGL Background Thread 3 ] DEBUG Engine               - supportedLanguages: [ENGLISH, FRENCH, GERMAN, HUNGARIAN, RUSSIAN]
10:50:06.732 [FXGL Background Thread 3 ] DEBUG Engine               - ticksPerSecond: -1
10:50:06.732 [FXGL Background Thread 3 ] DEBUG Engine               - title: Miguel
10:50:06.732 [FXGL Background Thread 3 ] DEBUG Engine               - urlGithub: https://github.com/AlmasB/FXGL
10:50:06.732 [FXGL Background Thread 3 ] DEBUG Engine               - urlLeaderboard: http://fxgl-top.herokuapp.com/
10:50:06.732 [FXGL Background Thread 3 ] DEBUG Engine               - urlPOM: https://raw.githubusercontent.com/AlmasB/FXGL/release/README.md
10:50:06.732 [FXGL Background Thread 3 ] DEBUG Engine               - userAppClass: class com.almasb.fxglgames.platformer.PlatformerApp
10:50:06.732 [FXGL Background Thread 3 ] DEBUG Engine               - version: 1.0
10:50:06.732 [FXGL Background Thread 3 ] DEBUG Engine               - versionCheckDays: 7
10:50:06.732 [FXGL Background Thread 3 ] DEBUG Engine               - width: 1400
10:50:06.732 [FXGL Background Thread 3 ] DEBUG Engine               - Logging services
10:50:06.732 [FXGL Background Thread 3 ] DEBUG Engine               - class com.almasb.fxgl.app.services.FXGLAssetLoaderService
10:50:06.732 [FXGL Background Thread 3 ] DEBUG Engine               - class com.almasb.fxgl.app.FXGLApplication$GameApplicationService
10:50:06.732 [FXGL Background Thread 3 ] DEBUG Engine               - class com.almasb.fxgl.app.services.FXGLDialogService
10:50:06.732 [FXGL Background Thread 3 ] DEBUG Engine               - class com.almasb.fxgl.app.services.IOTaskExecutorService
10:50:06.732 [FXGL Background Thread 3 ] DEBUG Engine               - class com.almasb.fxgl.io.FileSystemService
10:50:06.732 [FXGL Background Thread 3 ] DEBUG Engine               - class com.almasb.fxgl.localization.LocalizationService
10:50:06.732 [FXGL Background Thread 3 ] DEBUG Engine               - class com.almasb.fxgl.app.services.SystemBundleService
10:50:06.732 [FXGL Background Thread 3 ] DEBUG Engine               - class com.almasb.fxgl.profile.SaveLoadService
10:50:06.732 [FXGL Background Thread 3 ] DEBUG Engine               - class com.almasb.fxgl.ui.FXGLUIFactoryServiceProvider
10:50:06.732 [FXGL Background Thread 3 ] DEBUG Engine               - class com.almasb.fxgl.ui.FXGLDialogFactoryServiceProvider
10:50:06.733 [FXGL Background Thread 3 ] DEBUG Engine               - class com.almasb.fxgl.audio.AudioPlayer
10:50:06.733 [FXGL Background Thread 3 ] DEBUG Engine               - class com.almasb.fxgl.notification.impl.NotificationServiceProvider
10:50:06.733 [FXGL Background Thread 3 ] DEBUG Engine               - class com.almasb.fxgl.achievement.AchievementService
10:50:06.733 [FXGL Background Thread 3 ] DEBUG Engine               - class com.almasb.fxgl.cutscene.CutsceneService
10:50:06.733 [FXGL Background Thread 3 ] DEBUG Engine               - class com.almasb.fxgl.minigames.MiniGameService
10:50:06.733 [FXGL Background Thread 3 ] DEBUG Engine               - class com.almasb.fxgl.net.NetService
10:50:06.733 [FXGL Background Thread 3 ] DEBUG Engine               - class com.almasb.fxgl.app.services.UpdaterService
10:50:06.733 [FXGL Background Thread 3 ] DEBUG Engine               - class com.almasb.fxgl.dev.DevService
10:50:10.138 [JavaFX Application Thread] DEBUG Menu                 - fireNewGame()
10:50:10.138 [JavaFX Application Thread] DEBUG GameApplicationServi - Starting new game
10:50:10.140 [JavaFX Application Thread] DEBUG PrimaryStageWindow   - Pop state: FXGLDefaultMenu
10:50:10.140 [JavaFX Application Thread] DEBUG Input                - Clearing active input actions
10:50:10.141 [JavaFX Application Thread] DEBUG GameApplicationServi - Removing overlay from FXGLDefaultMenu and adding to FXGLMainMenuDummyScene
10:50:10.141 [JavaFX Application Thread] DEBUG PrimaryStageWindow   - FXGLMainMenuDummyScene <- FXGLDefaultMenu
10:50:10.141 [JavaFX Application Thread] DEBUG Input                - Clearing active input actions
10:50:10.146 [JavaFX Application Thread] DEBUG GameApplicationServi - Removing overlay from FXGLMainMenuDummyScene and adding to MainLoadingScene
10:50:10.146 [JavaFX Application Thread] DEBUG PrimaryStageWindow   - FXGLMainMenuDummyScene -> MainLoadingScene
10:50:10.146 [JavaFX Application Thread] DEBUG GameApplicationServi - Clearing previous game
10:50:10.146 [JavaFX Application Thread] DEBUG GameScene            - Clearing game scene
10:50:10.147 [JavaFX Application Thread] DEBUG GameWorld            - Clearing game world
10:50:10.147 [JavaFX Application Thread] DEBUG PhysicsWorld         - Clearing physics world
10:50:10.148 [FXGL Background Thread 2 ] DEBUG FXGLApplication      - Initializing game
10:50:10.173 [FXGL Background Thread 2 ] WARN  TMXLevelLoader       - TiledMap generated from 1.10.0. Supported version: 1.4.2. Some features may not be parsed fully.
10:50:10.177 [FXGL Background Thread 2 ] DEBUG TMXLevelLoader       - Parsed TiledMap: file:/C:/ipose-groep-4/target/classes/assets/levels/tmx/level1.tmx
10:50:10.178 [FXGL Background Thread 2 ] DEBUG TMXLevelLoader       - Creating tile layer entities
10:50:10.179 [FXGL Background Thread 2 ] DEBUG TilesetLoader        - Loading view for layer Tile Layer 1
10:50:10.181 [FXGL Background Thread 2 ] DEBUG TilesetLoader        - Created buffer with size 2100.0x700.0
10:50:10.194 [FXGL Background Thread 2 ] DEBUG TMXLevelLoader       - Creating object layer entities
10:50:10.207 [FXGL Background Thread 2 ] DEBUG GameWorld            - Clearing removable entities
10:50:10.207 [FXGL Background Thread 2 ] DEBUG GameWorld            - Setting level: com.almasb.fxgl.entity.level.Level@21999c59
10:50:10.221 [FXGL Background Thread 2 ] DEBUG FXGLAssetLoaderServi - Loading from file system: file:/C:/ipose-groep-4/target/classes/assets/textures/trump.png
10:50:10.238 [FXGL Background Thread 2 ] DEBUG FXGLAssetLoaderServi - Loading from file system: file:/C:/ipose-groep-4/target/classes/assets/textures/background/forest.png
10:50:10.253 [FXGL Background Thread 2 ] INFO  FXGLApplication      - Game initialization took: 0,105 sec
10:50:10.253 [JavaFX Application Thread] DEBUG Input                - Clearing active input actions
10:50:10.256 [JavaFX Application Thread] DEBUG GameApplicationServi - Removing overlay from MainLoadingScene and adding to GameScene
10:50:10.256 [JavaFX Application Thread] DEBUG PrimaryStageWindow   - MainLoadingScene -> GameScene
10:50:23.470 [JavaFX Application Thread] DEBUG PrimaryStageWindow   - Push state: DialogSubScene
10:50:23.470 [JavaFX Application Thread] DEBUG Input                - Clearing active input actions
10:50:23.471 [JavaFX Application Thread] DEBUG GameApplicationServi - Removing overlay from GameScene and adding to DialogSubScene
10:50:23.471 [JavaFX Application Thread] DEBUG PrimaryStageWindow   - GameScene -> DialogSubScene
10:50:25.852 [JavaFX Application Thread] DEBUG PrimaryStageWindow   - Pop state: DialogSubScene
10:50:25.853 [JavaFX Application Thread] DEBUG Input                - Clearing active input actions
10:50:25.853 [JavaFX Application Thread] DEBUG GameApplicationServi - Removing overlay from DialogSubScene and adding to GameScene
10:50:25.853 [JavaFX Application Thread] DEBUG PrimaryStageWindow   - GameScene <- DialogSubScene
10:50:25.853 [JavaFX Application Thread] DEBUG GameApplicationServi - Starting new game
10:50:25.853 [JavaFX Application Thread] DEBUG Input                - Clearing active input actions
10:50:25.857 [JavaFX Application Thread] DEBUG GameApplicationServi - Removing overlay from GameScene and adding to MainLoadingScene
10:50:25.857 [JavaFX Application Thread] DEBUG PrimaryStageWindow   - GameScene -> MainLoadingScene
10:50:25.857 [JavaFX Application Thread] DEBUG GameApplicationServi - Clearing previous game
10:50:25.857 [JavaFX Application Thread] DEBUG GameScene            - Clearing game scene
10:50:25.857 [JavaFX Application Thread] DEBUG GameWorld            - Clearing game world
10:50:25.859 [JavaFX Application Thread] DEBUG PhysicsWorld         - Clearing physics world
10:50:25.859 [FXGL Background Thread 2 ] DEBUG FXGLApplication      - Initializing game
10:50:25.861 [FXGL Background Thread 2 ] WARN  TMXLevelLoader       - TiledMap generated from 1.10.0. Supported version: 1.4.2. Some features may not be parsed fully.
10:50:25.863 [FXGL Background Thread 2 ] DEBUG TMXLevelLoader       - Parsed TiledMap: file:/C:/ipose-groep-4/target/classes/assets/levels/tmx/level1.tmx
10:50:25.863 [FXGL Background Thread 2 ] DEBUG TMXLevelLoader       - Creating tile layer entities
10:50:25.863 [FXGL Background Thread 2 ] DEBUG TilesetLoader        - Loading view for layer Tile Layer 1
10:50:25.867 [FXGL Background Thread 2 ] DEBUG TilesetLoader        - Created buffer with size 2100.0x700.0
10:50:25.880 [FXGL Background Thread 2 ] DEBUG TMXLevelLoader       - Creating object layer entities
10:50:25.881 [FXGL Background Thread 2 ] DEBUG GameWorld            - Clearing removable entities
10:50:25.881 [FXGL Background Thread 2 ] DEBUG GameWorld            - Setting level: com.almasb.fxgl.entity.level.Level@63409671
10:50:25.885 [FXGL Background Thread 2 ] INFO  FXGLApplication      - Game initialization took: 0,026 sec
10:50:25.885 [JavaFX Application Thread] DEBUG Input                - Clearing active input actions
10:50:25.888 [JavaFX Application Thread] DEBUG GameApplicationServi - Removing overlay from MainLoadingScene and adding to GameScene
10:50:25.888 [JavaFX Application Thread] DEBUG PrimaryStageWindow   - MainLoadingScene -> GameScene
10:50:28.551 [JavaFX Application Thread] DEBUG FXGLApplication      - Exiting FXGL
10:50:28.552 [JavaFX Application Thread] DEBUG LoopRunner           - Stopping loop
10:50:28.552 [JavaFX Application Thread] DEBUG SystemBundleService  - Saving FXGL system data
10:50:28.553 [JavaFX Application Thread] DEBUG FileSystemAccess     - Writing to: C:\ipose-groep-4\system\fxgl.bundle
10:50:28.555 [JavaFX Application Thread] DEBUG Async                - Shutting down background threads
10:50:28.555 [JavaFX Application Thread] DEBUG PrimaryStageWindow   - Closing main window
10:50:28.566 [JavaFX Application Thread] DEBUG Logger               - Closing Logger
