18:03:29.623 [main                     ] DEBUG Logger               - Configured Logger
18:03:29.647 [main                     ] DEBUG GameApplication      - Logging settings
Title: Miguel
Version: 1.0
Width: 1280
Height: 720
Fullscreen: false
Intro: false
Profiling: false
Single step:false
App Mode: DEVELOPER
Menu Key: ESCAPE
Stage Style: DECORATED
Scene Factory: class com.almasb.fxglgames.platformer.PlatformerApp$1

18:03:30.075 [JavaFX Application Thread] DEBUG FXGLApplication      - Initializing FXGL
18:03:30.079 [JavaFX Application Thread] INFO  Engine               - FXGL-17.1 (24.03.2022 17.34) on WINDOWS (J:19.0.1 FX:19-ea)
18:03:30.079 [JavaFX Application Thread] DEBUG Engine               - JRE Vendor Name: Oracle Corporation
18:03:30.079 [JavaFX Application Thread] DEBUG Engine               - Running on OS: Windows 10 version 10.0
18:03:30.080 [JavaFX Application Thread] DEBUG Engine               - Architecture: amd64
18:03:30.080 [JavaFX Application Thread] INFO  Engine               - Source code and latest versions at: https://github.com/AlmasB/FXGL
18:03:30.080 [JavaFX Application Thread] INFO  Engine               -       Ask questions and discuss at: https://github.com/AlmasB/FXGL/discussions
18:03:30.080 [JavaFX Application Thread] INFO  Engine               -              Join the FXGL chat at: https://gitter.im/AlmasB/FXGL
18:03:30.156 [JavaFX Application Thread] DEBUG PrimaryStageWindow   - Creating a JavaFX scene
18:03:30.194 [JavaFX Application Thread] DEBUG PrimaryStageWindow   - Target settings size: 1280.0 x 720.0
18:03:30.194 [JavaFX Application Thread] DEBUG PrimaryStageWindow   - Scaled scene size:    1280.0 x 720.0
18:03:30.194 [JavaFX Application Thread] DEBUG PrimaryStageWindow   - Scaled ratio: (1.0, 1.0)
18:03:30.195 [JavaFX Application Thread] DEBUG PrimaryStageWindow   - Set initial scene to FXGLStartupScene
18:03:30.201 [JavaFX Application Thread] DEBUG PrimaryStageWindow   - Opening main window
18:03:30.275 [JavaFX Application Thread] DEBUG PrimaryStageWindow   - Window border size: (14.4000244140625, 37.5999755859375)
18:03:30.275 [JavaFX Application Thread] DEBUG PrimaryStageWindow   - Scaled size: 1280.0 x 720.0
18:03:30.275 [JavaFX Application Thread] DEBUG PrimaryStageWindow   - Scaled ratio: (1.0, 1.0)
18:03:30.276 [JavaFX Application Thread] DEBUG PrimaryStageWindow   - Scene size: 1280.0 x 720.0
18:03:30.276 [JavaFX Application Thread] DEBUG PrimaryStageWindow   - Stage size: 1294.4000244140625 x 757.5999755859375
18:03:30.282 [FXGL Background Thread 1 ] DEBUG Engine               - Initializing environment variables
18:03:30.330 [FXGL Background Thread 1 ] DEBUG FXGLAssetLoaderServi - User app class for loading assets: class com.almasb.fxglgames.platformer.PlatformerApp
18:03:30.330 [FXGL Background Thread 1 ] DEBUG GameApplicationServi - Applying CSS: fxgl_dark.css
18:03:30.331 [FXGL Background Thread 1 ] DEBUG FXGLAssetLoaderServi - Loading from file system: jar:file:///C:/Users/koenm/.m2/repository/com/github/almasb/fxgl/17.1/fxgl-17.1.jar!/fxglassets/ui/css/fxgl_dark.css
18:03:30.371 [FXGL Background Thread 1 ] DEBUG GameApplicationServi - Initializing application scenes
18:03:30.410 [FXGL Background Thread 1 ] DEBUG FXGLAssetLoaderServi - Loading from file system: file:/C:/Users/koenm/Documents/GitHub/ipose-groep-4/target/classes/assets/textures/player.png
18:03:30.427 [FXGL Background Thread 1 ] DEBUG GameWorld            - Game world initialized
18:03:30.477 [FXGL Background Thread 1 ] DEBUG PhysicsWorld         - Physics world initialized: appHeight=720, physics.ppm=50,0
18:03:30.478 [FXGL Background Thread 1 ] DEBUG PhysicsWorld         - Using strategy: BRUTE_FORCE
18:03:30.481 [FXGL Background Thread 1 ] DEBUG GameScene            - Game scene initialized: 1280x720
18:03:30.488 [FXGL Background Thread 1 ] DEBUG FXGL.DefaultMenu     - createMenuBodyGameMenu()
18:03:30.502 [FXGL Background Thread 1 ] DEBUG FXGL.DefaultMenu     - createOptionsMenu()
18:03:30.512 [FXGL Background Thread 1 ] DEBUG FXGLAssetLoaderServi - Loading from file system: jar:file:///C:/Users/koenm/.m2/repository/com/github/almasb/fxgl/17.1/fxgl-17.1.jar!/fxglassets/textures/particles/smoke.png
18:03:30.597 [FXGL Background Thread 1 ] DEBUG FXGLAssetLoaderServi - Loading from file system: jar:file:///C:/Users/koenm/.m2/repository/com/github/almasb/fxgl/17.1/fxgl-17.1.jar!/fxglassets/textures/particles/trace_horizontal.png
18:03:30.663 [FXGL Background Thread 1 ] DEBUG GameApplicationServi - Application scenes initialized
18:03:30.674 [FXGL Background Thread 1 ] DEBUG SystemBundleService  - Loading FXGL system data
18:03:30.677 [FXGL Background Thread 1 ] DEBUG FileSystemAccess     - Reading from: C:\Users\koenm\Documents\GitHub\ipose-groep-4\system\fxgl.bundle
18:03:30.685 [FXGL Background Thread 1 ] DEBUG SystemBundleService  - Bundle FXGL: {}
18:03:30.685 [FXGL Background Thread 1 ] DEBUG UpdaterService       - Checking for updates
18:03:30.690 [FXGL Background Thread 4 ] DEBUG FXGLApplication      - Loading fonts
18:03:30.691 [FXGL Background Thread 1 ] DEBUG FXGLApplication      - Loading default localization
18:03:30.691 [FXGL Background Thread 4 ] DEBUG FXGLAssetLoaderServi - Loading from file system: jar:file:///C:/Users/koenm/.m2/repository/com/github/almasb/fxgl/17.1/fxgl-17.1.jar!/fxglassets/ui/fonts/VarelaRound-Regular.ttf
18:03:30.691 [FXGL Background Thread 1 ] DEBUG FXGLAssetLoaderServi - Loading from file system: jar:file:///C:/Users/koenm/.m2/repository/com/github/almasb/fxgl/17.1/fxgl-17.1.jar!/fxglassets/languages/english.lang
18:03:30.717 [FXGL Background Thread 1 ] INFO  FXGLApplication      - FXGL initialization took: 0,435 sec
18:03:30.728 [JavaFX Application Thread] DEBUG Input                - Registered new binding: Left - A
18:03:30.728 [JavaFX Application Thread] DEBUG Input                - Registered new binding: Right - D
18:03:30.728 [JavaFX Application Thread] DEBUG Input                - Registered new binding: Jump - W
18:03:30.728 [JavaFX Application Thread] DEBUG Input                - Registered new binding: Use - E
18:03:30.729 [JavaFX Application Thread] DEBUG FXGLAssetLoaderServi - Loading from file system: file:/C:/Users/koenm/Documents/GitHub/ipose-groep-4/target/classes/assets/music/BGM_dash_runner.wav
18:03:30.774 [FXGL Background Thread 4 ] DEBUG FXGLAssetLoaderServi - Loading from file system: jar:file:///C:/Users/koenm/.m2/repository/com/github/almasb/fxgl/17.1/fxgl-17.1.jar!/fxglassets/ui/fonts/Abel-Regular.ttf
18:03:30.778 [FXGL Background Thread 4 ] DEBUG FXGLAssetLoaderServi - Loading from file system: jar:file:///C:/Users/koenm/.m2/repository/com/github/almasb/fxgl/17.1/fxgl-17.1.jar!/fxglassets/ui/fonts/TerminalLandMono-Regular.otf
18:03:30.782 [FXGL Background Thread 4 ] DEBUG FXGLAssetLoaderServi - Loading from file system: jar:file:///C:/Users/koenm/.m2/repository/com/github/almasb/fxgl/17.1/fxgl-17.1.jar!/fxglassets/ui/fonts/Courier-Prime.ttf
18:03:30.896 [JavaFX Application Thread] DEBUG AudioPlayer          - Playing music com.almasb.fxgl.audio.Music@4c8e43e2
18:03:30.897 [JavaFX Application Thread] DEBUG FXGLAssetLoaderServi - Loading from file system: jar:file:///C:/Users/koenm/.m2/repository/com/github/almasb/fxgl/17.1/fxgl-17.1.jar!/fxglassets/textures/fxgl_icon.png
18:03:30.921 [JavaFX Application Thread] DEBUG FXGLAssetLoaderServi - Loading from file system: jar:file:///C:/Users/koenm/.m2/repository/com/github/almasb/fxgl/17.1/fxgl-17.1.jar!/fxglassets/textures/fxgl_default_cursor.png
18:03:30.923 [JavaFX Application Thread] DEBUG Input                - Registered new binding: Screenshot - CTRL+8
18:03:30.924 [JavaFX Application Thread] DEBUG Input                - Registered new binding: System info dump - CTRL+9
18:03:30.924 [JavaFX Application Thread] DEBUG Input                - Registered new binding: Restart - CTRL+R
18:03:30.925 [JavaFX Application Thread] DEBUG Input                - Registered new binding: Toggle Debug Camera - CTRL+7
18:03:30.927 [JavaFX Application Thread] DEBUG LoopRunner           - Starting loop
18:03:30.928 [JavaFX Application Thread] DEBUG LoopRunner           - Initializing JavaFX AnimationTimerLoop
18:03:30.929 [JavaFX Application Thread] DEBUG GameApplicationServi - Starting new game
18:03:30.930 [JavaFX Application Thread] DEBUG Input                - Clearing active input actions
18:03:30.946 [JavaFX Application Thread] DEBUG GameApplicationServi - Removing overlay from FXGLStartupScene and adding to MainLoadingScene
18:03:30.946 [JavaFX Application Thread] DEBUG PrimaryStageWindow   - FXGLStartupScene -> MainLoadingScene
18:03:30.946 [JavaFX Application Thread] DEBUG GameApplicationServi - Clearing previous game
18:03:30.946 [JavaFX Application Thread] DEBUG GameScene            - Clearing game scene
18:03:30.947 [JavaFX Application Thread] DEBUG GameWorld            - Clearing game world
18:03:30.947 [JavaFX Application Thread] DEBUG PhysicsWorld         - Clearing physics world
18:03:30.948 [JavaFX Application Thread] DEBUG FXGLApplication      - Registering font factories with UI factory
18:03:30.948 [FXGL Background Thread 4 ] DEBUG FXGLApplication      - Initializing game
18:03:30.989 [FXGL Background Thread 4 ] WARN  TMXLevelLoader       - TiledMap generated from 1.10.1. Supported version: 1.4.2. Some features may not be parsed fully.
18:03:31.000 [FXGL Background Thread 4 ] DEBUG TMXLevelLoader       - Parsed TiledMap: file:/C:/Users/koenm/Documents/GitHub/ipose-groep-4/target/classes/assets/levels/tmx/level3.tmx
18:03:31.001 [FXGL Background Thread 4 ] DEBUG TMXLevelLoader       - Creating tile layer entities
18:03:31.003 [FXGL Background Thread 4 ] DEBUG TilesetLoader        - Loading view for layer Tile Layer 1
18:03:31.009 [FXGL Background Thread 4 ] DEBUG TilesetLoader        - Created buffer with size 4900.0x700.0
18:03:31.034 [FXGL Background Thread 4 ] DEBUG TMXLevelLoader       - Creating object layer entities
18:03:31.070 [FXGL Background Thread 4 ] DEBUG GameWorld            - Clearing removable entities
18:03:31.070 [FXGL Background Thread 4 ] DEBUG GameWorld            - Setting level: com.almasb.fxgl.entity.level.Level@644858df
18:03:31.094 [FXGL Background Thread 4 ] DEBUG FXGLAssetLoaderServi - Loading from file system: file:/C:/Users/koenm/Documents/GitHub/ipose-groep-4/target/classes/assets/textures/trump.png
18:03:31.136 [FXGL Background Thread 4 ] DEBUG FXGLAssetLoaderServi - Loading from file system: file:/C:/Users/koenm/Documents/GitHub/ipose-groep-4/target/classes/assets/textures/background/forest.png
18:03:31.165 [FXGL Background Thread 4 ] INFO  FXGLApplication      - Game initialization took: 0,217 sec
18:03:31.165 [JavaFX Application Thread] DEBUG Input                - Clearing active input actions
18:03:31.173 [JavaFX Application Thread] DEBUG GameApplicationServi - Removing overlay from MainLoadingScene and adding to GameScene
18:03:31.174 [JavaFX Application Thread] DEBUG PrimaryStageWindow   - MainLoadingScene -> GameScene
18:03:31.292 [FXGL Background Thread 2 ] INFO  UpdaterService       - Your current version:  17.1
18:03:31.293 [FXGL Background Thread 2 ] INFO  UpdaterService       - Latest stable version: 17.3
18:03:33.689 [FXGL Background Thread 3 ] DEBUG Engine               - Logging environment variables
18:03:33.689 [FXGL Background Thread 3 ] DEBUG Engine               - achievements: []
18:03:33.689 [FXGL Background Thread 3 ] DEBUG Engine               - actualHeight: 720.0
18:03:33.689 [FXGL Background Thread 3 ] DEBUG Engine               - actualHeightProperty: ReadOnlyDoubleProperty [value: 720.0]
18:03:33.689 [FXGL Background Thread 3 ] DEBUG Engine               - actualWidth: 1280.0
18:03:33.689 [FXGL Background Thread 3 ] DEBUG Engine               - actualWidthProperty: ReadOnlyDoubleProperty [value: 1280.0]
18:03:33.689 [FXGL Background Thread 3 ] DEBUG Engine               - appIcon: fxgl_icon.png
18:03:33.689 [FXGL Background Thread 3 ] DEBUG Engine               - applicationMode: DEVELOPER
18:03:33.690 [FXGL Background Thread 3 ] DEBUG Engine               - cSSList: [fxgl_dark.css]
18:03:33.690 [FXGL Background Thread 3 ] DEBUG Engine               - collisionDetectionStrategy: BRUTE_FORCE
18:03:33.690 [FXGL Background Thread 3 ] DEBUG Engine               - configClass: Optional.empty
18:03:33.690 [FXGL Background Thread 3 ] DEBUG Engine               - credits: []
18:03:33.690 [FXGL Background Thread 3 ] DEBUG Engine               - defaultCursor: CursorInfo(imageName=fxgl_default_cursor.png, hotspotX=7.0, hotspotY=6.0)
18:03:33.690 [FXGL Background Thread 3 ] DEBUG Engine               - devBBoxColorProperty: ObjectProperty [value: 0xff0000ff]
18:03:33.690 [FXGL Background Thread 3 ] DEBUG Engine               - devEnableDebugCameraProperty: BooleanProperty [value: false]
18:03:33.690 [FXGL Background Thread 3 ] DEBUG Engine               - devSensorColorProperty: ObjectProperty [value: 0xffff00ff]
18:03:33.690 [FXGL Background Thread 3 ] DEBUG Engine               - devShowBBoxProperty: BooleanProperty [value: false]
18:03:33.690 [FXGL Background Thread 3 ] DEBUG Engine               - devShowPositionProperty: BooleanProperty [value: false]
18:03:33.690 [FXGL Background Thread 3 ] DEBUG Engine               - enabledMenuItems: []
18:03:33.690 [FXGL Background Thread 3 ] DEBUG Engine               - engineServices: [class com.almasb.fxgl.app.services.FXGLAssetLoaderService, class com.almasb.fxgl.app.FXGLApplication$GameApplicationService, class com.almasb.fxgl.app.services.FXGLDialogService, class com.almasb.fxgl.app.services.IOTaskExecutorService, class com.almasb.fxgl.io.FileSystemService, class com.almasb.fxgl.localization.LocalizationService, class com.almasb.fxgl.app.services.SystemBundleService, class com.almasb.fxgl.profile.SaveLoadService, class com.almasb.fxgl.ui.FXGLUIFactoryServiceProvider, class com.almasb.fxgl.ui.FXGLDialogFactoryServiceProvider, class com.almasb.fxgl.audio.AudioPlayer, class com.almasb.fxgl.notification.impl.NotificationServiceProvider, class com.almasb.fxgl.achievement.AchievementService, class com.almasb.fxgl.cutscene.CutsceneService, class com.almasb.fxgl.minigames.MiniGameService, class com.almasb.fxgl.net.NetService, class com.almasb.fxgl.app.services.UpdaterService, class com.almasb.fxgl.dev.DevService]
18:03:33.690 [FXGL Background Thread 3 ] DEBUG Engine               - fontGame: Abel-Regular.ttf
18:03:33.690 [FXGL Background Thread 3 ] DEBUG Engine               - fontMono: TerminalLandMono-Regular.otf
18:03:33.691 [FXGL Background Thread 3 ] DEBUG Engine               - fontText: Courier-Prime.ttf
18:03:33.691 [FXGL Background Thread 3 ] DEBUG Engine               - fontUI: VarelaRound-Regular.ttf
18:03:33.691 [FXGL Background Thread 3 ] DEBUG Engine               - fullScreen: BooleanProperty [value: false]
18:03:33.691 [FXGL Background Thread 3 ] DEBUG Engine               - gameDifficulty: MEDIUM
18:03:33.691 [FXGL Background Thread 3 ] DEBUG Engine               - gameDifficultyProperty: ObjectProperty [value: MEDIUM]
18:03:33.691 [FXGL Background Thread 3 ] DEBUG Engine               - globalMusicVolume: 0.5
18:03:33.691 [FXGL Background Thread 3 ] DEBUG Engine               - globalMusicVolumeProperty: DoubleProperty [value: 0.25]
18:03:33.691 [FXGL Background Thread 3 ] DEBUG Engine               - globalSoundVolume: 0.5
18:03:33.691 [FXGL Background Thread 3 ] DEBUG Engine               - globalSoundVolumeProperty: DoubleProperty [value: 0.5]
18:03:33.691 [FXGL Background Thread 3 ] DEBUG Engine               - height: 720
18:03:33.691 [FXGL Background Thread 3 ] DEBUG Engine               - is3D: false
18:03:33.691 [FXGL Background Thread 3 ] DEBUG Engine               - isAndroid: false
18:03:33.691 [FXGL Background Thread 3 ] DEBUG Engine               - isBrowser: false
18:03:33.691 [FXGL Background Thread 3 ] DEBUG Engine               - isClickFeedbackEnabled: false
18:03:33.691 [FXGL Background Thread 3 ] DEBUG Engine               - isCloseConfirmation: false
18:03:33.691 [FXGL Background Thread 3 ] DEBUG Engine               - isDesktop: true
18:03:33.691 [FXGL Background Thread 3 ] DEBUG Engine               - isDeveloperMenuEnabled: false
18:03:33.691 [FXGL Background Thread 3 ] DEBUG Engine               - isEmbedded: false
18:03:33.691 [FXGL Background Thread 3 ] DEBUG Engine               - isEntityPreloadEnabled: true
18:03:33.691 [FXGL Background Thread 3 ] DEBUG Engine               - isExperimentalTiledLargeMap: false
18:03:33.691 [FXGL Background Thread 3 ] DEBUG Engine               - isFileSystemWriteAllowed: true
18:03:33.692 [FXGL Background Thread 3 ] DEBUG Engine               - isFullScreenAllowed: false
18:03:33.692 [FXGL Background Thread 3 ] DEBUG Engine               - isFullScreenFromStart: false
18:03:33.692 [FXGL Background Thread 3 ] DEBUG Engine               - isGameMenuEnabled: true
18:03:33.692 [FXGL Background Thread 3 ] DEBUG Engine               - isIOS: false
18:03:33.692 [FXGL Background Thread 3 ] DEBUG Engine               - isIntroEnabled: false
18:03:33.692 [FXGL Background Thread 3 ] DEBUG Engine               - isLinux: false
18:03:33.692 [FXGL Background Thread 3 ] DEBUG Engine               - isMac: false
18:03:33.692 [FXGL Background Thread 3 ] DEBUG Engine               - isMainMenuEnabled: false
18:03:33.692 [FXGL Background Thread 3 ] DEBUG Engine               - isManualResizeEnabled: false
18:03:33.692 [FXGL Background Thread 3 ] DEBUG Engine               - isMobile: false
18:03:33.692 [FXGL Background Thread 3 ] DEBUG Engine               - isNative: false
18:03:33.692 [FXGL Background Thread 3 ] DEBUG Engine               - isPauseMusicWhenMinimized: true
18:03:33.692 [FXGL Background Thread 3 ] DEBUG Engine               - isPreserveResizeRatio: false
18:03:33.692 [FXGL Background Thread 3 ] DEBUG Engine               - isProfilingEnabled: false
18:03:33.692 [FXGL Background Thread 3 ] DEBUG Engine               - isScaleAffectedOnResize: true
18:03:33.692 [FXGL Background Thread 3 ] DEBUG Engine               - isSingleStep: false
18:03:33.692 [FXGL Background Thread 3 ] DEBUG Engine               - isUserProfileEnabled: false
18:03:33.692 [FXGL Background Thread 3 ] DEBUG Engine               - isWindows: true
18:03:33.692 [FXGL Background Thread 3 ] DEBUG Engine               - language: ObjectProperty [value: ENGLISH]
18:03:33.692 [FXGL Background Thread 3 ] DEBUG Engine               - menuKey: ESCAPE
18:03:33.692 [FXGL Background Thread 3 ] DEBUG Engine               - mouseSensitivity: 0.2
18:03:33.692 [FXGL Background Thread 3 ] DEBUG Engine               - notificationViewClass: class com.almasb.fxgl.notification.view.XboxNotificationView
18:03:33.692 [FXGL Background Thread 3 ] DEBUG Engine               - pixelsPerMeter: 50.0
18:03:33.692 [FXGL Background Thread 3 ] DEBUG Engine               - platform: WINDOWS
18:03:33.692 [FXGL Background Thread 3 ] DEBUG Engine               - prefHeightProperty: ReadOnlyDoubleProperty [value: 720.0]
18:03:33.692 [FXGL Background Thread 3 ] DEBUG Engine               - prefWidthProperty: ReadOnlyDoubleProperty [value: 1280.0]
18:03:33.693 [FXGL Background Thread 3 ] DEBUG Engine               - profileDir: profiles/
18:03:33.693 [FXGL Background Thread 3 ] DEBUG Engine               - profileName: StringProperty [value: DEFAULT]
18:03:33.693 [FXGL Background Thread 3 ] DEBUG Engine               - randomSeed: -1
18:03:33.693 [FXGL Background Thread 3 ] DEBUG Engine               - runtimeInfo: RuntimeInfo(platform=WINDOWS, version=17.1, build=24.03.2022 17.34)
18:03:33.693 [FXGL Background Thread 3 ] DEBUG Engine               - saveFileExt: sav
18:03:33.693 [FXGL Background Thread 3 ] DEBUG Engine               - scaledHeightProp$fxgl: DoubleProperty [bound, value: 720.0]
18:03:33.693 [FXGL Background Thread 3 ] DEBUG Engine               - scaledWidthProp$fxgl: DoubleProperty [bound, value: 1280.0]
18:03:33.693 [FXGL Background Thread 3 ] DEBUG Engine               - sceneFactory: com.almasb.fxglgames.platformer.PlatformerApp$1@1e60249a
18:03:33.693 [FXGL Background Thread 3 ] DEBUG Engine               - secondsIn24h: 60
18:03:33.693 [FXGL Background Thread 3 ] DEBUG Engine               - soundMenuBack: menu/back.wav
18:03:33.693 [FXGL Background Thread 3 ] DEBUG Engine               - soundMenuPress: menu/press.wav
18:03:33.693 [FXGL Background Thread 3 ] DEBUG Engine               - soundMenuSelect: menu/select.wav
18:03:33.693 [FXGL Background Thread 3 ] DEBUG Engine               - soundNotification: core/notification.wav
18:03:33.693 [FXGL Background Thread 3 ] DEBUG Engine               - stageStyle: DECORATED
18:03:33.693 [FXGL Background Thread 3 ] DEBUG Engine               - supportedLanguages: [ENGLISH, FRENCH, GERMAN, HUNGARIAN, RUSSIAN]
18:03:33.693 [FXGL Background Thread 3 ] DEBUG Engine               - ticksPerSecond: -1
18:03:33.693 [FXGL Background Thread 3 ] DEBUG Engine               - title: Miguel
18:03:33.693 [FXGL Background Thread 3 ] DEBUG Engine               - urlGithub: https://github.com/AlmasB/FXGL
18:03:33.694 [FXGL Background Thread 3 ] DEBUG Engine               - urlLeaderboard: http://fxgl-top.herokuapp.com/
18:03:33.694 [FXGL Background Thread 3 ] DEBUG Engine               - urlPOM: https://raw.githubusercontent.com/AlmasB/FXGL/release/README.md
18:03:33.694 [FXGL Background Thread 3 ] DEBUG Engine               - userAppClass: class com.almasb.fxglgames.platformer.PlatformerApp
18:03:33.694 [FXGL Background Thread 3 ] DEBUG Engine               - version: 1.0
18:03:33.694 [FXGL Background Thread 3 ] DEBUG Engine               - versionCheckDays: 7
18:03:33.694 [FXGL Background Thread 3 ] DEBUG Engine               - width: 1280
18:03:33.694 [FXGL Background Thread 3 ] DEBUG Engine               - Logging services
18:03:33.694 [FXGL Background Thread 3 ] DEBUG Engine               - class com.almasb.fxgl.app.services.FXGLAssetLoaderService
18:03:33.694 [FXGL Background Thread 3 ] DEBUG Engine               - class com.almasb.fxgl.app.FXGLApplication$GameApplicationService
18:03:33.694 [FXGL Background Thread 3 ] DEBUG Engine               - class com.almasb.fxgl.app.services.FXGLDialogService
18:03:33.694 [FXGL Background Thread 3 ] DEBUG Engine               - class com.almasb.fxgl.app.services.IOTaskExecutorService
18:03:33.694 [FXGL Background Thread 3 ] DEBUG Engine               - class com.almasb.fxgl.io.FileSystemService
18:03:33.694 [FXGL Background Thread 3 ] DEBUG Engine               - class com.almasb.fxgl.localization.LocalizationService
18:03:33.694 [FXGL Background Thread 3 ] DEBUG Engine               - class com.almasb.fxgl.app.services.SystemBundleService
18:03:33.694 [FXGL Background Thread 3 ] DEBUG Engine               - class com.almasb.fxgl.profile.SaveLoadService
18:03:33.694 [FXGL Background Thread 3 ] DEBUG Engine               - class com.almasb.fxgl.ui.FXGLUIFactoryServiceProvider
18:03:33.694 [FXGL Background Thread 3 ] DEBUG Engine               - class com.almasb.fxgl.ui.FXGLDialogFactoryServiceProvider
18:03:33.694 [FXGL Background Thread 3 ] DEBUG Engine               - class com.almasb.fxgl.audio.AudioPlayer
18:03:33.694 [FXGL Background Thread 3 ] DEBUG Engine               - class com.almasb.fxgl.notification.impl.NotificationServiceProvider
18:03:33.694 [FXGL Background Thread 3 ] DEBUG Engine               - class com.almasb.fxgl.achievement.AchievementService
18:03:33.694 [FXGL Background Thread 3 ] DEBUG Engine               - class com.almasb.fxgl.cutscene.CutsceneService
18:03:33.694 [FXGL Background Thread 3 ] DEBUG Engine               - class com.almasb.fxgl.minigames.MiniGameService
18:03:33.694 [FXGL Background Thread 3 ] DEBUG Engine               - class com.almasb.fxgl.net.NetService
18:03:33.694 [FXGL Background Thread 3 ] DEBUG Engine               - class com.almasb.fxgl.app.services.UpdaterService
18:03:33.694 [FXGL Background Thread 3 ] DEBUG Engine               - class com.almasb.fxgl.dev.DevService
18:03:48.741 [JavaFX Application Thread] DEBUG PrimaryStageWindow   - Push state: DialogSubScene
18:03:48.741 [JavaFX Application Thread] DEBUG Input                - Clearing active input actions
18:03:48.744 [JavaFX Application Thread] DEBUG GameApplicationServi - Removing overlay from GameScene and adding to DialogSubScene
18:03:48.744 [JavaFX Application Thread] DEBUG PrimaryStageWindow   - GameScene -> DialogSubScene
18:03:50.308 [JavaFX Application Thread] DEBUG FXGLApplication      - Exiting FXGL
18:03:50.309 [JavaFX Application Thread] DEBUG LoopRunner           - Stopping loop
18:03:50.309 [JavaFX Application Thread] DEBUG SystemBundleService  - Saving FXGL system data
18:03:50.310 [JavaFX Application Thread] DEBUG FileSystemAccess     - Writing to: C:\Users\koenm\Documents\GitHub\ipose-groep-4\system\fxgl.bundle
18:03:50.312 [JavaFX Application Thread] DEBUG Async                - Shutting down background threads
18:03:50.312 [JavaFX Application Thread] DEBUG PrimaryStageWindow   - Closing main window
18:03:50.325 [JavaFX Application Thread] DEBUG Logger               - Closing Logger
