18:09:37.830 [main                     ] DEBUG Logger               - Configured Logger
18:09:37.880 [main                     ] DEBUG GameApplication      - Logging settings
Title: Miguel
Version: 1.0
Width: 1280
Height: 720
Fullscreen: false
Intro: false
Profiling: false
Single step:false
App Mode: DEVELOPER
Menu Key: ESCAPE
Stage Style: DECORATED
Scene Factory: class com.almasb.fxglgames.platformer.PlatformerApp$1

18:09:38.732 [JavaFX Application Thread] DEBUG FXGLApplication      - Initializing FXGL
18:09:38.745 [JavaFX Application Thread] INFO  Engine               - FXGL-17.1 (24.03.2022 17.34) on WINDOWS (J:19.0.1 FX:19-ea)
18:09:38.747 [JavaFX Application Thread] DEBUG Engine               - JRE Vendor Name: Oracle Corporation
18:09:38.747 [JavaFX Application Thread] DEBUG Engine               - Running on OS: Windows 10 version 10.0
18:09:38.747 [JavaFX Application Thread] DEBUG Engine               - Architecture: amd64
18:09:38.747 [JavaFX Application Thread] INFO  Engine               - Source code and latest versions at: https://github.com/AlmasB/FXGL
18:09:38.748 [JavaFX Application Thread] INFO  Engine               -       Ask questions and discuss at: https://github.com/AlmasB/FXGL/discussions
18:09:38.748 [JavaFX Application Thread] INFO  Engine               -              Join the FXGL chat at: https://gitter.im/AlmasB/FXGL
18:09:38.907 [JavaFX Application Thread] DEBUG PrimaryStageWindow   - Creating a JavaFX scene
18:09:38.971 [JavaFX Application Thread] DEBUG PrimaryStageWindow   - Target settings size: 1280.0 x 720.0
18:09:38.971 [JavaFX Application Thread] DEBUG PrimaryStageWindow   - Scaled scene size:    1280.0 x 720.0
18:09:38.971 [JavaFX Application Thread] DEBUG PrimaryStageWindow   - Scaled ratio: (1.0, 1.0)
18:09:38.972 [JavaFX Application Thread] DEBUG PrimaryStageWindow   - Set initial scene to FXGLStartupScene
18:09:38.984 [JavaFX Application Thread] DEBUG PrimaryStageWindow   - Opening main window
18:09:39.180 [JavaFX Application Thread] DEBUG PrimaryStageWindow   - Window border size: (14.4000244140625, 37.5999755859375)
18:09:39.180 [JavaFX Application Thread] DEBUG PrimaryStageWindow   - Scaled size: 1280.0 x 720.0
18:09:39.180 [JavaFX Application Thread] DEBUG PrimaryStageWindow   - Scaled ratio: (1.0, 1.0)
18:09:39.181 [JavaFX Application Thread] DEBUG PrimaryStageWindow   - Scene size: 1280.0 x 720.0
18:09:39.182 [JavaFX Application Thread] DEBUG PrimaryStageWindow   - Stage size: 1294.4000244140625 x 757.5999755859375
18:09:39.196 [FXGL Background Thread 1 ] DEBUG Engine               - Initializing environment variables
18:09:39.268 [FXGL Background Thread 1 ] DEBUG FXGLAssetLoaderServi - User app class for loading assets: class com.almasb.fxglgames.platformer.PlatformerApp
18:09:39.268 [FXGL Background Thread 1 ] DEBUG GameApplicationServi - Applying CSS: fxgl_dark.css
18:09:39.269 [FXGL Background Thread 1 ] DEBUG FXGLAssetLoaderServi - Loading from file system: jar:file:///C:/Users/koenm/.m2/repository/com/github/almasb/fxgl/17.1/fxgl-17.1.jar!/fxglassets/ui/css/fxgl_dark.css
18:09:39.337 [FXGL Background Thread 1 ] DEBUG GameApplicationServi - Initializing application scenes
18:09:39.407 [FXGL Background Thread 1 ] DEBUG FXGLAssetLoaderServi - Loading from file system: file:/C:/Users/koenm/Documents/GitHub/ipose-groep-4/target/classes/assets/textures/player.png
18:09:39.442 [FXGL Background Thread 1 ] DEBUG GameWorld            - Game world initialized
18:09:39.529 [FXGL Background Thread 1 ] DEBUG PhysicsWorld         - Physics world initialized: appHeight=720, physics.ppm=50,0
18:09:39.529 [FXGL Background Thread 1 ] DEBUG PhysicsWorld         - Using strategy: BRUTE_FORCE
18:09:39.535 [FXGL Background Thread 1 ] DEBUG GameScene            - Game scene initialized: 1280x720
18:09:39.553 [FXGL Background Thread 1 ] DEBUG FXGL.DefaultMenu     - createMenuBodyGameMenu()
18:09:39.581 [FXGL Background Thread 1 ] DEBUG FXGL.DefaultMenu     - createOptionsMenu()
18:09:39.594 [FXGL Background Thread 1 ] DEBUG FXGLAssetLoaderServi - Loading from file system: jar:file:///C:/Users/koenm/.m2/repository/com/github/almasb/fxgl/17.1/fxgl-17.1.jar!/fxglassets/textures/particles/smoke.png
18:09:39.720 [FXGL Background Thread 1 ] DEBUG FXGLAssetLoaderServi - Loading from file system: jar:file:///C:/Users/koenm/.m2/repository/com/github/almasb/fxgl/17.1/fxgl-17.1.jar!/fxglassets/textures/particles/trace_horizontal.png
18:09:39.769 [FXGL Background Thread 1 ] DEBUG GameApplicationServi - Application scenes initialized
18:09:39.813 [FXGL Background Thread 1 ] DEBUG SystemBundleService  - Loading FXGL system data
18:09:39.822 [FXGL Background Thread 1 ] DEBUG FileSystemAccess     - Reading from: C:\Users\koenm\Documents\GitHub\ipose-groep-4\system\fxgl.bundle
18:09:39.846 [FXGL Background Thread 1 ] DEBUG SystemBundleService  - Bundle FXGL: {}
18:09:39.846 [FXGL Background Thread 1 ] DEBUG UpdaterService       - Checking for updates
18:09:39.856 [FXGL Background Thread 1 ] DEBUG FXGLApplication      - Loading default localization
18:09:39.857 [FXGL Background Thread 1 ] DEBUG FXGLAssetLoaderServi - Loading from file system: jar:file:///C:/Users/koenm/.m2/repository/com/github/almasb/fxgl/17.1/fxgl-17.1.jar!/fxglassets/languages/english.lang
18:09:39.860 [FXGL Background Thread 4 ] DEBUG FXGLApplication      - Loading fonts
18:09:39.861 [FXGL Background Thread 4 ] DEBUG FXGLAssetLoaderServi - Loading from file system: jar:file:///C:/Users/koenm/.m2/repository/com/github/almasb/fxgl/17.1/fxgl-17.1.jar!/fxglassets/ui/fonts/VarelaRound-Regular.ttf
18:09:39.888 [FXGL Background Thread 1 ] INFO  FXGLApplication      - FXGL initialization took: 0,690 sec
18:09:39.904 [JavaFX Application Thread] DEBUG Input                - Registered new binding: Left - A
18:09:39.905 [JavaFX Application Thread] DEBUG Input                - Registered new binding: Right - D
18:09:39.905 [JavaFX Application Thread] DEBUG Input                - Registered new binding: Jump - W
18:09:39.905 [JavaFX Application Thread] DEBUG Input                - Registered new binding: Use - E
18:09:39.906 [JavaFX Application Thread] DEBUG FXGLAssetLoaderServi - Loading from file system: file:/C:/Users/koenm/Documents/GitHub/ipose-groep-4/target/classes/assets/music/BGM_dash_runner.wav
18:09:40.209 [JavaFX Application Thread] DEBUG AudioPlayer          - Playing music com.almasb.fxgl.audio.Music@5c85bdc0
18:09:40.209 [JavaFX Application Thread] DEBUG FXGLAssetLoaderServi - Loading from file system: jar:file:///C:/Users/koenm/.m2/repository/com/github/almasb/fxgl/17.1/fxgl-17.1.jar!/fxglassets/textures/fxgl_icon.png
18:09:40.247 [JavaFX Application Thread] DEBUG FXGLAssetLoaderServi - Loading from file system: jar:file:///C:/Users/koenm/.m2/repository/com/github/almasb/fxgl/17.1/fxgl-17.1.jar!/fxglassets/textures/fxgl_default_cursor.png
18:09:40.250 [JavaFX Application Thread] DEBUG Input                - Registered new binding: Screenshot - CTRL+8
18:09:40.250 [JavaFX Application Thread] DEBUG Input                - Registered new binding: System info dump - CTRL+9
18:09:40.251 [JavaFX Application Thread] DEBUG Input                - Registered new binding: Restart - CTRL+R
18:09:40.252 [JavaFX Application Thread] DEBUG Input                - Registered new binding: Toggle Debug Camera - CTRL+7
18:09:40.255 [JavaFX Application Thread] DEBUG LoopRunner           - Starting loop
18:09:40.255 [JavaFX Application Thread] DEBUG LoopRunner           - Initializing JavaFX AnimationTimerLoop
18:09:40.257 [JavaFX Application Thread] DEBUG GameApplicationServi - Starting new game
18:09:40.258 [FXGL Background Thread 4 ] DEBUG FXGLAssetLoaderServi - Loading from file system: jar:file:///C:/Users/koenm/.m2/repository/com/github/almasb/fxgl/17.1/fxgl-17.1.jar!/fxglassets/ui/fonts/Abel-Regular.ttf
18:09:40.258 [JavaFX Application Thread] DEBUG Input                - Clearing active input actions
18:09:40.264 [FXGL Background Thread 4 ] DEBUG FXGLAssetLoaderServi - Loading from file system: jar:file:///C:/Users/koenm/.m2/repository/com/github/almasb/fxgl/17.1/fxgl-17.1.jar!/fxglassets/ui/fonts/TerminalLandMono-Regular.otf
18:09:40.271 [FXGL Background Thread 4 ] DEBUG FXGLAssetLoaderServi - Loading from file system: jar:file:///C:/Users/koenm/.m2/repository/com/github/almasb/fxgl/17.1/fxgl-17.1.jar!/fxglassets/ui/fonts/Courier-Prime.ttf
18:09:40.297 [JavaFX Application Thread] DEBUG GameApplicationServi - Removing overlay from FXGLStartupScene and adding to MainLoadingScene
18:09:40.298 [JavaFX Application Thread] DEBUG PrimaryStageWindow   - FXGLStartupScene -> MainLoadingScene
18:09:40.298 [JavaFX Application Thread] DEBUG GameApplicationServi - Clearing previous game
18:09:40.298 [JavaFX Application Thread] DEBUG GameScene            - Clearing game scene
18:09:40.298 [JavaFX Application Thread] DEBUG GameWorld            - Clearing game world
18:09:40.299 [JavaFX Application Thread] DEBUG PhysicsWorld         - Clearing physics world
18:09:40.300 [FXGL Background Thread 4 ] DEBUG FXGLApplication      - Initializing game
18:09:40.405 [FXGL Background Thread 4 ] WARN  TMXLevelLoader       - TiledMap generated from 1.10.1. Supported version: 1.4.2. Some features may not be parsed fully.
18:09:40.422 [FXGL Background Thread 4 ] DEBUG TMXLevelLoader       - Parsed TiledMap: file:/C:/Users/koenm/Documents/GitHub/ipose-groep-4/target/classes/assets/levels/tmx/level3.tmx
18:09:40.424 [FXGL Background Thread 4 ] DEBUG TMXLevelLoader       - Creating tile layer entities
18:09:40.427 [FXGL Background Thread 4 ] DEBUG TilesetLoader        - Loading view for layer Tile Layer 1
18:09:40.436 [FXGL Background Thread 4 ] DEBUG TilesetLoader        - Created buffer with size 4900.0x700.0
18:09:40.491 [JavaFX Application Thread] DEBUG FXGLApplication      - Registering font factories with UI factory
18:09:40.505 [FXGL Background Thread 4 ] DEBUG TMXLevelLoader       - Creating object layer entities
18:09:40.551 [FXGL Background Thread 4 ] DEBUG GameWorld            - Clearing removable entities
18:09:40.551 [FXGL Background Thread 4 ] DEBUG GameWorld            - Setting level: com.almasb.fxgl.entity.level.Level@78ed23
18:09:40.585 [FXGL Background Thread 4 ] DEBUG FXGLAssetLoaderServi - Loading from file system: file:/C:/Users/koenm/Documents/GitHub/ipose-groep-4/target/classes/assets/textures/trump.png
18:09:40.593 [FXGL Background Thread 4 ] DEBUG FXGLAssetLoaderServi - Loading from file system: file:/C:/Users/koenm/Documents/GitHub/ipose-groep-4/target/classes/assets/textures/background/forest.png
18:09:40.643 [FXGL Background Thread 4 ] INFO  FXGLApplication      - Game initialization took: 0,343 sec
18:09:40.664 [JavaFX Application Thread] DEBUG Input                - Clearing active input actions
18:09:40.678 [JavaFX Application Thread] DEBUG GameApplicationServi - Removing overlay from MainLoadingScene and adding to GameScene
18:09:40.678 [JavaFX Application Thread] DEBUG PrimaryStageWindow   - MainLoadingScene -> GameScene
18:09:41.158 [FXGL Background Thread 2 ] INFO  UpdaterService       - Your current version:  17.1
18:09:41.158 [FXGL Background Thread 2 ] INFO  UpdaterService       - Latest stable version: 17.3
18:09:42.853 [FXGL Background Thread 3 ] DEBUG Engine               - Logging environment variables
18:09:42.854 [FXGL Background Thread 3 ] DEBUG Engine               - achievements: []
18:09:42.854 [FXGL Background Thread 3 ] DEBUG Engine               - actualHeight: 720.0
18:09:42.854 [FXGL Background Thread 3 ] DEBUG Engine               - actualHeightProperty: ReadOnlyDoubleProperty [value: 720.0]
18:09:42.855 [FXGL Background Thread 3 ] DEBUG Engine               - actualWidth: 1280.0
18:09:42.855 [FXGL Background Thread 3 ] DEBUG Engine               - actualWidthProperty: ReadOnlyDoubleProperty [value: 1280.0]
18:09:42.855 [FXGL Background Thread 3 ] DEBUG Engine               - appIcon: fxgl_icon.png
18:09:42.855 [FXGL Background Thread 3 ] DEBUG Engine               - applicationMode: DEVELOPER
18:09:42.855 [FXGL Background Thread 3 ] DEBUG Engine               - cSSList: [fxgl_dark.css]
18:09:42.856 [FXGL Background Thread 3 ] DEBUG Engine               - collisionDetectionStrategy: BRUTE_FORCE
18:09:42.856 [FXGL Background Thread 3 ] DEBUG Engine               - configClass: Optional.empty
18:09:42.856 [FXGL Background Thread 3 ] DEBUG Engine               - credits: []
18:09:42.857 [FXGL Background Thread 3 ] DEBUG Engine               - defaultCursor: CursorInfo(imageName=fxgl_default_cursor.png, hotspotX=7.0, hotspotY=6.0)
18:09:42.858 [FXGL Background Thread 3 ] DEBUG Engine               - devBBoxColorProperty: ObjectProperty [value: 0xff0000ff]
18:09:42.858 [FXGL Background Thread 3 ] DEBUG Engine               - devEnableDebugCameraProperty: BooleanProperty [value: false]
18:09:42.858 [FXGL Background Thread 3 ] DEBUG Engine               - devSensorColorProperty: ObjectProperty [value: 0xffff00ff]
18:09:42.858 [FXGL Background Thread 3 ] DEBUG Engine               - devShowBBoxProperty: BooleanProperty [value: false]
18:09:42.858 [FXGL Background Thread 3 ] DEBUG Engine               - devShowPositionProperty: BooleanProperty [value: false]
18:09:42.859 [FXGL Background Thread 3 ] DEBUG Engine               - enabledMenuItems: []
18:09:42.859 [FXGL Background Thread 3 ] DEBUG Engine               - engineServices: [class com.almasb.fxgl.app.services.FXGLAssetLoaderService, class com.almasb.fxgl.app.FXGLApplication$GameApplicationService, class com.almasb.fxgl.app.services.FXGLDialogService, class com.almasb.fxgl.app.services.IOTaskExecutorService, class com.almasb.fxgl.io.FileSystemService, class com.almasb.fxgl.localization.LocalizationService, class com.almasb.fxgl.app.services.SystemBundleService, class com.almasb.fxgl.profile.SaveLoadService, class com.almasb.fxgl.ui.FXGLUIFactoryServiceProvider, class com.almasb.fxgl.ui.FXGLDialogFactoryServiceProvider, class com.almasb.fxgl.audio.AudioPlayer, class com.almasb.fxgl.notification.impl.NotificationServiceProvider, class com.almasb.fxgl.achievement.AchievementService, class com.almasb.fxgl.cutscene.CutsceneService, class com.almasb.fxgl.minigames.MiniGameService, class com.almasb.fxgl.net.NetService, class com.almasb.fxgl.app.services.UpdaterService, class com.almasb.fxgl.dev.DevService]
18:09:42.859 [FXGL Background Thread 3 ] DEBUG Engine               - fontGame: Abel-Regular.ttf
18:09:42.859 [FXGL Background Thread 3 ] DEBUG Engine               - fontMono: TerminalLandMono-Regular.otf
18:09:42.859 [FXGL Background Thread 3 ] DEBUG Engine               - fontText: Courier-Prime.ttf
18:09:42.859 [FXGL Background Thread 3 ] DEBUG Engine               - fontUI: VarelaRound-Regular.ttf
18:09:42.860 [FXGL Background Thread 3 ] DEBUG Engine               - fullScreen: BooleanProperty [value: false]
18:09:42.860 [FXGL Background Thread 3 ] DEBUG Engine               - gameDifficulty: MEDIUM
18:09:42.860 [FXGL Background Thread 3 ] DEBUG Engine               - gameDifficultyProperty: ObjectProperty [value: MEDIUM]
18:09:42.860 [FXGL Background Thread 3 ] DEBUG Engine               - globalMusicVolume: 0.5
18:09:42.860 [FXGL Background Thread 3 ] DEBUG Engine               - globalMusicVolumeProperty: DoubleProperty [value: 0.25]
18:09:42.861 [FXGL Background Thread 3 ] DEBUG Engine               - globalSoundVolume: 0.5
18:09:42.861 [FXGL Background Thread 3 ] DEBUG Engine               - globalSoundVolumeProperty: DoubleProperty [value: 0.5]
18:09:42.861 [FXGL Background Thread 3 ] DEBUG Engine               - height: 720
18:09:42.861 [FXGL Background Thread 3 ] DEBUG Engine               - is3D: false
18:09:42.861 [FXGL Background Thread 3 ] DEBUG Engine               - isAndroid: false
18:09:42.862 [FXGL Background Thread 3 ] DEBUG Engine               - isBrowser: false
18:09:42.862 [FXGL Background Thread 3 ] DEBUG Engine               - isClickFeedbackEnabled: false
18:09:42.862 [FXGL Background Thread 3 ] DEBUG Engine               - isCloseConfirmation: false
18:09:42.862 [FXGL Background Thread 3 ] DEBUG Engine               - isDesktop: true
18:09:42.862 [FXGL Background Thread 3 ] DEBUG Engine               - isDeveloperMenuEnabled: false
18:09:42.862 [FXGL Background Thread 3 ] DEBUG Engine               - isEmbedded: false
18:09:42.862 [FXGL Background Thread 3 ] DEBUG Engine               - isEntityPreloadEnabled: true
18:09:42.863 [FXGL Background Thread 3 ] DEBUG Engine               - isExperimentalTiledLargeMap: false
18:09:42.863 [FXGL Background Thread 3 ] DEBUG Engine               - isFileSystemWriteAllowed: true
18:09:42.863 [FXGL Background Thread 3 ] DEBUG Engine               - isFullScreenAllowed: false
18:09:42.863 [FXGL Background Thread 3 ] DEBUG Engine               - isFullScreenFromStart: false
18:09:42.863 [FXGL Background Thread 3 ] DEBUG Engine               - isGameMenuEnabled: true
18:09:42.864 [FXGL Background Thread 3 ] DEBUG Engine               - isIOS: false
18:09:42.864 [FXGL Background Thread 3 ] DEBUG Engine               - isIntroEnabled: false
18:09:42.864 [FXGL Background Thread 3 ] DEBUG Engine               - isLinux: false
18:09:42.864 [FXGL Background Thread 3 ] DEBUG Engine               - isMac: false
18:09:42.864 [FXGL Background Thread 3 ] DEBUG Engine               - isMainMenuEnabled: false
18:09:42.864 [FXGL Background Thread 3 ] DEBUG Engine               - isManualResizeEnabled: false
18:09:42.864 [FXGL Background Thread 3 ] DEBUG Engine               - isMobile: false
18:09:42.865 [FXGL Background Thread 3 ] DEBUG Engine               - isNative: false
18:09:42.865 [FXGL Background Thread 3 ] DEBUG Engine               - isPauseMusicWhenMinimized: true
18:09:42.865 [FXGL Background Thread 3 ] DEBUG Engine               - isPreserveResizeRatio: false
18:09:42.865 [FXGL Background Thread 3 ] DEBUG Engine               - isProfilingEnabled: false
18:09:42.865 [FXGL Background Thread 3 ] DEBUG Engine               - isScaleAffectedOnResize: true
18:09:42.865 [FXGL Background Thread 3 ] DEBUG Engine               - isSingleStep: false
18:09:42.866 [FXGL Background Thread 3 ] DEBUG Engine               - isUserProfileEnabled: false
18:09:42.866 [FXGL Background Thread 3 ] DEBUG Engine               - isWindows: true
18:09:42.866 [FXGL Background Thread 3 ] DEBUG Engine               - language: ObjectProperty [value: ENGLISH]
18:09:42.867 [FXGL Background Thread 3 ] DEBUG Engine               - menuKey: ESCAPE
18:09:42.867 [FXGL Background Thread 3 ] DEBUG Engine               - mouseSensitivity: 0.2
18:09:42.867 [FXGL Background Thread 3 ] DEBUG Engine               - notificationViewClass: class com.almasb.fxgl.notification.view.XboxNotificationView
18:09:42.867 [FXGL Background Thread 3 ] DEBUG Engine               - pixelsPerMeter: 50.0
18:09:42.867 [FXGL Background Thread 3 ] DEBUG Engine               - platform: WINDOWS
18:09:42.867 [FXGL Background Thread 3 ] DEBUG Engine               - prefHeightProperty: ReadOnlyDoubleProperty [value: 720.0]
18:09:42.867 [FXGL Background Thread 3 ] DEBUG Engine               - prefWidthProperty: ReadOnlyDoubleProperty [value: 1280.0]
18:09:42.867 [FXGL Background Thread 3 ] DEBUG Engine               - profileDir: profiles/
18:09:42.868 [FXGL Background Thread 3 ] DEBUG Engine               - profileName: StringProperty [value: DEFAULT]
18:09:42.868 [FXGL Background Thread 3 ] DEBUG Engine               - randomSeed: -1
18:09:42.869 [FXGL Background Thread 3 ] DEBUG Engine               - runtimeInfo: RuntimeInfo(platform=WINDOWS, version=17.1, build=24.03.2022 17.34)
18:09:42.869 [FXGL Background Thread 3 ] DEBUG Engine               - saveFileExt: sav
18:09:42.869 [FXGL Background Thread 3 ] DEBUG Engine               - scaledHeightProp$fxgl: DoubleProperty [bound, value: 720.0]
18:09:42.869 [FXGL Background Thread 3 ] DEBUG Engine               - scaledWidthProp$fxgl: DoubleProperty [bound, value: 1280.0]
18:09:42.869 [FXGL Background Thread 3 ] DEBUG Engine               - sceneFactory: com.almasb.fxglgames.platformer.PlatformerApp$1@14c9c379
18:09:42.870 [FXGL Background Thread 3 ] DEBUG Engine               - secondsIn24h: 60
18:09:42.870 [FXGL Background Thread 3 ] DEBUG Engine               - soundMenuBack: menu/back.wav
18:09:42.870 [FXGL Background Thread 3 ] DEBUG Engine               - soundMenuPress: menu/press.wav
18:09:42.870 [FXGL Background Thread 3 ] DEBUG Engine               - soundMenuSelect: menu/select.wav
18:09:42.871 [FXGL Background Thread 3 ] DEBUG Engine               - soundNotification: core/notification.wav
18:09:42.871 [FXGL Background Thread 3 ] DEBUG Engine               - stageStyle: DECORATED
18:09:42.872 [FXGL Background Thread 3 ] DEBUG Engine               - supportedLanguages: [ENGLISH, FRENCH, GERMAN, HUNGARIAN, RUSSIAN]
18:09:42.872 [FXGL Background Thread 3 ] DEBUG Engine               - ticksPerSecond: -1
18:09:42.872 [FXGL Background Thread 3 ] DEBUG Engine               - title: Miguel
18:09:42.872 [FXGL Background Thread 3 ] DEBUG Engine               - urlGithub: https://github.com/AlmasB/FXGL
18:09:42.872 [FXGL Background Thread 3 ] DEBUG Engine               - urlLeaderboard: http://fxgl-top.herokuapp.com/
18:09:42.872 [FXGL Background Thread 3 ] DEBUG Engine               - urlPOM: https://raw.githubusercontent.com/AlmasB/FXGL/release/README.md
18:09:42.872 [FXGL Background Thread 3 ] DEBUG Engine               - userAppClass: class com.almasb.fxglgames.platformer.PlatformerApp
18:09:42.872 [FXGL Background Thread 3 ] DEBUG Engine               - version: 1.0
18:09:42.873 [FXGL Background Thread 3 ] DEBUG Engine               - versionCheckDays: 7
18:09:42.873 [FXGL Background Thread 3 ] DEBUG Engine               - width: 1280
18:09:42.873 [FXGL Background Thread 3 ] DEBUG Engine               - Logging services
18:09:42.873 [FXGL Background Thread 3 ] DEBUG Engine               - class com.almasb.fxgl.app.services.FXGLAssetLoaderService
18:09:42.873 [FXGL Background Thread 3 ] DEBUG Engine               - class com.almasb.fxgl.app.FXGLApplication$GameApplicationService
18:09:42.874 [FXGL Background Thread 3 ] DEBUG Engine               - class com.almasb.fxgl.app.services.FXGLDialogService
18:09:42.874 [FXGL Background Thread 3 ] DEBUG Engine               - class com.almasb.fxgl.app.services.IOTaskExecutorService
18:09:42.874 [FXGL Background Thread 3 ] DEBUG Engine               - class com.almasb.fxgl.io.FileSystemService
18:09:42.874 [FXGL Background Thread 3 ] DEBUG Engine               - class com.almasb.fxgl.localization.LocalizationService
18:09:42.874 [FXGL Background Thread 3 ] DEBUG Engine               - class com.almasb.fxgl.app.services.SystemBundleService
18:09:42.874 [FXGL Background Thread 3 ] DEBUG Engine               - class com.almasb.fxgl.profile.SaveLoadService
18:09:42.874 [FXGL Background Thread 3 ] DEBUG Engine               - class com.almasb.fxgl.ui.FXGLUIFactoryServiceProvider
18:09:42.875 [FXGL Background Thread 3 ] DEBUG Engine               - class com.almasb.fxgl.ui.FXGLDialogFactoryServiceProvider
18:09:42.875 [FXGL Background Thread 3 ] DEBUG Engine               - class com.almasb.fxgl.audio.AudioPlayer
18:09:42.875 [FXGL Background Thread 3 ] DEBUG Engine               - class com.almasb.fxgl.notification.impl.NotificationServiceProvider
18:09:42.875 [FXGL Background Thread 3 ] DEBUG Engine               - class com.almasb.fxgl.achievement.AchievementService
18:09:42.875 [FXGL Background Thread 3 ] DEBUG Engine               - class com.almasb.fxgl.cutscene.CutsceneService
18:09:42.875 [FXGL Background Thread 3 ] DEBUG Engine               - class com.almasb.fxgl.minigames.MiniGameService
18:09:42.876 [FXGL Background Thread 3 ] DEBUG Engine               - class com.almasb.fxgl.net.NetService
18:09:42.876 [FXGL Background Thread 3 ] DEBUG Engine               - class com.almasb.fxgl.app.services.UpdaterService
18:09:42.876 [FXGL Background Thread 3 ] DEBUG Engine               - class com.almasb.fxgl.dev.DevService
18:10:57.994 [JavaFX Application Thread] DEBUG PrimaryStageWindow   - Push state: DialogSubScene
18:10:57.994 [JavaFX Application Thread] DEBUG Input                - Clearing active input actions
18:10:58.006 [JavaFX Application Thread] DEBUG GameApplicationServi - Removing overlay from GameScene and adding to DialogSubScene
18:10:58.007 [JavaFX Application Thread] DEBUG PrimaryStageWindow   - GameScene -> DialogSubScene
18:11:00.782 [JavaFX Application Thread] DEBUG PrimaryStageWindow   - Pop state: DialogSubScene
18:11:00.783 [JavaFX Application Thread] DEBUG Input                - Clearing active input actions
18:11:00.783 [JavaFX Application Thread] DEBUG GameApplicationServi - Removing overlay from DialogSubScene and adding to GameScene
18:11:00.784 [JavaFX Application Thread] DEBUG PrimaryStageWindow   - GameScene <- DialogSubScene
18:11:00.784 [JavaFX Application Thread] DEBUG GameApplicationServi - Starting new game
18:11:00.784 [JavaFX Application Thread] DEBUG Input                - Clearing active input actions
18:11:00.790 [JavaFX Application Thread] DEBUG GameApplicationServi - Removing overlay from GameScene and adding to MainLoadingScene
18:11:00.791 [JavaFX Application Thread] DEBUG PrimaryStageWindow   - GameScene -> MainLoadingScene
18:11:00.791 [JavaFX Application Thread] DEBUG GameApplicationServi - Clearing previous game
18:11:00.791 [JavaFX Application Thread] DEBUG GameScene            - Clearing game scene
18:11:00.791 [JavaFX Application Thread] DEBUG GameWorld            - Clearing game world
18:11:00.793 [JavaFX Application Thread] DEBUG PhysicsWorld         - Clearing physics world
18:11:00.794 [FXGL Background Thread 5 ] DEBUG FXGLApplication      - Initializing game
18:11:00.798 [FXGL Background Thread 5 ] WARN  TMXLevelLoader       - TiledMap generated from 1.10.1. Supported version: 1.4.2. Some features may not be parsed fully.
18:11:00.805 [FXGL Background Thread 5 ] DEBUG TMXLevelLoader       - Parsed TiledMap: file:/C:/Users/koenm/Documents/GitHub/ipose-groep-4/target/classes/assets/levels/tmx/level3.tmx
18:11:00.805 [FXGL Background Thread 5 ] DEBUG TMXLevelLoader       - Creating tile layer entities
18:11:00.805 [FXGL Background Thread 5 ] DEBUG TilesetLoader        - Loading view for layer Tile Layer 1
18:11:00.811 [FXGL Background Thread 5 ] DEBUG TilesetLoader        - Created buffer with size 4900.0x700.0
18:11:00.830 [FXGL Background Thread 5 ] DEBUG TMXLevelLoader       - Creating object layer entities
18:11:00.843 [FXGL Background Thread 5 ] DEBUG GameWorld            - Clearing removable entities
18:11:00.844 [FXGL Background Thread 5 ] DEBUG GameWorld            - Setting level: com.almasb.fxgl.entity.level.Level@2904e206
18:11:00.853 [FXGL Background Thread 5 ] INFO  FXGLApplication      - Game initialization took: 0,060 sec
18:11:00.854 [JavaFX Application Thread] DEBUG Input                - Clearing active input actions
18:11:00.861 [JavaFX Application Thread] DEBUG GameApplicationServi - Removing overlay from MainLoadingScene and adding to GameScene
18:11:00.862 [JavaFX Application Thread] DEBUG PrimaryStageWindow   - MainLoadingScene -> GameScene
18:11:27.421 [JavaFX Application Thread] DEBUG Input                - Registered new binding: Close Level End Screen - LMB
18:11:27.421 [JavaFX Application Thread] DEBUG PrimaryStageWindow   - Push state: LevelEndScene
18:11:27.421 [JavaFX Application Thread] DEBUG Input                - Clearing active input actions
18:11:27.422 [JavaFX Application Thread] DEBUG GameApplicationServi - Removing overlay from GameScene and adding to LevelEndScene
18:11:27.423 [JavaFX Application Thread] DEBUG PrimaryStageWindow   - GameScene -> LevelEndScene
18:11:42.711 [JavaFX Application Thread] DEBUG PrimaryStageWindow   - Pop state: LevelEndScene
18:11:42.711 [JavaFX Application Thread] DEBUG Input                - Clearing active input actions
18:11:42.712 [JavaFX Application Thread] DEBUG GameApplicationServi - Removing overlay from LevelEndScene and adding to GameScene
18:11:42.712 [JavaFX Application Thread] DEBUG PrimaryStageWindow   - GameScene <- LevelEndScene
18:11:43.703 [JavaFX Application Thread] WARN  TMXLevelLoader       - TiledMap generated from 1.10.1. Supported version: 1.4.2. Some features may not be parsed fully.
18:11:43.718 [JavaFX Application Thread] DEBUG TMXLevelLoader       - Parsed TiledMap: file:/C:/Users/koenm/Documents/GitHub/ipose-groep-4/target/classes/assets/levels/tmx/level3.tmx
18:11:43.718 [JavaFX Application Thread] DEBUG TMXLevelLoader       - Creating tile layer entities
18:11:43.719 [JavaFX Application Thread] DEBUG TilesetLoader        - Loading view for layer Tile Layer 1
18:11:43.729 [JavaFX Application Thread] DEBUG TilesetLoader        - Created buffer with size 4900.0x700.0
18:11:43.762 [JavaFX Application Thread] DEBUG TMXLevelLoader       - Creating object layer entities
18:11:43.781 [JavaFX Application Thread] DEBUG GameWorld            - Clearing removable entities
18:11:43.785 [JavaFX Application Thread] DEBUG GameWorld            - Setting level: com.almasb.fxgl.entity.level.Level@4e868bd2
18:11:46.916 [JavaFX Application Thread] DEBUG PrimaryStageWindow   - Push state: DialogSubScene
18:11:46.916 [JavaFX Application Thread] DEBUG Input                - Clearing active input actions
18:11:46.919 [JavaFX Application Thread] DEBUG GameApplicationServi - Removing overlay from GameScene and adding to DialogSubScene
18:11:46.920 [JavaFX Application Thread] DEBUG PrimaryStageWindow   - GameScene -> DialogSubScene
18:11:50.937 [JavaFX Application Thread] DEBUG PrimaryStageWindow   - Pop state: DialogSubScene
18:11:50.937 [JavaFX Application Thread] DEBUG Input                - Clearing active input actions
18:11:50.938 [JavaFX Application Thread] DEBUG GameApplicationServi - Removing overlay from DialogSubScene and adding to GameScene
18:11:50.938 [JavaFX Application Thread] DEBUG PrimaryStageWindow   - GameScene <- DialogSubScene
18:11:50.938 [JavaFX Application Thread] DEBUG GameApplicationServi - Starting new game
18:11:50.938 [JavaFX Application Thread] DEBUG Input                - Clearing active input actions
18:11:50.948 [JavaFX Application Thread] DEBUG GameApplicationServi - Removing overlay from GameScene and adding to MainLoadingScene
18:11:50.948 [JavaFX Application Thread] DEBUG PrimaryStageWindow   - GameScene -> MainLoadingScene
18:11:50.948 [JavaFX Application Thread] DEBUG GameApplicationServi - Clearing previous game
18:11:50.948 [JavaFX Application Thread] DEBUG GameScene            - Clearing game scene
18:11:50.948 [JavaFX Application Thread] DEBUG GameWorld            - Clearing game world
18:11:50.950 [JavaFX Application Thread] DEBUG PhysicsWorld         - Clearing physics world
18:11:50.950 [FXGL Background Thread 5 ] DEBUG FXGLApplication      - Initializing game
18:11:50.952 [FXGL Background Thread 5 ] WARN  TMXLevelLoader       - TiledMap generated from 1.10.1. Supported version: 1.4.2. Some features may not be parsed fully.
18:11:50.958 [FXGL Background Thread 5 ] DEBUG TMXLevelLoader       - Parsed TiledMap: file:/C:/Users/koenm/Documents/GitHub/ipose-groep-4/target/classes/assets/levels/tmx/level3.tmx
18:11:50.958 [FXGL Background Thread 5 ] DEBUG TMXLevelLoader       - Creating tile layer entities
18:11:50.958 [FXGL Background Thread 5 ] DEBUG TilesetLoader        - Loading view for layer Tile Layer 1
18:11:50.963 [FXGL Background Thread 5 ] DEBUG TilesetLoader        - Created buffer with size 4900.0x700.0
18:11:50.981 [FXGL Background Thread 5 ] DEBUG TMXLevelLoader       - Creating object layer entities
18:11:50.993 [FXGL Background Thread 5 ] DEBUG GameWorld            - Clearing removable entities
18:11:50.994 [FXGL Background Thread 5 ] DEBUG GameWorld            - Setting level: com.almasb.fxgl.entity.level.Level@239cb350
18:11:51.000 [FXGL Background Thread 5 ] INFO  FXGLApplication      - Game initialization took: 0,049 sec
18:11:51.000 [JavaFX Application Thread] DEBUG Input                - Clearing active input actions
18:11:51.004 [JavaFX Application Thread] DEBUG GameApplicationServi - Removing overlay from MainLoadingScene and adding to GameScene
18:11:51.004 [JavaFX Application Thread] DEBUG PrimaryStageWindow   - MainLoadingScene -> GameScene
18:12:16.114 [JavaFX Application Thread] DEBUG PrimaryStageWindow   - Push state: LevelEndScene
18:12:16.114 [JavaFX Application Thread] DEBUG Input                - Clearing active input actions
18:12:16.115 [JavaFX Application Thread] DEBUG GameApplicationServi - Removing overlay from GameScene and adding to LevelEndScene
18:12:16.115 [JavaFX Application Thread] DEBUG PrimaryStageWindow   - GameScene -> LevelEndScene
18:12:21.642 [JavaFX Application Thread] DEBUG PrimaryStageWindow   - Pop state: LevelEndScene
18:12:21.643 [JavaFX Application Thread] DEBUG Input                - Clearing active input actions
18:12:21.643 [JavaFX Application Thread] DEBUG GameApplicationServi - Removing overlay from LevelEndScene and adding to GameScene
18:12:21.644 [JavaFX Application Thread] DEBUG PrimaryStageWindow   - GameScene <- LevelEndScene
18:12:22.645 [JavaFX Application Thread] WARN  TMXLevelLoader       - TiledMap generated from 1.10.1. Supported version: 1.4.2. Some features may not be parsed fully.
18:12:22.657 [JavaFX Application Thread] DEBUG TMXLevelLoader       - Parsed TiledMap: file:/C:/Users/koenm/Documents/GitHub/ipose-groep-4/target/classes/assets/levels/tmx/level3.tmx
18:12:22.657 [JavaFX Application Thread] DEBUG TMXLevelLoader       - Creating tile layer entities
18:12:22.658 [JavaFX Application Thread] DEBUG TilesetLoader        - Loading view for layer Tile Layer 1
18:12:22.666 [JavaFX Application Thread] DEBUG TilesetLoader        - Created buffer with size 4900.0x700.0
18:12:22.700 [JavaFX Application Thread] DEBUG TMXLevelLoader       - Creating object layer entities
18:12:22.720 [JavaFX Application Thread] DEBUG GameWorld            - Clearing removable entities
18:12:22.724 [JavaFX Application Thread] DEBUG GameWorld            - Setting level: com.almasb.fxgl.entity.level.Level@6a99f6e3
18:12:46.546 [JavaFX Application Thread] DEBUG PrimaryStageWindow   - Push state: LevelEndScene
18:12:46.547 [JavaFX Application Thread] DEBUG Input                - Clearing active input actions
18:12:46.547 [JavaFX Application Thread] DEBUG GameApplicationServi - Removing overlay from GameScene and adding to LevelEndScene
18:12:46.547 [JavaFX Application Thread] DEBUG PrimaryStageWindow   - GameScene -> LevelEndScene
18:12:57.876 [JavaFX Application Thread] DEBUG FXGLApplication      - Exiting FXGL
18:12:57.876 [JavaFX Application Thread] DEBUG LoopRunner           - Stopping loop
18:12:57.876 [JavaFX Application Thread] DEBUG SystemBundleService  - Saving FXGL system data
18:12:57.878 [JavaFX Application Thread] DEBUG FileSystemAccess     - Writing to: C:\Users\koenm\Documents\GitHub\ipose-groep-4\system\fxgl.bundle
18:12:57.880 [JavaFX Application Thread] DEBUG Async                - Shutting down background threads
18:12:57.881 [JavaFX Application Thread] DEBUG PrimaryStageWindow   - Closing main window
18:12:57.900 [JavaFX Application Thread] DEBUG Logger               - Closing Logger
