09:57:23.430 [main                     ] DEBUG Logger               - Configured Logger
09:57:23.478 [main                     ] DEBUG GameApplication      - Logging settings
Title: Miguel
Version: 1.0
Width: 1280
Height: 720
Fullscreen: false
Intro: false
Profiling: false
Single step:false
App Mode: DEVELOPER
Menu Key: ESCAPE
Stage Style: DECORATED
Scene Factory: class com.almasb.fxglgames.platformer.PlatformerApp$1

09:57:24.062 [JavaFX Application Thread] DEBUG FXGLApplication      - Initializing FXGL
09:57:24.072 [JavaFX Application Thread] INFO  Engine               - FXGL-17.1 (24.03.2022 17.34) on WINDOWS (J:19.0.1 FX:19-ea)
09:57:24.073 [JavaFX Application Thread] DEBUG Engine               - JRE Vendor Name: Oracle Corporation
09:57:24.074 [JavaFX Application Thread] DEBUG Engine               - Running on OS: Windows 10 version 10.0
09:57:24.074 [JavaFX Application Thread] DEBUG Engine               - Architecture: amd64
09:57:24.074 [JavaFX Application Thread] INFO  Engine               - Source code and latest versions at: https://github.com/AlmasB/FXGL
09:57:24.075 [JavaFX Application Thread] INFO  Engine               -       Ask questions and discuss at: https://github.com/AlmasB/FXGL/discussions
09:57:24.075 [JavaFX Application Thread] INFO  Engine               -              Join the FXGL chat at: https://gitter.im/AlmasB/FXGL
09:57:24.220 [JavaFX Application Thread] DEBUG PrimaryStageWindow   - Creating a JavaFX scene
09:57:24.299 [JavaFX Application Thread] DEBUG PrimaryStageWindow   - Target settings size: 1280.0 x 720.0
09:57:24.299 [JavaFX Application Thread] DEBUG PrimaryStageWindow   - Scaled scene size:    1280.0 x 720.0
09:57:24.300 [JavaFX Application Thread] DEBUG PrimaryStageWindow   - Scaled ratio: (1.0, 1.0)
09:57:24.302 [JavaFX Application Thread] DEBUG PrimaryStageWindow   - Set initial scene to FXGLStartupScene
09:57:24.315 [JavaFX Application Thread] DEBUG PrimaryStageWindow   - Opening main window
09:57:24.445 [JavaFX Application Thread] DEBUG PrimaryStageWindow   - Window border size: (14.4000244140625, 37.5999755859375)
09:57:24.446 [JavaFX Application Thread] DEBUG PrimaryStageWindow   - Scaled size: 1280.0 x 720.0
09:57:24.447 [JavaFX Application Thread] DEBUG PrimaryStageWindow   - Scaled ratio: (1.0, 1.0)
09:57:24.447 [JavaFX Application Thread] DEBUG PrimaryStageWindow   - Scene size: 1280.0 x 720.0
09:57:24.448 [JavaFX Application Thread] DEBUG PrimaryStageWindow   - Stage size: 1294.4000244140625 x 757.5999755859375
09:57:24.464 [FXGL Background Thread 1 ] DEBUG Engine               - Initializing environment variables
09:57:24.555 [FXGL Background Thread 1 ] DEBUG FXGLAssetLoaderServi - User app class for loading assets: class com.almasb.fxglgames.platformer.PlatformerApp
09:57:24.556 [FXGL Background Thread 1 ] DEBUG GameApplicationServi - Applying CSS: fxgl_dark.css
09:57:24.557 [FXGL Background Thread 1 ] DEBUG FXGLAssetLoaderServi - Loading from file system: jar:file:///C:/Users/jardk/.m2/repository/com/github/almasb/fxgl/17.1/fxgl-17.1.jar!/fxglassets/ui/css/fxgl_dark.css
09:57:24.650 [FXGL Background Thread 1 ] DEBUG GameApplicationServi - Initializing application scenes
09:57:24.732 [FXGL Background Thread 1 ] DEBUG FXGLAssetLoaderServi - Loading from file system: file:/C:/ipose-groep-4/target/classes/assets/textures/player.png
09:57:24.771 [FXGL Background Thread 1 ] DEBUG GameWorld            - Game world initialized
09:57:24.868 [FXGL Background Thread 1 ] DEBUG PhysicsWorld         - Physics world initialized: appHeight=720, physics.ppm=50,0
09:57:24.869 [FXGL Background Thread 1 ] DEBUG PhysicsWorld         - Using strategy: BRUTE_FORCE
09:57:24.876 [FXGL Background Thread 1 ] DEBUG GameScene            - Game scene initialized: 1280x720
09:57:24.890 [FXGL Background Thread 1 ] DEBUG FXGL.DefaultMenu     - createMenuBodyGameMenu()
09:57:24.917 [FXGL Background Thread 1 ] DEBUG FXGL.DefaultMenu     - createOptionsMenu()
09:57:24.944 [FXGL Background Thread 1 ] DEBUG FXGLAssetLoaderServi - Loading from file system: jar:file:///C:/Users/jardk/.m2/repository/com/github/almasb/fxgl/17.1/fxgl-17.1.jar!/fxglassets/textures/particles/smoke.png
09:57:25.060 [FXGL Background Thread 1 ] DEBUG FXGLAssetLoaderServi - Loading from file system: jar:file:///C:/Users/jardk/.m2/repository/com/github/almasb/fxgl/17.1/fxgl-17.1.jar!/fxglassets/textures/particles/trace_horizontal.png
09:57:25.116 [FXGL Background Thread 1 ] DEBUG GameApplicationServi - Application scenes initialized
09:57:25.138 [FXGL Background Thread 1 ] DEBUG SystemBundleService  - Loading FXGL system data
09:57:25.145 [FXGL Background Thread 1 ] DEBUG FileSystemAccess     - Reading from: C:\ipose-groep-4\system\fxgl.bundle
09:57:25.159 [FXGL Background Thread 1 ] DEBUG SystemBundleService  - Bundle FXGL: {}
09:57:25.159 [FXGL Background Thread 1 ] DEBUG UpdaterService       - Checking for updates
09:57:25.165 [FXGL Background Thread 4 ] DEBUG FXGLApplication      - Loading fonts
09:57:25.166 [FXGL Background Thread 1 ] DEBUG FXGLApplication      - Loading default localization
09:57:25.166 [FXGL Background Thread 4 ] DEBUG FXGLAssetLoaderServi - Loading from file system: jar:file:///C:/Users/jardk/.m2/repository/com/github/almasb/fxgl/17.1/fxgl-17.1.jar!/fxglassets/ui/fonts/VarelaRound-Regular.ttf
09:57:25.167 [FXGL Background Thread 1 ] DEBUG FXGLAssetLoaderServi - Loading from file system: jar:file:///C:/Users/jardk/.m2/repository/com/github/almasb/fxgl/17.1/fxgl-17.1.jar!/fxglassets/languages/english.lang
09:57:25.195 [FXGL Background Thread 1 ] INFO  FXGLApplication      - FXGL initialization took: 0,731 sec
09:57:25.212 [JavaFX Application Thread] DEBUG Input                - Registered new binding: Left - A
09:57:25.212 [JavaFX Application Thread] DEBUG Input                - Registered new binding: Right - D
09:57:25.212 [JavaFX Application Thread] DEBUG Input                - Registered new binding: Jump - W
09:57:25.213 [JavaFX Application Thread] DEBUG Input                - Registered new binding: Use - E
09:57:25.213 [JavaFX Application Thread] DEBUG FXGLAssetLoaderServi - Loading from file system: file:/C:/ipose-groep-4/target/classes/assets/music/BGM_dash_runner.wav
09:57:25.249 [FXGL Background Thread 4 ] DEBUG FXGLAssetLoaderServi - Loading from file system: jar:file:///C:/Users/jardk/.m2/repository/com/github/almasb/fxgl/17.1/fxgl-17.1.jar!/fxglassets/ui/fonts/Abel-Regular.ttf
09:57:25.255 [FXGL Background Thread 4 ] DEBUG FXGLAssetLoaderServi - Loading from file system: jar:file:///C:/Users/jardk/.m2/repository/com/github/almasb/fxgl/17.1/fxgl-17.1.jar!/fxglassets/ui/fonts/TerminalLandMono-Regular.otf
09:57:25.262 [FXGL Background Thread 4 ] DEBUG FXGLAssetLoaderServi - Loading from file system: jar:file:///C:/Users/jardk/.m2/repository/com/github/almasb/fxgl/17.1/fxgl-17.1.jar!/fxglassets/ui/fonts/Courier-Prime.ttf
09:57:25.412 [JavaFX Application Thread] DEBUG AudioPlayer          - Playing music com.almasb.fxgl.audio.Music@4731f295
09:57:25.414 [JavaFX Application Thread] DEBUG FXGLAssetLoaderServi - Loading from file system: jar:file:///C:/Users/jardk/.m2/repository/com/github/almasb/fxgl/17.1/fxgl-17.1.jar!/fxglassets/textures/fxgl_icon.png
09:57:25.448 [JavaFX Application Thread] DEBUG FXGLAssetLoaderServi - Loading from file system: jar:file:///C:/Users/jardk/.m2/repository/com/github/almasb/fxgl/17.1/fxgl-17.1.jar!/fxglassets/textures/fxgl_default_cursor.png
09:57:25.451 [JavaFX Application Thread] DEBUG Input                - Registered new binding: Screenshot - CTRL+8
09:57:25.452 [JavaFX Application Thread] DEBUG Input                - Registered new binding: System info dump - CTRL+9
09:57:25.453 [JavaFX Application Thread] DEBUG Input                - Registered new binding: Restart - CTRL+R
09:57:25.455 [JavaFX Application Thread] DEBUG Input                - Registered new binding: Toggle Debug Camera - CTRL+7
09:57:25.457 [JavaFX Application Thread] DEBUG LoopRunner           - Starting loop
09:57:25.458 [JavaFX Application Thread] DEBUG LoopRunner           - Initializing JavaFX AnimationTimerLoop
09:57:25.459 [JavaFX Application Thread] DEBUG GameApplicationServi - Starting new game
09:57:25.460 [JavaFX Application Thread] DEBUG Input                - Clearing active input actions
09:57:25.490 [JavaFX Application Thread] DEBUG GameApplicationServi - Removing overlay from FXGLStartupScene and adding to MainLoadingScene
09:57:25.491 [JavaFX Application Thread] DEBUG PrimaryStageWindow   - FXGLStartupScene -> MainLoadingScene
09:57:25.491 [JavaFX Application Thread] DEBUG GameApplicationServi - Clearing previous game
09:57:25.492 [JavaFX Application Thread] DEBUG GameScene            - Clearing game scene
09:57:25.492 [JavaFX Application Thread] DEBUG GameWorld            - Clearing game world
09:57:25.492 [JavaFX Application Thread] DEBUG PhysicsWorld         - Clearing physics world
09:57:25.494 [JavaFX Application Thread] DEBUG FXGLApplication      - Registering font factories with UI factory
09:57:25.494 [FXGL Background Thread 4 ] DEBUG FXGLApplication      - Initializing game
09:57:25.554 [FXGL Background Thread 4 ] WARN  TMXLevelLoader       - TiledMap generated from 1.10.0. Supported version: 1.4.2. Some features may not be parsed fully.
09:57:25.577 [FXGL Background Thread 4 ] DEBUG TMXLevelLoader       - Parsed TiledMap: file:/C:/ipose-groep-4/target/classes/assets/levels/tmx/level1.tmx
09:57:25.579 [FXGL Background Thread 4 ] DEBUG TMXLevelLoader       - Creating tile layer entities
09:57:25.582 [FXGL Background Thread 4 ] DEBUG TilesetLoader        - Loading view for layer Tile Layer 1
09:57:25.591 [FXGL Background Thread 4 ] DEBUG TilesetLoader        - Created buffer with size 4900.0x700.0
09:57:25.624 [FXGL Background Thread 4 ] DEBUG TMXLevelLoader       - Creating object layer entities
09:57:25.679 [FXGL Background Thread 4 ] DEBUG GameWorld            - Clearing removable entities
09:57:25.680 [FXGL Background Thread 4 ] DEBUG GameWorld            - Setting level: com.almasb.fxgl.entity.level.Level@29782162
09:57:25.719 [FXGL Background Thread 4 ] DEBUG FXGLAssetLoaderServi - Loading from file system: file:/C:/ipose-groep-4/target/classes/assets/textures/trump.png
09:57:25.727 [FXGL Background Thread 4 ] DEBUG FXGLAssetLoaderServi - Loading from file system: file:/C:/ipose-groep-4/target/classes/assets/textures/background/forest.png
09:57:25.737 [FXGL Background Thread 2 ] INFO  UpdaterService       - Your current version:  17.1
09:57:25.738 [FXGL Background Thread 2 ] INFO  UpdaterService       - Latest stable version: 17.3
09:57:25.756 [FXGL Background Thread 4 ] INFO  FXGLApplication      - Game initialization took: 0,263 sec
09:57:25.757 [JavaFX Application Thread] DEBUG Input                - Clearing active input actions
09:57:25.769 [JavaFX Application Thread] DEBUG GameApplicationServi - Removing overlay from MainLoadingScene and adding to GameScene
09:57:25.770 [JavaFX Application Thread] DEBUG PrimaryStageWindow   - MainLoadingScene -> GameScene
09:57:28.164 [FXGL Background Thread 3 ] DEBUG Engine               - Logging environment variables
09:57:28.166 [FXGL Background Thread 3 ] DEBUG Engine               - achievements: []
09:57:28.166 [FXGL Background Thread 3 ] DEBUG Engine               - actualHeight: 720.0
09:57:28.166 [FXGL Background Thread 3 ] DEBUG Engine               - actualHeightProperty: ReadOnlyDoubleProperty [value: 720.0]
09:57:28.167 [FXGL Background Thread 3 ] DEBUG Engine               - actualWidth: 1280.0
09:57:28.167 [FXGL Background Thread 3 ] DEBUG Engine               - actualWidthProperty: ReadOnlyDoubleProperty [value: 1280.0]
09:57:28.167 [FXGL Background Thread 3 ] DEBUG Engine               - appIcon: fxgl_icon.png
09:57:28.167 [FXGL Background Thread 3 ] DEBUG Engine               - applicationMode: DEVELOPER
09:57:28.167 [FXGL Background Thread 3 ] DEBUG Engine               - cSSList: [fxgl_dark.css]
09:57:28.167 [FXGL Background Thread 3 ] DEBUG Engine               - collisionDetectionStrategy: BRUTE_FORCE
09:57:28.167 [FXGL Background Thread 3 ] DEBUG Engine               - configClass: Optional.empty
09:57:28.167 [FXGL Background Thread 3 ] DEBUG Engine               - credits: []
09:57:28.168 [FXGL Background Thread 3 ] DEBUG Engine               - defaultCursor: CursorInfo(imageName=fxgl_default_cursor.png, hotspotX=7.0, hotspotY=6.0)
09:57:28.168 [FXGL Background Thread 3 ] DEBUG Engine               - devBBoxColorProperty: ObjectProperty [value: 0xff0000ff]
09:57:28.168 [FXGL Background Thread 3 ] DEBUG Engine               - devEnableDebugCameraProperty: BooleanProperty [value: false]
09:57:28.168 [FXGL Background Thread 3 ] DEBUG Engine               - devSensorColorProperty: ObjectProperty [value: 0xffff00ff]
09:57:28.168 [FXGL Background Thread 3 ] DEBUG Engine               - devShowBBoxProperty: BooleanProperty [value: false]
09:57:28.169 [FXGL Background Thread 3 ] DEBUG Engine               - devShowPositionProperty: BooleanProperty [value: false]
09:57:28.169 [FXGL Background Thread 3 ] DEBUG Engine               - enabledMenuItems: []
09:57:28.169 [FXGL Background Thread 3 ] DEBUG Engine               - engineServices: [class com.almasb.fxgl.app.services.FXGLAssetLoaderService, class com.almasb.fxgl.app.FXGLApplication$GameApplicationService, class com.almasb.fxgl.app.services.FXGLDialogService, class com.almasb.fxgl.app.services.IOTaskExecutorService, class com.almasb.fxgl.io.FileSystemService, class com.almasb.fxgl.localization.LocalizationService, class com.almasb.fxgl.app.services.SystemBundleService, class com.almasb.fxgl.profile.SaveLoadService, class com.almasb.fxgl.ui.FXGLUIFactoryServiceProvider, class com.almasb.fxgl.ui.FXGLDialogFactoryServiceProvider, class com.almasb.fxgl.audio.AudioPlayer, class com.almasb.fxgl.notification.impl.NotificationServiceProvider, class com.almasb.fxgl.achievement.AchievementService, class com.almasb.fxgl.cutscene.CutsceneService, class com.almasb.fxgl.minigames.MiniGameService, class com.almasb.fxgl.net.NetService, class com.almasb.fxgl.app.services.UpdaterService, class com.almasb.fxgl.dev.DevService]
09:57:28.169 [FXGL Background Thread 3 ] DEBUG Engine               - fontGame: Abel-Regular.ttf
09:57:28.169 [FXGL Background Thread 3 ] DEBUG Engine               - fontMono: TerminalLandMono-Regular.otf
09:57:28.169 [FXGL Background Thread 3 ] DEBUG Engine               - fontText: Courier-Prime.ttf
09:57:28.169 [FXGL Background Thread 3 ] DEBUG Engine               - fontUI: VarelaRound-Regular.ttf
09:57:28.169 [FXGL Background Thread 3 ] DEBUG Engine               - fullScreen: BooleanProperty [value: false]
09:57:28.169 [FXGL Background Thread 3 ] DEBUG Engine               - gameDifficulty: MEDIUM
09:57:28.170 [FXGL Background Thread 3 ] DEBUG Engine               - gameDifficultyProperty: ObjectProperty [value: MEDIUM]
09:57:28.170 [FXGL Background Thread 3 ] DEBUG Engine               - globalMusicVolume: 0.5
09:57:28.170 [FXGL Background Thread 3 ] DEBUG Engine               - globalMusicVolumeProperty: DoubleProperty [value: 0.25]
09:57:28.170 [FXGL Background Thread 3 ] DEBUG Engine               - globalSoundVolume: 0.5
09:57:28.170 [FXGL Background Thread 3 ] DEBUG Engine               - globalSoundVolumeProperty: DoubleProperty [value: 0.5]
09:57:28.171 [FXGL Background Thread 3 ] DEBUG Engine               - height: 720
09:57:28.171 [FXGL Background Thread 3 ] DEBUG Engine               - is3D: false
09:57:28.171 [FXGL Background Thread 3 ] DEBUG Engine               - isAndroid: false
09:57:28.171 [FXGL Background Thread 3 ] DEBUG Engine               - isBrowser: false
09:57:28.173 [FXGL Background Thread 3 ] DEBUG Engine               - isClickFeedbackEnabled: false
09:57:28.173 [FXGL Background Thread 3 ] DEBUG Engine               - isCloseConfirmation: false
09:57:28.173 [FXGL Background Thread 3 ] DEBUG Engine               - isDesktop: true
09:57:28.174 [FXGL Background Thread 3 ] DEBUG Engine               - isDeveloperMenuEnabled: false
09:57:28.174 [FXGL Background Thread 3 ] DEBUG Engine               - isEmbedded: false
09:57:28.175 [FXGL Background Thread 3 ] DEBUG Engine               - isEntityPreloadEnabled: true
09:57:28.175 [FXGL Background Thread 3 ] DEBUG Engine               - isExperimentalTiledLargeMap: false
09:57:28.175 [FXGL Background Thread 3 ] DEBUG Engine               - isFileSystemWriteAllowed: true
09:57:28.175 [FXGL Background Thread 3 ] DEBUG Engine               - isFullScreenAllowed: false
09:57:28.176 [FXGL Background Thread 3 ] DEBUG Engine               - isFullScreenFromStart: false
09:57:28.176 [FXGL Background Thread 3 ] DEBUG Engine               - isGameMenuEnabled: true
09:57:28.176 [FXGL Background Thread 3 ] DEBUG Engine               - isIOS: false
09:57:28.177 [FXGL Background Thread 3 ] DEBUG Engine               - isIntroEnabled: false
09:57:28.177 [FXGL Background Thread 3 ] DEBUG Engine               - isLinux: false
09:57:28.177 [FXGL Background Thread 3 ] DEBUG Engine               - isMac: false
09:57:28.177 [FXGL Background Thread 3 ] DEBUG Engine               - isMainMenuEnabled: false
09:57:28.177 [FXGL Background Thread 3 ] DEBUG Engine               - isManualResizeEnabled: false
09:57:28.177 [FXGL Background Thread 3 ] DEBUG Engine               - isMobile: false
09:57:28.177 [FXGL Background Thread 3 ] DEBUG Engine               - isNative: false
09:57:28.177 [FXGL Background Thread 3 ] DEBUG Engine               - isPauseMusicWhenMinimized: true
09:57:28.177 [FXGL Background Thread 3 ] DEBUG Engine               - isPreserveResizeRatio: false
09:57:28.177 [FXGL Background Thread 3 ] DEBUG Engine               - isProfilingEnabled: false
09:57:28.177 [FXGL Background Thread 3 ] DEBUG Engine               - isScaleAffectedOnResize: true
09:57:28.177 [FXGL Background Thread 3 ] DEBUG Engine               - isSingleStep: false
09:57:28.177 [FXGL Background Thread 3 ] DEBUG Engine               - isUserProfileEnabled: false
09:57:28.178 [FXGL Background Thread 3 ] DEBUG Engine               - isWindows: true
09:57:28.178 [FXGL Background Thread 3 ] DEBUG Engine               - language: ObjectProperty [value: ENGLISH]
09:57:28.178 [FXGL Background Thread 3 ] DEBUG Engine               - menuKey: ESCAPE
09:57:28.178 [FXGL Background Thread 3 ] DEBUG Engine               - mouseSensitivity: 0.2
09:57:28.178 [FXGL Background Thread 3 ] DEBUG Engine               - notificationViewClass: class com.almasb.fxgl.notification.view.XboxNotificationView
09:57:28.178 [FXGL Background Thread 3 ] DEBUG Engine               - pixelsPerMeter: 50.0
09:57:28.178 [FXGL Background Thread 3 ] DEBUG Engine               - platform: WINDOWS
09:57:28.178 [FXGL Background Thread 3 ] DEBUG Engine               - prefHeightProperty: ReadOnlyDoubleProperty [value: 720.0]
09:57:28.179 [FXGL Background Thread 3 ] DEBUG Engine               - prefWidthProperty: ReadOnlyDoubleProperty [value: 1280.0]
09:57:28.179 [FXGL Background Thread 3 ] DEBUG Engine               - profileDir: profiles/
09:57:28.179 [FXGL Background Thread 3 ] DEBUG Engine               - profileName: StringProperty [value: DEFAULT]
09:57:28.179 [FXGL Background Thread 3 ] DEBUG Engine               - randomSeed: -1
09:57:28.180 [FXGL Background Thread 3 ] DEBUG Engine               - runtimeInfo: RuntimeInfo(platform=WINDOWS, version=17.1, build=24.03.2022 17.34)
09:57:28.180 [FXGL Background Thread 3 ] DEBUG Engine               - saveFileExt: sav
09:57:28.180 [FXGL Background Thread 3 ] DEBUG Engine               - scaledHeightProp$fxgl: DoubleProperty [bound, value: 720.0]
09:57:28.180 [FXGL Background Thread 3 ] DEBUG Engine               - scaledWidthProp$fxgl: DoubleProperty [bound, value: 1280.0]
09:57:28.180 [FXGL Background Thread 3 ] DEBUG Engine               - sceneFactory: com.almasb.fxglgames.platformer.PlatformerApp$1@228e1506
09:57:28.180 [FXGL Background Thread 3 ] DEBUG Engine               - secondsIn24h: 60
09:57:28.180 [FXGL Background Thread 3 ] DEBUG Engine               - soundMenuBack: menu/back.wav
09:57:28.180 [FXGL Background Thread 3 ] DEBUG Engine               - soundMenuPress: menu/press.wav
09:57:28.180 [FXGL Background Thread 3 ] DEBUG Engine               - soundMenuSelect: menu/select.wav
09:57:28.180 [FXGL Background Thread 3 ] DEBUG Engine               - soundNotification: core/notification.wav
09:57:28.181 [FXGL Background Thread 3 ] DEBUG Engine               - stageStyle: DECORATED
09:57:28.181 [FXGL Background Thread 3 ] DEBUG Engine               - supportedLanguages: [ENGLISH, FRENCH, GERMAN, HUNGARIAN, RUSSIAN]
09:57:28.181 [FXGL Background Thread 3 ] DEBUG Engine               - ticksPerSecond: -1
09:57:28.181 [FXGL Background Thread 3 ] DEBUG Engine               - title: Miguel
09:57:28.181 [FXGL Background Thread 3 ] DEBUG Engine               - urlGithub: https://github.com/AlmasB/FXGL
09:57:28.181 [FXGL Background Thread 3 ] DEBUG Engine               - urlLeaderboard: http://fxgl-top.herokuapp.com/
09:57:28.181 [FXGL Background Thread 3 ] DEBUG Engine               - urlPOM: https://raw.githubusercontent.com/AlmasB/FXGL/release/README.md
09:57:28.181 [FXGL Background Thread 3 ] DEBUG Engine               - userAppClass: class com.almasb.fxglgames.platformer.PlatformerApp
09:57:28.181 [FXGL Background Thread 3 ] DEBUG Engine               - version: 1.0
09:57:28.181 [FXGL Background Thread 3 ] DEBUG Engine               - versionCheckDays: 7
09:57:28.181 [FXGL Background Thread 3 ] DEBUG Engine               - width: 1280
09:57:28.182 [FXGL Background Thread 3 ] DEBUG Engine               - Logging services
09:57:28.182 [FXGL Background Thread 3 ] DEBUG Engine               - class com.almasb.fxgl.app.services.FXGLAssetLoaderService
09:57:28.182 [FXGL Background Thread 3 ] DEBUG Engine               - class com.almasb.fxgl.app.FXGLApplication$GameApplicationService
09:57:28.182 [FXGL Background Thread 3 ] DEBUG Engine               - class com.almasb.fxgl.app.services.FXGLDialogService
09:57:28.182 [FXGL Background Thread 3 ] DEBUG Engine               - class com.almasb.fxgl.app.services.IOTaskExecutorService
09:57:28.182 [FXGL Background Thread 3 ] DEBUG Engine               - class com.almasb.fxgl.io.FileSystemService
09:57:28.182 [FXGL Background Thread 3 ] DEBUG Engine               - class com.almasb.fxgl.localization.LocalizationService
09:57:28.182 [FXGL Background Thread 3 ] DEBUG Engine               - class com.almasb.fxgl.app.services.SystemBundleService
09:57:28.182 [FXGL Background Thread 3 ] DEBUG Engine               - class com.almasb.fxgl.profile.SaveLoadService
09:57:28.182 [FXGL Background Thread 3 ] DEBUG Engine               - class com.almasb.fxgl.ui.FXGLUIFactoryServiceProvider
09:57:28.182 [FXGL Background Thread 3 ] DEBUG Engine               - class com.almasb.fxgl.ui.FXGLDialogFactoryServiceProvider
09:57:28.182 [FXGL Background Thread 3 ] DEBUG Engine               - class com.almasb.fxgl.audio.AudioPlayer
09:57:28.182 [FXGL Background Thread 3 ] DEBUG Engine               - class com.almasb.fxgl.notification.impl.NotificationServiceProvider
09:57:28.182 [FXGL Background Thread 3 ] DEBUG Engine               - class com.almasb.fxgl.achievement.AchievementService
09:57:28.182 [FXGL Background Thread 3 ] DEBUG Engine               - class com.almasb.fxgl.cutscene.CutsceneService
09:57:28.183 [FXGL Background Thread 3 ] DEBUG Engine               - class com.almasb.fxgl.minigames.MiniGameService
09:57:28.183 [FXGL Background Thread 3 ] DEBUG Engine               - class com.almasb.fxgl.net.NetService
09:57:28.183 [FXGL Background Thread 3 ] DEBUG Engine               - class com.almasb.fxgl.app.services.UpdaterService
09:57:28.183 [FXGL Background Thread 3 ] DEBUG Engine               - class com.almasb.fxgl.dev.DevService
09:57:42.264 [JavaFX Application Thread] DEBUG Input                - Registered new binding: Close Level End Screen - LMB
09:57:42.264 [JavaFX Application Thread] DEBUG PrimaryStageWindow   - Push state: LevelEndScene
09:57:42.264 [JavaFX Application Thread] DEBUG Input                - Clearing active input actions
09:57:42.265 [JavaFX Application Thread] DEBUG GameApplicationServi - Removing overlay from GameScene and adding to LevelEndScene
09:57:42.266 [JavaFX Application Thread] DEBUG PrimaryStageWindow   - GameScene -> LevelEndScene
09:57:43.315 [JavaFX Application Thread] DEBUG PrimaryStageWindow   - Pop state: LevelEndScene
09:57:43.315 [JavaFX Application Thread] DEBUG Input                - Clearing active input actions
09:57:43.316 [JavaFX Application Thread] DEBUG GameApplicationServi - Removing overlay from LevelEndScene and adding to GameScene
09:57:43.317 [JavaFX Application Thread] DEBUG PrimaryStageWindow   - GameScene <- LevelEndScene
09:57:44.272 [JavaFX Application Thread] WARN  TMXLevelLoader       - TiledMap generated from 1.10.0. Supported version: 1.4.2. Some features may not be parsed fully.
09:57:44.284 [JavaFX Application Thread] DEBUG TMXLevelLoader       - Parsed TiledMap: file:/C:/ipose-groep-4/target/classes/assets/levels/tmx/level2.tmx
09:57:44.284 [JavaFX Application Thread] DEBUG TMXLevelLoader       - Creating tile layer entities
09:57:44.285 [JavaFX Application Thread] DEBUG TilesetLoader        - Loading view for layer Tile Layer 1
09:57:44.294 [JavaFX Application Thread] DEBUG TilesetLoader        - Created buffer with size 4900.0x700.0
09:57:44.327 [JavaFX Application Thread] DEBUG TMXLevelLoader       - Creating object layer entities
09:57:44.343 [JavaFX Application Thread] DEBUG GameWorld            - Clearing removable entities
09:57:44.346 [JavaFX Application Thread] DEBUG GameWorld            - Setting level: com.almasb.fxgl.entity.level.Level@118d8c88
09:58:01.695 [JavaFX Application Thread] DEBUG PrimaryStageWindow   - Push state: LevelEndScene
09:58:01.695 [JavaFX Application Thread] DEBUG Input                - Clearing active input actions
09:58:01.696 [JavaFX Application Thread] DEBUG GameApplicationServi - Removing overlay from GameScene and adding to LevelEndScene
09:58:01.696 [JavaFX Application Thread] DEBUG PrimaryStageWindow   - GameScene -> LevelEndScene
09:58:01.999 [JavaFX Application Thread] DEBUG PrimaryStageWindow   - Pop state: LevelEndScene
09:58:01.999 [JavaFX Application Thread] DEBUG Input                - Clearing active input actions
09:58:02.000 [JavaFX Application Thread] DEBUG GameApplicationServi - Removing overlay from LevelEndScene and adding to GameScene
09:58:02.000 [JavaFX Application Thread] DEBUG PrimaryStageWindow   - GameScene <- LevelEndScene
09:58:02.968 [JavaFX Application Thread] WARN  TMXLevelLoader       - TiledMap generated from 1.10.0. Supported version: 1.4.2. Some features may not be parsed fully.
09:58:02.979 [JavaFX Application Thread] DEBUG TMXLevelLoader       - Parsed TiledMap: file:/C:/ipose-groep-4/target/classes/assets/levels/tmx/level3.tmx
09:58:02.979 [JavaFX Application Thread] DEBUG TMXLevelLoader       - Creating tile layer entities
09:58:02.980 [JavaFX Application Thread] DEBUG TilesetLoader        - Loading view for layer Tile Layer 1
09:58:02.986 [JavaFX Application Thread] DEBUG TilesetLoader        - Created buffer with size 4900.0x700.0
09:58:03.008 [JavaFX Application Thread] DEBUG TMXLevelLoader       - Creating object layer entities
09:58:03.032 [JavaFX Application Thread] DEBUG GameWorld            - Clearing removable entities
09:58:03.036 [JavaFX Application Thread] DEBUG GameWorld            - Setting level: com.almasb.fxgl.entity.level.Level@6824b80b
09:58:24.400 [JavaFX Application Thread] DEBUG PrimaryStageWindow   - Push state: LevelEndScene
09:58:24.400 [JavaFX Application Thread] DEBUG Input                - Clearing active input actions
09:58:24.401 [JavaFX Application Thread] DEBUG GameApplicationServi - Removing overlay from GameScene and adding to LevelEndScene
09:58:24.401 [JavaFX Application Thread] DEBUG PrimaryStageWindow   - GameScene -> LevelEndScene
09:58:24.711 [JavaFX Application Thread] DEBUG PrimaryStageWindow   - Pop state: LevelEndScene
09:58:24.712 [JavaFX Application Thread] DEBUG Input                - Clearing active input actions
09:58:24.712 [JavaFX Application Thread] DEBUG GameApplicationServi - Removing overlay from LevelEndScene and adding to GameScene
09:58:24.712 [JavaFX Application Thread] DEBUG PrimaryStageWindow   - GameScene <- LevelEndScene
09:58:25.665 [JavaFX Application Thread] DEBUG AudioPlayer          - Pausing music com.almasb.fxgl.audio.Music@4731f295
09:58:25.710 [JavaFX Application Thread] DEBUG LoopRunner           - Pausing loop
09:58:25.712 [JavaFX Application Thread] DEBUG PrimaryStageWindow   - Push state: DialogSubScene
09:58:25.712 [JavaFX Application Thread] DEBUG Input                - Clearing active input actions
09:58:25.717 [JavaFX Application Thread] DEBUG GameApplicationServi - Removing overlay from GameScene and adding to DialogSubScene
09:58:25.718 [JavaFX Application Thread] DEBUG PrimaryStageWindow   - GameScene -> DialogSubScene
09:58:26.987 [JavaFX Application Thread] DEBUG PrimaryStageWindow   - Pop state: DialogSubScene
09:58:26.988 [JavaFX Application Thread] DEBUG Input                - Clearing active input actions
09:58:26.988 [JavaFX Application Thread] DEBUG GameApplicationServi - Removing overlay from DialogSubScene and adding to GameScene
09:58:26.989 [JavaFX Application Thread] DEBUG PrimaryStageWindow   - GameScene <- DialogSubScene
09:58:28.603 [JavaFX Application Thread] DEBUG FXGLApplication      - Exiting FXGL
09:58:28.604 [JavaFX Application Thread] DEBUG LoopRunner           - Stopping loop
09:58:28.604 [JavaFX Application Thread] DEBUG SystemBundleService  - Saving FXGL system data
09:58:28.607 [JavaFX Application Thread] DEBUG FileSystemAccess     - Writing to: C:\ipose-groep-4\system\fxgl.bundle
09:58:28.611 [JavaFX Application Thread] DEBUG Async                - Shutting down background threads
09:58:28.612 [JavaFX Application Thread] DEBUG PrimaryStageWindow   - Closing main window
09:58:28.633 [JavaFX Application Thread] DEBUG Logger               - Closing Logger
