10:58:09.584 [main                     ] DEBUG Logger               - Configured Logger
10:58:09.607 [main                     ] DEBUG GameApplication      - Logging settings
Title: hello world
Version: 1.0
Width: 800
Height: 800
Fullscreen: false
Intro: false
Profiling: false
Single step:false
App Mode: DEVELOPER
Menu Key: ESCAPE
Stage Style: DECORATED
Scene Factory: class com.almasb.fxgl.app.scene.SceneFactory

10:58:10.107 [JavaFX Application Thread] DEBUG FXGLApplication      - Initializing FXGL
10:58:10.110 [JavaFX Application Thread] INFO  Engine               - FXGL-17.1 (24.03.2022 17.34) on WINDOWS (J:19.0.1 FX:19-ea)
10:58:10.111 [JavaFX Application Thread] DEBUG Engine               - JRE Vendor Name: Oracle Corporation
10:58:10.111 [JavaFX Application Thread] DEBUG Engine               - Running on OS: Windows 10 version 10.0
10:58:10.111 [JavaFX Application Thread] DEBUG Engine               - Architecture: amd64
10:58:10.111 [JavaFX Application Thread] INFO  Engine               - Source code and latest versions at: https://github.com/AlmasB/FXGL
10:58:10.111 [JavaFX Application Thread] INFO  Engine               -       Ask questions and discuss at: https://github.com/AlmasB/FXGL/discussions
10:58:10.111 [JavaFX Application Thread] INFO  Engine               -              Join the FXGL chat at: https://gitter.im/AlmasB/FXGL
10:58:10.192 [JavaFX Application Thread] DEBUG PrimaryStageWindow   - Creating a JavaFX scene
10:58:10.230 [JavaFX Application Thread] DEBUG PrimaryStageWindow   - Target settings size: 800.0 x 800.0
10:58:10.230 [JavaFX Application Thread] DEBUG PrimaryStageWindow   - Scaled scene size:    800.0 x 800.0
10:58:10.230 [JavaFX Application Thread] DEBUG PrimaryStageWindow   - Scaled ratio: (1.0, 1.0)
10:58:10.231 [JavaFX Application Thread] DEBUG PrimaryStageWindow   - Set initial scene to FXGLStartupScene
10:58:10.237 [JavaFX Application Thread] DEBUG PrimaryStageWindow   - Opening main window
10:58:10.331 [JavaFX Application Thread] DEBUG PrimaryStageWindow   - Window border size: (14.4000244140625, 37.5999755859375)
10:58:10.331 [JavaFX Application Thread] DEBUG PrimaryStageWindow   - Scaled size: 800.0 x 800.0
10:58:10.332 [JavaFX Application Thread] DEBUG PrimaryStageWindow   - Scaled ratio: (1.0, 1.0)
10:58:10.332 [JavaFX Application Thread] DEBUG PrimaryStageWindow   - Scene size: 800.0 x 800.0
10:58:10.332 [JavaFX Application Thread] DEBUG PrimaryStageWindow   - Stage size: 814.4000244140625 x 837.5999755859375
10:58:10.343 [FXGL Background Thread 1 ] DEBUG Engine               - Initializing environment variables
10:58:10.392 [FXGL Background Thread 1 ] DEBUG FXGLAssetLoaderServi - User app class for loading assets: class com.example.demo1.HelloApplication
10:58:10.392 [FXGL Background Thread 1 ] DEBUG GameApplicationServi - Applying CSS: fxgl_dark.css
10:58:10.393 [FXGL Background Thread 1 ] DEBUG FXGLAssetLoaderServi - Loading from file system: jar:file:///C:/Users/koenm/.m2/repository/com/github/almasb/fxgl/17.1/fxgl-17.1.jar!/fxglassets/ui/css/fxgl_dark.css
10:58:10.429 [FXGL Background Thread 1 ] DEBUG GameApplicationServi - Initializing application scenes
10:58:10.461 [FXGL Background Thread 1 ] DEBUG GameWorld            - Game world initialized
10:58:10.517 [FXGL Background Thread 1 ] DEBUG PhysicsWorld         - Physics world initialized: appHeight=800, physics.ppm=50,0
10:58:10.517 [FXGL Background Thread 1 ] DEBUG PhysicsWorld         - Using strategy: BRUTE_FORCE
10:58:10.522 [FXGL Background Thread 1 ] DEBUG GameScene            - Game scene initialized: 800x800
10:58:10.533 [FXGL Background Thread 1 ] DEBUG FXGL.DefaultMenu     - createMenuBodyGameMenu()
10:58:10.545 [FXGL Background Thread 1 ] DEBUG FXGL.DefaultMenu     - createOptionsMenu()
10:58:10.555 [FXGL Background Thread 1 ] DEBUG FXGLAssetLoaderServi - Loading from file system: jar:file:///C:/Users/koenm/.m2/repository/com/github/almasb/fxgl/17.1/fxgl-17.1.jar!/fxglassets/textures/particles/smoke.png
10:58:10.631 [FXGL Background Thread 1 ] DEBUG FXGLAssetLoaderServi - Loading from file system: jar:file:///C:/Users/koenm/.m2/repository/com/github/almasb/fxgl/17.1/fxgl-17.1.jar!/fxglassets/textures/particles/trace_horizontal.png
10:58:10.663 [FXGL Background Thread 1 ] DEBUG GameApplicationServi - Application scenes initialized
10:58:10.678 [FXGL Background Thread 1 ] DEBUG SystemBundleService  - Loading FXGL system data
10:58:10.686 [FXGL Background Thread 1 ] DEBUG FileSystemAccess     - Reading from: C:\Users\koenm\IdeaProjects\demo1\system\fxgl.bundle
10:58:10.717 [FXGL Background Thread 1 ] DEBUG SystemBundleService  - Bundle FXGL: {}
10:58:10.717 [FXGL Background Thread 1 ] DEBUG UpdaterService       - Checking for updates
10:58:10.728 [FXGL Background Thread 4 ] DEBUG FXGLApplication      - Loading fonts
10:58:10.728 [FXGL Background Thread 1 ] DEBUG FXGLApplication      - Loading default localization
10:58:10.729 [FXGL Background Thread 4 ] DEBUG FXGLAssetLoaderServi - Loading from file system: jar:file:///C:/Users/koenm/.m2/repository/com/github/almasb/fxgl/17.1/fxgl-17.1.jar!/fxglassets/ui/fonts/VarelaRound-Regular.ttf
10:58:10.730 [FXGL Background Thread 1 ] DEBUG FXGLAssetLoaderServi - Loading from file system: jar:file:///C:/Users/koenm/.m2/repository/com/github/almasb/fxgl/17.1/fxgl-17.1.jar!/fxglassets/languages/english.lang
10:58:10.763 [FXGL Background Thread 1 ] INFO  FXGLApplication      - FXGL initialization took: 0,420 sec
10:58:10.776 [JavaFX Application Thread] DEBUG Input                - Registered new binding: action0 - D
10:58:10.777 [JavaFX Application Thread] DEBUG Input                - Registered new binding: action1 - A
10:58:10.777 [JavaFX Application Thread] DEBUG Input                - Registered new binding: action2 - W
10:58:10.778 [JavaFX Application Thread] DEBUG Input                - Registered new binding: action3 - S
10:58:10.779 [JavaFX Application Thread] DEBUG Input                - Registered new binding: action4 - F
10:58:10.779 [JavaFX Application Thread] DEBUG FXGLAssetLoaderServi - Loading from file system: jar:file:///C:/Users/koenm/.m2/repository/com/github/almasb/fxgl/17.1/fxgl-17.1.jar!/fxglassets/textures/fxgl_icon.png
10:58:10.804 [JavaFX Application Thread] DEBUG FXGLAssetLoaderServi - Loading from file system: jar:file:///C:/Users/koenm/.m2/repository/com/github/almasb/fxgl/17.1/fxgl-17.1.jar!/fxglassets/textures/fxgl_default_cursor.png
10:58:10.807 [JavaFX Application Thread] DEBUG Input                - Registered new binding: Screenshot - CTRL+8
10:58:10.808 [JavaFX Application Thread] DEBUG Input                - Registered new binding: System info dump - CTRL+9
10:58:10.808 [JavaFX Application Thread] DEBUG Input                - Registered new binding: Restart - CTRL+R
10:58:10.809 [JavaFX Application Thread] DEBUG Input                - Registered new binding: Toggle Debug Camera - CTRL+7
10:58:10.811 [JavaFX Application Thread] DEBUG LoopRunner           - Starting loop
10:58:10.811 [JavaFX Application Thread] DEBUG LoopRunner           - Initializing JavaFX AnimationTimerLoop
10:58:10.813 [JavaFX Application Thread] DEBUG GameApplicationServi - Starting new game
10:58:10.813 [JavaFX Application Thread] DEBUG Input                - Clearing active input actions
10:58:10.828 [JavaFX Application Thread] DEBUG GameApplicationServi - Removing overlay from FXGLStartupScene and adding to FXGLLoadingScene
10:58:10.828 [JavaFX Application Thread] DEBUG PrimaryStageWindow   - FXGLStartupScene -> FXGLLoadingScene
10:58:10.828 [JavaFX Application Thread] DEBUG GameApplicationServi - Clearing previous game
10:58:10.828 [JavaFX Application Thread] DEBUG GameScene            - Clearing game scene
10:58:10.828 [JavaFX Application Thread] DEBUG GameWorld            - Clearing game world
10:58:10.829 [JavaFX Application Thread] DEBUG PhysicsWorld         - Clearing physics world
10:58:10.830 [FXGL Background Thread 1 ] DEBUG FXGLApplication      - Initializing game
10:58:10.835 [FXGL Background Thread 1 ] DEBUG FXGLAssetLoaderServi - Loading from file system: file:/C:/Users/koenm/IdeaProjects/demo1/target/classes/assets/textures/brick.png
10:58:10.870 [FXGL Background Thread 4 ] DEBUG FXGLAssetLoaderServi - Loading from file system: jar:file:///C:/Users/koenm/.m2/repository/com/github/almasb/fxgl/17.1/fxgl-17.1.jar!/fxglassets/ui/fonts/Abel-Regular.ttf
10:58:10.874 [FXGL Background Thread 4 ] DEBUG FXGLAssetLoaderServi - Loading from file system: jar:file:///C:/Users/koenm/.m2/repository/com/github/almasb/fxgl/17.1/fxgl-17.1.jar!/fxglassets/ui/fonts/TerminalLandMono-Regular.otf
10:58:10.877 [FXGL Background Thread 4 ] DEBUG FXGLAssetLoaderServi - Loading from file system: jar:file:///C:/Users/koenm/.m2/repository/com/github/almasb/fxgl/17.1/fxgl-17.1.jar!/fxglassets/ui/fonts/Courier-Prime.ttf
10:58:10.890 [FXGL Background Thread 1 ] INFO  FXGLApplication      - Game initialization took: 0,060 sec
10:58:10.940 [JavaFX Application Thread] DEBUG FXGLApplication      - Registering font factories with UI factory
10:58:10.944 [JavaFX Application Thread] DEBUG Input                - Clearing active input actions
10:58:10.968 [JavaFX Application Thread] DEBUG GameApplicationServi - Removing overlay from FXGLLoadingScene and adding to GameScene
10:58:10.968 [JavaFX Application Thread] DEBUG PrimaryStageWindow   - FXGLLoadingScene -> GameScene
10:58:11.222 [FXGL Background Thread 2 ] INFO  UpdaterService       - Your current version:  17.1
10:58:11.222 [FXGL Background Thread 2 ] INFO  UpdaterService       - Latest stable version: 17.3
10:58:13.725 [FXGL Background Thread 3 ] DEBUG Engine               - Logging environment variables
10:58:13.725 [FXGL Background Thread 3 ] DEBUG Engine               - achievements: []
10:58:13.725 [FXGL Background Thread 3 ] DEBUG Engine               - actualHeight: 800.0
10:58:13.725 [FXGL Background Thread 3 ] DEBUG Engine               - actualHeightProperty: ReadOnlyDoubleProperty [value: 800.0]
10:58:13.725 [FXGL Background Thread 3 ] DEBUG Engine               - actualWidth: 800.0
10:58:13.725 [FXGL Background Thread 3 ] DEBUG Engine               - actualWidthProperty: ReadOnlyDoubleProperty [value: 800.0]
10:58:13.725 [FXGL Background Thread 3 ] DEBUG Engine               - appIcon: fxgl_icon.png
10:58:13.725 [FXGL Background Thread 3 ] DEBUG Engine               - applicationMode: DEVELOPER
10:58:13.725 [FXGL Background Thread 3 ] DEBUG Engine               - cSSList: [fxgl_dark.css]
10:58:13.725 [FXGL Background Thread 3 ] DEBUG Engine               - collisionDetectionStrategy: BRUTE_FORCE
10:58:13.726 [FXGL Background Thread 3 ] DEBUG Engine               - configClass: Optional.empty
10:58:13.726 [FXGL Background Thread 3 ] DEBUG Engine               - credits: []
10:58:13.726 [FXGL Background Thread 3 ] DEBUG Engine               - defaultCursor: CursorInfo(imageName=fxgl_default_cursor.png, hotspotX=7.0, hotspotY=6.0)
10:58:13.726 [FXGL Background Thread 3 ] DEBUG Engine               - devBBoxColorProperty: ObjectProperty [value: 0xff0000ff]
10:58:13.726 [FXGL Background Thread 3 ] DEBUG Engine               - devEnableDebugCameraProperty: BooleanProperty [value: false]
10:58:13.726 [FXGL Background Thread 3 ] DEBUG Engine               - devSensorColorProperty: ObjectProperty [value: 0xffff00ff]
10:58:13.726 [FXGL Background Thread 3 ] DEBUG Engine               - devShowBBoxProperty: BooleanProperty [value: false]
10:58:13.726 [FXGL Background Thread 3 ] DEBUG Engine               - devShowPositionProperty: BooleanProperty [value: false]
10:58:13.726 [FXGL Background Thread 3 ] DEBUG Engine               - enabledMenuItems: []
10:58:13.726 [FXGL Background Thread 3 ] DEBUG Engine               - engineServices: [class com.almasb.fxgl.app.services.FXGLAssetLoaderService, class com.almasb.fxgl.app.FXGLApplication$GameApplicationService, class com.almasb.fxgl.app.services.FXGLDialogService, class com.almasb.fxgl.app.services.IOTaskExecutorService, class com.almasb.fxgl.io.FileSystemService, class com.almasb.fxgl.localization.LocalizationService, class com.almasb.fxgl.app.services.SystemBundleService, class com.almasb.fxgl.profile.SaveLoadService, class com.almasb.fxgl.ui.FXGLUIFactoryServiceProvider, class com.almasb.fxgl.ui.FXGLDialogFactoryServiceProvider, class com.almasb.fxgl.audio.AudioPlayer, class com.almasb.fxgl.notification.impl.NotificationServiceProvider, class com.almasb.fxgl.achievement.AchievementService, class com.almasb.fxgl.cutscene.CutsceneService, class com.almasb.fxgl.minigames.MiniGameService, class com.almasb.fxgl.net.NetService, class com.almasb.fxgl.app.services.UpdaterService, class com.almasb.fxgl.dev.DevService]
10:58:13.726 [FXGL Background Thread 3 ] DEBUG Engine               - fontGame: Abel-Regular.ttf
10:58:13.726 [FXGL Background Thread 3 ] DEBUG Engine               - fontMono: TerminalLandMono-Regular.otf
10:58:13.726 [FXGL Background Thread 3 ] DEBUG Engine               - fontText: Courier-Prime.ttf
10:58:13.726 [FXGL Background Thread 3 ] DEBUG Engine               - fontUI: VarelaRound-Regular.ttf
10:58:13.727 [FXGL Background Thread 3 ] DEBUG Engine               - fullScreen: BooleanProperty [value: false]
10:58:13.727 [FXGL Background Thread 3 ] DEBUG Engine               - gameDifficulty: MEDIUM
10:58:13.727 [FXGL Background Thread 3 ] DEBUG Engine               - gameDifficultyProperty: ObjectProperty [value: MEDIUM]
10:58:13.727 [FXGL Background Thread 3 ] DEBUG Engine               - globalMusicVolume: 0.5
10:58:13.727 [FXGL Background Thread 3 ] DEBUG Engine               - globalMusicVolumeProperty: DoubleProperty [value: 0.5]
10:58:13.727 [FXGL Background Thread 3 ] DEBUG Engine               - globalSoundVolume: 0.5
10:58:13.727 [FXGL Background Thread 3 ] DEBUG Engine               - globalSoundVolumeProperty: DoubleProperty [value: 0.5]
10:58:13.727 [FXGL Background Thread 3 ] DEBUG Engine               - height: 800
10:58:13.727 [FXGL Background Thread 3 ] DEBUG Engine               - is3D: false
10:58:13.727 [FXGL Background Thread 3 ] DEBUG Engine               - isAndroid: false
10:58:13.727 [FXGL Background Thread 3 ] DEBUG Engine               - isBrowser: false
10:58:13.727 [FXGL Background Thread 3 ] DEBUG Engine               - isClickFeedbackEnabled: false
10:58:13.727 [FXGL Background Thread 3 ] DEBUG Engine               - isCloseConfirmation: false
10:58:13.727 [FXGL Background Thread 3 ] DEBUG Engine               - isDesktop: true
10:58:13.727 [FXGL Background Thread 3 ] DEBUG Engine               - isDeveloperMenuEnabled: false
10:58:13.727 [FXGL Background Thread 3 ] DEBUG Engine               - isEmbedded: false
10:58:13.727 [FXGL Background Thread 3 ] DEBUG Engine               - isEntityPreloadEnabled: true
10:58:13.727 [FXGL Background Thread 3 ] DEBUG Engine               - isExperimentalTiledLargeMap: false
10:58:13.727 [FXGL Background Thread 3 ] DEBUG Engine               - isFileSystemWriteAllowed: true
10:58:13.727 [FXGL Background Thread 3 ] DEBUG Engine               - isFullScreenAllowed: false
10:58:13.727 [FXGL Background Thread 3 ] DEBUG Engine               - isFullScreenFromStart: false
10:58:13.727 [FXGL Background Thread 3 ] DEBUG Engine               - isGameMenuEnabled: true
10:58:13.727 [FXGL Background Thread 3 ] DEBUG Engine               - isIOS: false
10:58:13.727 [FXGL Background Thread 3 ] DEBUG Engine               - isIntroEnabled: false
10:58:13.728 [FXGL Background Thread 3 ] DEBUG Engine               - isLinux: false
10:58:13.728 [FXGL Background Thread 3 ] DEBUG Engine               - isMac: false
10:58:13.728 [FXGL Background Thread 3 ] DEBUG Engine               - isMainMenuEnabled: false
10:58:13.728 [FXGL Background Thread 3 ] DEBUG Engine               - isManualResizeEnabled: false
10:58:13.728 [FXGL Background Thread 3 ] DEBUG Engine               - isMobile: false
10:58:13.728 [FXGL Background Thread 3 ] DEBUG Engine               - isNative: false
10:58:13.728 [FXGL Background Thread 3 ] DEBUG Engine               - isPauseMusicWhenMinimized: true
10:58:13.728 [FXGL Background Thread 3 ] DEBUG Engine               - isPreserveResizeRatio: false
10:58:13.728 [FXGL Background Thread 3 ] DEBUG Engine               - isProfilingEnabled: false
10:58:13.728 [FXGL Background Thread 3 ] DEBUG Engine               - isScaleAffectedOnResize: true
10:58:13.728 [FXGL Background Thread 3 ] DEBUG Engine               - isSingleStep: false
10:58:13.728 [FXGL Background Thread 3 ] DEBUG Engine               - isUserProfileEnabled: false
10:58:13.728 [FXGL Background Thread 3 ] DEBUG Engine               - isWindows: true
10:58:13.728 [FXGL Background Thread 3 ] DEBUG Engine               - language: ObjectProperty [value: ENGLISH]
10:58:13.728 [FXGL Background Thread 3 ] DEBUG Engine               - menuKey: ESCAPE
10:58:13.728 [FXGL Background Thread 3 ] DEBUG Engine               - mouseSensitivity: 0.2
10:58:13.728 [FXGL Background Thread 3 ] DEBUG Engine               - notificationViewClass: class com.almasb.fxgl.notification.view.XboxNotificationView
10:58:13.728 [FXGL Background Thread 3 ] DEBUG Engine               - pixelsPerMeter: 50.0
10:58:13.728 [FXGL Background Thread 3 ] DEBUG Engine               - platform: WINDOWS
10:58:13.728 [FXGL Background Thread 3 ] DEBUG Engine               - prefHeightProperty: ReadOnlyDoubleProperty [value: 800.0]
10:58:13.728 [FXGL Background Thread 3 ] DEBUG Engine               - prefWidthProperty: ReadOnlyDoubleProperty [value: 800.0]
10:58:13.728 [FXGL Background Thread 3 ] DEBUG Engine               - profileDir: profiles/
10:58:13.729 [FXGL Background Thread 3 ] DEBUG Engine               - profileName: StringProperty [value: DEFAULT]
10:58:13.729 [FXGL Background Thread 3 ] DEBUG Engine               - randomSeed: -1
10:58:13.729 [FXGL Background Thread 3 ] DEBUG Engine               - runtimeInfo: RuntimeInfo(platform=WINDOWS, version=17.1, build=24.03.2022 17.34)
10:58:13.729 [FXGL Background Thread 3 ] DEBUG Engine               - saveFileExt: sav
10:58:13.729 [FXGL Background Thread 3 ] DEBUG Engine               - scaledHeightProp$fxgl: DoubleProperty [bound, value: 800.0]
10:58:13.729 [FXGL Background Thread 3 ] DEBUG Engine               - scaledWidthProp$fxgl: DoubleProperty [bound, value: 800.0]
10:58:13.729 [FXGL Background Thread 3 ] DEBUG Engine               - sceneFactory: com.almasb.fxgl.app.scene.SceneFactory@4813f26d
10:58:13.729 [FXGL Background Thread 3 ] DEBUG Engine               - secondsIn24h: 60
10:58:13.729 [FXGL Background Thread 3 ] DEBUG Engine               - soundMenuBack: menu/back.wav
10:58:13.729 [FXGL Background Thread 3 ] DEBUG Engine               - soundMenuPress: menu/press.wav
10:58:13.729 [FXGL Background Thread 3 ] DEBUG Engine               - soundMenuSelect: menu/select.wav
10:58:13.729 [FXGL Background Thread 3 ] DEBUG Engine               - soundNotification: core/notification.wav
10:58:13.729 [FXGL Background Thread 3 ] DEBUG Engine               - stageStyle: DECORATED
10:58:13.729 [FXGL Background Thread 3 ] DEBUG Engine               - supportedLanguages: [ENGLISH, FRENCH, GERMAN, HUNGARIAN, RUSSIAN]
10:58:13.729 [FXGL Background Thread 3 ] DEBUG Engine               - ticksPerSecond: -1
10:58:13.729 [FXGL Background Thread 3 ] DEBUG Engine               - title: hello world
10:58:13.729 [FXGL Background Thread 3 ] DEBUG Engine               - urlGithub: https://github.com/AlmasB/FXGL
10:58:13.729 [FXGL Background Thread 3 ] DEBUG Engine               - urlLeaderboard: http://fxgl-top.herokuapp.com/
10:58:13.729 [FXGL Background Thread 3 ] DEBUG Engine               - urlPOM: https://raw.githubusercontent.com/AlmasB/FXGL/release/README.md
10:58:13.730 [FXGL Background Thread 3 ] DEBUG Engine               - userAppClass: class com.example.demo1.HelloApplication
10:58:13.730 [FXGL Background Thread 3 ] DEBUG Engine               - version: 1.0
10:58:13.730 [FXGL Background Thread 3 ] DEBUG Engine               - versionCheckDays: 7
10:58:13.730 [FXGL Background Thread 3 ] DEBUG Engine               - width: 800
10:58:13.730 [FXGL Background Thread 3 ] DEBUG Engine               - Logging services
10:58:13.730 [FXGL Background Thread 3 ] DEBUG Engine               - class com.almasb.fxgl.app.services.FXGLAssetLoaderService
10:58:13.730 [FXGL Background Thread 3 ] DEBUG Engine               - class com.almasb.fxgl.app.FXGLApplication$GameApplicationService
10:58:13.730 [FXGL Background Thread 3 ] DEBUG Engine               - class com.almasb.fxgl.app.services.FXGLDialogService
10:58:13.730 [FXGL Background Thread 3 ] DEBUG Engine               - class com.almasb.fxgl.app.services.IOTaskExecutorService
10:58:13.730 [FXGL Background Thread 3 ] DEBUG Engine               - class com.almasb.fxgl.io.FileSystemService
10:58:13.730 [FXGL Background Thread 3 ] DEBUG Engine               - class com.almasb.fxgl.localization.LocalizationService
10:58:13.730 [FXGL Background Thread 3 ] DEBUG Engine               - class com.almasb.fxgl.app.services.SystemBundleService
10:58:13.730 [FXGL Background Thread 3 ] DEBUG Engine               - class com.almasb.fxgl.profile.SaveLoadService
10:58:13.730 [FXGL Background Thread 3 ] DEBUG Engine               - class com.almasb.fxgl.ui.FXGLUIFactoryServiceProvider
10:58:13.730 [FXGL Background Thread 3 ] DEBUG Engine               - class com.almasb.fxgl.ui.FXGLDialogFactoryServiceProvider
10:58:13.730 [FXGL Background Thread 3 ] DEBUG Engine               - class com.almasb.fxgl.audio.AudioPlayer
10:58:13.730 [FXGL Background Thread 3 ] DEBUG Engine               - class com.almasb.fxgl.notification.impl.NotificationServiceProvider
10:58:13.730 [FXGL Background Thread 3 ] DEBUG Engine               - class com.almasb.fxgl.achievement.AchievementService
10:58:13.730 [FXGL Background Thread 3 ] DEBUG Engine               - class com.almasb.fxgl.cutscene.CutsceneService
10:58:13.730 [FXGL Background Thread 3 ] DEBUG Engine               - class com.almasb.fxgl.minigames.MiniGameService
10:58:13.730 [FXGL Background Thread 3 ] DEBUG Engine               - class com.almasb.fxgl.net.NetService
10:58:13.730 [FXGL Background Thread 3 ] DEBUG Engine               - class com.almasb.fxgl.app.services.UpdaterService
10:58:13.730 [FXGL Background Thread 3 ] DEBUG Engine               - class com.almasb.fxgl.dev.DevService
10:58:22.132 [JavaFX Application Thread] DEBUG FXGLApplication      - Exiting FXGL
10:58:22.132 [JavaFX Application Thread] DEBUG LoopRunner           - Stopping loop
10:58:22.132 [JavaFX Application Thread] DEBUG SystemBundleService  - Saving FXGL system data
10:58:22.134 [JavaFX Application Thread] DEBUG FileSystemAccess     - Writing to: C:\Users\koenm\IdeaProjects\demo1\system\fxgl.bundle
10:58:22.137 [JavaFX Application Thread] DEBUG Async                - Shutting down background threads
10:58:22.138 [JavaFX Application Thread] DEBUG PrimaryStageWindow   - Closing main window
10:58:22.147 [JavaFX Application Thread] DEBUG Logger               - Closing Logger
