12:41:58.618 [main                     ] DEBUG Logger               - Configured Logger
12:41:58.670 [main                     ] DEBUG GameApplication      - Logging settings
Title: Miguel
Version: 1.0
Width: 1280
Height: 720
Fullscreen: false
Intro: false
Profiling: false
Single step:false
App Mode: DEVELOPER
Menu Key: ESCAPE
Stage Style: DECORATED
Scene Factory: class com.almasb.fxglgames.platformer.PlatformerApp$1

12:41:59.233 [JavaFX Application Thread] DEBUG FXGLApplication      - Initializing FXGL
12:41:59.240 [JavaFX Application Thread] INFO  Engine               - FXGL-17.1 (24.03.2022 17.34) on WINDOWS (J:19.0.1 FX:19-ea)
12:41:59.241 [JavaFX Application Thread] DEBUG Engine               - JRE Vendor Name: Oracle Corporation
12:41:59.241 [JavaFX Application Thread] DEBUG Engine               - Running on OS: Windows 10 version 10.0
12:41:59.242 [JavaFX Application Thread] DEBUG Engine               - Architecture: amd64
12:41:59.242 [JavaFX Application Thread] INFO  Engine               - Source code and latest versions at: https://github.com/AlmasB/FXGL
12:41:59.243 [JavaFX Application Thread] INFO  Engine               -       Ask questions and discuss at: https://github.com/AlmasB/FXGL/discussions
12:41:59.243 [JavaFX Application Thread] INFO  Engine               -              Join the FXGL chat at: https://gitter.im/AlmasB/FXGL
12:41:59.388 [JavaFX Application Thread] DEBUG PrimaryStageWindow   - Creating a JavaFX scene
12:41:59.471 [JavaFX Application Thread] DEBUG PrimaryStageWindow   - Target settings size: 1280.0 x 720.0
12:41:59.472 [JavaFX Application Thread] DEBUG PrimaryStageWindow   - Scaled scene size:    1280.0 x 720.0
12:41:59.472 [JavaFX Application Thread] DEBUG PrimaryStageWindow   - Scaled ratio: (1.0, 1.0)
12:41:59.474 [JavaFX Application Thread] DEBUG PrimaryStageWindow   - Set initial scene to FXGLStartupScene
12:41:59.485 [JavaFX Application Thread] DEBUG PrimaryStageWindow   - Opening main window
12:41:59.646 [JavaFX Application Thread] DEBUG PrimaryStageWindow   - Window border size: (14.4000244140625, 37.5999755859375)
12:41:59.646 [JavaFX Application Thread] DEBUG PrimaryStageWindow   - Scaled size: 1280.0 x 720.0
12:41:59.647 [JavaFX Application Thread] DEBUG PrimaryStageWindow   - Scaled ratio: (1.0, 1.0)
12:41:59.648 [JavaFX Application Thread] DEBUG PrimaryStageWindow   - Scene size: 1280.0 x 720.0
12:41:59.648 [JavaFX Application Thread] DEBUG PrimaryStageWindow   - Stage size: 1294.4000244140625 x 757.5999755859375
12:41:59.665 [FXGL Background Thread 1 ] DEBUG Engine               - Initializing environment variables
12:41:59.752 [FXGL Background Thread 1 ] DEBUG FXGLAssetLoaderServi - User app class for loading assets: class com.almasb.fxglgames.platformer.PlatformerApp
12:41:59.753 [FXGL Background Thread 1 ] DEBUG GameApplicationServi - Applying CSS: fxgl_dark.css
12:41:59.754 [FXGL Background Thread 1 ] DEBUG FXGLAssetLoaderServi - Loading from file system: jar:file:///C:/Users/jardk/.m2/repository/com/github/almasb/fxgl/17.1/fxgl-17.1.jar!/fxglassets/ui/css/fxgl_dark.css
12:41:59.835 [FXGL Background Thread 1 ] DEBUG GameApplicationServi - Initializing application scenes
12:41:59.913 [FXGL Background Thread 1 ] DEBUG FXGLAssetLoaderServi - Loading from file system: file:/C:/ipose-groep-4/target/classes/assets/textures/player.png
12:41:59.970 [FXGL Background Thread 1 ] DEBUG GameWorld            - Game world initialized
12:42:00.056 [FXGL Background Thread 1 ] DEBUG PhysicsWorld         - Physics world initialized: appHeight=720, physics.ppm=50,0
12:42:00.057 [FXGL Background Thread 1 ] DEBUG PhysicsWorld         - Using strategy: BRUTE_FORCE
12:42:00.065 [FXGL Background Thread 1 ] DEBUG GameScene            - Game scene initialized: 1280x720
12:42:00.079 [FXGL Background Thread 1 ] DEBUG FXGL.DefaultMenu     - createMenuBodyMainMenu()
12:42:00.105 [FXGL Background Thread 1 ] DEBUG FXGL.DefaultMenu     - createOptionsMenu()
12:42:00.124 [FXGL Background Thread 1 ] DEBUG FXGLAssetLoaderServi - Loading from file system: jar:file:///C:/Users/jardk/.m2/repository/com/github/almasb/fxgl/17.1/fxgl-17.1.jar!/fxglassets/textures/particles/smoke.png
12:42:00.296 [FXGL Background Thread 1 ] DEBUG FXGLAssetLoaderServi - Loading from file system: jar:file:///C:/Users/jardk/.m2/repository/com/github/almasb/fxgl/17.1/fxgl-17.1.jar!/fxglassets/textures/particles/trace_horizontal.png
12:42:00.345 [FXGL Background Thread 1 ] DEBUG FXGL.DefaultMenu     - createMenuBodyGameMenu()
12:42:00.347 [FXGL Background Thread 1 ] DEBUG FXGL.DefaultMenu     - createOptionsMenu()
12:42:00.375 [FXGL Background Thread 1 ] DEBUG GameApplicationServi - Application scenes initialized
12:42:00.392 [FXGL Background Thread 1 ] DEBUG SystemBundleService  - Loading FXGL system data
12:42:00.406 [FXGL Background Thread 1 ] DEBUG FileSystemAccess     - Reading from: C:\ipose-groep-4\system\fxgl.bundle
12:42:00.420 [FXGL Background Thread 1 ] DEBUG SystemBundleService  - Bundle FXGL: {}
12:42:00.420 [FXGL Background Thread 1 ] DEBUG UpdaterService       - Checking for updates
12:42:00.427 [FXGL Background Thread 4 ] DEBUG FXGLApplication      - Loading fonts
12:42:00.428 [FXGL Background Thread 1 ] DEBUG FXGLApplication      - Loading default localization
12:42:00.428 [FXGL Background Thread 4 ] DEBUG FXGLAssetLoaderServi - Loading from file system: jar:file:///C:/Users/jardk/.m2/repository/com/github/almasb/fxgl/17.1/fxgl-17.1.jar!/fxglassets/ui/fonts/VarelaRound-Regular.ttf
12:42:00.429 [FXGL Background Thread 1 ] DEBUG FXGLAssetLoaderServi - Loading from file system: jar:file:///C:/Users/jardk/.m2/repository/com/github/almasb/fxgl/17.1/fxgl-17.1.jar!/fxglassets/languages/english.lang
12:42:00.462 [FXGL Background Thread 1 ] INFO  FXGLApplication      - FXGL initialization took: 0,798 sec
12:42:00.478 [JavaFX Application Thread] DEBUG Input                - Registered new binding: Left - A
12:42:00.478 [JavaFX Application Thread] DEBUG Input                - Registered new binding: Right - D
12:42:00.479 [JavaFX Application Thread] DEBUG Input                - Registered new binding: Jump - W
12:42:00.479 [JavaFX Application Thread] DEBUG Input                - Registered new binding: Use - E
12:42:00.480 [JavaFX Application Thread] DEBUG FXGLAssetLoaderServi - Loading from file system: file:/C:/ipose-groep-4/target/classes/assets/music/BGM_dash_runner.wav
12:42:00.511 [FXGL Background Thread 4 ] DEBUG FXGLAssetLoaderServi - Loading from file system: jar:file:///C:/Users/jardk/.m2/repository/com/github/almasb/fxgl/17.1/fxgl-17.1.jar!/fxglassets/ui/fonts/Abel-Regular.ttf
12:42:00.516 [FXGL Background Thread 4 ] DEBUG FXGLAssetLoaderServi - Loading from file system: jar:file:///C:/Users/jardk/.m2/repository/com/github/almasb/fxgl/17.1/fxgl-17.1.jar!/fxglassets/ui/fonts/TerminalLandMono-Regular.otf
12:42:00.535 [FXGL Background Thread 4 ] DEBUG FXGLAssetLoaderServi - Loading from file system: jar:file:///C:/Users/jardk/.m2/repository/com/github/almasb/fxgl/17.1/fxgl-17.1.jar!/fxglassets/ui/fonts/Courier-Prime.ttf
12:42:00.696 [JavaFX Application Thread] DEBUG AudioPlayer          - Playing music com.almasb.fxgl.audio.Music@13bb18a1
12:42:00.697 [JavaFX Application Thread] DEBUG FXGLAssetLoaderServi - Loading from file system: jar:file:///C:/Users/jardk/.m2/repository/com/github/almasb/fxgl/17.1/fxgl-17.1.jar!/fxglassets/textures/fxgl_icon.png
12:42:00.726 [JavaFX Application Thread] DEBUG FXGLAssetLoaderServi - Loading from file system: jar:file:///C:/Users/jardk/.m2/repository/com/github/almasb/fxgl/17.1/fxgl-17.1.jar!/fxglassets/textures/fxgl_default_cursor.png
12:42:00.730 [JavaFX Application Thread] DEBUG Input                - Registered new binding: Screenshot - CTRL+8
12:42:00.730 [JavaFX Application Thread] DEBUG Input                - Registered new binding: System info dump - CTRL+9
12:42:00.730 [JavaFX Application Thread] DEBUG Input                - Registered new binding: Restart - CTRL+R
12:42:00.731 [JavaFX Application Thread] DEBUG Input                - Registered new binding: Toggle Debug Camera - CTRL+7
12:42:00.734 [JavaFX Application Thread] DEBUG LoopRunner           - Starting loop
12:42:00.735 [JavaFX Application Thread] DEBUG LoopRunner           - Initializing JavaFX AnimationTimerLoop
12:42:00.738 [JavaFX Application Thread] DEBUG Input                - Clearing active input actions
12:42:00.757 [JavaFX Application Thread] DEBUG GameApplicationServi - Removing overlay from FXGLStartupScene and adding to FXGLMainMenuDummyScene
12:42:00.758 [JavaFX Application Thread] DEBUG PrimaryStageWindow   - FXGLStartupScene -> FXGLMainMenuDummyScene
12:42:00.758 [JavaFX Application Thread] DEBUG PrimaryStageWindow   - Push state: FXGLDefaultMenu
12:42:00.768 [JavaFX Application Thread] DEBUG Input                - Clearing active input actions
12:42:00.779 [JavaFX Application Thread] DEBUG GameApplicationServi - Removing overlay from FXGLMainMenuDummyScene and adding to FXGLDefaultMenu
12:42:00.780 [JavaFX Application Thread] DEBUG PrimaryStageWindow   - FXGLMainMenuDummyScene -> FXGLDefaultMenu
12:42:00.780 [JavaFX Application Thread] DEBUG FXGLApplication      - Registering font factories with UI factory
12:42:00.977 [FXGL Background Thread 2 ] INFO  UpdaterService       - Your current version:  17.1
12:42:00.977 [FXGL Background Thread 2 ] INFO  UpdaterService       - Latest stable version: 17.3
12:42:02.625 [JavaFX Application Thread] DEBUG Menu                 - fireNewGame()
12:42:02.626 [JavaFX Application Thread] DEBUG GameApplicationServi - Starting new game
12:42:02.628 [JavaFX Application Thread] DEBUG PrimaryStageWindow   - Pop state: FXGLDefaultMenu
12:42:02.629 [JavaFX Application Thread] DEBUG Input                - Clearing active input actions
12:42:02.630 [JavaFX Application Thread] DEBUG GameApplicationServi - Removing overlay from FXGLDefaultMenu and adding to FXGLMainMenuDummyScene
12:42:02.631 [JavaFX Application Thread] DEBUG PrimaryStageWindow   - FXGLMainMenuDummyScene <- FXGLDefaultMenu
12:42:02.632 [JavaFX Application Thread] DEBUG Input                - Clearing active input actions
12:42:02.645 [JavaFX Application Thread] DEBUG GameApplicationServi - Removing overlay from FXGLMainMenuDummyScene and adding to MainLoadingScene
12:42:02.646 [JavaFX Application Thread] DEBUG PrimaryStageWindow   - FXGLMainMenuDummyScene -> MainLoadingScene
12:42:02.646 [JavaFX Application Thread] DEBUG GameApplicationServi - Clearing previous game
12:42:02.646 [JavaFX Application Thread] DEBUG GameScene            - Clearing game scene
12:42:02.646 [JavaFX Application Thread] DEBUG GameWorld            - Clearing game world
12:42:02.646 [JavaFX Application Thread] DEBUG PhysicsWorld         - Clearing physics world
12:42:02.651 [FXGL Background Thread 2 ] DEBUG FXGLApplication      - Initializing game
12:42:02.720 [FXGL Background Thread 2 ] WARN  TMXLevelLoader       - TiledMap generated from 1.10.0. Supported version: 1.4.2. Some features may not be parsed fully.
12:42:02.734 [FXGL Background Thread 2 ] DEBUG TMXLevelLoader       - Parsed TiledMap: file:/C:/ipose-groep-4/target/classes/assets/levels/tmx/level1.tmx
12:42:02.736 [FXGL Background Thread 2 ] DEBUG TMXLevelLoader       - Creating tile layer entities
12:42:02.738 [FXGL Background Thread 2 ] DEBUG TilesetLoader        - Loading view for layer Tile Layer 1
12:42:02.742 [FXGL Background Thread 2 ] DEBUG TilesetLoader        - Created buffer with size 4900.0x700.0
12:42:02.780 [FXGL Background Thread 2 ] DEBUG TMXLevelLoader       - Creating object layer entities
12:42:02.815 [FXGL Background Thread 2 ] DEBUG GameWorld            - Clearing removable entities
12:42:02.816 [FXGL Background Thread 2 ] DEBUG GameWorld            - Setting level: com.almasb.fxgl.entity.level.Level@53e72447
12:42:02.842 [FXGL Background Thread 2 ] DEBUG FXGLAssetLoaderServi - Loading from file system: file:/C:/ipose-groep-4/target/classes/assets/textures/trump.png
12:42:02.849 [FXGL Background Thread 2 ] DEBUG FXGLAssetLoaderServi - Loading from file system: file:/C:/ipose-groep-4/target/classes/assets/textures/background/forest.png
12:42:02.876 [FXGL Background Thread 2 ] INFO  FXGLApplication      - Game initialization took: 0,225 sec
12:42:02.877 [JavaFX Application Thread] DEBUG Input                - Clearing active input actions
12:42:02.885 [JavaFX Application Thread] DEBUG GameApplicationServi - Removing overlay from MainLoadingScene and adding to GameScene
12:42:02.886 [JavaFX Application Thread] DEBUG PrimaryStageWindow   - MainLoadingScene -> GameScene
12:42:03.425 [FXGL Background Thread 3 ] DEBUG Engine               - Logging environment variables
12:42:03.427 [FXGL Background Thread 3 ] DEBUG Engine               - achievements: []
12:42:03.428 [FXGL Background Thread 3 ] DEBUG Engine               - actualHeight: 720.0
12:42:03.428 [FXGL Background Thread 3 ] DEBUG Engine               - actualHeightProperty: ReadOnlyDoubleProperty [value: 720.0]
12:42:03.428 [FXGL Background Thread 3 ] DEBUG Engine               - actualWidth: 1280.0
12:42:03.428 [FXGL Background Thread 3 ] DEBUG Engine               - actualWidthProperty: ReadOnlyDoubleProperty [value: 1280.0]
12:42:03.428 [FXGL Background Thread 3 ] DEBUG Engine               - appIcon: fxgl_icon.png
12:42:03.428 [FXGL Background Thread 3 ] DEBUG Engine               - applicationMode: DEVELOPER
12:42:03.428 [FXGL Background Thread 3 ] DEBUG Engine               - cSSList: [fxgl_dark.css]
12:42:03.429 [FXGL Background Thread 3 ] DEBUG Engine               - collisionDetectionStrategy: BRUTE_FORCE
12:42:03.429 [FXGL Background Thread 3 ] DEBUG Engine               - configClass: Optional.empty
12:42:03.429 [FXGL Background Thread 3 ] DEBUG Engine               - credits: []
12:42:03.429 [FXGL Background Thread 3 ] DEBUG Engine               - defaultCursor: CursorInfo(imageName=fxgl_default_cursor.png, hotspotX=7.0, hotspotY=6.0)
12:42:03.430 [FXGL Background Thread 3 ] DEBUG Engine               - devBBoxColorProperty: ObjectProperty [value: 0xff0000ff]
12:42:03.430 [FXGL Background Thread 3 ] DEBUG Engine               - devEnableDebugCameraProperty: BooleanProperty [value: false]
12:42:03.430 [FXGL Background Thread 3 ] DEBUG Engine               - devSensorColorProperty: ObjectProperty [value: 0xffff00ff]
12:42:03.430 [FXGL Background Thread 3 ] DEBUG Engine               - devShowBBoxProperty: BooleanProperty [value: false]
12:42:03.430 [FXGL Background Thread 3 ] DEBUG Engine               - devShowPositionProperty: BooleanProperty [value: false]
12:42:03.430 [FXGL Background Thread 3 ] DEBUG Engine               - enabledMenuItems: []
12:42:03.430 [FXGL Background Thread 3 ] DEBUG Engine               - engineServices: [class com.almasb.fxgl.app.services.FXGLAssetLoaderService, class com.almasb.fxgl.app.FXGLApplication$GameApplicationService, class com.almasb.fxgl.app.services.FXGLDialogService, class com.almasb.fxgl.app.services.IOTaskExecutorService, class com.almasb.fxgl.io.FileSystemService, class com.almasb.fxgl.localization.LocalizationService, class com.almasb.fxgl.app.services.SystemBundleService, class com.almasb.fxgl.profile.SaveLoadService, class com.almasb.fxgl.ui.FXGLUIFactoryServiceProvider, class com.almasb.fxgl.ui.FXGLDialogFactoryServiceProvider, class com.almasb.fxgl.audio.AudioPlayer, class com.almasb.fxgl.notification.impl.NotificationServiceProvider, class com.almasb.fxgl.achievement.AchievementService, class com.almasb.fxgl.cutscene.CutsceneService, class com.almasb.fxgl.minigames.MiniGameService, class com.almasb.fxgl.net.NetService, class com.almasb.fxgl.app.services.UpdaterService, class com.almasb.fxgl.dev.DevService]
12:42:03.431 [FXGL Background Thread 3 ] DEBUG Engine               - fontGame: Abel-Regular.ttf
12:42:03.431 [FXGL Background Thread 3 ] DEBUG Engine               - fontMono: TerminalLandMono-Regular.otf
12:42:03.431 [FXGL Background Thread 3 ] DEBUG Engine               - fontText: Courier-Prime.ttf
12:42:03.431 [FXGL Background Thread 3 ] DEBUG Engine               - fontUI: VarelaRound-Regular.ttf
12:42:03.431 [FXGL Background Thread 3 ] DEBUG Engine               - fullScreen: BooleanProperty [value: false]
12:42:03.431 [FXGL Background Thread 3 ] DEBUG Engine               - gameDifficulty: MEDIUM
12:42:03.432 [FXGL Background Thread 3 ] DEBUG Engine               - gameDifficultyProperty: ObjectProperty [value: MEDIUM]
12:42:03.432 [FXGL Background Thread 3 ] DEBUG Engine               - globalMusicVolume: 0.5
12:42:03.432 [FXGL Background Thread 3 ] DEBUG Engine               - globalMusicVolumeProperty: DoubleProperty [value: 0.25]
12:42:03.432 [FXGL Background Thread 3 ] DEBUG Engine               - globalSoundVolume: 0.5
12:42:03.432 [FXGL Background Thread 3 ] DEBUG Engine               - globalSoundVolumeProperty: DoubleProperty [value: 0.5]
12:42:03.433 [FXGL Background Thread 3 ] DEBUG Engine               - height: 720
12:42:03.433 [FXGL Background Thread 3 ] DEBUG Engine               - is3D: false
12:42:03.433 [FXGL Background Thread 3 ] DEBUG Engine               - isAndroid: false
12:42:03.433 [FXGL Background Thread 3 ] DEBUG Engine               - isBrowser: false
12:42:03.433 [FXGL Background Thread 3 ] DEBUG Engine               - isClickFeedbackEnabled: false
12:42:03.433 [FXGL Background Thread 3 ] DEBUG Engine               - isCloseConfirmation: false
12:42:03.433 [FXGL Background Thread 3 ] DEBUG Engine               - isDesktop: true
12:42:03.433 [FXGL Background Thread 3 ] DEBUG Engine               - isDeveloperMenuEnabled: false
12:42:03.433 [FXGL Background Thread 3 ] DEBUG Engine               - isEmbedded: false
12:42:03.433 [FXGL Background Thread 3 ] DEBUG Engine               - isEntityPreloadEnabled: true
12:42:03.433 [FXGL Background Thread 3 ] DEBUG Engine               - isExperimentalTiledLargeMap: false
12:42:03.433 [FXGL Background Thread 3 ] DEBUG Engine               - isFileSystemWriteAllowed: true
12:42:03.433 [FXGL Background Thread 3 ] DEBUG Engine               - isFullScreenAllowed: false
12:42:03.433 [FXGL Background Thread 3 ] DEBUG Engine               - isFullScreenFromStart: false
12:42:03.433 [FXGL Background Thread 3 ] DEBUG Engine               - isGameMenuEnabled: true
12:42:03.433 [FXGL Background Thread 3 ] DEBUG Engine               - isIOS: false
12:42:03.433 [FXGL Background Thread 3 ] DEBUG Engine               - isIntroEnabled: false
12:42:03.434 [FXGL Background Thread 3 ] DEBUG Engine               - isLinux: false
12:42:03.434 [FXGL Background Thread 3 ] DEBUG Engine               - isMac: false
12:42:03.434 [FXGL Background Thread 3 ] DEBUG Engine               - isMainMenuEnabled: true
12:42:03.434 [FXGL Background Thread 3 ] DEBUG Engine               - isManualResizeEnabled: false
12:42:03.434 [FXGL Background Thread 3 ] DEBUG Engine               - isMobile: false
12:42:03.434 [FXGL Background Thread 3 ] DEBUG Engine               - isNative: false
12:42:03.434 [FXGL Background Thread 3 ] DEBUG Engine               - isPauseMusicWhenMinimized: true
12:42:03.434 [FXGL Background Thread 3 ] DEBUG Engine               - isPreserveResizeRatio: false
12:42:03.434 [FXGL Background Thread 3 ] DEBUG Engine               - isProfilingEnabled: false
12:42:03.434 [FXGL Background Thread 3 ] DEBUG Engine               - isScaleAffectedOnResize: true
12:42:03.434 [FXGL Background Thread 3 ] DEBUG Engine               - isSingleStep: false
12:42:03.434 [FXGL Background Thread 3 ] DEBUG Engine               - isUserProfileEnabled: false
12:42:03.434 [FXGL Background Thread 3 ] DEBUG Engine               - isWindows: true
12:42:03.435 [FXGL Background Thread 3 ] DEBUG Engine               - language: ObjectProperty [value: ENGLISH]
12:42:03.435 [FXGL Background Thread 3 ] DEBUG Engine               - menuKey: ESCAPE
12:42:03.435 [FXGL Background Thread 3 ] DEBUG Engine               - mouseSensitivity: 0.2
12:42:03.435 [FXGL Background Thread 3 ] DEBUG Engine               - notificationViewClass: class com.almasb.fxgl.notification.view.XboxNotificationView
12:42:03.435 [FXGL Background Thread 3 ] DEBUG Engine               - pixelsPerMeter: 50.0
12:42:03.435 [FXGL Background Thread 3 ] DEBUG Engine               - platform: WINDOWS
12:42:03.435 [FXGL Background Thread 3 ] DEBUG Engine               - prefHeightProperty: ReadOnlyDoubleProperty [value: 720.0]
12:42:03.435 [FXGL Background Thread 3 ] DEBUG Engine               - prefWidthProperty: ReadOnlyDoubleProperty [value: 1280.0]
12:42:03.435 [FXGL Background Thread 3 ] DEBUG Engine               - profileDir: profiles/
12:42:03.435 [FXGL Background Thread 3 ] DEBUG Engine               - profileName: StringProperty [value: DEFAULT]
12:42:03.435 [FXGL Background Thread 3 ] DEBUG Engine               - randomSeed: -1
12:42:03.436 [FXGL Background Thread 3 ] DEBUG Engine               - runtimeInfo: RuntimeInfo(platform=WINDOWS, version=17.1, build=24.03.2022 17.34)
12:42:03.436 [FXGL Background Thread 3 ] DEBUG Engine               - saveFileExt: sav
12:42:03.436 [FXGL Background Thread 3 ] DEBUG Engine               - scaledHeightProp$fxgl: DoubleProperty [bound, value: 720.0]
12:42:03.436 [FXGL Background Thread 3 ] DEBUG Engine               - scaledWidthProp$fxgl: DoubleProperty [bound, value: 1280.0]
12:42:03.436 [FXGL Background Thread 3 ] DEBUG Engine               - sceneFactory: com.almasb.fxglgames.platformer.PlatformerApp$1@388fff7
12:42:03.436 [FXGL Background Thread 3 ] DEBUG Engine               - secondsIn24h: 60
12:42:03.436 [FXGL Background Thread 3 ] DEBUG Engine               - soundMenuBack: menu/back.wav
12:42:03.436 [FXGL Background Thread 3 ] DEBUG Engine               - soundMenuPress: menu/press.wav
12:42:03.436 [FXGL Background Thread 3 ] DEBUG Engine               - soundMenuSelect: menu/select.wav
12:42:03.436 [FXGL Background Thread 3 ] DEBUG Engine               - soundNotification: core/notification.wav
12:42:03.436 [FXGL Background Thread 3 ] DEBUG Engine               - stageStyle: DECORATED
12:42:03.437 [FXGL Background Thread 3 ] DEBUG Engine               - supportedLanguages: [ENGLISH, FRENCH, GERMAN, HUNGARIAN, RUSSIAN]
12:42:03.437 [FXGL Background Thread 3 ] DEBUG Engine               - ticksPerSecond: -1
12:42:03.437 [FXGL Background Thread 3 ] DEBUG Engine               - title: Miguel
12:42:03.437 [FXGL Background Thread 3 ] DEBUG Engine               - urlGithub: https://github.com/AlmasB/FXGL
12:42:03.437 [FXGL Background Thread 3 ] DEBUG Engine               - urlLeaderboard: http://fxgl-top.herokuapp.com/
12:42:03.437 [FXGL Background Thread 3 ] DEBUG Engine               - urlPOM: https://raw.githubusercontent.com/AlmasB/FXGL/release/README.md
12:42:03.437 [FXGL Background Thread 3 ] DEBUG Engine               - userAppClass: class com.almasb.fxglgames.platformer.PlatformerApp
12:42:03.437 [FXGL Background Thread 3 ] DEBUG Engine               - version: 1.0
12:42:03.437 [FXGL Background Thread 3 ] DEBUG Engine               - versionCheckDays: 7
12:42:03.437 [FXGL Background Thread 3 ] DEBUG Engine               - width: 1280
12:42:03.437 [FXGL Background Thread 3 ] DEBUG Engine               - Logging services
12:42:03.437 [FXGL Background Thread 3 ] DEBUG Engine               - class com.almasb.fxgl.app.services.FXGLAssetLoaderService
12:42:03.437 [FXGL Background Thread 3 ] DEBUG Engine               - class com.almasb.fxgl.app.FXGLApplication$GameApplicationService
12:42:03.437 [FXGL Background Thread 3 ] DEBUG Engine               - class com.almasb.fxgl.app.services.FXGLDialogService
12:42:03.437 [FXGL Background Thread 3 ] DEBUG Engine               - class com.almasb.fxgl.app.services.IOTaskExecutorService
12:42:03.437 [FXGL Background Thread 3 ] DEBUG Engine               - class com.almasb.fxgl.io.FileSystemService
12:42:03.437 [FXGL Background Thread 3 ] DEBUG Engine               - class com.almasb.fxgl.localization.LocalizationService
12:42:03.437 [FXGL Background Thread 3 ] DEBUG Engine               - class com.almasb.fxgl.app.services.SystemBundleService
12:42:03.438 [FXGL Background Thread 3 ] DEBUG Engine               - class com.almasb.fxgl.profile.SaveLoadService
12:42:03.438 [FXGL Background Thread 3 ] DEBUG Engine               - class com.almasb.fxgl.ui.FXGLUIFactoryServiceProvider
12:42:03.438 [FXGL Background Thread 3 ] DEBUG Engine               - class com.almasb.fxgl.ui.FXGLDialogFactoryServiceProvider
12:42:03.438 [FXGL Background Thread 3 ] DEBUG Engine               - class com.almasb.fxgl.audio.AudioPlayer
12:42:03.438 [FXGL Background Thread 3 ] DEBUG Engine               - class com.almasb.fxgl.notification.impl.NotificationServiceProvider
12:42:03.438 [FXGL Background Thread 3 ] DEBUG Engine               - class com.almasb.fxgl.achievement.AchievementService
12:42:03.439 [FXGL Background Thread 3 ] DEBUG Engine               - class com.almasb.fxgl.cutscene.CutsceneService
12:42:03.439 [FXGL Background Thread 3 ] DEBUG Engine               - class com.almasb.fxgl.minigames.MiniGameService
12:42:03.439 [FXGL Background Thread 3 ] DEBUG Engine               - class com.almasb.fxgl.net.NetService
12:42:03.439 [FXGL Background Thread 3 ] DEBUG Engine               - class com.almasb.fxgl.app.services.UpdaterService
12:42:03.439 [FXGL Background Thread 3 ] DEBUG Engine               - class com.almasb.fxgl.dev.DevService
12:42:08.997 [JavaFX Application Thread] DEBUG PrimaryStageWindow   - Push state: DialogSubScene
12:42:08.998 [JavaFX Application Thread] DEBUG Input                - Clearing active input actions
12:42:09.000 [JavaFX Application Thread] DEBUG GameApplicationServi - Removing overlay from GameScene and adding to DialogSubScene
12:42:09.000 [JavaFX Application Thread] DEBUG PrimaryStageWindow   - GameScene -> DialogSubScene
12:42:16.915 [JavaFX Application Thread] DEBUG PrimaryStageWindow   - Pop state: DialogSubScene
12:42:16.915 [JavaFX Application Thread] DEBUG Input                - Clearing active input actions
12:42:16.916 [JavaFX Application Thread] DEBUG GameApplicationServi - Removing overlay from DialogSubScene and adding to GameScene
12:42:16.917 [JavaFX Application Thread] DEBUG PrimaryStageWindow   - GameScene <- DialogSubScene
12:42:16.917 [JavaFX Application Thread] DEBUG GameApplicationServi - Starting new game
12:42:16.917 [JavaFX Application Thread] DEBUG Input                - Clearing active input actions
12:42:16.925 [JavaFX Application Thread] DEBUG GameApplicationServi - Removing overlay from GameScene and adding to MainLoadingScene
12:42:16.925 [JavaFX Application Thread] DEBUG PrimaryStageWindow   - GameScene -> MainLoadingScene
12:42:16.925 [JavaFX Application Thread] DEBUG GameApplicationServi - Clearing previous game
12:42:16.926 [JavaFX Application Thread] DEBUG GameScene            - Clearing game scene
12:42:16.926 [JavaFX Application Thread] DEBUG GameWorld            - Clearing game world
12:42:16.933 [JavaFX Application Thread] DEBUG PhysicsWorld         - Clearing physics world
12:42:16.934 [FXGL Background Thread 2 ] DEBUG FXGLApplication      - Initializing game
12:42:16.937 [FXGL Background Thread 2 ] WARN  TMXLevelLoader       - TiledMap generated from 1.10.0. Supported version: 1.4.2. Some features may not be parsed fully.
12:42:16.947 [FXGL Background Thread 2 ] DEBUG TMXLevelLoader       - Parsed TiledMap: file:/C:/ipose-groep-4/target/classes/assets/levels/tmx/level1.tmx
12:42:16.947 [FXGL Background Thread 2 ] DEBUG TMXLevelLoader       - Creating tile layer entities
12:42:16.948 [FXGL Background Thread 2 ] DEBUG TilesetLoader        - Loading view for layer Tile Layer 1
12:42:16.959 [FXGL Background Thread 2 ] DEBUG TilesetLoader        - Created buffer with size 4900.0x700.0
12:42:16.988 [FXGL Background Thread 2 ] DEBUG TMXLevelLoader       - Creating object layer entities
12:42:16.998 [FXGL Background Thread 2 ] DEBUG GameWorld            - Clearing removable entities
12:42:16.998 [FXGL Background Thread 2 ] DEBUG GameWorld            - Setting level: com.almasb.fxgl.entity.level.Level@13f16881
12:42:17.007 [FXGL Background Thread 2 ] INFO  FXGLApplication      - Game initialization took: 0,073 sec
12:42:17.008 [JavaFX Application Thread] DEBUG Input                - Clearing active input actions
12:42:17.016 [JavaFX Application Thread] DEBUG GameApplicationServi - Removing overlay from MainLoadingScene and adding to GameScene
12:42:17.017 [JavaFX Application Thread] DEBUG PrimaryStageWindow   - MainLoadingScene -> GameScene
12:42:20.171 [JavaFX Application Thread] DEBUG FXGLApplication      - Exiting FXGL
12:42:20.171 [JavaFX Application Thread] DEBUG LoopRunner           - Stopping loop
12:42:20.171 [JavaFX Application Thread] DEBUG SystemBundleService  - Saving FXGL system data
12:42:20.175 [JavaFX Application Thread] DEBUG FileSystemAccess     - Writing to: C:\ipose-groep-4\system\fxgl.bundle
12:42:20.180 [JavaFX Application Thread] DEBUG Async                - Shutting down background threads
12:42:20.180 [JavaFX Application Thread] DEBUG PrimaryStageWindow   - Closing main window
12:42:20.209 [JavaFX Application Thread] DEBUG Logger               - Closing Logger
