10:26:48.089 [main                     ] DEBUG Logger               - Configured Logger
10:26:48.149 [main                     ] DEBUG GameApplication      - Logging settings
Title: Miguel
Version: 1.0
Width: 1280
Height: 720
Fullscreen: false
Intro: false
Profiling: false
Single step:false
App Mode: DEVELOPER
Menu Key: ESCAPE
Stage Style: DECORATED
Scene Factory: class com.almasb.fxglgames.platformer.PlatformerApp$1

10:26:48.689 [JavaFX Application Thread] DEBUG FXGLApplication      - Initializing FXGL
10:26:48.697 [JavaFX Application Thread] INFO  Engine               - FXGL-17.1 (24.03.2022 17.34) on WINDOWS (J:19.0.1 FX:19-ea)
10:26:48.698 [JavaFX Application Thread] DEBUG Engine               - JRE Vendor Name: Oracle Corporation
10:26:48.698 [JavaFX Application Thread] DEBUG Engine               - Running on OS: Windows 10 version 10.0
10:26:48.699 [JavaFX Application Thread] DEBUG Engine               - Architecture: amd64
10:26:48.699 [JavaFX Application Thread] INFO  Engine               - Source code and latest versions at: https://github.com/AlmasB/FXGL
10:26:48.699 [JavaFX Application Thread] INFO  Engine               -       Ask questions and discuss at: https://github.com/AlmasB/FXGL/discussions
10:26:48.699 [JavaFX Application Thread] INFO  Engine               -              Join the FXGL chat at: https://gitter.im/AlmasB/FXGL
10:26:48.835 [JavaFX Application Thread] DEBUG PrimaryStageWindow   - Creating a JavaFX scene
10:26:48.909 [JavaFX Application Thread] DEBUG PrimaryStageWindow   - Target settings size: 1280.0 x 720.0
10:26:48.910 [JavaFX Application Thread] DEBUG PrimaryStageWindow   - Scaled scene size:    1280.0 x 720.0
10:26:48.910 [JavaFX Application Thread] DEBUG PrimaryStageWindow   - Scaled ratio: (1.0, 1.0)
10:26:48.912 [JavaFX Application Thread] DEBUG PrimaryStageWindow   - Set initial scene to FXGLStartupScene
10:26:48.924 [JavaFX Application Thread] DEBUG PrimaryStageWindow   - Opening main window
10:26:49.052 [JavaFX Application Thread] DEBUG PrimaryStageWindow   - Window border size: (14.4000244140625, 37.5999755859375)
10:26:49.052 [JavaFX Application Thread] DEBUG PrimaryStageWindow   - Scaled size: 1280.0 x 720.0
10:26:49.053 [JavaFX Application Thread] DEBUG PrimaryStageWindow   - Scaled ratio: (1.0, 1.0)
10:26:49.053 [JavaFX Application Thread] DEBUG PrimaryStageWindow   - Scene size: 1280.0 x 720.0
10:26:49.054 [JavaFX Application Thread] DEBUG PrimaryStageWindow   - Stage size: 1294.4000244140625 x 757.5999755859375
10:26:49.067 [FXGL Background Thread 1 ] DEBUG Engine               - Initializing environment variables
10:26:49.158 [FXGL Background Thread 1 ] DEBUG FXGLAssetLoaderServi - User app class for loading assets: class com.almasb.fxglgames.platformer.PlatformerApp
10:26:49.158 [FXGL Background Thread 1 ] DEBUG GameApplicationServi - Applying CSS: fxgl_dark.css
10:26:49.159 [FXGL Background Thread 1 ] DEBUG FXGLAssetLoaderServi - Loading from file system: jar:file:///C:/Users/jardk/.m2/repository/com/github/almasb/fxgl/17.1/fxgl-17.1.jar!/fxglassets/ui/css/fxgl_dark.css
10:26:49.243 [FXGL Background Thread 1 ] DEBUG GameApplicationServi - Initializing application scenes
10:26:49.324 [FXGL Background Thread 1 ] DEBUG FXGLAssetLoaderServi - Loading from file system: file:/C:/ipose-groep-4/target/classes/assets/textures/player.png
10:26:49.374 [FXGL Background Thread 1 ] DEBUG GameWorld            - Game world initialized
10:26:49.471 [FXGL Background Thread 1 ] DEBUG PhysicsWorld         - Physics world initialized: appHeight=720, physics.ppm=50,0
10:26:49.472 [FXGL Background Thread 1 ] DEBUG PhysicsWorld         - Using strategy: BRUTE_FORCE
10:26:49.480 [FXGL Background Thread 1 ] DEBUG GameScene            - Game scene initialized: 1280x720
10:26:49.495 [FXGL Background Thread 1 ] DEBUG FXGL.DefaultMenu     - createMenuBodyGameMenu()
10:26:49.521 [FXGL Background Thread 1 ] DEBUG FXGL.DefaultMenu     - createOptionsMenu()
10:26:49.544 [FXGL Background Thread 1 ] DEBUG FXGLAssetLoaderServi - Loading from file system: jar:file:///C:/Users/jardk/.m2/repository/com/github/almasb/fxgl/17.1/fxgl-17.1.jar!/fxglassets/textures/particles/smoke.png
10:26:49.762 [FXGL Background Thread 1 ] DEBUG FXGLAssetLoaderServi - Loading from file system: jar:file:///C:/Users/jardk/.m2/repository/com/github/almasb/fxgl/17.1/fxgl-17.1.jar!/fxglassets/textures/particles/trace_horizontal.png
10:26:49.828 [FXGL Background Thread 1 ] DEBUG GameApplicationServi - Application scenes initialized
10:26:49.857 [FXGL Background Thread 1 ] DEBUG SystemBundleService  - Loading FXGL system data
10:26:49.870 [FXGL Background Thread 1 ] DEBUG FileSystemAccess     - Reading from: C:\ipose-groep-4\system\fxgl.bundle
10:26:49.894 [FXGL Background Thread 1 ] DEBUG SystemBundleService  - Bundle FXGL: {}
10:26:49.894 [FXGL Background Thread 1 ] DEBUG UpdaterService       - Checking for updates
10:26:49.905 [FXGL Background Thread 4 ] DEBUG FXGLApplication      - Loading fonts
10:26:49.906 [FXGL Background Thread 1 ] DEBUG FXGLApplication      - Loading default localization
10:26:49.906 [FXGL Background Thread 4 ] DEBUG FXGLAssetLoaderServi - Loading from file system: jar:file:///C:/Users/jardk/.m2/repository/com/github/almasb/fxgl/17.1/fxgl-17.1.jar!/fxglassets/ui/fonts/VarelaRound-Regular.ttf
10:26:49.908 [FXGL Background Thread 1 ] DEBUG FXGLAssetLoaderServi - Loading from file system: jar:file:///C:/Users/jardk/.m2/repository/com/github/almasb/fxgl/17.1/fxgl-17.1.jar!/fxglassets/languages/english.lang
10:26:49.941 [FXGL Background Thread 1 ] INFO  FXGLApplication      - FXGL initialization took: 0,874 sec
10:26:49.959 [JavaFX Application Thread] DEBUG Input                - Registered new binding: Left - A
10:26:49.960 [JavaFX Application Thread] DEBUG Input                - Registered new binding: Right - D
10:26:49.960 [JavaFX Application Thread] DEBUG Input                - Registered new binding: Jump - W
10:26:49.960 [JavaFX Application Thread] DEBUG Input                - Registered new binding: Use - E
10:26:49.961 [JavaFX Application Thread] DEBUG FXGLAssetLoaderServi - Loading from file system: file:/C:/ipose-groep-4/target/classes/assets/music/BGM_dash_runner.wav
10:26:50.007 [FXGL Background Thread 4 ] DEBUG FXGLAssetLoaderServi - Loading from file system: jar:file:///C:/Users/jardk/.m2/repository/com/github/almasb/fxgl/17.1/fxgl-17.1.jar!/fxglassets/ui/fonts/Abel-Regular.ttf
10:26:50.014 [FXGL Background Thread 4 ] DEBUG FXGLAssetLoaderServi - Loading from file system: jar:file:///C:/Users/jardk/.m2/repository/com/github/almasb/fxgl/17.1/fxgl-17.1.jar!/fxglassets/ui/fonts/TerminalLandMono-Regular.otf
10:26:50.021 [FXGL Background Thread 4 ] DEBUG FXGLAssetLoaderServi - Loading from file system: jar:file:///C:/Users/jardk/.m2/repository/com/github/almasb/fxgl/17.1/fxgl-17.1.jar!/fxglassets/ui/fonts/Courier-Prime.ttf
10:26:50.187 [JavaFX Application Thread] DEBUG AudioPlayer          - Playing music com.almasb.fxgl.audio.Music@11d32c31
10:26:50.188 [JavaFX Application Thread] DEBUG FXGLAssetLoaderServi - Loading from file system: jar:file:///C:/Users/jardk/.m2/repository/com/github/almasb/fxgl/17.1/fxgl-17.1.jar!/fxglassets/textures/fxgl_icon.png
10:26:50.216 [JavaFX Application Thread] DEBUG FXGLAssetLoaderServi - Loading from file system: jar:file:///C:/Users/jardk/.m2/repository/com/github/almasb/fxgl/17.1/fxgl-17.1.jar!/fxglassets/textures/fxgl_default_cursor.png
10:26:50.220 [JavaFX Application Thread] DEBUG Input                - Registered new binding: Screenshot - CTRL+8
10:26:50.221 [JavaFX Application Thread] DEBUG Input                - Registered new binding: System info dump - CTRL+9
10:26:50.221 [JavaFX Application Thread] DEBUG Input                - Registered new binding: Restart - CTRL+R
10:26:50.223 [JavaFX Application Thread] DEBUG Input                - Registered new binding: Toggle Debug Camera - CTRL+7
10:26:50.226 [JavaFX Application Thread] DEBUG LoopRunner           - Starting loop
10:26:50.226 [JavaFX Application Thread] DEBUG LoopRunner           - Initializing JavaFX AnimationTimerLoop
10:26:50.228 [JavaFX Application Thread] DEBUG GameApplicationServi - Starting new game
10:26:50.229 [JavaFX Application Thread] DEBUG Input                - Clearing active input actions
10:26:50.268 [JavaFX Application Thread] DEBUG GameApplicationServi - Removing overlay from FXGLStartupScene and adding to MainLoadingScene
10:26:50.269 [JavaFX Application Thread] DEBUG PrimaryStageWindow   - FXGLStartupScene -> MainLoadingScene
10:26:50.269 [JavaFX Application Thread] DEBUG GameApplicationServi - Clearing previous game
10:26:50.269 [JavaFX Application Thread] DEBUG GameScene            - Clearing game scene
10:26:50.269 [JavaFX Application Thread] DEBUG GameWorld            - Clearing game world
10:26:50.269 [JavaFX Application Thread] DEBUG PhysicsWorld         - Clearing physics world
10:26:50.272 [FXGL Background Thread 4 ] DEBUG FXGLApplication      - Initializing game
10:26:50.277 [JavaFX Application Thread] DEBUG FXGLApplication      - Registering font factories with UI factory
10:26:50.346 [FXGL Background Thread 4 ] WARN  TMXLevelLoader       - TiledMap generated from 1.10.0. Supported version: 1.4.2. Some features may not be parsed fully.
10:26:50.376 [FXGL Background Thread 4 ] DEBUG TMXLevelLoader       - Parsed TiledMap: file:/C:/ipose-groep-4/target/classes/assets/levels/tmx/level1.tmx
10:26:50.378 [FXGL Background Thread 4 ] DEBUG TMXLevelLoader       - Creating tile layer entities
10:26:50.381 [FXGL Background Thread 4 ] DEBUG TilesetLoader        - Loading view for layer Tile Layer 1
10:26:50.388 [FXGL Background Thread 4 ] DEBUG TilesetLoader        - Created buffer with size 4900.0x700.0
10:26:50.430 [FXGL Background Thread 4 ] DEBUG TMXLevelLoader       - Creating object layer entities
10:26:50.476 [FXGL Background Thread 4 ] DEBUG GameWorld            - Clearing removable entities
10:26:50.478 [FXGL Background Thread 4 ] DEBUG GameWorld            - Setting level: com.almasb.fxgl.entity.level.Level@738be8a7
10:26:50.515 [FXGL Background Thread 4 ] DEBUG FXGLAssetLoaderServi - Loading from file system: file:/C:/ipose-groep-4/target/classes/assets/textures/trump.png
10:26:50.524 [FXGL Background Thread 4 ] DEBUG FXGLAssetLoaderServi - Loading from file system: file:/C:/ipose-groep-4/target/classes/assets/textures/background/forest.png
10:26:50.552 [FXGL Background Thread 2 ] INFO  UpdaterService       - Your current version:  17.1
10:26:50.553 [FXGL Background Thread 2 ] INFO  UpdaterService       - Latest stable version: 17.3
10:26:50.559 [FXGL Background Thread 4 ] INFO  FXGLApplication      - Game initialization took: 0,287 sec
10:26:50.560 [JavaFX Application Thread] DEBUG Input                - Clearing active input actions
10:26:50.571 [JavaFX Application Thread] DEBUG GameApplicationServi - Removing overlay from MainLoadingScene and adding to GameScene
10:26:50.572 [JavaFX Application Thread] DEBUG PrimaryStageWindow   - MainLoadingScene -> GameScene
10:26:52.903 [FXGL Background Thread 3 ] DEBUG Engine               - Logging environment variables
10:26:52.904 [FXGL Background Thread 3 ] DEBUG Engine               - achievements: []
10:26:52.904 [FXGL Background Thread 3 ] DEBUG Engine               - actualHeight: 720.0
10:26:52.904 [FXGL Background Thread 3 ] DEBUG Engine               - actualHeightProperty: ReadOnlyDoubleProperty [value: 720.0]
10:26:52.905 [FXGL Background Thread 3 ] DEBUG Engine               - actualWidth: 1280.0
10:26:52.905 [FXGL Background Thread 3 ] DEBUG Engine               - actualWidthProperty: ReadOnlyDoubleProperty [value: 1280.0]
10:26:52.905 [FXGL Background Thread 3 ] DEBUG Engine               - appIcon: fxgl_icon.png
10:26:52.905 [FXGL Background Thread 3 ] DEBUG Engine               - applicationMode: DEVELOPER
10:26:52.905 [FXGL Background Thread 3 ] DEBUG Engine               - cSSList: [fxgl_dark.css]
10:26:52.905 [FXGL Background Thread 3 ] DEBUG Engine               - collisionDetectionStrategy: BRUTE_FORCE
10:26:52.905 [FXGL Background Thread 3 ] DEBUG Engine               - configClass: Optional.empty
10:26:52.905 [FXGL Background Thread 3 ] DEBUG Engine               - credits: []
10:26:52.906 [FXGL Background Thread 3 ] DEBUG Engine               - defaultCursor: CursorInfo(imageName=fxgl_default_cursor.png, hotspotX=7.0, hotspotY=6.0)
10:26:52.907 [FXGL Background Thread 3 ] DEBUG Engine               - devBBoxColorProperty: ObjectProperty [value: 0xff0000ff]
10:26:52.907 [FXGL Background Thread 3 ] DEBUG Engine               - devEnableDebugCameraProperty: BooleanProperty [value: false]
10:26:52.907 [FXGL Background Thread 3 ] DEBUG Engine               - devSensorColorProperty: ObjectProperty [value: 0xffff00ff]
10:26:52.907 [FXGL Background Thread 3 ] DEBUG Engine               - devShowBBoxProperty: BooleanProperty [value: false]
10:26:52.907 [FXGL Background Thread 3 ] DEBUG Engine               - devShowPositionProperty: BooleanProperty [value: false]
10:26:52.907 [FXGL Background Thread 3 ] DEBUG Engine               - enabledMenuItems: []
10:26:52.907 [FXGL Background Thread 3 ] DEBUG Engine               - engineServices: [class com.almasb.fxgl.app.services.FXGLAssetLoaderService, class com.almasb.fxgl.app.FXGLApplication$GameApplicationService, class com.almasb.fxgl.app.services.FXGLDialogService, class com.almasb.fxgl.app.services.IOTaskExecutorService, class com.almasb.fxgl.io.FileSystemService, class com.almasb.fxgl.localization.LocalizationService, class com.almasb.fxgl.app.services.SystemBundleService, class com.almasb.fxgl.profile.SaveLoadService, class com.almasb.fxgl.ui.FXGLUIFactoryServiceProvider, class com.almasb.fxgl.ui.FXGLDialogFactoryServiceProvider, class com.almasb.fxgl.audio.AudioPlayer, class com.almasb.fxgl.notification.impl.NotificationServiceProvider, class com.almasb.fxgl.achievement.AchievementService, class com.almasb.fxgl.cutscene.CutsceneService, class com.almasb.fxgl.minigames.MiniGameService, class com.almasb.fxgl.net.NetService, class com.almasb.fxgl.app.services.UpdaterService, class com.almasb.fxgl.dev.DevService]
10:26:52.907 [FXGL Background Thread 3 ] DEBUG Engine               - fontGame: Abel-Regular.ttf
10:26:52.907 [FXGL Background Thread 3 ] DEBUG Engine               - fontMono: TerminalLandMono-Regular.otf
10:26:52.908 [FXGL Background Thread 3 ] DEBUG Engine               - fontText: Courier-Prime.ttf
10:26:52.908 [FXGL Background Thread 3 ] DEBUG Engine               - fontUI: VarelaRound-Regular.ttf
10:26:52.908 [FXGL Background Thread 3 ] DEBUG Engine               - fullScreen: BooleanProperty [value: false]
10:26:52.908 [FXGL Background Thread 3 ] DEBUG Engine               - gameDifficulty: MEDIUM
10:26:52.908 [FXGL Background Thread 3 ] DEBUG Engine               - gameDifficultyProperty: ObjectProperty [value: MEDIUM]
10:26:52.908 [FXGL Background Thread 3 ] DEBUG Engine               - globalMusicVolume: 0.5
10:26:52.908 [FXGL Background Thread 3 ] DEBUG Engine               - globalMusicVolumeProperty: DoubleProperty [value: 0.25]
10:26:52.908 [FXGL Background Thread 3 ] DEBUG Engine               - globalSoundVolume: 0.5
10:26:52.908 [FXGL Background Thread 3 ] DEBUG Engine               - globalSoundVolumeProperty: DoubleProperty [value: 0.5]
10:26:52.909 [FXGL Background Thread 3 ] DEBUG Engine               - height: 720
10:26:52.909 [FXGL Background Thread 3 ] DEBUG Engine               - is3D: false
10:26:52.909 [FXGL Background Thread 3 ] DEBUG Engine               - isAndroid: false
10:26:52.909 [FXGL Background Thread 3 ] DEBUG Engine               - isBrowser: false
10:26:52.909 [FXGL Background Thread 3 ] DEBUG Engine               - isClickFeedbackEnabled: false
10:26:52.909 [FXGL Background Thread 3 ] DEBUG Engine               - isCloseConfirmation: false
10:26:52.909 [FXGL Background Thread 3 ] DEBUG Engine               - isDesktop: true
10:26:52.909 [FXGL Background Thread 3 ] DEBUG Engine               - isDeveloperMenuEnabled: false
10:26:52.909 [FXGL Background Thread 3 ] DEBUG Engine               - isEmbedded: false
10:26:52.909 [FXGL Background Thread 3 ] DEBUG Engine               - isEntityPreloadEnabled: true
10:26:52.909 [FXGL Background Thread 3 ] DEBUG Engine               - isExperimentalTiledLargeMap: false
10:26:52.910 [FXGL Background Thread 3 ] DEBUG Engine               - isFileSystemWriteAllowed: true
10:26:52.910 [FXGL Background Thread 3 ] DEBUG Engine               - isFullScreenAllowed: false
10:26:52.910 [FXGL Background Thread 3 ] DEBUG Engine               - isFullScreenFromStart: false
10:26:52.910 [FXGL Background Thread 3 ] DEBUG Engine               - isGameMenuEnabled: true
10:26:52.910 [FXGL Background Thread 3 ] DEBUG Engine               - isIOS: false
10:26:52.910 [FXGL Background Thread 3 ] DEBUG Engine               - isIntroEnabled: false
10:26:52.910 [FXGL Background Thread 3 ] DEBUG Engine               - isLinux: false
10:26:52.910 [FXGL Background Thread 3 ] DEBUG Engine               - isMac: false
10:26:52.910 [FXGL Background Thread 3 ] DEBUG Engine               - isMainMenuEnabled: false
10:26:52.910 [FXGL Background Thread 3 ] DEBUG Engine               - isManualResizeEnabled: false
10:26:52.910 [FXGL Background Thread 3 ] DEBUG Engine               - isMobile: false
10:26:52.911 [FXGL Background Thread 3 ] DEBUG Engine               - isNative: false
10:26:52.911 [FXGL Background Thread 3 ] DEBUG Engine               - isPauseMusicWhenMinimized: true
10:26:52.911 [FXGL Background Thread 3 ] DEBUG Engine               - isPreserveResizeRatio: false
10:26:52.911 [FXGL Background Thread 3 ] DEBUG Engine               - isProfilingEnabled: false
10:26:52.911 [FXGL Background Thread 3 ] DEBUG Engine               - isScaleAffectedOnResize: true
10:26:52.911 [FXGL Background Thread 3 ] DEBUG Engine               - isSingleStep: false
10:26:52.911 [FXGL Background Thread 3 ] DEBUG Engine               - isUserProfileEnabled: false
10:26:52.911 [FXGL Background Thread 3 ] DEBUG Engine               - isWindows: true
10:26:52.911 [FXGL Background Thread 3 ] DEBUG Engine               - language: ObjectProperty [value: ENGLISH]
10:26:52.911 [FXGL Background Thread 3 ] DEBUG Engine               - menuKey: ESCAPE
10:26:52.911 [FXGL Background Thread 3 ] DEBUG Engine               - mouseSensitivity: 0.2
10:26:52.912 [FXGL Background Thread 3 ] DEBUG Engine               - notificationViewClass: class com.almasb.fxgl.notification.view.XboxNotificationView
10:26:52.912 [FXGL Background Thread 3 ] DEBUG Engine               - pixelsPerMeter: 50.0
10:26:52.912 [FXGL Background Thread 3 ] DEBUG Engine               - platform: WINDOWS
10:26:52.912 [FXGL Background Thread 3 ] DEBUG Engine               - prefHeightProperty: ReadOnlyDoubleProperty [value: 720.0]
10:26:52.912 [FXGL Background Thread 3 ] DEBUG Engine               - prefWidthProperty: ReadOnlyDoubleProperty [value: 1280.0]
10:26:52.912 [FXGL Background Thread 3 ] DEBUG Engine               - profileDir: profiles/
10:26:52.912 [FXGL Background Thread 3 ] DEBUG Engine               - profileName: StringProperty [value: DEFAULT]
10:26:52.912 [FXGL Background Thread 3 ] DEBUG Engine               - randomSeed: -1
10:26:52.913 [FXGL Background Thread 3 ] DEBUG Engine               - runtimeInfo: RuntimeInfo(platform=WINDOWS, version=17.1, build=24.03.2022 17.34)
10:26:52.913 [FXGL Background Thread 3 ] DEBUG Engine               - saveFileExt: sav
10:26:52.913 [FXGL Background Thread 3 ] DEBUG Engine               - scaledHeightProp$fxgl: DoubleProperty [bound, value: 720.0]
10:26:52.913 [FXGL Background Thread 3 ] DEBUG Engine               - scaledWidthProp$fxgl: DoubleProperty [bound, value: 1280.0]
10:26:52.913 [FXGL Background Thread 3 ] DEBUG Engine               - sceneFactory: com.almasb.fxglgames.platformer.PlatformerApp$1@3d4ff3c4
10:26:52.913 [FXGL Background Thread 3 ] DEBUG Engine               - secondsIn24h: 60
10:26:52.913 [FXGL Background Thread 3 ] DEBUG Engine               - soundMenuBack: menu/back.wav
10:26:52.914 [FXGL Background Thread 3 ] DEBUG Engine               - soundMenuPress: menu/press.wav
10:26:52.914 [FXGL Background Thread 3 ] DEBUG Engine               - soundMenuSelect: menu/select.wav
10:26:52.914 [FXGL Background Thread 3 ] DEBUG Engine               - soundNotification: core/notification.wav
10:26:52.914 [FXGL Background Thread 3 ] DEBUG Engine               - stageStyle: DECORATED
10:26:52.914 [FXGL Background Thread 3 ] DEBUG Engine               - supportedLanguages: [ENGLISH, FRENCH, GERMAN, HUNGARIAN, RUSSIAN]
10:26:52.914 [FXGL Background Thread 3 ] DEBUG Engine               - ticksPerSecond: -1
10:26:52.914 [FXGL Background Thread 3 ] DEBUG Engine               - title: Miguel
10:26:52.914 [FXGL Background Thread 3 ] DEBUG Engine               - urlGithub: https://github.com/AlmasB/FXGL
10:26:52.914 [FXGL Background Thread 3 ] DEBUG Engine               - urlLeaderboard: http://fxgl-top.herokuapp.com/
10:26:52.914 [FXGL Background Thread 3 ] DEBUG Engine               - urlPOM: https://raw.githubusercontent.com/AlmasB/FXGL/release/README.md
10:26:52.914 [FXGL Background Thread 3 ] DEBUG Engine               - userAppClass: class com.almasb.fxglgames.platformer.PlatformerApp
10:26:52.914 [FXGL Background Thread 3 ] DEBUG Engine               - version: 1.0
10:26:52.915 [FXGL Background Thread 3 ] DEBUG Engine               - versionCheckDays: 7
10:26:52.915 [FXGL Background Thread 3 ] DEBUG Engine               - width: 1280
10:26:52.915 [FXGL Background Thread 3 ] DEBUG Engine               - Logging services
10:26:52.915 [FXGL Background Thread 3 ] DEBUG Engine               - class com.almasb.fxgl.app.services.FXGLAssetLoaderService
10:26:52.915 [FXGL Background Thread 3 ] DEBUG Engine               - class com.almasb.fxgl.app.FXGLApplication$GameApplicationService
10:26:52.915 [FXGL Background Thread 3 ] DEBUG Engine               - class com.almasb.fxgl.app.services.FXGLDialogService
10:26:52.915 [FXGL Background Thread 3 ] DEBUG Engine               - class com.almasb.fxgl.app.services.IOTaskExecutorService
10:26:52.915 [FXGL Background Thread 3 ] DEBUG Engine               - class com.almasb.fxgl.io.FileSystemService
10:26:52.915 [FXGL Background Thread 3 ] DEBUG Engine               - class com.almasb.fxgl.localization.LocalizationService
10:26:52.915 [FXGL Background Thread 3 ] DEBUG Engine               - class com.almasb.fxgl.app.services.SystemBundleService
10:26:52.915 [FXGL Background Thread 3 ] DEBUG Engine               - class com.almasb.fxgl.profile.SaveLoadService
10:26:52.915 [FXGL Background Thread 3 ] DEBUG Engine               - class com.almasb.fxgl.ui.FXGLUIFactoryServiceProvider
10:26:52.915 [FXGL Background Thread 3 ] DEBUG Engine               - class com.almasb.fxgl.ui.FXGLDialogFactoryServiceProvider
10:26:52.915 [FXGL Background Thread 3 ] DEBUG Engine               - class com.almasb.fxgl.audio.AudioPlayer
10:26:52.915 [FXGL Background Thread 3 ] DEBUG Engine               - class com.almasb.fxgl.notification.impl.NotificationServiceProvider
10:26:52.916 [FXGL Background Thread 3 ] DEBUG Engine               - class com.almasb.fxgl.achievement.AchievementService
10:26:52.916 [FXGL Background Thread 3 ] DEBUG Engine               - class com.almasb.fxgl.cutscene.CutsceneService
10:26:52.916 [FXGL Background Thread 3 ] DEBUG Engine               - class com.almasb.fxgl.minigames.MiniGameService
10:26:52.916 [FXGL Background Thread 3 ] DEBUG Engine               - class com.almasb.fxgl.net.NetService
10:26:52.916 [FXGL Background Thread 3 ] DEBUG Engine               - class com.almasb.fxgl.app.services.UpdaterService
10:26:52.916 [FXGL Background Thread 3 ] DEBUG Engine               - class com.almasb.fxgl.dev.DevService
10:27:04.010 [JavaFX Application Thread] DEBUG Input                - Registered new binding: Close Level End Screen - LMB
10:27:04.011 [JavaFX Application Thread] DEBUG PrimaryStageWindow   - Push state: LevelEndScene
10:27:04.011 [JavaFX Application Thread] DEBUG Input                - Clearing active input actions
10:27:04.012 [JavaFX Application Thread] DEBUG GameApplicationServi - Removing overlay from GameScene and adding to LevelEndScene
10:27:04.012 [JavaFX Application Thread] DEBUG PrimaryStageWindow   - GameScene -> LevelEndScene
10:27:04.593 [JavaFX Application Thread] DEBUG PrimaryStageWindow   - Pop state: LevelEndScene
10:27:04.593 [JavaFX Application Thread] DEBUG Input                - Clearing active input actions
10:27:04.594 [JavaFX Application Thread] DEBUG GameApplicationServi - Removing overlay from LevelEndScene and adding to GameScene
10:27:04.594 [JavaFX Application Thread] DEBUG PrimaryStageWindow   - GameScene <- LevelEndScene
10:27:05.537 [JavaFX Application Thread] DEBUG AudioPlayer          - Pausing music com.almasb.fxgl.audio.Music@11d32c31
10:27:05.537 [JavaFX Application Thread] DEBUG LoopRunner           - Pausing loop
10:27:05.540 [JavaFX Application Thread] DEBUG PrimaryStageWindow   - Push state: DialogSubScene
10:27:05.540 [JavaFX Application Thread] DEBUG Input                - Clearing active input actions
10:27:05.547 [JavaFX Application Thread] DEBUG GameApplicationServi - Removing overlay from GameScene and adding to DialogSubScene
10:27:05.547 [JavaFX Application Thread] DEBUG PrimaryStageWindow   - GameScene -> DialogSubScene
10:27:07.134 [JavaFX Application Thread] DEBUG PrimaryStageWindow   - Pop state: DialogSubScene
10:27:07.135 [JavaFX Application Thread] DEBUG Input                - Clearing active input actions
10:27:07.135 [JavaFX Application Thread] DEBUG GameApplicationServi - Removing overlay from DialogSubScene and adding to GameScene
10:27:07.136 [JavaFX Application Thread] DEBUG PrimaryStageWindow   - GameScene <- DialogSubScene
10:27:11.335 [JavaFX Application Thread] DEBUG FXGLApplication      - Exiting FXGL
10:27:11.335 [JavaFX Application Thread] DEBUG LoopRunner           - Stopping loop
10:27:11.335 [JavaFX Application Thread] DEBUG SystemBundleService  - Saving FXGL system data
10:27:11.338 [JavaFX Application Thread] DEBUG FileSystemAccess     - Writing to: C:\ipose-groep-4\system\fxgl.bundle
10:27:11.343 [JavaFX Application Thread] DEBUG Async                - Shutting down background threads
10:27:11.343 [JavaFX Application Thread] DEBUG PrimaryStageWindow   - Closing main window
10:27:11.365 [JavaFX Application Thread] DEBUG Logger               - Closing Logger
