13:12:36.388 [main                     ] DEBUG Logger               - Configured Logger
13:12:36.406 [main                     ] DEBUG GameApplication      - Logging settings
Title: Miguel
Version: 1.0
Width: 1280
Height: 720
Fullscreen: false
Intro: false
Profiling: false
Single step:false
App Mode: DEVELOPER
Menu Key: ESCAPE
Stage Style: DECORATED
Scene Factory: class com.almasb.fxglgames.platformer.PlatformerApp$1

13:12:36.893 [JavaFX Application Thread] DEBUG FXGLApplication      - Initializing FXGL
13:12:36.897 [JavaFX Application Thread] INFO  Engine               - FXGL-17.1 (24.03.2022 17.34) on WINDOWS (J:19.0.1 FX:19-ea)
13:12:36.898 [JavaFX Application Thread] DEBUG Engine               - JRE Vendor Name: Oracle Corporation
13:12:36.898 [JavaFX Application Thread] DEBUG Engine               - Running on OS: Windows 11 version 10.0
13:12:36.898 [JavaFX Application Thread] DEBUG Engine               - Architecture: amd64
13:12:36.898 [JavaFX Application Thread] INFO  Engine               - Source code and latest versions at: https://github.com/AlmasB/FXGL
13:12:36.898 [JavaFX Application Thread] INFO  Engine               -       Ask questions and discuss at: https://github.com/AlmasB/FXGL/discussions
13:12:36.898 [JavaFX Application Thread] INFO  Engine               -              Join the FXGL chat at: https://gitter.im/AlmasB/FXGL
13:12:36.973 [JavaFX Application Thread] DEBUG PrimaryStageWindow   - Creating a JavaFX scene
13:12:37.017 [JavaFX Application Thread] DEBUG PrimaryStageWindow   - Target settings size: 1280.0 x 720.0
13:12:37.017 [JavaFX Application Thread] DEBUG PrimaryStageWindow   - Scaled scene size:    1280.0 x 720.0
13:12:37.018 [JavaFX Application Thread] DEBUG PrimaryStageWindow   - Scaled ratio: (1.0, 1.0)
13:12:37.018 [JavaFX Application Thread] DEBUG PrimaryStageWindow   - Set initial scene to FXGLStartupScene
13:12:37.023 [JavaFX Application Thread] DEBUG PrimaryStageWindow   - Opening main window
13:12:37.090 [JavaFX Application Thread] DEBUG PrimaryStageWindow   - Window border size: (14.4000244140625, 37.5999755859375)
13:12:37.090 [JavaFX Application Thread] DEBUG PrimaryStageWindow   - Scaled size: 1280.0 x 720.0
13:12:37.091 [JavaFX Application Thread] DEBUG PrimaryStageWindow   - Scaled ratio: (1.0, 1.0)
13:12:37.091 [JavaFX Application Thread] DEBUG PrimaryStageWindow   - Scene size: 1280.0 x 720.0
13:12:37.091 [JavaFX Application Thread] DEBUG PrimaryStageWindow   - Stage size: 1294.4000244140625 x 757.5999755859375
13:12:37.101 [FXGL Background Thread 1 ] DEBUG Engine               - Initializing environment variables
13:12:37.156 [FXGL Background Thread 1 ] DEBUG FXGLAssetLoaderServi - User app class for loading assets: class com.almasb.fxglgames.platformer.PlatformerApp
13:12:37.157 [FXGL Background Thread 1 ] DEBUG GameApplicationServi - Applying CSS: fxgl_dark.css
13:12:37.158 [FXGL Background Thread 1 ] DEBUG FXGLAssetLoaderServi - Loading from file system: jar:file:///C:/Users/meijr/.m2/repository/com/github/almasb/fxgl/17.1/fxgl-17.1.jar!/fxglassets/ui/css/fxgl_dark.css
13:12:37.200 [FXGL Background Thread 1 ] DEBUG GameApplicationServi - Initializing application scenes
13:12:37.249 [FXGL Background Thread 1 ] DEBUG FXGLAssetLoaderServi - Loading from file system: file:/C:/Users/meijr/OneDrive/Documenten/GitHub/ipose-groep-4/target/classes/assets/textures/player.png
13:12:37.269 [FXGL Background Thread 1 ] DEBUG GameWorld            - Game world initialized
13:12:37.310 [FXGL Background Thread 1 ] DEBUG PhysicsWorld         - Physics world initialized: appHeight=720, physics.ppm=50.0
13:12:37.311 [FXGL Background Thread 1 ] DEBUG PhysicsWorld         - Using strategy: BRUTE_FORCE
13:12:37.314 [FXGL Background Thread 1 ] DEBUG GameScene            - Game scene initialized: 1280x720
13:12:37.321 [FXGL Background Thread 1 ] DEBUG FXGL.DefaultMenu     - createMenuBodyMainMenu()
13:12:37.335 [FXGL Background Thread 1 ] DEBUG FXGL.DefaultMenu     - createOptionsMenu()
13:12:37.342 [FXGL Background Thread 1 ] DEBUG FXGLAssetLoaderServi - Loading from file system: jar:file:///C:/Users/meijr/.m2/repository/com/github/almasb/fxgl/17.1/fxgl-17.1.jar!/fxglassets/textures/particles/smoke.png
13:12:37.386 [FXGL Background Thread 1 ] DEBUG FXGLAssetLoaderServi - Loading from file system: jar:file:///C:/Users/meijr/.m2/repository/com/github/almasb/fxgl/17.1/fxgl-17.1.jar!/fxglassets/textures/particles/trace_horizontal.png
13:12:37.414 [FXGL Background Thread 1 ] DEBUG FXGL.DefaultMenu     - createMenuBodyGameMenu()
13:12:37.415 [FXGL Background Thread 1 ] DEBUG FXGL.DefaultMenu     - createOptionsMenu()
13:12:37.426 [FXGL Background Thread 1 ] DEBUG GameApplicationServi - Application scenes initialized
13:12:37.439 [FXGL Background Thread 1 ] DEBUG SystemBundleService  - Loading FXGL system data
13:12:37.445 [FXGL Background Thread 1 ] DEBUG FileSystemAccess     - Reading from: C:\Users\meijr\OneDrive\Documenten\GitHub\ipose-groep-4\system\fxgl.bundle
13:12:37.456 [FXGL Background Thread 1 ] DEBUG SystemBundleService  - Bundle FXGL: {}
13:12:37.456 [FXGL Background Thread 1 ] DEBUG UpdaterService       - Checking for updates
13:12:37.459 [FXGL Background Thread 4 ] DEBUG FXGLApplication      - Loading fonts
13:12:37.459 [FXGL Background Thread 1 ] DEBUG FXGLApplication      - Loading default localization
13:12:37.459 [FXGL Background Thread 4 ] DEBUG FXGLAssetLoaderServi - Loading from file system: jar:file:///C:/Users/meijr/.m2/repository/com/github/almasb/fxgl/17.1/fxgl-17.1.jar!/fxglassets/ui/fonts/VarelaRound-Regular.ttf
13:12:37.459 [FXGL Background Thread 1 ] DEBUG FXGLAssetLoaderServi - Loading from file system: jar:file:///C:/Users/meijr/.m2/repository/com/github/almasb/fxgl/17.1/fxgl-17.1.jar!/fxglassets/languages/english.lang
13:12:37.472 [FXGL Background Thread 1 ] INFO  FXGLApplication      - FXGL initialization took: 0.371 sec
13:12:37.478 [JavaFX Application Thread] DEBUG Input                - Registered new binding: Left - A
13:12:37.479 [JavaFX Application Thread] DEBUG Input                - Registered new binding: Right - D
13:12:37.479 [JavaFX Application Thread] DEBUG Input                - Registered new binding: Jump - W
13:12:37.479 [JavaFX Application Thread] DEBUG Input                - Registered new binding: Use - E
13:12:37.479 [JavaFX Application Thread] DEBUG FXGLAssetLoaderServi - Loading from file system: file:/C:/Users/meijr/OneDrive/Documenten/GitHub/ipose-groep-4/target/classes/assets/music/BGM_dash_runner.wav
13:12:37.508 [FXGL Background Thread 4 ] DEBUG FXGLAssetLoaderServi - Loading from file system: jar:file:///C:/Users/meijr/.m2/repository/com/github/almasb/fxgl/17.1/fxgl-17.1.jar!/fxglassets/ui/fonts/Abel-Regular.ttf
13:12:37.511 [FXGL Background Thread 4 ] DEBUG FXGLAssetLoaderServi - Loading from file system: jar:file:///C:/Users/meijr/.m2/repository/com/github/almasb/fxgl/17.1/fxgl-17.1.jar!/fxglassets/ui/fonts/TerminalLandMono-Regular.otf
13:12:37.515 [FXGL Background Thread 4 ] DEBUG FXGLAssetLoaderServi - Loading from file system: jar:file:///C:/Users/meijr/.m2/repository/com/github/almasb/fxgl/17.1/fxgl-17.1.jar!/fxglassets/ui/fonts/Courier-Prime.ttf
13:12:37.827 [FXGL Background Thread 2 ] INFO  UpdaterService       - Your current version:  17.1
13:12:37.827 [FXGL Background Thread 2 ] INFO  UpdaterService       - Latest stable version: 17.3
13:12:37.944 [JavaFX Application Thread] DEBUG AudioPlayer          - Playing music com.almasb.fxgl.audio.Music@57b089ca
13:12:37.945 [JavaFX Application Thread] DEBUG FXGLAssetLoaderServi - Loading from file system: jar:file:///C:/Users/meijr/.m2/repository/com/github/almasb/fxgl/17.1/fxgl-17.1.jar!/fxglassets/textures/fxgl_icon.png
13:12:37.960 [JavaFX Application Thread] DEBUG FXGLAssetLoaderServi - Loading from file system: jar:file:///C:/Users/meijr/.m2/repository/com/github/almasb/fxgl/17.1/fxgl-17.1.jar!/fxglassets/textures/fxgl_default_cursor.png
13:12:37.961 [JavaFX Application Thread] DEBUG Input                - Registered new binding: Screenshot - CTRL+8
13:12:37.962 [JavaFX Application Thread] DEBUG Input                - Registered new binding: System info dump - CTRL+9
13:12:37.962 [JavaFX Application Thread] DEBUG Input                - Registered new binding: Restart - CTRL+R
13:12:37.962 [JavaFX Application Thread] DEBUG Input                - Registered new binding: Toggle Debug Camera - CTRL+7
13:12:37.963 [JavaFX Application Thread] DEBUG LoopRunner           - Starting loop
13:12:37.963 [JavaFX Application Thread] DEBUG LoopRunner           - Initializing JavaFX AnimationTimerLoop
13:12:37.966 [JavaFX Application Thread] DEBUG Input                - Clearing active input actions
13:12:37.971 [JavaFX Application Thread] DEBUG GameApplicationServi - Removing overlay from FXGLStartupScene and adding to FXGLMainMenuDummyScene
13:12:37.972 [JavaFX Application Thread] DEBUG PrimaryStageWindow   - FXGLStartupScene -> FXGLMainMenuDummyScene
13:12:37.972 [JavaFX Application Thread] DEBUG PrimaryStageWindow   - Push state: FXGLDefaultMenu
13:12:37.974 [JavaFX Application Thread] DEBUG Input                - Clearing active input actions
13:12:37.978 [JavaFX Application Thread] DEBUG GameApplicationServi - Removing overlay from FXGLMainMenuDummyScene and adding to FXGLDefaultMenu
13:12:37.978 [JavaFX Application Thread] DEBUG PrimaryStageWindow   - FXGLMainMenuDummyScene -> FXGLDefaultMenu
13:12:37.979 [JavaFX Application Thread] DEBUG FXGLApplication      - Registering font factories with UI factory
13:12:40.459 [FXGL Background Thread 3 ] DEBUG Engine               - Logging environment variables
13:12:40.460 [FXGL Background Thread 3 ] DEBUG Engine               - achievements: []
13:12:40.460 [FXGL Background Thread 3 ] DEBUG Engine               - actualHeight: 720.0
13:12:40.460 [FXGL Background Thread 3 ] DEBUG Engine               - actualHeightProperty: ReadOnlyDoubleProperty [value: 720.0]
13:12:40.460 [FXGL Background Thread 3 ] DEBUG Engine               - actualWidth: 1280.0
13:12:40.460 [FXGL Background Thread 3 ] DEBUG Engine               - actualWidthProperty: ReadOnlyDoubleProperty [value: 1280.0]
13:12:40.460 [FXGL Background Thread 3 ] DEBUG Engine               - appIcon: fxgl_icon.png
13:12:40.460 [FXGL Background Thread 3 ] DEBUG Engine               - applicationMode: DEVELOPER
13:12:40.460 [FXGL Background Thread 3 ] DEBUG Engine               - cSSList: [fxgl_dark.css]
13:12:40.460 [FXGL Background Thread 3 ] DEBUG Engine               - collisionDetectionStrategy: BRUTE_FORCE
13:12:40.460 [FXGL Background Thread 3 ] DEBUG Engine               - configClass: Optional.empty
13:12:40.460 [FXGL Background Thread 3 ] DEBUG Engine               - credits: []
13:12:40.461 [FXGL Background Thread 3 ] DEBUG Engine               - defaultCursor: CursorInfo(imageName=fxgl_default_cursor.png, hotspotX=7.0, hotspotY=6.0)
13:12:40.461 [FXGL Background Thread 3 ] DEBUG Engine               - devBBoxColorProperty: ObjectProperty [value: 0xff0000ff]
13:12:40.461 [FXGL Background Thread 3 ] DEBUG Engine               - devEnableDebugCameraProperty: BooleanProperty [value: false]
13:12:40.461 [FXGL Background Thread 3 ] DEBUG Engine               - devSensorColorProperty: ObjectProperty [value: 0xffff00ff]
13:12:40.461 [FXGL Background Thread 3 ] DEBUG Engine               - devShowBBoxProperty: BooleanProperty [value: false]
13:12:40.461 [FXGL Background Thread 3 ] DEBUG Engine               - devShowPositionProperty: BooleanProperty [value: false]
13:12:40.461 [FXGL Background Thread 3 ] DEBUG Engine               - enabledMenuItems: []
13:12:40.461 [FXGL Background Thread 3 ] DEBUG Engine               - engineServices: [class com.almasb.fxgl.app.services.FXGLAssetLoaderService, class com.almasb.fxgl.app.FXGLApplication$GameApplicationService, class com.almasb.fxgl.app.services.FXGLDialogService, class com.almasb.fxgl.app.services.IOTaskExecutorService, class com.almasb.fxgl.io.FileSystemService, class com.almasb.fxgl.localization.LocalizationService, class com.almasb.fxgl.app.services.SystemBundleService, class com.almasb.fxgl.profile.SaveLoadService, class com.almasb.fxgl.ui.FXGLUIFactoryServiceProvider, class com.almasb.fxgl.ui.FXGLDialogFactoryServiceProvider, class com.almasb.fxgl.audio.AudioPlayer, class com.almasb.fxgl.notification.impl.NotificationServiceProvider, class com.almasb.fxgl.achievement.AchievementService, class com.almasb.fxgl.cutscene.CutsceneService, class com.almasb.fxgl.minigames.MiniGameService, class com.almasb.fxgl.net.NetService, class com.almasb.fxgl.app.services.UpdaterService, class com.almasb.fxgl.dev.DevService]
13:12:40.461 [FXGL Background Thread 3 ] DEBUG Engine               - fontGame: Abel-Regular.ttf
13:12:40.461 [FXGL Background Thread 3 ] DEBUG Engine               - fontMono: TerminalLandMono-Regular.otf
13:12:40.461 [FXGL Background Thread 3 ] DEBUG Engine               - fontText: Courier-Prime.ttf
13:12:40.461 [FXGL Background Thread 3 ] DEBUG Engine               - fontUI: VarelaRound-Regular.ttf
13:12:40.462 [FXGL Background Thread 3 ] DEBUG Engine               - fullScreen: BooleanProperty [value: false]
13:12:40.462 [FXGL Background Thread 3 ] DEBUG Engine               - gameDifficulty: MEDIUM
13:12:40.463 [FXGL Background Thread 3 ] DEBUG Engine               - gameDifficultyProperty: ObjectProperty [value: MEDIUM]
13:12:40.463 [FXGL Background Thread 3 ] DEBUG Engine               - globalMusicVolume: 0.5
13:12:40.463 [FXGL Background Thread 3 ] DEBUG Engine               - globalMusicVolumeProperty: DoubleProperty [value: 0.25]
13:12:40.463 [FXGL Background Thread 3 ] DEBUG Engine               - globalSoundVolume: 0.5
13:12:40.463 [FXGL Background Thread 3 ] DEBUG Engine               - globalSoundVolumeProperty: DoubleProperty [value: 0.5]
13:12:40.463 [FXGL Background Thread 3 ] DEBUG Engine               - height: 720
13:12:40.463 [FXGL Background Thread 3 ] DEBUG Engine               - is3D: false
13:12:40.463 [FXGL Background Thread 3 ] DEBUG Engine               - isAndroid: false
13:12:40.463 [FXGL Background Thread 3 ] DEBUG Engine               - isBrowser: false
13:12:40.463 [FXGL Background Thread 3 ] DEBUG Engine               - isClickFeedbackEnabled: false
13:12:40.463 [FXGL Background Thread 3 ] DEBUG Engine               - isCloseConfirmation: false
13:12:40.463 [FXGL Background Thread 3 ] DEBUG Engine               - isDesktop: true
13:12:40.463 [FXGL Background Thread 3 ] DEBUG Engine               - isDeveloperMenuEnabled: false
13:12:40.463 [FXGL Background Thread 3 ] DEBUG Engine               - isEmbedded: false
13:12:40.463 [FXGL Background Thread 3 ] DEBUG Engine               - isEntityPreloadEnabled: true
13:12:40.463 [FXGL Background Thread 3 ] DEBUG Engine               - isExperimentalTiledLargeMap: false
13:12:40.463 [FXGL Background Thread 3 ] DEBUG Engine               - isFileSystemWriteAllowed: true
13:12:40.463 [FXGL Background Thread 3 ] DEBUG Engine               - isFullScreenAllowed: false
13:12:40.463 [FXGL Background Thread 3 ] DEBUG Engine               - isFullScreenFromStart: false
13:12:40.463 [FXGL Background Thread 3 ] DEBUG Engine               - isGameMenuEnabled: true
13:12:40.463 [FXGL Background Thread 3 ] DEBUG Engine               - isIOS: false
13:12:40.463 [FXGL Background Thread 3 ] DEBUG Engine               - isIntroEnabled: false
13:12:40.463 [FXGL Background Thread 3 ] DEBUG Engine               - isLinux: false
13:12:40.463 [FXGL Background Thread 3 ] DEBUG Engine               - isMac: false
13:12:40.463 [FXGL Background Thread 3 ] DEBUG Engine               - isMainMenuEnabled: true
13:12:40.463 [FXGL Background Thread 3 ] DEBUG Engine               - isManualResizeEnabled: false
13:12:40.463 [FXGL Background Thread 3 ] DEBUG Engine               - isMobile: false
13:12:40.463 [FXGL Background Thread 3 ] DEBUG Engine               - isNative: false
13:12:40.463 [FXGL Background Thread 3 ] DEBUG Engine               - isPauseMusicWhenMinimized: true
13:12:40.463 [FXGL Background Thread 3 ] DEBUG Engine               - isPreserveResizeRatio: false
13:12:40.463 [FXGL Background Thread 3 ] DEBUG Engine               - isProfilingEnabled: false
13:12:40.463 [FXGL Background Thread 3 ] DEBUG Engine               - isScaleAffectedOnResize: true
13:12:40.463 [FXGL Background Thread 3 ] DEBUG Engine               - isSingleStep: false
13:12:40.463 [FXGL Background Thread 3 ] DEBUG Engine               - isUserProfileEnabled: false
13:12:40.463 [FXGL Background Thread 3 ] DEBUG Engine               - isWindows: true
13:12:40.463 [FXGL Background Thread 3 ] DEBUG Engine               - language: ObjectProperty [value: ENGLISH]
13:12:40.463 [FXGL Background Thread 3 ] DEBUG Engine               - menuKey: ESCAPE
13:12:40.463 [FXGL Background Thread 3 ] DEBUG Engine               - mouseSensitivity: 0.2
13:12:40.463 [FXGL Background Thread 3 ] DEBUG Engine               - notificationViewClass: class com.almasb.fxgl.notification.view.XboxNotificationView
13:12:40.463 [FXGL Background Thread 3 ] DEBUG Engine               - pixelsPerMeter: 50.0
13:12:40.463 [FXGL Background Thread 3 ] DEBUG Engine               - platform: WINDOWS
13:12:40.463 [FXGL Background Thread 3 ] DEBUG Engine               - prefHeightProperty: ReadOnlyDoubleProperty [value: 720.0]
13:12:40.463 [FXGL Background Thread 3 ] DEBUG Engine               - prefWidthProperty: ReadOnlyDoubleProperty [value: 1280.0]
13:12:40.463 [FXGL Background Thread 3 ] DEBUG Engine               - profileDir: profiles/
13:12:40.463 [FXGL Background Thread 3 ] DEBUG Engine               - profileName: StringProperty [value: DEFAULT]
13:12:40.463 [FXGL Background Thread 3 ] DEBUG Engine               - randomSeed: -1
13:12:40.464 [FXGL Background Thread 3 ] DEBUG Engine               - runtimeInfo: RuntimeInfo(platform=WINDOWS, version=17.1, build=24.03.2022 17.34)
13:12:40.464 [FXGL Background Thread 3 ] DEBUG Engine               - saveFileExt: sav
13:12:40.464 [FXGL Background Thread 3 ] DEBUG Engine               - scaledHeightProp$fxgl: DoubleProperty [bound, value: 720.0]
13:12:40.464 [FXGL Background Thread 3 ] DEBUG Engine               - scaledWidthProp$fxgl: DoubleProperty [bound, value: 1280.0]
13:12:40.464 [FXGL Background Thread 3 ] DEBUG Engine               - sceneFactory: com.almasb.fxglgames.platformer.PlatformerApp$1@73275037
13:12:40.464 [FXGL Background Thread 3 ] DEBUG Engine               - secondsIn24h: 60
13:12:40.464 [FXGL Background Thread 3 ] DEBUG Engine               - soundMenuBack: menu/back.wav
13:12:40.464 [FXGL Background Thread 3 ] DEBUG Engine               - soundMenuPress: menu/press.wav
13:12:40.464 [FXGL Background Thread 3 ] DEBUG Engine               - soundMenuSelect: menu/select.wav
13:12:40.464 [FXGL Background Thread 3 ] DEBUG Engine               - soundNotification: core/notification.wav
13:12:40.464 [FXGL Background Thread 3 ] DEBUG Engine               - stageStyle: DECORATED
13:12:40.464 [FXGL Background Thread 3 ] DEBUG Engine               - supportedLanguages: [ENGLISH, FRENCH, GERMAN, HUNGARIAN, RUSSIAN]
13:12:40.465 [FXGL Background Thread 3 ] DEBUG Engine               - ticksPerSecond: -1
13:12:40.465 [FXGL Background Thread 3 ] DEBUG Engine               - title: Miguel
13:12:40.465 [FXGL Background Thread 3 ] DEBUG Engine               - urlGithub: https://github.com/AlmasB/FXGL
13:12:40.465 [FXGL Background Thread 3 ] DEBUG Engine               - urlLeaderboard: http://fxgl-top.herokuapp.com/
13:12:40.465 [FXGL Background Thread 3 ] DEBUG Engine               - urlPOM: https://raw.githubusercontent.com/AlmasB/FXGL/release/README.md
13:12:40.465 [FXGL Background Thread 3 ] DEBUG Engine               - userAppClass: class com.almasb.fxglgames.platformer.PlatformerApp
13:12:40.465 [FXGL Background Thread 3 ] DEBUG Engine               - version: 1.0
13:12:40.465 [FXGL Background Thread 3 ] DEBUG Engine               - versionCheckDays: 7
13:12:40.465 [FXGL Background Thread 3 ] DEBUG Engine               - width: 1280
13:12:40.465 [FXGL Background Thread 3 ] DEBUG Engine               - Logging services
13:12:40.465 [FXGL Background Thread 3 ] DEBUG Engine               - class com.almasb.fxgl.app.services.FXGLAssetLoaderService
13:12:40.465 [FXGL Background Thread 3 ] DEBUG Engine               - class com.almasb.fxgl.app.FXGLApplication$GameApplicationService
13:12:40.465 [FXGL Background Thread 3 ] DEBUG Engine               - class com.almasb.fxgl.app.services.FXGLDialogService
13:12:40.465 [FXGL Background Thread 3 ] DEBUG Engine               - class com.almasb.fxgl.app.services.IOTaskExecutorService
13:12:40.465 [FXGL Background Thread 3 ] DEBUG Engine               - class com.almasb.fxgl.io.FileSystemService
13:12:40.465 [FXGL Background Thread 3 ] DEBUG Engine               - class com.almasb.fxgl.localization.LocalizationService
13:12:40.465 [FXGL Background Thread 3 ] DEBUG Engine               - class com.almasb.fxgl.app.services.SystemBundleService
13:12:40.465 [FXGL Background Thread 3 ] DEBUG Engine               - class com.almasb.fxgl.profile.SaveLoadService
13:12:40.465 [FXGL Background Thread 3 ] DEBUG Engine               - class com.almasb.fxgl.ui.FXGLUIFactoryServiceProvider
13:12:40.465 [FXGL Background Thread 3 ] DEBUG Engine               - class com.almasb.fxgl.ui.FXGLDialogFactoryServiceProvider
13:12:40.465 [FXGL Background Thread 3 ] DEBUG Engine               - class com.almasb.fxgl.audio.AudioPlayer
13:12:40.465 [FXGL Background Thread 3 ] DEBUG Engine               - class com.almasb.fxgl.notification.impl.NotificationServiceProvider
13:12:40.465 [FXGL Background Thread 3 ] DEBUG Engine               - class com.almasb.fxgl.achievement.AchievementService
13:12:40.465 [FXGL Background Thread 3 ] DEBUG Engine               - class com.almasb.fxgl.cutscene.CutsceneService
13:12:40.465 [FXGL Background Thread 3 ] DEBUG Engine               - class com.almasb.fxgl.minigames.MiniGameService
13:12:40.465 [FXGL Background Thread 3 ] DEBUG Engine               - class com.almasb.fxgl.net.NetService
13:12:40.465 [FXGL Background Thread 3 ] DEBUG Engine               - class com.almasb.fxgl.app.services.UpdaterService
13:12:40.465 [FXGL Background Thread 3 ] DEBUG Engine               - class com.almasb.fxgl.dev.DevService
13:12:41.868 [JavaFX Application Thread] DEBUG Menu                 - fireNewGame()
13:12:41.868 [JavaFX Application Thread] DEBUG GameApplicationServi - Starting new game
13:12:41.869 [JavaFX Application Thread] DEBUG PrimaryStageWindow   - Pop state: FXGLDefaultMenu
13:12:41.869 [JavaFX Application Thread] DEBUG Input                - Clearing active input actions
13:12:41.870 [JavaFX Application Thread] DEBUG GameApplicationServi - Removing overlay from FXGLDefaultMenu and adding to FXGLMainMenuDummyScene
13:12:41.870 [JavaFX Application Thread] DEBUG PrimaryStageWindow   - FXGLMainMenuDummyScene <- FXGLDefaultMenu
13:12:41.871 [JavaFX Application Thread] DEBUG Input                - Clearing active input actions
13:12:41.875 [JavaFX Application Thread] DEBUG GameApplicationServi - Removing overlay from FXGLMainMenuDummyScene and adding to MainLoadingScene
13:12:41.875 [JavaFX Application Thread] DEBUG PrimaryStageWindow   - FXGLMainMenuDummyScene -> MainLoadingScene
13:12:41.875 [JavaFX Application Thread] DEBUG GameApplicationServi - Clearing previous game
13:12:41.875 [JavaFX Application Thread] DEBUG GameScene            - Clearing game scene
13:12:41.875 [JavaFX Application Thread] DEBUG GameWorld            - Clearing game world
13:12:41.875 [JavaFX Application Thread] DEBUG PhysicsWorld         - Clearing physics world
13:12:41.876 [FXGL Background Thread 2 ] DEBUG FXGLApplication      - Initializing game
13:12:41.907 [FXGL Background Thread 2 ] WARN  TMXLevelLoader       - TiledMap generated from 1.10.0. Supported version: 1.4.2. Some features may not be parsed fully.
13:12:41.913 [FXGL Background Thread 2 ] DEBUG TMXLevelLoader       - Parsed TiledMap: file:/C:/Users/meijr/OneDrive/Documenten/GitHub/ipose-groep-4/target/classes/assets/levels/tmx/level1.tmx
13:12:41.913 [FXGL Background Thread 2 ] DEBUG TMXLevelLoader       - Creating tile layer entities
13:12:41.914 [FXGL Background Thread 2 ] DEBUG TilesetLoader        - Loading view for layer Tile Layer 1
13:12:41.917 [FXGL Background Thread 2 ] DEBUG TilesetLoader        - Created buffer with size 4900.0x700.0
13:12:41.930 [FXGL Background Thread 2 ] DEBUG TMXLevelLoader       - Creating object layer entities
13:12:41.943 [FXGL Background Thread 2 ] DEBUG GameWorld            - Clearing removable entities
13:12:41.943 [FXGL Background Thread 2 ] DEBUG GameWorld            - Setting level: com.almasb.fxgl.entity.level.Level@cc401e4
13:12:41.954 [FXGL Background Thread 2 ] DEBUG FXGLAssetLoaderServi - Loading from file system: file:/C:/Users/meijr/OneDrive/Documenten/GitHub/ipose-groep-4/target/classes/assets/textures/trump.png
13:12:41.957 [FXGL Background Thread 2 ] DEBUG FXGLAssetLoaderServi - Loading from file system: file:/C:/Users/meijr/OneDrive/Documenten/GitHub/ipose-groep-4/target/classes/assets/textures/background/forest.png
13:12:41.969 [FXGL Background Thread 2 ] INFO  FXGLApplication      - Game initialization took: 0.093 sec
13:12:41.969 [JavaFX Application Thread] DEBUG Input                - Clearing active input actions
13:12:41.972 [JavaFX Application Thread] DEBUG GameApplicationServi - Removing overlay from MainLoadingScene and adding to GameScene
13:12:41.972 [JavaFX Application Thread] DEBUG PrimaryStageWindow   - MainLoadingScene -> GameScene
13:13:13.577 [JavaFX Application Thread] DEBUG FXGLApplication      - Exiting FXGL
13:13:13.577 [JavaFX Application Thread] DEBUG LoopRunner           - Stopping loop
13:13:13.577 [JavaFX Application Thread] DEBUG SystemBundleService  - Saving FXGL system data
13:13:13.591 [JavaFX Application Thread] DEBUG FileSystemAccess     - Writing to: C:\Users\meijr\OneDrive\Documenten\GitHub\ipose-groep-4\system\fxgl.bundle
13:13:13.593 [JavaFX Application Thread] DEBUG Async                - Shutting down background threads
13:13:13.593 [JavaFX Application Thread] DEBUG PrimaryStageWindow   - Closing main window
13:13:13.603 [JavaFX Application Thread] DEBUG Logger               - Closing Logger
