16:59:06.481 [main                     ] DEBUG Logger               - Configured Logger
16:59:06.513 [main                     ] DEBUG GameApplication      - Logging settings
Title: Miguel
Version: 1.0
Width: 1280
Height: 720
Fullscreen: false
Intro: false
Profiling: false
Single step:false
App Mode: DEVELOPER
Menu Key: ESCAPE
Stage Style: DECORATED
Scene Factory: class com.almasb.fxglgames.platformer.PlatformerApp$1

16:59:06.831 [JavaFX Application Thread] DEBUG FXGLApplication      - Initializing FXGL
16:59:06.836 [JavaFX Application Thread] INFO  Engine               - FXGL-17.1 (24.03.2022 17.34) on WINDOWS (J:19.0.1 FX:19-ea)
16:59:06.837 [JavaFX Application Thread] DEBUG Engine               - JRE Vendor Name: Oracle Corporation
16:59:06.837 [JavaFX Application Thread] DEBUG Engine               - Running on OS: Windows 10 version 10.0
16:59:06.837 [JavaFX Application Thread] DEBUG Engine               - Architecture: amd64
16:59:06.837 [JavaFX Application Thread] INFO  Engine               - Source code and latest versions at: https://github.com/AlmasB/FXGL
16:59:06.837 [JavaFX Application Thread] INFO  Engine               -       Ask questions and discuss at: https://github.com/AlmasB/FXGL/discussions
16:59:06.837 [JavaFX Application Thread] INFO  Engine               -              Join the FXGL chat at: https://gitter.im/AlmasB/FXGL
16:59:06.908 [JavaFX Application Thread] DEBUG PrimaryStageWindow   - Creating a JavaFX scene
16:59:06.949 [JavaFX Application Thread] DEBUG PrimaryStageWindow   - Target settings size: 1280.0 x 720.0
16:59:06.949 [JavaFX Application Thread] DEBUG PrimaryStageWindow   - Scaled scene size:    1280.0 x 720.0
16:59:06.949 [JavaFX Application Thread] DEBUG PrimaryStageWindow   - Scaled ratio: (1.0, 1.0)
16:59:06.950 [JavaFX Application Thread] DEBUG PrimaryStageWindow   - Set initial scene to FXGLStartupScene
16:59:06.956 [JavaFX Application Thread] DEBUG PrimaryStageWindow   - Opening main window
16:59:07.027 [JavaFX Application Thread] DEBUG PrimaryStageWindow   - Window border size: (14.4000244140625, 37.5999755859375)
16:59:07.027 [JavaFX Application Thread] DEBUG PrimaryStageWindow   - Scaled size: 1280.0 x 720.0
16:59:07.027 [JavaFX Application Thread] DEBUG PrimaryStageWindow   - Scaled ratio: (1.0, 1.0)
16:59:07.027 [JavaFX Application Thread] DEBUG PrimaryStageWindow   - Scene size: 1280.0 x 720.0
16:59:07.028 [JavaFX Application Thread] DEBUG PrimaryStageWindow   - Stage size: 1294.4000244140625 x 757.5999755859375
16:59:07.034 [FXGL Background Thread 1 ] DEBUG Engine               - Initializing environment variables
16:59:07.083 [FXGL Background Thread 1 ] DEBUG FXGLAssetLoaderServi - User app class for loading assets: class com.almasb.fxglgames.platformer.PlatformerApp
16:59:07.083 [FXGL Background Thread 1 ] DEBUG GameApplicationServi - Applying CSS: fxgl_dark.css
16:59:07.084 [FXGL Background Thread 1 ] DEBUG FXGLAssetLoaderServi - Loading from file system: jar:file:///C:/Users/jardk/.m2/repository/com/github/almasb/fxgl/17.1/fxgl-17.1.jar!/fxglassets/ui/css/fxgl_dark.css
16:59:07.125 [FXGL Background Thread 1 ] DEBUG GameApplicationServi - Initializing application scenes
16:59:07.167 [FXGL Background Thread 1 ] DEBUG FXGLAssetLoaderServi - Loading from file system: file:/C:/ipose-groep-4/target/classes/assets/textures/player.png
16:59:07.187 [FXGL Background Thread 1 ] DEBUG GameWorld            - Game world initialized
16:59:07.241 [FXGL Background Thread 1 ] DEBUG PhysicsWorld         - Physics world initialized: appHeight=720, physics.ppm=50,0
16:59:07.242 [FXGL Background Thread 1 ] DEBUG PhysicsWorld         - Using strategy: BRUTE_FORCE
16:59:07.245 [FXGL Background Thread 1 ] DEBUG GameScene            - Game scene initialized: 1280x720
16:59:07.253 [FXGL Background Thread 1 ] DEBUG FXGL.DefaultMenu     - createMenuBodyGameMenu()
16:59:07.266 [FXGL Background Thread 1 ] DEBUG FXGL.DefaultMenu     - createOptionsMenu()
16:59:07.280 [FXGL Background Thread 1 ] DEBUG FXGLAssetLoaderServi - Loading from file system: jar:file:///C:/Users/jardk/.m2/repository/com/github/almasb/fxgl/17.1/fxgl-17.1.jar!/fxglassets/textures/particles/smoke.png
16:59:07.350 [FXGL Background Thread 1 ] DEBUG FXGLAssetLoaderServi - Loading from file system: jar:file:///C:/Users/jardk/.m2/repository/com/github/almasb/fxgl/17.1/fxgl-17.1.jar!/fxglassets/textures/particles/trace_horizontal.png
16:59:07.373 [FXGL Background Thread 1 ] DEBUG GameApplicationServi - Application scenes initialized
16:59:07.388 [FXGL Background Thread 1 ] DEBUG SystemBundleService  - Loading FXGL system data
16:59:07.394 [FXGL Background Thread 1 ] DEBUG FileSystemAccess     - Reading from: C:\ipose-groep-4\system\fxgl.bundle
16:59:07.404 [FXGL Background Thread 1 ] DEBUG SystemBundleService  - Bundle FXGL: {}
16:59:07.404 [FXGL Background Thread 1 ] DEBUG UpdaterService       - Checking for updates
16:59:07.409 [FXGL Background Thread 4 ] DEBUG FXGLApplication      - Loading fonts
16:59:07.410 [FXGL Background Thread 1 ] DEBUG FXGLApplication      - Loading default localization
16:59:07.410 [FXGL Background Thread 4 ] DEBUG FXGLAssetLoaderServi - Loading from file system: jar:file:///C:/Users/jardk/.m2/repository/com/github/almasb/fxgl/17.1/fxgl-17.1.jar!/fxglassets/ui/fonts/VarelaRound-Regular.ttf
16:59:07.410 [FXGL Background Thread 1 ] DEBUG FXGLAssetLoaderServi - Loading from file system: jar:file:///C:/Users/jardk/.m2/repository/com/github/almasb/fxgl/17.1/fxgl-17.1.jar!/fxglassets/languages/english.lang
16:59:07.432 [FXGL Background Thread 1 ] INFO  FXGLApplication      - FXGL initialization took: 0,397 sec
16:59:07.441 [JavaFX Application Thread] DEBUG Input                - Registered new binding: Left - A
16:59:07.441 [JavaFX Application Thread] DEBUG Input                - Registered new binding: Right - D
16:59:07.441 [JavaFX Application Thread] DEBUG Input                - Registered new binding: Jump - W
16:59:07.441 [JavaFX Application Thread] DEBUG Input                - Registered new binding: Use - E
16:59:07.442 [JavaFX Application Thread] DEBUG FXGLAssetLoaderServi - Loading from file system: file:/C:/ipose-groep-4/target/classes/assets/music/BGM_dash_runner.wav
16:59:07.464 [FXGL Background Thread 4 ] DEBUG FXGLAssetLoaderServi - Loading from file system: jar:file:///C:/Users/jardk/.m2/repository/com/github/almasb/fxgl/17.1/fxgl-17.1.jar!/fxglassets/ui/fonts/Abel-Regular.ttf
16:59:07.468 [FXGL Background Thread 4 ] DEBUG FXGLAssetLoaderServi - Loading from file system: jar:file:///C:/Users/jardk/.m2/repository/com/github/almasb/fxgl/17.1/fxgl-17.1.jar!/fxglassets/ui/fonts/TerminalLandMono-Regular.otf
16:59:07.472 [FXGL Background Thread 4 ] DEBUG FXGLAssetLoaderServi - Loading from file system: jar:file:///C:/Users/jardk/.m2/repository/com/github/almasb/fxgl/17.1/fxgl-17.1.jar!/fxglassets/ui/fonts/Courier-Prime.ttf
16:59:07.549 [JavaFX Application Thread] DEBUG AudioPlayer          - Playing music com.almasb.fxgl.audio.Music@2a5ee528
16:59:07.550 [JavaFX Application Thread] DEBUG FXGLAssetLoaderServi - Loading from file system: jar:file:///C:/Users/jardk/.m2/repository/com/github/almasb/fxgl/17.1/fxgl-17.1.jar!/fxglassets/textures/fxgl_icon.png
16:59:07.564 [JavaFX Application Thread] DEBUG FXGLAssetLoaderServi - Loading from file system: jar:file:///C:/Users/jardk/.m2/repository/com/github/almasb/fxgl/17.1/fxgl-17.1.jar!/fxglassets/textures/fxgl_default_cursor.png
16:59:07.566 [JavaFX Application Thread] DEBUG Input                - Registered new binding: Screenshot - CTRL+8
16:59:07.566 [JavaFX Application Thread] DEBUG Input                - Registered new binding: System info dump - CTRL+9
16:59:07.567 [JavaFX Application Thread] DEBUG Input                - Registered new binding: Restart - CTRL+R
16:59:07.567 [JavaFX Application Thread] DEBUG Input                - Registered new binding: Toggle Debug Camera - CTRL+7
16:59:07.569 [JavaFX Application Thread] DEBUG LoopRunner           - Starting loop
16:59:07.569 [JavaFX Application Thread] DEBUG LoopRunner           - Initializing JavaFX AnimationTimerLoop
16:59:07.570 [JavaFX Application Thread] DEBUG GameApplicationServi - Starting new game
16:59:07.571 [JavaFX Application Thread] DEBUG Input                - Clearing active input actions
16:59:07.587 [JavaFX Application Thread] DEBUG GameApplicationServi - Removing overlay from FXGLStartupScene and adding to MainLoadingScene
16:59:07.588 [JavaFX Application Thread] DEBUG PrimaryStageWindow   - FXGLStartupScene -> MainLoadingScene
16:59:07.588 [JavaFX Application Thread] DEBUG GameApplicationServi - Clearing previous game
16:59:07.588 [JavaFX Application Thread] DEBUG GameScene            - Clearing game scene
16:59:07.588 [JavaFX Application Thread] DEBUG GameWorld            - Clearing game world
16:59:07.588 [JavaFX Application Thread] DEBUG PhysicsWorld         - Clearing physics world
16:59:07.589 [JavaFX Application Thread] DEBUG FXGLApplication      - Registering font factories with UI factory
16:59:07.642 [FXGL Background Thread 4 ] WARN  TMXLevelLoader       - TiledMap generated from 1.10.0. Supported version: 1.4.2. Some features may not be parsed fully.
16:59:07.657 [FXGL Background Thread 4 ] DEBUG TMXLevelLoader       - Parsed TiledMap: file:/C:/ipose-groep-4/target/classes/assets/levels/tmx/level1.tmx
16:59:07.659 [FXGL Background Thread 4 ] DEBUG TMXLevelLoader       - Creating tile layer entities
16:59:07.662 [FXGL Background Thread 4 ] DEBUG TilesetLoader        - Loading view for layer Tile Layer 1
16:59:07.672 [FXGL Background Thread 4 ] DEBUG TilesetLoader        - Created buffer with size 4900.0x700.0
16:59:07.705 [FXGL Background Thread 4 ] DEBUG TMXLevelLoader       - Creating object layer entities
16:59:07.770 [FXGL Background Thread 4 ] DEBUG GameWorld            - Clearing removable entities
16:59:07.774 [FXGL Background Thread 4 ] DEBUG GameWorld            - Setting level: com.almasb.fxgl.entity.level.Level@63649b26
16:59:07.813 [FXGL Background Thread 2 ] INFO  UpdaterService       - Your current version:  17.1
16:59:07.814 [FXGL Background Thread 2 ] INFO  UpdaterService       - Latest stable version: 17.3
16:59:07.815 [FXGL Background Thread 4 ] DEBUG FXGLAssetLoaderServi - Loading from file system: file:/C:/ipose-groep-4/target/classes/assets/textures/trump.png
16:59:07.823 [FXGL Background Thread 4 ] DEBUG FXGLAssetLoaderServi - Loading from file system: file:/C:/ipose-groep-4/target/classes/assets/textures/background/forest.png
16:59:07.842 [FXGL Background Thread 4 ] INFO  FXGLApplication      - Game initialization took: 0,252 sec
16:59:07.843 [JavaFX Application Thread] DEBUG Input                - Clearing active input actions
16:59:07.856 [JavaFX Application Thread] DEBUG GameApplicationServi - Removing overlay from MainLoadingScene and adding to GameScene
16:59:07.857 [JavaFX Application Thread] DEBUG PrimaryStageWindow   - MainLoadingScene -> GameScene
16:59:10.409 [FXGL Background Thread 3 ] DEBUG Engine               - Logging environment variables
16:59:10.410 [FXGL Background Thread 3 ] DEBUG Engine               - achievements: []
16:59:10.410 [FXGL Background Thread 3 ] DEBUG Engine               - actualHeight: 720.0
16:59:10.410 [FXGL Background Thread 3 ] DEBUG Engine               - actualHeightProperty: ReadOnlyDoubleProperty [value: 720.0]
16:59:10.410 [FXGL Background Thread 3 ] DEBUG Engine               - actualWidth: 1280.0
16:59:10.410 [FXGL Background Thread 3 ] DEBUG Engine               - actualWidthProperty: ReadOnlyDoubleProperty [value: 1280.0]
16:59:10.410 [FXGL Background Thread 3 ] DEBUG Engine               - appIcon: fxgl_icon.png
16:59:10.410 [FXGL Background Thread 3 ] DEBUG Engine               - applicationMode: DEVELOPER
16:59:10.411 [FXGL Background Thread 3 ] DEBUG Engine               - cSSList: [fxgl_dark.css]
16:59:10.411 [FXGL Background Thread 3 ] DEBUG Engine               - collisionDetectionStrategy: BRUTE_FORCE
16:59:10.411 [FXGL Background Thread 3 ] DEBUG Engine               - configClass: Optional.empty
16:59:10.411 [FXGL Background Thread 3 ] DEBUG Engine               - credits: []
16:59:10.411 [FXGL Background Thread 3 ] DEBUG Engine               - defaultCursor: CursorInfo(imageName=fxgl_default_cursor.png, hotspotX=7.0, hotspotY=6.0)
16:59:10.411 [FXGL Background Thread 3 ] DEBUG Engine               - devBBoxColorProperty: ObjectProperty [value: 0xff0000ff]
16:59:10.411 [FXGL Background Thread 3 ] DEBUG Engine               - devEnableDebugCameraProperty: BooleanProperty [value: false]
16:59:10.411 [FXGL Background Thread 3 ] DEBUG Engine               - devSensorColorProperty: ObjectProperty [value: 0xffff00ff]
16:59:10.411 [FXGL Background Thread 3 ] DEBUG Engine               - devShowBBoxProperty: BooleanProperty [value: false]
16:59:10.411 [FXGL Background Thread 3 ] DEBUG Engine               - devShowPositionProperty: BooleanProperty [value: false]
16:59:10.411 [FXGL Background Thread 3 ] DEBUG Engine               - enabledMenuItems: []
16:59:10.411 [FXGL Background Thread 3 ] DEBUG Engine               - engineServices: [class com.almasb.fxgl.app.services.FXGLAssetLoaderService, class com.almasb.fxgl.app.FXGLApplication$GameApplicationService, class com.almasb.fxgl.app.services.FXGLDialogService, class com.almasb.fxgl.app.services.IOTaskExecutorService, class com.almasb.fxgl.io.FileSystemService, class com.almasb.fxgl.localization.LocalizationService, class com.almasb.fxgl.app.services.SystemBundleService, class com.almasb.fxgl.profile.SaveLoadService, class com.almasb.fxgl.ui.FXGLUIFactoryServiceProvider, class com.almasb.fxgl.ui.FXGLDialogFactoryServiceProvider, class com.almasb.fxgl.audio.AudioPlayer, class com.almasb.fxgl.notification.impl.NotificationServiceProvider, class com.almasb.fxgl.achievement.AchievementService, class com.almasb.fxgl.cutscene.CutsceneService, class com.almasb.fxgl.minigames.MiniGameService, class com.almasb.fxgl.net.NetService, class com.almasb.fxgl.app.services.UpdaterService, class com.almasb.fxgl.dev.DevService]
16:59:10.411 [FXGL Background Thread 3 ] DEBUG Engine               - fontGame: Abel-Regular.ttf
16:59:10.411 [FXGL Background Thread 3 ] DEBUG Engine               - fontMono: TerminalLandMono-Regular.otf
16:59:10.411 [FXGL Background Thread 3 ] DEBUG Engine               - fontText: Courier-Prime.ttf
16:59:10.411 [FXGL Background Thread 3 ] DEBUG Engine               - fontUI: VarelaRound-Regular.ttf
16:59:10.411 [FXGL Background Thread 3 ] DEBUG Engine               - fullScreen: BooleanProperty [value: false]
16:59:10.411 [FXGL Background Thread 3 ] DEBUG Engine               - gameDifficulty: MEDIUM
16:59:10.411 [FXGL Background Thread 3 ] DEBUG Engine               - gameDifficultyProperty: ObjectProperty [value: MEDIUM]
16:59:10.412 [FXGL Background Thread 3 ] DEBUG Engine               - globalMusicVolume: 0.5
16:59:10.412 [FXGL Background Thread 3 ] DEBUG Engine               - globalMusicVolumeProperty: DoubleProperty [value: 0.25]
16:59:10.412 [FXGL Background Thread 3 ] DEBUG Engine               - globalSoundVolume: 0.5
16:59:10.412 [FXGL Background Thread 3 ] DEBUG Engine               - globalSoundVolumeProperty: DoubleProperty [value: 0.5]
16:59:10.412 [FXGL Background Thread 3 ] DEBUG Engine               - height: 720
16:59:10.412 [FXGL Background Thread 3 ] DEBUG Engine               - is3D: false
16:59:10.412 [FXGL Background Thread 3 ] DEBUG Engine               - isAndroid: false
16:59:10.412 [FXGL Background Thread 3 ] DEBUG Engine               - isBrowser: false
16:59:10.412 [FXGL Background Thread 3 ] DEBUG Engine               - isClickFeedbackEnabled: false
16:59:10.412 [FXGL Background Thread 3 ] DEBUG Engine               - isCloseConfirmation: false
16:59:10.412 [FXGL Background Thread 3 ] DEBUG Engine               - isDesktop: true
16:59:10.412 [FXGL Background Thread 3 ] DEBUG Engine               - isDeveloperMenuEnabled: false
16:59:10.412 [FXGL Background Thread 3 ] DEBUG Engine               - isEmbedded: false
16:59:10.412 [FXGL Background Thread 3 ] DEBUG Engine               - isEntityPreloadEnabled: true
16:59:10.412 [FXGL Background Thread 3 ] DEBUG Engine               - isExperimentalTiledLargeMap: false
16:59:10.412 [FXGL Background Thread 3 ] DEBUG Engine               - isFileSystemWriteAllowed: true
16:59:10.412 [FXGL Background Thread 3 ] DEBUG Engine               - isFullScreenAllowed: false
16:59:10.412 [FXGL Background Thread 3 ] DEBUG Engine               - isFullScreenFromStart: false
16:59:10.412 [FXGL Background Thread 3 ] DEBUG Engine               - isGameMenuEnabled: true
16:59:10.412 [FXGL Background Thread 3 ] DEBUG Engine               - isIOS: false
16:59:10.412 [FXGL Background Thread 3 ] DEBUG Engine               - isIntroEnabled: false
16:59:10.412 [FXGL Background Thread 3 ] DEBUG Engine               - isLinux: false
16:59:10.412 [FXGL Background Thread 3 ] DEBUG Engine               - isMac: false
16:59:10.412 [FXGL Background Thread 3 ] DEBUG Engine               - isMainMenuEnabled: false
16:59:10.412 [FXGL Background Thread 3 ] DEBUG Engine               - isManualResizeEnabled: false
16:59:10.412 [FXGL Background Thread 3 ] DEBUG Engine               - isMobile: false
16:59:10.412 [FXGL Background Thread 3 ] DEBUG Engine               - isNative: false
16:59:10.412 [FXGL Background Thread 3 ] DEBUG Engine               - isPauseMusicWhenMinimized: true
16:59:10.412 [FXGL Background Thread 3 ] DEBUG Engine               - isPreserveResizeRatio: false
16:59:10.412 [FXGL Background Thread 3 ] DEBUG Engine               - isProfilingEnabled: false
16:59:10.413 [FXGL Background Thread 3 ] DEBUG Engine               - isScaleAffectedOnResize: true
16:59:10.413 [FXGL Background Thread 3 ] DEBUG Engine               - isSingleStep: false
16:59:10.413 [FXGL Background Thread 3 ] DEBUG Engine               - isUserProfileEnabled: false
16:59:10.413 [FXGL Background Thread 3 ] DEBUG Engine               - isWindows: true
16:59:10.413 [FXGL Background Thread 3 ] DEBUG Engine               - language: ObjectProperty [value: ENGLISH]
16:59:10.413 [FXGL Background Thread 3 ] DEBUG Engine               - menuKey: ESCAPE
16:59:10.413 [FXGL Background Thread 3 ] DEBUG Engine               - mouseSensitivity: 0.2
16:59:10.413 [FXGL Background Thread 3 ] DEBUG Engine               - notificationViewClass: class com.almasb.fxgl.notification.view.XboxNotificationView
16:59:10.413 [FXGL Background Thread 3 ] DEBUG Engine               - pixelsPerMeter: 50.0
16:59:10.413 [FXGL Background Thread 3 ] DEBUG Engine               - platform: WINDOWS
16:59:10.413 [FXGL Background Thread 3 ] DEBUG Engine               - prefHeightProperty: ReadOnlyDoubleProperty [value: 720.0]
16:59:10.413 [FXGL Background Thread 3 ] DEBUG Engine               - prefWidthProperty: ReadOnlyDoubleProperty [value: 1280.0]
16:59:10.413 [FXGL Background Thread 3 ] DEBUG Engine               - profileDir: profiles/
16:59:10.413 [FXGL Background Thread 3 ] DEBUG Engine               - profileName: StringProperty [value: DEFAULT]
16:59:10.413 [FXGL Background Thread 3 ] DEBUG Engine               - randomSeed: -1
16:59:10.413 [FXGL Background Thread 3 ] DEBUG Engine               - runtimeInfo: RuntimeInfo(platform=WINDOWS, version=17.1, build=24.03.2022 17.34)
16:59:10.413 [FXGL Background Thread 3 ] DEBUG Engine               - saveFileExt: sav
16:59:10.413 [FXGL Background Thread 3 ] DEBUG Engine               - scaledHeightProp$fxgl: DoubleProperty [bound, value: 720.0]
16:59:10.413 [FXGL Background Thread 3 ] DEBUG Engine               - scaledWidthProp$fxgl: DoubleProperty [bound, value: 1280.0]
16:59:10.413 [FXGL Background Thread 3 ] DEBUG Engine               - sceneFactory: com.almasb.fxglgames.platformer.PlatformerApp$1@5fe4fd20
16:59:10.413 [FXGL Background Thread 3 ] DEBUG Engine               - secondsIn24h: 60
16:59:10.413 [FXGL Background Thread 3 ] DEBUG Engine               - soundMenuBack: menu/back.wav
16:59:10.414 [FXGL Background Thread 3 ] DEBUG Engine               - soundMenuPress: menu/press.wav
16:59:10.414 [FXGL Background Thread 3 ] DEBUG Engine               - soundMenuSelect: menu/select.wav
16:59:10.414 [FXGL Background Thread 3 ] DEBUG Engine               - soundNotification: core/notification.wav
16:59:10.414 [FXGL Background Thread 3 ] DEBUG Engine               - stageStyle: DECORATED
16:59:10.414 [FXGL Background Thread 3 ] DEBUG Engine               - supportedLanguages: [ENGLISH, FRENCH, GERMAN, HUNGARIAN, RUSSIAN]
16:59:10.414 [FXGL Background Thread 3 ] DEBUG Engine               - ticksPerSecond: -1
16:59:10.414 [FXGL Background Thread 3 ] DEBUG Engine               - title: Miguel
16:59:10.414 [FXGL Background Thread 3 ] DEBUG Engine               - urlGithub: https://github.com/AlmasB/FXGL
16:59:10.414 [FXGL Background Thread 3 ] DEBUG Engine               - urlLeaderboard: http://fxgl-top.herokuapp.com/
16:59:10.414 [FXGL Background Thread 3 ] DEBUG Engine               - urlPOM: https://raw.githubusercontent.com/AlmasB/FXGL/release/README.md
16:59:10.414 [FXGL Background Thread 3 ] DEBUG Engine               - userAppClass: class com.almasb.fxglgames.platformer.PlatformerApp
16:59:10.414 [FXGL Background Thread 3 ] DEBUG Engine               - version: 1.0
16:59:10.414 [FXGL Background Thread 3 ] DEBUG Engine               - versionCheckDays: 7
16:59:10.414 [FXGL Background Thread 3 ] DEBUG Engine               - width: 1280
16:59:10.414 [FXGL Background Thread 3 ] DEBUG Engine               - Logging services
16:59:10.414 [FXGL Background Thread 3 ] DEBUG Engine               - class com.almasb.fxgl.app.services.FXGLAssetLoaderService
16:59:10.414 [FXGL Background Thread 3 ] DEBUG Engine               - class com.almasb.fxgl.app.FXGLApplication$GameApplicationService
16:59:10.414 [FXGL Background Thread 3 ] DEBUG Engine               - class com.almasb.fxgl.app.services.FXGLDialogService
16:59:10.414 [FXGL Background Thread 3 ] DEBUG Engine               - class com.almasb.fxgl.app.services.IOTaskExecutorService
16:59:10.414 [FXGL Background Thread 3 ] DEBUG Engine               - class com.almasb.fxgl.io.FileSystemService
16:59:10.414 [FXGL Background Thread 3 ] DEBUG Engine               - class com.almasb.fxgl.localization.LocalizationService
16:59:10.414 [FXGL Background Thread 3 ] DEBUG Engine               - class com.almasb.fxgl.app.services.SystemBundleService
16:59:10.414 [FXGL Background Thread 3 ] DEBUG Engine               - class com.almasb.fxgl.profile.SaveLoadService
16:59:10.414 [FXGL Background Thread 3 ] DEBUG Engine               - class com.almasb.fxgl.ui.FXGLUIFactoryServiceProvider
16:59:10.414 [FXGL Background Thread 3 ] DEBUG Engine               - class com.almasb.fxgl.ui.FXGLDialogFactoryServiceProvider
16:59:10.414 [FXGL Background Thread 3 ] DEBUG Engine               - class com.almasb.fxgl.audio.AudioPlayer
16:59:10.414 [FXGL Background Thread 3 ] DEBUG Engine               - class com.almasb.fxgl.notification.impl.NotificationServiceProvider
16:59:10.414 [FXGL Background Thread 3 ] DEBUG Engine               - class com.almasb.fxgl.achievement.AchievementService
16:59:10.414 [FXGL Background Thread 3 ] DEBUG Engine               - class com.almasb.fxgl.cutscene.CutsceneService
16:59:10.414 [FXGL Background Thread 3 ] DEBUG Engine               - class com.almasb.fxgl.minigames.MiniGameService
16:59:10.414 [FXGL Background Thread 3 ] DEBUG Engine               - class com.almasb.fxgl.net.NetService
16:59:10.414 [FXGL Background Thread 3 ] DEBUG Engine               - class com.almasb.fxgl.app.services.UpdaterService
16:59:10.414 [FXGL Background Thread 3 ] DEBUG Engine               - class com.almasb.fxgl.dev.DevService
16:59:22.761 [JavaFX Application Thread] DEBUG Input                - Registered new binding: Close Level End Screen - LMB
16:59:22.761 [JavaFX Application Thread] DEBUG PrimaryStageWindow   - Push state: LevelEndScene
16:59:22.761 [JavaFX Application Thread] DEBUG Input                - Clearing active input actions
16:59:22.762 [JavaFX Application Thread] DEBUG GameApplicationServi - Removing overlay from GameScene and adding to LevelEndScene
16:59:22.762 [JavaFX Application Thread] DEBUG PrimaryStageWindow   - GameScene -> LevelEndScene
16:59:25.005 [JavaFX Application Thread] DEBUG PrimaryStageWindow   - Pop state: LevelEndScene
16:59:25.005 [JavaFX Application Thread] DEBUG Input                - Clearing active input actions
16:59:25.005 [JavaFX Application Thread] DEBUG GameApplicationServi - Removing overlay from LevelEndScene and adding to GameScene
16:59:25.006 [JavaFX Application Thread] DEBUG PrimaryStageWindow   - GameScene <- LevelEndScene
16:59:25.992 [JavaFX Application Thread] WARN  TMXLevelLoader       - TiledMap generated from 1.10.0. Supported version: 1.4.2. Some features may not be parsed fully.
16:59:25.994 [JavaFX Application Thread] DEBUG TMXLevelLoader       - Parsed TiledMap: file:/C:/ipose-groep-4/target/classes/assets/levels/tmx/level2.tmx
16:59:25.994 [JavaFX Application Thread] DEBUG TMXLevelLoader       - Creating tile layer entities
16:59:25.995 [JavaFX Application Thread] DEBUG TilesetLoader        - Loading view for layer Tile Layer 1
16:59:25.999 [JavaFX Application Thread] DEBUG TilesetLoader        - Created buffer with size 4900.0x700.0
16:59:26.012 [JavaFX Application Thread] DEBUG TMXLevelLoader       - Creating object layer entities
16:59:26.016 [JavaFX Application Thread] DEBUG GameWorld            - Clearing removable entities
16:59:26.017 [JavaFX Application Thread] DEBUG GameWorld            - Setting level: com.almasb.fxgl.entity.level.Level@3f9e2627
16:59:41.861 [JavaFX Application Thread] DEBUG PrimaryStageWindow   - Push state: LevelEndScene
16:59:41.862 [JavaFX Application Thread] DEBUG Input                - Clearing active input actions
16:59:41.862 [JavaFX Application Thread] DEBUG GameApplicationServi - Removing overlay from GameScene and adding to LevelEndScene
16:59:41.862 [JavaFX Application Thread] DEBUG PrimaryStageWindow   - GameScene -> LevelEndScene
16:59:42.916 [JavaFX Application Thread] DEBUG PrimaryStageWindow   - Pop state: LevelEndScene
16:59:42.916 [JavaFX Application Thread] DEBUG Input                - Clearing active input actions
16:59:42.916 [JavaFX Application Thread] DEBUG GameApplicationServi - Removing overlay from LevelEndScene and adding to GameScene
16:59:42.917 [JavaFX Application Thread] DEBUG PrimaryStageWindow   - GameScene <- LevelEndScene
16:59:43.880 [JavaFX Application Thread] WARN  TMXLevelLoader       - TiledMap generated from 1.10.0. Supported version: 1.4.2. Some features may not be parsed fully.
16:59:43.882 [JavaFX Application Thread] DEBUG TMXLevelLoader       - Parsed TiledMap: file:/C:/ipose-groep-4/target/classes/assets/levels/tmx/level3.tmx
16:59:43.882 [JavaFX Application Thread] DEBUG TMXLevelLoader       - Creating tile layer entities
16:59:43.882 [JavaFX Application Thread] DEBUG TilesetLoader        - Loading view for layer Tile Layer 1
16:59:43.886 [JavaFX Application Thread] DEBUG TilesetLoader        - Created buffer with size 4900.0x700.0
16:59:43.896 [JavaFX Application Thread] DEBUG TMXLevelLoader       - Creating object layer entities
16:59:43.899 [JavaFX Application Thread] DEBUG GameWorld            - Clearing removable entities
16:59:43.900 [JavaFX Application Thread] DEBUG GameWorld            - Setting level: com.almasb.fxgl.entity.level.Level@1f40d0ae
17:00:00.230 [JavaFX Application Thread] DEBUG PrimaryStageWindow   - Push state: LevelEndScene
17:00:00.230 [JavaFX Application Thread] DEBUG Input                - Clearing active input actions
17:00:00.231 [JavaFX Application Thread] DEBUG GameApplicationServi - Removing overlay from GameScene and adding to LevelEndScene
17:00:00.231 [JavaFX Application Thread] DEBUG PrimaryStageWindow   - GameScene -> LevelEndScene
17:00:01.509 [JavaFX Application Thread] DEBUG PrimaryStageWindow   - Pop state: LevelEndScene
17:00:01.509 [JavaFX Application Thread] DEBUG Input                - Clearing active input actions
17:00:01.509 [JavaFX Application Thread] DEBUG GameApplicationServi - Removing overlay from LevelEndScene and adding to GameScene
17:00:01.509 [JavaFX Application Thread] DEBUG PrimaryStageWindow   - GameScene <- LevelEndScene
17:00:02.485 [JavaFX Application Thread] DEBUG AudioPlayer          - Pausing music com.almasb.fxgl.audio.Music@2a5ee528
17:00:02.486 [JavaFX Application Thread] DEBUG LoopRunner           - Pausing loop
17:00:02.487 [JavaFX Application Thread] DEBUG PrimaryStageWindow   - Push state: DialogSubScene
17:00:02.487 [JavaFX Application Thread] DEBUG Input                - Clearing active input actions
17:00:02.490 [JavaFX Application Thread] DEBUG GameApplicationServi - Removing overlay from GameScene and adding to DialogSubScene
17:00:02.491 [JavaFX Application Thread] DEBUG PrimaryStageWindow   - GameScene -> DialogSubScene
17:00:03.347 [JavaFX Application Thread] DEBUG PrimaryStageWindow   - Pop state: DialogSubScene
17:00:03.347 [JavaFX Application Thread] DEBUG Input                - Clearing active input actions
17:00:03.347 [JavaFX Application Thread] DEBUG GameApplicationServi - Removing overlay from DialogSubScene and adding to GameScene
17:00:03.347 [JavaFX Application Thread] DEBUG PrimaryStageWindow   - GameScene <- DialogSubScene
17:00:11.920 [JavaFX Application Thread] DEBUG FXGLApplication      - Exiting FXGL
17:00:11.920 [JavaFX Application Thread] DEBUG LoopRunner           - Stopping loop
17:00:11.920 [JavaFX Application Thread] DEBUG SystemBundleService  - Saving FXGL system data
17:00:11.922 [JavaFX Application Thread] DEBUG FileSystemAccess     - Writing to: C:\ipose-groep-4\system\fxgl.bundle
17:00:11.924 [JavaFX Application Thread] DEBUG Async                - Shutting down background threads
17:00:11.925 [JavaFX Application Thread] DEBUG PrimaryStageWindow   - Closing main window
17:00:11.936 [JavaFX Application Thread] DEBUG Logger               - Closing Logger
