15:41:18.871 [main                     ] DEBUG Logger               - Configured Logger
15:41:18.904 [main                     ] DEBUG GameApplication      - Logging settings
Title: Miguel
Version: 1.0
Width: 1280
Height: 720
Fullscreen: false
Intro: false
Profiling: false
Single step:false
App Mode: DEVELOPER
Menu Key: ESCAPE
Stage Style: DECORATED
Scene Factory: class com.almasb.fxglgames.platformer.PlatformerApp$1

15:41:19.369 [JavaFX Application Thread] DEBUG FXGLApplication      - Initializing FXGL
15:41:19.374 [JavaFX Application Thread] INFO  Engine               - FXGL-17.1 (24.03.2022 17.34) on WINDOWS (J:19.0.1 FX:19-ea)
15:41:19.374 [JavaFX Application Thread] DEBUG Engine               - JRE Vendor Name: Oracle Corporation
15:41:19.374 [JavaFX Application Thread] DEBUG Engine               - Running on OS: Windows 10 version 10.0
15:41:19.374 [JavaFX Application Thread] DEBUG Engine               - Architecture: amd64
15:41:19.374 [JavaFX Application Thread] INFO  Engine               - Source code and latest versions at: https://github.com/AlmasB/FXGL
15:41:19.375 [JavaFX Application Thread] INFO  Engine               -       Ask questions and discuss at: https://github.com/AlmasB/FXGL/discussions
15:41:19.375 [JavaFX Application Thread] INFO  Engine               -              Join the FXGL chat at: https://gitter.im/AlmasB/FXGL
15:41:19.456 [JavaFX Application Thread] DEBUG PrimaryStageWindow   - Creating a JavaFX scene
15:41:19.496 [JavaFX Application Thread] DEBUG PrimaryStageWindow   - Target settings size: 1280.0 x 720.0
15:41:19.497 [JavaFX Application Thread] DEBUG PrimaryStageWindow   - Scaled scene size:    1280.0 x 720.0
15:41:19.497 [JavaFX Application Thread] DEBUG PrimaryStageWindow   - Scaled ratio: (1.0, 1.0)
15:41:19.498 [JavaFX Application Thread] DEBUG PrimaryStageWindow   - Set initial scene to FXGLStartupScene
15:41:19.504 [JavaFX Application Thread] DEBUG PrimaryStageWindow   - Opening main window
15:41:19.582 [JavaFX Application Thread] DEBUG PrimaryStageWindow   - Window border size: (14.4000244140625, 37.5999755859375)
15:41:19.583 [JavaFX Application Thread] DEBUG PrimaryStageWindow   - Scaled size: 1280.0 x 720.0
15:41:19.583 [JavaFX Application Thread] DEBUG PrimaryStageWindow   - Scaled ratio: (1.0, 1.0)
15:41:19.583 [JavaFX Application Thread] DEBUG PrimaryStageWindow   - Scene size: 1280.0 x 720.0
15:41:19.583 [JavaFX Application Thread] DEBUG PrimaryStageWindow   - Stage size: 1294.4000244140625 x 757.5999755859375
15:41:19.591 [FXGL Background Thread 1 ] DEBUG Engine               - Initializing environment variables
15:41:19.639 [FXGL Background Thread 1 ] DEBUG FXGLAssetLoaderServi - User app class for loading assets: class com.almasb.fxglgames.platformer.PlatformerApp
15:41:19.639 [FXGL Background Thread 1 ] DEBUG GameApplicationServi - Applying CSS: fxgl_dark.css
15:41:19.640 [FXGL Background Thread 1 ] DEBUG FXGLAssetLoaderServi - Loading from file system: jar:file:///C:/Users/koenm/.m2/repository/com/github/almasb/fxgl/17.1/fxgl-17.1.jar!/fxglassets/ui/css/fxgl_dark.css
15:41:19.676 [FXGL Background Thread 1 ] DEBUG GameApplicationServi - Initializing application scenes
15:41:19.715 [FXGL Background Thread 1 ] DEBUG FXGLAssetLoaderServi - Loading from file system: file:/C:/Users/koenm/Documents/GitHub/ipose-groep-4/target/classes/assets/textures/player.png
15:41:19.733 [FXGL Background Thread 1 ] DEBUG GameWorld            - Game world initialized
15:41:19.783 [FXGL Background Thread 1 ] DEBUG PhysicsWorld         - Physics world initialized: appHeight=720, physics.ppm=50,0
15:41:19.784 [FXGL Background Thread 1 ] DEBUG PhysicsWorld         - Using strategy: BRUTE_FORCE
15:41:19.788 [FXGL Background Thread 1 ] DEBUG GameScene            - Game scene initialized: 1280x720
15:41:19.795 [FXGL Background Thread 1 ] DEBUG FXGL.DefaultMenu     - createMenuBodyMainMenu()
15:41:19.809 [FXGL Background Thread 1 ] DEBUG FXGL.DefaultMenu     - createOptionsMenu()
15:41:19.817 [FXGL Background Thread 1 ] DEBUG FXGLAssetLoaderServi - Loading from file system: jar:file:///C:/Users/koenm/.m2/repository/com/github/almasb/fxgl/17.1/fxgl-17.1.jar!/fxglassets/textures/particles/smoke.png
15:41:19.892 [FXGL Background Thread 1 ] DEBUG FXGLAssetLoaderServi - Loading from file system: jar:file:///C:/Users/koenm/.m2/repository/com/github/almasb/fxgl/17.1/fxgl-17.1.jar!/fxglassets/textures/particles/trace_horizontal.png
15:41:19.920 [FXGL Background Thread 1 ] DEBUG FXGL.DefaultMenu     - createMenuBodyGameMenu()
15:41:19.921 [FXGL Background Thread 1 ] DEBUG FXGL.DefaultMenu     - createOptionsMenu()
15:41:19.938 [FXGL Background Thread 1 ] DEBUG GameApplicationServi - Application scenes initialized
15:41:19.953 [FXGL Background Thread 1 ] DEBUG SystemBundleService  - Loading FXGL system data
15:41:19.960 [FXGL Background Thread 1 ] DEBUG FileSystemAccess     - Reading from: C:\Users\koenm\Documents\GitHub\ipose-groep-4\system\fxgl.bundle
15:41:19.971 [FXGL Background Thread 1 ] DEBUG SystemBundleService  - Bundle FXGL: {}
15:41:19.971 [FXGL Background Thread 1 ] DEBUG UpdaterService       - Checking for updates
15:41:19.980 [FXGL Background Thread 4 ] DEBUG FXGLApplication      - Loading fonts
15:41:19.980 [FXGL Background Thread 1 ] DEBUG FXGLApplication      - Loading default localization
15:41:19.981 [FXGL Background Thread 4 ] DEBUG FXGLAssetLoaderServi - Loading from file system: jar:file:///C:/Users/koenm/.m2/repository/com/github/almasb/fxgl/17.1/fxgl-17.1.jar!/fxglassets/ui/fonts/VarelaRound-Regular.ttf
15:41:19.981 [FXGL Background Thread 1 ] DEBUG FXGLAssetLoaderServi - Loading from file system: jar:file:///C:/Users/koenm/.m2/repository/com/github/almasb/fxgl/17.1/fxgl-17.1.jar!/fxglassets/languages/english.lang
15:41:20.010 [FXGL Background Thread 1 ] INFO  FXGLApplication      - FXGL initialization took: 0,419 sec
15:41:20.028 [JavaFX Application Thread] DEBUG Input                - Registered new binding: Left - A
15:41:20.029 [JavaFX Application Thread] DEBUG Input                - Registered new binding: Right - D
15:41:20.029 [JavaFX Application Thread] DEBUG Input                - Registered new binding: Jump - W
15:41:20.029 [JavaFX Application Thread] DEBUG Input                - Registered new binding: Use - E
15:41:20.030 [JavaFX Application Thread] DEBUG FXGLAssetLoaderServi - Loading from file system: file:/C:/Users/koenm/Documents/GitHub/ipose-groep-4/target/classes/assets/music/BGM_dash_runner.wav
15:41:20.159 [FXGL Background Thread 4 ] DEBUG FXGLAssetLoaderServi - Loading from file system: jar:file:///C:/Users/koenm/.m2/repository/com/github/almasb/fxgl/17.1/fxgl-17.1.jar!/fxglassets/ui/fonts/Abel-Regular.ttf
15:41:20.163 [FXGL Background Thread 4 ] DEBUG FXGLAssetLoaderServi - Loading from file system: jar:file:///C:/Users/koenm/.m2/repository/com/github/almasb/fxgl/17.1/fxgl-17.1.jar!/fxglassets/ui/fonts/TerminalLandMono-Regular.otf
15:41:20.167 [FXGL Background Thread 4 ] DEBUG FXGLAssetLoaderServi - Loading from file system: jar:file:///C:/Users/koenm/.m2/repository/com/github/almasb/fxgl/17.1/fxgl-17.1.jar!/fxglassets/ui/fonts/Courier-Prime.ttf
15:41:20.264 [JavaFX Application Thread] DEBUG AudioPlayer          - Playing music com.almasb.fxgl.audio.Music@b47901a
15:41:20.265 [JavaFX Application Thread] DEBUG FXGLAssetLoaderServi - Loading from file system: jar:file:///C:/Users/koenm/.m2/repository/com/github/almasb/fxgl/17.1/fxgl-17.1.jar!/fxglassets/textures/fxgl_icon.png
15:41:20.282 [JavaFX Application Thread] DEBUG FXGLAssetLoaderServi - Loading from file system: jar:file:///C:/Users/koenm/.m2/repository/com/github/almasb/fxgl/17.1/fxgl-17.1.jar!/fxglassets/textures/fxgl_default_cursor.png
15:41:20.285 [JavaFX Application Thread] DEBUG Input                - Registered new binding: Screenshot - CTRL+8
15:41:20.286 [JavaFX Application Thread] DEBUG Input                - Registered new binding: System info dump - CTRL+9
15:41:20.286 [JavaFX Application Thread] DEBUG Input                - Registered new binding: Restart - CTRL+R
15:41:20.287 [JavaFX Application Thread] DEBUG Input                - Registered new binding: Toggle Debug Camera - CTRL+7
15:41:20.289 [JavaFX Application Thread] DEBUG LoopRunner           - Starting loop
15:41:20.289 [JavaFX Application Thread] DEBUG LoopRunner           - Initializing JavaFX AnimationTimerLoop
15:41:20.292 [JavaFX Application Thread] DEBUG Input                - Clearing active input actions
15:41:20.304 [JavaFX Application Thread] DEBUG GameApplicationServi - Removing overlay from FXGLStartupScene and adding to FXGLMainMenuDummyScene
15:41:20.305 [JavaFX Application Thread] DEBUG PrimaryStageWindow   - FXGLStartupScene -> FXGLMainMenuDummyScene
15:41:20.305 [JavaFX Application Thread] DEBUG PrimaryStageWindow   - Push state: FXGLDefaultMenu
15:41:20.308 [JavaFX Application Thread] DEBUG Input                - Clearing active input actions
15:41:20.317 [JavaFX Application Thread] DEBUG GameApplicationServi - Removing overlay from FXGLMainMenuDummyScene and adding to FXGLDefaultMenu
15:41:20.319 [JavaFX Application Thread] DEBUG PrimaryStageWindow   - FXGLMainMenuDummyScene -> FXGLDefaultMenu
15:41:20.319 [JavaFX Application Thread] DEBUG FXGLApplication      - Registering font factories with UI factory
15:41:20.473 [FXGL Background Thread 2 ] INFO  UpdaterService       - Your current version:  17.1
15:41:20.473 [FXGL Background Thread 2 ] INFO  UpdaterService       - Latest stable version: 17.3
15:41:22.369 [JavaFX Application Thread] DEBUG Menu                 - fireNewGame()
15:41:22.369 [JavaFX Application Thread] DEBUG GameApplicationServi - Starting new game
15:41:22.373 [JavaFX Application Thread] DEBUG PrimaryStageWindow   - Pop state: FXGLDefaultMenu
15:41:22.373 [JavaFX Application Thread] DEBUG Input                - Clearing active input actions
15:41:22.374 [JavaFX Application Thread] DEBUG GameApplicationServi - Removing overlay from FXGLDefaultMenu and adding to FXGLMainMenuDummyScene
15:41:22.374 [JavaFX Application Thread] DEBUG PrimaryStageWindow   - FXGLMainMenuDummyScene <- FXGLDefaultMenu
15:41:22.374 [JavaFX Application Thread] DEBUG Input                - Clearing active input actions
15:41:22.380 [JavaFX Application Thread] DEBUG GameApplicationServi - Removing overlay from FXGLMainMenuDummyScene and adding to MainLoadingScene
15:41:22.381 [JavaFX Application Thread] DEBUG PrimaryStageWindow   - FXGLMainMenuDummyScene -> MainLoadingScene
15:41:22.381 [JavaFX Application Thread] DEBUG GameApplicationServi - Clearing previous game
15:41:22.381 [JavaFX Application Thread] DEBUG GameScene            - Clearing game scene
15:41:22.381 [JavaFX Application Thread] DEBUG GameWorld            - Clearing game world
15:41:22.381 [JavaFX Application Thread] DEBUG PhysicsWorld         - Clearing physics world
15:41:22.382 [FXGL Background Thread 2 ] DEBUG FXGLApplication      - Initializing game
15:41:22.408 [FXGL Background Thread 2 ] WARN  TMXLevelLoader       - TiledMap generated from 1.10.0. Supported version: 1.4.2. Some features may not be parsed fully.
15:41:22.415 [FXGL Background Thread 2 ] DEBUG TMXLevelLoader       - Parsed TiledMap: file:/C:/Users/koenm/Documents/GitHub/ipose-groep-4/target/classes/assets/levels/tmx/level1.tmx
15:41:22.416 [FXGL Background Thread 2 ] DEBUG TMXLevelLoader       - Creating tile layer entities
15:41:22.417 [FXGL Background Thread 2 ] DEBUG TilesetLoader        - Loading view for layer Tile Layer 1
15:41:22.420 [FXGL Background Thread 2 ] DEBUG TilesetLoader        - Created buffer with size 4900.0x700.0
15:41:22.442 [FXGL Background Thread 2 ] DEBUG TMXLevelLoader       - Creating object layer entities
15:41:22.461 [FXGL Background Thread 2 ] DEBUG GameWorld            - Clearing removable entities
15:41:22.461 [FXGL Background Thread 2 ] DEBUG GameWorld            - Setting level: com.almasb.fxgl.entity.level.Level@20696b25
15:41:22.477 [FXGL Background Thread 2 ] DEBUG FXGLAssetLoaderServi - Loading from file system: file:/C:/Users/koenm/Documents/GitHub/ipose-groep-4/target/classes/assets/textures/trump.png
15:41:22.481 [FXGL Background Thread 2 ] DEBUG FXGLAssetLoaderServi - Loading from file system: file:/C:/Users/koenm/Documents/GitHub/ipose-groep-4/target/classes/assets/textures/background/forest.png
15:41:22.494 [FXGL Background Thread 2 ] INFO  FXGLApplication      - Game initialization took: 0,113 sec
15:41:22.495 [JavaFX Application Thread] DEBUG Input                - Clearing active input actions
15:41:22.498 [JavaFX Application Thread] DEBUG GameApplicationServi - Removing overlay from MainLoadingScene and adding to GameScene
15:41:22.498 [JavaFX Application Thread] DEBUG PrimaryStageWindow   - MainLoadingScene -> GameScene
15:41:22.978 [FXGL Background Thread 3 ] DEBUG Engine               - Logging environment variables
15:41:22.978 [FXGL Background Thread 3 ] DEBUG Engine               - achievements: []
15:41:22.978 [FXGL Background Thread 3 ] DEBUG Engine               - actualHeight: 720.0
15:41:22.978 [FXGL Background Thread 3 ] DEBUG Engine               - actualHeightProperty: ReadOnlyDoubleProperty [value: 720.0]
15:41:22.978 [FXGL Background Thread 3 ] DEBUG Engine               - actualWidth: 1280.0
15:41:22.978 [FXGL Background Thread 3 ] DEBUG Engine               - actualWidthProperty: ReadOnlyDoubleProperty [value: 1280.0]
15:41:22.978 [FXGL Background Thread 3 ] DEBUG Engine               - appIcon: fxgl_icon.png
15:41:22.978 [FXGL Background Thread 3 ] DEBUG Engine               - applicationMode: DEVELOPER
15:41:22.978 [FXGL Background Thread 3 ] DEBUG Engine               - cSSList: [fxgl_dark.css]
15:41:22.978 [FXGL Background Thread 3 ] DEBUG Engine               - collisionDetectionStrategy: BRUTE_FORCE
15:41:22.978 [FXGL Background Thread 3 ] DEBUG Engine               - configClass: Optional.empty
15:41:22.978 [FXGL Background Thread 3 ] DEBUG Engine               - credits: []
15:41:22.978 [FXGL Background Thread 3 ] DEBUG Engine               - defaultCursor: CursorInfo(imageName=fxgl_default_cursor.png, hotspotX=7.0, hotspotY=6.0)
15:41:22.978 [FXGL Background Thread 3 ] DEBUG Engine               - devBBoxColorProperty: ObjectProperty [value: 0xff0000ff]
15:41:22.978 [FXGL Background Thread 3 ] DEBUG Engine               - devEnableDebugCameraProperty: BooleanProperty [value: false]
15:41:22.978 [FXGL Background Thread 3 ] DEBUG Engine               - devSensorColorProperty: ObjectProperty [value: 0xffff00ff]
15:41:22.978 [FXGL Background Thread 3 ] DEBUG Engine               - devShowBBoxProperty: BooleanProperty [value: false]
15:41:22.978 [FXGL Background Thread 3 ] DEBUG Engine               - devShowPositionProperty: BooleanProperty [value: false]
15:41:22.978 [FXGL Background Thread 3 ] DEBUG Engine               - enabledMenuItems: []
15:41:22.979 [FXGL Background Thread 3 ] DEBUG Engine               - engineServices: [class com.almasb.fxgl.app.services.FXGLAssetLoaderService, class com.almasb.fxgl.app.FXGLApplication$GameApplicationService, class com.almasb.fxgl.app.services.FXGLDialogService, class com.almasb.fxgl.app.services.IOTaskExecutorService, class com.almasb.fxgl.io.FileSystemService, class com.almasb.fxgl.localization.LocalizationService, class com.almasb.fxgl.app.services.SystemBundleService, class com.almasb.fxgl.profile.SaveLoadService, class com.almasb.fxgl.ui.FXGLUIFactoryServiceProvider, class com.almasb.fxgl.ui.FXGLDialogFactoryServiceProvider, class com.almasb.fxgl.audio.AudioPlayer, class com.almasb.fxgl.notification.impl.NotificationServiceProvider, class com.almasb.fxgl.achievement.AchievementService, class com.almasb.fxgl.cutscene.CutsceneService, class com.almasb.fxgl.minigames.MiniGameService, class com.almasb.fxgl.net.NetService, class com.almasb.fxgl.app.services.UpdaterService, class com.almasb.fxgl.dev.DevService]
15:41:22.979 [FXGL Background Thread 3 ] DEBUG Engine               - fontGame: Abel-Regular.ttf
15:41:22.979 [FXGL Background Thread 3 ] DEBUG Engine               - fontMono: TerminalLandMono-Regular.otf
15:41:22.979 [FXGL Background Thread 3 ] DEBUG Engine               - fontText: Courier-Prime.ttf
15:41:22.979 [FXGL Background Thread 3 ] DEBUG Engine               - fontUI: VarelaRound-Regular.ttf
15:41:22.979 [FXGL Background Thread 3 ] DEBUG Engine               - fullScreen: BooleanProperty [value: false]
15:41:22.979 [FXGL Background Thread 3 ] DEBUG Engine               - gameDifficulty: MEDIUM
15:41:22.979 [FXGL Background Thread 3 ] DEBUG Engine               - gameDifficultyProperty: ObjectProperty [value: MEDIUM]
15:41:22.979 [FXGL Background Thread 3 ] DEBUG Engine               - globalMusicVolume: 0.5
15:41:22.979 [FXGL Background Thread 3 ] DEBUG Engine               - globalMusicVolumeProperty: DoubleProperty [value: 0.25]
15:41:22.979 [FXGL Background Thread 3 ] DEBUG Engine               - globalSoundVolume: 0.5
15:41:22.979 [FXGL Background Thread 3 ] DEBUG Engine               - globalSoundVolumeProperty: DoubleProperty [value: 0.5]
15:41:22.979 [FXGL Background Thread 3 ] DEBUG Engine               - height: 720
15:41:22.979 [FXGL Background Thread 3 ] DEBUG Engine               - is3D: false
15:41:22.979 [FXGL Background Thread 3 ] DEBUG Engine               - isAndroid: false
15:41:22.979 [FXGL Background Thread 3 ] DEBUG Engine               - isBrowser: false
15:41:22.979 [FXGL Background Thread 3 ] DEBUG Engine               - isClickFeedbackEnabled: false
15:41:22.979 [FXGL Background Thread 3 ] DEBUG Engine               - isCloseConfirmation: false
15:41:22.979 [FXGL Background Thread 3 ] DEBUG Engine               - isDesktop: true
15:41:22.979 [FXGL Background Thread 3 ] DEBUG Engine               - isDeveloperMenuEnabled: false
15:41:22.979 [FXGL Background Thread 3 ] DEBUG Engine               - isEmbedded: false
15:41:22.979 [FXGL Background Thread 3 ] DEBUG Engine               - isEntityPreloadEnabled: true
15:41:22.979 [FXGL Background Thread 3 ] DEBUG Engine               - isExperimentalTiledLargeMap: false
15:41:22.979 [FXGL Background Thread 3 ] DEBUG Engine               - isFileSystemWriteAllowed: true
15:41:22.979 [FXGL Background Thread 3 ] DEBUG Engine               - isFullScreenAllowed: false
15:41:22.979 [FXGL Background Thread 3 ] DEBUG Engine               - isFullScreenFromStart: false
15:41:22.980 [FXGL Background Thread 3 ] DEBUG Engine               - isGameMenuEnabled: true
15:41:22.980 [FXGL Background Thread 3 ] DEBUG Engine               - isIOS: false
15:41:22.980 [FXGL Background Thread 3 ] DEBUG Engine               - isIntroEnabled: false
15:41:22.980 [FXGL Background Thread 3 ] DEBUG Engine               - isLinux: false
15:41:22.980 [FXGL Background Thread 3 ] DEBUG Engine               - isMac: false
15:41:22.980 [FXGL Background Thread 3 ] DEBUG Engine               - isMainMenuEnabled: true
15:41:22.980 [FXGL Background Thread 3 ] DEBUG Engine               - isManualResizeEnabled: false
15:41:22.980 [FXGL Background Thread 3 ] DEBUG Engine               - isMobile: false
15:41:22.980 [FXGL Background Thread 3 ] DEBUG Engine               - isNative: false
15:41:22.980 [FXGL Background Thread 3 ] DEBUG Engine               - isPauseMusicWhenMinimized: true
15:41:22.980 [FXGL Background Thread 3 ] DEBUG Engine               - isPreserveResizeRatio: false
15:41:22.980 [FXGL Background Thread 3 ] DEBUG Engine               - isProfilingEnabled: false
15:41:22.980 [FXGL Background Thread 3 ] DEBUG Engine               - isScaleAffectedOnResize: true
15:41:22.980 [FXGL Background Thread 3 ] DEBUG Engine               - isSingleStep: false
15:41:22.980 [FXGL Background Thread 3 ] DEBUG Engine               - isUserProfileEnabled: false
15:41:22.980 [FXGL Background Thread 3 ] DEBUG Engine               - isWindows: true
15:41:22.980 [FXGL Background Thread 3 ] DEBUG Engine               - language: ObjectProperty [value: ENGLISH]
15:41:22.980 [FXGL Background Thread 3 ] DEBUG Engine               - menuKey: ESCAPE
15:41:22.980 [FXGL Background Thread 3 ] DEBUG Engine               - mouseSensitivity: 0.2
15:41:22.980 [FXGL Background Thread 3 ] DEBUG Engine               - notificationViewClass: class com.almasb.fxgl.notification.view.XboxNotificationView
15:41:22.980 [FXGL Background Thread 3 ] DEBUG Engine               - pixelsPerMeter: 50.0
15:41:22.980 [FXGL Background Thread 3 ] DEBUG Engine               - platform: WINDOWS
15:41:22.981 [FXGL Background Thread 3 ] DEBUG Engine               - prefHeightProperty: ReadOnlyDoubleProperty [value: 720.0]
15:41:22.981 [FXGL Background Thread 3 ] DEBUG Engine               - prefWidthProperty: ReadOnlyDoubleProperty [value: 1280.0]
15:41:22.981 [FXGL Background Thread 3 ] DEBUG Engine               - profileDir: profiles/
15:41:22.981 [FXGL Background Thread 3 ] DEBUG Engine               - profileName: StringProperty [value: DEFAULT]
15:41:22.981 [FXGL Background Thread 3 ] DEBUG Engine               - randomSeed: -1
15:41:22.981 [FXGL Background Thread 3 ] DEBUG Engine               - runtimeInfo: RuntimeInfo(platform=WINDOWS, version=17.1, build=24.03.2022 17.34)
15:41:22.981 [FXGL Background Thread 3 ] DEBUG Engine               - saveFileExt: sav
15:41:22.981 [FXGL Background Thread 3 ] DEBUG Engine               - scaledHeightProp$fxgl: DoubleProperty [bound, value: 720.0]
15:41:22.981 [FXGL Background Thread 3 ] DEBUG Engine               - scaledWidthProp$fxgl: DoubleProperty [bound, value: 1280.0]
15:41:22.981 [FXGL Background Thread 3 ] DEBUG Engine               - sceneFactory: com.almasb.fxglgames.platformer.PlatformerApp$1@1295ba87
15:41:22.981 [FXGL Background Thread 3 ] DEBUG Engine               - secondsIn24h: 60
15:41:22.981 [FXGL Background Thread 3 ] DEBUG Engine               - soundMenuBack: menu/back.wav
15:41:22.981 [FXGL Background Thread 3 ] DEBUG Engine               - soundMenuPress: menu/press.wav
15:41:22.981 [FXGL Background Thread 3 ] DEBUG Engine               - soundMenuSelect: menu/select.wav
15:41:22.981 [FXGL Background Thread 3 ] DEBUG Engine               - soundNotification: core/notification.wav
15:41:22.981 [FXGL Background Thread 3 ] DEBUG Engine               - stageStyle: DECORATED
15:41:22.981 [FXGL Background Thread 3 ] DEBUG Engine               - supportedLanguages: [ENGLISH, FRENCH, GERMAN, HUNGARIAN, RUSSIAN]
15:41:22.982 [FXGL Background Thread 3 ] DEBUG Engine               - ticksPerSecond: -1
15:41:22.982 [FXGL Background Thread 3 ] DEBUG Engine               - title: Miguel
15:41:22.982 [FXGL Background Thread 3 ] DEBUG Engine               - urlGithub: https://github.com/AlmasB/FXGL
15:41:22.982 [FXGL Background Thread 3 ] DEBUG Engine               - urlLeaderboard: http://fxgl-top.herokuapp.com/
15:41:22.982 [FXGL Background Thread 3 ] DEBUG Engine               - urlPOM: https://raw.githubusercontent.com/AlmasB/FXGL/release/README.md
15:41:22.982 [FXGL Background Thread 3 ] DEBUG Engine               - userAppClass: class com.almasb.fxglgames.platformer.PlatformerApp
15:41:22.982 [FXGL Background Thread 3 ] DEBUG Engine               - version: 1.0
15:41:22.982 [FXGL Background Thread 3 ] DEBUG Engine               - versionCheckDays: 7
15:41:22.982 [FXGL Background Thread 3 ] DEBUG Engine               - width: 1280
15:41:22.982 [FXGL Background Thread 3 ] DEBUG Engine               - Logging services
15:41:22.982 [FXGL Background Thread 3 ] DEBUG Engine               - class com.almasb.fxgl.app.services.FXGLAssetLoaderService
15:41:22.982 [FXGL Background Thread 3 ] DEBUG Engine               - class com.almasb.fxgl.app.FXGLApplication$GameApplicationService
15:41:22.982 [FXGL Background Thread 3 ] DEBUG Engine               - class com.almasb.fxgl.app.services.FXGLDialogService
15:41:22.982 [FXGL Background Thread 3 ] DEBUG Engine               - class com.almasb.fxgl.app.services.IOTaskExecutorService
15:41:22.982 [FXGL Background Thread 3 ] DEBUG Engine               - class com.almasb.fxgl.io.FileSystemService
15:41:22.982 [FXGL Background Thread 3 ] DEBUG Engine               - class com.almasb.fxgl.localization.LocalizationService
15:41:22.982 [FXGL Background Thread 3 ] DEBUG Engine               - class com.almasb.fxgl.app.services.SystemBundleService
15:41:22.982 [FXGL Background Thread 3 ] DEBUG Engine               - class com.almasb.fxgl.profile.SaveLoadService
15:41:22.982 [FXGL Background Thread 3 ] DEBUG Engine               - class com.almasb.fxgl.ui.FXGLUIFactoryServiceProvider
15:41:22.982 [FXGL Background Thread 3 ] DEBUG Engine               - class com.almasb.fxgl.ui.FXGLDialogFactoryServiceProvider
15:41:22.982 [FXGL Background Thread 3 ] DEBUG Engine               - class com.almasb.fxgl.audio.AudioPlayer
15:41:22.982 [FXGL Background Thread 3 ] DEBUG Engine               - class com.almasb.fxgl.notification.impl.NotificationServiceProvider
15:41:22.982 [FXGL Background Thread 3 ] DEBUG Engine               - class com.almasb.fxgl.achievement.AchievementService
15:41:22.982 [FXGL Background Thread 3 ] DEBUG Engine               - class com.almasb.fxgl.cutscene.CutsceneService
15:41:22.982 [FXGL Background Thread 3 ] DEBUG Engine               - class com.almasb.fxgl.minigames.MiniGameService
15:41:22.983 [FXGL Background Thread 3 ] DEBUG Engine               - class com.almasb.fxgl.net.NetService
15:41:22.983 [FXGL Background Thread 3 ] DEBUG Engine               - class com.almasb.fxgl.app.services.UpdaterService
15:41:22.983 [FXGL Background Thread 3 ] DEBUG Engine               - class com.almasb.fxgl.dev.DevService
15:41:33.262 [JavaFX Application Thread] DEBUG PrimaryStageWindow   - Push state: DialogSubScene
15:41:33.262 [JavaFX Application Thread] DEBUG Input                - Clearing active input actions
15:41:33.262 [JavaFX Application Thread] DEBUG GameApplicationServi - Removing overlay from GameScene and adding to DialogSubScene
15:41:33.262 [JavaFX Application Thread] DEBUG PrimaryStageWindow   - GameScene -> DialogSubScene
15:41:43.143 [JavaFX Application Thread] DEBUG PrimaryStageWindow   - Pop state: DialogSubScene
15:41:43.143 [JavaFX Application Thread] DEBUG Input                - Clearing active input actions
15:41:43.144 [JavaFX Application Thread] DEBUG GameApplicationServi - Removing overlay from DialogSubScene and adding to GameScene
15:41:43.144 [JavaFX Application Thread] DEBUG PrimaryStageWindow   - GameScene <- DialogSubScene
15:41:43.144 [JavaFX Application Thread] DEBUG GameApplicationServi - Starting new game
15:41:43.144 [JavaFX Application Thread] DEBUG Input                - Clearing active input actions
15:41:43.148 [JavaFX Application Thread] DEBUG GameApplicationServi - Removing overlay from GameScene and adding to MainLoadingScene
15:41:43.149 [JavaFX Application Thread] DEBUG PrimaryStageWindow   - GameScene -> MainLoadingScene
15:41:43.149 [JavaFX Application Thread] DEBUG GameApplicationServi - Clearing previous game
15:41:43.149 [JavaFX Application Thread] DEBUG GameScene            - Clearing game scene
15:41:43.149 [JavaFX Application Thread] DEBUG GameWorld            - Clearing game world
15:41:43.151 [JavaFX Application Thread] DEBUG PhysicsWorld         - Clearing physics world
15:41:43.151 [FXGL Background Thread 2 ] DEBUG FXGLApplication      - Initializing game
15:41:43.153 [FXGL Background Thread 2 ] WARN  TMXLevelLoader       - TiledMap generated from 1.10.0. Supported version: 1.4.2. Some features may not be parsed fully.
15:41:43.156 [FXGL Background Thread 2 ] DEBUG TMXLevelLoader       - Parsed TiledMap: file:/C:/Users/koenm/Documents/GitHub/ipose-groep-4/target/classes/assets/levels/tmx/level1.tmx
15:41:43.156 [FXGL Background Thread 2 ] DEBUG TMXLevelLoader       - Creating tile layer entities
15:41:43.156 [FXGL Background Thread 2 ] DEBUG TilesetLoader        - Loading view for layer Tile Layer 1
15:41:43.161 [FXGL Background Thread 2 ] DEBUG TilesetLoader        - Created buffer with size 4900.0x700.0
15:41:43.176 [FXGL Background Thread 2 ] DEBUG TMXLevelLoader       - Creating object layer entities
15:41:43.178 [FXGL Background Thread 2 ] DEBUG GameWorld            - Clearing removable entities
15:41:43.179 [FXGL Background Thread 2 ] DEBUG GameWorld            - Setting level: com.almasb.fxgl.entity.level.Level@7f6d2af5
15:41:43.183 [FXGL Background Thread 2 ] INFO  FXGLApplication      - Game initialization took: 0,033 sec
15:41:43.184 [JavaFX Application Thread] DEBUG Input                - Clearing active input actions
15:41:43.186 [JavaFX Application Thread] DEBUG GameApplicationServi - Removing overlay from MainLoadingScene and adding to GameScene
15:41:43.187 [JavaFX Application Thread] DEBUG PrimaryStageWindow   - MainLoadingScene -> GameScene
15:42:04.333 [JavaFX Application Thread] DEBUG PrimaryStageWindow   - Push state: DialogSubScene
15:42:04.333 [JavaFX Application Thread] DEBUG Input                - Clearing active input actions
15:42:04.333 [JavaFX Application Thread] DEBUG GameApplicationServi - Removing overlay from GameScene and adding to DialogSubScene
15:42:04.334 [JavaFX Application Thread] DEBUG PrimaryStageWindow   - GameScene -> DialogSubScene
15:42:34.779 [JavaFX Application Thread] DEBUG PrimaryStageWindow   - Pop state: DialogSubScene
15:42:34.779 [JavaFX Application Thread] DEBUG Input                - Clearing active input actions
15:42:34.779 [JavaFX Application Thread] DEBUG GameApplicationServi - Removing overlay from DialogSubScene and adding to GameScene
15:42:34.780 [JavaFX Application Thread] DEBUG PrimaryStageWindow   - GameScene <- DialogSubScene
15:42:34.780 [JavaFX Application Thread] DEBUG GameApplicationServi - Starting new game
15:42:34.780 [JavaFX Application Thread] DEBUG Input                - Clearing active input actions
15:42:34.782 [JavaFX Application Thread] DEBUG GameApplicationServi - Removing overlay from GameScene and adding to MainLoadingScene
15:42:34.782 [JavaFX Application Thread] DEBUG PrimaryStageWindow   - GameScene -> MainLoadingScene
15:42:34.782 [JavaFX Application Thread] DEBUG GameApplicationServi - Clearing previous game
15:42:34.782 [JavaFX Application Thread] DEBUG GameScene            - Clearing game scene
15:42:34.782 [JavaFX Application Thread] DEBUG GameWorld            - Clearing game world
15:42:34.783 [JavaFX Application Thread] DEBUG PhysicsWorld         - Clearing physics world
15:42:34.783 [FXGL Background Thread 2 ] DEBUG FXGLApplication      - Initializing game
15:42:34.785 [FXGL Background Thread 2 ] WARN  TMXLevelLoader       - TiledMap generated from 1.10.0. Supported version: 1.4.2. Some features may not be parsed fully.
15:42:34.787 [FXGL Background Thread 2 ] DEBUG TMXLevelLoader       - Parsed TiledMap: file:/C:/Users/koenm/Documents/GitHub/ipose-groep-4/target/classes/assets/levels/tmx/level1.tmx
15:42:34.787 [FXGL Background Thread 2 ] DEBUG TMXLevelLoader       - Creating tile layer entities
15:42:34.787 [FXGL Background Thread 2 ] DEBUG TilesetLoader        - Loading view for layer Tile Layer 1
15:42:34.790 [FXGL Background Thread 2 ] DEBUG TilesetLoader        - Created buffer with size 4900.0x700.0
15:42:34.801 [FXGL Background Thread 2 ] DEBUG TMXLevelLoader       - Creating object layer entities
15:42:34.806 [FXGL Background Thread 2 ] DEBUG GameWorld            - Clearing removable entities
15:42:34.806 [FXGL Background Thread 2 ] DEBUG GameWorld            - Setting level: com.almasb.fxgl.entity.level.Level@3f16dbb6
15:42:34.811 [FXGL Background Thread 2 ] INFO  FXGLApplication      - Game initialization took: 0,028 sec
15:42:34.812 [JavaFX Application Thread] DEBUG Input                - Clearing active input actions
15:42:34.814 [JavaFX Application Thread] DEBUG GameApplicationServi - Removing overlay from MainLoadingScene and adding to GameScene
15:42:34.815 [JavaFX Application Thread] DEBUG PrimaryStageWindow   - MainLoadingScene -> GameScene
15:42:52.049 [JavaFX Application Thread] DEBUG Input                - Registered new binding: Close Level End Screen - LMB
15:42:52.049 [JavaFX Application Thread] DEBUG PrimaryStageWindow   - Push state: LevelEndScene
15:42:52.049 [JavaFX Application Thread] DEBUG Input                - Clearing active input actions
15:42:52.049 [JavaFX Application Thread] DEBUG GameApplicationServi - Removing overlay from GameScene and adding to LevelEndScene
15:42:52.049 [JavaFX Application Thread] DEBUG PrimaryStageWindow   - GameScene -> LevelEndScene
15:42:53.335 [JavaFX Application Thread] DEBUG PrimaryStageWindow   - Pop state: LevelEndScene
15:42:53.335 [JavaFX Application Thread] DEBUG Input                - Clearing active input actions
15:42:53.335 [JavaFX Application Thread] DEBUG GameApplicationServi - Removing overlay from LevelEndScene and adding to GameScene
15:42:53.335 [JavaFX Application Thread] DEBUG PrimaryStageWindow   - GameScene <- LevelEndScene
15:42:54.301 [JavaFX Application Thread] WARN  TMXLevelLoader       - TiledMap generated from 1.10.0. Supported version: 1.4.2. Some features may not be parsed fully.
15:42:54.304 [JavaFX Application Thread] DEBUG TMXLevelLoader       - Parsed TiledMap: file:/C:/Users/koenm/Documents/GitHub/ipose-groep-4/target/classes/assets/levels/tmx/level2.tmx
15:42:54.304 [JavaFX Application Thread] DEBUG TMXLevelLoader       - Creating tile layer entities
15:42:54.304 [JavaFX Application Thread] DEBUG TilesetLoader        - Loading view for layer Tile Layer 1
15:42:54.308 [JavaFX Application Thread] DEBUG TilesetLoader        - Created buffer with size 4900.0x700.0
15:42:54.321 [JavaFX Application Thread] DEBUG TMXLevelLoader       - Creating object layer entities
15:42:54.326 [JavaFX Application Thread] DEBUG GameWorld            - Clearing removable entities
15:42:54.327 [JavaFX Application Thread] DEBUG GameWorld            - Setting level: com.almasb.fxgl.entity.level.Level@71a12248
15:43:10.108 [JavaFX Application Thread] DEBUG PrimaryStageWindow   - Push state: LevelEndScene
15:43:10.108 [JavaFX Application Thread] DEBUG Input                - Clearing active input actions
15:43:10.108 [JavaFX Application Thread] DEBUG GameApplicationServi - Removing overlay from GameScene and adding to LevelEndScene
15:43:10.108 [JavaFX Application Thread] DEBUG PrimaryStageWindow   - GameScene -> LevelEndScene
15:43:10.998 [JavaFX Application Thread] DEBUG PrimaryStageWindow   - Pop state: LevelEndScene
15:43:10.999 [JavaFX Application Thread] DEBUG Input                - Clearing active input actions
15:43:10.999 [JavaFX Application Thread] DEBUG GameApplicationServi - Removing overlay from LevelEndScene and adding to GameScene
15:43:10.999 [JavaFX Application Thread] DEBUG PrimaryStageWindow   - GameScene <- LevelEndScene
15:43:11.983 [JavaFX Application Thread] WARN  TMXLevelLoader       - TiledMap generated from 1.10.1. Supported version: 1.4.2. Some features may not be parsed fully.
15:43:11.985 [JavaFX Application Thread] DEBUG TMXLevelLoader       - Parsed TiledMap: file:/C:/Users/koenm/Documents/GitHub/ipose-groep-4/target/classes/assets/levels/tmx/level3.tmx
15:43:11.985 [JavaFX Application Thread] DEBUG TMXLevelLoader       - Creating tile layer entities
15:43:11.985 [JavaFX Application Thread] DEBUG TilesetLoader        - Loading view for layer Tile Layer 1
15:43:11.989 [JavaFX Application Thread] DEBUG TilesetLoader        - Created buffer with size 4900.0x700.0
15:43:12.003 [JavaFX Application Thread] DEBUG TMXLevelLoader       - Creating object layer entities
15:43:12.007 [JavaFX Application Thread] DEBUG GameWorld            - Clearing removable entities
15:43:12.008 [JavaFX Application Thread] DEBUG GameWorld            - Setting level: com.almasb.fxgl.entity.level.Level@27ab0703
15:43:31.806 [JavaFX Application Thread] DEBUG PrimaryStageWindow   - Push state: DialogSubScene
15:43:31.806 [JavaFX Application Thread] DEBUG Input                - Clearing active input actions
15:43:31.806 [JavaFX Application Thread] DEBUG GameApplicationServi - Removing overlay from GameScene and adding to DialogSubScene
15:43:31.806 [JavaFX Application Thread] DEBUG PrimaryStageWindow   - GameScene -> DialogSubScene
15:43:33.500 [JavaFX Application Thread] DEBUG PrimaryStageWindow   - Pop state: DialogSubScene
15:43:33.500 [JavaFX Application Thread] DEBUG Input                - Clearing active input actions
15:43:33.501 [JavaFX Application Thread] DEBUG GameApplicationServi - Removing overlay from DialogSubScene and adding to GameScene
15:43:33.501 [JavaFX Application Thread] DEBUG PrimaryStageWindow   - GameScene <- DialogSubScene
15:43:33.501 [JavaFX Application Thread] DEBUG GameApplicationServi - Starting new game
15:43:33.501 [JavaFX Application Thread] DEBUG Input                - Clearing active input actions
15:43:33.505 [JavaFX Application Thread] DEBUG GameApplicationServi - Removing overlay from GameScene and adding to MainLoadingScene
15:43:33.505 [JavaFX Application Thread] DEBUG PrimaryStageWindow   - GameScene -> MainLoadingScene
15:43:33.505 [JavaFX Application Thread] DEBUG GameApplicationServi - Clearing previous game
15:43:33.505 [JavaFX Application Thread] DEBUG GameScene            - Clearing game scene
15:43:33.505 [JavaFX Application Thread] DEBUG GameWorld            - Clearing game world
15:43:33.506 [JavaFX Application Thread] DEBUG PhysicsWorld         - Clearing physics world
15:43:33.506 [FXGL Background Thread 2 ] DEBUG FXGLApplication      - Initializing game
15:43:33.508 [FXGL Background Thread 2 ] WARN  TMXLevelLoader       - TiledMap generated from 1.10.0. Supported version: 1.4.2. Some features may not be parsed fully.
15:43:33.509 [FXGL Background Thread 2 ] DEBUG TMXLevelLoader       - Parsed TiledMap: file:/C:/Users/koenm/Documents/GitHub/ipose-groep-4/target/classes/assets/levels/tmx/level1.tmx
15:43:33.510 [FXGL Background Thread 2 ] DEBUG TMXLevelLoader       - Creating tile layer entities
15:43:33.510 [FXGL Background Thread 2 ] DEBUG TilesetLoader        - Loading view for layer Tile Layer 1
15:43:33.512 [FXGL Background Thread 2 ] DEBUG TilesetLoader        - Created buffer with size 4900.0x700.0
15:43:33.523 [FXGL Background Thread 2 ] DEBUG TMXLevelLoader       - Creating object layer entities
15:43:33.526 [FXGL Background Thread 2 ] DEBUG GameWorld            - Clearing removable entities
15:43:33.526 [FXGL Background Thread 2 ] DEBUG GameWorld            - Setting level: com.almasb.fxgl.entity.level.Level@551b46fb
15:43:33.532 [FXGL Background Thread 2 ] INFO  FXGLApplication      - Game initialization took: 0,026 sec
15:43:33.532 [JavaFX Application Thread] DEBUG Input                - Clearing active input actions
15:43:33.536 [JavaFX Application Thread] DEBUG GameApplicationServi - Removing overlay from MainLoadingScene and adding to GameScene
15:43:33.537 [JavaFX Application Thread] DEBUG PrimaryStageWindow   - MainLoadingScene -> GameScene
15:43:36.249 [JavaFX Application Thread] DEBUG FXGLApplication      - Exiting FXGL
15:43:36.249 [JavaFX Application Thread] DEBUG LoopRunner           - Stopping loop
15:43:36.249 [JavaFX Application Thread] DEBUG SystemBundleService  - Saving FXGL system data
15:43:36.252 [JavaFX Application Thread] DEBUG FileSystemAccess     - Writing to: C:\Users\koenm\Documents\GitHub\ipose-groep-4\system\fxgl.bundle
15:43:36.254 [JavaFX Application Thread] DEBUG Async                - Shutting down background threads
15:43:36.254 [JavaFX Application Thread] DEBUG PrimaryStageWindow   - Closing main window
15:43:36.263 [JavaFX Application Thread] DEBUG Logger               - Closing Logger
