09:58:53.386 [main                     ] DEBUG Logger               - Configured Logger
09:58:53.453 [main                     ] DEBUG GameApplication      - Logging settings
Title: Miguel
Version: 1.0
Width: 1280
Height: 720
Fullscreen: false
Intro: false
Profiling: false
Single step:false
App Mode: DEVELOPER
Menu Key: ESCAPE
Stage Style: DECORATED
Scene Factory: class com.almasb.fxglgames.platformer.PlatformerApp$1

09:58:54.115 [JavaFX Application Thread] DEBUG FXGLApplication      - Initializing FXGL
09:58:54.124 [JavaFX Application Thread] INFO  Engine               - FXGL-17.1 (24.03.2022 17.34) on WINDOWS (J:19.0.1 FX:19-ea)
09:58:54.125 [JavaFX Application Thread] DEBUG Engine               - JRE Vendor Name: Oracle Corporation
09:58:54.125 [JavaFX Application Thread] DEBUG Engine               - Running on OS: Windows 10 version 10.0
09:58:54.126 [JavaFX Application Thread] DEBUG Engine               - Architecture: amd64
09:58:54.126 [JavaFX Application Thread] INFO  Engine               - Source code and latest versions at: https://github.com/AlmasB/FXGL
09:58:54.126 [JavaFX Application Thread] INFO  Engine               -       Ask questions and discuss at: https://github.com/AlmasB/FXGL/discussions
09:58:54.127 [JavaFX Application Thread] INFO  Engine               -              Join the FXGL chat at: https://gitter.im/AlmasB/FXGL
09:58:54.277 [JavaFX Application Thread] DEBUG PrimaryStageWindow   - Creating a JavaFX scene
09:58:54.357 [JavaFX Application Thread] DEBUG PrimaryStageWindow   - Target settings size: 1280.0 x 720.0
09:58:54.357 [JavaFX Application Thread] DEBUG PrimaryStageWindow   - Scaled scene size:    1280.0 x 720.0
09:58:54.358 [JavaFX Application Thread] DEBUG PrimaryStageWindow   - Scaled ratio: (1.0, 1.0)
09:58:54.360 [JavaFX Application Thread] DEBUG PrimaryStageWindow   - Set initial scene to FXGLStartupScene
09:58:54.371 [JavaFX Application Thread] DEBUG PrimaryStageWindow   - Opening main window
09:58:54.497 [JavaFX Application Thread] DEBUG PrimaryStageWindow   - Window border size: (14.4000244140625, 37.5999755859375)
09:58:54.498 [JavaFX Application Thread] DEBUG PrimaryStageWindow   - Scaled size: 1280.0 x 720.0
09:58:54.498 [JavaFX Application Thread] DEBUG PrimaryStageWindow   - Scaled ratio: (1.0, 1.0)
09:58:54.499 [JavaFX Application Thread] DEBUG PrimaryStageWindow   - Scene size: 1280.0 x 720.0
09:58:54.500 [JavaFX Application Thread] DEBUG PrimaryStageWindow   - Stage size: 1294.4000244140625 x 757.5999755859375
09:58:54.515 [FXGL Background Thread 1 ] DEBUG Engine               - Initializing environment variables
09:58:54.604 [FXGL Background Thread 1 ] DEBUG FXGLAssetLoaderServi - User app class for loading assets: class com.almasb.fxglgames.platformer.PlatformerApp
09:58:54.604 [FXGL Background Thread 1 ] DEBUG GameApplicationServi - Applying CSS: fxgl_dark.css
09:58:54.606 [FXGL Background Thread 1 ] DEBUG FXGLAssetLoaderServi - Loading from file system: jar:file:///C:/Users/jardk/.m2/repository/com/github/almasb/fxgl/17.1/fxgl-17.1.jar!/fxglassets/ui/css/fxgl_dark.css
09:58:54.685 [FXGL Background Thread 1 ] DEBUG GameApplicationServi - Initializing application scenes
09:58:54.761 [FXGL Background Thread 1 ] DEBUG FXGLAssetLoaderServi - Loading from file system: file:/C:/ipose-groep-4/target/classes/assets/textures/player.png
09:58:54.799 [FXGL Background Thread 1 ] DEBUG GameWorld            - Game world initialized
09:58:54.911 [FXGL Background Thread 1 ] DEBUG PhysicsWorld         - Physics world initialized: appHeight=720, physics.ppm=50,0
09:58:54.912 [FXGL Background Thread 1 ] DEBUG PhysicsWorld         - Using strategy: BRUTE_FORCE
09:58:54.919 [FXGL Background Thread 1 ] DEBUG GameScene            - Game scene initialized: 1280x720
09:58:54.936 [FXGL Background Thread 1 ] DEBUG FXGL.DefaultMenu     - createMenuBodyGameMenu()
09:58:54.966 [FXGL Background Thread 1 ] DEBUG FXGL.DefaultMenu     - createOptionsMenu()
09:58:54.993 [FXGL Background Thread 1 ] DEBUG FXGLAssetLoaderServi - Loading from file system: jar:file:///C:/Users/jardk/.m2/repository/com/github/almasb/fxgl/17.1/fxgl-17.1.jar!/fxglassets/textures/particles/smoke.png
09:58:55.122 [FXGL Background Thread 1 ] DEBUG FXGLAssetLoaderServi - Loading from file system: jar:file:///C:/Users/jardk/.m2/repository/com/github/almasb/fxgl/17.1/fxgl-17.1.jar!/fxglassets/textures/particles/trace_horizontal.png
09:58:55.169 [FXGL Background Thread 1 ] DEBUG GameApplicationServi - Application scenes initialized
09:58:55.192 [FXGL Background Thread 1 ] DEBUG SystemBundleService  - Loading FXGL system data
09:58:55.199 [FXGL Background Thread 1 ] DEBUG FileSystemAccess     - Reading from: C:\ipose-groep-4\system\fxgl.bundle
09:58:55.216 [FXGL Background Thread 1 ] DEBUG SystemBundleService  - Bundle FXGL: {}
09:58:55.217 [FXGL Background Thread 1 ] DEBUG UpdaterService       - Checking for updates
09:58:55.225 [FXGL Background Thread 4 ] DEBUG FXGLApplication      - Loading fonts
09:58:55.226 [FXGL Background Thread 1 ] DEBUG FXGLApplication      - Loading default localization
09:58:55.226 [FXGL Background Thread 4 ] DEBUG FXGLAssetLoaderServi - Loading from file system: jar:file:///C:/Users/jardk/.m2/repository/com/github/almasb/fxgl/17.1/fxgl-17.1.jar!/fxglassets/ui/fonts/VarelaRound-Regular.ttf
09:58:55.227 [FXGL Background Thread 1 ] DEBUG FXGLAssetLoaderServi - Loading from file system: jar:file:///C:/Users/jardk/.m2/repository/com/github/almasb/fxgl/17.1/fxgl-17.1.jar!/fxglassets/languages/english.lang
09:58:55.266 [FXGL Background Thread 1 ] INFO  FXGLApplication      - FXGL initialization took: 0,751 sec
09:58:55.286 [JavaFX Application Thread] DEBUG Input                - Registered new binding: Left - A
09:58:55.287 [JavaFX Application Thread] DEBUG Input                - Registered new binding: Right - D
09:58:55.287 [JavaFX Application Thread] DEBUG Input                - Registered new binding: Jump - W
09:58:55.288 [JavaFX Application Thread] DEBUG Input                - Registered new binding: Use - E
09:58:55.289 [JavaFX Application Thread] DEBUG FXGLAssetLoaderServi - Loading from file system: file:/C:/ipose-groep-4/target/classes/assets/music/BGM_dash_runner.wav
09:58:55.331 [FXGL Background Thread 4 ] DEBUG FXGLAssetLoaderServi - Loading from file system: jar:file:///C:/Users/jardk/.m2/repository/com/github/almasb/fxgl/17.1/fxgl-17.1.jar!/fxglassets/ui/fonts/Abel-Regular.ttf
09:58:55.338 [FXGL Background Thread 4 ] DEBUG FXGLAssetLoaderServi - Loading from file system: jar:file:///C:/Users/jardk/.m2/repository/com/github/almasb/fxgl/17.1/fxgl-17.1.jar!/fxglassets/ui/fonts/TerminalLandMono-Regular.otf
09:58:55.346 [FXGL Background Thread 4 ] DEBUG FXGLAssetLoaderServi - Loading from file system: jar:file:///C:/Users/jardk/.m2/repository/com/github/almasb/fxgl/17.1/fxgl-17.1.jar!/fxglassets/ui/fonts/Courier-Prime.ttf
09:58:55.510 [JavaFX Application Thread] DEBUG AudioPlayer          - Playing music com.almasb.fxgl.audio.Music@2ad3e76c
09:58:55.511 [JavaFX Application Thread] DEBUG FXGLAssetLoaderServi - Loading from file system: jar:file:///C:/Users/jardk/.m2/repository/com/github/almasb/fxgl/17.1/fxgl-17.1.jar!/fxglassets/textures/fxgl_icon.png
09:58:55.546 [JavaFX Application Thread] DEBUG FXGLAssetLoaderServi - Loading from file system: jar:file:///C:/Users/jardk/.m2/repository/com/github/almasb/fxgl/17.1/fxgl-17.1.jar!/fxglassets/textures/fxgl_default_cursor.png
09:58:55.549 [JavaFX Application Thread] DEBUG Input                - Registered new binding: Screenshot - CTRL+8
09:58:55.550 [JavaFX Application Thread] DEBUG Input                - Registered new binding: System info dump - CTRL+9
09:58:55.551 [JavaFX Application Thread] DEBUG Input                - Registered new binding: Restart - CTRL+R
09:58:55.553 [JavaFX Application Thread] DEBUG Input                - Registered new binding: Toggle Debug Camera - CTRL+7
09:58:55.556 [JavaFX Application Thread] DEBUG LoopRunner           - Starting loop
09:58:55.556 [JavaFX Application Thread] DEBUG LoopRunner           - Initializing JavaFX AnimationTimerLoop
09:58:55.558 [JavaFX Application Thread] DEBUG GameApplicationServi - Starting new game
09:58:55.559 [JavaFX Application Thread] DEBUG Input                - Clearing active input actions
09:58:55.590 [JavaFX Application Thread] DEBUG GameApplicationServi - Removing overlay from FXGLStartupScene and adding to MainLoadingScene
09:58:55.591 [JavaFX Application Thread] DEBUG PrimaryStageWindow   - FXGLStartupScene -> MainLoadingScene
09:58:55.591 [JavaFX Application Thread] DEBUG GameApplicationServi - Clearing previous game
09:58:55.591 [JavaFX Application Thread] DEBUG GameScene            - Clearing game scene
09:58:55.591 [JavaFX Application Thread] DEBUG GameWorld            - Clearing game world
09:58:55.592 [JavaFX Application Thread] DEBUG PhysicsWorld         - Clearing physics world
09:58:55.594 [JavaFX Application Thread] DEBUG FXGLApplication      - Registering font factories with UI factory
09:58:55.659 [FXGL Background Thread 4 ] WARN  TMXLevelLoader       - TiledMap generated from 1.10.0. Supported version: 1.4.2. Some features may not be parsed fully.
09:58:55.682 [FXGL Background Thread 4 ] DEBUG TMXLevelLoader       - Parsed TiledMap: file:/C:/ipose-groep-4/target/classes/assets/levels/tmx/level1.tmx
09:58:55.684 [FXGL Background Thread 4 ] DEBUG TMXLevelLoader       - Creating tile layer entities
09:58:55.687 [FXGL Background Thread 4 ] DEBUG TilesetLoader        - Loading view for layer Tile Layer 1
09:58:55.695 [FXGL Background Thread 4 ] DEBUG TilesetLoader        - Created buffer with size 4900.0x700.0
09:58:55.733 [FXGL Background Thread 4 ] DEBUG TMXLevelLoader       - Creating object layer entities
09:58:55.802 [FXGL Background Thread 4 ] DEBUG GameWorld            - Clearing removable entities
09:58:55.803 [FXGL Background Thread 4 ] DEBUG GameWorld            - Setting level: com.almasb.fxgl.entity.level.Level@31db36be
09:58:55.846 [FXGL Background Thread 4 ] DEBUG FXGLAssetLoaderServi - Loading from file system: file:/C:/ipose-groep-4/target/classes/assets/textures/trump.png
09:58:55.854 [FXGL Background Thread 4 ] DEBUG FXGLAssetLoaderServi - Loading from file system: file:/C:/ipose-groep-4/target/classes/assets/textures/background/forest.png
09:58:55.874 [FXGL Background Thread 2 ] INFO  UpdaterService       - Your current version:  17.1
09:58:55.875 [FXGL Background Thread 2 ] INFO  UpdaterService       - Latest stable version: 17.3
09:58:55.886 [FXGL Background Thread 4 ] INFO  FXGLApplication      - Game initialization took: 0,291 sec
09:58:55.887 [JavaFX Application Thread] DEBUG Input                - Clearing active input actions
09:58:55.898 [JavaFX Application Thread] DEBUG GameApplicationServi - Removing overlay from MainLoadingScene and adding to GameScene
09:58:55.899 [JavaFX Application Thread] DEBUG PrimaryStageWindow   - MainLoadingScene -> GameScene
09:58:58.224 [FXGL Background Thread 3 ] DEBUG Engine               - Logging environment variables
09:58:58.225 [FXGL Background Thread 3 ] DEBUG Engine               - achievements: []
09:58:58.225 [FXGL Background Thread 3 ] DEBUG Engine               - actualHeight: 720.0
09:58:58.226 [FXGL Background Thread 3 ] DEBUG Engine               - actualHeightProperty: ReadOnlyDoubleProperty [value: 720.0]
09:58:58.226 [FXGL Background Thread 3 ] DEBUG Engine               - actualWidth: 1280.0
09:58:58.226 [FXGL Background Thread 3 ] DEBUG Engine               - actualWidthProperty: ReadOnlyDoubleProperty [value: 1280.0]
09:58:58.226 [FXGL Background Thread 3 ] DEBUG Engine               - appIcon: fxgl_icon.png
09:58:58.227 [FXGL Background Thread 3 ] DEBUG Engine               - applicationMode: DEVELOPER
09:58:58.227 [FXGL Background Thread 3 ] DEBUG Engine               - cSSList: [fxgl_dark.css]
09:58:58.227 [FXGL Background Thread 3 ] DEBUG Engine               - collisionDetectionStrategy: BRUTE_FORCE
09:58:58.227 [FXGL Background Thread 3 ] DEBUG Engine               - configClass: Optional.empty
09:58:58.227 [FXGL Background Thread 3 ] DEBUG Engine               - credits: []
09:58:58.228 [FXGL Background Thread 3 ] DEBUG Engine               - defaultCursor: CursorInfo(imageName=fxgl_default_cursor.png, hotspotX=7.0, hotspotY=6.0)
09:58:58.229 [FXGL Background Thread 3 ] DEBUG Engine               - devBBoxColorProperty: ObjectProperty [value: 0xff0000ff]
09:58:58.229 [FXGL Background Thread 3 ] DEBUG Engine               - devEnableDebugCameraProperty: BooleanProperty [value: false]
09:58:58.230 [FXGL Background Thread 3 ] DEBUG Engine               - devSensorColorProperty: ObjectProperty [value: 0xffff00ff]
09:58:58.230 [FXGL Background Thread 3 ] DEBUG Engine               - devShowBBoxProperty: BooleanProperty [value: false]
09:58:58.230 [FXGL Background Thread 3 ] DEBUG Engine               - devShowPositionProperty: BooleanProperty [value: false]
09:58:58.230 [FXGL Background Thread 3 ] DEBUG Engine               - enabledMenuItems: []
09:58:58.230 [FXGL Background Thread 3 ] DEBUG Engine               - engineServices: [class com.almasb.fxgl.app.services.FXGLAssetLoaderService, class com.almasb.fxgl.app.FXGLApplication$GameApplicationService, class com.almasb.fxgl.app.services.FXGLDialogService, class com.almasb.fxgl.app.services.IOTaskExecutorService, class com.almasb.fxgl.io.FileSystemService, class com.almasb.fxgl.localization.LocalizationService, class com.almasb.fxgl.app.services.SystemBundleService, class com.almasb.fxgl.profile.SaveLoadService, class com.almasb.fxgl.ui.FXGLUIFactoryServiceProvider, class com.almasb.fxgl.ui.FXGLDialogFactoryServiceProvider, class com.almasb.fxgl.audio.AudioPlayer, class com.almasb.fxgl.notification.impl.NotificationServiceProvider, class com.almasb.fxgl.achievement.AchievementService, class com.almasb.fxgl.cutscene.CutsceneService, class com.almasb.fxgl.minigames.MiniGameService, class com.almasb.fxgl.net.NetService, class com.almasb.fxgl.app.services.UpdaterService, class com.almasb.fxgl.dev.DevService]
09:58:58.230 [FXGL Background Thread 3 ] DEBUG Engine               - fontGame: Abel-Regular.ttf
09:58:58.230 [FXGL Background Thread 3 ] DEBUG Engine               - fontMono: TerminalLandMono-Regular.otf
09:58:58.231 [FXGL Background Thread 3 ] DEBUG Engine               - fontText: Courier-Prime.ttf
09:58:58.231 [FXGL Background Thread 3 ] DEBUG Engine               - fontUI: VarelaRound-Regular.ttf
09:58:58.231 [FXGL Background Thread 3 ] DEBUG Engine               - fullScreen: BooleanProperty [value: false]
09:58:58.231 [FXGL Background Thread 3 ] DEBUG Engine               - gameDifficulty: MEDIUM
09:58:58.231 [FXGL Background Thread 3 ] DEBUG Engine               - gameDifficultyProperty: ObjectProperty [value: MEDIUM]
09:58:58.232 [FXGL Background Thread 3 ] DEBUG Engine               - globalMusicVolume: 0.5
09:58:58.232 [FXGL Background Thread 3 ] DEBUG Engine               - globalMusicVolumeProperty: DoubleProperty [value: 0.25]
09:58:58.232 [FXGL Background Thread 3 ] DEBUG Engine               - globalSoundVolume: 0.5
09:58:58.232 [FXGL Background Thread 3 ] DEBUG Engine               - globalSoundVolumeProperty: DoubleProperty [value: 0.5]
09:58:58.232 [FXGL Background Thread 3 ] DEBUG Engine               - height: 720
09:58:58.232 [FXGL Background Thread 3 ] DEBUG Engine               - is3D: false
09:58:58.232 [FXGL Background Thread 3 ] DEBUG Engine               - isAndroid: false
09:58:58.232 [FXGL Background Thread 3 ] DEBUG Engine               - isBrowser: false
09:58:58.232 [FXGL Background Thread 3 ] DEBUG Engine               - isClickFeedbackEnabled: false
09:58:58.233 [FXGL Background Thread 3 ] DEBUG Engine               - isCloseConfirmation: false
09:58:58.233 [FXGL Background Thread 3 ] DEBUG Engine               - isDesktop: true
09:58:58.233 [FXGL Background Thread 3 ] DEBUG Engine               - isDeveloperMenuEnabled: false
09:58:58.233 [FXGL Background Thread 3 ] DEBUG Engine               - isEmbedded: false
09:58:58.233 [FXGL Background Thread 3 ] DEBUG Engine               - isEntityPreloadEnabled: true
09:58:58.233 [FXGL Background Thread 3 ] DEBUG Engine               - isExperimentalTiledLargeMap: false
09:58:58.234 [FXGL Background Thread 3 ] DEBUG Engine               - isFileSystemWriteAllowed: true
09:58:58.234 [FXGL Background Thread 3 ] DEBUG Engine               - isFullScreenAllowed: false
09:58:58.234 [FXGL Background Thread 3 ] DEBUG Engine               - isFullScreenFromStart: false
09:58:58.234 [FXGL Background Thread 3 ] DEBUG Engine               - isGameMenuEnabled: true
09:58:58.234 [FXGL Background Thread 3 ] DEBUG Engine               - isIOS: false
09:58:58.234 [FXGL Background Thread 3 ] DEBUG Engine               - isIntroEnabled: false
09:58:58.234 [FXGL Background Thread 3 ] DEBUG Engine               - isLinux: false
09:58:58.234 [FXGL Background Thread 3 ] DEBUG Engine               - isMac: false
09:58:58.234 [FXGL Background Thread 3 ] DEBUG Engine               - isMainMenuEnabled: false
09:58:58.234 [FXGL Background Thread 3 ] DEBUG Engine               - isManualResizeEnabled: false
09:58:58.234 [FXGL Background Thread 3 ] DEBUG Engine               - isMobile: false
09:58:58.235 [FXGL Background Thread 3 ] DEBUG Engine               - isNative: false
09:58:58.235 [FXGL Background Thread 3 ] DEBUG Engine               - isPauseMusicWhenMinimized: true
09:58:58.235 [FXGL Background Thread 3 ] DEBUG Engine               - isPreserveResizeRatio: false
09:58:58.235 [FXGL Background Thread 3 ] DEBUG Engine               - isProfilingEnabled: false
09:58:58.235 [FXGL Background Thread 3 ] DEBUG Engine               - isScaleAffectedOnResize: true
09:58:58.235 [FXGL Background Thread 3 ] DEBUG Engine               - isSingleStep: false
09:58:58.235 [FXGL Background Thread 3 ] DEBUG Engine               - isUserProfileEnabled: false
09:58:58.235 [FXGL Background Thread 3 ] DEBUG Engine               - isWindows: true
09:58:58.235 [FXGL Background Thread 3 ] DEBUG Engine               - language: ObjectProperty [value: ENGLISH]
09:58:58.235 [FXGL Background Thread 3 ] DEBUG Engine               - menuKey: ESCAPE
09:58:58.236 [FXGL Background Thread 3 ] DEBUG Engine               - mouseSensitivity: 0.2
09:58:58.236 [FXGL Background Thread 3 ] DEBUG Engine               - notificationViewClass: class com.almasb.fxgl.notification.view.XboxNotificationView
09:58:58.236 [FXGL Background Thread 3 ] DEBUG Engine               - pixelsPerMeter: 50.0
09:58:58.236 [FXGL Background Thread 3 ] DEBUG Engine               - platform: WINDOWS
09:58:58.236 [FXGL Background Thread 3 ] DEBUG Engine               - prefHeightProperty: ReadOnlyDoubleProperty [value: 720.0]
09:58:58.236 [FXGL Background Thread 3 ] DEBUG Engine               - prefWidthProperty: ReadOnlyDoubleProperty [value: 1280.0]
09:58:58.236 [FXGL Background Thread 3 ] DEBUG Engine               - profileDir: profiles/
09:58:58.236 [FXGL Background Thread 3 ] DEBUG Engine               - profileName: StringProperty [value: DEFAULT]
09:58:58.236 [FXGL Background Thread 3 ] DEBUG Engine               - randomSeed: -1
09:58:58.237 [FXGL Background Thread 3 ] DEBUG Engine               - runtimeInfo: RuntimeInfo(platform=WINDOWS, version=17.1, build=24.03.2022 17.34)
09:58:58.237 [FXGL Background Thread 3 ] DEBUG Engine               - saveFileExt: sav
09:58:58.237 [FXGL Background Thread 3 ] DEBUG Engine               - scaledHeightProp$fxgl: DoubleProperty [bound, value: 720.0]
09:58:58.237 [FXGL Background Thread 3 ] DEBUG Engine               - scaledWidthProp$fxgl: DoubleProperty [bound, value: 1280.0]
09:58:58.237 [FXGL Background Thread 3 ] DEBUG Engine               - sceneFactory: com.almasb.fxglgames.platformer.PlatformerApp$1@561571a4
09:58:58.237 [FXGL Background Thread 3 ] DEBUG Engine               - secondsIn24h: 60
09:58:58.238 [FXGL Background Thread 3 ] DEBUG Engine               - soundMenuBack: menu/back.wav
09:58:58.238 [FXGL Background Thread 3 ] DEBUG Engine               - soundMenuPress: menu/press.wav
09:58:58.238 [FXGL Background Thread 3 ] DEBUG Engine               - soundMenuSelect: menu/select.wav
09:58:58.238 [FXGL Background Thread 3 ] DEBUG Engine               - soundNotification: core/notification.wav
09:58:58.238 [FXGL Background Thread 3 ] DEBUG Engine               - stageStyle: DECORATED
09:58:58.238 [FXGL Background Thread 3 ] DEBUG Engine               - supportedLanguages: [ENGLISH, FRENCH, GERMAN, HUNGARIAN, RUSSIAN]
09:58:58.238 [FXGL Background Thread 3 ] DEBUG Engine               - ticksPerSecond: -1
09:58:58.238 [FXGL Background Thread 3 ] DEBUG Engine               - title: Miguel
09:58:58.238 [FXGL Background Thread 3 ] DEBUG Engine               - urlGithub: https://github.com/AlmasB/FXGL
09:58:58.238 [FXGL Background Thread 3 ] DEBUG Engine               - urlLeaderboard: http://fxgl-top.herokuapp.com/
09:58:58.238 [FXGL Background Thread 3 ] DEBUG Engine               - urlPOM: https://raw.githubusercontent.com/AlmasB/FXGL/release/README.md
09:58:58.239 [FXGL Background Thread 3 ] DEBUG Engine               - userAppClass: class com.almasb.fxglgames.platformer.PlatformerApp
09:58:58.239 [FXGL Background Thread 3 ] DEBUG Engine               - version: 1.0
09:58:58.239 [FXGL Background Thread 3 ] DEBUG Engine               - versionCheckDays: 7
09:58:58.239 [FXGL Background Thread 3 ] DEBUG Engine               - width: 1280
09:58:58.239 [FXGL Background Thread 3 ] DEBUG Engine               - Logging services
09:58:58.239 [FXGL Background Thread 3 ] DEBUG Engine               - class com.almasb.fxgl.app.services.FXGLAssetLoaderService
09:58:58.239 [FXGL Background Thread 3 ] DEBUG Engine               - class com.almasb.fxgl.app.FXGLApplication$GameApplicationService
09:58:58.239 [FXGL Background Thread 3 ] DEBUG Engine               - class com.almasb.fxgl.app.services.FXGLDialogService
09:58:58.239 [FXGL Background Thread 3 ] DEBUG Engine               - class com.almasb.fxgl.app.services.IOTaskExecutorService
09:58:58.239 [FXGL Background Thread 3 ] DEBUG Engine               - class com.almasb.fxgl.io.FileSystemService
09:58:58.239 [FXGL Background Thread 3 ] DEBUG Engine               - class com.almasb.fxgl.localization.LocalizationService
09:58:58.239 [FXGL Background Thread 3 ] DEBUG Engine               - class com.almasb.fxgl.app.services.SystemBundleService
09:58:58.239 [FXGL Background Thread 3 ] DEBUG Engine               - class com.almasb.fxgl.profile.SaveLoadService
09:58:58.239 [FXGL Background Thread 3 ] DEBUG Engine               - class com.almasb.fxgl.ui.FXGLUIFactoryServiceProvider
09:58:58.239 [FXGL Background Thread 3 ] DEBUG Engine               - class com.almasb.fxgl.ui.FXGLDialogFactoryServiceProvider
09:58:58.239 [FXGL Background Thread 3 ] DEBUG Engine               - class com.almasb.fxgl.audio.AudioPlayer
09:58:58.239 [FXGL Background Thread 3 ] DEBUG Engine               - class com.almasb.fxgl.notification.impl.NotificationServiceProvider
09:58:58.240 [FXGL Background Thread 3 ] DEBUG Engine               - class com.almasb.fxgl.achievement.AchievementService
09:58:58.240 [FXGL Background Thread 3 ] DEBUG Engine               - class com.almasb.fxgl.cutscene.CutsceneService
09:58:58.240 [FXGL Background Thread 3 ] DEBUG Engine               - class com.almasb.fxgl.minigames.MiniGameService
09:58:58.240 [FXGL Background Thread 3 ] DEBUG Engine               - class com.almasb.fxgl.net.NetService
09:58:58.240 [FXGL Background Thread 3 ] DEBUG Engine               - class com.almasb.fxgl.app.services.UpdaterService
09:58:58.240 [FXGL Background Thread 3 ] DEBUG Engine               - class com.almasb.fxgl.dev.DevService
09:59:15.515 [JavaFX Application Thread] DEBUG Input                - Registered new binding: Close Level End Screen - LMB
09:59:15.516 [JavaFX Application Thread] DEBUG PrimaryStageWindow   - Push state: LevelEndScene
09:59:15.517 [JavaFX Application Thread] DEBUG Input                - Clearing active input actions
09:59:15.518 [JavaFX Application Thread] DEBUG GameApplicationServi - Removing overlay from GameScene and adding to LevelEndScene
09:59:15.518 [JavaFX Application Thread] DEBUG PrimaryStageWindow   - GameScene -> LevelEndScene
09:59:17.533 [JavaFX Application Thread] DEBUG PrimaryStageWindow   - Pop state: LevelEndScene
09:59:17.533 [JavaFX Application Thread] DEBUG Input                - Clearing active input actions
09:59:17.533 [JavaFX Application Thread] DEBUG GameApplicationServi - Removing overlay from LevelEndScene and adding to GameScene
09:59:17.534 [JavaFX Application Thread] DEBUG PrimaryStageWindow   - GameScene <- LevelEndScene
09:59:18.422 [JavaFX Application Thread] WARN  TMXLevelLoader       - TiledMap generated from 1.10.0. Supported version: 1.4.2. Some features may not be parsed fully.
09:59:18.433 [JavaFX Application Thread] DEBUG TMXLevelLoader       - Parsed TiledMap: file:/C:/ipose-groep-4/target/classes/assets/levels/tmx/level2.tmx
09:59:18.433 [JavaFX Application Thread] DEBUG TMXLevelLoader       - Creating tile layer entities
09:59:18.434 [JavaFX Application Thread] DEBUG TilesetLoader        - Loading view for layer Tile Layer 1
09:59:18.440 [JavaFX Application Thread] DEBUG TilesetLoader        - Created buffer with size 4900.0x700.0
09:59:18.462 [JavaFX Application Thread] DEBUG TMXLevelLoader       - Creating object layer entities
09:59:18.486 [JavaFX Application Thread] DEBUG GameWorld            - Clearing removable entities
09:59:18.489 [JavaFX Application Thread] DEBUG GameWorld            - Setting level: com.almasb.fxgl.entity.level.Level@6f72c3b1
09:59:43.701 [JavaFX Application Thread] DEBUG PrimaryStageWindow   - Push state: LevelEndScene
09:59:43.701 [JavaFX Application Thread] DEBUG Input                - Clearing active input actions
09:59:43.701 [JavaFX Application Thread] DEBUG GameApplicationServi - Removing overlay from GameScene and adding to LevelEndScene
09:59:43.702 [JavaFX Application Thread] DEBUG PrimaryStageWindow   - GameScene -> LevelEndScene
09:59:44.460 [JavaFX Application Thread] DEBUG PrimaryStageWindow   - Pop state: LevelEndScene
09:59:44.460 [JavaFX Application Thread] DEBUG Input                - Clearing active input actions
09:59:44.461 [JavaFX Application Thread] DEBUG GameApplicationServi - Removing overlay from LevelEndScene and adding to GameScene
09:59:44.461 [JavaFX Application Thread] DEBUG PrimaryStageWindow   - GameScene <- LevelEndScene
09:59:45.437 [JavaFX Application Thread] WARN  TMXLevelLoader       - TiledMap generated from 1.10.0. Supported version: 1.4.2. Some features may not be parsed fully.
09:59:45.445 [JavaFX Application Thread] DEBUG TMXLevelLoader       - Parsed TiledMap: file:/C:/ipose-groep-4/target/classes/assets/levels/tmx/level3.tmx
09:59:45.446 [JavaFX Application Thread] DEBUG TMXLevelLoader       - Creating tile layer entities
09:59:45.446 [JavaFX Application Thread] DEBUG TilesetLoader        - Loading view for layer Tile Layer 1
09:59:45.454 [JavaFX Application Thread] DEBUG TilesetLoader        - Created buffer with size 4900.0x700.0
09:59:45.482 [JavaFX Application Thread] DEBUG TMXLevelLoader       - Creating object layer entities
09:59:45.500 [JavaFX Application Thread] DEBUG GameWorld            - Clearing removable entities
09:59:45.504 [JavaFX Application Thread] DEBUG GameWorld            - Setting level: com.almasb.fxgl.entity.level.Level@5ea2337d
10:00:12.874 [JavaFX Application Thread] DEBUG PrimaryStageWindow   - Push state: DialogSubScene
10:00:12.874 [JavaFX Application Thread] DEBUG Input                - Clearing active input actions
10:00:12.880 [JavaFX Application Thread] DEBUG GameApplicationServi - Removing overlay from GameScene and adding to DialogSubScene
10:00:12.881 [JavaFX Application Thread] DEBUG PrimaryStageWindow   - GameScene -> DialogSubScene
10:00:14.884 [JavaFX Application Thread] DEBUG PrimaryStageWindow   - Pop state: DialogSubScene
10:00:14.884 [JavaFX Application Thread] DEBUG Input                - Clearing active input actions
10:00:14.885 [JavaFX Application Thread] DEBUG GameApplicationServi - Removing overlay from DialogSubScene and adding to GameScene
10:00:14.886 [JavaFX Application Thread] DEBUG PrimaryStageWindow   - GameScene <- DialogSubScene
10:00:14.886 [JavaFX Application Thread] DEBUG GameApplicationServi - Starting new game
10:00:14.886 [JavaFX Application Thread] DEBUG Input                - Clearing active input actions
10:00:14.894 [JavaFX Application Thread] DEBUG GameApplicationServi - Removing overlay from GameScene and adding to MainLoadingScene
10:00:14.894 [JavaFX Application Thread] DEBUG PrimaryStageWindow   - GameScene -> MainLoadingScene
10:00:14.894 [JavaFX Application Thread] DEBUG GameApplicationServi - Clearing previous game
10:00:14.894 [JavaFX Application Thread] DEBUG GameScene            - Clearing game scene
10:00:14.894 [JavaFX Application Thread] DEBUG GameWorld            - Clearing game world
10:00:14.896 [JavaFX Application Thread] DEBUG PhysicsWorld         - Clearing physics world
10:00:14.898 [FXGL Background Thread 5 ] DEBUG FXGLApplication      - Initializing game
10:00:14.902 [FXGL Background Thread 5 ] WARN  TMXLevelLoader       - TiledMap generated from 1.10.0. Supported version: 1.4.2. Some features may not be parsed fully.
10:00:14.910 [FXGL Background Thread 5 ] DEBUG TMXLevelLoader       - Parsed TiledMap: file:/C:/ipose-groep-4/target/classes/assets/levels/tmx/level1.tmx
10:00:14.910 [FXGL Background Thread 5 ] DEBUG TMXLevelLoader       - Creating tile layer entities
10:00:14.911 [FXGL Background Thread 5 ] DEBUG TilesetLoader        - Loading view for layer Tile Layer 1
10:00:14.915 [FXGL Background Thread 5 ] DEBUG TilesetLoader        - Created buffer with size 4900.0x700.0
10:00:14.936 [FXGL Background Thread 5 ] DEBUG TMXLevelLoader       - Creating object layer entities
10:00:14.941 [FXGL Background Thread 5 ] DEBUG GameWorld            - Clearing removable entities
10:00:14.941 [FXGL Background Thread 5 ] DEBUG GameWorld            - Setting level: com.almasb.fxgl.entity.level.Level@3d17ed24
10:00:14.950 [FXGL Background Thread 5 ] INFO  FXGLApplication      - Game initialization took: 0,052 sec
10:00:14.951 [JavaFX Application Thread] DEBUG Input                - Clearing active input actions
10:00:14.960 [JavaFX Application Thread] DEBUG GameApplicationServi - Removing overlay from MainLoadingScene and adding to GameScene
10:00:14.960 [JavaFX Application Thread] DEBUG PrimaryStageWindow   - MainLoadingScene -> GameScene
10:00:34.264 [JavaFX Application Thread] DEBUG PrimaryStageWindow   - Push state: LevelEndScene
10:00:34.264 [JavaFX Application Thread] DEBUG Input                - Clearing active input actions
10:00:34.265 [JavaFX Application Thread] DEBUG GameApplicationServi - Removing overlay from GameScene and adding to LevelEndScene
10:00:34.265 [JavaFX Application Thread] DEBUG PrimaryStageWindow   - GameScene -> LevelEndScene
10:00:35.274 [JavaFX Application Thread] DEBUG PrimaryStageWindow   - Pop state: LevelEndScene
10:00:35.274 [JavaFX Application Thread] DEBUG Input                - Clearing active input actions
10:00:35.274 [JavaFX Application Thread] DEBUG GameApplicationServi - Removing overlay from LevelEndScene and adding to GameScene
10:00:35.275 [JavaFX Application Thread] DEBUG PrimaryStageWindow   - GameScene <- LevelEndScene
10:00:36.238 [JavaFX Application Thread] WARN  TMXLevelLoader       - TiledMap generated from 1.10.0. Supported version: 1.4.2. Some features may not be parsed fully.
10:00:36.253 [JavaFX Application Thread] DEBUG TMXLevelLoader       - Parsed TiledMap: file:/C:/ipose-groep-4/target/classes/assets/levels/tmx/level2.tmx
10:00:36.253 [JavaFX Application Thread] DEBUG TMXLevelLoader       - Creating tile layer entities
10:00:36.254 [JavaFX Application Thread] DEBUG TilesetLoader        - Loading view for layer Tile Layer 1
10:00:36.257 [JavaFX Application Thread] DEBUG TilesetLoader        - Created buffer with size 4900.0x700.0
10:00:36.280 [JavaFX Application Thread] DEBUG TMXLevelLoader       - Creating object layer entities
10:00:36.295 [JavaFX Application Thread] DEBUG GameWorld            - Clearing removable entities
10:00:36.297 [JavaFX Application Thread] DEBUG GameWorld            - Setting level: com.almasb.fxgl.entity.level.Level@5de8fdda
10:00:58.587 [JavaFX Application Thread] DEBUG PrimaryStageWindow   - Push state: LevelEndScene
10:00:58.588 [JavaFX Application Thread] DEBUG Input                - Clearing active input actions
10:00:58.589 [JavaFX Application Thread] DEBUG GameApplicationServi - Removing overlay from GameScene and adding to LevelEndScene
10:00:58.589 [JavaFX Application Thread] DEBUG PrimaryStageWindow   - GameScene -> LevelEndScene
10:01:00.204 [JavaFX Application Thread] DEBUG PrimaryStageWindow   - Pop state: LevelEndScene
10:01:00.204 [JavaFX Application Thread] DEBUG Input                - Clearing active input actions
10:01:00.204 [JavaFX Application Thread] DEBUG GameApplicationServi - Removing overlay from LevelEndScene and adding to GameScene
10:01:00.204 [JavaFX Application Thread] DEBUG PrimaryStageWindow   - GameScene <- LevelEndScene
10:01:01.213 [JavaFX Application Thread] WARN  TMXLevelLoader       - TiledMap generated from 1.10.0. Supported version: 1.4.2. Some features may not be parsed fully.
10:01:01.218 [JavaFX Application Thread] DEBUG TMXLevelLoader       - Parsed TiledMap: file:/C:/ipose-groep-4/target/classes/assets/levels/tmx/level3.tmx
10:01:01.219 [JavaFX Application Thread] DEBUG TMXLevelLoader       - Creating tile layer entities
10:01:01.219 [JavaFX Application Thread] DEBUG TilesetLoader        - Loading view for layer Tile Layer 1
10:01:01.231 [JavaFX Application Thread] DEBUG TilesetLoader        - Created buffer with size 4900.0x700.0
10:01:01.251 [JavaFX Application Thread] DEBUG TMXLevelLoader       - Creating object layer entities
10:01:01.263 [JavaFX Application Thread] DEBUG GameWorld            - Clearing removable entities
10:01:01.265 [JavaFX Application Thread] DEBUG GameWorld            - Setting level: com.almasb.fxgl.entity.level.Level@5339be35
10:01:25.645 [JavaFX Application Thread] DEBUG PrimaryStageWindow   - Push state: LevelEndScene
10:01:25.645 [JavaFX Application Thread] DEBUG Input                - Clearing active input actions
10:01:25.646 [JavaFX Application Thread] DEBUG GameApplicationServi - Removing overlay from GameScene and adding to LevelEndScene
10:01:25.646 [JavaFX Application Thread] DEBUG PrimaryStageWindow   - GameScene -> LevelEndScene
10:01:27.090 [JavaFX Application Thread] DEBUG PrimaryStageWindow   - Pop state: LevelEndScene
10:01:27.090 [JavaFX Application Thread] DEBUG Input                - Clearing active input actions
10:01:27.090 [JavaFX Application Thread] DEBUG GameApplicationServi - Removing overlay from LevelEndScene and adding to GameScene
10:01:27.091 [JavaFX Application Thread] DEBUG PrimaryStageWindow   - GameScene <- LevelEndScene
10:01:28.078 [JavaFX Application Thread] DEBUG AudioPlayer          - Pausing music com.almasb.fxgl.audio.Music@2ad3e76c
10:01:28.078 [JavaFX Application Thread] DEBUG LoopRunner           - Pausing loop
10:01:28.080 [JavaFX Application Thread] DEBUG PrimaryStageWindow   - Push state: DialogSubScene
10:01:28.080 [JavaFX Application Thread] DEBUG Input                - Clearing active input actions
10:01:28.082 [JavaFX Application Thread] DEBUG GameApplicationServi - Removing overlay from GameScene and adding to DialogSubScene
10:01:28.082 [JavaFX Application Thread] DEBUG PrimaryStageWindow   - GameScene -> DialogSubScene
10:01:29.282 [JavaFX Application Thread] DEBUG PrimaryStageWindow   - Pop state: DialogSubScene
10:01:29.282 [JavaFX Application Thread] DEBUG Input                - Clearing active input actions
10:01:29.283 [JavaFX Application Thread] DEBUG GameApplicationServi - Removing overlay from DialogSubScene and adding to GameScene
10:01:29.283 [JavaFX Application Thread] DEBUG PrimaryStageWindow   - GameScene <- DialogSubScene
10:01:44.085 [JavaFX Application Thread] DEBUG FXGLApplication      - Exiting FXGL
10:01:44.085 [JavaFX Application Thread] DEBUG LoopRunner           - Stopping loop
10:01:44.085 [JavaFX Application Thread] DEBUG SystemBundleService  - Saving FXGL system data
10:01:44.089 [JavaFX Application Thread] DEBUG FileSystemAccess     - Writing to: C:\ipose-groep-4\system\fxgl.bundle
10:01:44.094 [JavaFX Application Thread] DEBUG Async                - Shutting down background threads
10:01:44.095 [JavaFX Application Thread] DEBUG PrimaryStageWindow   - Closing main window
10:01:44.121 [JavaFX Application Thread] DEBUG Logger               - Closing Logger
