18:29:44.570 [main                     ] DEBUG Logger               - Configured Logger
18:29:44.612 [main                     ] DEBUG GameApplication      - Logging settings
Title: Miguel
Version: 1.0
Width: 1280
Height: 720
Fullscreen: false
Intro: false
Profiling: false
Single step:false
App Mode: DEVELOPER
Menu Key: ESCAPE
Stage Style: DECORATED
Scene Factory: class com.almasb.fxglgames.platformer.PlatformerApp$1

18:29:45.333 [JavaFX Application Thread] DEBUG FXGLApplication      - Initializing FXGL
18:29:45.339 [JavaFX Application Thread] INFO  Engine               - FXGL-17.1 (24.03.2022 17.34) on WINDOWS (J:19.0.1 FX:19-ea)
18:29:45.339 [JavaFX Application Thread] DEBUG Engine               - JRE Vendor Name: Oracle Corporation
18:29:45.339 [JavaFX Application Thread] DEBUG Engine               - Running on OS: Windows 10 version 10.0
18:29:45.340 [JavaFX Application Thread] DEBUG Engine               - Architecture: amd64
18:29:45.340 [JavaFX Application Thread] INFO  Engine               - Source code and latest versions at: https://github.com/AlmasB/FXGL
18:29:45.341 [JavaFX Application Thread] INFO  Engine               -       Ask questions and discuss at: https://github.com/AlmasB/FXGL/discussions
18:29:45.341 [JavaFX Application Thread] INFO  Engine               -              Join the FXGL chat at: https://gitter.im/AlmasB/FXGL
18:29:45.489 [JavaFX Application Thread] DEBUG PrimaryStageWindow   - Creating a JavaFX scene
18:29:45.577 [JavaFX Application Thread] DEBUG PrimaryStageWindow   - Target settings size: 1280.0 x 720.0
18:29:45.577 [JavaFX Application Thread] DEBUG PrimaryStageWindow   - Scaled scene size:    1280.0 x 720.0
18:29:45.578 [JavaFX Application Thread] DEBUG PrimaryStageWindow   - Scaled ratio: (1.0, 1.0)
18:29:45.579 [JavaFX Application Thread] DEBUG PrimaryStageWindow   - Set initial scene to FXGLStartupScene
18:29:45.591 [JavaFX Application Thread] DEBUG PrimaryStageWindow   - Opening main window
18:29:45.773 [JavaFX Application Thread] DEBUG PrimaryStageWindow   - Window border size: (14.4000244140625, 37.5999755859375)
18:29:45.774 [JavaFX Application Thread] DEBUG PrimaryStageWindow   - Scaled size: 1280.0 x 720.0
18:29:45.774 [JavaFX Application Thread] DEBUG PrimaryStageWindow   - Scaled ratio: (1.0, 1.0)
18:29:45.775 [JavaFX Application Thread] DEBUG PrimaryStageWindow   - Scene size: 1280.0 x 720.0
18:29:45.775 [JavaFX Application Thread] DEBUG PrimaryStageWindow   - Stage size: 1294.4000244140625 x 757.5999755859375
18:29:45.787 [FXGL Background Thread 1 ] DEBUG Engine               - Initializing environment variables
18:29:45.859 [FXGL Background Thread 1 ] DEBUG FXGLAssetLoaderServi - User app class for loading assets: class com.almasb.fxglgames.platformer.PlatformerApp
18:29:45.859 [FXGL Background Thread 1 ] DEBUG GameApplicationServi - Applying CSS: fxgl_dark.css
18:29:45.861 [FXGL Background Thread 1 ] DEBUG FXGLAssetLoaderServi - Loading from file system: jar:file:///C:/Users/koenm/.m2/repository/com/github/almasb/fxgl/17.1/fxgl-17.1.jar!/fxglassets/ui/css/fxgl_dark.css
18:29:45.927 [FXGL Background Thread 1 ] DEBUG GameApplicationServi - Initializing application scenes
18:29:45.994 [FXGL Background Thread 1 ] DEBUG FXGLAssetLoaderServi - Loading from file system: file:/C:/Users/koenm/Documents/GitHub/ipose-groep-4/target/classes/assets/textures/player.png
18:29:46.029 [FXGL Background Thread 1 ] DEBUG GameWorld            - Game world initialized
18:29:46.108 [FXGL Background Thread 1 ] DEBUG PhysicsWorld         - Physics world initialized: appHeight=720, physics.ppm=50,0
18:29:46.109 [FXGL Background Thread 1 ] DEBUG PhysicsWorld         - Using strategy: BRUTE_FORCE
18:29:46.117 [FXGL Background Thread 1 ] DEBUG GameScene            - Game scene initialized: 1280x720
18:29:46.136 [FXGL Background Thread 1 ] DEBUG FXGL.DefaultMenu     - createMenuBodyGameMenu()
18:29:46.166 [FXGL Background Thread 1 ] DEBUG FXGL.DefaultMenu     - createOptionsMenu()
18:29:46.183 [FXGL Background Thread 1 ] DEBUG FXGLAssetLoaderServi - Loading from file system: jar:file:///C:/Users/koenm/.m2/repository/com/github/almasb/fxgl/17.1/fxgl-17.1.jar!/fxglassets/textures/particles/smoke.png
18:29:46.294 [FXGL Background Thread 1 ] DEBUG FXGLAssetLoaderServi - Loading from file system: jar:file:///C:/Users/koenm/.m2/repository/com/github/almasb/fxgl/17.1/fxgl-17.1.jar!/fxglassets/textures/particles/trace_horizontal.png
18:29:46.340 [FXGL Background Thread 1 ] DEBUG GameApplicationServi - Application scenes initialized
18:29:46.366 [FXGL Background Thread 1 ] DEBUG SystemBundleService  - Loading FXGL system data
18:29:46.374 [FXGL Background Thread 1 ] DEBUG FileSystemAccess     - Reading from: C:\Users\koenm\Documents\GitHub\ipose-groep-4\system\fxgl.bundle
18:29:46.393 [FXGL Background Thread 1 ] DEBUG SystemBundleService  - Bundle FXGL: {}
18:29:46.393 [FXGL Background Thread 1 ] DEBUG UpdaterService       - Checking for updates
18:29:46.434 [FXGL Background Thread 1 ] DEBUG FXGLApplication      - Loading default localization
18:29:46.436 [FXGL Background Thread 1 ] DEBUG FXGLAssetLoaderServi - Loading from file system: jar:file:///C:/Users/koenm/.m2/repository/com/github/almasb/fxgl/17.1/fxgl-17.1.jar!/fxglassets/languages/english.lang
18:29:46.455 [FXGL Background Thread 4 ] DEBUG FXGLApplication      - Loading fonts
18:29:46.456 [FXGL Background Thread 4 ] DEBUG FXGLAssetLoaderServi - Loading from file system: jar:file:///C:/Users/koenm/.m2/repository/com/github/almasb/fxgl/17.1/fxgl-17.1.jar!/fxglassets/ui/fonts/VarelaRound-Regular.ttf
18:29:46.474 [FXGL Background Thread 1 ] INFO  FXGLApplication      - FXGL initialization took: 0,687 sec
18:29:46.492 [JavaFX Application Thread] DEBUG Input                - Registered new binding: Left - A
18:29:46.492 [JavaFX Application Thread] DEBUG Input                - Registered new binding: Right - D
18:29:46.492 [JavaFX Application Thread] DEBUG Input                - Registered new binding: Jump - W
18:29:46.494 [JavaFX Application Thread] DEBUG Input                - Registered new binding: Use - E
18:29:46.494 [JavaFX Application Thread] DEBUG FXGLAssetLoaderServi - Loading from file system: file:/C:/Users/koenm/Documents/GitHub/ipose-groep-4/target/classes/assets/music/BGM_dash_runner.wav
18:29:46.644 [FXGL Background Thread 4 ] DEBUG FXGLAssetLoaderServi - Loading from file system: jar:file:///C:/Users/koenm/.m2/repository/com/github/almasb/fxgl/17.1/fxgl-17.1.jar!/fxglassets/ui/fonts/Abel-Regular.ttf
18:29:46.654 [FXGL Background Thread 4 ] DEBUG FXGLAssetLoaderServi - Loading from file system: jar:file:///C:/Users/koenm/.m2/repository/com/github/almasb/fxgl/17.1/fxgl-17.1.jar!/fxglassets/ui/fonts/TerminalLandMono-Regular.otf
18:29:46.659 [FXGL Background Thread 4 ] DEBUG FXGLAssetLoaderServi - Loading from file system: jar:file:///C:/Users/koenm/.m2/repository/com/github/almasb/fxgl/17.1/fxgl-17.1.jar!/fxglassets/ui/fonts/Courier-Prime.ttf
18:29:46.759 [JavaFX Application Thread] DEBUG AudioPlayer          - Playing music com.almasb.fxgl.audio.Music@4570af51
18:29:46.760 [JavaFX Application Thread] DEBUG FXGLAssetLoaderServi - Loading from file system: jar:file:///C:/Users/koenm/.m2/repository/com/github/almasb/fxgl/17.1/fxgl-17.1.jar!/fxglassets/textures/fxgl_icon.png
18:29:46.805 [JavaFX Application Thread] DEBUG FXGLAssetLoaderServi - Loading from file system: jar:file:///C:/Users/koenm/.m2/repository/com/github/almasb/fxgl/17.1/fxgl-17.1.jar!/fxglassets/textures/fxgl_default_cursor.png
18:29:46.808 [JavaFX Application Thread] DEBUG Input                - Registered new binding: Screenshot - CTRL+8
18:29:46.809 [JavaFX Application Thread] DEBUG Input                - Registered new binding: System info dump - CTRL+9
18:29:46.810 [JavaFX Application Thread] DEBUG Input                - Registered new binding: Restart - CTRL+R
18:29:46.812 [JavaFX Application Thread] DEBUG Input                - Registered new binding: Toggle Debug Camera - CTRL+7
18:29:46.819 [JavaFX Application Thread] DEBUG LoopRunner           - Starting loop
18:29:46.819 [JavaFX Application Thread] DEBUG LoopRunner           - Initializing JavaFX AnimationTimerLoop
18:29:46.821 [JavaFX Application Thread] DEBUG GameApplicationServi - Starting new game
18:29:46.822 [JavaFX Application Thread] DEBUG Input                - Clearing active input actions
18:29:46.847 [JavaFX Application Thread] DEBUG GameApplicationServi - Removing overlay from FXGLStartupScene and adding to MainLoadingScene
18:29:46.848 [JavaFX Application Thread] DEBUG PrimaryStageWindow   - FXGLStartupScene -> MainLoadingScene
18:29:46.848 [JavaFX Application Thread] DEBUG GameApplicationServi - Clearing previous game
18:29:46.848 [JavaFX Application Thread] DEBUG GameScene            - Clearing game scene
18:29:46.848 [JavaFX Application Thread] DEBUG GameWorld            - Clearing game world
18:29:46.848 [JavaFX Application Thread] DEBUG PhysicsWorld         - Clearing physics world
18:29:46.850 [JavaFX Application Thread] DEBUG FXGLApplication      - Registering font factories with UI factory
18:29:46.903 [FXGL Background Thread 4 ] WARN  TMXLevelLoader       - TiledMap generated from 1.10.1. Supported version: 1.4.2. Some features may not be parsed fully.
18:29:46.921 [FXGL Background Thread 4 ] DEBUG TMXLevelLoader       - Parsed TiledMap: file:/C:/Users/koenm/Documents/GitHub/ipose-groep-4/target/classes/assets/levels/tmx/level3.tmx
18:29:46.923 [FXGL Background Thread 4 ] DEBUG TMXLevelLoader       - Creating tile layer entities
18:29:46.926 [FXGL Background Thread 4 ] DEBUG TilesetLoader        - Loading view for layer Tile Layer 1
18:29:46.937 [FXGL Background Thread 4 ] DEBUG TilesetLoader        - Created buffer with size 4900.0x700.0
18:29:46.981 [FXGL Background Thread 4 ] DEBUG TMXLevelLoader       - Creating object layer entities
18:29:47.028 [FXGL Background Thread 4 ] DEBUG GameWorld            - Clearing removable entities
18:29:47.029 [FXGL Background Thread 4 ] DEBUG GameWorld            - Setting level: com.almasb.fxgl.entity.level.Level@a212425
18:29:47.061 [FXGL Background Thread 4 ] DEBUG FXGLAssetLoaderServi - Loading from file system: file:/C:/Users/koenm/Documents/GitHub/ipose-groep-4/target/classes/assets/textures/trump.png
18:29:47.069 [FXGL Background Thread 4 ] DEBUG FXGLAssetLoaderServi - Loading from file system: file:/C:/Users/koenm/Documents/GitHub/ipose-groep-4/target/classes/assets/textures/background/forest.png
18:29:47.099 [FXGL Background Thread 4 ] INFO  FXGLApplication      - Game initialization took: 0,249 sec
18:29:47.149 [FXGL Background Thread 2 ] INFO  UpdaterService       - Your current version:  17.1
18:29:47.150 [FXGL Background Thread 2 ] INFO  UpdaterService       - Latest stable version: 17.3
18:29:47.153 [JavaFX Application Thread] DEBUG Input                - Clearing active input actions
18:29:47.163 [JavaFX Application Thread] DEBUG GameApplicationServi - Removing overlay from MainLoadingScene and adding to GameScene
18:29:47.164 [JavaFX Application Thread] DEBUG PrimaryStageWindow   - MainLoadingScene -> GameScene
18:29:49.433 [FXGL Background Thread 3 ] DEBUG Engine               - Logging environment variables
18:29:49.435 [FXGL Background Thread 3 ] DEBUG Engine               - achievements: []
18:29:49.435 [FXGL Background Thread 3 ] DEBUG Engine               - actualHeight: 720.0
18:29:49.435 [FXGL Background Thread 3 ] DEBUG Engine               - actualHeightProperty: ReadOnlyDoubleProperty [value: 720.0]
18:29:49.436 [FXGL Background Thread 3 ] DEBUG Engine               - actualWidth: 1280.0
18:29:49.436 [FXGL Background Thread 3 ] DEBUG Engine               - actualWidthProperty: ReadOnlyDoubleProperty [value: 1280.0]
18:29:49.436 [FXGL Background Thread 3 ] DEBUG Engine               - appIcon: fxgl_icon.png
18:29:49.436 [FXGL Background Thread 3 ] DEBUG Engine               - applicationMode: DEVELOPER
18:29:49.436 [FXGL Background Thread 3 ] DEBUG Engine               - cSSList: [fxgl_dark.css]
18:29:49.437 [FXGL Background Thread 3 ] DEBUG Engine               - collisionDetectionStrategy: BRUTE_FORCE
18:29:49.437 [FXGL Background Thread 3 ] DEBUG Engine               - configClass: Optional.empty
18:29:49.437 [FXGL Background Thread 3 ] DEBUG Engine               - credits: []
18:29:49.439 [FXGL Background Thread 3 ] DEBUG Engine               - defaultCursor: CursorInfo(imageName=fxgl_default_cursor.png, hotspotX=7.0, hotspotY=6.0)
18:29:49.439 [FXGL Background Thread 3 ] DEBUG Engine               - devBBoxColorProperty: ObjectProperty [value: 0xff0000ff]
18:29:49.440 [FXGL Background Thread 3 ] DEBUG Engine               - devEnableDebugCameraProperty: BooleanProperty [value: false]
18:29:49.440 [FXGL Background Thread 3 ] DEBUG Engine               - devSensorColorProperty: ObjectProperty [value: 0xffff00ff]
18:29:49.440 [FXGL Background Thread 3 ] DEBUG Engine               - devShowBBoxProperty: BooleanProperty [value: false]
18:29:49.441 [FXGL Background Thread 3 ] DEBUG Engine               - devShowPositionProperty: BooleanProperty [value: false]
18:29:49.441 [FXGL Background Thread 3 ] DEBUG Engine               - enabledMenuItems: []
18:29:49.441 [FXGL Background Thread 3 ] DEBUG Engine               - engineServices: [class com.almasb.fxgl.app.services.FXGLAssetLoaderService, class com.almasb.fxgl.app.FXGLApplication$GameApplicationService, class com.almasb.fxgl.app.services.FXGLDialogService, class com.almasb.fxgl.app.services.IOTaskExecutorService, class com.almasb.fxgl.io.FileSystemService, class com.almasb.fxgl.localization.LocalizationService, class com.almasb.fxgl.app.services.SystemBundleService, class com.almasb.fxgl.profile.SaveLoadService, class com.almasb.fxgl.ui.FXGLUIFactoryServiceProvider, class com.almasb.fxgl.ui.FXGLDialogFactoryServiceProvider, class com.almasb.fxgl.audio.AudioPlayer, class com.almasb.fxgl.notification.impl.NotificationServiceProvider, class com.almasb.fxgl.achievement.AchievementService, class com.almasb.fxgl.cutscene.CutsceneService, class com.almasb.fxgl.minigames.MiniGameService, class com.almasb.fxgl.net.NetService, class com.almasb.fxgl.app.services.UpdaterService, class com.almasb.fxgl.dev.DevService]
18:29:49.441 [FXGL Background Thread 3 ] DEBUG Engine               - fontGame: Abel-Regular.ttf
18:29:49.442 [FXGL Background Thread 3 ] DEBUG Engine               - fontMono: TerminalLandMono-Regular.otf
18:29:49.442 [FXGL Background Thread 3 ] DEBUG Engine               - fontText: Courier-Prime.ttf
18:29:49.442 [FXGL Background Thread 3 ] DEBUG Engine               - fontUI: VarelaRound-Regular.ttf
18:29:49.442 [FXGL Background Thread 3 ] DEBUG Engine               - fullScreen: BooleanProperty [value: false]
18:29:49.442 [FXGL Background Thread 3 ] DEBUG Engine               - gameDifficulty: MEDIUM
18:29:49.443 [FXGL Background Thread 3 ] DEBUG Engine               - gameDifficultyProperty: ObjectProperty [value: MEDIUM]
18:29:49.443 [FXGL Background Thread 3 ] DEBUG Engine               - globalMusicVolume: 0.5
18:29:49.443 [FXGL Background Thread 3 ] DEBUG Engine               - globalMusicVolumeProperty: DoubleProperty [value: 0.25]
18:29:49.443 [FXGL Background Thread 3 ] DEBUG Engine               - globalSoundVolume: 0.5
18:29:49.444 [FXGL Background Thread 3 ] DEBUG Engine               - globalSoundVolumeProperty: DoubleProperty [value: 0.5]
18:29:49.444 [FXGL Background Thread 3 ] DEBUG Engine               - height: 720
18:29:49.444 [FXGL Background Thread 3 ] DEBUG Engine               - is3D: false
18:29:49.444 [FXGL Background Thread 3 ] DEBUG Engine               - isAndroid: false
18:29:49.445 [FXGL Background Thread 3 ] DEBUG Engine               - isBrowser: false
18:29:49.445 [FXGL Background Thread 3 ] DEBUG Engine               - isClickFeedbackEnabled: false
18:29:49.445 [FXGL Background Thread 3 ] DEBUG Engine               - isCloseConfirmation: false
18:29:49.445 [FXGL Background Thread 3 ] DEBUG Engine               - isDesktop: true
18:29:49.446 [FXGL Background Thread 3 ] DEBUG Engine               - isDeveloperMenuEnabled: false
18:29:49.446 [FXGL Background Thread 3 ] DEBUG Engine               - isEmbedded: false
18:29:49.446 [FXGL Background Thread 3 ] DEBUG Engine               - isEntityPreloadEnabled: true
18:29:49.446 [FXGL Background Thread 3 ] DEBUG Engine               - isExperimentalTiledLargeMap: false
18:29:49.446 [FXGL Background Thread 3 ] DEBUG Engine               - isFileSystemWriteAllowed: true
18:29:49.446 [FXGL Background Thread 3 ] DEBUG Engine               - isFullScreenAllowed: false
18:29:49.447 [FXGL Background Thread 3 ] DEBUG Engine               - isFullScreenFromStart: false
18:29:49.447 [FXGL Background Thread 3 ] DEBUG Engine               - isGameMenuEnabled: true
18:29:49.447 [FXGL Background Thread 3 ] DEBUG Engine               - isIOS: false
18:29:49.447 [FXGL Background Thread 3 ] DEBUG Engine               - isIntroEnabled: false
18:29:49.447 [FXGL Background Thread 3 ] DEBUG Engine               - isLinux: false
18:29:49.448 [FXGL Background Thread 3 ] DEBUG Engine               - isMac: false
18:29:49.448 [FXGL Background Thread 3 ] DEBUG Engine               - isMainMenuEnabled: false
18:29:49.448 [FXGL Background Thread 3 ] DEBUG Engine               - isManualResizeEnabled: false
18:29:49.448 [FXGL Background Thread 3 ] DEBUG Engine               - isMobile: false
18:29:49.448 [FXGL Background Thread 3 ] DEBUG Engine               - isNative: false
18:29:49.448 [FXGL Background Thread 3 ] DEBUG Engine               - isPauseMusicWhenMinimized: true
18:29:49.448 [FXGL Background Thread 3 ] DEBUG Engine               - isPreserveResizeRatio: false
18:29:49.448 [FXGL Background Thread 3 ] DEBUG Engine               - isProfilingEnabled: false
18:29:49.450 [FXGL Background Thread 3 ] DEBUG Engine               - isScaleAffectedOnResize: true
18:29:49.450 [FXGL Background Thread 3 ] DEBUG Engine               - isSingleStep: false
18:29:49.450 [FXGL Background Thread 3 ] DEBUG Engine               - isUserProfileEnabled: false
18:29:49.450 [FXGL Background Thread 3 ] DEBUG Engine               - isWindows: true
18:29:49.450 [FXGL Background Thread 3 ] DEBUG Engine               - language: ObjectProperty [value: ENGLISH]
18:29:49.450 [FXGL Background Thread 3 ] DEBUG Engine               - menuKey: ESCAPE
18:29:49.451 [FXGL Background Thread 3 ] DEBUG Engine               - mouseSensitivity: 0.2
18:29:49.451 [FXGL Background Thread 3 ] DEBUG Engine               - notificationViewClass: class com.almasb.fxgl.notification.view.XboxNotificationView
18:29:49.451 [FXGL Background Thread 3 ] DEBUG Engine               - pixelsPerMeter: 50.0
18:29:49.451 [FXGL Background Thread 3 ] DEBUG Engine               - platform: WINDOWS
18:29:49.451 [FXGL Background Thread 3 ] DEBUG Engine               - prefHeightProperty: ReadOnlyDoubleProperty [value: 720.0]
18:29:49.451 [FXGL Background Thread 3 ] DEBUG Engine               - prefWidthProperty: ReadOnlyDoubleProperty [value: 1280.0]
18:29:49.451 [FXGL Background Thread 3 ] DEBUG Engine               - profileDir: profiles/
18:29:49.451 [FXGL Background Thread 3 ] DEBUG Engine               - profileName: StringProperty [value: DEFAULT]
18:29:49.451 [FXGL Background Thread 3 ] DEBUG Engine               - randomSeed: -1
18:29:49.452 [FXGL Background Thread 3 ] DEBUG Engine               - runtimeInfo: RuntimeInfo(platform=WINDOWS, version=17.1, build=24.03.2022 17.34)
18:29:49.452 [FXGL Background Thread 3 ] DEBUG Engine               - saveFileExt: sav
18:29:49.453 [FXGL Background Thread 3 ] DEBUG Engine               - scaledHeightProp$fxgl: DoubleProperty [bound, value: 720.0]
18:29:49.453 [FXGL Background Thread 3 ] DEBUG Engine               - scaledWidthProp$fxgl: DoubleProperty [bound, value: 1280.0]
18:29:49.453 [FXGL Background Thread 3 ] DEBUG Engine               - sceneFactory: com.almasb.fxglgames.platformer.PlatformerApp$1@30759e60
18:29:49.453 [FXGL Background Thread 3 ] DEBUG Engine               - secondsIn24h: 60
18:29:49.453 [FXGL Background Thread 3 ] DEBUG Engine               - soundMenuBack: menu/back.wav
18:29:49.453 [FXGL Background Thread 3 ] DEBUG Engine               - soundMenuPress: menu/press.wav
18:29:49.453 [FXGL Background Thread 3 ] DEBUG Engine               - soundMenuSelect: menu/select.wav
18:29:49.453 [FXGL Background Thread 3 ] DEBUG Engine               - soundNotification: core/notification.wav
18:29:49.454 [FXGL Background Thread 3 ] DEBUG Engine               - stageStyle: DECORATED
18:29:49.454 [FXGL Background Thread 3 ] DEBUG Engine               - supportedLanguages: [ENGLISH, FRENCH, GERMAN, HUNGARIAN, RUSSIAN]
18:29:49.454 [FXGL Background Thread 3 ] DEBUG Engine               - ticksPerSecond: -1
18:29:49.454 [FXGL Background Thread 3 ] DEBUG Engine               - title: Miguel
18:29:49.454 [FXGL Background Thread 3 ] DEBUG Engine               - urlGithub: https://github.com/AlmasB/FXGL
18:29:49.455 [FXGL Background Thread 3 ] DEBUG Engine               - urlLeaderboard: http://fxgl-top.herokuapp.com/
18:29:49.455 [FXGL Background Thread 3 ] DEBUG Engine               - urlPOM: https://raw.githubusercontent.com/AlmasB/FXGL/release/README.md
18:29:49.455 [FXGL Background Thread 3 ] DEBUG Engine               - userAppClass: class com.almasb.fxglgames.platformer.PlatformerApp
18:29:49.455 [FXGL Background Thread 3 ] DEBUG Engine               - version: 1.0
18:29:49.455 [FXGL Background Thread 3 ] DEBUG Engine               - versionCheckDays: 7
18:29:49.455 [FXGL Background Thread 3 ] DEBUG Engine               - width: 1280
18:29:49.455 [FXGL Background Thread 3 ] DEBUG Engine               - Logging services
18:29:49.455 [FXGL Background Thread 3 ] DEBUG Engine               - class com.almasb.fxgl.app.services.FXGLAssetLoaderService
18:29:49.456 [FXGL Background Thread 3 ] DEBUG Engine               - class com.almasb.fxgl.app.FXGLApplication$GameApplicationService
18:29:49.456 [FXGL Background Thread 3 ] DEBUG Engine               - class com.almasb.fxgl.app.services.FXGLDialogService
18:29:49.456 [FXGL Background Thread 3 ] DEBUG Engine               - class com.almasb.fxgl.app.services.IOTaskExecutorService
18:29:49.456 [FXGL Background Thread 3 ] DEBUG Engine               - class com.almasb.fxgl.io.FileSystemService
18:29:49.456 [FXGL Background Thread 3 ] DEBUG Engine               - class com.almasb.fxgl.localization.LocalizationService
18:29:49.456 [FXGL Background Thread 3 ] DEBUG Engine               - class com.almasb.fxgl.app.services.SystemBundleService
18:29:49.457 [FXGL Background Thread 3 ] DEBUG Engine               - class com.almasb.fxgl.profile.SaveLoadService
18:29:49.457 [FXGL Background Thread 3 ] DEBUG Engine               - class com.almasb.fxgl.ui.FXGLUIFactoryServiceProvider
18:29:49.457 [FXGL Background Thread 3 ] DEBUG Engine               - class com.almasb.fxgl.ui.FXGLDialogFactoryServiceProvider
18:29:49.457 [FXGL Background Thread 3 ] DEBUG Engine               - class com.almasb.fxgl.audio.AudioPlayer
18:29:49.457 [FXGL Background Thread 3 ] DEBUG Engine               - class com.almasb.fxgl.notification.impl.NotificationServiceProvider
18:29:49.458 [FXGL Background Thread 3 ] DEBUG Engine               - class com.almasb.fxgl.achievement.AchievementService
18:29:49.458 [FXGL Background Thread 3 ] DEBUG Engine               - class com.almasb.fxgl.cutscene.CutsceneService
18:29:49.458 [FXGL Background Thread 3 ] DEBUG Engine               - class com.almasb.fxgl.minigames.MiniGameService
18:29:49.458 [FXGL Background Thread 3 ] DEBUG Engine               - class com.almasb.fxgl.net.NetService
18:29:49.459 [FXGL Background Thread 3 ] DEBUG Engine               - class com.almasb.fxgl.app.services.UpdaterService
18:29:49.459 [FXGL Background Thread 3 ] DEBUG Engine               - class com.almasb.fxgl.dev.DevService
18:30:05.662 [JavaFX Application Thread] DEBUG Input                - Registered new binding: Close Level End Screen - LMB
18:30:05.663 [JavaFX Application Thread] DEBUG PrimaryStageWindow   - Push state: LevelEndScene
18:30:05.663 [JavaFX Application Thread] DEBUG Input                - Clearing active input actions
18:30:05.664 [JavaFX Application Thread] DEBUG GameApplicationServi - Removing overlay from GameScene and adding to LevelEndScene
18:30:05.665 [JavaFX Application Thread] DEBUG PrimaryStageWindow   - GameScene -> LevelEndScene
18:30:08.050 [JavaFX Application Thread] DEBUG FXGLApplication      - Exiting FXGL
18:30:08.050 [JavaFX Application Thread] DEBUG LoopRunner           - Stopping loop
18:30:08.050 [JavaFX Application Thread] DEBUG SystemBundleService  - Saving FXGL system data
18:30:08.053 [JavaFX Application Thread] DEBUG FileSystemAccess     - Writing to: C:\Users\koenm\Documents\GitHub\ipose-groep-4\system\fxgl.bundle
18:30:08.057 [JavaFX Application Thread] DEBUG Async                - Shutting down background threads
18:30:08.057 [JavaFX Application Thread] DEBUG PrimaryStageWindow   - Closing main window
18:30:08.082 [JavaFX Application Thread] DEBUG Logger               - Closing Logger
