14:16:57.578 [main                     ] DEBUG Logger               - Configured Logger
14:16:57.600 [main                     ] DEBUG GameApplication      - Logging settings
Title: Untitled
Version: 0.0
Width: 1400
Height: 720
Fullscreen: false
Intro: false
Profiling: false
Single step:false
App Mode: DEVELOPER
Menu Key: ESCAPE
Stage Style: DECORATED
Scene Factory: class com.almasb.fxglgames.platformer.PlatformerApp$1

14:16:58.039 [JavaFX Application Thread] DEBUG FXGLApplication      - Initializing FXGL
14:16:58.043 [JavaFX Application Thread] INFO  Engine               - FXGL-17.1 (24.03.2022 17.34) on WINDOWS (J:19.0.1 FX:19-ea)
14:16:58.043 [JavaFX Application Thread] DEBUG Engine               - JRE Vendor Name: Oracle Corporation
14:16:58.044 [JavaFX Application Thread] DEBUG Engine               - Running on OS: Windows 10 version 10.0
14:16:58.044 [JavaFX Application Thread] DEBUG Engine               - Architecture: amd64
14:16:58.044 [JavaFX Application Thread] INFO  Engine               - Source code and latest versions at: https://github.com/AlmasB/FXGL
14:16:58.044 [JavaFX Application Thread] INFO  Engine               -       Ask questions and discuss at: https://github.com/AlmasB/FXGL/discussions
14:16:58.044 [JavaFX Application Thread] INFO  Engine               -              Join the FXGL chat at: https://gitter.im/AlmasB/FXGL
14:16:58.122 [JavaFX Application Thread] DEBUG PrimaryStageWindow   - Creating a JavaFX scene
14:16:58.181 [JavaFX Application Thread] DEBUG PrimaryStageWindow   - Target settings size: 1400.0 x 720.0
14:16:58.181 [JavaFX Application Thread] DEBUG PrimaryStageWindow   - Scaled scene size:    1400.0 x 720.0
14:16:58.181 [JavaFX Application Thread] DEBUG PrimaryStageWindow   - Scaled ratio: (1.0, 1.0)
14:16:58.182 [JavaFX Application Thread] DEBUG PrimaryStageWindow   - Set initial scene to FXGLStartupScene
14:16:58.187 [JavaFX Application Thread] DEBUG PrimaryStageWindow   - Opening main window
14:16:58.257 [JavaFX Application Thread] DEBUG PrimaryStageWindow   - Window border size: (14.4000244140625, 37.5999755859375)
14:16:58.257 [JavaFX Application Thread] DEBUG PrimaryStageWindow   - Scaled size: 1400.0 x 720.0
14:16:58.258 [JavaFX Application Thread] DEBUG PrimaryStageWindow   - Scaled ratio: (1.0, 1.0)
14:16:58.258 [JavaFX Application Thread] DEBUG PrimaryStageWindow   - Scene size: 1400.0 x 720.0
14:16:58.259 [JavaFX Application Thread] DEBUG PrimaryStageWindow   - Stage size: 1414.4000244140625 x 757.5999755859375
14:16:58.265 [FXGL Background Thread 1 ] DEBUG Engine               - Initializing environment variables
14:16:58.313 [FXGL Background Thread 1 ] DEBUG FXGLAssetLoaderServi - User app class for loading assets: class com.almasb.fxglgames.platformer.PlatformerApp
14:16:58.313 [FXGL Background Thread 1 ] DEBUG GameApplicationServi - Applying CSS: fxgl_dark.css
14:16:58.314 [FXGL Background Thread 1 ] DEBUG FXGLAssetLoaderServi - Loading from file system: jar:file:///C:/Users/koenm/.m2/repository/com/github/almasb/fxgl/17.1/fxgl-17.1.jar!/fxglassets/ui/css/fxgl_dark.css
14:16:58.363 [FXGL Background Thread 1 ] DEBUG GameApplicationServi - Initializing application scenes
14:16:58.416 [FXGL Background Thread 1 ] DEBUG FXGLAssetLoaderServi - Loading from file system: file:/C:/Users/koenm/Documents/GitHub/ipose-groep-4/target/classes/assets/textures/player.png
14:16:58.438 [FXGL Background Thread 1 ] DEBUG GameWorld            - Game world initialized
14:16:58.489 [FXGL Background Thread 1 ] DEBUG PhysicsWorld         - Physics world initialized: appHeight=720, physics.ppm=50,0
14:16:58.489 [FXGL Background Thread 1 ] DEBUG PhysicsWorld         - Using strategy: BRUTE_FORCE
14:16:58.492 [FXGL Background Thread 1 ] DEBUG GameScene            - Game scene initialized: 1400x720
14:16:58.499 [FXGL Background Thread 1 ] DEBUG FXGL.DefaultMenu     - createMenuBodyGameMenu()
14:16:58.514 [FXGL Background Thread 1 ] DEBUG FXGL.DefaultMenu     - createOptionsMenu()
14:16:58.523 [FXGL Background Thread 1 ] DEBUG FXGLAssetLoaderServi - Loading from file system: jar:file:///C:/Users/koenm/.m2/repository/com/github/almasb/fxgl/17.1/fxgl-17.1.jar!/fxglassets/textures/particles/smoke.png
14:16:58.599 [FXGL Background Thread 1 ] DEBUG FXGLAssetLoaderServi - Loading from file system: jar:file:///C:/Users/koenm/.m2/repository/com/github/almasb/fxgl/17.1/fxgl-17.1.jar!/fxglassets/textures/particles/trace_horizontal.png
14:16:58.630 [FXGL Background Thread 1 ] DEBUG GameApplicationServi - Application scenes initialized
14:16:58.654 [FXGL Background Thread 1 ] DEBUG SystemBundleService  - Loading FXGL system data
14:16:58.662 [FXGL Background Thread 1 ] DEBUG FileSystemAccess     - Reading from: C:\Users\koenm\Documents\GitHub\ipose-groep-4\system\fxgl.bundle
14:16:58.677 [FXGL Background Thread 1 ] DEBUG SystemBundleService  - Bundle FXGL: {}
14:16:58.677 [FXGL Background Thread 1 ] DEBUG UpdaterService       - Checking for updates
14:16:58.684 [FXGL Background Thread 1 ] DEBUG FXGLApplication      - Loading default localization
14:16:58.685 [FXGL Background Thread 1 ] DEBUG FXGLAssetLoaderServi - Loading from file system: jar:file:///C:/Users/koenm/.m2/repository/com/github/almasb/fxgl/17.1/fxgl-17.1.jar!/fxglassets/languages/english.lang
14:16:58.688 [FXGL Background Thread 4 ] DEBUG FXGLApplication      - Loading fonts
14:16:58.690 [FXGL Background Thread 4 ] DEBUG FXGLAssetLoaderServi - Loading from file system: jar:file:///C:/Users/koenm/.m2/repository/com/github/almasb/fxgl/17.1/fxgl-17.1.jar!/fxglassets/ui/fonts/VarelaRound-Regular.ttf
14:16:58.703 [FXGL Background Thread 1 ] INFO  FXGLApplication      - FXGL initialization took: 0,438 sec
14:16:58.718 [JavaFX Application Thread] DEBUG Input                - Registered new binding: Left - A
14:16:58.718 [JavaFX Application Thread] DEBUG Input                - Registered new binding: Right - D
14:16:58.718 [JavaFX Application Thread] DEBUG Input                - Registered new binding: Jump - W
14:16:58.719 [JavaFX Application Thread] DEBUG Input                - Registered new binding: Use - E
14:16:58.719 [JavaFX Application Thread] DEBUG FXGLAssetLoaderServi - Loading from file system: file:/C:/Users/koenm/Documents/GitHub/ipose-groep-4/target/classes/assets/music/BGM_dash_runner.wav
14:16:58.782 [FXGL Background Thread 4 ] DEBUG FXGLAssetLoaderServi - Loading from file system: jar:file:///C:/Users/koenm/.m2/repository/com/github/almasb/fxgl/17.1/fxgl-17.1.jar!/fxglassets/ui/fonts/Abel-Regular.ttf
14:16:58.786 [FXGL Background Thread 4 ] DEBUG FXGLAssetLoaderServi - Loading from file system: jar:file:///C:/Users/koenm/.m2/repository/com/github/almasb/fxgl/17.1/fxgl-17.1.jar!/fxglassets/ui/fonts/TerminalLandMono-Regular.otf
14:16:58.790 [FXGL Background Thread 4 ] DEBUG FXGLAssetLoaderServi - Loading from file system: jar:file:///C:/Users/koenm/.m2/repository/com/github/almasb/fxgl/17.1/fxgl-17.1.jar!/fxglassets/ui/fonts/Courier-Prime.ttf
14:16:58.854 [JavaFX Application Thread] DEBUG AudioPlayer          - Playing music com.almasb.fxgl.audio.Music@1d8affb0
14:16:58.855 [JavaFX Application Thread] DEBUG FXGLAssetLoaderServi - Loading from file system: jar:file:///C:/Users/koenm/.m2/repository/com/github/almasb/fxgl/17.1/fxgl-17.1.jar!/fxglassets/textures/fxgl_icon.png
14:16:58.884 [JavaFX Application Thread] DEBUG FXGLAssetLoaderServi - Loading from file system: jar:file:///C:/Users/koenm/.m2/repository/com/github/almasb/fxgl/17.1/fxgl-17.1.jar!/fxglassets/textures/fxgl_default_cursor.png
14:16:58.886 [JavaFX Application Thread] DEBUG Input                - Registered new binding: Screenshot - CTRL+8
14:16:58.887 [JavaFX Application Thread] DEBUG Input                - Registered new binding: System info dump - CTRL+9
14:16:58.887 [JavaFX Application Thread] DEBUG Input                - Registered new binding: Restart - CTRL+R
14:16:58.888 [JavaFX Application Thread] DEBUG Input                - Registered new binding: Toggle Debug Camera - CTRL+7
14:16:58.890 [JavaFX Application Thread] DEBUG LoopRunner           - Starting loop
14:16:58.890 [JavaFX Application Thread] DEBUG LoopRunner           - Initializing JavaFX AnimationTimerLoop
14:16:58.891 [JavaFX Application Thread] DEBUG GameApplicationServi - Starting new game
14:16:58.891 [JavaFX Application Thread] DEBUG Input                - Clearing active input actions
14:16:58.907 [JavaFX Application Thread] DEBUG GameApplicationServi - Removing overlay from FXGLStartupScene and adding to MainLoadingScene
14:16:58.908 [JavaFX Application Thread] DEBUG PrimaryStageWindow   - FXGLStartupScene -> MainLoadingScene
14:16:58.908 [JavaFX Application Thread] DEBUG GameApplicationServi - Clearing previous game
14:16:58.908 [JavaFX Application Thread] DEBUG GameScene            - Clearing game scene
14:16:58.908 [JavaFX Application Thread] DEBUG GameWorld            - Clearing game world
14:16:58.908 [JavaFX Application Thread] DEBUG PhysicsWorld         - Clearing physics world
14:16:58.910 [JavaFX Application Thread] DEBUG FXGLApplication      - Registering font factories with UI factory
14:16:58.967 [FXGL Background Thread 4 ] WARN  TMXLevelLoader       - TiledMap generated from 1.2.3. Supported version: 1.4.2. Some features may not be parsed fully.
14:16:58.974 [FXGL Background Thread 4 ] DEBUG TMXLevelLoader       - Parsed TiledMap: file:/C:/Users/koenm/Documents/GitHub/ipose-groep-4/target/classes/assets/levels/tmx/level1.tmx
14:16:58.975 [FXGL Background Thread 4 ] DEBUG TMXLevelLoader       - Creating tile layer entities
14:16:58.978 [FXGL Background Thread 4 ] DEBUG TilesetLoader        - Loading view for layer Tile Layer 1
14:16:58.980 [FXGL Background Thread 4 ] DEBUG TilesetLoader        - Created buffer with size 1050.0x700.0
14:16:59.012 [FXGL Background Thread 4 ] DEBUG TMXLevelLoader       - Creating object layer entities
14:16:59.038 [FXGL Background Thread 4 ] DEBUG GameWorld            - Clearing removable entities
14:16:59.039 [FXGL Background Thread 4 ] DEBUG GameWorld            - Setting level: com.almasb.fxgl.entity.level.Level@1b1e90f2
14:16:59.057 [FXGL Background Thread 4 ] DEBUG FXGLAssetLoaderServi - Loading from file system: file:/C:/Users/koenm/Documents/GitHub/ipose-groep-4/target/classes/assets/textures/background/forest.png
14:16:59.076 [FXGL Background Thread 4 ] INFO  FXGLApplication      - Game initialization took: 0,167 sec
14:16:59.077 [JavaFX Application Thread] DEBUG Input                - Clearing active input actions
14:16:59.089 [JavaFX Application Thread] DEBUG GameApplicationServi - Removing overlay from MainLoadingScene and adding to GameScene
14:16:59.089 [JavaFX Application Thread] DEBUG PrimaryStageWindow   - MainLoadingScene -> GameScene
14:16:59.232 [FXGL Background Thread 2 ] INFO  UpdaterService       - Your current version:  17.1
14:16:59.233 [FXGL Background Thread 2 ] INFO  UpdaterService       - Latest stable version: 17.3
14:17:01.504 [JavaFX Application Thread] DEBUG Input                - Registered new binding: Close Level End Screen - LMB
14:17:01.504 [JavaFX Application Thread] DEBUG PrimaryStageWindow   - Push state: LevelEndScene
14:17:01.504 [JavaFX Application Thread] DEBUG Input                - Clearing active input actions
14:17:01.505 [JavaFX Application Thread] DEBUG GameApplicationServi - Removing overlay from GameScene and adding to LevelEndScene
14:17:01.505 [JavaFX Application Thread] DEBUG PrimaryStageWindow   - GameScene -> LevelEndScene
14:17:01.681 [FXGL Background Thread 3 ] DEBUG Engine               - Logging environment variables
14:17:01.681 [FXGL Background Thread 3 ] DEBUG Engine               - achievements: []
14:17:01.681 [FXGL Background Thread 3 ] DEBUG Engine               - actualHeight: 720.0
14:17:01.681 [FXGL Background Thread 3 ] DEBUG Engine               - actualHeightProperty: ReadOnlyDoubleProperty [value: 720.0]
14:17:01.682 [FXGL Background Thread 3 ] DEBUG Engine               - actualWidth: 1400.0
14:17:01.682 [FXGL Background Thread 3 ] DEBUG Engine               - actualWidthProperty: ReadOnlyDoubleProperty [value: 1400.0]
14:17:01.682 [FXGL Background Thread 3 ] DEBUG Engine               - appIcon: fxgl_icon.png
14:17:01.682 [FXGL Background Thread 3 ] DEBUG Engine               - applicationMode: DEVELOPER
14:17:01.682 [FXGL Background Thread 3 ] DEBUG Engine               - cSSList: [fxgl_dark.css]
14:17:01.682 [FXGL Background Thread 3 ] DEBUG Engine               - collisionDetectionStrategy: BRUTE_FORCE
14:17:01.682 [FXGL Background Thread 3 ] DEBUG Engine               - configClass: Optional.empty
14:17:01.682 [FXGL Background Thread 3 ] DEBUG Engine               - credits: []
14:17:01.682 [FXGL Background Thread 3 ] DEBUG Engine               - defaultCursor: CursorInfo(imageName=fxgl_default_cursor.png, hotspotX=7.0, hotspotY=6.0)
14:17:01.682 [FXGL Background Thread 3 ] DEBUG Engine               - devBBoxColorProperty: ObjectProperty [value: 0xff0000ff]
14:17:01.682 [FXGL Background Thread 3 ] DEBUG Engine               - devEnableDebugCameraProperty: BooleanProperty [value: false]
14:17:01.682 [FXGL Background Thread 3 ] DEBUG Engine               - devSensorColorProperty: ObjectProperty [value: 0xffff00ff]
14:17:01.682 [FXGL Background Thread 3 ] DEBUG Engine               - devShowBBoxProperty: BooleanProperty [value: false]
14:17:01.682 [FXGL Background Thread 3 ] DEBUG Engine               - devShowPositionProperty: BooleanProperty [value: false]
14:17:01.682 [FXGL Background Thread 3 ] DEBUG Engine               - enabledMenuItems: []
14:17:01.683 [FXGL Background Thread 3 ] DEBUG Engine               - engineServices: [class com.almasb.fxgl.app.services.FXGLAssetLoaderService, class com.almasb.fxgl.app.FXGLApplication$GameApplicationService, class com.almasb.fxgl.app.services.FXGLDialogService, class com.almasb.fxgl.app.services.IOTaskExecutorService, class com.almasb.fxgl.io.FileSystemService, class com.almasb.fxgl.localization.LocalizationService, class com.almasb.fxgl.app.services.SystemBundleService, class com.almasb.fxgl.profile.SaveLoadService, class com.almasb.fxgl.ui.FXGLUIFactoryServiceProvider, class com.almasb.fxgl.ui.FXGLDialogFactoryServiceProvider, class com.almasb.fxgl.audio.AudioPlayer, class com.almasb.fxgl.notification.impl.NotificationServiceProvider, class com.almasb.fxgl.achievement.AchievementService, class com.almasb.fxgl.cutscene.CutsceneService, class com.almasb.fxgl.minigames.MiniGameService, class com.almasb.fxgl.net.NetService, class com.almasb.fxgl.app.services.UpdaterService, class com.almasb.fxgl.dev.DevService]
14:17:01.683 [FXGL Background Thread 3 ] DEBUG Engine               - fontGame: Abel-Regular.ttf
14:17:01.683 [FXGL Background Thread 3 ] DEBUG Engine               - fontMono: TerminalLandMono-Regular.otf
14:17:01.683 [FXGL Background Thread 3 ] DEBUG Engine               - fontText: Courier-Prime.ttf
14:17:01.683 [FXGL Background Thread 3 ] DEBUG Engine               - fontUI: VarelaRound-Regular.ttf
14:17:01.683 [FXGL Background Thread 3 ] DEBUG Engine               - fullScreen: BooleanProperty [value: false]
14:17:01.683 [FXGL Background Thread 3 ] DEBUG Engine               - gameDifficulty: MEDIUM
14:17:01.683 [FXGL Background Thread 3 ] DEBUG Engine               - gameDifficultyProperty: ObjectProperty [value: MEDIUM]
14:17:01.683 [FXGL Background Thread 3 ] DEBUG Engine               - globalMusicVolume: 0.5
14:17:01.683 [FXGL Background Thread 3 ] DEBUG Engine               - globalMusicVolumeProperty: DoubleProperty [value: 0.25]
14:17:01.683 [FXGL Background Thread 3 ] DEBUG Engine               - globalSoundVolume: 0.5
14:17:01.683 [FXGL Background Thread 3 ] DEBUG Engine               - globalSoundVolumeProperty: DoubleProperty [value: 0.5]
14:17:01.683 [FXGL Background Thread 3 ] DEBUG Engine               - height: 720
14:17:01.683 [FXGL Background Thread 3 ] DEBUG Engine               - is3D: false
14:17:01.683 [FXGL Background Thread 3 ] DEBUG Engine               - isAndroid: false
14:17:01.683 [FXGL Background Thread 3 ] DEBUG Engine               - isBrowser: false
14:17:01.683 [FXGL Background Thread 3 ] DEBUG Engine               - isClickFeedbackEnabled: false
14:17:01.683 [FXGL Background Thread 3 ] DEBUG Engine               - isCloseConfirmation: false
14:17:01.683 [FXGL Background Thread 3 ] DEBUG Engine               - isDesktop: true
14:17:01.683 [FXGL Background Thread 3 ] DEBUG Engine               - isDeveloperMenuEnabled: false
14:17:01.683 [FXGL Background Thread 3 ] DEBUG Engine               - isEmbedded: false
14:17:01.684 [FXGL Background Thread 3 ] DEBUG Engine               - isEntityPreloadEnabled: true
14:17:01.684 [FXGL Background Thread 3 ] DEBUG Engine               - isExperimentalTiledLargeMap: false
14:17:01.684 [FXGL Background Thread 3 ] DEBUG Engine               - isFileSystemWriteAllowed: true
14:17:01.684 [FXGL Background Thread 3 ] DEBUG Engine               - isFullScreenAllowed: false
14:17:01.684 [FXGL Background Thread 3 ] DEBUG Engine               - isFullScreenFromStart: false
14:17:01.684 [FXGL Background Thread 3 ] DEBUG Engine               - isGameMenuEnabled: true
14:17:01.684 [FXGL Background Thread 3 ] DEBUG Engine               - isIOS: false
14:17:01.684 [FXGL Background Thread 3 ] DEBUG Engine               - isIntroEnabled: false
14:17:01.684 [FXGL Background Thread 3 ] DEBUG Engine               - isLinux: false
14:17:01.684 [FXGL Background Thread 3 ] DEBUG Engine               - isMac: false
14:17:01.684 [FXGL Background Thread 3 ] DEBUG Engine               - isMainMenuEnabled: false
14:17:01.684 [FXGL Background Thread 3 ] DEBUG Engine               - isManualResizeEnabled: false
14:17:01.684 [FXGL Background Thread 3 ] DEBUG Engine               - isMobile: false
14:17:01.684 [FXGL Background Thread 3 ] DEBUG Engine               - isNative: false
14:17:01.684 [FXGL Background Thread 3 ] DEBUG Engine               - isPauseMusicWhenMinimized: true
14:17:01.684 [FXGL Background Thread 3 ] DEBUG Engine               - isPreserveResizeRatio: false
14:17:01.684 [FXGL Background Thread 3 ] DEBUG Engine               - isProfilingEnabled: false
14:17:01.684 [FXGL Background Thread 3 ] DEBUG Engine               - isScaleAffectedOnResize: true
14:17:01.684 [FXGL Background Thread 3 ] DEBUG Engine               - isSingleStep: false
14:17:01.684 [FXGL Background Thread 3 ] DEBUG Engine               - isUserProfileEnabled: false
14:17:01.684 [FXGL Background Thread 3 ] DEBUG Engine               - isWindows: true
14:17:01.684 [FXGL Background Thread 3 ] DEBUG Engine               - language: ObjectProperty [value: ENGLISH]
14:17:01.684 [FXGL Background Thread 3 ] DEBUG Engine               - menuKey: ESCAPE
14:17:01.684 [FXGL Background Thread 3 ] DEBUG Engine               - mouseSensitivity: 0.2
14:17:01.684 [FXGL Background Thread 3 ] DEBUG Engine               - notificationViewClass: class com.almasb.fxgl.notification.view.XboxNotificationView
14:17:01.685 [FXGL Background Thread 3 ] DEBUG Engine               - pixelsPerMeter: 50.0
14:17:01.685 [FXGL Background Thread 3 ] DEBUG Engine               - platform: WINDOWS
14:17:01.685 [FXGL Background Thread 3 ] DEBUG Engine               - prefHeightProperty: ReadOnlyDoubleProperty [value: 720.0]
14:17:01.685 [FXGL Background Thread 3 ] DEBUG Engine               - prefWidthProperty: ReadOnlyDoubleProperty [value: 1400.0]
14:17:01.685 [FXGL Background Thread 3 ] DEBUG Engine               - profileDir: profiles/
14:17:01.685 [FXGL Background Thread 3 ] DEBUG Engine               - profileName: StringProperty [value: DEFAULT]
14:17:01.685 [FXGL Background Thread 3 ] DEBUG Engine               - randomSeed: -1
14:17:01.685 [FXGL Background Thread 3 ] DEBUG Engine               - runtimeInfo: RuntimeInfo(platform=WINDOWS, version=17.1, build=24.03.2022 17.34)
14:17:01.685 [FXGL Background Thread 3 ] DEBUG Engine               - saveFileExt: sav
14:17:01.685 [FXGL Background Thread 3 ] DEBUG Engine               - scaledHeightProp$fxgl: DoubleProperty [bound, value: 720.0]
14:17:01.685 [FXGL Background Thread 3 ] DEBUG Engine               - scaledWidthProp$fxgl: DoubleProperty [bound, value: 1400.0]
14:17:01.685 [FXGL Background Thread 3 ] DEBUG Engine               - sceneFactory: com.almasb.fxglgames.platformer.PlatformerApp$1@3f4b5ab3
14:17:01.685 [FXGL Background Thread 3 ] DEBUG Engine               - secondsIn24h: 60
14:17:01.685 [FXGL Background Thread 3 ] DEBUG Engine               - soundMenuBack: menu/back.wav
14:17:01.685 [FXGL Background Thread 3 ] DEBUG Engine               - soundMenuPress: menu/press.wav
14:17:01.685 [FXGL Background Thread 3 ] DEBUG Engine               - soundMenuSelect: menu/select.wav
14:17:01.685 [FXGL Background Thread 3 ] DEBUG Engine               - soundNotification: core/notification.wav
14:17:01.685 [FXGL Background Thread 3 ] DEBUG Engine               - stageStyle: DECORATED
14:17:01.685 [FXGL Background Thread 3 ] DEBUG Engine               - supportedLanguages: [ENGLISH, FRENCH, GERMAN, HUNGARIAN, RUSSIAN]
14:17:01.686 [FXGL Background Thread 3 ] DEBUG Engine               - ticksPerSecond: -1
14:17:01.686 [FXGL Background Thread 3 ] DEBUG Engine               - title: Untitled
14:17:01.686 [FXGL Background Thread 3 ] DEBUG Engine               - urlGithub: https://github.com/AlmasB/FXGL
14:17:01.686 [FXGL Background Thread 3 ] DEBUG Engine               - urlLeaderboard: http://fxgl-top.herokuapp.com/
14:17:01.686 [FXGL Background Thread 3 ] DEBUG Engine               - urlPOM: https://raw.githubusercontent.com/AlmasB/FXGL/release/README.md
14:17:01.686 [FXGL Background Thread 3 ] DEBUG Engine               - userAppClass: class com.almasb.fxglgames.platformer.PlatformerApp
14:17:01.686 [FXGL Background Thread 3 ] DEBUG Engine               - version: 0.0
14:17:01.686 [FXGL Background Thread 3 ] DEBUG Engine               - versionCheckDays: 7
14:17:01.686 [FXGL Background Thread 3 ] DEBUG Engine               - width: 1400
14:17:01.686 [FXGL Background Thread 3 ] DEBUG Engine               - Logging services
14:17:01.686 [FXGL Background Thread 3 ] DEBUG Engine               - class com.almasb.fxgl.app.services.FXGLAssetLoaderService
14:17:01.686 [FXGL Background Thread 3 ] DEBUG Engine               - class com.almasb.fxgl.app.FXGLApplication$GameApplicationService
14:17:01.686 [FXGL Background Thread 3 ] DEBUG Engine               - class com.almasb.fxgl.app.services.FXGLDialogService
14:17:01.686 [FXGL Background Thread 3 ] DEBUG Engine               - class com.almasb.fxgl.app.services.IOTaskExecutorService
14:17:01.686 [FXGL Background Thread 3 ] DEBUG Engine               - class com.almasb.fxgl.io.FileSystemService
14:17:01.686 [FXGL Background Thread 3 ] DEBUG Engine               - class com.almasb.fxgl.localization.LocalizationService
14:17:01.686 [FXGL Background Thread 3 ] DEBUG Engine               - class com.almasb.fxgl.app.services.SystemBundleService
14:17:01.686 [FXGL Background Thread 3 ] DEBUG Engine               - class com.almasb.fxgl.profile.SaveLoadService
14:17:01.686 [FXGL Background Thread 3 ] DEBUG Engine               - class com.almasb.fxgl.ui.FXGLUIFactoryServiceProvider
14:17:01.686 [FXGL Background Thread 3 ] DEBUG Engine               - class com.almasb.fxgl.ui.FXGLDialogFactoryServiceProvider
14:17:01.686 [FXGL Background Thread 3 ] DEBUG Engine               - class com.almasb.fxgl.audio.AudioPlayer
14:17:01.686 [FXGL Background Thread 3 ] DEBUG Engine               - class com.almasb.fxgl.notification.impl.NotificationServiceProvider
14:17:01.686 [FXGL Background Thread 3 ] DEBUG Engine               - class com.almasb.fxgl.achievement.AchievementService
14:17:01.686 [FXGL Background Thread 3 ] DEBUG Engine               - class com.almasb.fxgl.cutscene.CutsceneService
14:17:01.686 [FXGL Background Thread 3 ] DEBUG Engine               - class com.almasb.fxgl.minigames.MiniGameService
14:17:01.686 [FXGL Background Thread 3 ] DEBUG Engine               - class com.almasb.fxgl.net.NetService
14:17:01.686 [FXGL Background Thread 3 ] DEBUG Engine               - class com.almasb.fxgl.app.services.UpdaterService
14:17:01.686 [FXGL Background Thread 3 ] DEBUG Engine               - class com.almasb.fxgl.dev.DevService
14:17:02.313 [JavaFX Application Thread] DEBUG PrimaryStageWindow   - Pop state: LevelEndScene
14:17:02.313 [JavaFX Application Thread] DEBUG Input                - Clearing active input actions
14:17:02.313 [JavaFX Application Thread] DEBUG GameApplicationServi - Removing overlay from LevelEndScene and adding to GameScene
14:17:02.314 [JavaFX Application Thread] DEBUG PrimaryStageWindow   - GameScene <- LevelEndScene
14:17:03.262 [JavaFX Application Thread] WARN  TMXLevelLoader       - TiledMap generated from 1.2.3. Supported version: 1.4.2. Some features may not be parsed fully.
14:17:03.264 [JavaFX Application Thread] DEBUG TMXLevelLoader       - Parsed TiledMap: file:/C:/Users/koenm/Documents/GitHub/ipose-groep-4/target/classes/assets/levels/tmx/level2.tmx
14:17:03.264 [JavaFX Application Thread] DEBUG TMXLevelLoader       - Creating tile layer entities
14:17:03.264 [JavaFX Application Thread] DEBUG TilesetLoader        - Loading view for layer Tile Layer 1
14:17:03.264 [JavaFX Application Thread] DEBUG TilesetLoader        - Created buffer with size 1050.0x700.0
14:17:03.275 [JavaFX Application Thread] DEBUG TMXLevelLoader       - Creating object layer entities
14:17:03.276 [JavaFX Application Thread] DEBUG GameWorld            - Clearing removable entities
14:17:03.279 [JavaFX Application Thread] DEBUG GameWorld            - Setting level: com.almasb.fxgl.entity.level.Level@7d375f9d
14:17:05.629 [JavaFX Application Thread] DEBUG PrimaryStageWindow   - Push state: LevelEndScene
14:17:05.629 [JavaFX Application Thread] DEBUG Input                - Clearing active input actions
14:17:05.629 [JavaFX Application Thread] DEBUG GameApplicationServi - Removing overlay from GameScene and adding to LevelEndScene
14:17:05.629 [JavaFX Application Thread] DEBUG PrimaryStageWindow   - GameScene -> LevelEndScene
14:17:05.995 [JavaFX Application Thread] DEBUG PrimaryStageWindow   - Pop state: LevelEndScene
14:17:05.995 [JavaFX Application Thread] DEBUG Input                - Clearing active input actions
14:17:05.995 [JavaFX Application Thread] DEBUG GameApplicationServi - Removing overlay from LevelEndScene and adding to GameScene
14:17:05.995 [JavaFX Application Thread] DEBUG PrimaryStageWindow   - GameScene <- LevelEndScene
14:17:06.927 [JavaFX Application Thread] WARN  TMXLevelLoader       - TiledMap generated from 1.2.3. Supported version: 1.4.2. Some features may not be parsed fully.
14:17:06.929 [JavaFX Application Thread] DEBUG TMXLevelLoader       - Parsed TiledMap: file:/C:/Users/koenm/Documents/GitHub/ipose-groep-4/target/classes/assets/levels/tmx/level3.tmx
14:17:06.929 [JavaFX Application Thread] DEBUG TMXLevelLoader       - Creating tile layer entities
14:17:06.929 [JavaFX Application Thread] DEBUG TilesetLoader        - Loading view for layer Tile Layer 1
14:17:06.931 [JavaFX Application Thread] DEBUG TilesetLoader        - Created buffer with size 1050.0x700.0
14:17:06.941 [JavaFX Application Thread] DEBUG TMXLevelLoader       - Creating object layer entities
14:17:06.946 [JavaFX Application Thread] DEBUG GameWorld            - Clearing removable entities
14:17:06.947 [JavaFX Application Thread] DEBUG GameWorld            - Setting level: com.almasb.fxgl.entity.level.Level@65f5efd6
14:17:09.966 [JavaFX Application Thread] DEBUG PrimaryStageWindow   - Push state: LevelEndScene
14:17:09.966 [JavaFX Application Thread] DEBUG Input                - Clearing active input actions
14:17:09.966 [JavaFX Application Thread] DEBUG GameApplicationServi - Removing overlay from GameScene and adding to LevelEndScene
14:17:09.966 [JavaFX Application Thread] DEBUG PrimaryStageWindow   - GameScene -> LevelEndScene
14:17:10.343 [JavaFX Application Thread] DEBUG PrimaryStageWindow   - Pop state: LevelEndScene
14:17:10.343 [JavaFX Application Thread] DEBUG Input                - Clearing active input actions
14:17:10.343 [JavaFX Application Thread] DEBUG GameApplicationServi - Removing overlay from LevelEndScene and adding to GameScene
14:17:10.343 [JavaFX Application Thread] DEBUG PrimaryStageWindow   - GameScene <- LevelEndScene
14:17:11.295 [JavaFX Application Thread] DEBUG PrimaryStageWindow   - Push state: DialogSubScene
14:17:11.295 [JavaFX Application Thread] DEBUG Input                - Clearing active input actions
14:17:11.297 [JavaFX Application Thread] DEBUG GameApplicationServi - Removing overlay from GameScene and adding to DialogSubScene
14:17:11.297 [JavaFX Application Thread] DEBUG PrimaryStageWindow   - GameScene -> DialogSubScene
14:17:12.247 [JavaFX Application Thread] DEBUG PrimaryStageWindow   - Pop state: DialogSubScene
14:17:12.247 [JavaFX Application Thread] DEBUG Input                - Clearing active input actions
14:17:12.247 [JavaFX Application Thread] DEBUG GameApplicationServi - Removing overlay from DialogSubScene and adding to GameScene
14:17:12.247 [JavaFX Application Thread] DEBUG PrimaryStageWindow   - GameScene <- DialogSubScene
14:17:15.582 [JavaFX Application Thread] WARN  TMXLevelLoader       - TiledMap generated from 1.2.3. Supported version: 1.4.2. Some features may not be parsed fully.
14:17:15.583 [JavaFX Application Thread] DEBUG TMXLevelLoader       - Parsed TiledMap: file:/C:/Users/koenm/Documents/GitHub/ipose-groep-4/target/classes/assets/levels/tmx/level3.tmx
14:17:15.583 [JavaFX Application Thread] DEBUG TMXLevelLoader       - Creating tile layer entities
14:17:15.584 [JavaFX Application Thread] DEBUG TilesetLoader        - Loading view for layer Tile Layer 1
14:17:15.584 [JavaFX Application Thread] DEBUG TilesetLoader        - Created buffer with size 1050.0x700.0
14:17:15.594 [JavaFX Application Thread] DEBUG TMXLevelLoader       - Creating object layer entities
14:17:15.596 [JavaFX Application Thread] DEBUG GameWorld            - Clearing removable entities
14:17:15.597 [JavaFX Application Thread] DEBUG GameWorld            - Setting level: com.almasb.fxgl.entity.level.Level@57f1ca3a
14:17:16.312 [JavaFX Application Thread] DEBUG FXGLApplication      - Exiting FXGL
14:17:16.312 [JavaFX Application Thread] DEBUG LoopRunner           - Stopping loop
14:17:16.312 [JavaFX Application Thread] DEBUG SystemBundleService  - Saving FXGL system data
14:17:16.314 [JavaFX Application Thread] DEBUG FileSystemAccess     - Writing to: C:\Users\koenm\Documents\GitHub\ipose-groep-4\system\fxgl.bundle
14:17:16.315 [JavaFX Application Thread] DEBUG Async                - Shutting down background threads
14:17:16.315 [JavaFX Application Thread] DEBUG PrimaryStageWindow   - Closing main window
14:17:16.326 [JavaFX Application Thread] DEBUG Logger               - Closing Logger
