11:15:49.530 [main                     ] DEBUG Logger               - Configured Logger
11:15:49.562 [main                     ] DEBUG GameApplication      - Logging settings
Title: Miguel
Version: 1.0
Width: 1400
Height: 720
Fullscreen: false
Intro: false
Profiling: false
Single step:false
App Mode: DEVELOPER
Menu Key: ESCAPE
Stage Style: DECORATED
Scene Factory: class com.almasb.fxglgames.platformer.PlatformerApp$1

11:15:49.866 [JavaFX Application Thread] DEBUG FXGLApplication      - Initializing FXGL
11:15:49.871 [JavaFX Application Thread] INFO  Engine               - FXGL-17.1 (24.03.2022 17.34) on WINDOWS (J:19.0.1 FX:19-ea)
11:15:49.871 [JavaFX Application Thread] DEBUG Engine               - JRE Vendor Name: Oracle Corporation
11:15:49.871 [JavaFX Application Thread] DEBUG Engine               - Running on OS: Windows 10 version 10.0
11:15:49.872 [JavaFX Application Thread] DEBUG Engine               - Architecture: amd64
11:15:49.872 [JavaFX Application Thread] INFO  Engine               - Source code and latest versions at: https://github.com/AlmasB/FXGL
11:15:49.872 [JavaFX Application Thread] INFO  Engine               -       Ask questions and discuss at: https://github.com/AlmasB/FXGL/discussions
11:15:49.872 [JavaFX Application Thread] INFO  Engine               -              Join the FXGL chat at: https://gitter.im/AlmasB/FXGL
11:15:49.943 [JavaFX Application Thread] DEBUG PrimaryStageWindow   - Creating a JavaFX scene
11:15:49.983 [JavaFX Application Thread] DEBUG PrimaryStageWindow   - Target settings size: 1400.0 x 720.0
11:15:49.983 [JavaFX Application Thread] DEBUG PrimaryStageWindow   - Scaled scene size:    1400.0 x 720.0
11:15:49.984 [JavaFX Application Thread] DEBUG PrimaryStageWindow   - Scaled ratio: (1.0, 1.0)
11:15:49.985 [JavaFX Application Thread] DEBUG PrimaryStageWindow   - Set initial scene to FXGLStartupScene
11:15:49.990 [JavaFX Application Thread] DEBUG PrimaryStageWindow   - Opening main window
11:15:50.059 [JavaFX Application Thread] DEBUG PrimaryStageWindow   - Window border size: (14.4000244140625, 37.5999755859375)
11:15:50.060 [JavaFX Application Thread] DEBUG PrimaryStageWindow   - Scaled size: 1400.0 x 720.0
11:15:50.060 [JavaFX Application Thread] DEBUG PrimaryStageWindow   - Scaled ratio: (1.0, 1.0)
11:15:50.060 [JavaFX Application Thread] DEBUG PrimaryStageWindow   - Scene size: 1400.0 x 720.0
11:15:50.061 [JavaFX Application Thread] DEBUG PrimaryStageWindow   - Stage size: 1414.4000244140625 x 757.5999755859375
11:15:50.068 [FXGL Background Thread 1 ] DEBUG Engine               - Initializing environment variables
11:15:50.116 [FXGL Background Thread 1 ] DEBUG FXGLAssetLoaderServi - User app class for loading assets: class com.almasb.fxglgames.platformer.PlatformerApp
11:15:50.116 [FXGL Background Thread 1 ] DEBUG GameApplicationServi - Applying CSS: fxgl_dark.css
11:15:50.117 [FXGL Background Thread 1 ] DEBUG FXGLAssetLoaderServi - Loading from file system: jar:file:///C:/Users/jardk/.m2/repository/com/github/almasb/fxgl/17.1/fxgl-17.1.jar!/fxglassets/ui/css/fxgl_dark.css
11:15:50.157 [FXGL Background Thread 1 ] DEBUG GameApplicationServi - Initializing application scenes
11:15:50.202 [FXGL Background Thread 1 ] DEBUG FXGLAssetLoaderServi - Loading from file system: file:/C:/ipose-groep-4/target/classes/assets/textures/player.png
11:15:50.224 [FXGL Background Thread 1 ] DEBUG GameWorld            - Game world initialized
11:15:50.276 [FXGL Background Thread 1 ] DEBUG PhysicsWorld         - Physics world initialized: appHeight=720, physics.ppm=50,0
11:15:50.276 [FXGL Background Thread 1 ] DEBUG PhysicsWorld         - Using strategy: BRUTE_FORCE
11:15:50.280 [FXGL Background Thread 1 ] DEBUG GameScene            - Game scene initialized: 1400x720
11:15:50.288 [FXGL Background Thread 1 ] DEBUG FXGL.DefaultMenu     - createMenuBodyMainMenu()
11:15:50.304 [FXGL Background Thread 1 ] DEBUG FXGL.DefaultMenu     - createOptionsMenu()
11:15:50.317 [FXGL Background Thread 1 ] DEBUG FXGLAssetLoaderServi - Loading from file system: jar:file:///C:/Users/jardk/.m2/repository/com/github/almasb/fxgl/17.1/fxgl-17.1.jar!/fxglassets/textures/particles/smoke.png
11:15:50.390 [FXGL Background Thread 1 ] DEBUG FXGLAssetLoaderServi - Loading from file system: jar:file:///C:/Users/jardk/.m2/repository/com/github/almasb/fxgl/17.1/fxgl-17.1.jar!/fxglassets/textures/particles/trace_horizontal.png
11:15:50.417 [FXGL Background Thread 1 ] DEBUG FXGL.DefaultMenu     - createMenuBodyGameMenu()
11:15:50.419 [FXGL Background Thread 1 ] DEBUG FXGL.DefaultMenu     - createOptionsMenu()
11:15:50.434 [FXGL Background Thread 1 ] DEBUG GameApplicationServi - Application scenes initialized
11:15:50.445 [FXGL Background Thread 1 ] DEBUG SystemBundleService  - Loading FXGL system data
11:15:50.449 [FXGL Background Thread 1 ] DEBUG FileSystemAccess     - Reading from: C:\ipose-groep-4\system\fxgl.bundle
11:15:50.458 [FXGL Background Thread 1 ] DEBUG SystemBundleService  - Bundle FXGL: {}
11:15:50.458 [FXGL Background Thread 1 ] DEBUG UpdaterService       - Checking for updates
11:15:50.464 [FXGL Background Thread 4 ] DEBUG FXGLApplication      - Loading fonts
11:15:50.464 [FXGL Background Thread 4 ] DEBUG FXGLAssetLoaderServi - Loading from file system: jar:file:///C:/Users/jardk/.m2/repository/com/github/almasb/fxgl/17.1/fxgl-17.1.jar!/fxglassets/ui/fonts/VarelaRound-Regular.ttf
11:15:50.464 [FXGL Background Thread 1 ] DEBUG FXGLApplication      - Loading default localization
11:15:50.465 [FXGL Background Thread 1 ] DEBUG FXGLAssetLoaderServi - Loading from file system: jar:file:///C:/Users/jardk/.m2/repository/com/github/almasb/fxgl/17.1/fxgl-17.1.jar!/fxglassets/languages/english.lang
11:15:50.480 [FXGL Background Thread 1 ] INFO  FXGLApplication      - FXGL initialization took: 0,413 sec
11:15:50.490 [JavaFX Application Thread] DEBUG Input                - Registered new binding: Left - A
11:15:50.490 [JavaFX Application Thread] DEBUG Input                - Registered new binding: Right - D
11:15:50.490 [JavaFX Application Thread] DEBUG Input                - Registered new binding: TrumpRight - H
11:15:50.490 [JavaFX Application Thread] DEBUG Input                - Registered new binding: Jump - W
11:15:50.490 [JavaFX Application Thread] DEBUG Input                - Registered new binding: Use - E
11:15:50.491 [JavaFX Application Thread] DEBUG FXGLAssetLoaderServi - Loading from file system: file:/C:/ipose-groep-4/target/classes/assets/music/BGM_dash_runner.wav
11:15:50.517 [FXGL Background Thread 4 ] DEBUG FXGLAssetLoaderServi - Loading from file system: jar:file:///C:/Users/jardk/.m2/repository/com/github/almasb/fxgl/17.1/fxgl-17.1.jar!/fxglassets/ui/fonts/Abel-Regular.ttf
11:15:50.521 [FXGL Background Thread 4 ] DEBUG FXGLAssetLoaderServi - Loading from file system: jar:file:///C:/Users/jardk/.m2/repository/com/github/almasb/fxgl/17.1/fxgl-17.1.jar!/fxglassets/ui/fonts/TerminalLandMono-Regular.otf
11:15:50.526 [FXGL Background Thread 4 ] DEBUG FXGLAssetLoaderServi - Loading from file system: jar:file:///C:/Users/jardk/.m2/repository/com/github/almasb/fxgl/17.1/fxgl-17.1.jar!/fxglassets/ui/fonts/Courier-Prime.ttf
11:15:50.599 [JavaFX Application Thread] DEBUG AudioPlayer          - Playing music com.almasb.fxgl.audio.Music@32373eb3
11:15:50.601 [JavaFX Application Thread] DEBUG FXGLAssetLoaderServi - Loading from file system: jar:file:///C:/Users/jardk/.m2/repository/com/github/almasb/fxgl/17.1/fxgl-17.1.jar!/fxglassets/textures/fxgl_icon.png
11:15:50.616 [JavaFX Application Thread] DEBUG FXGLAssetLoaderServi - Loading from file system: jar:file:///C:/Users/jardk/.m2/repository/com/github/almasb/fxgl/17.1/fxgl-17.1.jar!/fxglassets/textures/fxgl_default_cursor.png
11:15:50.617 [JavaFX Application Thread] DEBUG Input                - Registered new binding: Screenshot - CTRL+8
11:15:50.618 [JavaFX Application Thread] DEBUG Input                - Registered new binding: System info dump - CTRL+9
11:15:50.618 [JavaFX Application Thread] DEBUG Input                - Registered new binding: Restart - CTRL+R
11:15:50.619 [JavaFX Application Thread] DEBUG Input                - Registered new binding: Toggle Debug Camera - CTRL+7
11:15:50.621 [JavaFX Application Thread] DEBUG LoopRunner           - Starting loop
11:15:50.621 [JavaFX Application Thread] DEBUG LoopRunner           - Initializing JavaFX AnimationTimerLoop
11:15:50.624 [JavaFX Application Thread] DEBUG Input                - Clearing active input actions
11:15:50.633 [JavaFX Application Thread] DEBUG GameApplicationServi - Removing overlay from FXGLStartupScene and adding to FXGLMainMenuDummyScene
11:15:50.634 [JavaFX Application Thread] DEBUG PrimaryStageWindow   - FXGLStartupScene -> FXGLMainMenuDummyScene
11:15:50.634 [JavaFX Application Thread] DEBUG PrimaryStageWindow   - Push state: FXGLDefaultMenu
11:15:50.640 [JavaFX Application Thread] DEBUG Input                - Clearing active input actions
11:15:50.654 [JavaFX Application Thread] DEBUG GameApplicationServi - Removing overlay from FXGLMainMenuDummyScene and adding to FXGLDefaultMenu
11:15:50.655 [JavaFX Application Thread] DEBUG PrimaryStageWindow   - FXGLMainMenuDummyScene -> FXGLDefaultMenu
11:15:50.655 [JavaFX Application Thread] DEBUG FXGLApplication      - Registering font factories with UI factory
11:15:50.796 [FXGL Background Thread 2 ] INFO  UpdaterService       - Your current version:  17.1
11:15:50.796 [FXGL Background Thread 2 ] INFO  UpdaterService       - Latest stable version: 17.3
11:15:52.864 [JavaFX Application Thread] DEBUG Menu                 - fireNewGame()
11:15:52.864 [JavaFX Application Thread] DEBUG GameApplicationServi - Starting new game
11:15:52.865 [JavaFX Application Thread] DEBUG PrimaryStageWindow   - Pop state: FXGLDefaultMenu
11:15:52.865 [JavaFX Application Thread] DEBUG Input                - Clearing active input actions
11:15:52.866 [JavaFX Application Thread] DEBUG GameApplicationServi - Removing overlay from FXGLDefaultMenu and adding to FXGLMainMenuDummyScene
11:15:52.866 [JavaFX Application Thread] DEBUG PrimaryStageWindow   - FXGLMainMenuDummyScene <- FXGLDefaultMenu
11:15:52.866 [JavaFX Application Thread] DEBUG Input                - Clearing active input actions
11:15:52.873 [JavaFX Application Thread] DEBUG GameApplicationServi - Removing overlay from FXGLMainMenuDummyScene and adding to MainLoadingScene
11:15:52.873 [JavaFX Application Thread] DEBUG PrimaryStageWindow   - FXGLMainMenuDummyScene -> MainLoadingScene
11:15:52.873 [JavaFX Application Thread] DEBUG GameApplicationServi - Clearing previous game
11:15:52.873 [JavaFX Application Thread] DEBUG GameScene            - Clearing game scene
11:15:52.873 [JavaFX Application Thread] DEBUG GameWorld            - Clearing game world
11:15:52.873 [JavaFX Application Thread] DEBUG PhysicsWorld         - Clearing physics world
11:15:52.874 [FXGL Background Thread 2 ] DEBUG FXGLApplication      - Initializing game
11:15:52.899 [FXGL Background Thread 2 ] WARN  TMXLevelLoader       - TiledMap generated from 1.10.0. Supported version: 1.4.2. Some features may not be parsed fully.
11:15:52.905 [FXGL Background Thread 2 ] DEBUG TMXLevelLoader       - Parsed TiledMap: file:/C:/ipose-groep-4/target/classes/assets/levels/tmx/level1.tmx
11:15:52.906 [FXGL Background Thread 2 ] DEBUG TMXLevelLoader       - Creating tile layer entities
11:15:52.907 [FXGL Background Thread 2 ] DEBUG TilesetLoader        - Loading view for layer Tile Layer 1
11:15:52.911 [FXGL Background Thread 2 ] DEBUG TilesetLoader        - Created buffer with size 4900.0x700.0
11:15:52.926 [FXGL Background Thread 2 ] DEBUG TMXLevelLoader       - Creating object layer entities
11:15:52.944 [FXGL Background Thread 2 ] DEBUG GameWorld            - Clearing removable entities
11:15:52.945 [FXGL Background Thread 2 ] DEBUG GameWorld            - Setting level: com.almasb.fxgl.entity.level.Level@43323d94
11:15:52.958 [FXGL Background Thread 2 ] DEBUG FXGLAssetLoaderServi - Loading from file system: file:/C:/ipose-groep-4/target/classes/assets/textures/trump.png
11:15:52.977 [FXGL Background Thread 2 ] DEBUG FXGLAssetLoaderServi - Loading from file system: file:/C:/ipose-groep-4/target/classes/assets/textures/background/forest.png
11:15:52.994 [FXGL Background Thread 2 ] INFO  FXGLApplication      - Game initialization took: 0,119 sec
11:15:52.994 [JavaFX Application Thread] DEBUG Input                - Clearing active input actions
11:15:52.998 [JavaFX Application Thread] DEBUG GameApplicationServi - Removing overlay from MainLoadingScene and adding to GameScene
11:15:52.998 [JavaFX Application Thread] DEBUG PrimaryStageWindow   - MainLoadingScene -> GameScene
11:15:53.462 [FXGL Background Thread 3 ] DEBUG Engine               - Logging environment variables
11:15:53.462 [FXGL Background Thread 3 ] DEBUG Engine               - achievements: []
11:15:53.462 [FXGL Background Thread 3 ] DEBUG Engine               - actualHeight: 720.0
11:15:53.463 [FXGL Background Thread 3 ] DEBUG Engine               - actualHeightProperty: ReadOnlyDoubleProperty [value: 720.0]
11:15:53.463 [FXGL Background Thread 3 ] DEBUG Engine               - actualWidth: 1400.0
11:15:53.463 [FXGL Background Thread 3 ] DEBUG Engine               - actualWidthProperty: ReadOnlyDoubleProperty [value: 1400.0]
11:15:53.463 [FXGL Background Thread 3 ] DEBUG Engine               - appIcon: fxgl_icon.png
11:15:53.463 [FXGL Background Thread 3 ] DEBUG Engine               - applicationMode: DEVELOPER
11:15:53.463 [FXGL Background Thread 3 ] DEBUG Engine               - cSSList: [fxgl_dark.css]
11:15:53.463 [FXGL Background Thread 3 ] DEBUG Engine               - collisionDetectionStrategy: BRUTE_FORCE
11:15:53.463 [FXGL Background Thread 3 ] DEBUG Engine               - configClass: Optional.empty
11:15:53.463 [FXGL Background Thread 3 ] DEBUG Engine               - credits: []
11:15:53.464 [FXGL Background Thread 3 ] DEBUG Engine               - defaultCursor: CursorInfo(imageName=fxgl_default_cursor.png, hotspotX=7.0, hotspotY=6.0)
11:15:53.464 [FXGL Background Thread 3 ] DEBUG Engine               - devBBoxColorProperty: ObjectProperty [value: 0xff0000ff]
11:15:53.464 [FXGL Background Thread 3 ] DEBUG Engine               - devEnableDebugCameraProperty: BooleanProperty [value: false]
11:15:53.464 [FXGL Background Thread 3 ] DEBUG Engine               - devSensorColorProperty: ObjectProperty [value: 0xffff00ff]
11:15:53.464 [FXGL Background Thread 3 ] DEBUG Engine               - devShowBBoxProperty: BooleanProperty [value: false]
11:15:53.464 [FXGL Background Thread 3 ] DEBUG Engine               - devShowPositionProperty: BooleanProperty [value: false]
11:15:53.464 [FXGL Background Thread 3 ] DEBUG Engine               - enabledMenuItems: []
11:15:53.464 [FXGL Background Thread 3 ] DEBUG Engine               - engineServices: [class com.almasb.fxgl.app.services.FXGLAssetLoaderService, class com.almasb.fxgl.app.FXGLApplication$GameApplicationService, class com.almasb.fxgl.app.services.FXGLDialogService, class com.almasb.fxgl.app.services.IOTaskExecutorService, class com.almasb.fxgl.io.FileSystemService, class com.almasb.fxgl.localization.LocalizationService, class com.almasb.fxgl.app.services.SystemBundleService, class com.almasb.fxgl.profile.SaveLoadService, class com.almasb.fxgl.ui.FXGLUIFactoryServiceProvider, class com.almasb.fxgl.ui.FXGLDialogFactoryServiceProvider, class com.almasb.fxgl.audio.AudioPlayer, class com.almasb.fxgl.notification.impl.NotificationServiceProvider, class com.almasb.fxgl.achievement.AchievementService, class com.almasb.fxgl.cutscene.CutsceneService, class com.almasb.fxgl.minigames.MiniGameService, class com.almasb.fxgl.net.NetService, class com.almasb.fxgl.app.services.UpdaterService, class com.almasb.fxgl.dev.DevService]
11:15:53.464 [FXGL Background Thread 3 ] DEBUG Engine               - fontGame: Abel-Regular.ttf
11:15:53.464 [FXGL Background Thread 3 ] DEBUG Engine               - fontMono: TerminalLandMono-Regular.otf
11:15:53.464 [FXGL Background Thread 3 ] DEBUG Engine               - fontText: Courier-Prime.ttf
11:15:53.464 [FXGL Background Thread 3 ] DEBUG Engine               - fontUI: VarelaRound-Regular.ttf
11:15:53.464 [FXGL Background Thread 3 ] DEBUG Engine               - fullScreen: BooleanProperty [value: false]
11:15:53.464 [FXGL Background Thread 3 ] DEBUG Engine               - gameDifficulty: MEDIUM
11:15:53.464 [FXGL Background Thread 3 ] DEBUG Engine               - gameDifficultyProperty: ObjectProperty [value: MEDIUM]
11:15:53.464 [FXGL Background Thread 3 ] DEBUG Engine               - globalMusicVolume: 0.5
11:15:53.464 [FXGL Background Thread 3 ] DEBUG Engine               - globalMusicVolumeProperty: DoubleProperty [value: 0.25]
11:15:53.464 [FXGL Background Thread 3 ] DEBUG Engine               - globalSoundVolume: 0.5
11:15:53.465 [FXGL Background Thread 3 ] DEBUG Engine               - globalSoundVolumeProperty: DoubleProperty [value: 0.5]
11:15:53.465 [FXGL Background Thread 3 ] DEBUG Engine               - height: 720
11:15:53.465 [FXGL Background Thread 3 ] DEBUG Engine               - is3D: false
11:15:53.465 [FXGL Background Thread 3 ] DEBUG Engine               - isAndroid: false
11:15:53.465 [FXGL Background Thread 3 ] DEBUG Engine               - isBrowser: false
11:15:53.465 [FXGL Background Thread 3 ] DEBUG Engine               - isClickFeedbackEnabled: false
11:15:53.465 [FXGL Background Thread 3 ] DEBUG Engine               - isCloseConfirmation: false
11:15:53.465 [FXGL Background Thread 3 ] DEBUG Engine               - isDesktop: true
11:15:53.465 [FXGL Background Thread 3 ] DEBUG Engine               - isDeveloperMenuEnabled: false
11:15:53.465 [FXGL Background Thread 3 ] DEBUG Engine               - isEmbedded: false
11:15:53.465 [FXGL Background Thread 3 ] DEBUG Engine               - isEntityPreloadEnabled: true
11:15:53.465 [FXGL Background Thread 3 ] DEBUG Engine               - isExperimentalTiledLargeMap: false
11:15:53.465 [FXGL Background Thread 3 ] DEBUG Engine               - isFileSystemWriteAllowed: true
11:15:53.465 [FXGL Background Thread 3 ] DEBUG Engine               - isFullScreenAllowed: false
11:15:53.465 [FXGL Background Thread 3 ] DEBUG Engine               - isFullScreenFromStart: false
11:15:53.465 [FXGL Background Thread 3 ] DEBUG Engine               - isGameMenuEnabled: true
11:15:53.465 [FXGL Background Thread 3 ] DEBUG Engine               - isIOS: false
11:15:53.465 [FXGL Background Thread 3 ] DEBUG Engine               - isIntroEnabled: false
11:15:53.465 [FXGL Background Thread 3 ] DEBUG Engine               - isLinux: false
11:15:53.465 [FXGL Background Thread 3 ] DEBUG Engine               - isMac: false
11:15:53.465 [FXGL Background Thread 3 ] DEBUG Engine               - isMainMenuEnabled: true
11:15:53.465 [FXGL Background Thread 3 ] DEBUG Engine               - isManualResizeEnabled: false
11:15:53.465 [FXGL Background Thread 3 ] DEBUG Engine               - isMobile: false
11:15:53.465 [FXGL Background Thread 3 ] DEBUG Engine               - isNative: false
11:15:53.465 [FXGL Background Thread 3 ] DEBUG Engine               - isPauseMusicWhenMinimized: true
11:15:53.465 [FXGL Background Thread 3 ] DEBUG Engine               - isPreserveResizeRatio: false
11:15:53.465 [FXGL Background Thread 3 ] DEBUG Engine               - isProfilingEnabled: false
11:15:53.465 [FXGL Background Thread 3 ] DEBUG Engine               - isScaleAffectedOnResize: true
11:15:53.465 [FXGL Background Thread 3 ] DEBUG Engine               - isSingleStep: false
11:15:53.465 [FXGL Background Thread 3 ] DEBUG Engine               - isUserProfileEnabled: false
11:15:53.465 [FXGL Background Thread 3 ] DEBUG Engine               - isWindows: true
11:15:53.466 [FXGL Background Thread 3 ] DEBUG Engine               - language: ObjectProperty [value: ENGLISH]
11:15:53.466 [FXGL Background Thread 3 ] DEBUG Engine               - menuKey: ESCAPE
11:15:53.466 [FXGL Background Thread 3 ] DEBUG Engine               - mouseSensitivity: 0.2
11:15:53.466 [FXGL Background Thread 3 ] DEBUG Engine               - notificationViewClass: class com.almasb.fxgl.notification.view.XboxNotificationView
11:15:53.466 [FXGL Background Thread 3 ] DEBUG Engine               - pixelsPerMeter: 50.0
11:15:53.466 [FXGL Background Thread 3 ] DEBUG Engine               - platform: WINDOWS
11:15:53.466 [FXGL Background Thread 3 ] DEBUG Engine               - prefHeightProperty: ReadOnlyDoubleProperty [value: 720.0]
11:15:53.466 [FXGL Background Thread 3 ] DEBUG Engine               - prefWidthProperty: ReadOnlyDoubleProperty [value: 1400.0]
11:15:53.466 [FXGL Background Thread 3 ] DEBUG Engine               - profileDir: profiles/
11:15:53.466 [FXGL Background Thread 3 ] DEBUG Engine               - profileName: StringProperty [value: DEFAULT]
11:15:53.466 [FXGL Background Thread 3 ] DEBUG Engine               - randomSeed: -1
11:15:53.466 [FXGL Background Thread 3 ] DEBUG Engine               - runtimeInfo: RuntimeInfo(platform=WINDOWS, version=17.1, build=24.03.2022 17.34)
11:15:53.466 [FXGL Background Thread 3 ] DEBUG Engine               - saveFileExt: sav
11:15:53.466 [FXGL Background Thread 3 ] DEBUG Engine               - scaledHeightProp$fxgl: DoubleProperty [bound, value: 720.0]
11:15:53.466 [FXGL Background Thread 3 ] DEBUG Engine               - scaledWidthProp$fxgl: DoubleProperty [bound, value: 1400.0]
11:15:53.466 [FXGL Background Thread 3 ] DEBUG Engine               - sceneFactory: com.almasb.fxglgames.platformer.PlatformerApp$1@4253f008
11:15:53.466 [FXGL Background Thread 3 ] DEBUG Engine               - secondsIn24h: 60
11:15:53.466 [FXGL Background Thread 3 ] DEBUG Engine               - soundMenuBack: menu/back.wav
11:15:53.466 [FXGL Background Thread 3 ] DEBUG Engine               - soundMenuPress: menu/press.wav
11:15:53.466 [FXGL Background Thread 3 ] DEBUG Engine               - soundMenuSelect: menu/select.wav
11:15:53.466 [FXGL Background Thread 3 ] DEBUG Engine               - soundNotification: core/notification.wav
11:15:53.466 [FXGL Background Thread 3 ] DEBUG Engine               - stageStyle: DECORATED
11:15:53.466 [FXGL Background Thread 3 ] DEBUG Engine               - supportedLanguages: [ENGLISH, FRENCH, GERMAN, HUNGARIAN, RUSSIAN]
11:15:53.467 [FXGL Background Thread 3 ] DEBUG Engine               - ticksPerSecond: -1
11:15:53.467 [FXGL Background Thread 3 ] DEBUG Engine               - title: Miguel
11:15:53.467 [FXGL Background Thread 3 ] DEBUG Engine               - urlGithub: https://github.com/AlmasB/FXGL
11:15:53.467 [FXGL Background Thread 3 ] DEBUG Engine               - urlLeaderboard: http://fxgl-top.herokuapp.com/
11:15:53.467 [FXGL Background Thread 3 ] DEBUG Engine               - urlPOM: https://raw.githubusercontent.com/AlmasB/FXGL/release/README.md
11:15:53.467 [FXGL Background Thread 3 ] DEBUG Engine               - userAppClass: class com.almasb.fxglgames.platformer.PlatformerApp
11:15:53.467 [FXGL Background Thread 3 ] DEBUG Engine               - version: 1.0
11:15:53.467 [FXGL Background Thread 3 ] DEBUG Engine               - versionCheckDays: 7
11:15:53.467 [FXGL Background Thread 3 ] DEBUG Engine               - width: 1400
11:15:53.467 [FXGL Background Thread 3 ] DEBUG Engine               - Logging services
11:15:53.467 [FXGL Background Thread 3 ] DEBUG Engine               - class com.almasb.fxgl.app.services.FXGLAssetLoaderService
11:15:53.467 [FXGL Background Thread 3 ] DEBUG Engine               - class com.almasb.fxgl.app.FXGLApplication$GameApplicationService
11:15:53.467 [FXGL Background Thread 3 ] DEBUG Engine               - class com.almasb.fxgl.app.services.FXGLDialogService
11:15:53.467 [FXGL Background Thread 3 ] DEBUG Engine               - class com.almasb.fxgl.app.services.IOTaskExecutorService
11:15:53.467 [FXGL Background Thread 3 ] DEBUG Engine               - class com.almasb.fxgl.io.FileSystemService
11:15:53.467 [FXGL Background Thread 3 ] DEBUG Engine               - class com.almasb.fxgl.localization.LocalizationService
11:15:53.467 [FXGL Background Thread 3 ] DEBUG Engine               - class com.almasb.fxgl.app.services.SystemBundleService
11:15:53.467 [FXGL Background Thread 3 ] DEBUG Engine               - class com.almasb.fxgl.profile.SaveLoadService
11:15:53.467 [FXGL Background Thread 3 ] DEBUG Engine               - class com.almasb.fxgl.ui.FXGLUIFactoryServiceProvider
11:15:53.467 [FXGL Background Thread 3 ] DEBUG Engine               - class com.almasb.fxgl.ui.FXGLDialogFactoryServiceProvider
11:15:53.467 [FXGL Background Thread 3 ] DEBUG Engine               - class com.almasb.fxgl.audio.AudioPlayer
11:15:53.467 [FXGL Background Thread 3 ] DEBUG Engine               - class com.almasb.fxgl.notification.impl.NotificationServiceProvider
11:15:53.467 [FXGL Background Thread 3 ] DEBUG Engine               - class com.almasb.fxgl.achievement.AchievementService
11:15:53.467 [FXGL Background Thread 3 ] DEBUG Engine               - class com.almasb.fxgl.cutscene.CutsceneService
11:15:53.467 [FXGL Background Thread 3 ] DEBUG Engine               - class com.almasb.fxgl.minigames.MiniGameService
11:15:53.467 [FXGL Background Thread 3 ] DEBUG Engine               - class com.almasb.fxgl.net.NetService
11:15:53.467 [FXGL Background Thread 3 ] DEBUG Engine               - class com.almasb.fxgl.app.services.UpdaterService
11:15:53.467 [FXGL Background Thread 3 ] DEBUG Engine               - class com.almasb.fxgl.dev.DevService
11:16:02.149 [JavaFX Application Thread] DEBUG FXGLApplication      - Exiting FXGL
11:16:02.149 [JavaFX Application Thread] DEBUG LoopRunner           - Stopping loop
11:16:02.149 [JavaFX Application Thread] DEBUG SystemBundleService  - Saving FXGL system data
11:16:02.151 [JavaFX Application Thread] DEBUG FileSystemAccess     - Writing to: C:\ipose-groep-4\system\fxgl.bundle
11:16:02.153 [JavaFX Application Thread] DEBUG Async                - Shutting down background threads
11:16:02.154 [JavaFX Application Thread] DEBUG PrimaryStageWindow   - Closing main window
11:16:02.164 [JavaFX Application Thread] DEBUG Logger               - Closing Logger
