15:07:20.246 [main                     ] DEBUG Logger               - Configured Logger
15:07:20.305 [main                     ] DEBUG GameApplication      - Logging settings
Title: Untitled
Version: 0.0
Width: 1400
Height: 720
Fullscreen: false
Intro: false
Profiling: false
Single step:false
App Mode: DEVELOPER
Menu Key: ESCAPE
Stage Style: DECORATED
Scene Factory: class com.almasb.fxglgames.platformer.PlatformerApp$1

15:07:20.973 [JavaFX Application Thread] DEBUG FXGLApplication      - Initializing FXGL
15:07:20.979 [JavaFX Application Thread] INFO  Engine               - FXGL-17.1 (24.03.2022 17.34) on WINDOWS (J:19.0.1 FX:19-ea)
15:07:20.979 [JavaFX Application Thread] DEBUG Engine               - JRE Vendor Name: Oracle Corporation
15:07:20.980 [JavaFX Application Thread] DEBUG Engine               - Running on OS: Windows 11 version 10.0
15:07:20.980 [JavaFX Application Thread] DEBUG Engine               - Architecture: amd64
15:07:20.980 [JavaFX Application Thread] INFO  Engine               - Source code and latest versions at: https://github.com/AlmasB/FXGL
15:07:20.980 [JavaFX Application Thread] INFO  Engine               -       Ask questions and discuss at: https://github.com/AlmasB/FXGL/discussions
15:07:20.980 [JavaFX Application Thread] INFO  Engine               -              Join the FXGL chat at: https://gitter.im/AlmasB/FXGL
15:07:21.110 [JavaFX Application Thread] DEBUG PrimaryStageWindow   - Creating a JavaFX scene
15:07:21.182 [JavaFX Application Thread] DEBUG PrimaryStageWindow   - Target settings size: 1400.0 x 720.0
15:07:21.182 [JavaFX Application Thread] DEBUG PrimaryStageWindow   - Scaled scene size:    1400.0 x 720.0
15:07:21.182 [JavaFX Application Thread] DEBUG PrimaryStageWindow   - Scaled ratio: (1.0, 1.0)
15:07:21.184 [JavaFX Application Thread] DEBUG PrimaryStageWindow   - Set initial scene to FXGLStartupScene
15:07:21.194 [JavaFX Application Thread] DEBUG PrimaryStageWindow   - Opening main window
15:07:21.297 [JavaFX Application Thread] DEBUG PrimaryStageWindow   - Window border size: (14.4000244140625, 37.5999755859375)
15:07:21.298 [JavaFX Application Thread] DEBUG PrimaryStageWindow   - Scaled size: 1400.0 x 720.0
15:07:21.298 [JavaFX Application Thread] DEBUG PrimaryStageWindow   - Scaled ratio: (1.0, 1.0)
15:07:21.298 [JavaFX Application Thread] DEBUG PrimaryStageWindow   - Scene size: 1400.0 x 720.0
15:07:21.299 [JavaFX Application Thread] DEBUG PrimaryStageWindow   - Stage size: 1414.4000244140625 x 757.5999755859375
15:07:21.311 [FXGL Background Thread 1 ] DEBUG Engine               - Initializing environment variables
15:07:21.373 [FXGL Background Thread 1 ] DEBUG FXGLAssetLoaderServi - User app class for loading assets: class com.almasb.fxglgames.platformer.PlatformerApp
15:07:21.373 [FXGL Background Thread 1 ] DEBUG GameApplicationServi - Applying CSS: fxgl_dark.css
15:07:21.374 [FXGL Background Thread 1 ] DEBUG FXGLAssetLoaderServi - Loading from file system: jar:file:///C:/Users/meijr/.m2/repository/com/github/almasb/fxgl/17.1/fxgl-17.1.jar!/fxglassets/ui/css/fxgl_dark.css
15:07:21.424 [FXGL Background Thread 1 ] DEBUG GameApplicationServi - Initializing application scenes
15:07:21.484 [FXGL Background Thread 1 ] DEBUG FXGLAssetLoaderServi - Loading from file system: file:/C:/Users/meijr/OneDrive/Documenten/GitHub/ipose-groep-4/target/classes/assets/textures/player.png
15:07:21.511 [FXGL Background Thread 1 ] DEBUG GameWorld            - Game world initialized
15:07:21.585 [FXGL Background Thread 1 ] DEBUG PhysicsWorld         - Physics world initialized: appHeight=720, physics.ppm=50.0
15:07:21.585 [FXGL Background Thread 1 ] DEBUG PhysicsWorld         - Using strategy: BRUTE_FORCE
15:07:21.591 [FXGL Background Thread 1 ] DEBUG GameScene            - Game scene initialized: 1400x720
15:07:21.602 [FXGL Background Thread 1 ] DEBUG FXGL.DefaultMenu     - createMenuBodyGameMenu()
15:07:21.630 [FXGL Background Thread 1 ] DEBUG FXGL.DefaultMenu     - createOptionsMenu()
15:07:21.649 [FXGL Background Thread 1 ] DEBUG FXGLAssetLoaderServi - Loading from file system: jar:file:///C:/Users/meijr/.m2/repository/com/github/almasb/fxgl/17.1/fxgl-17.1.jar!/fxglassets/textures/particles/smoke.png
15:07:21.787 [FXGL Background Thread 1 ] DEBUG FXGLAssetLoaderServi - Loading from file system: jar:file:///C:/Users/meijr/.m2/repository/com/github/almasb/fxgl/17.1/fxgl-17.1.jar!/fxglassets/textures/particles/trace_horizontal.png
15:07:21.834 [FXGL Background Thread 1 ] DEBUG GameApplicationServi - Application scenes initialized
15:07:21.848 [FXGL Background Thread 1 ] DEBUG SystemBundleService  - Loading FXGL system data
15:07:21.855 [FXGL Background Thread 1 ] DEBUG FileSystemAccess     - Reading from: C:\Users\meijr\OneDrive\Documenten\GitHub\ipose-groep-4\system\fxgl.bundle
15:07:21.868 [FXGL Background Thread 1 ] DEBUG SystemBundleService  - Bundle FXGL: {}
15:07:21.868 [FXGL Background Thread 1 ] DEBUG UpdaterService       - Checking for updates
15:07:21.874 [FXGL Background Thread 1 ] DEBUG FXGLApplication      - Loading default localization
15:07:21.875 [FXGL Background Thread 4 ] DEBUG FXGLApplication      - Loading fonts
15:07:21.875 [FXGL Background Thread 1 ] DEBUG FXGLAssetLoaderServi - Loading from file system: jar:file:///C:/Users/meijr/.m2/repository/com/github/almasb/fxgl/17.1/fxgl-17.1.jar!/fxglassets/languages/english.lang
15:07:21.876 [FXGL Background Thread 4 ] DEBUG FXGLAssetLoaderServi - Loading from file system: jar:file:///C:/Users/meijr/.m2/repository/com/github/almasb/fxgl/17.1/fxgl-17.1.jar!/fxglassets/ui/fonts/VarelaRound-Regular.ttf
15:07:21.896 [FXGL Background Thread 1 ] INFO  FXGLApplication      - FXGL initialization took: 0.584 sec
15:07:21.909 [JavaFX Application Thread] DEBUG Input                - Registered new binding: Left - A
15:07:21.909 [JavaFX Application Thread] DEBUG Input                - Registered new binding: Right - D
15:07:21.909 [JavaFX Application Thread] DEBUG Input                - Registered new binding: Jump - W
15:07:21.909 [JavaFX Application Thread] DEBUG Input                - Registered new binding: Use - E
15:07:21.910 [JavaFX Application Thread] DEBUG FXGLAssetLoaderServi - Loading from file system: file:/C:/Users/meijr/OneDrive/Documenten/GitHub/ipose-groep-4/target/classes/assets/music/BGM_dash_runner.wav
15:07:22.068 [FXGL Background Thread 4 ] DEBUG FXGLAssetLoaderServi - Loading from file system: jar:file:///C:/Users/meijr/.m2/repository/com/github/almasb/fxgl/17.1/fxgl-17.1.jar!/fxglassets/ui/fonts/Abel-Regular.ttf
15:07:22.075 [FXGL Background Thread 4 ] DEBUG FXGLAssetLoaderServi - Loading from file system: jar:file:///C:/Users/meijr/.m2/repository/com/github/almasb/fxgl/17.1/fxgl-17.1.jar!/fxglassets/ui/fonts/TerminalLandMono-Regular.otf
15:07:22.082 [FXGL Background Thread 4 ] DEBUG FXGLAssetLoaderServi - Loading from file system: jar:file:///C:/Users/meijr/.m2/repository/com/github/almasb/fxgl/17.1/fxgl-17.1.jar!/fxglassets/ui/fonts/Courier-Prime.ttf
15:07:22.499 [FXGL Background Thread 2 ] INFO  UpdaterService       - Your current version:  17.1
15:07:22.499 [FXGL Background Thread 2 ] INFO  UpdaterService       - Latest stable version: 17.3
15:07:23.102 [JavaFX Application Thread] DEBUG AudioPlayer          - Playing music com.almasb.fxgl.audio.Music@67df2098
15:07:23.103 [JavaFX Application Thread] DEBUG FXGLAssetLoaderServi - Loading from file system: jar:file:///C:/Users/meijr/.m2/repository/com/github/almasb/fxgl/17.1/fxgl-17.1.jar!/fxglassets/textures/fxgl_icon.png
15:07:23.133 [JavaFX Application Thread] DEBUG FXGLAssetLoaderServi - Loading from file system: jar:file:///C:/Users/meijr/.m2/repository/com/github/almasb/fxgl/17.1/fxgl-17.1.jar!/fxglassets/textures/fxgl_default_cursor.png
15:07:23.137 [JavaFX Application Thread] DEBUG Input                - Registered new binding: Screenshot - CTRL+8
15:07:23.137 [JavaFX Application Thread] DEBUG Input                - Registered new binding: System info dump - CTRL+9
15:07:23.138 [JavaFX Application Thread] DEBUG Input                - Registered new binding: Restart - CTRL+R
15:07:23.139 [JavaFX Application Thread] DEBUG Input                - Registered new binding: Toggle Debug Camera - CTRL+7
15:07:23.141 [JavaFX Application Thread] DEBUG LoopRunner           - Starting loop
15:07:23.141 [JavaFX Application Thread] DEBUG LoopRunner           - Initializing JavaFX AnimationTimerLoop
15:07:23.143 [JavaFX Application Thread] DEBUG GameApplicationServi - Starting new game
15:07:23.144 [JavaFX Application Thread] DEBUG Input                - Clearing active input actions
15:07:23.168 [JavaFX Application Thread] DEBUG GameApplicationServi - Removing overlay from FXGLStartupScene and adding to MainLoadingScene
15:07:23.169 [JavaFX Application Thread] DEBUG PrimaryStageWindow   - FXGLStartupScene -> MainLoadingScene
15:07:23.169 [JavaFX Application Thread] DEBUG GameApplicationServi - Clearing previous game
15:07:23.170 [JavaFX Application Thread] DEBUG GameScene            - Clearing game scene
15:07:23.170 [JavaFX Application Thread] DEBUG GameWorld            - Clearing game world
15:07:23.170 [JavaFX Application Thread] DEBUG PhysicsWorld         - Clearing physics world
15:07:23.171 [FXGL Background Thread 2 ] DEBUG FXGLApplication      - Initializing game
15:07:23.171 [JavaFX Application Thread] DEBUG FXGLApplication      - Registering font factories with UI factory
15:07:23.225 [FXGL Background Thread 2 ] WARN  TMXLevelLoader       - TiledMap generated from 1.2.3. Supported version: 1.4.2. Some features may not be parsed fully.
15:07:23.233 [FXGL Background Thread 2 ] DEBUG TMXLevelLoader       - Parsed TiledMap: file:/C:/Users/meijr/OneDrive/Documenten/GitHub/ipose-groep-4/target/classes/assets/levels/tmx/level1.tmx
15:07:23.234 [FXGL Background Thread 2 ] DEBUG TMXLevelLoader       - Creating tile layer entities
15:07:23.236 [FXGL Background Thread 2 ] DEBUG TilesetLoader        - Loading view for layer Tile Layer 1
15:07:23.238 [FXGL Background Thread 2 ] DEBUG TilesetLoader        - Created buffer with size 1050.0x700.0
15:07:23.266 [FXGL Background Thread 2 ] DEBUG TMXLevelLoader       - Creating object layer entities
15:07:23.289 [FXGL Background Thread 2 ] DEBUG GameWorld            - Clearing removable entities
15:07:23.290 [FXGL Background Thread 2 ] DEBUG GameWorld            - Setting level: com.almasb.fxgl.entity.level.Level@43fb4e1
15:07:23.307 [FXGL Background Thread 2 ] DEBUG FXGLAssetLoaderServi - Loading from file system: file:/C:/Users/meijr/OneDrive/Documenten/GitHub/ipose-groep-4/target/classes/assets/textures/background/forest.png
15:07:23.330 [FXGL Background Thread 2 ] INFO  FXGLApplication      - Game initialization took: 0.158 sec
15:07:23.393 [JavaFX Application Thread] DEBUG Input                - Clearing active input actions
15:07:23.400 [JavaFX Application Thread] DEBUG GameApplicationServi - Removing overlay from MainLoadingScene and adding to GameScene
15:07:23.401 [JavaFX Application Thread] DEBUG PrimaryStageWindow   - MainLoadingScene -> GameScene
15:07:24.872 [FXGL Background Thread 3 ] DEBUG Engine               - Logging environment variables
15:07:24.873 [FXGL Background Thread 3 ] DEBUG Engine               - achievements: []
15:07:24.873 [FXGL Background Thread 3 ] DEBUG Engine               - actualHeight: 720.0
15:07:24.873 [FXGL Background Thread 3 ] DEBUG Engine               - actualHeightProperty: ReadOnlyDoubleProperty [value: 720.0]
15:07:24.873 [FXGL Background Thread 3 ] DEBUG Engine               - actualWidth: 1400.0
15:07:24.873 [FXGL Background Thread 3 ] DEBUG Engine               - actualWidthProperty: ReadOnlyDoubleProperty [value: 1400.0]
15:07:24.874 [FXGL Background Thread 3 ] DEBUG Engine               - appIcon: fxgl_icon.png
15:07:24.874 [FXGL Background Thread 3 ] DEBUG Engine               - applicationMode: DEVELOPER
15:07:24.874 [FXGL Background Thread 3 ] DEBUG Engine               - cSSList: [fxgl_dark.css]
15:07:24.874 [FXGL Background Thread 3 ] DEBUG Engine               - collisionDetectionStrategy: BRUTE_FORCE
15:07:24.874 [FXGL Background Thread 3 ] DEBUG Engine               - configClass: Optional.empty
15:07:24.874 [FXGL Background Thread 3 ] DEBUG Engine               - credits: []
15:07:24.874 [FXGL Background Thread 3 ] DEBUG Engine               - defaultCursor: CursorInfo(imageName=fxgl_default_cursor.png, hotspotX=7.0, hotspotY=6.0)
15:07:24.874 [FXGL Background Thread 3 ] DEBUG Engine               - devBBoxColorProperty: ObjectProperty [value: 0xff0000ff]
15:07:24.874 [FXGL Background Thread 3 ] DEBUG Engine               - devEnableDebugCameraProperty: BooleanProperty [value: false]
15:07:24.875 [FXGL Background Thread 3 ] DEBUG Engine               - devSensorColorProperty: ObjectProperty [value: 0xffff00ff]
15:07:24.875 [FXGL Background Thread 3 ] DEBUG Engine               - devShowBBoxProperty: BooleanProperty [value: false]
15:07:24.875 [FXGL Background Thread 3 ] DEBUG Engine               - devShowPositionProperty: BooleanProperty [value: false]
15:07:24.875 [FXGL Background Thread 3 ] DEBUG Engine               - enabledMenuItems: []
15:07:24.875 [FXGL Background Thread 3 ] DEBUG Engine               - engineServices: [class com.almasb.fxgl.app.services.FXGLAssetLoaderService, class com.almasb.fxgl.app.FXGLApplication$GameApplicationService, class com.almasb.fxgl.app.services.FXGLDialogService, class com.almasb.fxgl.app.services.IOTaskExecutorService, class com.almasb.fxgl.io.FileSystemService, class com.almasb.fxgl.localization.LocalizationService, class com.almasb.fxgl.app.services.SystemBundleService, class com.almasb.fxgl.profile.SaveLoadService, class com.almasb.fxgl.ui.FXGLUIFactoryServiceProvider, class com.almasb.fxgl.ui.FXGLDialogFactoryServiceProvider, class com.almasb.fxgl.audio.AudioPlayer, class com.almasb.fxgl.notification.impl.NotificationServiceProvider, class com.almasb.fxgl.achievement.AchievementService, class com.almasb.fxgl.cutscene.CutsceneService, class com.almasb.fxgl.minigames.MiniGameService, class com.almasb.fxgl.net.NetService, class com.almasb.fxgl.app.services.UpdaterService, class com.almasb.fxgl.dev.DevService]
15:07:24.875 [FXGL Background Thread 3 ] DEBUG Engine               - fontGame: Abel-Regular.ttf
15:07:24.875 [FXGL Background Thread 3 ] DEBUG Engine               - fontMono: TerminalLandMono-Regular.otf
15:07:24.875 [FXGL Background Thread 3 ] DEBUG Engine               - fontText: Courier-Prime.ttf
15:07:24.875 [FXGL Background Thread 3 ] DEBUG Engine               - fontUI: VarelaRound-Regular.ttf
15:07:24.875 [FXGL Background Thread 3 ] DEBUG Engine               - fullScreen: BooleanProperty [value: false]
15:07:24.875 [FXGL Background Thread 3 ] DEBUG Engine               - gameDifficulty: MEDIUM
15:07:24.875 [FXGL Background Thread 3 ] DEBUG Engine               - gameDifficultyProperty: ObjectProperty [value: MEDIUM]
15:07:24.876 [FXGL Background Thread 3 ] DEBUG Engine               - globalMusicVolume: 0.5
15:07:24.876 [FXGL Background Thread 3 ] DEBUG Engine               - globalMusicVolumeProperty: DoubleProperty [value: 0.25]
15:07:24.876 [FXGL Background Thread 3 ] DEBUG Engine               - globalSoundVolume: 0.5
15:07:24.876 [FXGL Background Thread 3 ] DEBUG Engine               - globalSoundVolumeProperty: DoubleProperty [value: 0.5]
15:07:24.876 [FXGL Background Thread 3 ] DEBUG Engine               - height: 720
15:07:24.876 [FXGL Background Thread 3 ] DEBUG Engine               - is3D: false
15:07:24.876 [FXGL Background Thread 3 ] DEBUG Engine               - isAndroid: false
15:07:24.876 [FXGL Background Thread 3 ] DEBUG Engine               - isBrowser: false
15:07:24.876 [FXGL Background Thread 3 ] DEBUG Engine               - isClickFeedbackEnabled: false
15:07:24.876 [FXGL Background Thread 3 ] DEBUG Engine               - isCloseConfirmation: false
15:07:24.876 [FXGL Background Thread 3 ] DEBUG Engine               - isDesktop: true
15:07:24.876 [FXGL Background Thread 3 ] DEBUG Engine               - isDeveloperMenuEnabled: false
15:07:24.876 [FXGL Background Thread 3 ] DEBUG Engine               - isEmbedded: false
15:07:24.876 [FXGL Background Thread 3 ] DEBUG Engine               - isEntityPreloadEnabled: true
15:07:24.876 [FXGL Background Thread 3 ] DEBUG Engine               - isExperimentalTiledLargeMap: false
15:07:24.876 [FXGL Background Thread 3 ] DEBUG Engine               - isFileSystemWriteAllowed: true
15:07:24.876 [FXGL Background Thread 3 ] DEBUG Engine               - isFullScreenAllowed: false
15:07:24.877 [FXGL Background Thread 3 ] DEBUG Engine               - isFullScreenFromStart: false
15:07:24.877 [FXGL Background Thread 3 ] DEBUG Engine               - isGameMenuEnabled: true
15:07:24.877 [FXGL Background Thread 3 ] DEBUG Engine               - isIOS: false
15:07:24.877 [FXGL Background Thread 3 ] DEBUG Engine               - isIntroEnabled: false
15:07:24.877 [FXGL Background Thread 3 ] DEBUG Engine               - isLinux: false
15:07:24.877 [FXGL Background Thread 3 ] DEBUG Engine               - isMac: false
15:07:24.877 [FXGL Background Thread 3 ] DEBUG Engine               - isMainMenuEnabled: false
15:07:24.877 [FXGL Background Thread 3 ] DEBUG Engine               - isManualResizeEnabled: false
15:07:24.878 [FXGL Background Thread 3 ] DEBUG Engine               - isMobile: false
15:07:24.878 [FXGL Background Thread 3 ] DEBUG Engine               - isNative: false
15:07:24.878 [FXGL Background Thread 3 ] DEBUG Engine               - isPauseMusicWhenMinimized: true
15:07:24.878 [FXGL Background Thread 3 ] DEBUG Engine               - isPreserveResizeRatio: false
15:07:24.878 [FXGL Background Thread 3 ] DEBUG Engine               - isProfilingEnabled: false
15:07:24.878 [FXGL Background Thread 3 ] DEBUG Engine               - isScaleAffectedOnResize: true
15:07:24.878 [FXGL Background Thread 3 ] DEBUG Engine               - isSingleStep: false
15:07:24.878 [FXGL Background Thread 3 ] DEBUG Engine               - isUserProfileEnabled: false
15:07:24.878 [FXGL Background Thread 3 ] DEBUG Engine               - isWindows: true
15:07:24.878 [FXGL Background Thread 3 ] DEBUG Engine               - language: ObjectProperty [value: ENGLISH]
15:07:24.878 [FXGL Background Thread 3 ] DEBUG Engine               - menuKey: ESCAPE
15:07:24.878 [FXGL Background Thread 3 ] DEBUG Engine               - mouseSensitivity: 0.2
15:07:24.878 [FXGL Background Thread 3 ] DEBUG Engine               - notificationViewClass: class com.almasb.fxgl.notification.view.XboxNotificationView
15:07:24.878 [FXGL Background Thread 3 ] DEBUG Engine               - pixelsPerMeter: 50.0
15:07:24.878 [FXGL Background Thread 3 ] DEBUG Engine               - platform: WINDOWS
15:07:24.878 [FXGL Background Thread 3 ] DEBUG Engine               - prefHeightProperty: ReadOnlyDoubleProperty [value: 720.0]
15:07:24.878 [FXGL Background Thread 3 ] DEBUG Engine               - prefWidthProperty: ReadOnlyDoubleProperty [value: 1400.0]
15:07:24.878 [FXGL Background Thread 3 ] DEBUG Engine               - profileDir: profiles/
15:07:24.878 [FXGL Background Thread 3 ] DEBUG Engine               - profileName: StringProperty [value: DEFAULT]
15:07:24.879 [FXGL Background Thread 3 ] DEBUG Engine               - randomSeed: -1
15:07:24.879 [FXGL Background Thread 3 ] DEBUG Engine               - runtimeInfo: RuntimeInfo(platform=WINDOWS, version=17.1, build=24.03.2022 17.34)
15:07:24.879 [FXGL Background Thread 3 ] DEBUG Engine               - saveFileExt: sav
15:07:24.879 [FXGL Background Thread 3 ] DEBUG Engine               - scaledHeightProp$fxgl: DoubleProperty [bound, value: 720.0]
15:07:24.879 [FXGL Background Thread 3 ] DEBUG Engine               - scaledWidthProp$fxgl: DoubleProperty [bound, value: 1400.0]
15:07:24.879 [FXGL Background Thread 3 ] DEBUG Engine               - sceneFactory: com.almasb.fxglgames.platformer.PlatformerApp$1@70ee0896
15:07:24.879 [FXGL Background Thread 3 ] DEBUG Engine               - secondsIn24h: 60
15:07:24.879 [FXGL Background Thread 3 ] DEBUG Engine               - soundMenuBack: menu/back.wav
15:07:24.879 [FXGL Background Thread 3 ] DEBUG Engine               - soundMenuPress: menu/press.wav
15:07:24.880 [FXGL Background Thread 3 ] DEBUG Engine               - soundMenuSelect: menu/select.wav
15:07:24.880 [FXGL Background Thread 3 ] DEBUG Engine               - soundNotification: core/notification.wav
15:07:24.880 [FXGL Background Thread 3 ] DEBUG Engine               - stageStyle: DECORATED
15:07:24.880 [FXGL Background Thread 3 ] DEBUG Engine               - supportedLanguages: [ENGLISH, FRENCH, GERMAN, HUNGARIAN, RUSSIAN]
15:07:24.880 [FXGL Background Thread 3 ] DEBUG Engine               - ticksPerSecond: -1
15:07:24.880 [FXGL Background Thread 3 ] DEBUG Engine               - title: Untitled
15:07:24.880 [FXGL Background Thread 3 ] DEBUG Engine               - urlGithub: https://github.com/AlmasB/FXGL
15:07:24.880 [FXGL Background Thread 3 ] DEBUG Engine               - urlLeaderboard: http://fxgl-top.herokuapp.com/
15:07:24.880 [FXGL Background Thread 3 ] DEBUG Engine               - urlPOM: https://raw.githubusercontent.com/AlmasB/FXGL/release/README.md
15:07:24.880 [FXGL Background Thread 3 ] DEBUG Engine               - userAppClass: class com.almasb.fxglgames.platformer.PlatformerApp
15:07:24.880 [FXGL Background Thread 3 ] DEBUG Engine               - version: 0.0
15:07:24.880 [FXGL Background Thread 3 ] DEBUG Engine               - versionCheckDays: 7
15:07:24.880 [FXGL Background Thread 3 ] DEBUG Engine               - width: 1400
15:07:24.880 [FXGL Background Thread 3 ] DEBUG Engine               - Logging services
15:07:24.880 [FXGL Background Thread 3 ] DEBUG Engine               - class com.almasb.fxgl.app.services.FXGLAssetLoaderService
15:07:24.880 [FXGL Background Thread 3 ] DEBUG Engine               - class com.almasb.fxgl.app.FXGLApplication$GameApplicationService
15:07:24.880 [FXGL Background Thread 3 ] DEBUG Engine               - class com.almasb.fxgl.app.services.FXGLDialogService
15:07:24.880 [FXGL Background Thread 3 ] DEBUG Engine               - class com.almasb.fxgl.app.services.IOTaskExecutorService
15:07:24.880 [FXGL Background Thread 3 ] DEBUG Engine               - class com.almasb.fxgl.io.FileSystemService
15:07:24.880 [FXGL Background Thread 3 ] DEBUG Engine               - class com.almasb.fxgl.localization.LocalizationService
15:07:24.880 [FXGL Background Thread 3 ] DEBUG Engine               - class com.almasb.fxgl.app.services.SystemBundleService
15:07:24.880 [FXGL Background Thread 3 ] DEBUG Engine               - class com.almasb.fxgl.profile.SaveLoadService
15:07:24.880 [FXGL Background Thread 3 ] DEBUG Engine               - class com.almasb.fxgl.ui.FXGLUIFactoryServiceProvider
15:07:24.880 [FXGL Background Thread 3 ] DEBUG Engine               - class com.almasb.fxgl.ui.FXGLDialogFactoryServiceProvider
15:07:24.880 [FXGL Background Thread 3 ] DEBUG Engine               - class com.almasb.fxgl.audio.AudioPlayer
15:07:24.881 [FXGL Background Thread 3 ] DEBUG Engine               - class com.almasb.fxgl.notification.impl.NotificationServiceProvider
15:07:24.881 [FXGL Background Thread 3 ] DEBUG Engine               - class com.almasb.fxgl.achievement.AchievementService
15:07:24.881 [FXGL Background Thread 3 ] DEBUG Engine               - class com.almasb.fxgl.cutscene.CutsceneService
15:07:24.881 [FXGL Background Thread 3 ] DEBUG Engine               - class com.almasb.fxgl.minigames.MiniGameService
15:07:24.881 [FXGL Background Thread 3 ] DEBUG Engine               - class com.almasb.fxgl.net.NetService
15:07:24.881 [FXGL Background Thread 3 ] DEBUG Engine               - class com.almasb.fxgl.app.services.UpdaterService
15:07:24.881 [FXGL Background Thread 3 ] DEBUG Engine               - class com.almasb.fxgl.dev.DevService
15:07:24.982 [JavaFX Application Thread] WARN  TMXLevelLoader       - TiledMap generated from 1.2.3. Supported version: 1.4.2. Some features may not be parsed fully.
15:07:24.985 [JavaFX Application Thread] DEBUG TMXLevelLoader       - Parsed TiledMap: file:/C:/Users/meijr/OneDrive/Documenten/GitHub/ipose-groep-4/target/classes/assets/levels/tmx/level1.tmx
15:07:24.985 [JavaFX Application Thread] DEBUG TMXLevelLoader       - Creating tile layer entities
15:07:24.986 [JavaFX Application Thread] DEBUG TilesetLoader        - Loading view for layer Tile Layer 1
15:07:24.986 [JavaFX Application Thread] DEBUG TilesetLoader        - Created buffer with size 1050.0x700.0
15:07:25.000 [JavaFX Application Thread] DEBUG TMXLevelLoader       - Creating object layer entities
15:07:25.003 [JavaFX Application Thread] DEBUG GameWorld            - Clearing removable entities
15:07:25.005 [JavaFX Application Thread] DEBUG GameWorld            - Setting level: com.almasb.fxgl.entity.level.Level@3fc8c91c
15:07:36.435 [JavaFX Application Thread] DEBUG Input                - Registered new binding: Close Level End Screen - LMB
15:07:36.435 [JavaFX Application Thread] DEBUG PrimaryStageWindow   - Push state: LevelEndScene
15:07:36.435 [JavaFX Application Thread] DEBUG Input                - Clearing active input actions
15:07:36.436 [JavaFX Application Thread] DEBUG GameApplicationServi - Removing overlay from GameScene and adding to LevelEndScene
15:07:36.436 [JavaFX Application Thread] DEBUG PrimaryStageWindow   - GameScene -> LevelEndScene
15:07:39.083 [JavaFX Application Thread] DEBUG PrimaryStageWindow   - Pop state: LevelEndScene
15:07:39.083 [JavaFX Application Thread] DEBUG Input                - Clearing active input actions
15:07:39.084 [JavaFX Application Thread] DEBUG GameApplicationServi - Removing overlay from LevelEndScene and adding to GameScene
15:07:39.085 [JavaFX Application Thread] DEBUG PrimaryStageWindow   - GameScene <- LevelEndScene
15:07:39.551 [JavaFX Application Thread] WARN  TMXLevelLoader       - TiledMap generated from 1.2.3. Supported version: 1.4.2. Some features may not be parsed fully.
15:07:39.553 [JavaFX Application Thread] DEBUG TMXLevelLoader       - Parsed TiledMap: file:/C:/Users/meijr/OneDrive/Documenten/GitHub/ipose-groep-4/target/classes/assets/levels/tmx/level2.tmx
15:07:39.553 [JavaFX Application Thread] DEBUG TMXLevelLoader       - Creating tile layer entities
15:07:39.554 [JavaFX Application Thread] DEBUG TilesetLoader        - Loading view for layer Tile Layer 1
15:07:39.554 [JavaFX Application Thread] DEBUG TilesetLoader        - Created buffer with size 1050.0x700.0
15:07:39.566 [JavaFX Application Thread] DEBUG TMXLevelLoader       - Creating object layer entities
15:07:39.568 [JavaFX Application Thread] DEBUG GameWorld            - Clearing removable entities
15:07:39.570 [JavaFX Application Thread] DEBUG GameWorld            - Setting level: com.almasb.fxgl.entity.level.Level@30424e73
15:07:41.454 [JavaFX Application Thread] WARN  TMXLevelLoader       - TiledMap generated from 1.2.3. Supported version: 1.4.2. Some features may not be parsed fully.
15:07:41.455 [JavaFX Application Thread] DEBUG TMXLevelLoader       - Parsed TiledMap: file:/C:/Users/meijr/OneDrive/Documenten/GitHub/ipose-groep-4/target/classes/assets/levels/tmx/level2.tmx
15:07:41.456 [JavaFX Application Thread] DEBUG TMXLevelLoader       - Creating tile layer entities
15:07:41.456 [JavaFX Application Thread] DEBUG TilesetLoader        - Loading view for layer Tile Layer 1
15:07:41.459 [JavaFX Application Thread] DEBUG TilesetLoader        - Created buffer with size 1050.0x700.0
15:07:41.472 [JavaFX Application Thread] DEBUG TMXLevelLoader       - Creating object layer entities
15:07:41.475 [JavaFX Application Thread] DEBUG GameWorld            - Clearing removable entities
15:07:41.476 [JavaFX Application Thread] DEBUG GameWorld            - Setting level: com.almasb.fxgl.entity.level.Level@2725838d
15:07:46.199 [JavaFX Application Thread] WARN  TMXLevelLoader       - TiledMap generated from 1.2.3. Supported version: 1.4.2. Some features may not be parsed fully.
15:07:46.200 [JavaFX Application Thread] DEBUG TMXLevelLoader       - Parsed TiledMap: file:/C:/Users/meijr/OneDrive/Documenten/GitHub/ipose-groep-4/target/classes/assets/levels/tmx/level2.tmx
15:07:46.200 [JavaFX Application Thread] DEBUG TMXLevelLoader       - Creating tile layer entities
15:07:46.201 [JavaFX Application Thread] DEBUG TilesetLoader        - Loading view for layer Tile Layer 1
15:07:46.203 [JavaFX Application Thread] DEBUG TilesetLoader        - Created buffer with size 1050.0x700.0
15:07:46.216 [JavaFX Application Thread] DEBUG TMXLevelLoader       - Creating object layer entities
15:07:46.218 [JavaFX Application Thread] DEBUG GameWorld            - Clearing removable entities
15:07:46.219 [JavaFX Application Thread] DEBUG GameWorld            - Setting level: com.almasb.fxgl.entity.level.Level@37739c60
15:07:49.447 [JavaFX Application Thread] WARN  TMXLevelLoader       - TiledMap generated from 1.2.3. Supported version: 1.4.2. Some features may not be parsed fully.
15:07:49.448 [JavaFX Application Thread] DEBUG TMXLevelLoader       - Parsed TiledMap: file:/C:/Users/meijr/OneDrive/Documenten/GitHub/ipose-groep-4/target/classes/assets/levels/tmx/level2.tmx
15:07:49.448 [JavaFX Application Thread] DEBUG TMXLevelLoader       - Creating tile layer entities
15:07:49.449 [JavaFX Application Thread] DEBUG TilesetLoader        - Loading view for layer Tile Layer 1
15:07:49.450 [JavaFX Application Thread] DEBUG TilesetLoader        - Created buffer with size 1050.0x700.0
15:07:49.463 [JavaFX Application Thread] DEBUG TMXLevelLoader       - Creating object layer entities
15:07:49.465 [JavaFX Application Thread] DEBUG GameWorld            - Clearing removable entities
15:07:49.466 [JavaFX Application Thread] DEBUG GameWorld            - Setting level: com.almasb.fxgl.entity.level.Level@2d2210a3
15:07:52.666 [JavaFX Application Thread] WARN  TMXLevelLoader       - TiledMap generated from 1.2.3. Supported version: 1.4.2. Some features may not be parsed fully.
15:07:52.667 [JavaFX Application Thread] DEBUG TMXLevelLoader       - Parsed TiledMap: file:/C:/Users/meijr/OneDrive/Documenten/GitHub/ipose-groep-4/target/classes/assets/levels/tmx/level2.tmx
15:07:52.667 [JavaFX Application Thread] DEBUG TMXLevelLoader       - Creating tile layer entities
15:07:52.668 [JavaFX Application Thread] DEBUG TilesetLoader        - Loading view for layer Tile Layer 1
15:07:52.670 [JavaFX Application Thread] DEBUG TilesetLoader        - Created buffer with size 1050.0x700.0
15:07:52.681 [JavaFX Application Thread] DEBUG TMXLevelLoader       - Creating object layer entities
15:07:52.683 [JavaFX Application Thread] DEBUG GameWorld            - Clearing removable entities
15:07:52.685 [JavaFX Application Thread] DEBUG GameWorld            - Setting level: com.almasb.fxgl.entity.level.Level@716f39e5
15:07:55.839 [JavaFX Application Thread] WARN  TMXLevelLoader       - TiledMap generated from 1.2.3. Supported version: 1.4.2. Some features may not be parsed fully.
15:07:55.841 [JavaFX Application Thread] DEBUG TMXLevelLoader       - Parsed TiledMap: file:/C:/Users/meijr/OneDrive/Documenten/GitHub/ipose-groep-4/target/classes/assets/levels/tmx/level2.tmx
15:07:55.841 [JavaFX Application Thread] DEBUG TMXLevelLoader       - Creating tile layer entities
15:07:55.841 [JavaFX Application Thread] DEBUG TilesetLoader        - Loading view for layer Tile Layer 1
15:07:55.842 [JavaFX Application Thread] DEBUG TilesetLoader        - Created buffer with size 1050.0x700.0
15:07:55.857 [JavaFX Application Thread] DEBUG TMXLevelLoader       - Creating object layer entities
15:07:55.859 [JavaFX Application Thread] DEBUG GameWorld            - Clearing removable entities
15:07:55.860 [JavaFX Application Thread] DEBUG GameWorld            - Setting level: com.almasb.fxgl.entity.level.Level@549aa007
15:07:59.084 [JavaFX Application Thread] WARN  TMXLevelLoader       - TiledMap generated from 1.2.3. Supported version: 1.4.2. Some features may not be parsed fully.
15:07:59.086 [JavaFX Application Thread] DEBUG TMXLevelLoader       - Parsed TiledMap: file:/C:/Users/meijr/OneDrive/Documenten/GitHub/ipose-groep-4/target/classes/assets/levels/tmx/level2.tmx
15:07:59.086 [JavaFX Application Thread] DEBUG TMXLevelLoader       - Creating tile layer entities
15:07:59.086 [JavaFX Application Thread] DEBUG TilesetLoader        - Loading view for layer Tile Layer 1
15:07:59.086 [JavaFX Application Thread] DEBUG TilesetLoader        - Created buffer with size 1050.0x700.0
15:07:59.098 [JavaFX Application Thread] DEBUG TMXLevelLoader       - Creating object layer entities
15:07:59.100 [JavaFX Application Thread] DEBUG GameWorld            - Clearing removable entities
15:07:59.101 [JavaFX Application Thread] DEBUG GameWorld            - Setting level: com.almasb.fxgl.entity.level.Level@119262fc
15:08:02.343 [JavaFX Application Thread] WARN  TMXLevelLoader       - TiledMap generated from 1.2.3. Supported version: 1.4.2. Some features may not be parsed fully.
15:08:02.344 [JavaFX Application Thread] DEBUG TMXLevelLoader       - Parsed TiledMap: file:/C:/Users/meijr/OneDrive/Documenten/GitHub/ipose-groep-4/target/classes/assets/levels/tmx/level2.tmx
15:08:02.344 [JavaFX Application Thread] DEBUG TMXLevelLoader       - Creating tile layer entities
15:08:02.345 [JavaFX Application Thread] DEBUG TilesetLoader        - Loading view for layer Tile Layer 1
15:08:02.345 [JavaFX Application Thread] DEBUG TilesetLoader        - Created buffer with size 1050.0x700.0
15:08:02.357 [JavaFX Application Thread] DEBUG TMXLevelLoader       - Creating object layer entities
15:08:02.359 [JavaFX Application Thread] DEBUG GameWorld            - Clearing removable entities
15:08:02.360 [JavaFX Application Thread] DEBUG GameWorld            - Setting level: com.almasb.fxgl.entity.level.Level@7b15e506
15:08:05.516 [JavaFX Application Thread] DEBUG PrimaryStageWindow   - Push state: LevelEndScene
15:08:05.516 [JavaFX Application Thread] DEBUG Input                - Clearing active input actions
15:08:05.517 [JavaFX Application Thread] DEBUG GameApplicationServi - Removing overlay from GameScene and adding to LevelEndScene
15:08:05.517 [JavaFX Application Thread] DEBUG PrimaryStageWindow   - GameScene -> LevelEndScene
15:08:06.633 [JavaFX Application Thread] DEBUG PrimaryStageWindow   - Pop state: LevelEndScene
15:08:06.633 [JavaFX Application Thread] DEBUG Input                - Clearing active input actions
15:08:06.634 [JavaFX Application Thread] DEBUG GameApplicationServi - Removing overlay from LevelEndScene and adding to GameScene
15:08:06.634 [JavaFX Application Thread] DEBUG PrimaryStageWindow   - GameScene <- LevelEndScene
15:08:07.501 [JavaFX Application Thread] WARN  TMXLevelLoader       - TiledMap generated from 1.2.3. Supported version: 1.4.2. Some features may not be parsed fully.
15:08:07.503 [JavaFX Application Thread] DEBUG TMXLevelLoader       - Parsed TiledMap: file:/C:/Users/meijr/OneDrive/Documenten/GitHub/ipose-groep-4/target/classes/assets/levels/tmx/level3.tmx
15:08:07.503 [JavaFX Application Thread] DEBUG TMXLevelLoader       - Creating tile layer entities
15:08:07.503 [JavaFX Application Thread] DEBUG TilesetLoader        - Loading view for layer Tile Layer 1
15:08:07.503 [JavaFX Application Thread] DEBUG TilesetLoader        - Created buffer with size 1050.0x700.0
15:08:07.514 [JavaFX Application Thread] DEBUG TMXLevelLoader       - Creating object layer entities
15:08:07.516 [JavaFX Application Thread] DEBUG GameWorld            - Clearing removable entities
15:08:07.517 [JavaFX Application Thread] DEBUG GameWorld            - Setting level: com.almasb.fxgl.entity.level.Level@2834d2ec
15:08:13.652 [JavaFX Application Thread] WARN  TMXLevelLoader       - TiledMap generated from 1.2.3. Supported version: 1.4.2. Some features may not be parsed fully.
15:08:13.653 [JavaFX Application Thread] DEBUG TMXLevelLoader       - Parsed TiledMap: file:/C:/Users/meijr/OneDrive/Documenten/GitHub/ipose-groep-4/target/classes/assets/levels/tmx/level3.tmx
15:08:13.653 [JavaFX Application Thread] DEBUG TMXLevelLoader       - Creating tile layer entities
15:08:13.653 [JavaFX Application Thread] DEBUG TilesetLoader        - Loading view for layer Tile Layer 1
15:08:13.654 [JavaFX Application Thread] DEBUG TilesetLoader        - Created buffer with size 1050.0x700.0
15:08:13.664 [JavaFX Application Thread] DEBUG TMXLevelLoader       - Creating object layer entities
15:08:13.667 [JavaFX Application Thread] DEBUG GameWorld            - Clearing removable entities
15:08:13.669 [JavaFX Application Thread] DEBUG GameWorld            - Setting level: com.almasb.fxgl.entity.level.Level@1b06eda7
15:08:18.428 [JavaFX Application Thread] WARN  TMXLevelLoader       - TiledMap generated from 1.2.3. Supported version: 1.4.2. Some features may not be parsed fully.
15:08:18.429 [JavaFX Application Thread] DEBUG TMXLevelLoader       - Parsed TiledMap: file:/C:/Users/meijr/OneDrive/Documenten/GitHub/ipose-groep-4/target/classes/assets/levels/tmx/level3.tmx
15:08:18.429 [JavaFX Application Thread] DEBUG TMXLevelLoader       - Creating tile layer entities
15:08:18.429 [JavaFX Application Thread] DEBUG TilesetLoader        - Loading view for layer Tile Layer 1
15:08:18.430 [JavaFX Application Thread] DEBUG TilesetLoader        - Created buffer with size 1050.0x700.0
15:08:18.440 [JavaFX Application Thread] DEBUG TMXLevelLoader       - Creating object layer entities
15:08:18.443 [JavaFX Application Thread] DEBUG GameWorld            - Clearing removable entities
15:08:18.444 [JavaFX Application Thread] DEBUG GameWorld            - Setting level: com.almasb.fxgl.entity.level.Level@1dfe1339
15:08:23.688 [JavaFX Application Thread] WARN  TMXLevelLoader       - TiledMap generated from 1.2.3. Supported version: 1.4.2. Some features may not be parsed fully.
15:08:23.689 [JavaFX Application Thread] DEBUG TMXLevelLoader       - Parsed TiledMap: file:/C:/Users/meijr/OneDrive/Documenten/GitHub/ipose-groep-4/target/classes/assets/levels/tmx/level3.tmx
15:08:23.689 [JavaFX Application Thread] DEBUG TMXLevelLoader       - Creating tile layer entities
15:08:23.689 [JavaFX Application Thread] DEBUG TilesetLoader        - Loading view for layer Tile Layer 1
15:08:23.690 [JavaFX Application Thread] DEBUG TilesetLoader        - Created buffer with size 1050.0x700.0
15:08:23.700 [JavaFX Application Thread] DEBUG TMXLevelLoader       - Creating object layer entities
15:08:23.702 [JavaFX Application Thread] DEBUG GameWorld            - Clearing removable entities
15:08:23.703 [JavaFX Application Thread] DEBUG GameWorld            - Setting level: com.almasb.fxgl.entity.level.Level@3165fdaf
15:08:27.214 [JavaFX Application Thread] WARN  TMXLevelLoader       - TiledMap generated from 1.2.3. Supported version: 1.4.2. Some features may not be parsed fully.
15:08:27.216 [JavaFX Application Thread] DEBUG TMXLevelLoader       - Parsed TiledMap: file:/C:/Users/meijr/OneDrive/Documenten/GitHub/ipose-groep-4/target/classes/assets/levels/tmx/level3.tmx
15:08:27.216 [JavaFX Application Thread] DEBUG TMXLevelLoader       - Creating tile layer entities
15:08:27.217 [JavaFX Application Thread] DEBUG TilesetLoader        - Loading view for layer Tile Layer 1
15:08:27.217 [JavaFX Application Thread] DEBUG TilesetLoader        - Created buffer with size 1050.0x700.0
15:08:27.229 [JavaFX Application Thread] DEBUG TMXLevelLoader       - Creating object layer entities
15:08:27.231 [JavaFX Application Thread] DEBUG GameWorld            - Clearing removable entities
15:08:27.232 [JavaFX Application Thread] DEBUG GameWorld            - Setting level: com.almasb.fxgl.entity.level.Level@195fa8e
15:08:30.349 [JavaFX Application Thread] WARN  TMXLevelLoader       - TiledMap generated from 1.2.3. Supported version: 1.4.2. Some features may not be parsed fully.
15:08:30.350 [JavaFX Application Thread] DEBUG TMXLevelLoader       - Parsed TiledMap: file:/C:/Users/meijr/OneDrive/Documenten/GitHub/ipose-groep-4/target/classes/assets/levels/tmx/level3.tmx
15:08:30.350 [JavaFX Application Thread] DEBUG TMXLevelLoader       - Creating tile layer entities
15:08:30.351 [JavaFX Application Thread] DEBUG TilesetLoader        - Loading view for layer Tile Layer 1
15:08:30.351 [JavaFX Application Thread] DEBUG TilesetLoader        - Created buffer with size 1050.0x700.0
15:08:30.363 [JavaFX Application Thread] DEBUG TMXLevelLoader       - Creating object layer entities
15:08:30.366 [JavaFX Application Thread] DEBUG GameWorld            - Clearing removable entities
15:08:30.367 [JavaFX Application Thread] DEBUG GameWorld            - Setting level: com.almasb.fxgl.entity.level.Level@445cedca
15:08:33.676 [JavaFX Application Thread] WARN  TMXLevelLoader       - TiledMap generated from 1.2.3. Supported version: 1.4.2. Some features may not be parsed fully.
15:08:33.677 [JavaFX Application Thread] DEBUG TMXLevelLoader       - Parsed TiledMap: file:/C:/Users/meijr/OneDrive/Documenten/GitHub/ipose-groep-4/target/classes/assets/levels/tmx/level3.tmx
15:08:33.677 [JavaFX Application Thread] DEBUG TMXLevelLoader       - Creating tile layer entities
15:08:33.677 [JavaFX Application Thread] DEBUG TilesetLoader        - Loading view for layer Tile Layer 1
15:08:33.678 [JavaFX Application Thread] DEBUG TilesetLoader        - Created buffer with size 1050.0x700.0
15:08:33.689 [JavaFX Application Thread] DEBUG TMXLevelLoader       - Creating object layer entities
15:08:33.691 [JavaFX Application Thread] DEBUG GameWorld            - Clearing removable entities
15:08:33.692 [JavaFX Application Thread] DEBUG GameWorld            - Setting level: com.almasb.fxgl.entity.level.Level@7885eec7
15:08:36.799 [JavaFX Application Thread] WARN  TMXLevelLoader       - TiledMap generated from 1.2.3. Supported version: 1.4.2. Some features may not be parsed fully.
15:08:36.799 [JavaFX Application Thread] DEBUG TMXLevelLoader       - Parsed TiledMap: file:/C:/Users/meijr/OneDrive/Documenten/GitHub/ipose-groep-4/target/classes/assets/levels/tmx/level3.tmx
15:08:36.799 [JavaFX Application Thread] DEBUG TMXLevelLoader       - Creating tile layer entities
15:08:36.800 [JavaFX Application Thread] DEBUG TilesetLoader        - Loading view for layer Tile Layer 1
15:08:36.800 [JavaFX Application Thread] DEBUG TilesetLoader        - Created buffer with size 1050.0x700.0
15:08:36.812 [JavaFX Application Thread] DEBUG TMXLevelLoader       - Creating object layer entities
15:08:36.813 [JavaFX Application Thread] DEBUG GameWorld            - Clearing removable entities
15:08:36.814 [JavaFX Application Thread] DEBUG GameWorld            - Setting level: com.almasb.fxgl.entity.level.Level@68fb43a5
15:08:39.806 [JavaFX Application Thread] WARN  TMXLevelLoader       - TiledMap generated from 1.2.3. Supported version: 1.4.2. Some features may not be parsed fully.
15:08:39.807 [JavaFX Application Thread] DEBUG TMXLevelLoader       - Parsed TiledMap: file:/C:/Users/meijr/OneDrive/Documenten/GitHub/ipose-groep-4/target/classes/assets/levels/tmx/level3.tmx
15:08:39.807 [JavaFX Application Thread] DEBUG TMXLevelLoader       - Creating tile layer entities
15:08:39.807 [JavaFX Application Thread] DEBUG TilesetLoader        - Loading view for layer Tile Layer 1
15:08:39.808 [JavaFX Application Thread] DEBUG TilesetLoader        - Created buffer with size 1050.0x700.0
15:08:39.820 [JavaFX Application Thread] DEBUG TMXLevelLoader       - Creating object layer entities
15:08:39.822 [JavaFX Application Thread] DEBUG GameWorld            - Clearing removable entities
15:08:39.823 [JavaFX Application Thread] DEBUG GameWorld            - Setting level: com.almasb.fxgl.entity.level.Level@4663572b
15:08:45.677 [JavaFX Application Thread] WARN  TMXLevelLoader       - TiledMap generated from 1.2.3. Supported version: 1.4.2. Some features may not be parsed fully.
15:08:45.677 [JavaFX Application Thread] DEBUG TMXLevelLoader       - Parsed TiledMap: file:/C:/Users/meijr/OneDrive/Documenten/GitHub/ipose-groep-4/target/classes/assets/levels/tmx/level3.tmx
15:08:45.678 [JavaFX Application Thread] DEBUG TMXLevelLoader       - Creating tile layer entities
15:08:45.678 [JavaFX Application Thread] DEBUG TilesetLoader        - Loading view for layer Tile Layer 1
15:08:45.678 [JavaFX Application Thread] DEBUG TilesetLoader        - Created buffer with size 1050.0x700.0
15:08:45.689 [JavaFX Application Thread] DEBUG TMXLevelLoader       - Creating object layer entities
15:08:45.691 [JavaFX Application Thread] DEBUG GameWorld            - Clearing removable entities
15:08:45.692 [JavaFX Application Thread] DEBUG GameWorld            - Setting level: com.almasb.fxgl.entity.level.Level@291b558a
15:08:48.783 [JavaFX Application Thread] WARN  TMXLevelLoader       - TiledMap generated from 1.2.3. Supported version: 1.4.2. Some features may not be parsed fully.
15:08:48.784 [JavaFX Application Thread] DEBUG TMXLevelLoader       - Parsed TiledMap: file:/C:/Users/meijr/OneDrive/Documenten/GitHub/ipose-groep-4/target/classes/assets/levels/tmx/level3.tmx
15:08:48.784 [JavaFX Application Thread] DEBUG TMXLevelLoader       - Creating tile layer entities
15:08:48.785 [JavaFX Application Thread] DEBUG TilesetLoader        - Loading view for layer Tile Layer 1
15:08:48.786 [JavaFX Application Thread] DEBUG TilesetLoader        - Created buffer with size 1050.0x700.0
15:08:48.797 [JavaFX Application Thread] DEBUG TMXLevelLoader       - Creating object layer entities
15:08:48.798 [JavaFX Application Thread] DEBUG GameWorld            - Clearing removable entities
15:08:48.799 [JavaFX Application Thread] DEBUG GameWorld            - Setting level: com.almasb.fxgl.entity.level.Level@5afea515
15:08:52.463 [JavaFX Application Thread] WARN  TMXLevelLoader       - TiledMap generated from 1.2.3. Supported version: 1.4.2. Some features may not be parsed fully.
15:08:52.464 [JavaFX Application Thread] DEBUG TMXLevelLoader       - Parsed TiledMap: file:/C:/Users/meijr/OneDrive/Documenten/GitHub/ipose-groep-4/target/classes/assets/levels/tmx/level3.tmx
15:08:52.464 [JavaFX Application Thread] DEBUG TMXLevelLoader       - Creating tile layer entities
15:08:52.465 [JavaFX Application Thread] DEBUG TilesetLoader        - Loading view for layer Tile Layer 1
15:08:52.465 [JavaFX Application Thread] DEBUG TilesetLoader        - Created buffer with size 1050.0x700.0
15:08:52.476 [JavaFX Application Thread] DEBUG TMXLevelLoader       - Creating object layer entities
15:08:52.478 [JavaFX Application Thread] DEBUG GameWorld            - Clearing removable entities
15:08:52.479 [JavaFX Application Thread] DEBUG GameWorld            - Setting level: com.almasb.fxgl.entity.level.Level@3d8269d2
15:08:55.707 [JavaFX Application Thread] WARN  TMXLevelLoader       - TiledMap generated from 1.2.3. Supported version: 1.4.2. Some features may not be parsed fully.
15:08:55.707 [JavaFX Application Thread] DEBUG TMXLevelLoader       - Parsed TiledMap: file:/C:/Users/meijr/OneDrive/Documenten/GitHub/ipose-groep-4/target/classes/assets/levels/tmx/level3.tmx
15:08:55.707 [JavaFX Application Thread] DEBUG TMXLevelLoader       - Creating tile layer entities
15:08:55.708 [JavaFX Application Thread] DEBUG TilesetLoader        - Loading view for layer Tile Layer 1
15:08:55.708 [JavaFX Application Thread] DEBUG TilesetLoader        - Created buffer with size 1050.0x700.0
15:08:55.719 [JavaFX Application Thread] DEBUG TMXLevelLoader       - Creating object layer entities
15:08:55.720 [JavaFX Application Thread] DEBUG GameWorld            - Clearing removable entities
15:08:55.721 [JavaFX Application Thread] DEBUG GameWorld            - Setting level: com.almasb.fxgl.entity.level.Level@3c979871
15:08:58.875 [JavaFX Application Thread] WARN  TMXLevelLoader       - TiledMap generated from 1.2.3. Supported version: 1.4.2. Some features may not be parsed fully.
15:08:58.877 [JavaFX Application Thread] DEBUG TMXLevelLoader       - Parsed TiledMap: file:/C:/Users/meijr/OneDrive/Documenten/GitHub/ipose-groep-4/target/classes/assets/levels/tmx/level3.tmx
15:08:58.877 [JavaFX Application Thread] DEBUG TMXLevelLoader       - Creating tile layer entities
15:08:58.877 [JavaFX Application Thread] DEBUG TilesetLoader        - Loading view for layer Tile Layer 1
15:08:58.877 [JavaFX Application Thread] DEBUG TilesetLoader        - Created buffer with size 1050.0x700.0
15:08:58.888 [JavaFX Application Thread] DEBUG TMXLevelLoader       - Creating object layer entities
15:08:58.889 [JavaFX Application Thread] DEBUG GameWorld            - Clearing removable entities
15:08:58.890 [JavaFX Application Thread] DEBUG GameWorld            - Setting level: com.almasb.fxgl.entity.level.Level@5b9b310d
15:09:10.824 [JavaFX Application Thread] DEBUG PrimaryStageWindow   - Push state: LevelEndScene
15:09:10.824 [JavaFX Application Thread] DEBUG Input                - Clearing active input actions
15:09:10.824 [JavaFX Application Thread] DEBUG GameApplicationServi - Removing overlay from GameScene and adding to LevelEndScene
15:09:10.825 [JavaFX Application Thread] DEBUG PrimaryStageWindow   - GameScene -> LevelEndScene
15:09:12.813 [JavaFX Application Thread] DEBUG PrimaryStageWindow   - Pop state: LevelEndScene
15:09:12.813 [JavaFX Application Thread] DEBUG Input                - Clearing active input actions
15:09:12.813 [JavaFX Application Thread] DEBUG GameApplicationServi - Removing overlay from LevelEndScene and adding to GameScene
15:09:12.813 [JavaFX Application Thread] DEBUG PrimaryStageWindow   - GameScene <- LevelEndScene
15:09:13.550 [JavaFX Application Thread] DEBUG PrimaryStageWindow   - Push state: DialogSubScene
15:09:13.550 [JavaFX Application Thread] DEBUG Input                - Clearing active input actions
15:09:13.553 [JavaFX Application Thread] DEBUG GameApplicationServi - Removing overlay from GameScene and adding to DialogSubScene
15:09:13.553 [JavaFX Application Thread] DEBUG PrimaryStageWindow   - GameScene -> DialogSubScene
15:09:15.177 [JavaFX Application Thread] DEBUG PrimaryStageWindow   - Pop state: DialogSubScene
15:09:15.177 [JavaFX Application Thread] DEBUG Input                - Clearing active input actions
15:09:15.177 [JavaFX Application Thread] DEBUG GameApplicationServi - Removing overlay from DialogSubScene and adding to GameScene
15:09:15.177 [JavaFX Application Thread] DEBUG PrimaryStageWindow   - GameScene <- DialogSubScene
15:09:18.651 [JavaFX Application Thread] WARN  TMXLevelLoader       - TiledMap generated from 1.2.3. Supported version: 1.4.2. Some features may not be parsed fully.
15:09:18.652 [JavaFX Application Thread] DEBUG TMXLevelLoader       - Parsed TiledMap: file:/C:/Users/meijr/OneDrive/Documenten/GitHub/ipose-groep-4/target/classes/assets/levels/tmx/level3.tmx
15:09:18.652 [JavaFX Application Thread] DEBUG TMXLevelLoader       - Creating tile layer entities
15:09:18.652 [JavaFX Application Thread] DEBUG TilesetLoader        - Loading view for layer Tile Layer 1
15:09:18.653 [JavaFX Application Thread] DEBUG TilesetLoader        - Created buffer with size 1050.0x700.0
15:09:18.666 [JavaFX Application Thread] DEBUG TMXLevelLoader       - Creating object layer entities
15:09:18.667 [JavaFX Application Thread] DEBUG GameWorld            - Clearing removable entities
15:09:18.668 [JavaFX Application Thread] DEBUG GameWorld            - Setting level: com.almasb.fxgl.entity.level.Level@20678773
15:09:25.442 [JavaFX Application Thread] DEBUG PrimaryStageWindow   - Push state: LevelEndScene
15:09:25.443 [JavaFX Application Thread] DEBUG Input                - Clearing active input actions
15:09:25.443 [JavaFX Application Thread] DEBUG GameApplicationServi - Removing overlay from GameScene and adding to LevelEndScene
15:09:25.443 [JavaFX Application Thread] DEBUG PrimaryStageWindow   - GameScene -> LevelEndScene
15:09:28.291 [JavaFX Application Thread] DEBUG PrimaryStageWindow   - Pop state: LevelEndScene
15:09:28.291 [JavaFX Application Thread] DEBUG Input                - Clearing active input actions
15:09:28.291 [JavaFX Application Thread] DEBUG GameApplicationServi - Removing overlay from LevelEndScene and adding to GameScene
15:09:28.291 [JavaFX Application Thread] DEBUG PrimaryStageWindow   - GameScene <- LevelEndScene
15:09:28.716 [JavaFX Application Thread] DEBUG PrimaryStageWindow   - Push state: DialogSubScene
15:09:28.716 [JavaFX Application Thread] DEBUG Input                - Clearing active input actions
15:09:28.717 [JavaFX Application Thread] DEBUG GameApplicationServi - Removing overlay from GameScene and adding to DialogSubScene
15:09:28.717 [JavaFX Application Thread] DEBUG PrimaryStageWindow   - GameScene -> DialogSubScene
15:09:29.327 [JavaFX Application Thread] DEBUG PrimaryStageWindow   - Pop state: DialogSubScene
15:09:29.327 [JavaFX Application Thread] DEBUG Input                - Clearing active input actions
15:09:29.327 [JavaFX Application Thread] DEBUG GameApplicationServi - Removing overlay from DialogSubScene and adding to GameScene
15:09:29.327 [JavaFX Application Thread] DEBUG PrimaryStageWindow   - GameScene <- DialogSubScene
15:09:51.371 [JavaFX Application Thread] WARN  TMXLevelLoader       - TiledMap generated from 1.2.3. Supported version: 1.4.2. Some features may not be parsed fully.
15:09:51.372 [JavaFX Application Thread] DEBUG TMXLevelLoader       - Parsed TiledMap: file:/C:/Users/meijr/OneDrive/Documenten/GitHub/ipose-groep-4/target/classes/assets/levels/tmx/level3.tmx
15:09:51.372 [JavaFX Application Thread] DEBUG TMXLevelLoader       - Creating tile layer entities
15:09:51.372 [JavaFX Application Thread] DEBUG TilesetLoader        - Loading view for layer Tile Layer 1
15:09:51.373 [JavaFX Application Thread] DEBUG TilesetLoader        - Created buffer with size 1050.0x700.0
15:09:51.384 [JavaFX Application Thread] DEBUG TMXLevelLoader       - Creating object layer entities
15:09:51.385 [JavaFX Application Thread] DEBUG GameWorld            - Clearing removable entities
15:09:51.386 [JavaFX Application Thread] DEBUG GameWorld            - Setting level: com.almasb.fxgl.entity.level.Level@815134d
15:09:54.157 [JavaFX Application Thread] DEBUG PrimaryStageWindow   - Push state: LevelEndScene
15:09:54.157 [JavaFX Application Thread] DEBUG Input                - Clearing active input actions
15:09:54.157 [JavaFX Application Thread] DEBUG GameApplicationServi - Removing overlay from GameScene and adding to LevelEndScene
15:09:54.157 [JavaFX Application Thread] DEBUG PrimaryStageWindow   - GameScene -> LevelEndScene
15:09:55.181 [JavaFX Application Thread] DEBUG PrimaryStageWindow   - Pop state: LevelEndScene
15:09:55.181 [JavaFX Application Thread] DEBUG Input                - Clearing active input actions
15:09:55.181 [JavaFX Application Thread] DEBUG GameApplicationServi - Removing overlay from LevelEndScene and adding to GameScene
15:09:55.181 [JavaFX Application Thread] DEBUG PrimaryStageWindow   - GameScene <- LevelEndScene
15:09:55.981 [JavaFX Application Thread] DEBUG PrimaryStageWindow   - Push state: DialogSubScene
15:09:55.981 [JavaFX Application Thread] DEBUG Input                - Clearing active input actions
15:09:55.982 [JavaFX Application Thread] DEBUG GameApplicationServi - Removing overlay from GameScene and adding to DialogSubScene
15:09:55.982 [JavaFX Application Thread] DEBUG PrimaryStageWindow   - GameScene -> DialogSubScene
15:09:56.796 [JavaFX Application Thread] DEBUG PrimaryStageWindow   - Pop state: DialogSubScene
15:09:56.796 [JavaFX Application Thread] DEBUG Input                - Clearing active input actions
15:09:56.796 [JavaFX Application Thread] DEBUG GameApplicationServi - Removing overlay from DialogSubScene and adding to GameScene
15:09:56.796 [JavaFX Application Thread] DEBUG PrimaryStageWindow   - GameScene <- DialogSubScene
15:09:58.296 [JavaFX Application Thread] DEBUG FXGLApplication      - Exiting FXGL
15:09:58.296 [JavaFX Application Thread] DEBUG LoopRunner           - Stopping loop
15:09:58.296 [JavaFX Application Thread] DEBUG SystemBundleService  - Saving FXGL system data
15:09:58.309 [JavaFX Application Thread] DEBUG FileSystemAccess     - Writing to: C:\Users\meijr\OneDrive\Documenten\GitHub\ipose-groep-4\system\fxgl.bundle
15:09:58.312 [JavaFX Application Thread] DEBUG Async                - Shutting down background threads
15:09:58.312 [JavaFX Application Thread] DEBUG PrimaryStageWindow   - Closing main window
15:09:58.339 [JavaFX Application Thread] DEBUG Logger               - Closing Logger
