19:52:09.500 [main                     ] DEBUG Logger               - Configured Logger
19:52:09.527 [main                     ] DEBUG GameApplication      - Logging settings
Title: Miguel
Version: 1.0
Width: 1280
Height: 720
Fullscreen: false
Intro: false
Profiling: false
Single step:false
App Mode: DEVELOPER
Menu Key: ESCAPE
Stage Style: DECORATED
Scene Factory: class com.almasb.fxglgames.platformer.PlatformerApp$1

19:52:09.991 [JavaFX Application Thread] DEBUG FXGLApplication      - Initializing FXGL
19:52:09.994 [JavaFX Application Thread] INFO  Engine               - FXGL-17.1 (24.03.2022 17.34) on WINDOWS (J:19.0.1 FX:19-ea)
19:52:09.995 [JavaFX Application Thread] DEBUG Engine               - JRE Vendor Name: Oracle Corporation
19:52:09.995 [JavaFX Application Thread] DEBUG Engine               - Running on OS: Windows 10 version 10.0
19:52:09.995 [JavaFX Application Thread] DEBUG Engine               - Architecture: amd64
19:52:09.995 [JavaFX Application Thread] INFO  Engine               - Source code and latest versions at: https://github.com/AlmasB/FXGL
19:52:09.995 [JavaFX Application Thread] INFO  Engine               -       Ask questions and discuss at: https://github.com/AlmasB/FXGL/discussions
19:52:09.995 [JavaFX Application Thread] INFO  Engine               -              Join the FXGL chat at: https://gitter.im/AlmasB/FXGL
19:52:10.074 [JavaFX Application Thread] DEBUG PrimaryStageWindow   - Creating a JavaFX scene
19:52:10.113 [JavaFX Application Thread] DEBUG PrimaryStageWindow   - Target settings size: 1280.0 x 720.0
19:52:10.113 [JavaFX Application Thread] DEBUG PrimaryStageWindow   - Scaled scene size:    1280.0 x 720.0
19:52:10.113 [JavaFX Application Thread] DEBUG PrimaryStageWindow   - Scaled ratio: (1.0, 1.0)
19:52:10.114 [JavaFX Application Thread] DEBUG PrimaryStageWindow   - Set initial scene to FXGLStartupScene
19:52:10.121 [JavaFX Application Thread] DEBUG PrimaryStageWindow   - Opening main window
19:52:10.199 [JavaFX Application Thread] DEBUG PrimaryStageWindow   - Window border size: (14.4000244140625, 37.5999755859375)
19:52:10.200 [JavaFX Application Thread] DEBUG PrimaryStageWindow   - Scaled size: 1280.0 x 720.0
19:52:10.200 [JavaFX Application Thread] DEBUG PrimaryStageWindow   - Scaled ratio: (1.0, 1.0)
19:52:10.200 [JavaFX Application Thread] DEBUG PrimaryStageWindow   - Scene size: 1280.0 x 720.0
19:52:10.201 [JavaFX Application Thread] DEBUG PrimaryStageWindow   - Stage size: 1294.4000244140625 x 757.5999755859375
19:52:10.210 [FXGL Background Thread 1 ] DEBUG Engine               - Initializing environment variables
19:52:10.264 [FXGL Background Thread 1 ] DEBUG FXGLAssetLoaderServi - User app class for loading assets: class com.almasb.fxglgames.platformer.PlatformerApp
19:52:10.264 [FXGL Background Thread 1 ] DEBUG GameApplicationServi - Applying CSS: fxgl_dark.css
19:52:10.265 [FXGL Background Thread 1 ] DEBUG FXGLAssetLoaderServi - Loading from file system: jar:file:///C:/Users/koenm/.m2/repository/com/github/almasb/fxgl/17.1/fxgl-17.1.jar!/fxglassets/ui/css/fxgl_dark.css
19:52:10.301 [FXGL Background Thread 1 ] DEBUG GameApplicationServi - Initializing application scenes
19:52:10.342 [FXGL Background Thread 1 ] DEBUG FXGLAssetLoaderServi - Loading from file system: file:/C:/Users/koenm/Documents/GitHub/ipose-groep-4/target/classes/assets/textures/player.png
19:52:10.360 [FXGL Background Thread 1 ] DEBUG GameWorld            - Game world initialized
19:52:10.414 [FXGL Background Thread 1 ] DEBUG PhysicsWorld         - Physics world initialized: appHeight=720, physics.ppm=50,0
19:52:10.414 [FXGL Background Thread 1 ] DEBUG PhysicsWorld         - Using strategy: BRUTE_FORCE
19:52:10.417 [FXGL Background Thread 1 ] DEBUG GameScene            - Game scene initialized: 1280x720
19:52:10.426 [FXGL Background Thread 1 ] DEBUG FXGL.DefaultMenu     - createMenuBodyGameMenu()
19:52:10.440 [FXGL Background Thread 1 ] DEBUG FXGL.DefaultMenu     - createOptionsMenu()
19:52:10.449 [FXGL Background Thread 1 ] DEBUG FXGLAssetLoaderServi - Loading from file system: jar:file:///C:/Users/koenm/.m2/repository/com/github/almasb/fxgl/17.1/fxgl-17.1.jar!/fxglassets/textures/particles/smoke.png
19:52:10.526 [FXGL Background Thread 1 ] DEBUG FXGLAssetLoaderServi - Loading from file system: jar:file:///C:/Users/koenm/.m2/repository/com/github/almasb/fxgl/17.1/fxgl-17.1.jar!/fxglassets/textures/particles/trace_horizontal.png
19:52:10.568 [FXGL Background Thread 1 ] DEBUG GameApplicationServi - Application scenes initialized
19:52:10.594 [FXGL Background Thread 1 ] DEBUG SystemBundleService  - Loading FXGL system data
19:52:10.604 [FXGL Background Thread 1 ] DEBUG FileSystemAccess     - Reading from: C:\Users\koenm\Documents\GitHub\ipose-groep-4\system\fxgl.bundle
19:52:10.619 [FXGL Background Thread 1 ] DEBUG SystemBundleService  - Bundle FXGL: {}
19:52:10.619 [FXGL Background Thread 1 ] DEBUG UpdaterService       - Checking for updates
19:52:10.631 [FXGL Background Thread 1 ] DEBUG FXGLApplication      - Loading default localization
19:52:10.631 [FXGL Background Thread 4 ] DEBUG FXGLApplication      - Loading fonts
19:52:10.632 [FXGL Background Thread 1 ] DEBUG FXGLAssetLoaderServi - Loading from file system: jar:file:///C:/Users/koenm/.m2/repository/com/github/almasb/fxgl/17.1/fxgl-17.1.jar!/fxglassets/languages/english.lang
19:52:10.632 [FXGL Background Thread 4 ] DEBUG FXGLAssetLoaderServi - Loading from file system: jar:file:///C:/Users/koenm/.m2/repository/com/github/almasb/fxgl/17.1/fxgl-17.1.jar!/fxglassets/ui/fonts/VarelaRound-Regular.ttf
19:52:10.662 [FXGL Background Thread 1 ] INFO  FXGLApplication      - FXGL initialization took: 0,451 sec
19:52:10.673 [JavaFX Application Thread] DEBUG Input                - Registered new binding: Left - A
19:52:10.674 [JavaFX Application Thread] DEBUG Input                - Registered new binding: Right - D
19:52:10.674 [JavaFX Application Thread] DEBUG Input                - Registered new binding: Jump - W
19:52:10.674 [JavaFX Application Thread] DEBUG Input                - Registered new binding: Use - E
19:52:10.675 [JavaFX Application Thread] DEBUG FXGLAssetLoaderServi - Loading from file system: file:/C:/Users/koenm/Documents/GitHub/ipose-groep-4/target/classes/assets/music/BGM_dash_runner.wav
19:52:10.815 [FXGL Background Thread 4 ] DEBUG FXGLAssetLoaderServi - Loading from file system: jar:file:///C:/Users/koenm/.m2/repository/com/github/almasb/fxgl/17.1/fxgl-17.1.jar!/fxglassets/ui/fonts/Abel-Regular.ttf
19:52:10.820 [FXGL Background Thread 4 ] DEBUG FXGLAssetLoaderServi - Loading from file system: jar:file:///C:/Users/koenm/.m2/repository/com/github/almasb/fxgl/17.1/fxgl-17.1.jar!/fxglassets/ui/fonts/TerminalLandMono-Regular.otf
19:52:10.824 [FXGL Background Thread 4 ] DEBUG FXGLAssetLoaderServi - Loading from file system: jar:file:///C:/Users/koenm/.m2/repository/com/github/almasb/fxgl/17.1/fxgl-17.1.jar!/fxglassets/ui/fonts/Courier-Prime.ttf
19:52:10.901 [JavaFX Application Thread] DEBUG AudioPlayer          - Playing music com.almasb.fxgl.audio.Music@1117a039
19:52:10.902 [JavaFX Application Thread] DEBUG FXGLAssetLoaderServi - Loading from file system: jar:file:///C:/Users/koenm/.m2/repository/com/github/almasb/fxgl/17.1/fxgl-17.1.jar!/fxglassets/textures/fxgl_icon.png
19:52:10.918 [JavaFX Application Thread] DEBUG FXGLAssetLoaderServi - Loading from file system: jar:file:///C:/Users/koenm/.m2/repository/com/github/almasb/fxgl/17.1/fxgl-17.1.jar!/fxglassets/textures/fxgl_default_cursor.png
19:52:10.920 [JavaFX Application Thread] DEBUG Input                - Registered new binding: Screenshot - CTRL+8
19:52:10.921 [JavaFX Application Thread] DEBUG Input                - Registered new binding: System info dump - CTRL+9
19:52:10.922 [JavaFX Application Thread] DEBUG Input                - Registered new binding: Restart - CTRL+R
19:52:10.923 [JavaFX Application Thread] DEBUG Input                - Registered new binding: Toggle Debug Camera - CTRL+7
19:52:10.925 [JavaFX Application Thread] DEBUG LoopRunner           - Starting loop
19:52:10.925 [JavaFX Application Thread] DEBUG LoopRunner           - Initializing JavaFX AnimationTimerLoop
19:52:10.926 [JavaFX Application Thread] DEBUG GameApplicationServi - Starting new game
19:52:10.927 [JavaFX Application Thread] DEBUG Input                - Clearing active input actions
19:52:10.944 [JavaFX Application Thread] DEBUG GameApplicationServi - Removing overlay from FXGLStartupScene and adding to MainLoadingScene
19:52:10.944 [JavaFX Application Thread] DEBUG PrimaryStageWindow   - FXGLStartupScene -> MainLoadingScene
19:52:10.945 [JavaFX Application Thread] DEBUG GameApplicationServi - Clearing previous game
19:52:10.945 [JavaFX Application Thread] DEBUG GameScene            - Clearing game scene
19:52:10.945 [JavaFX Application Thread] DEBUG GameWorld            - Clearing game world
19:52:10.945 [JavaFX Application Thread] DEBUG PhysicsWorld         - Clearing physics world
19:52:10.946 [FXGL Background Thread 4 ] DEBUG FXGLApplication      - Initializing game
19:52:10.951 [JavaFX Application Thread] DEBUG FXGLApplication      - Registering font factories with UI factory
19:52:10.986 [FXGL Background Thread 4 ] WARN  TMXLevelLoader       - TiledMap generated from 1.10.0. Supported version: 1.4.2. Some features may not be parsed fully.
19:52:10.996 [FXGL Background Thread 4 ] DEBUG TMXLevelLoader       - Parsed TiledMap: file:/C:/Users/koenm/Documents/GitHub/ipose-groep-4/target/classes/assets/levels/tmx/level1.tmx
19:52:10.997 [FXGL Background Thread 4 ] DEBUG TMXLevelLoader       - Creating tile layer entities
19:52:10.998 [FXGL Background Thread 4 ] DEBUG TilesetLoader        - Loading view for layer Tile Layer 1
19:52:11.004 [FXGL Background Thread 4 ] DEBUG TilesetLoader        - Created buffer with size 4900.0x700.0
19:52:11.046 [FXGL Background Thread 4 ] DEBUG TMXLevelLoader       - Creating object layer entities
19:52:11.072 [FXGL Background Thread 4 ] DEBUG GameWorld            - Clearing removable entities
19:52:11.072 [FXGL Background Thread 4 ] DEBUG GameWorld            - Setting level: com.almasb.fxgl.entity.level.Level@71b67cef
19:52:11.139 [FXGL Background Thread 4 ] DEBUG FXGLAssetLoaderServi - Loading from file system: file:/C:/Users/koenm/Documents/GitHub/ipose-groep-4/target/classes/assets/textures/trump.png
19:52:11.144 [FXGL Background Thread 4 ] DEBUG FXGLAssetLoaderServi - Loading from file system: file:/C:/Users/koenm/Documents/GitHub/ipose-groep-4/target/classes/assets/textures/background/forest.png
19:52:11.165 [FXGL Background Thread 4 ] INFO  FXGLApplication      - Game initialization took: 0,219 sec
19:52:11.165 [JavaFX Application Thread] DEBUG Input                - Clearing active input actions
19:52:11.172 [JavaFX Application Thread] DEBUG GameApplicationServi - Removing overlay from MainLoadingScene and adding to GameScene
19:52:11.173 [JavaFX Application Thread] DEBUG PrimaryStageWindow   - MainLoadingScene -> GameScene
19:52:11.216 [FXGL Background Thread 2 ] INFO  UpdaterService       - Your current version:  17.1
19:52:11.216 [FXGL Background Thread 2 ] INFO  UpdaterService       - Latest stable version: 17.3
19:52:13.632 [FXGL Background Thread 3 ] DEBUG Engine               - Logging environment variables
19:52:13.632 [FXGL Background Thread 3 ] DEBUG Engine               - achievements: []
19:52:13.632 [FXGL Background Thread 3 ] DEBUG Engine               - actualHeight: 720.0
19:52:13.632 [FXGL Background Thread 3 ] DEBUG Engine               - actualHeightProperty: ReadOnlyDoubleProperty [value: 720.0]
19:52:13.632 [FXGL Background Thread 3 ] DEBUG Engine               - actualWidth: 1280.0
19:52:13.632 [FXGL Background Thread 3 ] DEBUG Engine               - actualWidthProperty: ReadOnlyDoubleProperty [value: 1280.0]
19:52:13.632 [FXGL Background Thread 3 ] DEBUG Engine               - appIcon: fxgl_icon.png
19:52:13.632 [FXGL Background Thread 3 ] DEBUG Engine               - applicationMode: DEVELOPER
19:52:13.632 [FXGL Background Thread 3 ] DEBUG Engine               - cSSList: [fxgl_dark.css]
19:52:13.632 [FXGL Background Thread 3 ] DEBUG Engine               - collisionDetectionStrategy: BRUTE_FORCE
19:52:13.632 [FXGL Background Thread 3 ] DEBUG Engine               - configClass: Optional.empty
19:52:13.632 [FXGL Background Thread 3 ] DEBUG Engine               - credits: []
19:52:13.632 [FXGL Background Thread 3 ] DEBUG Engine               - defaultCursor: CursorInfo(imageName=fxgl_default_cursor.png, hotspotX=7.0, hotspotY=6.0)
19:52:13.632 [FXGL Background Thread 3 ] DEBUG Engine               - devBBoxColorProperty: ObjectProperty [value: 0xff0000ff]
19:52:13.632 [FXGL Background Thread 3 ] DEBUG Engine               - devEnableDebugCameraProperty: BooleanProperty [value: false]
19:52:13.633 [FXGL Background Thread 3 ] DEBUG Engine               - devSensorColorProperty: ObjectProperty [value: 0xffff00ff]
19:52:13.633 [FXGL Background Thread 3 ] DEBUG Engine               - devShowBBoxProperty: BooleanProperty [value: false]
19:52:13.633 [FXGL Background Thread 3 ] DEBUG Engine               - devShowPositionProperty: BooleanProperty [value: false]
19:52:13.633 [FXGL Background Thread 3 ] DEBUG Engine               - enabledMenuItems: []
19:52:13.633 [FXGL Background Thread 3 ] DEBUG Engine               - engineServices: [class com.almasb.fxgl.app.services.FXGLAssetLoaderService, class com.almasb.fxgl.app.FXGLApplication$GameApplicationService, class com.almasb.fxgl.app.services.FXGLDialogService, class com.almasb.fxgl.app.services.IOTaskExecutorService, class com.almasb.fxgl.io.FileSystemService, class com.almasb.fxgl.localization.LocalizationService, class com.almasb.fxgl.app.services.SystemBundleService, class com.almasb.fxgl.profile.SaveLoadService, class com.almasb.fxgl.ui.FXGLUIFactoryServiceProvider, class com.almasb.fxgl.ui.FXGLDialogFactoryServiceProvider, class com.almasb.fxgl.audio.AudioPlayer, class com.almasb.fxgl.notification.impl.NotificationServiceProvider, class com.almasb.fxgl.achievement.AchievementService, class com.almasb.fxgl.cutscene.CutsceneService, class com.almasb.fxgl.minigames.MiniGameService, class com.almasb.fxgl.net.NetService, class com.almasb.fxgl.app.services.UpdaterService, class com.almasb.fxgl.dev.DevService]
19:52:13.633 [FXGL Background Thread 3 ] DEBUG Engine               - fontGame: Abel-Regular.ttf
19:52:13.633 [FXGL Background Thread 3 ] DEBUG Engine               - fontMono: TerminalLandMono-Regular.otf
19:52:13.633 [FXGL Background Thread 3 ] DEBUG Engine               - fontText: Courier-Prime.ttf
19:52:13.633 [FXGL Background Thread 3 ] DEBUG Engine               - fontUI: VarelaRound-Regular.ttf
19:52:13.633 [FXGL Background Thread 3 ] DEBUG Engine               - fullScreen: BooleanProperty [value: false]
19:52:13.633 [FXGL Background Thread 3 ] DEBUG Engine               - gameDifficulty: MEDIUM
19:52:13.633 [FXGL Background Thread 3 ] DEBUG Engine               - gameDifficultyProperty: ObjectProperty [value: MEDIUM]
19:52:13.633 [FXGL Background Thread 3 ] DEBUG Engine               - globalMusicVolume: 0.5
19:52:13.633 [FXGL Background Thread 3 ] DEBUG Engine               - globalMusicVolumeProperty: DoubleProperty [value: 0.25]
19:52:13.633 [FXGL Background Thread 3 ] DEBUG Engine               - globalSoundVolume: 0.5
19:52:13.633 [FXGL Background Thread 3 ] DEBUG Engine               - globalSoundVolumeProperty: DoubleProperty [value: 0.5]
19:52:13.633 [FXGL Background Thread 3 ] DEBUG Engine               - height: 720
19:52:13.633 [FXGL Background Thread 3 ] DEBUG Engine               - is3D: false
19:52:13.633 [FXGL Background Thread 3 ] DEBUG Engine               - isAndroid: false
19:52:13.633 [FXGL Background Thread 3 ] DEBUG Engine               - isBrowser: false
19:52:13.634 [FXGL Background Thread 3 ] DEBUG Engine               - isClickFeedbackEnabled: false
19:52:13.634 [FXGL Background Thread 3 ] DEBUG Engine               - isCloseConfirmation: false
19:52:13.634 [FXGL Background Thread 3 ] DEBUG Engine               - isDesktop: true
19:52:13.634 [FXGL Background Thread 3 ] DEBUG Engine               - isDeveloperMenuEnabled: false
19:52:13.634 [FXGL Background Thread 3 ] DEBUG Engine               - isEmbedded: false
19:52:13.634 [FXGL Background Thread 3 ] DEBUG Engine               - isEntityPreloadEnabled: true
19:52:13.634 [FXGL Background Thread 3 ] DEBUG Engine               - isExperimentalTiledLargeMap: false
19:52:13.634 [FXGL Background Thread 3 ] DEBUG Engine               - isFileSystemWriteAllowed: true
19:52:13.634 [FXGL Background Thread 3 ] DEBUG Engine               - isFullScreenAllowed: false
19:52:13.634 [FXGL Background Thread 3 ] DEBUG Engine               - isFullScreenFromStart: false
19:52:13.634 [FXGL Background Thread 3 ] DEBUG Engine               - isGameMenuEnabled: true
19:52:13.634 [FXGL Background Thread 3 ] DEBUG Engine               - isIOS: false
19:52:13.634 [FXGL Background Thread 3 ] DEBUG Engine               - isIntroEnabled: false
19:52:13.634 [FXGL Background Thread 3 ] DEBUG Engine               - isLinux: false
19:52:13.634 [FXGL Background Thread 3 ] DEBUG Engine               - isMac: false
19:52:13.634 [FXGL Background Thread 3 ] DEBUG Engine               - isMainMenuEnabled: false
19:52:13.634 [FXGL Background Thread 3 ] DEBUG Engine               - isManualResizeEnabled: false
19:52:13.634 [FXGL Background Thread 3 ] DEBUG Engine               - isMobile: false
19:52:13.634 [FXGL Background Thread 3 ] DEBUG Engine               - isNative: false
19:52:13.634 [FXGL Background Thread 3 ] DEBUG Engine               - isPauseMusicWhenMinimized: true
19:52:13.634 [FXGL Background Thread 3 ] DEBUG Engine               - isPreserveResizeRatio: false
19:52:13.634 [FXGL Background Thread 3 ] DEBUG Engine               - isProfilingEnabled: false
19:52:13.634 [FXGL Background Thread 3 ] DEBUG Engine               - isScaleAffectedOnResize: true
19:52:13.634 [FXGL Background Thread 3 ] DEBUG Engine               - isSingleStep: false
19:52:13.635 [FXGL Background Thread 3 ] DEBUG Engine               - isUserProfileEnabled: false
19:52:13.635 [FXGL Background Thread 3 ] DEBUG Engine               - isWindows: true
19:52:13.635 [FXGL Background Thread 3 ] DEBUG Engine               - language: ObjectProperty [value: ENGLISH]
19:52:13.635 [FXGL Background Thread 3 ] DEBUG Engine               - menuKey: ESCAPE
19:52:13.635 [FXGL Background Thread 3 ] DEBUG Engine               - mouseSensitivity: 0.2
19:52:13.635 [FXGL Background Thread 3 ] DEBUG Engine               - notificationViewClass: class com.almasb.fxgl.notification.view.XboxNotificationView
19:52:13.635 [FXGL Background Thread 3 ] DEBUG Engine               - pixelsPerMeter: 50.0
19:52:13.635 [FXGL Background Thread 3 ] DEBUG Engine               - platform: WINDOWS
19:52:13.635 [FXGL Background Thread 3 ] DEBUG Engine               - prefHeightProperty: ReadOnlyDoubleProperty [value: 720.0]
19:52:13.635 [FXGL Background Thread 3 ] DEBUG Engine               - prefWidthProperty: ReadOnlyDoubleProperty [value: 1280.0]
19:52:13.635 [FXGL Background Thread 3 ] DEBUG Engine               - profileDir: profiles/
19:52:13.635 [FXGL Background Thread 3 ] DEBUG Engine               - profileName: StringProperty [value: DEFAULT]
19:52:13.635 [FXGL Background Thread 3 ] DEBUG Engine               - randomSeed: -1
19:52:13.635 [FXGL Background Thread 3 ] DEBUG Engine               - runtimeInfo: RuntimeInfo(platform=WINDOWS, version=17.1, build=24.03.2022 17.34)
19:52:13.636 [FXGL Background Thread 3 ] DEBUG Engine               - saveFileExt: sav
19:52:13.636 [FXGL Background Thread 3 ] DEBUG Engine               - scaledHeightProp$fxgl: DoubleProperty [bound, value: 720.0]
19:52:13.636 [FXGL Background Thread 3 ] DEBUG Engine               - scaledWidthProp$fxgl: DoubleProperty [bound, value: 1280.0]
19:52:13.636 [FXGL Background Thread 3 ] DEBUG Engine               - sceneFactory: com.almasb.fxglgames.platformer.PlatformerApp$1@b265461
19:52:13.636 [FXGL Background Thread 3 ] DEBUG Engine               - secondsIn24h: 60
19:52:13.636 [FXGL Background Thread 3 ] DEBUG Engine               - soundMenuBack: menu/back.wav
19:52:13.636 [FXGL Background Thread 3 ] DEBUG Engine               - soundMenuPress: menu/press.wav
19:52:13.636 [FXGL Background Thread 3 ] DEBUG Engine               - soundMenuSelect: menu/select.wav
19:52:13.636 [FXGL Background Thread 3 ] DEBUG Engine               - soundNotification: core/notification.wav
19:52:13.636 [FXGL Background Thread 3 ] DEBUG Engine               - stageStyle: DECORATED
19:52:13.636 [FXGL Background Thread 3 ] DEBUG Engine               - supportedLanguages: [ENGLISH, FRENCH, GERMAN, HUNGARIAN, RUSSIAN]
19:52:13.637 [FXGL Background Thread 3 ] DEBUG Engine               - ticksPerSecond: -1
19:52:13.637 [FXGL Background Thread 3 ] DEBUG Engine               - title: Miguel
19:52:13.637 [FXGL Background Thread 3 ] DEBUG Engine               - urlGithub: https://github.com/AlmasB/FXGL
19:52:13.637 [FXGL Background Thread 3 ] DEBUG Engine               - urlLeaderboard: http://fxgl-top.herokuapp.com/
19:52:13.637 [FXGL Background Thread 3 ] DEBUG Engine               - urlPOM: https://raw.githubusercontent.com/AlmasB/FXGL/release/README.md
19:52:13.637 [FXGL Background Thread 3 ] DEBUG Engine               - userAppClass: class com.almasb.fxglgames.platformer.PlatformerApp
19:52:13.637 [FXGL Background Thread 3 ] DEBUG Engine               - version: 1.0
19:52:13.637 [FXGL Background Thread 3 ] DEBUG Engine               - versionCheckDays: 7
19:52:13.637 [FXGL Background Thread 3 ] DEBUG Engine               - width: 1280
19:52:13.637 [FXGL Background Thread 3 ] DEBUG Engine               - Logging services
19:52:13.637 [FXGL Background Thread 3 ] DEBUG Engine               - class com.almasb.fxgl.app.services.FXGLAssetLoaderService
19:52:13.637 [FXGL Background Thread 3 ] DEBUG Engine               - class com.almasb.fxgl.app.FXGLApplication$GameApplicationService
19:52:13.637 [FXGL Background Thread 3 ] DEBUG Engine               - class com.almasb.fxgl.app.services.FXGLDialogService
19:52:13.637 [FXGL Background Thread 3 ] DEBUG Engine               - class com.almasb.fxgl.app.services.IOTaskExecutorService
19:52:13.637 [FXGL Background Thread 3 ] DEBUG Engine               - class com.almasb.fxgl.io.FileSystemService
19:52:13.637 [FXGL Background Thread 3 ] DEBUG Engine               - class com.almasb.fxgl.localization.LocalizationService
19:52:13.637 [FXGL Background Thread 3 ] DEBUG Engine               - class com.almasb.fxgl.app.services.SystemBundleService
19:52:13.637 [FXGL Background Thread 3 ] DEBUG Engine               - class com.almasb.fxgl.profile.SaveLoadService
19:52:13.638 [FXGL Background Thread 3 ] DEBUG Engine               - class com.almasb.fxgl.ui.FXGLUIFactoryServiceProvider
19:52:13.638 [FXGL Background Thread 3 ] DEBUG Engine               - class com.almasb.fxgl.ui.FXGLDialogFactoryServiceProvider
19:52:13.638 [FXGL Background Thread 3 ] DEBUG Engine               - class com.almasb.fxgl.audio.AudioPlayer
19:52:13.638 [FXGL Background Thread 3 ] DEBUG Engine               - class com.almasb.fxgl.notification.impl.NotificationServiceProvider
19:52:13.638 [FXGL Background Thread 3 ] DEBUG Engine               - class com.almasb.fxgl.achievement.AchievementService
19:52:13.638 [FXGL Background Thread 3 ] DEBUG Engine               - class com.almasb.fxgl.cutscene.CutsceneService
19:52:13.638 [FXGL Background Thread 3 ] DEBUG Engine               - class com.almasb.fxgl.minigames.MiniGameService
19:52:13.638 [FXGL Background Thread 3 ] DEBUG Engine               - class com.almasb.fxgl.net.NetService
19:52:13.638 [FXGL Background Thread 3 ] DEBUG Engine               - class com.almasb.fxgl.app.services.UpdaterService
19:52:13.638 [FXGL Background Thread 3 ] DEBUG Engine               - class com.almasb.fxgl.dev.DevService
19:52:26.464 [JavaFX Application Thread] DEBUG Input                - Registered new binding: Close Level End Screen - LMB
19:52:26.465 [JavaFX Application Thread] DEBUG PrimaryStageWindow   - Push state: LevelEndScene
19:52:26.465 [JavaFX Application Thread] DEBUG Input                - Clearing active input actions
19:52:26.465 [JavaFX Application Thread] DEBUG GameApplicationServi - Removing overlay from GameScene and adding to LevelEndScene
19:52:26.465 [JavaFX Application Thread] DEBUG PrimaryStageWindow   - GameScene -> LevelEndScene
19:52:27.477 [JavaFX Application Thread] DEBUG PrimaryStageWindow   - Pop state: LevelEndScene
19:52:27.477 [JavaFX Application Thread] DEBUG Input                - Clearing active input actions
19:52:27.477 [JavaFX Application Thread] DEBUG GameApplicationServi - Removing overlay from LevelEndScene and adding to GameScene
19:52:27.477 [JavaFX Application Thread] DEBUG PrimaryStageWindow   - GameScene <- LevelEndScene
19:52:28.445 [JavaFX Application Thread] DEBUG AudioPlayer          - Pausing music com.almasb.fxgl.audio.Music@1117a039
19:52:28.445 [JavaFX Application Thread] DEBUG LoopRunner           - Pausing loop
19:52:28.447 [JavaFX Application Thread] DEBUG PrimaryStageWindow   - Push state: DialogSubScene
19:52:28.447 [JavaFX Application Thread] DEBUG Input                - Clearing active input actions
19:52:28.450 [JavaFX Application Thread] DEBUG GameApplicationServi - Removing overlay from GameScene and adding to DialogSubScene
19:52:28.450 [JavaFX Application Thread] DEBUG PrimaryStageWindow   - GameScene -> DialogSubScene
19:52:28.451 [JavaFX Application Thread] DEBUG Input                - Clearing active input actions
19:52:28.461 [JavaFX Application Thread] DEBUG LoopRunner           - Stopping loop
19:52:28.463 [JavaFX Application Thread] FATAL FXGLApplication      - Uncaught Exception:
java.lang.NullPointerException: Cannot invoke "com.almasb.fxglgames.platformer.ScoreManager.setScore(double)" because "this.scoreManager" is null
	at mario.main/com.almasb.fxglgames.platformer.PlatformerApp.nextLevel(PlatformerApp.java:312)
	at mario.main/com.almasb.fxglgames.platformer.PlatformerApp.lambda$initPhysics$1(PlatformerApp.java:210)
	at com.almasb.fxgl.all@17.1/com.almasb.fxgl.app.scene.Viewport.updateFadeFlash(Viewport.kt:422)
	at com.almasb.fxgl.all@17.1/com.almasb.fxgl.app.scene.Viewport.onUpdate(Viewport.kt:334)
	at com.almasb.fxgl.all@17.1/com.almasb.fxgl.app.scene.GameScene.step(GameScene.kt:226)
	at com.almasb.fxgl.all@17.1/com.almasb.fxgl.app.scene.GameScene.onUpdate(GameScene.kt:220)
	at com.almasb.fxgl.scene@17.1/com.almasb.fxgl.scene.Scene.update(Scene.kt:105)
	at com.almasb.fxgl.all@17.1/com.almasb.fxgl.app.MainWindow$update$1.invoke(MainWindow.kt:115)
	at com.almasb.fxgl.all@17.1/com.almasb.fxgl.app.MainWindow$update$1.invoke(MainWindow.kt:115)
	at com.almasb.fxgl.core@17.1/com.almasb.fxgl.core.fsm.StateMachine.runOnActiveStates(StateMachine.kt:69)
	at com.almasb.fxgl.all@17.1/com.almasb.fxgl.app.MainWindow.update(MainWindow.kt:115)
	at com.almasb.fxgl.all@17.1/com.almasb.fxgl.app.FXGLApplication$GameApplicationService.onUpdate(FXGLApplication.kt:426)
	at com.almasb.fxgl.all@17.1/com.almasb.fxgl.app.Engine.loop(Engine.kt:134)
	at com.almasb.fxgl.all@17.1/com.almasb.fxgl.app.Engine.access$loop(Engine.kt:24)
	at com.almasb.fxgl.all@17.1/com.almasb.fxgl.app.Engine$loop$1.invoke(Engine.kt:28)
	at com.almasb.fxgl.all@17.1/com.almasb.fxgl.app.Engine$loop$1.invoke(Engine.kt:28)
	at com.almasb.fxgl.all@17.1/com.almasb.fxgl.app.LoopRunner.frame(LoopRunner.kt:103)
	at com.almasb.fxgl.all@17.1/com.almasb.fxgl.app.LoopRunner.access$frame(LoopRunner.kt:23)
	at com.almasb.fxgl.all@17.1/com.almasb.fxgl.app.LoopRunner$impl$2$1.onTick(LoopRunner.kt:57)
	at com.almasb.fxgl.all@17.1/com.almasb.fxgl.app.AnimationTimerLoop$timer$1.handle(LoopRunner.kt:137)
	at javafx.graphics@19-ea/javafx.animation.AnimationTimer$AnimationTimerReceiver.lambda$handle$0(AnimationTimer.java:58)
	at java.base/java.security.AccessController.doPrivileged(AccessController.java:399)
	at javafx.graphics@19-ea/javafx.animation.AnimationTimer$AnimationTimerReceiver.handle(AnimationTimer.java:57)
	at javafx.graphics@19-ea/com.sun.scenario.animation.AbstractPrimaryTimer.timePulseImpl(AbstractPrimaryTimer.java:356)
	at javafx.graphics@19-ea/com.sun.scenario.animation.AbstractPrimaryTimer$MainLoop.run(AbstractPrimaryTimer.java:266)
	at javafx.graphics@19-ea/com.sun.javafx.tk.quantum.QuantumToolkit.pulse(QuantumToolkit.java:571)
	at javafx.graphics@19-ea/com.sun.javafx.tk.quantum.QuantumToolkit.pulse(QuantumToolkit.java:555)
	at javafx.graphics@19-ea/com.sun.javafx.tk.quantum.QuantumToolkit.pulseFromQueue(QuantumToolkit.java:548)
	at javafx.graphics@19-ea/com.sun.javafx.tk.quantum.QuantumToolkit.lambda$runToolkit$11(QuantumToolkit.java:352)
	at javafx.graphics@19-ea/com.sun.glass.ui.InvokeLaterDispatcher$Future.run(InvokeLaterDispatcher.java:96)
	at javafx.graphics@19-ea/com.sun.glass.ui.win.WinApplication._runLoop(Native Method)
	at javafx.graphics@19-ea/com.sun.glass.ui.win.WinApplication.lambda$runLoop$3(WinApplication.java:184)
	at java.base/java.lang.Thread.run(Thread.java:1589)

19:52:28.463 [JavaFX Application Thread] FATAL FXGLApplication      - Application will now exit
19:52:28.472 [JavaFX Application Thread] DEBUG PrimaryStageWindow   - Push state: ErrorSubScene
19:52:28.473 [JavaFX Application Thread] DEBUG Input                - Clearing active input actions
19:52:28.474 [JavaFX Application Thread] DEBUG GameApplicationServi - Removing overlay from DialogSubScene and adding to ErrorSubScene
19:52:28.474 [JavaFX Application Thread] DEBUG PrimaryStageWindow   - DialogSubScene -> ErrorSubScene
19:52:31.383 [JavaFX Application Thread] DEBUG FXGLApplication      - Exiting FXGL
19:52:31.383 [JavaFX Application Thread] DEBUG Async                - Shutting down background threads
19:52:31.384 [JavaFX Application Thread] DEBUG PrimaryStageWindow   - Closing main window
19:52:31.394 [JavaFX Application Thread] DEBUG Logger               - Closing Logger
