10:07:35.690 [main                     ] DEBUG Logger               - Configured Logger
10:07:35.741 [main                     ] DEBUG GameApplication      - Logging settings
Title: Miguel
Version: 1.0
Width: 1280
Height: 720
Fullscreen: false
Intro: false
Profiling: false
Single step:false
App Mode: DEVELOPER
Menu Key: ESCAPE
Stage Style: DECORATED
Scene Factory: class com.almasb.fxglgames.platformer.PlatformerApp$1

10:07:36.309 [JavaFX Application Thread] DEBUG FXGLApplication      - Initializing FXGL
10:07:36.318 [JavaFX Application Thread] INFO  Engine               - FXGL-17.1 (24.03.2022 17.34) on WINDOWS (J:19.0.1 FX:19-ea)
10:07:36.319 [JavaFX Application Thread] DEBUG Engine               - JRE Vendor Name: Oracle Corporation
10:07:36.320 [JavaFX Application Thread] DEBUG Engine               - Running on OS: Windows 10 version 10.0
10:07:36.320 [JavaFX Application Thread] DEBUG Engine               - Architecture: amd64
10:07:36.320 [JavaFX Application Thread] INFO  Engine               - Source code and latest versions at: https://github.com/AlmasB/FXGL
10:07:36.320 [JavaFX Application Thread] INFO  Engine               -       Ask questions and discuss at: https://github.com/AlmasB/FXGL/discussions
10:07:36.321 [JavaFX Application Thread] INFO  Engine               -              Join the FXGL chat at: https://gitter.im/AlmasB/FXGL
10:07:36.462 [JavaFX Application Thread] DEBUG PrimaryStageWindow   - Creating a JavaFX scene
10:07:36.536 [JavaFX Application Thread] DEBUG PrimaryStageWindow   - Target settings size: 1280.0 x 720.0
10:07:36.536 [JavaFX Application Thread] DEBUG PrimaryStageWindow   - Scaled scene size:    1280.0 x 720.0
10:07:36.536 [JavaFX Application Thread] DEBUG PrimaryStageWindow   - Scaled ratio: (1.0, 1.0)
10:07:36.538 [JavaFX Application Thread] DEBUG PrimaryStageWindow   - Set initial scene to FXGLStartupScene
10:07:36.549 [JavaFX Application Thread] DEBUG PrimaryStageWindow   - Opening main window
10:07:36.674 [JavaFX Application Thread] DEBUG PrimaryStageWindow   - Window border size: (14.4000244140625, 37.5999755859375)
10:07:36.675 [JavaFX Application Thread] DEBUG PrimaryStageWindow   - Scaled size: 1280.0 x 720.0
10:07:36.676 [JavaFX Application Thread] DEBUG PrimaryStageWindow   - Scaled ratio: (1.0, 1.0)
10:07:36.677 [JavaFX Application Thread] DEBUG PrimaryStageWindow   - Scene size: 1280.0 x 720.0
10:07:36.677 [JavaFX Application Thread] DEBUG PrimaryStageWindow   - Stage size: 1294.4000244140625 x 757.5999755859375
10:07:36.693 [FXGL Background Thread 1 ] DEBUG Engine               - Initializing environment variables
10:07:36.785 [FXGL Background Thread 1 ] DEBUG FXGLAssetLoaderServi - User app class for loading assets: class com.almasb.fxglgames.platformer.PlatformerApp
10:07:36.786 [FXGL Background Thread 1 ] DEBUG GameApplicationServi - Applying CSS: fxgl_dark.css
10:07:36.787 [FXGL Background Thread 1 ] DEBUG FXGLAssetLoaderServi - Loading from file system: jar:file:///C:/Users/jardk/.m2/repository/com/github/almasb/fxgl/17.1/fxgl-17.1.jar!/fxglassets/ui/css/fxgl_dark.css
10:07:36.874 [FXGL Background Thread 1 ] DEBUG GameApplicationServi - Initializing application scenes
10:07:36.955 [FXGL Background Thread 1 ] DEBUG FXGLAssetLoaderServi - Loading from file system: file:/C:/ipose-groep-4/target/classes/assets/textures/player.png
10:07:36.999 [FXGL Background Thread 1 ] DEBUG GameWorld            - Game world initialized
10:07:37.094 [FXGL Background Thread 1 ] DEBUG PhysicsWorld         - Physics world initialized: appHeight=720, physics.ppm=50,0
10:07:37.094 [FXGL Background Thread 1 ] DEBUG PhysicsWorld         - Using strategy: BRUTE_FORCE
10:07:37.101 [FXGL Background Thread 1 ] DEBUG GameScene            - Game scene initialized: 1280x720
10:07:37.115 [FXGL Background Thread 1 ] DEBUG FXGL.DefaultMenu     - createMenuBodyGameMenu()
10:07:37.143 [FXGL Background Thread 1 ] DEBUG FXGL.DefaultMenu     - createOptionsMenu()
10:07:37.162 [FXGL Background Thread 1 ] DEBUG FXGLAssetLoaderServi - Loading from file system: jar:file:///C:/Users/jardk/.m2/repository/com/github/almasb/fxgl/17.1/fxgl-17.1.jar!/fxglassets/textures/particles/smoke.png
10:07:37.287 [FXGL Background Thread 1 ] DEBUG FXGLAssetLoaderServi - Loading from file system: jar:file:///C:/Users/jardk/.m2/repository/com/github/almasb/fxgl/17.1/fxgl-17.1.jar!/fxglassets/textures/particles/trace_horizontal.png
10:07:37.340 [FXGL Background Thread 1 ] DEBUG GameApplicationServi - Application scenes initialized
10:07:37.361 [FXGL Background Thread 1 ] DEBUG SystemBundleService  - Loading FXGL system data
10:07:37.369 [FXGL Background Thread 1 ] DEBUG FileSystemAccess     - Reading from: C:\ipose-groep-4\system\fxgl.bundle
10:07:37.384 [FXGL Background Thread 1 ] DEBUG SystemBundleService  - Bundle FXGL: {}
10:07:37.384 [FXGL Background Thread 1 ] DEBUG UpdaterService       - Checking for updates
10:07:37.390 [FXGL Background Thread 4 ] DEBUG FXGLApplication      - Loading fonts
10:07:37.391 [FXGL Background Thread 1 ] DEBUG FXGLApplication      - Loading default localization
10:07:37.391 [FXGL Background Thread 4 ] DEBUG FXGLAssetLoaderServi - Loading from file system: jar:file:///C:/Users/jardk/.m2/repository/com/github/almasb/fxgl/17.1/fxgl-17.1.jar!/fxglassets/ui/fonts/VarelaRound-Regular.ttf
10:07:37.392 [FXGL Background Thread 1 ] DEBUG FXGLAssetLoaderServi - Loading from file system: jar:file:///C:/Users/jardk/.m2/repository/com/github/almasb/fxgl/17.1/fxgl-17.1.jar!/fxglassets/languages/english.lang
10:07:37.426 [FXGL Background Thread 1 ] INFO  FXGLApplication      - FXGL initialization took: 0,732 sec
10:07:37.442 [JavaFX Application Thread] DEBUG Input                - Registered new binding: Left - A
10:07:37.443 [JavaFX Application Thread] DEBUG Input                - Registered new binding: Right - D
10:07:37.443 [JavaFX Application Thread] DEBUG Input                - Registered new binding: Jump - W
10:07:37.443 [JavaFX Application Thread] DEBUG Input                - Registered new binding: Use - E
10:07:37.444 [JavaFX Application Thread] DEBUG FXGLAssetLoaderServi - Loading from file system: file:/C:/ipose-groep-4/target/classes/assets/music/BGM_dash_runner.wav
10:07:37.474 [FXGL Background Thread 4 ] DEBUG FXGLAssetLoaderServi - Loading from file system: jar:file:///C:/Users/jardk/.m2/repository/com/github/almasb/fxgl/17.1/fxgl-17.1.jar!/fxglassets/ui/fonts/Abel-Regular.ttf
10:07:37.481 [FXGL Background Thread 4 ] DEBUG FXGLAssetLoaderServi - Loading from file system: jar:file:///C:/Users/jardk/.m2/repository/com/github/almasb/fxgl/17.1/fxgl-17.1.jar!/fxglassets/ui/fonts/TerminalLandMono-Regular.otf
10:07:37.498 [FXGL Background Thread 4 ] DEBUG FXGLAssetLoaderServi - Loading from file system: jar:file:///C:/Users/jardk/.m2/repository/com/github/almasb/fxgl/17.1/fxgl-17.1.jar!/fxglassets/ui/fonts/Courier-Prime.ttf
10:07:37.654 [JavaFX Application Thread] DEBUG AudioPlayer          - Playing music com.almasb.fxgl.audio.Music@42d61821
10:07:37.655 [JavaFX Application Thread] DEBUG FXGLAssetLoaderServi - Loading from file system: jar:file:///C:/Users/jardk/.m2/repository/com/github/almasb/fxgl/17.1/fxgl-17.1.jar!/fxglassets/textures/fxgl_icon.png
10:07:37.685 [JavaFX Application Thread] DEBUG FXGLAssetLoaderServi - Loading from file system: jar:file:///C:/Users/jardk/.m2/repository/com/github/almasb/fxgl/17.1/fxgl-17.1.jar!/fxglassets/textures/fxgl_default_cursor.png
10:07:37.688 [JavaFX Application Thread] DEBUG Input                - Registered new binding: Screenshot - CTRL+8
10:07:37.689 [JavaFX Application Thread] DEBUG Input                - Registered new binding: System info dump - CTRL+9
10:07:37.689 [JavaFX Application Thread] DEBUG Input                - Registered new binding: Restart - CTRL+R
10:07:37.690 [JavaFX Application Thread] DEBUG Input                - Registered new binding: Toggle Debug Camera - CTRL+7
10:07:37.692 [JavaFX Application Thread] DEBUG LoopRunner           - Starting loop
10:07:37.692 [JavaFX Application Thread] DEBUG LoopRunner           - Initializing JavaFX AnimationTimerLoop
10:07:37.694 [JavaFX Application Thread] DEBUG GameApplicationServi - Starting new game
10:07:37.695 [JavaFX Application Thread] DEBUG Input                - Clearing active input actions
10:07:37.726 [JavaFX Application Thread] DEBUG GameApplicationServi - Removing overlay from FXGLStartupScene and adding to MainLoadingScene
10:07:37.726 [JavaFX Application Thread] DEBUG PrimaryStageWindow   - FXGLStartupScene -> MainLoadingScene
10:07:37.727 [JavaFX Application Thread] DEBUG GameApplicationServi - Clearing previous game
10:07:37.727 [JavaFX Application Thread] DEBUG GameScene            - Clearing game scene
10:07:37.727 [JavaFX Application Thread] DEBUG GameWorld            - Clearing game world
10:07:37.727 [JavaFX Application Thread] DEBUG PhysicsWorld         - Clearing physics world
10:07:37.728 [FXGL Background Thread 4 ] DEBUG FXGLApplication      - Initializing game
10:07:37.732 [JavaFX Application Thread] DEBUG FXGLApplication      - Registering font factories with UI factory
10:07:37.787 [FXGL Background Thread 4 ] WARN  TMXLevelLoader       - TiledMap generated from 1.10.0. Supported version: 1.4.2. Some features may not be parsed fully.
10:07:37.806 [FXGL Background Thread 4 ] DEBUG TMXLevelLoader       - Parsed TiledMap: file:/C:/ipose-groep-4/target/classes/assets/levels/tmx/level1.tmx
10:07:37.808 [FXGL Background Thread 4 ] DEBUG TMXLevelLoader       - Creating tile layer entities
10:07:37.813 [FXGL Background Thread 4 ] DEBUG TilesetLoader        - Loading view for layer Tile Layer 1
10:07:37.821 [FXGL Background Thread 4 ] DEBUG TilesetLoader        - Created buffer with size 4900.0x700.0
10:07:37.863 [FXGL Background Thread 4 ] DEBUG TMXLevelLoader       - Creating object layer entities
10:07:37.914 [FXGL Background Thread 4 ] DEBUG GameWorld            - Clearing removable entities
10:07:37.915 [FXGL Background Thread 4 ] DEBUG GameWorld            - Setting level: com.almasb.fxgl.entity.level.Level@33db43a1
10:07:37.964 [FXGL Background Thread 4 ] DEBUG FXGLAssetLoaderServi - Loading from file system: file:/C:/ipose-groep-4/target/classes/assets/textures/trump.png
10:07:37.972 [FXGL Background Thread 4 ] DEBUG FXGLAssetLoaderServi - Loading from file system: file:/C:/ipose-groep-4/target/classes/assets/textures/background/forest.png
10:07:38.004 [FXGL Background Thread 4 ] INFO  FXGLApplication      - Game initialization took: 0,276 sec
10:07:38.006 [JavaFX Application Thread] DEBUG Input                - Clearing active input actions
10:07:38.016 [JavaFX Application Thread] DEBUG GameApplicationServi - Removing overlay from MainLoadingScene and adding to GameScene
10:07:38.017 [JavaFX Application Thread] DEBUG PrimaryStageWindow   - MainLoadingScene -> GameScene
10:07:38.161 [FXGL Background Thread 2 ] INFO  UpdaterService       - Your current version:  17.1
10:07:38.162 [FXGL Background Thread 2 ] INFO  UpdaterService       - Latest stable version: 17.3
10:07:40.389 [FXGL Background Thread 3 ] DEBUG Engine               - Logging environment variables
10:07:40.390 [FXGL Background Thread 3 ] DEBUG Engine               - achievements: []
10:07:40.390 [FXGL Background Thread 3 ] DEBUG Engine               - actualHeight: 720.0
10:07:40.391 [FXGL Background Thread 3 ] DEBUG Engine               - actualHeightProperty: ReadOnlyDoubleProperty [value: 720.0]
10:07:40.391 [FXGL Background Thread 3 ] DEBUG Engine               - actualWidth: 1280.0
10:07:40.391 [FXGL Background Thread 3 ] DEBUG Engine               - actualWidthProperty: ReadOnlyDoubleProperty [value: 1280.0]
10:07:40.391 [FXGL Background Thread 3 ] DEBUG Engine               - appIcon: fxgl_icon.png
10:07:40.391 [FXGL Background Thread 3 ] DEBUG Engine               - applicationMode: DEVELOPER
10:07:40.391 [FXGL Background Thread 3 ] DEBUG Engine               - cSSList: [fxgl_dark.css]
10:07:40.391 [FXGL Background Thread 3 ] DEBUG Engine               - collisionDetectionStrategy: BRUTE_FORCE
10:07:40.391 [FXGL Background Thread 3 ] DEBUG Engine               - configClass: Optional.empty
10:07:40.392 [FXGL Background Thread 3 ] DEBUG Engine               - credits: []
10:07:40.392 [FXGL Background Thread 3 ] DEBUG Engine               - defaultCursor: CursorInfo(imageName=fxgl_default_cursor.png, hotspotX=7.0, hotspotY=6.0)
10:07:40.393 [FXGL Background Thread 3 ] DEBUG Engine               - devBBoxColorProperty: ObjectProperty [value: 0xff0000ff]
10:07:40.393 [FXGL Background Thread 3 ] DEBUG Engine               - devEnableDebugCameraProperty: BooleanProperty [value: false]
10:07:40.393 [FXGL Background Thread 3 ] DEBUG Engine               - devSensorColorProperty: ObjectProperty [value: 0xffff00ff]
10:07:40.393 [FXGL Background Thread 3 ] DEBUG Engine               - devShowBBoxProperty: BooleanProperty [value: false]
10:07:40.393 [FXGL Background Thread 3 ] DEBUG Engine               - devShowPositionProperty: BooleanProperty [value: false]
10:07:40.393 [FXGL Background Thread 3 ] DEBUG Engine               - enabledMenuItems: []
10:07:40.394 [FXGL Background Thread 3 ] DEBUG Engine               - engineServices: [class com.almasb.fxgl.app.services.FXGLAssetLoaderService, class com.almasb.fxgl.app.FXGLApplication$GameApplicationService, class com.almasb.fxgl.app.services.FXGLDialogService, class com.almasb.fxgl.app.services.IOTaskExecutorService, class com.almasb.fxgl.io.FileSystemService, class com.almasb.fxgl.localization.LocalizationService, class com.almasb.fxgl.app.services.SystemBundleService, class com.almasb.fxgl.profile.SaveLoadService, class com.almasb.fxgl.ui.FXGLUIFactoryServiceProvider, class com.almasb.fxgl.ui.FXGLDialogFactoryServiceProvider, class com.almasb.fxgl.audio.AudioPlayer, class com.almasb.fxgl.notification.impl.NotificationServiceProvider, class com.almasb.fxgl.achievement.AchievementService, class com.almasb.fxgl.cutscene.CutsceneService, class com.almasb.fxgl.minigames.MiniGameService, class com.almasb.fxgl.net.NetService, class com.almasb.fxgl.app.services.UpdaterService, class com.almasb.fxgl.dev.DevService]
10:07:40.394 [FXGL Background Thread 3 ] DEBUG Engine               - fontGame: Abel-Regular.ttf
10:07:40.394 [FXGL Background Thread 3 ] DEBUG Engine               - fontMono: TerminalLandMono-Regular.otf
10:07:40.394 [FXGL Background Thread 3 ] DEBUG Engine               - fontText: Courier-Prime.ttf
10:07:40.394 [FXGL Background Thread 3 ] DEBUG Engine               - fontUI: VarelaRound-Regular.ttf
10:07:40.394 [FXGL Background Thread 3 ] DEBUG Engine               - fullScreen: BooleanProperty [value: false]
10:07:40.395 [FXGL Background Thread 3 ] DEBUG Engine               - gameDifficulty: MEDIUM
10:07:40.395 [FXGL Background Thread 3 ] DEBUG Engine               - gameDifficultyProperty: ObjectProperty [value: MEDIUM]
10:07:40.395 [FXGL Background Thread 3 ] DEBUG Engine               - globalMusicVolume: 0.5
10:07:40.395 [FXGL Background Thread 3 ] DEBUG Engine               - globalMusicVolumeProperty: DoubleProperty [value: 0.25]
10:07:40.395 [FXGL Background Thread 3 ] DEBUG Engine               - globalSoundVolume: 0.5
10:07:40.395 [FXGL Background Thread 3 ] DEBUG Engine               - globalSoundVolumeProperty: DoubleProperty [value: 0.5]
10:07:40.395 [FXGL Background Thread 3 ] DEBUG Engine               - height: 720
10:07:40.395 [FXGL Background Thread 3 ] DEBUG Engine               - is3D: false
10:07:40.395 [FXGL Background Thread 3 ] DEBUG Engine               - isAndroid: false
10:07:40.396 [FXGL Background Thread 3 ] DEBUG Engine               - isBrowser: false
10:07:40.396 [FXGL Background Thread 3 ] DEBUG Engine               - isClickFeedbackEnabled: false
10:07:40.396 [FXGL Background Thread 3 ] DEBUG Engine               - isCloseConfirmation: false
10:07:40.396 [FXGL Background Thread 3 ] DEBUG Engine               - isDesktop: true
10:07:40.396 [FXGL Background Thread 3 ] DEBUG Engine               - isDeveloperMenuEnabled: false
10:07:40.396 [FXGL Background Thread 3 ] DEBUG Engine               - isEmbedded: false
10:07:40.397 [FXGL Background Thread 3 ] DEBUG Engine               - isEntityPreloadEnabled: true
10:07:40.397 [FXGL Background Thread 3 ] DEBUG Engine               - isExperimentalTiledLargeMap: false
10:07:40.397 [FXGL Background Thread 3 ] DEBUG Engine               - isFileSystemWriteAllowed: true
10:07:40.397 [FXGL Background Thread 3 ] DEBUG Engine               - isFullScreenAllowed: false
10:07:40.397 [FXGL Background Thread 3 ] DEBUG Engine               - isFullScreenFromStart: false
10:07:40.397 [FXGL Background Thread 3 ] DEBUG Engine               - isGameMenuEnabled: true
10:07:40.397 [FXGL Background Thread 3 ] DEBUG Engine               - isIOS: false
10:07:40.398 [FXGL Background Thread 3 ] DEBUG Engine               - isIntroEnabled: false
10:07:40.398 [FXGL Background Thread 3 ] DEBUG Engine               - isLinux: false
10:07:40.398 [FXGL Background Thread 3 ] DEBUG Engine               - isMac: false
10:07:40.398 [FXGL Background Thread 3 ] DEBUG Engine               - isMainMenuEnabled: false
10:07:40.398 [FXGL Background Thread 3 ] DEBUG Engine               - isManualResizeEnabled: false
10:07:40.398 [FXGL Background Thread 3 ] DEBUG Engine               - isMobile: false
10:07:40.398 [FXGL Background Thread 3 ] DEBUG Engine               - isNative: false
10:07:40.398 [FXGL Background Thread 3 ] DEBUG Engine               - isPauseMusicWhenMinimized: true
10:07:40.398 [FXGL Background Thread 3 ] DEBUG Engine               - isPreserveResizeRatio: false
10:07:40.398 [FXGL Background Thread 3 ] DEBUG Engine               - isProfilingEnabled: false
10:07:40.398 [FXGL Background Thread 3 ] DEBUG Engine               - isScaleAffectedOnResize: true
10:07:40.398 [FXGL Background Thread 3 ] DEBUG Engine               - isSingleStep: false
10:07:40.398 [FXGL Background Thread 3 ] DEBUG Engine               - isUserProfileEnabled: false
10:07:40.398 [FXGL Background Thread 3 ] DEBUG Engine               - isWindows: true
10:07:40.399 [FXGL Background Thread 3 ] DEBUG Engine               - language: ObjectProperty [value: ENGLISH]
10:07:40.399 [FXGL Background Thread 3 ] DEBUG Engine               - menuKey: ESCAPE
10:07:40.399 [FXGL Background Thread 3 ] DEBUG Engine               - mouseSensitivity: 0.2
10:07:40.399 [FXGL Background Thread 3 ] DEBUG Engine               - notificationViewClass: class com.almasb.fxgl.notification.view.XboxNotificationView
10:07:40.399 [FXGL Background Thread 3 ] DEBUG Engine               - pixelsPerMeter: 50.0
10:07:40.399 [FXGL Background Thread 3 ] DEBUG Engine               - platform: WINDOWS
10:07:40.399 [FXGL Background Thread 3 ] DEBUG Engine               - prefHeightProperty: ReadOnlyDoubleProperty [value: 720.0]
10:07:40.399 [FXGL Background Thread 3 ] DEBUG Engine               - prefWidthProperty: ReadOnlyDoubleProperty [value: 1280.0]
10:07:40.399 [FXGL Background Thread 3 ] DEBUG Engine               - profileDir: profiles/
10:07:40.400 [FXGL Background Thread 3 ] DEBUG Engine               - profileName: StringProperty [value: DEFAULT]
10:07:40.400 [FXGL Background Thread 3 ] DEBUG Engine               - randomSeed: -1
10:07:40.400 [FXGL Background Thread 3 ] DEBUG Engine               - runtimeInfo: RuntimeInfo(platform=WINDOWS, version=17.1, build=24.03.2022 17.34)
10:07:40.400 [FXGL Background Thread 3 ] DEBUG Engine               - saveFileExt: sav
10:07:40.400 [FXGL Background Thread 3 ] DEBUG Engine               - scaledHeightProp$fxgl: DoubleProperty [bound, value: 720.0]
10:07:40.400 [FXGL Background Thread 3 ] DEBUG Engine               - scaledWidthProp$fxgl: DoubleProperty [bound, value: 1280.0]
10:07:40.400 [FXGL Background Thread 3 ] DEBUG Engine               - sceneFactory: com.almasb.fxglgames.platformer.PlatformerApp$1@2255a674
10:07:40.400 [FXGL Background Thread 3 ] DEBUG Engine               - secondsIn24h: 60
10:07:40.400 [FXGL Background Thread 3 ] DEBUG Engine               - soundMenuBack: menu/back.wav
10:07:40.401 [FXGL Background Thread 3 ] DEBUG Engine               - soundMenuPress: menu/press.wav
10:07:40.401 [FXGL Background Thread 3 ] DEBUG Engine               - soundMenuSelect: menu/select.wav
10:07:40.401 [FXGL Background Thread 3 ] DEBUG Engine               - soundNotification: core/notification.wav
10:07:40.401 [FXGL Background Thread 3 ] DEBUG Engine               - stageStyle: DECORATED
10:07:40.401 [FXGL Background Thread 3 ] DEBUG Engine               - supportedLanguages: [ENGLISH, FRENCH, GERMAN, HUNGARIAN, RUSSIAN]
10:07:40.401 [FXGL Background Thread 3 ] DEBUG Engine               - ticksPerSecond: -1
10:07:40.401 [FXGL Background Thread 3 ] DEBUG Engine               - title: Miguel
10:07:40.401 [FXGL Background Thread 3 ] DEBUG Engine               - urlGithub: https://github.com/AlmasB/FXGL
10:07:40.401 [FXGL Background Thread 3 ] DEBUG Engine               - urlLeaderboard: http://fxgl-top.herokuapp.com/
10:07:40.401 [FXGL Background Thread 3 ] DEBUG Engine               - urlPOM: https://raw.githubusercontent.com/AlmasB/FXGL/release/README.md
10:07:40.401 [FXGL Background Thread 3 ] DEBUG Engine               - userAppClass: class com.almasb.fxglgames.platformer.PlatformerApp
10:07:40.401 [FXGL Background Thread 3 ] DEBUG Engine               - version: 1.0
10:07:40.401 [FXGL Background Thread 3 ] DEBUG Engine               - versionCheckDays: 7
10:07:40.401 [FXGL Background Thread 3 ] DEBUG Engine               - width: 1280
10:07:40.401 [FXGL Background Thread 3 ] DEBUG Engine               - Logging services
10:07:40.402 [FXGL Background Thread 3 ] DEBUG Engine               - class com.almasb.fxgl.app.services.FXGLAssetLoaderService
10:07:40.402 [FXGL Background Thread 3 ] DEBUG Engine               - class com.almasb.fxgl.app.FXGLApplication$GameApplicationService
10:07:40.402 [FXGL Background Thread 3 ] DEBUG Engine               - class com.almasb.fxgl.app.services.FXGLDialogService
10:07:40.402 [FXGL Background Thread 3 ] DEBUG Engine               - class com.almasb.fxgl.app.services.IOTaskExecutorService
10:07:40.402 [FXGL Background Thread 3 ] DEBUG Engine               - class com.almasb.fxgl.io.FileSystemService
10:07:40.402 [FXGL Background Thread 3 ] DEBUG Engine               - class com.almasb.fxgl.localization.LocalizationService
10:07:40.402 [FXGL Background Thread 3 ] DEBUG Engine               - class com.almasb.fxgl.app.services.SystemBundleService
10:07:40.402 [FXGL Background Thread 3 ] DEBUG Engine               - class com.almasb.fxgl.profile.SaveLoadService
10:07:40.402 [FXGL Background Thread 3 ] DEBUG Engine               - class com.almasb.fxgl.ui.FXGLUIFactoryServiceProvider
10:07:40.402 [FXGL Background Thread 3 ] DEBUG Engine               - class com.almasb.fxgl.ui.FXGLDialogFactoryServiceProvider
10:07:40.402 [FXGL Background Thread 3 ] DEBUG Engine               - class com.almasb.fxgl.audio.AudioPlayer
10:07:40.402 [FXGL Background Thread 3 ] DEBUG Engine               - class com.almasb.fxgl.notification.impl.NotificationServiceProvider
10:07:40.402 [FXGL Background Thread 3 ] DEBUG Engine               - class com.almasb.fxgl.achievement.AchievementService
10:07:40.402 [FXGL Background Thread 3 ] DEBUG Engine               - class com.almasb.fxgl.cutscene.CutsceneService
10:07:40.402 [FXGL Background Thread 3 ] DEBUG Engine               - class com.almasb.fxgl.minigames.MiniGameService
10:07:40.402 [FXGL Background Thread 3 ] DEBUG Engine               - class com.almasb.fxgl.net.NetService
10:07:40.402 [FXGL Background Thread 3 ] DEBUG Engine               - class com.almasb.fxgl.app.services.UpdaterService
10:07:40.402 [FXGL Background Thread 3 ] DEBUG Engine               - class com.almasb.fxgl.dev.DevService
10:07:52.558 [JavaFX Application Thread] DEBUG Input                - Registered new binding: Close Level End Screen - LMB
10:07:52.558 [JavaFX Application Thread] DEBUG PrimaryStageWindow   - Push state: LevelEndScene
10:07:52.558 [JavaFX Application Thread] DEBUG Input                - Clearing active input actions
10:07:52.559 [JavaFX Application Thread] DEBUG GameApplicationServi - Removing overlay from GameScene and adding to LevelEndScene
10:07:52.560 [JavaFX Application Thread] DEBUG PrimaryStageWindow   - GameScene -> LevelEndScene
10:07:52.869 [JavaFX Application Thread] DEBUG PrimaryStageWindow   - Pop state: LevelEndScene
10:07:52.869 [JavaFX Application Thread] DEBUG Input                - Clearing active input actions
10:07:52.870 [JavaFX Application Thread] DEBUG GameApplicationServi - Removing overlay from LevelEndScene and adding to GameScene
10:07:52.871 [JavaFX Application Thread] DEBUG PrimaryStageWindow   - GameScene <- LevelEndScene
10:07:53.818 [JavaFX Application Thread] WARN  TMXLevelLoader       - TiledMap generated from 1.10.0. Supported version: 1.4.2. Some features may not be parsed fully.
10:07:53.827 [JavaFX Application Thread] DEBUG TMXLevelLoader       - Parsed TiledMap: file:/C:/ipose-groep-4/target/classes/assets/levels/tmx/level2.tmx
10:07:53.828 [JavaFX Application Thread] DEBUG TMXLevelLoader       - Creating tile layer entities
10:07:53.829 [JavaFX Application Thread] DEBUG TilesetLoader        - Loading view for layer Tile Layer 1
10:07:53.841 [JavaFX Application Thread] DEBUG TilesetLoader        - Created buffer with size 4900.0x700.0
10:07:53.878 [JavaFX Application Thread] DEBUG TMXLevelLoader       - Creating object layer entities
10:07:53.898 [JavaFX Application Thread] DEBUG GameWorld            - Clearing removable entities
10:07:53.901 [JavaFX Application Thread] DEBUG GameWorld            - Setting level: com.almasb.fxgl.entity.level.Level@7c7f0000
10:08:10.871 [JavaFX Application Thread] DEBUG PrimaryStageWindow   - Push state: LevelEndScene
10:08:10.871 [JavaFX Application Thread] DEBUG Input                - Clearing active input actions
10:08:10.872 [JavaFX Application Thread] DEBUG GameApplicationServi - Removing overlay from GameScene and adding to LevelEndScene
10:08:10.872 [JavaFX Application Thread] DEBUG PrimaryStageWindow   - GameScene -> LevelEndScene
10:08:11.127 [JavaFX Application Thread] DEBUG PrimaryStageWindow   - Pop state: LevelEndScene
10:08:11.127 [JavaFX Application Thread] DEBUG Input                - Clearing active input actions
10:08:11.128 [JavaFX Application Thread] DEBUG GameApplicationServi - Removing overlay from LevelEndScene and adding to GameScene
10:08:11.128 [JavaFX Application Thread] DEBUG PrimaryStageWindow   - GameScene <- LevelEndScene
10:08:12.107 [JavaFX Application Thread] WARN  TMXLevelLoader       - TiledMap generated from 1.10.0. Supported version: 1.4.2. Some features may not be parsed fully.
10:08:12.116 [JavaFX Application Thread] DEBUG TMXLevelLoader       - Parsed TiledMap: file:/C:/ipose-groep-4/target/classes/assets/levels/tmx/level3.tmx
10:08:12.116 [JavaFX Application Thread] DEBUG TMXLevelLoader       - Creating tile layer entities
10:08:12.117 [JavaFX Application Thread] DEBUG TilesetLoader        - Loading view for layer Tile Layer 1
10:08:12.130 [JavaFX Application Thread] DEBUG TilesetLoader        - Created buffer with size 4900.0x700.0
10:08:12.170 [JavaFX Application Thread] DEBUG TMXLevelLoader       - Creating object layer entities
10:08:12.182 [JavaFX Application Thread] DEBUG GameWorld            - Clearing removable entities
10:08:12.188 [JavaFX Application Thread] DEBUG GameWorld            - Setting level: com.almasb.fxgl.entity.level.Level@4949d6ae
10:08:31.576 [JavaFX Application Thread] DEBUG PrimaryStageWindow   - Push state: LevelEndScene
10:08:31.577 [JavaFX Application Thread] DEBUG Input                - Clearing active input actions
10:08:31.577 [JavaFX Application Thread] DEBUG GameApplicationServi - Removing overlay from GameScene and adding to LevelEndScene
10:08:31.578 [JavaFX Application Thread] DEBUG PrimaryStageWindow   - GameScene -> LevelEndScene
10:08:34.874 [JavaFX Application Thread] DEBUG PrimaryStageWindow   - Pop state: LevelEndScene
10:08:34.875 [JavaFX Application Thread] DEBUG Input                - Clearing active input actions
10:08:34.875 [JavaFX Application Thread] DEBUG GameApplicationServi - Removing overlay from LevelEndScene and adding to GameScene
10:08:34.875 [JavaFX Application Thread] DEBUG PrimaryStageWindow   - GameScene <- LevelEndScene
10:08:35.897 [JavaFX Application Thread] DEBUG AudioPlayer          - Pausing music com.almasb.fxgl.audio.Music@42d61821
10:08:35.898 [JavaFX Application Thread] DEBUG LoopRunner           - Pausing loop
10:08:35.902 [JavaFX Application Thread] DEBUG PrimaryStageWindow   - Push state: DialogSubScene
10:08:35.902 [JavaFX Application Thread] DEBUG Input                - Clearing active input actions
10:08:35.908 [JavaFX Application Thread] DEBUG GameApplicationServi - Removing overlay from GameScene and adding to DialogSubScene
10:08:35.908 [JavaFX Application Thread] DEBUG PrimaryStageWindow   - GameScene -> DialogSubScene
10:08:36.967 [JavaFX Application Thread] DEBUG PrimaryStageWindow   - Pop state: DialogSubScene
10:08:36.968 [JavaFX Application Thread] DEBUG Input                - Clearing active input actions
10:08:36.969 [JavaFX Application Thread] DEBUG GameApplicationServi - Removing overlay from DialogSubScene and adding to GameScene
10:08:36.969 [JavaFX Application Thread] DEBUG PrimaryStageWindow   - GameScene <- DialogSubScene
10:09:13.656 [JavaFX Application Thread] DEBUG FXGLApplication      - Exiting FXGL
10:09:13.656 [JavaFX Application Thread] DEBUG LoopRunner           - Stopping loop
10:09:13.656 [JavaFX Application Thread] DEBUG SystemBundleService  - Saving FXGL system data
10:09:13.660 [JavaFX Application Thread] DEBUG FileSystemAccess     - Writing to: C:\ipose-groep-4\system\fxgl.bundle
10:09:13.664 [JavaFX Application Thread] DEBUG Async                - Shutting down background threads
10:09:13.665 [JavaFX Application Thread] DEBUG PrimaryStageWindow   - Closing main window
10:09:13.683 [JavaFX Application Thread] DEBUG Logger               - Closing Logger
