10:24:27.839 [main                     ] DEBUG Logger               - Configured Logger
10:24:27.892 [main                     ] DEBUG GameApplication      - Logging settings
Title: Miguel
Version: 1.0
Width: 1280
Height: 720
Fullscreen: false
Intro: false
Profiling: false
Single step:false
App Mode: DEVELOPER
Menu Key: ESCAPE
Stage Style: DECORATED
Scene Factory: class com.almasb.fxglgames.platformer.PlatformerApp$1

10:24:28.466 [JavaFX Application Thread] DEBUG FXGLApplication      - Initializing FXGL
10:24:28.474 [JavaFX Application Thread] INFO  Engine               - FXGL-17.1 (24.03.2022 17.34) on WINDOWS (J:19.0.1 FX:19-ea)
10:24:28.475 [JavaFX Application Thread] DEBUG Engine               - JRE Vendor Name: Oracle Corporation
10:24:28.475 [JavaFX Application Thread] DEBUG Engine               - Running on OS: Windows 10 version 10.0
10:24:28.476 [JavaFX Application Thread] DEBUG Engine               - Architecture: amd64
10:24:28.476 [JavaFX Application Thread] INFO  Engine               - Source code and latest versions at: https://github.com/AlmasB/FXGL
10:24:28.476 [JavaFX Application Thread] INFO  Engine               -       Ask questions and discuss at: https://github.com/AlmasB/FXGL/discussions
10:24:28.476 [JavaFX Application Thread] INFO  Engine               -              Join the FXGL chat at: https://gitter.im/AlmasB/FXGL
10:24:28.621 [JavaFX Application Thread] DEBUG PrimaryStageWindow   - Creating a JavaFX scene
10:24:28.696 [JavaFX Application Thread] DEBUG PrimaryStageWindow   - Target settings size: 1280.0 x 720.0
10:24:28.696 [JavaFX Application Thread] DEBUG PrimaryStageWindow   - Scaled scene size:    1280.0 x 720.0
10:24:28.696 [JavaFX Application Thread] DEBUG PrimaryStageWindow   - Scaled ratio: (1.0, 1.0)
10:24:28.698 [JavaFX Application Thread] DEBUG PrimaryStageWindow   - Set initial scene to FXGLStartupScene
10:24:28.710 [JavaFX Application Thread] DEBUG PrimaryStageWindow   - Opening main window
10:24:28.836 [JavaFX Application Thread] DEBUG PrimaryStageWindow   - Window border size: (14.4000244140625, 37.5999755859375)
10:24:28.837 [JavaFX Application Thread] DEBUG PrimaryStageWindow   - Scaled size: 1280.0 x 720.0
10:24:28.838 [JavaFX Application Thread] DEBUG PrimaryStageWindow   - Scaled ratio: (1.0, 1.0)
10:24:28.839 [JavaFX Application Thread] DEBUG PrimaryStageWindow   - Scene size: 1280.0 x 720.0
10:24:28.839 [JavaFX Application Thread] DEBUG PrimaryStageWindow   - Stage size: 1294.4000244140625 x 757.5999755859375
10:24:28.856 [FXGL Background Thread 1 ] DEBUG Engine               - Initializing environment variables
10:24:28.943 [FXGL Background Thread 1 ] DEBUG FXGLAssetLoaderServi - User app class for loading assets: class com.almasb.fxglgames.platformer.PlatformerApp
10:24:28.943 [FXGL Background Thread 1 ] DEBUG GameApplicationServi - Applying CSS: fxgl_dark.css
10:24:28.945 [FXGL Background Thread 1 ] DEBUG FXGLAssetLoaderServi - Loading from file system: jar:file:///C:/Users/jardk/.m2/repository/com/github/almasb/fxgl/17.1/fxgl-17.1.jar!/fxglassets/ui/css/fxgl_dark.css
10:24:29.028 [FXGL Background Thread 1 ] DEBUG GameApplicationServi - Initializing application scenes
10:24:29.107 [FXGL Background Thread 1 ] DEBUG FXGLAssetLoaderServi - Loading from file system: file:/C:/ipose-groep-4/target/classes/assets/textures/player.png
10:24:29.154 [FXGL Background Thread 1 ] DEBUG GameWorld            - Game world initialized
10:24:29.248 [FXGL Background Thread 1 ] DEBUG PhysicsWorld         - Physics world initialized: appHeight=720, physics.ppm=50,0
10:24:29.248 [FXGL Background Thread 1 ] DEBUG PhysicsWorld         - Using strategy: BRUTE_FORCE
10:24:29.256 [FXGL Background Thread 1 ] DEBUG GameScene            - Game scene initialized: 1280x720
10:24:29.270 [FXGL Background Thread 1 ] DEBUG FXGL.DefaultMenu     - createMenuBodyGameMenu()
10:24:29.299 [FXGL Background Thread 1 ] DEBUG FXGL.DefaultMenu     - createOptionsMenu()
10:24:29.321 [FXGL Background Thread 1 ] DEBUG FXGLAssetLoaderServi - Loading from file system: jar:file:///C:/Users/jardk/.m2/repository/com/github/almasb/fxgl/17.1/fxgl-17.1.jar!/fxglassets/textures/particles/smoke.png
10:24:29.463 [FXGL Background Thread 1 ] DEBUG FXGLAssetLoaderServi - Loading from file system: jar:file:///C:/Users/jardk/.m2/repository/com/github/almasb/fxgl/17.1/fxgl-17.1.jar!/fxglassets/textures/particles/trace_horizontal.png
10:24:29.522 [FXGL Background Thread 1 ] DEBUG GameApplicationServi - Application scenes initialized
10:24:29.556 [FXGL Background Thread 1 ] DEBUG SystemBundleService  - Loading FXGL system data
10:24:29.567 [FXGL Background Thread 1 ] DEBUG FileSystemAccess     - Reading from: C:\ipose-groep-4\system\fxgl.bundle
10:24:29.591 [FXGL Background Thread 1 ] DEBUG SystemBundleService  - Bundle FXGL: {}
10:24:29.591 [FXGL Background Thread 1 ] DEBUG UpdaterService       - Checking for updates
10:24:29.603 [FXGL Background Thread 4 ] DEBUG FXGLApplication      - Loading fonts
10:24:29.604 [FXGL Background Thread 4 ] DEBUG FXGLAssetLoaderServi - Loading from file system: jar:file:///C:/Users/jardk/.m2/repository/com/github/almasb/fxgl/17.1/fxgl-17.1.jar!/fxglassets/ui/fonts/VarelaRound-Regular.ttf
10:24:29.607 [FXGL Background Thread 1 ] DEBUG FXGLApplication      - Loading default localization
10:24:29.609 [FXGL Background Thread 1 ] DEBUG FXGLAssetLoaderServi - Loading from file system: jar:file:///C:/Users/jardk/.m2/repository/com/github/almasb/fxgl/17.1/fxgl-17.1.jar!/fxglassets/languages/english.lang
10:24:29.647 [FXGL Background Thread 1 ] INFO  FXGLApplication      - FXGL initialization took: 0,791 sec
10:24:29.671 [JavaFX Application Thread] DEBUG Input                - Registered new binding: Left - A
10:24:29.672 [JavaFX Application Thread] DEBUG Input                - Registered new binding: Right - D
10:24:29.672 [JavaFX Application Thread] DEBUG Input                - Registered new binding: Jump - W
10:24:29.672 [JavaFX Application Thread] DEBUG Input                - Registered new binding: Use - E
10:24:29.673 [JavaFX Application Thread] DEBUG FXGLAssetLoaderServi - Loading from file system: file:/C:/ipose-groep-4/target/classes/assets/music/BGM_dash_runner.wav
10:24:29.719 [FXGL Background Thread 4 ] DEBUG FXGLAssetLoaderServi - Loading from file system: jar:file:///C:/Users/jardk/.m2/repository/com/github/almasb/fxgl/17.1/fxgl-17.1.jar!/fxglassets/ui/fonts/Abel-Regular.ttf
10:24:29.727 [FXGL Background Thread 4 ] DEBUG FXGLAssetLoaderServi - Loading from file system: jar:file:///C:/Users/jardk/.m2/repository/com/github/almasb/fxgl/17.1/fxgl-17.1.jar!/fxglassets/ui/fonts/TerminalLandMono-Regular.otf
10:24:29.746 [FXGL Background Thread 4 ] DEBUG FXGLAssetLoaderServi - Loading from file system: jar:file:///C:/Users/jardk/.m2/repository/com/github/almasb/fxgl/17.1/fxgl-17.1.jar!/fxglassets/ui/fonts/Courier-Prime.ttf
10:24:29.898 [JavaFX Application Thread] DEBUG AudioPlayer          - Playing music com.almasb.fxgl.audio.Music@a4217fe
10:24:29.900 [JavaFX Application Thread] DEBUG FXGLAssetLoaderServi - Loading from file system: jar:file:///C:/Users/jardk/.m2/repository/com/github/almasb/fxgl/17.1/fxgl-17.1.jar!/fxglassets/textures/fxgl_icon.png
10:24:29.931 [JavaFX Application Thread] DEBUG FXGLAssetLoaderServi - Loading from file system: jar:file:///C:/Users/jardk/.m2/repository/com/github/almasb/fxgl/17.1/fxgl-17.1.jar!/fxglassets/textures/fxgl_default_cursor.png
10:24:29.935 [JavaFX Application Thread] DEBUG Input                - Registered new binding: Screenshot - CTRL+8
10:24:29.936 [JavaFX Application Thread] DEBUG Input                - Registered new binding: System info dump - CTRL+9
10:24:29.937 [JavaFX Application Thread] DEBUG Input                - Registered new binding: Restart - CTRL+R
10:24:29.938 [JavaFX Application Thread] DEBUG Input                - Registered new binding: Toggle Debug Camera - CTRL+7
10:24:29.942 [JavaFX Application Thread] DEBUG LoopRunner           - Starting loop
10:24:29.942 [JavaFX Application Thread] DEBUG LoopRunner           - Initializing JavaFX AnimationTimerLoop
10:24:29.945 [JavaFX Application Thread] DEBUG GameApplicationServi - Starting new game
10:24:29.946 [JavaFX Application Thread] DEBUG Input                - Clearing active input actions
10:24:29.975 [JavaFX Application Thread] DEBUG GameApplicationServi - Removing overlay from FXGLStartupScene and adding to MainLoadingScene
10:24:29.976 [JavaFX Application Thread] DEBUG PrimaryStageWindow   - FXGLStartupScene -> MainLoadingScene
10:24:29.976 [JavaFX Application Thread] DEBUG GameApplicationServi - Clearing previous game
10:24:29.977 [JavaFX Application Thread] DEBUG GameScene            - Clearing game scene
10:24:29.977 [JavaFX Application Thread] DEBUG GameWorld            - Clearing game world
10:24:29.977 [JavaFX Application Thread] DEBUG PhysicsWorld         - Clearing physics world
10:24:29.979 [FXGL Background Thread 4 ] DEBUG FXGLApplication      - Initializing game
10:24:30.044 [FXGL Background Thread 4 ] WARN  TMXLevelLoader       - TiledMap generated from 1.10.0. Supported version: 1.4.2. Some features may not be parsed fully.
10:24:30.071 [FXGL Background Thread 4 ] DEBUG TMXLevelLoader       - Parsed TiledMap: file:/C:/ipose-groep-4/target/classes/assets/levels/tmx/level1.tmx
10:24:30.073 [FXGL Background Thread 4 ] DEBUG TMXLevelLoader       - Creating tile layer entities
10:24:30.076 [FXGL Background Thread 4 ] DEBUG TilesetLoader        - Loading view for layer Tile Layer 1
10:24:30.084 [FXGL Background Thread 4 ] DEBUG TilesetLoader        - Created buffer with size 4900.0x700.0
10:24:30.129 [FXGL Background Thread 4 ] DEBUG TMXLevelLoader       - Creating object layer entities
10:24:30.179 [FXGL Background Thread 4 ] DEBUG GameWorld            - Clearing removable entities
10:24:30.180 [FXGL Background Thread 4 ] DEBUG GameWorld            - Setting level: com.almasb.fxgl.entity.level.Level@6febae99
10:24:30.223 [FXGL Background Thread 4 ] DEBUG FXGLAssetLoaderServi - Loading from file system: file:/C:/ipose-groep-4/target/classes/assets/textures/trump.png
10:24:30.233 [FXGL Background Thread 4 ] DEBUG FXGLAssetLoaderServi - Loading from file system: file:/C:/ipose-groep-4/target/classes/assets/textures/background/forest.png
10:24:30.238 [FXGL Background Thread 2 ] INFO  UpdaterService       - Your current version:  17.1
10:24:30.238 [FXGL Background Thread 2 ] INFO  UpdaterService       - Latest stable version: 17.3
10:24:30.265 [FXGL Background Thread 4 ] INFO  FXGLApplication      - Game initialization took: 0,284 sec
10:24:30.266 [JavaFX Application Thread] DEBUG Input                - Clearing active input actions
10:24:30.279 [JavaFX Application Thread] DEBUG GameApplicationServi - Removing overlay from MainLoadingScene and adding to GameScene
10:24:30.280 [JavaFX Application Thread] DEBUG PrimaryStageWindow   - MainLoadingScene -> GameScene
10:24:32.600 [FXGL Background Thread 3 ] DEBUG Engine               - Logging environment variables
10:24:32.601 [FXGL Background Thread 3 ] DEBUG Engine               - achievements: []
10:24:32.601 [FXGL Background Thread 3 ] DEBUG Engine               - actualHeight: 720.0
10:24:32.602 [FXGL Background Thread 3 ] DEBUG Engine               - actualHeightProperty: ReadOnlyDoubleProperty [value: 720.0]
10:24:32.602 [FXGL Background Thread 3 ] DEBUG Engine               - actualWidth: 1280.0
10:24:32.602 [FXGL Background Thread 3 ] DEBUG Engine               - actualWidthProperty: ReadOnlyDoubleProperty [value: 1280.0]
10:24:32.602 [FXGL Background Thread 3 ] DEBUG Engine               - appIcon: fxgl_icon.png
10:24:32.602 [FXGL Background Thread 3 ] DEBUG Engine               - applicationMode: DEVELOPER
10:24:32.602 [FXGL Background Thread 3 ] DEBUG Engine               - cSSList: [fxgl_dark.css]
10:24:32.602 [FXGL Background Thread 3 ] DEBUG Engine               - collisionDetectionStrategy: BRUTE_FORCE
10:24:32.602 [FXGL Background Thread 3 ] DEBUG Engine               - configClass: Optional.empty
10:24:32.602 [FXGL Background Thread 3 ] DEBUG Engine               - credits: []
10:24:32.603 [FXGL Background Thread 3 ] DEBUG Engine               - defaultCursor: CursorInfo(imageName=fxgl_default_cursor.png, hotspotX=7.0, hotspotY=6.0)
10:24:32.603 [FXGL Background Thread 3 ] DEBUG Engine               - devBBoxColorProperty: ObjectProperty [value: 0xff0000ff]
10:24:32.603 [FXGL Background Thread 3 ] DEBUG Engine               - devEnableDebugCameraProperty: BooleanProperty [value: false]
10:24:32.603 [FXGL Background Thread 3 ] DEBUG Engine               - devSensorColorProperty: ObjectProperty [value: 0xffff00ff]
10:24:32.603 [FXGL Background Thread 3 ] DEBUG Engine               - devShowBBoxProperty: BooleanProperty [value: false]
10:24:32.603 [FXGL Background Thread 3 ] DEBUG Engine               - devShowPositionProperty: BooleanProperty [value: false]
10:24:32.603 [FXGL Background Thread 3 ] DEBUG Engine               - enabledMenuItems: []
10:24:32.604 [FXGL Background Thread 3 ] DEBUG Engine               - engineServices: [class com.almasb.fxgl.app.services.FXGLAssetLoaderService, class com.almasb.fxgl.app.FXGLApplication$GameApplicationService, class com.almasb.fxgl.app.services.FXGLDialogService, class com.almasb.fxgl.app.services.IOTaskExecutorService, class com.almasb.fxgl.io.FileSystemService, class com.almasb.fxgl.localization.LocalizationService, class com.almasb.fxgl.app.services.SystemBundleService, class com.almasb.fxgl.profile.SaveLoadService, class com.almasb.fxgl.ui.FXGLUIFactoryServiceProvider, class com.almasb.fxgl.ui.FXGLDialogFactoryServiceProvider, class com.almasb.fxgl.audio.AudioPlayer, class com.almasb.fxgl.notification.impl.NotificationServiceProvider, class com.almasb.fxgl.achievement.AchievementService, class com.almasb.fxgl.cutscene.CutsceneService, class com.almasb.fxgl.minigames.MiniGameService, class com.almasb.fxgl.net.NetService, class com.almasb.fxgl.app.services.UpdaterService, class com.almasb.fxgl.dev.DevService]
10:24:32.604 [FXGL Background Thread 3 ] DEBUG Engine               - fontGame: Abel-Regular.ttf
10:24:32.604 [FXGL Background Thread 3 ] DEBUG Engine               - fontMono: TerminalLandMono-Regular.otf
10:24:32.604 [FXGL Background Thread 3 ] DEBUG Engine               - fontText: Courier-Prime.ttf
10:24:32.604 [FXGL Background Thread 3 ] DEBUG Engine               - fontUI: VarelaRound-Regular.ttf
10:24:32.604 [FXGL Background Thread 3 ] DEBUG Engine               - fullScreen: BooleanProperty [value: false]
10:24:32.604 [FXGL Background Thread 3 ] DEBUG Engine               - gameDifficulty: MEDIUM
10:24:32.604 [FXGL Background Thread 3 ] DEBUG Engine               - gameDifficultyProperty: ObjectProperty [value: MEDIUM]
10:24:32.605 [FXGL Background Thread 3 ] DEBUG Engine               - globalMusicVolume: 0.5
10:24:32.605 [FXGL Background Thread 3 ] DEBUG Engine               - globalMusicVolumeProperty: DoubleProperty [value: 0.25]
10:24:32.605 [FXGL Background Thread 3 ] DEBUG Engine               - globalSoundVolume: 0.5
10:24:32.605 [FXGL Background Thread 3 ] DEBUG Engine               - globalSoundVolumeProperty: DoubleProperty [value: 0.5]
10:24:32.605 [FXGL Background Thread 3 ] DEBUG Engine               - height: 720
10:24:32.605 [FXGL Background Thread 3 ] DEBUG Engine               - is3D: false
10:24:32.605 [FXGL Background Thread 3 ] DEBUG Engine               - isAndroid: false
10:24:32.605 [FXGL Background Thread 3 ] DEBUG Engine               - isBrowser: false
10:24:32.605 [FXGL Background Thread 3 ] DEBUG Engine               - isClickFeedbackEnabled: false
10:24:32.605 [FXGL Background Thread 3 ] DEBUG Engine               - isCloseConfirmation: false
10:24:32.606 [FXGL Background Thread 3 ] DEBUG Engine               - isDesktop: true
10:24:32.606 [FXGL Background Thread 3 ] DEBUG Engine               - isDeveloperMenuEnabled: false
10:24:32.606 [FXGL Background Thread 3 ] DEBUG Engine               - isEmbedded: false
10:24:32.606 [FXGL Background Thread 3 ] DEBUG Engine               - isEntityPreloadEnabled: true
10:24:32.606 [FXGL Background Thread 3 ] DEBUG Engine               - isExperimentalTiledLargeMap: false
10:24:32.606 [FXGL Background Thread 3 ] DEBUG Engine               - isFileSystemWriteAllowed: true
10:24:32.607 [FXGL Background Thread 3 ] DEBUG Engine               - isFullScreenAllowed: false
10:24:32.607 [FXGL Background Thread 3 ] DEBUG Engine               - isFullScreenFromStart: false
10:24:32.607 [FXGL Background Thread 3 ] DEBUG Engine               - isGameMenuEnabled: true
10:24:32.607 [FXGL Background Thread 3 ] DEBUG Engine               - isIOS: false
10:24:32.607 [FXGL Background Thread 3 ] DEBUG Engine               - isIntroEnabled: false
10:24:32.607 [FXGL Background Thread 3 ] DEBUG Engine               - isLinux: false
10:24:32.607 [FXGL Background Thread 3 ] DEBUG Engine               - isMac: false
10:24:32.607 [FXGL Background Thread 3 ] DEBUG Engine               - isMainMenuEnabled: false
10:24:32.607 [FXGL Background Thread 3 ] DEBUG Engine               - isManualResizeEnabled: false
10:24:32.607 [FXGL Background Thread 3 ] DEBUG Engine               - isMobile: false
10:24:32.607 [FXGL Background Thread 3 ] DEBUG Engine               - isNative: false
10:24:32.608 [FXGL Background Thread 3 ] DEBUG Engine               - isPauseMusicWhenMinimized: true
10:24:32.608 [FXGL Background Thread 3 ] DEBUG Engine               - isPreserveResizeRatio: false
10:24:32.608 [FXGL Background Thread 3 ] DEBUG Engine               - isProfilingEnabled: false
10:24:32.609 [FXGL Background Thread 3 ] DEBUG Engine               - isScaleAffectedOnResize: true
10:24:32.609 [FXGL Background Thread 3 ] DEBUG Engine               - isSingleStep: false
10:24:32.609 [FXGL Background Thread 3 ] DEBUG Engine               - isUserProfileEnabled: false
10:24:32.609 [FXGL Background Thread 3 ] DEBUG Engine               - isWindows: true
10:24:32.609 [FXGL Background Thread 3 ] DEBUG Engine               - language: ObjectProperty [value: ENGLISH]
10:24:32.609 [FXGL Background Thread 3 ] DEBUG Engine               - menuKey: ESCAPE
10:24:32.609 [FXGL Background Thread 3 ] DEBUG Engine               - mouseSensitivity: 0.2
10:24:32.610 [FXGL Background Thread 3 ] DEBUG Engine               - notificationViewClass: class com.almasb.fxgl.notification.view.XboxNotificationView
10:24:32.610 [FXGL Background Thread 3 ] DEBUG Engine               - pixelsPerMeter: 50.0
10:24:32.610 [FXGL Background Thread 3 ] DEBUG Engine               - platform: WINDOWS
10:24:32.610 [FXGL Background Thread 3 ] DEBUG Engine               - prefHeightProperty: ReadOnlyDoubleProperty [value: 720.0]
10:24:32.610 [FXGL Background Thread 3 ] DEBUG Engine               - prefWidthProperty: ReadOnlyDoubleProperty [value: 1280.0]
10:24:32.610 [FXGL Background Thread 3 ] DEBUG Engine               - profileDir: profiles/
10:24:32.611 [FXGL Background Thread 3 ] DEBUG Engine               - profileName: StringProperty [value: DEFAULT]
10:24:32.611 [FXGL Background Thread 3 ] DEBUG Engine               - randomSeed: -1
10:24:32.612 [FXGL Background Thread 3 ] DEBUG Engine               - runtimeInfo: RuntimeInfo(platform=WINDOWS, version=17.1, build=24.03.2022 17.34)
10:24:32.613 [FXGL Background Thread 3 ] DEBUG Engine               - saveFileExt: sav
10:24:32.613 [FXGL Background Thread 3 ] DEBUG Engine               - scaledHeightProp$fxgl: DoubleProperty [bound, value: 720.0]
10:24:32.613 [FXGL Background Thread 3 ] DEBUG Engine               - scaledWidthProp$fxgl: DoubleProperty [bound, value: 1280.0]
10:24:32.613 [FXGL Background Thread 3 ] DEBUG Engine               - sceneFactory: com.almasb.fxglgames.platformer.PlatformerApp$1@7fcb40a9
10:24:32.613 [FXGL Background Thread 3 ] DEBUG Engine               - secondsIn24h: 60
10:24:32.613 [FXGL Background Thread 3 ] DEBUG Engine               - soundMenuBack: menu/back.wav
10:24:32.613 [FXGL Background Thread 3 ] DEBUG Engine               - soundMenuPress: menu/press.wav
10:24:32.614 [FXGL Background Thread 3 ] DEBUG Engine               - soundMenuSelect: menu/select.wav
10:24:32.614 [FXGL Background Thread 3 ] DEBUG Engine               - soundNotification: core/notification.wav
10:24:32.615 [FXGL Background Thread 3 ] DEBUG Engine               - stageStyle: DECORATED
10:24:32.615 [FXGL Background Thread 3 ] DEBUG Engine               - supportedLanguages: [ENGLISH, FRENCH, GERMAN, HUNGARIAN, RUSSIAN]
10:24:32.615 [FXGL Background Thread 3 ] DEBUG Engine               - ticksPerSecond: -1
10:24:32.615 [FXGL Background Thread 3 ] DEBUG Engine               - title: Miguel
10:24:32.615 [FXGL Background Thread 3 ] DEBUG Engine               - urlGithub: https://github.com/AlmasB/FXGL
10:24:32.615 [FXGL Background Thread 3 ] DEBUG Engine               - urlLeaderboard: http://fxgl-top.herokuapp.com/
10:24:32.615 [FXGL Background Thread 3 ] DEBUG Engine               - urlPOM: https://raw.githubusercontent.com/AlmasB/FXGL/release/README.md
10:24:32.615 [FXGL Background Thread 3 ] DEBUG Engine               - userAppClass: class com.almasb.fxglgames.platformer.PlatformerApp
10:24:32.615 [FXGL Background Thread 3 ] DEBUG Engine               - version: 1.0
10:24:32.615 [FXGL Background Thread 3 ] DEBUG Engine               - versionCheckDays: 7
10:24:32.616 [FXGL Background Thread 3 ] DEBUG Engine               - width: 1280
10:24:32.616 [FXGL Background Thread 3 ] DEBUG Engine               - Logging services
10:24:32.616 [FXGL Background Thread 3 ] DEBUG Engine               - class com.almasb.fxgl.app.services.FXGLAssetLoaderService
10:24:32.616 [FXGL Background Thread 3 ] DEBUG Engine               - class com.almasb.fxgl.app.FXGLApplication$GameApplicationService
10:24:32.616 [FXGL Background Thread 3 ] DEBUG Engine               - class com.almasb.fxgl.app.services.FXGLDialogService
10:24:32.616 [FXGL Background Thread 3 ] DEBUG Engine               - class com.almasb.fxgl.app.services.IOTaskExecutorService
10:24:32.616 [FXGL Background Thread 3 ] DEBUG Engine               - class com.almasb.fxgl.io.FileSystemService
10:24:32.616 [FXGL Background Thread 3 ] DEBUG Engine               - class com.almasb.fxgl.localization.LocalizationService
10:24:32.616 [FXGL Background Thread 3 ] DEBUG Engine               - class com.almasb.fxgl.app.services.SystemBundleService
10:24:32.616 [FXGL Background Thread 3 ] DEBUG Engine               - class com.almasb.fxgl.profile.SaveLoadService
10:24:32.616 [FXGL Background Thread 3 ] DEBUG Engine               - class com.almasb.fxgl.ui.FXGLUIFactoryServiceProvider
10:24:32.616 [FXGL Background Thread 3 ] DEBUG Engine               - class com.almasb.fxgl.ui.FXGLDialogFactoryServiceProvider
10:24:32.616 [FXGL Background Thread 3 ] DEBUG Engine               - class com.almasb.fxgl.audio.AudioPlayer
10:24:32.616 [FXGL Background Thread 3 ] DEBUG Engine               - class com.almasb.fxgl.notification.impl.NotificationServiceProvider
10:24:32.616 [FXGL Background Thread 3 ] DEBUG Engine               - class com.almasb.fxgl.achievement.AchievementService
10:24:32.616 [FXGL Background Thread 3 ] DEBUG Engine               - class com.almasb.fxgl.cutscene.CutsceneService
10:24:32.616 [FXGL Background Thread 3 ] DEBUG Engine               - class com.almasb.fxgl.minigames.MiniGameService
10:24:32.616 [FXGL Background Thread 3 ] DEBUG Engine               - class com.almasb.fxgl.net.NetService
10:24:32.617 [FXGL Background Thread 3 ] DEBUG Engine               - class com.almasb.fxgl.app.services.UpdaterService
10:24:32.617 [FXGL Background Thread 3 ] DEBUG Engine               - class com.almasb.fxgl.dev.DevService
10:24:45.418 [JavaFX Application Thread] DEBUG Input                - Registered new binding: Close Level End Screen - LMB
10:24:45.418 [JavaFX Application Thread] DEBUG PrimaryStageWindow   - Push state: LevelEndScene
10:24:45.418 [JavaFX Application Thread] DEBUG Input                - Clearing active input actions
10:24:45.419 [JavaFX Application Thread] DEBUG GameApplicationServi - Removing overlay from GameScene and adding to LevelEndScene
10:24:45.420 [JavaFX Application Thread] DEBUG PrimaryStageWindow   - GameScene -> LevelEndScene
10:24:45.771 [JavaFX Application Thread] DEBUG PrimaryStageWindow   - Pop state: LevelEndScene
10:24:45.771 [JavaFX Application Thread] DEBUG Input                - Clearing active input actions
10:24:45.771 [JavaFX Application Thread] DEBUG GameApplicationServi - Removing overlay from LevelEndScene and adding to GameScene
10:24:45.772 [JavaFX Application Thread] DEBUG PrimaryStageWindow   - GameScene <- LevelEndScene
10:24:46.720 [JavaFX Application Thread] DEBUG AudioPlayer          - Pausing music com.almasb.fxgl.audio.Music@a4217fe
10:24:46.721 [JavaFX Application Thread] DEBUG LoopRunner           - Pausing loop
10:24:46.724 [JavaFX Application Thread] DEBUG PrimaryStageWindow   - Push state: DialogSubScene
10:24:46.725 [JavaFX Application Thread] DEBUG Input                - Clearing active input actions
10:24:46.732 [JavaFX Application Thread] DEBUG GameApplicationServi - Removing overlay from GameScene and adding to DialogSubScene
10:24:46.733 [JavaFX Application Thread] DEBUG PrimaryStageWindow   - GameScene -> DialogSubScene
10:24:48.208 [JavaFX Application Thread] DEBUG PrimaryStageWindow   - Pop state: DialogSubScene
10:24:48.208 [JavaFX Application Thread] DEBUG Input                - Clearing active input actions
10:24:48.208 [JavaFX Application Thread] DEBUG GameApplicationServi - Removing overlay from DialogSubScene and adding to GameScene
10:24:48.209 [JavaFX Application Thread] DEBUG PrimaryStageWindow   - GameScene <- DialogSubScene
10:24:50.830 [JavaFX Application Thread] DEBUG FXGLApplication      - Exiting FXGL
10:24:50.830 [JavaFX Application Thread] DEBUG LoopRunner           - Stopping loop
10:24:50.830 [JavaFX Application Thread] DEBUG SystemBundleService  - Saving FXGL system data
10:24:50.833 [JavaFX Application Thread] DEBUG FileSystemAccess     - Writing to: C:\ipose-groep-4\system\fxgl.bundle
10:24:50.837 [JavaFX Application Thread] DEBUG Async                - Shutting down background threads
10:24:50.837 [JavaFX Application Thread] DEBUG PrimaryStageWindow   - Closing main window
10:24:50.858 [JavaFX Application Thread] DEBUG Logger               - Closing Logger
