19:53:35.758 [main                     ] DEBUG Logger               - Configured Logger
19:53:35.788 [main                     ] DEBUG GameApplication      - Logging settings
Title: Miguel
Version: 1.0
Width: 1280
Height: 720
Fullscreen: false
Intro: false
Profiling: false
Single step:false
App Mode: DEVELOPER
Menu Key: ESCAPE
Stage Style: DECORATED
Scene Factory: class com.almasb.fxglgames.platformer.PlatformerApp$1

19:53:36.256 [JavaFX Application Thread] DEBUG FXGLApplication      - Initializing FXGL
19:53:36.261 [JavaFX Application Thread] INFO  Engine               - FXGL-17.1 (24.03.2022 17.34) on WINDOWS (J:19.0.1 FX:19-ea)
19:53:36.262 [JavaFX Application Thread] DEBUG Engine               - JRE Vendor Name: Oracle Corporation
19:53:36.262 [JavaFX Application Thread] DEBUG Engine               - Running on OS: Windows 10 version 10.0
19:53:36.262 [JavaFX Application Thread] DEBUG Engine               - Architecture: amd64
19:53:36.262 [JavaFX Application Thread] INFO  Engine               - Source code and latest versions at: https://github.com/AlmasB/FXGL
19:53:36.263 [JavaFX Application Thread] INFO  Engine               -       Ask questions and discuss at: https://github.com/AlmasB/FXGL/discussions
19:53:36.263 [JavaFX Application Thread] INFO  Engine               -              Join the FXGL chat at: https://gitter.im/AlmasB/FXGL
19:53:36.351 [JavaFX Application Thread] DEBUG PrimaryStageWindow   - Creating a JavaFX scene
19:53:36.394 [JavaFX Application Thread] DEBUG PrimaryStageWindow   - Target settings size: 1280.0 x 720.0
19:53:36.395 [JavaFX Application Thread] DEBUG PrimaryStageWindow   - Scaled scene size:    1280.0 x 720.0
19:53:36.395 [JavaFX Application Thread] DEBUG PrimaryStageWindow   - Scaled ratio: (1.0, 1.0)
19:53:36.396 [JavaFX Application Thread] DEBUG PrimaryStageWindow   - Set initial scene to FXGLStartupScene
19:53:36.402 [JavaFX Application Thread] DEBUG PrimaryStageWindow   - Opening main window
19:53:36.488 [JavaFX Application Thread] DEBUG PrimaryStageWindow   - Window border size: (14.4000244140625, 37.5999755859375)
19:53:36.488 [JavaFX Application Thread] DEBUG PrimaryStageWindow   - Scaled size: 1280.0 x 720.0
19:53:36.488 [JavaFX Application Thread] DEBUG PrimaryStageWindow   - Scaled ratio: (1.0, 1.0)
19:53:36.488 [JavaFX Application Thread] DEBUG PrimaryStageWindow   - Scene size: 1280.0 x 720.0
19:53:36.489 [JavaFX Application Thread] DEBUG PrimaryStageWindow   - Stage size: 1294.4000244140625 x 757.5999755859375
19:53:36.498 [FXGL Background Thread 1 ] DEBUG Engine               - Initializing environment variables
19:53:36.562 [FXGL Background Thread 1 ] DEBUG FXGLAssetLoaderServi - User app class for loading assets: class com.almasb.fxglgames.platformer.PlatformerApp
19:53:36.563 [FXGL Background Thread 1 ] DEBUG GameApplicationServi - Applying CSS: fxgl_dark.css
19:53:36.564 [FXGL Background Thread 1 ] DEBUG FXGLAssetLoaderServi - Loading from file system: jar:file:///C:/Users/koenm/.m2/repository/com/github/almasb/fxgl/17.1/fxgl-17.1.jar!/fxglassets/ui/css/fxgl_dark.css
19:53:36.609 [FXGL Background Thread 1 ] DEBUG GameApplicationServi - Initializing application scenes
19:53:36.648 [FXGL Background Thread 1 ] DEBUG FXGLAssetLoaderServi - Loading from file system: file:/C:/Users/koenm/Documents/GitHub/ipose-groep-4/target/classes/assets/textures/player.png
19:53:36.666 [FXGL Background Thread 1 ] DEBUG GameWorld            - Game world initialized
19:53:36.715 [FXGL Background Thread 1 ] DEBUG PhysicsWorld         - Physics world initialized: appHeight=720, physics.ppm=50,0
19:53:36.715 [FXGL Background Thread 1 ] DEBUG PhysicsWorld         - Using strategy: BRUTE_FORCE
19:53:36.718 [FXGL Background Thread 1 ] DEBUG GameScene            - Game scene initialized: 1280x720
19:53:36.725 [FXGL Background Thread 1 ] DEBUG FXGL.DefaultMenu     - createMenuBodyGameMenu()
19:53:36.739 [FXGL Background Thread 1 ] DEBUG FXGL.DefaultMenu     - createOptionsMenu()
19:53:36.750 [FXGL Background Thread 1 ] DEBUG FXGLAssetLoaderServi - Loading from file system: jar:file:///C:/Users/koenm/.m2/repository/com/github/almasb/fxgl/17.1/fxgl-17.1.jar!/fxglassets/textures/particles/smoke.png
19:53:36.831 [FXGL Background Thread 1 ] DEBUG FXGLAssetLoaderServi - Loading from file system: jar:file:///C:/Users/koenm/.m2/repository/com/github/almasb/fxgl/17.1/fxgl-17.1.jar!/fxglassets/textures/particles/trace_horizontal.png
19:53:36.862 [FXGL Background Thread 1 ] DEBUG GameApplicationServi - Application scenes initialized
19:53:36.900 [FXGL Background Thread 1 ] DEBUG SystemBundleService  - Loading FXGL system data
19:53:36.906 [FXGL Background Thread 1 ] DEBUG FileSystemAccess     - Reading from: C:\Users\koenm\Documents\GitHub\ipose-groep-4\system\fxgl.bundle
19:53:36.919 [FXGL Background Thread 1 ] DEBUG SystemBundleService  - Bundle FXGL: {}
19:53:36.920 [FXGL Background Thread 1 ] DEBUG UpdaterService       - Checking for updates
19:53:36.926 [FXGL Background Thread 4 ] DEBUG FXGLApplication      - Loading fonts
19:53:36.927 [FXGL Background Thread 4 ] DEBUG FXGLAssetLoaderServi - Loading from file system: jar:file:///C:/Users/koenm/.m2/repository/com/github/almasb/fxgl/17.1/fxgl-17.1.jar!/fxglassets/ui/fonts/VarelaRound-Regular.ttf
19:53:36.927 [FXGL Background Thread 1 ] DEBUG FXGLApplication      - Loading default localization
19:53:36.929 [FXGL Background Thread 1 ] DEBUG FXGLAssetLoaderServi - Loading from file system: jar:file:///C:/Users/koenm/.m2/repository/com/github/almasb/fxgl/17.1/fxgl-17.1.jar!/fxglassets/languages/english.lang
19:53:36.957 [FXGL Background Thread 1 ] INFO  FXGLApplication      - FXGL initialization took: 0,459 sec
19:53:36.968 [JavaFX Application Thread] DEBUG Input                - Registered new binding: Left - A
19:53:36.969 [JavaFX Application Thread] DEBUG Input                - Registered new binding: Right - D
19:53:36.969 [JavaFX Application Thread] DEBUG Input                - Registered new binding: Jump - W
19:53:36.969 [JavaFX Application Thread] DEBUG Input                - Registered new binding: Use - E
19:53:36.970 [JavaFX Application Thread] DEBUG FXGLAssetLoaderServi - Loading from file system: file:/C:/Users/koenm/Documents/GitHub/ipose-groep-4/target/classes/assets/music/BGM_dash_runner.wav
19:53:37.016 [FXGL Background Thread 4 ] DEBUG FXGLAssetLoaderServi - Loading from file system: jar:file:///C:/Users/koenm/.m2/repository/com/github/almasb/fxgl/17.1/fxgl-17.1.jar!/fxglassets/ui/fonts/Abel-Regular.ttf
19:53:37.019 [FXGL Background Thread 4 ] DEBUG FXGLAssetLoaderServi - Loading from file system: jar:file:///C:/Users/koenm/.m2/repository/com/github/almasb/fxgl/17.1/fxgl-17.1.jar!/fxglassets/ui/fonts/TerminalLandMono-Regular.otf
19:53:37.022 [FXGL Background Thread 4 ] DEBUG FXGLAssetLoaderServi - Loading from file system: jar:file:///C:/Users/koenm/.m2/repository/com/github/almasb/fxgl/17.1/fxgl-17.1.jar!/fxglassets/ui/fonts/Courier-Prime.ttf
19:53:37.156 [JavaFX Application Thread] DEBUG AudioPlayer          - Playing music com.almasb.fxgl.audio.Music@33fad79
19:53:37.157 [JavaFX Application Thread] DEBUG FXGLAssetLoaderServi - Loading from file system: jar:file:///C:/Users/koenm/.m2/repository/com/github/almasb/fxgl/17.1/fxgl-17.1.jar!/fxglassets/textures/fxgl_icon.png
19:53:37.178 [JavaFX Application Thread] DEBUG FXGLAssetLoaderServi - Loading from file system: jar:file:///C:/Users/koenm/.m2/repository/com/github/almasb/fxgl/17.1/fxgl-17.1.jar!/fxglassets/textures/fxgl_default_cursor.png
19:53:37.180 [JavaFX Application Thread] DEBUG Input                - Registered new binding: Screenshot - CTRL+8
19:53:37.181 [JavaFX Application Thread] DEBUG Input                - Registered new binding: System info dump - CTRL+9
19:53:37.181 [JavaFX Application Thread] DEBUG Input                - Registered new binding: Restart - CTRL+R
19:53:37.182 [JavaFX Application Thread] DEBUG Input                - Registered new binding: Toggle Debug Camera - CTRL+7
19:53:37.184 [JavaFX Application Thread] DEBUG LoopRunner           - Starting loop
19:53:37.184 [JavaFX Application Thread] DEBUG LoopRunner           - Initializing JavaFX AnimationTimerLoop
19:53:37.185 [JavaFX Application Thread] DEBUG GameApplicationServi - Starting new game
19:53:37.186 [JavaFX Application Thread] DEBUG Input                - Clearing active input actions
19:53:37.203 [JavaFX Application Thread] DEBUG GameApplicationServi - Removing overlay from FXGLStartupScene and adding to MainLoadingScene
19:53:37.203 [JavaFX Application Thread] DEBUG PrimaryStageWindow   - FXGLStartupScene -> MainLoadingScene
19:53:37.204 [JavaFX Application Thread] DEBUG GameApplicationServi - Clearing previous game
19:53:37.204 [JavaFX Application Thread] DEBUG GameScene            - Clearing game scene
19:53:37.204 [JavaFX Application Thread] DEBUG GameWorld            - Clearing game world
19:53:37.204 [JavaFX Application Thread] DEBUG PhysicsWorld         - Clearing physics world
19:53:37.205 [JavaFX Application Thread] DEBUG FXGLApplication      - Registering font factories with UI factory
19:53:37.205 [FXGL Background Thread 4 ] DEBUG FXGLApplication      - Initializing game
19:53:37.257 [FXGL Background Thread 4 ] WARN  TMXLevelLoader       - TiledMap generated from 1.10.0. Supported version: 1.4.2. Some features may not be parsed fully.
19:53:37.267 [FXGL Background Thread 4 ] DEBUG TMXLevelLoader       - Parsed TiledMap: file:/C:/Users/koenm/Documents/GitHub/ipose-groep-4/target/classes/assets/levels/tmx/level1.tmx
19:53:37.269 [FXGL Background Thread 4 ] DEBUG TMXLevelLoader       - Creating tile layer entities
19:53:37.270 [FXGL Background Thread 4 ] DEBUG TilesetLoader        - Loading view for layer Tile Layer 1
19:53:37.277 [FXGL Background Thread 4 ] DEBUG TilesetLoader        - Created buffer with size 4900.0x700.0
19:53:37.303 [FXGL Background Thread 4 ] DEBUG TMXLevelLoader       - Creating object layer entities
19:53:37.332 [FXGL Background Thread 4 ] DEBUG GameWorld            - Clearing removable entities
19:53:37.332 [FXGL Background Thread 4 ] DEBUG GameWorld            - Setting level: com.almasb.fxgl.entity.level.Level@6f4694fb
19:53:37.347 [FXGL Background Thread 2 ] INFO  UpdaterService       - Your current version:  17.1
19:53:37.347 [FXGL Background Thread 2 ] INFO  UpdaterService       - Latest stable version: 17.3
19:53:37.359 [FXGL Background Thread 4 ] DEBUG FXGLAssetLoaderServi - Loading from file system: file:/C:/Users/koenm/Documents/GitHub/ipose-groep-4/target/classes/assets/textures/trump.png
19:53:37.368 [FXGL Background Thread 4 ] DEBUG FXGLAssetLoaderServi - Loading from file system: file:/C:/Users/koenm/Documents/GitHub/ipose-groep-4/target/classes/assets/textures/background/forest.png
19:53:37.407 [FXGL Background Thread 4 ] INFO  FXGLApplication      - Game initialization took: 0,201 sec
19:53:37.491 [JavaFX Application Thread] DEBUG Input                - Clearing active input actions
19:53:37.499 [JavaFX Application Thread] DEBUG GameApplicationServi - Removing overlay from MainLoadingScene and adding to GameScene
19:53:37.500 [JavaFX Application Thread] DEBUG PrimaryStageWindow   - MainLoadingScene -> GameScene
19:53:39.923 [FXGL Background Thread 3 ] DEBUG Engine               - Logging environment variables
19:53:39.923 [FXGL Background Thread 3 ] DEBUG Engine               - achievements: []
19:53:39.923 [FXGL Background Thread 3 ] DEBUG Engine               - actualHeight: 720.0
19:53:39.923 [FXGL Background Thread 3 ] DEBUG Engine               - actualHeightProperty: ReadOnlyDoubleProperty [value: 720.0]
19:53:39.923 [FXGL Background Thread 3 ] DEBUG Engine               - actualWidth: 1280.0
19:53:39.923 [FXGL Background Thread 3 ] DEBUG Engine               - actualWidthProperty: ReadOnlyDoubleProperty [value: 1280.0]
19:53:39.924 [FXGL Background Thread 3 ] DEBUG Engine               - appIcon: fxgl_icon.png
19:53:39.924 [FXGL Background Thread 3 ] DEBUG Engine               - applicationMode: DEVELOPER
19:53:39.924 [FXGL Background Thread 3 ] DEBUG Engine               - cSSList: [fxgl_dark.css]
19:53:39.924 [FXGL Background Thread 3 ] DEBUG Engine               - collisionDetectionStrategy: BRUTE_FORCE
19:53:39.924 [FXGL Background Thread 3 ] DEBUG Engine               - configClass: Optional.empty
19:53:39.924 [FXGL Background Thread 3 ] DEBUG Engine               - credits: []
19:53:39.924 [FXGL Background Thread 3 ] DEBUG Engine               - defaultCursor: CursorInfo(imageName=fxgl_default_cursor.png, hotspotX=7.0, hotspotY=6.0)
19:53:39.924 [FXGL Background Thread 3 ] DEBUG Engine               - devBBoxColorProperty: ObjectProperty [value: 0xff0000ff]
19:53:39.924 [FXGL Background Thread 3 ] DEBUG Engine               - devEnableDebugCameraProperty: BooleanProperty [value: false]
19:53:39.924 [FXGL Background Thread 3 ] DEBUG Engine               - devSensorColorProperty: ObjectProperty [value: 0xffff00ff]
19:53:39.924 [FXGL Background Thread 3 ] DEBUG Engine               - devShowBBoxProperty: BooleanProperty [value: false]
19:53:39.924 [FXGL Background Thread 3 ] DEBUG Engine               - devShowPositionProperty: BooleanProperty [value: false]
19:53:39.924 [FXGL Background Thread 3 ] DEBUG Engine               - enabledMenuItems: []
19:53:39.924 [FXGL Background Thread 3 ] DEBUG Engine               - engineServices: [class com.almasb.fxgl.app.services.FXGLAssetLoaderService, class com.almasb.fxgl.app.FXGLApplication$GameApplicationService, class com.almasb.fxgl.app.services.FXGLDialogService, class com.almasb.fxgl.app.services.IOTaskExecutorService, class com.almasb.fxgl.io.FileSystemService, class com.almasb.fxgl.localization.LocalizationService, class com.almasb.fxgl.app.services.SystemBundleService, class com.almasb.fxgl.profile.SaveLoadService, class com.almasb.fxgl.ui.FXGLUIFactoryServiceProvider, class com.almasb.fxgl.ui.FXGLDialogFactoryServiceProvider, class com.almasb.fxgl.audio.AudioPlayer, class com.almasb.fxgl.notification.impl.NotificationServiceProvider, class com.almasb.fxgl.achievement.AchievementService, class com.almasb.fxgl.cutscene.CutsceneService, class com.almasb.fxgl.minigames.MiniGameService, class com.almasb.fxgl.net.NetService, class com.almasb.fxgl.app.services.UpdaterService, class com.almasb.fxgl.dev.DevService]
19:53:39.924 [FXGL Background Thread 3 ] DEBUG Engine               - fontGame: Abel-Regular.ttf
19:53:39.924 [FXGL Background Thread 3 ] DEBUG Engine               - fontMono: TerminalLandMono-Regular.otf
19:53:39.925 [FXGL Background Thread 3 ] DEBUG Engine               - fontText: Courier-Prime.ttf
19:53:39.925 [FXGL Background Thread 3 ] DEBUG Engine               - fontUI: VarelaRound-Regular.ttf
19:53:39.925 [FXGL Background Thread 3 ] DEBUG Engine               - fullScreen: BooleanProperty [value: false]
19:53:39.925 [FXGL Background Thread 3 ] DEBUG Engine               - gameDifficulty: MEDIUM
19:53:39.925 [FXGL Background Thread 3 ] DEBUG Engine               - gameDifficultyProperty: ObjectProperty [value: MEDIUM]
19:53:39.925 [FXGL Background Thread 3 ] DEBUG Engine               - globalMusicVolume: 0.5
19:53:39.925 [FXGL Background Thread 3 ] DEBUG Engine               - globalMusicVolumeProperty: DoubleProperty [value: 0.25]
19:53:39.925 [FXGL Background Thread 3 ] DEBUG Engine               - globalSoundVolume: 0.5
19:53:39.925 [FXGL Background Thread 3 ] DEBUG Engine               - globalSoundVolumeProperty: DoubleProperty [value: 0.5]
19:53:39.925 [FXGL Background Thread 3 ] DEBUG Engine               - height: 720
19:53:39.926 [FXGL Background Thread 3 ] DEBUG Engine               - is3D: false
19:53:39.926 [FXGL Background Thread 3 ] DEBUG Engine               - isAndroid: false
19:53:39.926 [FXGL Background Thread 3 ] DEBUG Engine               - isBrowser: false
19:53:39.926 [FXGL Background Thread 3 ] DEBUG Engine               - isClickFeedbackEnabled: false
19:53:39.926 [FXGL Background Thread 3 ] DEBUG Engine               - isCloseConfirmation: false
19:53:39.926 [FXGL Background Thread 3 ] DEBUG Engine               - isDesktop: true
19:53:39.926 [FXGL Background Thread 3 ] DEBUG Engine               - isDeveloperMenuEnabled: false
19:53:39.926 [FXGL Background Thread 3 ] DEBUG Engine               - isEmbedded: false
19:53:39.926 [FXGL Background Thread 3 ] DEBUG Engine               - isEntityPreloadEnabled: true
19:53:39.926 [FXGL Background Thread 3 ] DEBUG Engine               - isExperimentalTiledLargeMap: false
19:53:39.926 [FXGL Background Thread 3 ] DEBUG Engine               - isFileSystemWriteAllowed: true
19:53:39.926 [FXGL Background Thread 3 ] DEBUG Engine               - isFullScreenAllowed: false
19:53:39.926 [FXGL Background Thread 3 ] DEBUG Engine               - isFullScreenFromStart: false
19:53:39.926 [FXGL Background Thread 3 ] DEBUG Engine               - isGameMenuEnabled: true
19:53:39.926 [FXGL Background Thread 3 ] DEBUG Engine               - isIOS: false
19:53:39.926 [FXGL Background Thread 3 ] DEBUG Engine               - isIntroEnabled: false
19:53:39.927 [FXGL Background Thread 3 ] DEBUG Engine               - isLinux: false
19:53:39.927 [FXGL Background Thread 3 ] DEBUG Engine               - isMac: false
19:53:39.927 [FXGL Background Thread 3 ] DEBUG Engine               - isMainMenuEnabled: false
19:53:39.927 [FXGL Background Thread 3 ] DEBUG Engine               - isManualResizeEnabled: false
19:53:39.927 [FXGL Background Thread 3 ] DEBUG Engine               - isMobile: false
19:53:39.927 [FXGL Background Thread 3 ] DEBUG Engine               - isNative: false
19:53:39.927 [FXGL Background Thread 3 ] DEBUG Engine               - isPauseMusicWhenMinimized: true
19:53:39.927 [FXGL Background Thread 3 ] DEBUG Engine               - isPreserveResizeRatio: false
19:53:39.927 [FXGL Background Thread 3 ] DEBUG Engine               - isProfilingEnabled: false
19:53:39.927 [FXGL Background Thread 3 ] DEBUG Engine               - isScaleAffectedOnResize: true
19:53:39.927 [FXGL Background Thread 3 ] DEBUG Engine               - isSingleStep: false
19:53:39.927 [FXGL Background Thread 3 ] DEBUG Engine               - isUserProfileEnabled: false
19:53:39.927 [FXGL Background Thread 3 ] DEBUG Engine               - isWindows: true
19:53:39.927 [FXGL Background Thread 3 ] DEBUG Engine               - language: ObjectProperty [value: ENGLISH]
19:53:39.927 [FXGL Background Thread 3 ] DEBUG Engine               - menuKey: ESCAPE
19:53:39.927 [FXGL Background Thread 3 ] DEBUG Engine               - mouseSensitivity: 0.2
19:53:39.927 [FXGL Background Thread 3 ] DEBUG Engine               - notificationViewClass: class com.almasb.fxgl.notification.view.XboxNotificationView
19:53:39.927 [FXGL Background Thread 3 ] DEBUG Engine               - pixelsPerMeter: 50.0
19:53:39.927 [FXGL Background Thread 3 ] DEBUG Engine               - platform: WINDOWS
19:53:39.928 [FXGL Background Thread 3 ] DEBUG Engine               - prefHeightProperty: ReadOnlyDoubleProperty [value: 720.0]
19:53:39.928 [FXGL Background Thread 3 ] DEBUG Engine               - prefWidthProperty: ReadOnlyDoubleProperty [value: 1280.0]
19:53:39.928 [FXGL Background Thread 3 ] DEBUG Engine               - profileDir: profiles/
19:53:39.928 [FXGL Background Thread 3 ] DEBUG Engine               - profileName: StringProperty [value: DEFAULT]
19:53:39.928 [FXGL Background Thread 3 ] DEBUG Engine               - randomSeed: -1
19:53:39.928 [FXGL Background Thread 3 ] DEBUG Engine               - runtimeInfo: RuntimeInfo(platform=WINDOWS, version=17.1, build=24.03.2022 17.34)
19:53:39.928 [FXGL Background Thread 3 ] DEBUG Engine               - saveFileExt: sav
19:53:39.929 [FXGL Background Thread 3 ] DEBUG Engine               - scaledHeightProp$fxgl: DoubleProperty [bound, value: 720.0]
19:53:39.929 [FXGL Background Thread 3 ] DEBUG Engine               - scaledWidthProp$fxgl: DoubleProperty [bound, value: 1280.0]
19:53:39.929 [FXGL Background Thread 3 ] DEBUG Engine               - sceneFactory: com.almasb.fxglgames.platformer.PlatformerApp$1@629efc83
19:53:39.929 [FXGL Background Thread 3 ] DEBUG Engine               - secondsIn24h: 60
19:53:39.929 [FXGL Background Thread 3 ] DEBUG Engine               - soundMenuBack: menu/back.wav
19:53:39.929 [FXGL Background Thread 3 ] DEBUG Engine               - soundMenuPress: menu/press.wav
19:53:39.929 [FXGL Background Thread 3 ] DEBUG Engine               - soundMenuSelect: menu/select.wav
19:53:39.929 [FXGL Background Thread 3 ] DEBUG Engine               - soundNotification: core/notification.wav
19:53:39.929 [FXGL Background Thread 3 ] DEBUG Engine               - stageStyle: DECORATED
19:53:39.929 [FXGL Background Thread 3 ] DEBUG Engine               - supportedLanguages: [ENGLISH, FRENCH, GERMAN, HUNGARIAN, RUSSIAN]
19:53:39.929 [FXGL Background Thread 3 ] DEBUG Engine               - ticksPerSecond: -1
19:53:39.929 [FXGL Background Thread 3 ] DEBUG Engine               - title: Miguel
19:53:39.929 [FXGL Background Thread 3 ] DEBUG Engine               - urlGithub: https://github.com/AlmasB/FXGL
19:53:39.929 [FXGL Background Thread 3 ] DEBUG Engine               - urlLeaderboard: http://fxgl-top.herokuapp.com/
19:53:39.929 [FXGL Background Thread 3 ] DEBUG Engine               - urlPOM: https://raw.githubusercontent.com/AlmasB/FXGL/release/README.md
19:53:39.929 [FXGL Background Thread 3 ] DEBUG Engine               - userAppClass: class com.almasb.fxglgames.platformer.PlatformerApp
19:53:39.929 [FXGL Background Thread 3 ] DEBUG Engine               - version: 1.0
19:53:39.929 [FXGL Background Thread 3 ] DEBUG Engine               - versionCheckDays: 7
19:53:39.929 [FXGL Background Thread 3 ] DEBUG Engine               - width: 1280
19:53:39.929 [FXGL Background Thread 3 ] DEBUG Engine               - Logging services
19:53:39.929 [FXGL Background Thread 3 ] DEBUG Engine               - class com.almasb.fxgl.app.services.FXGLAssetLoaderService
19:53:39.929 [FXGL Background Thread 3 ] DEBUG Engine               - class com.almasb.fxgl.app.FXGLApplication$GameApplicationService
19:53:39.929 [FXGL Background Thread 3 ] DEBUG Engine               - class com.almasb.fxgl.app.services.FXGLDialogService
19:53:39.929 [FXGL Background Thread 3 ] DEBUG Engine               - class com.almasb.fxgl.app.services.IOTaskExecutorService
19:53:39.929 [FXGL Background Thread 3 ] DEBUG Engine               - class com.almasb.fxgl.io.FileSystemService
19:53:39.929 [FXGL Background Thread 3 ] DEBUG Engine               - class com.almasb.fxgl.localization.LocalizationService
19:53:39.929 [FXGL Background Thread 3 ] DEBUG Engine               - class com.almasb.fxgl.app.services.SystemBundleService
19:53:39.929 [FXGL Background Thread 3 ] DEBUG Engine               - class com.almasb.fxgl.profile.SaveLoadService
19:53:39.930 [FXGL Background Thread 3 ] DEBUG Engine               - class com.almasb.fxgl.ui.FXGLUIFactoryServiceProvider
19:53:39.930 [FXGL Background Thread 3 ] DEBUG Engine               - class com.almasb.fxgl.ui.FXGLDialogFactoryServiceProvider
19:53:39.930 [FXGL Background Thread 3 ] DEBUG Engine               - class com.almasb.fxgl.audio.AudioPlayer
19:53:39.930 [FXGL Background Thread 3 ] DEBUG Engine               - class com.almasb.fxgl.notification.impl.NotificationServiceProvider
19:53:39.930 [FXGL Background Thread 3 ] DEBUG Engine               - class com.almasb.fxgl.achievement.AchievementService
19:53:39.930 [FXGL Background Thread 3 ] DEBUG Engine               - class com.almasb.fxgl.cutscene.CutsceneService
19:53:39.930 [FXGL Background Thread 3 ] DEBUG Engine               - class com.almasb.fxgl.minigames.MiniGameService
19:53:39.930 [FXGL Background Thread 3 ] DEBUG Engine               - class com.almasb.fxgl.net.NetService
19:53:39.930 [FXGL Background Thread 3 ] DEBUG Engine               - class com.almasb.fxgl.app.services.UpdaterService
19:53:39.930 [FXGL Background Thread 3 ] DEBUG Engine               - class com.almasb.fxgl.dev.DevService
19:53:54.822 [JavaFX Application Thread] DEBUG Input                - Registered new binding: Close Level End Screen - LMB
19:53:54.822 [JavaFX Application Thread] DEBUG PrimaryStageWindow   - Push state: LevelEndScene
19:53:54.822 [JavaFX Application Thread] DEBUG Input                - Clearing active input actions
19:53:54.822 [JavaFX Application Thread] DEBUG GameApplicationServi - Removing overlay from GameScene and adding to LevelEndScene
19:53:54.823 [JavaFX Application Thread] DEBUG PrimaryStageWindow   - GameScene -> LevelEndScene
19:53:55.906 [JavaFX Application Thread] DEBUG PrimaryStageWindow   - Pop state: LevelEndScene
19:53:55.906 [JavaFX Application Thread] DEBUG Input                - Clearing active input actions
19:53:55.906 [JavaFX Application Thread] DEBUG GameApplicationServi - Removing overlay from LevelEndScene and adding to GameScene
19:53:55.906 [JavaFX Application Thread] DEBUG PrimaryStageWindow   - GameScene <- LevelEndScene
19:53:56.867 [JavaFX Application Thread] DEBUG AudioPlayer          - Pausing music com.almasb.fxgl.audio.Music@33fad79
19:53:56.868 [JavaFX Application Thread] DEBUG LoopRunner           - Pausing loop
19:53:56.869 [JavaFX Application Thread] DEBUG PrimaryStageWindow   - Push state: DialogSubScene
19:53:56.870 [JavaFX Application Thread] DEBUG Input                - Clearing active input actions
19:53:56.872 [JavaFX Application Thread] DEBUG GameApplicationServi - Removing overlay from GameScene and adding to DialogSubScene
19:53:56.872 [JavaFX Application Thread] DEBUG PrimaryStageWindow   - GameScene -> DialogSubScene
19:53:56.872 [JavaFX Application Thread] DEBUG Input                - Clearing active input actions
19:53:56.884 [JavaFX Application Thread] DEBUG LoopRunner           - Stopping loop
19:53:56.885 [JavaFX Application Thread] FATAL FXGLApplication      - Uncaught Exception:
java.lang.NullPointerException: Cannot invoke "com.almasb.fxglgames.platformer.ScoreManager.setScore(double)" because "this.scoreManager" is null
	at mario.main/com.almasb.fxglgames.platformer.PlatformerApp.nextLevel(PlatformerApp.java:313)
	at mario.main/com.almasb.fxglgames.platformer.PlatformerApp.lambda$initPhysics$1(PlatformerApp.java:210)
	at com.almasb.fxgl.all@17.1/com.almasb.fxgl.app.scene.Viewport.updateFadeFlash(Viewport.kt:422)
	at com.almasb.fxgl.all@17.1/com.almasb.fxgl.app.scene.Viewport.onUpdate(Viewport.kt:334)
	at com.almasb.fxgl.all@17.1/com.almasb.fxgl.app.scene.GameScene.step(GameScene.kt:226)
	at com.almasb.fxgl.all@17.1/com.almasb.fxgl.app.scene.GameScene.onUpdate(GameScene.kt:220)
	at com.almasb.fxgl.scene@17.1/com.almasb.fxgl.scene.Scene.update(Scene.kt:105)
	at com.almasb.fxgl.all@17.1/com.almasb.fxgl.app.MainWindow$update$1.invoke(MainWindow.kt:115)
	at com.almasb.fxgl.all@17.1/com.almasb.fxgl.app.MainWindow$update$1.invoke(MainWindow.kt:115)
	at com.almasb.fxgl.core@17.1/com.almasb.fxgl.core.fsm.StateMachine.runOnActiveStates(StateMachine.kt:69)
	at com.almasb.fxgl.all@17.1/com.almasb.fxgl.app.MainWindow.update(MainWindow.kt:115)
	at com.almasb.fxgl.all@17.1/com.almasb.fxgl.app.FXGLApplication$GameApplicationService.onUpdate(FXGLApplication.kt:426)
	at com.almasb.fxgl.all@17.1/com.almasb.fxgl.app.Engine.loop(Engine.kt:134)
	at com.almasb.fxgl.all@17.1/com.almasb.fxgl.app.Engine.access$loop(Engine.kt:24)
	at com.almasb.fxgl.all@17.1/com.almasb.fxgl.app.Engine$loop$1.invoke(Engine.kt:28)
	at com.almasb.fxgl.all@17.1/com.almasb.fxgl.app.Engine$loop$1.invoke(Engine.kt:28)
	at com.almasb.fxgl.all@17.1/com.almasb.fxgl.app.LoopRunner.frame(LoopRunner.kt:103)
	at com.almasb.fxgl.all@17.1/com.almasb.fxgl.app.LoopRunner.access$frame(LoopRunner.kt:23)
	at com.almasb.fxgl.all@17.1/com.almasb.fxgl.app.LoopRunner$impl$2$1.onTick(LoopRunner.kt:57)
	at com.almasb.fxgl.all@17.1/com.almasb.fxgl.app.AnimationTimerLoop$timer$1.handle(LoopRunner.kt:137)
	at javafx.graphics@19-ea/javafx.animation.AnimationTimer$AnimationTimerReceiver.lambda$handle$0(AnimationTimer.java:58)
	at java.base/java.security.AccessController.doPrivileged(AccessController.java:399)
	at javafx.graphics@19-ea/javafx.animation.AnimationTimer$AnimationTimerReceiver.handle(AnimationTimer.java:57)
	at javafx.graphics@19-ea/com.sun.scenario.animation.AbstractPrimaryTimer.timePulseImpl(AbstractPrimaryTimer.java:356)
	at javafx.graphics@19-ea/com.sun.scenario.animation.AbstractPrimaryTimer$MainLoop.run(AbstractPrimaryTimer.java:266)
	at javafx.graphics@19-ea/com.sun.javafx.tk.quantum.QuantumToolkit.pulse(QuantumToolkit.java:571)
	at javafx.graphics@19-ea/com.sun.javafx.tk.quantum.QuantumToolkit.pulse(QuantumToolkit.java:555)
	at javafx.graphics@19-ea/com.sun.javafx.tk.quantum.QuantumToolkit.pulseFromQueue(QuantumToolkit.java:548)
	at javafx.graphics@19-ea/com.sun.javafx.tk.quantum.QuantumToolkit.lambda$runToolkit$11(QuantumToolkit.java:352)
	at javafx.graphics@19-ea/com.sun.glass.ui.InvokeLaterDispatcher$Future.run(InvokeLaterDispatcher.java:96)
	at javafx.graphics@19-ea/com.sun.glass.ui.win.WinApplication._runLoop(Native Method)
	at javafx.graphics@19-ea/com.sun.glass.ui.win.WinApplication.lambda$runLoop$3(WinApplication.java:184)
	at java.base/java.lang.Thread.run(Thread.java:1589)

19:53:56.885 [JavaFX Application Thread] FATAL FXGLApplication      - Application will now exit
19:53:56.893 [JavaFX Application Thread] DEBUG PrimaryStageWindow   - Push state: ErrorSubScene
19:53:56.893 [JavaFX Application Thread] DEBUG Input                - Clearing active input actions
19:53:56.894 [JavaFX Application Thread] DEBUG GameApplicationServi - Removing overlay from DialogSubScene and adding to ErrorSubScene
19:53:56.894 [JavaFX Application Thread] DEBUG PrimaryStageWindow   - DialogSubScene -> ErrorSubScene
19:54:00.115 [JavaFX Application Thread] DEBUG FXGLApplication      - Exiting FXGL
19:54:00.115 [JavaFX Application Thread] DEBUG Async                - Shutting down background threads
19:54:00.115 [JavaFX Application Thread] DEBUG PrimaryStageWindow   - Closing main window
19:54:00.123 [JavaFX Application Thread] DEBUG Logger               - Closing Logger
