15:26:54.027 [main                     ] DEBUG Logger               - Configured Logger
15:26:54.055 [main                     ] DEBUG GameApplication      - Logging settings
Title: Miguel
Version: 1.0
Width: 1280
Height: 720
Fullscreen: false
Intro: false
Profiling: false
Single step:false
App Mode: DEVELOPER
Menu Key: ESCAPE
Stage Style: DECORATED
Scene Factory: class com.almasb.fxglgames.platformer.PlatformerApp$1

15:26:54.523 [JavaFX Application Thread] DEBUG FXGLApplication      - Initializing FXGL
15:26:54.528 [JavaFX Application Thread] INFO  Engine               - FXGL-17.1 (24.03.2022 17.34) on WINDOWS (J:19.0.1 FX:19-ea)
15:26:54.529 [JavaFX Application Thread] DEBUG Engine               - JRE Vendor Name: Oracle Corporation
15:26:54.529 [JavaFX Application Thread] DEBUG Engine               - Running on OS: Windows 10 version 10.0
15:26:54.529 [JavaFX Application Thread] DEBUG Engine               - Architecture: amd64
15:26:54.529 [JavaFX Application Thread] INFO  Engine               - Source code and latest versions at: https://github.com/AlmasB/FXGL
15:26:54.529 [JavaFX Application Thread] INFO  Engine               -       Ask questions and discuss at: https://github.com/AlmasB/FXGL/discussions
15:26:54.530 [JavaFX Application Thread] INFO  Engine               -              Join the FXGL chat at: https://gitter.im/AlmasB/FXGL
15:26:54.609 [JavaFX Application Thread] DEBUG PrimaryStageWindow   - Creating a JavaFX scene
15:26:54.648 [JavaFX Application Thread] DEBUG PrimaryStageWindow   - Target settings size: 1280.0 x 720.0
15:26:54.649 [JavaFX Application Thread] DEBUG PrimaryStageWindow   - Scaled scene size:    1280.0 x 720.0
15:26:54.649 [JavaFX Application Thread] DEBUG PrimaryStageWindow   - Scaled ratio: (1.0, 1.0)
15:26:54.650 [JavaFX Application Thread] DEBUG PrimaryStageWindow   - Set initial scene to FXGLStartupScene
15:26:54.656 [JavaFX Application Thread] DEBUG PrimaryStageWindow   - Opening main window
15:26:54.742 [JavaFX Application Thread] DEBUG PrimaryStageWindow   - Window border size: (14.4000244140625, 37.5999755859375)
15:26:54.742 [JavaFX Application Thread] DEBUG PrimaryStageWindow   - Scaled size: 1280.0 x 720.0
15:26:54.742 [JavaFX Application Thread] DEBUG PrimaryStageWindow   - Scaled ratio: (1.0, 1.0)
15:26:54.743 [JavaFX Application Thread] DEBUG PrimaryStageWindow   - Scene size: 1280.0 x 720.0
15:26:54.743 [JavaFX Application Thread] DEBUG PrimaryStageWindow   - Stage size: 1294.4000244140625 x 757.5999755859375
15:26:54.751 [FXGL Background Thread 1 ] DEBUG Engine               - Initializing environment variables
15:26:54.803 [FXGL Background Thread 1 ] DEBUG FXGLAssetLoaderServi - User app class for loading assets: class com.almasb.fxglgames.platformer.PlatformerApp
15:26:54.803 [FXGL Background Thread 1 ] DEBUG GameApplicationServi - Applying CSS: fxgl_dark.css
15:26:54.804 [FXGL Background Thread 1 ] DEBUG FXGLAssetLoaderServi - Loading from file system: jar:file:///C:/Users/koenm/.m2/repository/com/github/almasb/fxgl/17.1/fxgl-17.1.jar!/fxglassets/ui/css/fxgl_dark.css
15:26:54.839 [FXGL Background Thread 1 ] DEBUG GameApplicationServi - Initializing application scenes
15:26:54.882 [FXGL Background Thread 1 ] DEBUG FXGLAssetLoaderServi - Loading from file system: file:/C:/Users/koenm/Documents/GitHub/ipose-groep-4/target/classes/assets/textures/player.png
15:26:54.901 [FXGL Background Thread 1 ] DEBUG GameWorld            - Game world initialized
15:26:54.956 [FXGL Background Thread 1 ] DEBUG PhysicsWorld         - Physics world initialized: appHeight=720, physics.ppm=50,0
15:26:54.956 [FXGL Background Thread 1 ] DEBUG PhysicsWorld         - Using strategy: BRUTE_FORCE
15:26:54.960 [FXGL Background Thread 1 ] DEBUG GameScene            - Game scene initialized: 1280x720
15:26:54.968 [FXGL Background Thread 1 ] DEBUG FXGL.DefaultMenu     - createMenuBodyMainMenu()
15:26:54.981 [FXGL Background Thread 1 ] DEBUG FXGL.DefaultMenu     - createOptionsMenu()
15:26:54.988 [FXGL Background Thread 1 ] DEBUG FXGLAssetLoaderServi - Loading from file system: jar:file:///C:/Users/koenm/.m2/repository/com/github/almasb/fxgl/17.1/fxgl-17.1.jar!/fxglassets/textures/particles/smoke.png
15:26:55.057 [FXGL Background Thread 1 ] DEBUG FXGLAssetLoaderServi - Loading from file system: jar:file:///C:/Users/koenm/.m2/repository/com/github/almasb/fxgl/17.1/fxgl-17.1.jar!/fxglassets/textures/particles/trace_horizontal.png
15:26:55.092 [FXGL Background Thread 1 ] DEBUG FXGL.DefaultMenu     - createMenuBodyGameMenu()
15:26:55.094 [FXGL Background Thread 1 ] DEBUG FXGL.DefaultMenu     - createOptionsMenu()
15:26:55.120 [FXGL Background Thread 1 ] DEBUG GameApplicationServi - Application scenes initialized
15:26:55.135 [FXGL Background Thread 1 ] DEBUG SystemBundleService  - Loading FXGL system data
15:26:55.140 [FXGL Background Thread 1 ] DEBUG FileSystemAccess     - Reading from: C:\Users\koenm\Documents\GitHub\ipose-groep-4\system\fxgl.bundle
15:26:55.149 [FXGL Background Thread 1 ] DEBUG SystemBundleService  - Bundle FXGL: {}
15:26:55.149 [FXGL Background Thread 1 ] DEBUG UpdaterService       - Checking for updates
15:26:55.153 [FXGL Background Thread 4 ] DEBUG FXGLApplication      - Loading fonts
15:26:55.153 [FXGL Background Thread 1 ] DEBUG FXGLApplication      - Loading default localization
15:26:55.153 [FXGL Background Thread 4 ] DEBUG FXGLAssetLoaderServi - Loading from file system: jar:file:///C:/Users/koenm/.m2/repository/com/github/almasb/fxgl/17.1/fxgl-17.1.jar!/fxglassets/ui/fonts/VarelaRound-Regular.ttf
15:26:55.154 [FXGL Background Thread 1 ] DEBUG FXGLAssetLoaderServi - Loading from file system: jar:file:///C:/Users/koenm/.m2/repository/com/github/almasb/fxgl/17.1/fxgl-17.1.jar!/fxglassets/languages/english.lang
15:26:55.181 [FXGL Background Thread 1 ] INFO  FXGLApplication      - FXGL initialization took: 0,431 sec
15:26:55.192 [JavaFX Application Thread] DEBUG Input                - Registered new binding: Left - A
15:26:55.193 [JavaFX Application Thread] DEBUG Input                - Registered new binding: Right - D
15:26:55.193 [JavaFX Application Thread] DEBUG Input                - Registered new binding: Jump - W
15:26:55.193 [JavaFX Application Thread] DEBUG Input                - Registered new binding: Use - E
15:26:55.194 [JavaFX Application Thread] DEBUG FXGLAssetLoaderServi - Loading from file system: file:/C:/Users/koenm/Documents/GitHub/ipose-groep-4/target/classes/assets/music/BGM_dash_runner.wav
15:26:55.230 [FXGL Background Thread 4 ] DEBUG FXGLAssetLoaderServi - Loading from file system: jar:file:///C:/Users/koenm/.m2/repository/com/github/almasb/fxgl/17.1/fxgl-17.1.jar!/fxglassets/ui/fonts/Abel-Regular.ttf
15:26:55.234 [FXGL Background Thread 4 ] DEBUG FXGLAssetLoaderServi - Loading from file system: jar:file:///C:/Users/koenm/.m2/repository/com/github/almasb/fxgl/17.1/fxgl-17.1.jar!/fxglassets/ui/fonts/TerminalLandMono-Regular.otf
15:26:55.237 [FXGL Background Thread 4 ] DEBUG FXGLAssetLoaderServi - Loading from file system: jar:file:///C:/Users/koenm/.m2/repository/com/github/almasb/fxgl/17.1/fxgl-17.1.jar!/fxglassets/ui/fonts/Courier-Prime.ttf
15:26:55.330 [JavaFX Application Thread] DEBUG AudioPlayer          - Playing music com.almasb.fxgl.audio.Music@5a294ecb
15:26:55.331 [JavaFX Application Thread] DEBUG FXGLAssetLoaderServi - Loading from file system: jar:file:///C:/Users/koenm/.m2/repository/com/github/almasb/fxgl/17.1/fxgl-17.1.jar!/fxglassets/textures/fxgl_icon.png
15:26:55.356 [JavaFX Application Thread] DEBUG FXGLAssetLoaderServi - Loading from file system: jar:file:///C:/Users/koenm/.m2/repository/com/github/almasb/fxgl/17.1/fxgl-17.1.jar!/fxglassets/textures/fxgl_default_cursor.png
15:26:55.360 [JavaFX Application Thread] DEBUG Input                - Registered new binding: Screenshot - CTRL+8
15:26:55.361 [JavaFX Application Thread] DEBUG Input                - Registered new binding: System info dump - CTRL+9
15:26:55.361 [JavaFX Application Thread] DEBUG Input                - Registered new binding: Restart - CTRL+R
15:26:55.362 [JavaFX Application Thread] DEBUG Input                - Registered new binding: Toggle Debug Camera - CTRL+7
15:26:55.364 [JavaFX Application Thread] DEBUG LoopRunner           - Starting loop
15:26:55.364 [JavaFX Application Thread] DEBUG LoopRunner           - Initializing JavaFX AnimationTimerLoop
15:26:55.368 [JavaFX Application Thread] DEBUG Input                - Clearing active input actions
15:26:55.383 [JavaFX Application Thread] DEBUG GameApplicationServi - Removing overlay from FXGLStartupScene and adding to FXGLMainMenuDummyScene
15:26:55.383 [JavaFX Application Thread] DEBUG PrimaryStageWindow   - FXGLStartupScene -> FXGLMainMenuDummyScene
15:26:55.383 [JavaFX Application Thread] DEBUG PrimaryStageWindow   - Push state: FXGLDefaultMenu
15:26:55.386 [JavaFX Application Thread] DEBUG Input                - Clearing active input actions
15:26:55.396 [JavaFX Application Thread] DEBUG GameApplicationServi - Removing overlay from FXGLMainMenuDummyScene and adding to FXGLDefaultMenu
15:26:55.396 [JavaFX Application Thread] DEBUG PrimaryStageWindow   - FXGLMainMenuDummyScene -> FXGLDefaultMenu
15:26:55.397 [JavaFX Application Thread] DEBUG FXGLApplication      - Registering font factories with UI factory
15:26:55.523 [FXGL Background Thread 2 ] INFO  UpdaterService       - Your current version:  17.1
15:26:55.523 [FXGL Background Thread 2 ] INFO  UpdaterService       - Latest stable version: 17.3
15:26:56.756 [JavaFX Application Thread] DEBUG Menu                 - fireNewGame()
15:26:56.757 [JavaFX Application Thread] DEBUG GameApplicationServi - Starting new game
15:26:56.761 [JavaFX Application Thread] DEBUG PrimaryStageWindow   - Pop state: FXGLDefaultMenu
15:26:56.761 [JavaFX Application Thread] DEBUG Input                - Clearing active input actions
15:26:56.761 [JavaFX Application Thread] DEBUG GameApplicationServi - Removing overlay from FXGLDefaultMenu and adding to FXGLMainMenuDummyScene
15:26:56.762 [JavaFX Application Thread] DEBUG PrimaryStageWindow   - FXGLMainMenuDummyScene <- FXGLDefaultMenu
15:26:56.762 [JavaFX Application Thread] DEBUG Input                - Clearing active input actions
15:26:56.766 [JavaFX Application Thread] DEBUG GameApplicationServi - Removing overlay from FXGLMainMenuDummyScene and adding to MainLoadingScene
15:26:56.767 [JavaFX Application Thread] DEBUG PrimaryStageWindow   - FXGLMainMenuDummyScene -> MainLoadingScene
15:26:56.767 [JavaFX Application Thread] DEBUG GameApplicationServi - Clearing previous game
15:26:56.767 [JavaFX Application Thread] DEBUG GameScene            - Clearing game scene
15:26:56.767 [JavaFX Application Thread] DEBUG GameWorld            - Clearing game world
15:26:56.767 [JavaFX Application Thread] DEBUG PhysicsWorld         - Clearing physics world
15:26:56.769 [FXGL Background Thread 2 ] DEBUG FXGLApplication      - Initializing game
15:26:56.794 [FXGL Background Thread 2 ] WARN  TMXLevelLoader       - TiledMap generated from 1.10.0. Supported version: 1.4.2. Some features may not be parsed fully.
15:26:56.800 [FXGL Background Thread 2 ] DEBUG TMXLevelLoader       - Parsed TiledMap: file:/C:/Users/koenm/Documents/GitHub/ipose-groep-4/target/classes/assets/levels/tmx/level1.tmx
15:26:56.801 [FXGL Background Thread 2 ] DEBUG TMXLevelLoader       - Creating tile layer entities
15:26:56.802 [FXGL Background Thread 2 ] DEBUG TilesetLoader        - Loading view for layer Tile Layer 1
15:26:56.805 [FXGL Background Thread 2 ] DEBUG TilesetLoader        - Created buffer with size 4900.0x700.0
15:26:56.831 [FXGL Background Thread 2 ] DEBUG TMXLevelLoader       - Creating object layer entities
15:26:56.849 [FXGL Background Thread 2 ] DEBUG GameWorld            - Clearing removable entities
15:26:56.849 [FXGL Background Thread 2 ] DEBUG GameWorld            - Setting level: com.almasb.fxgl.entity.level.Level@41a74477
15:26:56.862 [FXGL Background Thread 2 ] DEBUG FXGLAssetLoaderServi - Loading from file system: file:/C:/Users/koenm/Documents/GitHub/ipose-groep-4/target/classes/assets/textures/trump.png
15:26:56.867 [FXGL Background Thread 2 ] DEBUG FXGLAssetLoaderServi - Loading from file system: file:/C:/Users/koenm/Documents/GitHub/ipose-groep-4/target/classes/assets/textures/background/forest.png
15:26:56.886 [FXGL Background Thread 2 ] INFO  FXGLApplication      - Game initialization took: 0,116 sec
15:26:56.886 [JavaFX Application Thread] DEBUG Input                - Clearing active input actions
15:26:56.890 [JavaFX Application Thread] DEBUG GameApplicationServi - Removing overlay from MainLoadingScene and adding to GameScene
15:26:56.890 [JavaFX Application Thread] DEBUG PrimaryStageWindow   - MainLoadingScene -> GameScene
15:26:58.153 [FXGL Background Thread 3 ] DEBUG Engine               - Logging environment variables
15:26:58.153 [FXGL Background Thread 3 ] DEBUG Engine               - achievements: []
15:26:58.153 [FXGL Background Thread 3 ] DEBUG Engine               - actualHeight: 720.0
15:26:58.153 [FXGL Background Thread 3 ] DEBUG Engine               - actualHeightProperty: ReadOnlyDoubleProperty [value: 720.0]
15:26:58.153 [FXGL Background Thread 3 ] DEBUG Engine               - actualWidth: 1280.0
15:26:58.153 [FXGL Background Thread 3 ] DEBUG Engine               - actualWidthProperty: ReadOnlyDoubleProperty [value: 1280.0]
15:26:58.153 [FXGL Background Thread 3 ] DEBUG Engine               - appIcon: fxgl_icon.png
15:26:58.153 [FXGL Background Thread 3 ] DEBUG Engine               - applicationMode: DEVELOPER
15:26:58.154 [FXGL Background Thread 3 ] DEBUG Engine               - cSSList: [fxgl_dark.css]
15:26:58.154 [FXGL Background Thread 3 ] DEBUG Engine               - collisionDetectionStrategy: BRUTE_FORCE
15:26:58.154 [FXGL Background Thread 3 ] DEBUG Engine               - configClass: Optional.empty
15:26:58.154 [FXGL Background Thread 3 ] DEBUG Engine               - credits: []
15:26:58.154 [FXGL Background Thread 3 ] DEBUG Engine               - defaultCursor: CursorInfo(imageName=fxgl_default_cursor.png, hotspotX=7.0, hotspotY=6.0)
15:26:58.154 [FXGL Background Thread 3 ] DEBUG Engine               - devBBoxColorProperty: ObjectProperty [value: 0xff0000ff]
15:26:58.154 [FXGL Background Thread 3 ] DEBUG Engine               - devEnableDebugCameraProperty: BooleanProperty [value: false]
15:26:58.154 [FXGL Background Thread 3 ] DEBUG Engine               - devSensorColorProperty: ObjectProperty [value: 0xffff00ff]
15:26:58.154 [FXGL Background Thread 3 ] DEBUG Engine               - devShowBBoxProperty: BooleanProperty [value: false]
15:26:58.154 [FXGL Background Thread 3 ] DEBUG Engine               - devShowPositionProperty: BooleanProperty [value: false]
15:26:58.154 [FXGL Background Thread 3 ] DEBUG Engine               - enabledMenuItems: []
15:26:58.154 [FXGL Background Thread 3 ] DEBUG Engine               - engineServices: [class com.almasb.fxgl.app.services.FXGLAssetLoaderService, class com.almasb.fxgl.app.FXGLApplication$GameApplicationService, class com.almasb.fxgl.app.services.FXGLDialogService, class com.almasb.fxgl.app.services.IOTaskExecutorService, class com.almasb.fxgl.io.FileSystemService, class com.almasb.fxgl.localization.LocalizationService, class com.almasb.fxgl.app.services.SystemBundleService, class com.almasb.fxgl.profile.SaveLoadService, class com.almasb.fxgl.ui.FXGLUIFactoryServiceProvider, class com.almasb.fxgl.ui.FXGLDialogFactoryServiceProvider, class com.almasb.fxgl.audio.AudioPlayer, class com.almasb.fxgl.notification.impl.NotificationServiceProvider, class com.almasb.fxgl.achievement.AchievementService, class com.almasb.fxgl.cutscene.CutsceneService, class com.almasb.fxgl.minigames.MiniGameService, class com.almasb.fxgl.net.NetService, class com.almasb.fxgl.app.services.UpdaterService, class com.almasb.fxgl.dev.DevService]
15:26:58.154 [FXGL Background Thread 3 ] DEBUG Engine               - fontGame: Abel-Regular.ttf
15:26:58.154 [FXGL Background Thread 3 ] DEBUG Engine               - fontMono: TerminalLandMono-Regular.otf
15:26:58.154 [FXGL Background Thread 3 ] DEBUG Engine               - fontText: Courier-Prime.ttf
15:26:58.154 [FXGL Background Thread 3 ] DEBUG Engine               - fontUI: VarelaRound-Regular.ttf
15:26:58.154 [FXGL Background Thread 3 ] DEBUG Engine               - fullScreen: BooleanProperty [value: false]
15:26:58.154 [FXGL Background Thread 3 ] DEBUG Engine               - gameDifficulty: MEDIUM
15:26:58.155 [FXGL Background Thread 3 ] DEBUG Engine               - gameDifficultyProperty: ObjectProperty [value: MEDIUM]
15:26:58.155 [FXGL Background Thread 3 ] DEBUG Engine               - globalMusicVolume: 0.5
15:26:58.155 [FXGL Background Thread 3 ] DEBUG Engine               - globalMusicVolumeProperty: DoubleProperty [value: 0.25]
15:26:58.155 [FXGL Background Thread 3 ] DEBUG Engine               - globalSoundVolume: 0.5
15:26:58.155 [FXGL Background Thread 3 ] DEBUG Engine               - globalSoundVolumeProperty: DoubleProperty [value: 0.5]
15:26:58.155 [FXGL Background Thread 3 ] DEBUG Engine               - height: 720
15:26:58.155 [FXGL Background Thread 3 ] DEBUG Engine               - is3D: false
15:26:58.155 [FXGL Background Thread 3 ] DEBUG Engine               - isAndroid: false
15:26:58.155 [FXGL Background Thread 3 ] DEBUG Engine               - isBrowser: false
15:26:58.155 [FXGL Background Thread 3 ] DEBUG Engine               - isClickFeedbackEnabled: false
15:26:58.155 [FXGL Background Thread 3 ] DEBUG Engine               - isCloseConfirmation: false
15:26:58.155 [FXGL Background Thread 3 ] DEBUG Engine               - isDesktop: true
15:26:58.155 [FXGL Background Thread 3 ] DEBUG Engine               - isDeveloperMenuEnabled: false
15:26:58.155 [FXGL Background Thread 3 ] DEBUG Engine               - isEmbedded: false
15:26:58.155 [FXGL Background Thread 3 ] DEBUG Engine               - isEntityPreloadEnabled: true
15:26:58.155 [FXGL Background Thread 3 ] DEBUG Engine               - isExperimentalTiledLargeMap: false
15:26:58.155 [FXGL Background Thread 3 ] DEBUG Engine               - isFileSystemWriteAllowed: true
15:26:58.155 [FXGL Background Thread 3 ] DEBUG Engine               - isFullScreenAllowed: false
15:26:58.155 [FXGL Background Thread 3 ] DEBUG Engine               - isFullScreenFromStart: false
15:26:58.155 [FXGL Background Thread 3 ] DEBUG Engine               - isGameMenuEnabled: true
15:26:58.155 [FXGL Background Thread 3 ] DEBUG Engine               - isIOS: false
15:26:58.156 [FXGL Background Thread 3 ] DEBUG Engine               - isIntroEnabled: false
15:26:58.156 [FXGL Background Thread 3 ] DEBUG Engine               - isLinux: false
15:26:58.156 [FXGL Background Thread 3 ] DEBUG Engine               - isMac: false
15:26:58.156 [FXGL Background Thread 3 ] DEBUG Engine               - isMainMenuEnabled: true
15:26:58.156 [FXGL Background Thread 3 ] DEBUG Engine               - isManualResizeEnabled: false
15:26:58.156 [FXGL Background Thread 3 ] DEBUG Engine               - isMobile: false
15:26:58.156 [FXGL Background Thread 3 ] DEBUG Engine               - isNative: false
15:26:58.156 [FXGL Background Thread 3 ] DEBUG Engine               - isPauseMusicWhenMinimized: true
15:26:58.156 [FXGL Background Thread 3 ] DEBUG Engine               - isPreserveResizeRatio: false
15:26:58.156 [FXGL Background Thread 3 ] DEBUG Engine               - isProfilingEnabled: false
15:26:58.156 [FXGL Background Thread 3 ] DEBUG Engine               - isScaleAffectedOnResize: true
15:26:58.156 [FXGL Background Thread 3 ] DEBUG Engine               - isSingleStep: false
15:26:58.156 [FXGL Background Thread 3 ] DEBUG Engine               - isUserProfileEnabled: false
15:26:58.156 [FXGL Background Thread 3 ] DEBUG Engine               - isWindows: true
15:26:58.156 [FXGL Background Thread 3 ] DEBUG Engine               - language: ObjectProperty [value: ENGLISH]
15:26:58.156 [FXGL Background Thread 3 ] DEBUG Engine               - menuKey: ESCAPE
15:26:58.156 [FXGL Background Thread 3 ] DEBUG Engine               - mouseSensitivity: 0.2
15:26:58.156 [FXGL Background Thread 3 ] DEBUG Engine               - notificationViewClass: class com.almasb.fxgl.notification.view.XboxNotificationView
15:26:58.156 [FXGL Background Thread 3 ] DEBUG Engine               - pixelsPerMeter: 50.0
15:26:58.156 [FXGL Background Thread 3 ] DEBUG Engine               - platform: WINDOWS
15:26:58.156 [FXGL Background Thread 3 ] DEBUG Engine               - prefHeightProperty: ReadOnlyDoubleProperty [value: 720.0]
15:26:58.156 [FXGL Background Thread 3 ] DEBUG Engine               - prefWidthProperty: ReadOnlyDoubleProperty [value: 1280.0]
15:26:58.156 [FXGL Background Thread 3 ] DEBUG Engine               - profileDir: profiles/
15:26:58.156 [FXGL Background Thread 3 ] DEBUG Engine               - profileName: StringProperty [value: DEFAULT]
15:26:58.157 [FXGL Background Thread 3 ] DEBUG Engine               - randomSeed: -1
15:26:58.157 [FXGL Background Thread 3 ] DEBUG Engine               - runtimeInfo: RuntimeInfo(platform=WINDOWS, version=17.1, build=24.03.2022 17.34)
15:26:58.157 [FXGL Background Thread 3 ] DEBUG Engine               - saveFileExt: sav
15:26:58.157 [FXGL Background Thread 3 ] DEBUG Engine               - scaledHeightProp$fxgl: DoubleProperty [bound, value: 720.0]
15:26:58.157 [FXGL Background Thread 3 ] DEBUG Engine               - scaledWidthProp$fxgl: DoubleProperty [bound, value: 1280.0]
15:26:58.157 [FXGL Background Thread 3 ] DEBUG Engine               - sceneFactory: com.almasb.fxglgames.platformer.PlatformerApp$1@3efe27a7
15:26:58.157 [FXGL Background Thread 3 ] DEBUG Engine               - secondsIn24h: 60
15:26:58.157 [FXGL Background Thread 3 ] DEBUG Engine               - soundMenuBack: menu/back.wav
15:26:58.157 [FXGL Background Thread 3 ] DEBUG Engine               - soundMenuPress: menu/press.wav
15:26:58.157 [FXGL Background Thread 3 ] DEBUG Engine               - soundMenuSelect: menu/select.wav
15:26:58.157 [FXGL Background Thread 3 ] DEBUG Engine               - soundNotification: core/notification.wav
15:26:58.157 [FXGL Background Thread 3 ] DEBUG Engine               - stageStyle: DECORATED
15:26:58.157 [FXGL Background Thread 3 ] DEBUG Engine               - supportedLanguages: [ENGLISH, FRENCH, GERMAN, HUNGARIAN, RUSSIAN]
15:26:58.157 [FXGL Background Thread 3 ] DEBUG Engine               - ticksPerSecond: -1
15:26:58.157 [FXGL Background Thread 3 ] DEBUG Engine               - title: Miguel
15:26:58.158 [FXGL Background Thread 3 ] DEBUG Engine               - urlGithub: https://github.com/AlmasB/FXGL
15:26:58.158 [FXGL Background Thread 3 ] DEBUG Engine               - urlLeaderboard: http://fxgl-top.herokuapp.com/
15:26:58.158 [FXGL Background Thread 3 ] DEBUG Engine               - urlPOM: https://raw.githubusercontent.com/AlmasB/FXGL/release/README.md
15:26:58.158 [FXGL Background Thread 3 ] DEBUG Engine               - userAppClass: class com.almasb.fxglgames.platformer.PlatformerApp
15:26:58.158 [FXGL Background Thread 3 ] DEBUG Engine               - version: 1.0
15:26:58.158 [FXGL Background Thread 3 ] DEBUG Engine               - versionCheckDays: 7
15:26:58.158 [FXGL Background Thread 3 ] DEBUG Engine               - width: 1280
15:26:58.158 [FXGL Background Thread 3 ] DEBUG Engine               - Logging services
15:26:58.158 [FXGL Background Thread 3 ] DEBUG Engine               - class com.almasb.fxgl.app.services.FXGLAssetLoaderService
15:26:58.158 [FXGL Background Thread 3 ] DEBUG Engine               - class com.almasb.fxgl.app.FXGLApplication$GameApplicationService
15:26:58.158 [FXGL Background Thread 3 ] DEBUG Engine               - class com.almasb.fxgl.app.services.FXGLDialogService
15:26:58.158 [FXGL Background Thread 3 ] DEBUG Engine               - class com.almasb.fxgl.app.services.IOTaskExecutorService
15:26:58.158 [FXGL Background Thread 3 ] DEBUG Engine               - class com.almasb.fxgl.io.FileSystemService
15:26:58.158 [FXGL Background Thread 3 ] DEBUG Engine               - class com.almasb.fxgl.localization.LocalizationService
15:26:58.158 [FXGL Background Thread 3 ] DEBUG Engine               - class com.almasb.fxgl.app.services.SystemBundleService
15:26:58.158 [FXGL Background Thread 3 ] DEBUG Engine               - class com.almasb.fxgl.profile.SaveLoadService
15:26:58.158 [FXGL Background Thread 3 ] DEBUG Engine               - class com.almasb.fxgl.ui.FXGLUIFactoryServiceProvider
15:26:58.158 [FXGL Background Thread 3 ] DEBUG Engine               - class com.almasb.fxgl.ui.FXGLDialogFactoryServiceProvider
15:26:58.158 [FXGL Background Thread 3 ] DEBUG Engine               - class com.almasb.fxgl.audio.AudioPlayer
15:26:58.158 [FXGL Background Thread 3 ] DEBUG Engine               - class com.almasb.fxgl.notification.impl.NotificationServiceProvider
15:26:58.158 [FXGL Background Thread 3 ] DEBUG Engine               - class com.almasb.fxgl.achievement.AchievementService
15:26:58.158 [FXGL Background Thread 3 ] DEBUG Engine               - class com.almasb.fxgl.cutscene.CutsceneService
15:26:58.159 [FXGL Background Thread 3 ] DEBUG Engine               - class com.almasb.fxgl.minigames.MiniGameService
15:26:58.159 [FXGL Background Thread 3 ] DEBUG Engine               - class com.almasb.fxgl.net.NetService
15:26:58.159 [FXGL Background Thread 3 ] DEBUG Engine               - class com.almasb.fxgl.app.services.UpdaterService
15:26:58.159 [FXGL Background Thread 3 ] DEBUG Engine               - class com.almasb.fxgl.dev.DevService
15:27:15.993 [JavaFX Application Thread] DEBUG Input                - Registered new binding: Close Level End Screen - LMB
15:27:15.993 [JavaFX Application Thread] DEBUG PrimaryStageWindow   - Push state: LevelEndScene
15:27:15.993 [JavaFX Application Thread] DEBUG Input                - Clearing active input actions
15:27:15.993 [JavaFX Application Thread] DEBUG GameApplicationServi - Removing overlay from GameScene and adding to LevelEndScene
15:27:15.993 [JavaFX Application Thread] DEBUG PrimaryStageWindow   - GameScene -> LevelEndScene
15:27:19.867 [JavaFX Application Thread] DEBUG PrimaryStageWindow   - Pop state: LevelEndScene
15:27:19.867 [JavaFX Application Thread] DEBUG Input                - Clearing active input actions
15:27:19.867 [JavaFX Application Thread] DEBUG GameApplicationServi - Removing overlay from LevelEndScene and adding to GameScene
15:27:19.867 [JavaFX Application Thread] DEBUG PrimaryStageWindow   - GameScene <- LevelEndScene
15:27:20.854 [JavaFX Application Thread] WARN  TMXLevelLoader       - TiledMap generated from 1.10.0. Supported version: 1.4.2. Some features may not be parsed fully.
15:27:20.858 [JavaFX Application Thread] DEBUG TMXLevelLoader       - Parsed TiledMap: file:/C:/Users/koenm/Documents/GitHub/ipose-groep-4/target/classes/assets/levels/tmx/level2.tmx
15:27:20.858 [JavaFX Application Thread] DEBUG TMXLevelLoader       - Creating tile layer entities
15:27:20.858 [JavaFX Application Thread] DEBUG TilesetLoader        - Loading view for layer Tile Layer 1
15:27:20.864 [JavaFX Application Thread] DEBUG TilesetLoader        - Created buffer with size 4900.0x700.0
15:27:20.878 [JavaFX Application Thread] DEBUG TMXLevelLoader       - Creating object layer entities
15:27:20.883 [JavaFX Application Thread] DEBUG GameWorld            - Clearing removable entities
15:27:20.885 [JavaFX Application Thread] DEBUG GameWorld            - Setting level: com.almasb.fxgl.entity.level.Level@23bb7940
15:27:36.851 [JavaFX Application Thread] DEBUG PrimaryStageWindow   - Push state: LevelEndScene
15:27:36.851 [JavaFX Application Thread] DEBUG Input                - Clearing active input actions
15:27:36.851 [JavaFX Application Thread] DEBUG GameApplicationServi - Removing overlay from GameScene and adding to LevelEndScene
15:27:36.851 [JavaFX Application Thread] DEBUG PrimaryStageWindow   - GameScene -> LevelEndScene
15:27:37.285 [JavaFX Application Thread] DEBUG PrimaryStageWindow   - Pop state: LevelEndScene
15:27:37.286 [JavaFX Application Thread] DEBUG Input                - Clearing active input actions
15:27:37.286 [JavaFX Application Thread] DEBUG GameApplicationServi - Removing overlay from LevelEndScene and adding to GameScene
15:27:37.286 [JavaFX Application Thread] DEBUG PrimaryStageWindow   - GameScene <- LevelEndScene
15:27:38.276 [JavaFX Application Thread] WARN  TMXLevelLoader       - TiledMap generated from 1.10.1. Supported version: 1.4.2. Some features may not be parsed fully.
15:27:38.279 [JavaFX Application Thread] DEBUG TMXLevelLoader       - Parsed TiledMap: file:/C:/Users/koenm/Documents/GitHub/ipose-groep-4/target/classes/assets/levels/tmx/level3.tmx
15:27:38.279 [JavaFX Application Thread] DEBUG TMXLevelLoader       - Creating tile layer entities
15:27:38.279 [JavaFX Application Thread] DEBUG TilesetLoader        - Loading view for layer Tile Layer 1
15:27:38.282 [JavaFX Application Thread] DEBUG TilesetLoader        - Created buffer with size 4900.0x700.0
15:27:38.292 [JavaFX Application Thread] DEBUG TMXLevelLoader       - Creating object layer entities
15:27:38.297 [JavaFX Application Thread] DEBUG GameWorld            - Clearing removable entities
15:27:38.297 [JavaFX Application Thread] DEBUG GameWorld            - Setting level: com.almasb.fxgl.entity.level.Level@72f41276
15:27:50.486 [JavaFX Application Thread] DEBUG PrimaryStageWindow   - Push state: DialogSubScene
15:27:50.486 [JavaFX Application Thread] DEBUG Input                - Clearing active input actions
15:27:50.487 [JavaFX Application Thread] DEBUG GameApplicationServi - Removing overlay from GameScene and adding to DialogSubScene
15:27:50.487 [JavaFX Application Thread] DEBUG PrimaryStageWindow   - GameScene -> DialogSubScene
15:27:53.305 [JavaFX Application Thread] DEBUG PrimaryStageWindow   - Pop state: DialogSubScene
15:27:53.305 [JavaFX Application Thread] DEBUG Input                - Clearing active input actions
15:27:53.305 [JavaFX Application Thread] DEBUG GameApplicationServi - Removing overlay from DialogSubScene and adding to GameScene
15:27:53.305 [JavaFX Application Thread] DEBUG PrimaryStageWindow   - GameScene <- DialogSubScene
15:27:53.306 [JavaFX Application Thread] DEBUG GameApplicationServi - Starting new game
15:27:53.306 [JavaFX Application Thread] DEBUG Input                - Clearing active input actions
15:27:53.309 [JavaFX Application Thread] DEBUG GameApplicationServi - Removing overlay from GameScene and adding to MainLoadingScene
15:27:53.310 [JavaFX Application Thread] DEBUG PrimaryStageWindow   - GameScene -> MainLoadingScene
15:27:53.310 [JavaFX Application Thread] DEBUG GameApplicationServi - Clearing previous game
15:27:53.310 [JavaFX Application Thread] DEBUG GameScene            - Clearing game scene
15:27:53.310 [JavaFX Application Thread] DEBUG GameWorld            - Clearing game world
15:27:53.311 [JavaFX Application Thread] DEBUG PhysicsWorld         - Clearing physics world
15:27:53.311 [FXGL Background Thread 2 ] DEBUG FXGLApplication      - Initializing game
15:27:53.312 [FXGL Background Thread 2 ] WARN  TMXLevelLoader       - TiledMap generated from 1.10.0. Supported version: 1.4.2. Some features may not be parsed fully.
15:27:53.314 [FXGL Background Thread 2 ] DEBUG TMXLevelLoader       - Parsed TiledMap: file:/C:/Users/koenm/Documents/GitHub/ipose-groep-4/target/classes/assets/levels/tmx/level1.tmx
15:27:53.314 [FXGL Background Thread 2 ] DEBUG TMXLevelLoader       - Creating tile layer entities
15:27:53.315 [FXGL Background Thread 2 ] DEBUG TilesetLoader        - Loading view for layer Tile Layer 1
15:27:53.318 [FXGL Background Thread 2 ] DEBUG TilesetLoader        - Created buffer with size 4900.0x700.0
15:27:53.332 [FXGL Background Thread 2 ] DEBUG TMXLevelLoader       - Creating object layer entities
15:27:53.339 [FXGL Background Thread 2 ] DEBUG GameWorld            - Clearing removable entities
15:27:53.339 [FXGL Background Thread 2 ] DEBUG GameWorld            - Setting level: com.almasb.fxgl.entity.level.Level@1fd5985b
15:27:53.342 [FXGL Background Thread 2 ] INFO  FXGLApplication      - Game initialization took: 0,031 sec
15:27:53.343 [JavaFX Application Thread] DEBUG Input                - Clearing active input actions
15:27:53.346 [JavaFX Application Thread] DEBUG GameApplicationServi - Removing overlay from MainLoadingScene and adding to GameScene
15:27:53.347 [JavaFX Application Thread] DEBUG PrimaryStageWindow   - MainLoadingScene -> GameScene
15:27:54.893 [JavaFX Application Thread] DEBUG FXGLApplication      - Exiting FXGL
15:27:54.893 [JavaFX Application Thread] DEBUG LoopRunner           - Stopping loop
15:27:54.893 [JavaFX Application Thread] DEBUG SystemBundleService  - Saving FXGL system data
15:27:54.895 [JavaFX Application Thread] DEBUG FileSystemAccess     - Writing to: C:\Users\koenm\Documents\GitHub\ipose-groep-4\system\fxgl.bundle
15:27:54.896 [JavaFX Application Thread] DEBUG Async                - Shutting down background threads
15:27:54.896 [JavaFX Application Thread] DEBUG PrimaryStageWindow   - Closing main window
15:27:54.908 [JavaFX Application Thread] DEBUG Logger               - Closing Logger
