15:07:20.936 [main                     ] DEBUG Logger               - Configured Logger
15:07:21.015 [main                     ] DEBUG GameApplication      - Logging settings
Title: Untitled
Version: 0.0
Width: 1400
Height: 720
Fullscreen: false
Intro: false
Profiling: false
Single step:false
App Mode: DEVELOPER
Menu Key: ESCAPE
Stage Style: DECORATED
Scene Factory: class com.almasb.fxglgames.platformer.PlatformerApp$1

15:07:21.663 [JavaFX Application Thread] DEBUG FXGLApplication      - Initializing FXGL
15:07:21.673 [JavaFX Application Thread] INFO  Engine               - FXGL-17.1 (24.03.2022 17.34) on WINDOWS (J:19.0.1 FX:19-ea)
15:07:21.674 [JavaFX Application Thread] DEBUG Engine               - JRE Vendor Name: Oracle Corporation
15:07:21.674 [JavaFX Application Thread] DEBUG Engine               - Running on OS: Windows 10 version 10.0
15:07:21.675 [JavaFX Application Thread] DEBUG Engine               - Architecture: amd64
15:07:21.675 [JavaFX Application Thread] INFO  Engine               - Source code and latest versions at: https://github.com/AlmasB/FXGL
15:07:21.675 [JavaFX Application Thread] INFO  Engine               -       Ask questions and discuss at: https://github.com/AlmasB/FXGL/discussions
15:07:21.676 [JavaFX Application Thread] INFO  Engine               -              Join the FXGL chat at: https://gitter.im/AlmasB/FXGL
15:07:21.839 [JavaFX Application Thread] DEBUG PrimaryStageWindow   - Creating a JavaFX scene
15:07:21.946 [JavaFX Application Thread] DEBUG PrimaryStageWindow   - Target settings size: 1400.0 x 720.0
15:07:21.947 [JavaFX Application Thread] DEBUG PrimaryStageWindow   - Scaled scene size:    1400.0 x 720.0
15:07:21.947 [JavaFX Application Thread] DEBUG PrimaryStageWindow   - Scaled ratio: (1.0, 1.0)
15:07:21.949 [JavaFX Application Thread] DEBUG PrimaryStageWindow   - Set initial scene to FXGLStartupScene
15:07:21.963 [JavaFX Application Thread] DEBUG PrimaryStageWindow   - Opening main window
15:07:22.125 [JavaFX Application Thread] DEBUG PrimaryStageWindow   - Window border size: (14.4000244140625, 37.5999755859375)
15:07:22.126 [JavaFX Application Thread] DEBUG PrimaryStageWindow   - Scaled size: 1400.0 x 720.0
15:07:22.126 [JavaFX Application Thread] DEBUG PrimaryStageWindow   - Scaled ratio: (1.0, 1.0)
15:07:22.127 [JavaFX Application Thread] DEBUG PrimaryStageWindow   - Scene size: 1400.0 x 720.0
15:07:22.128 [JavaFX Application Thread] DEBUG PrimaryStageWindow   - Stage size: 1414.4000244140625 x 757.5999755859375
15:07:22.148 [FXGL Background Thread 1 ] DEBUG Engine               - Initializing environment variables
15:07:22.252 [FXGL Background Thread 1 ] DEBUG FXGLAssetLoaderServi - User app class for loading assets: class com.almasb.fxglgames.platformer.PlatformerApp
15:07:22.253 [FXGL Background Thread 1 ] DEBUG GameApplicationServi - Applying CSS: fxgl_dark.css
15:07:22.254 [FXGL Background Thread 1 ] DEBUG FXGLAssetLoaderServi - Loading from file system: jar:file:///C:/Users/jardk/.m2/repository/com/github/almasb/fxgl/17.1/fxgl-17.1.jar!/fxglassets/ui/css/fxgl_dark.css
15:07:22.340 [FXGL Background Thread 1 ] DEBUG GameApplicationServi - Initializing application scenes
15:07:22.468 [FXGL Background Thread 1 ] DEBUG FXGLAssetLoaderServi - Loading from file system: file:/C:/ipose-groep-4/target/classes/assets/textures/player.png
15:07:22.510 [FXGL Background Thread 1 ] DEBUG GameWorld            - Game world initialized
15:07:22.632 [FXGL Background Thread 1 ] DEBUG PhysicsWorld         - Physics world initialized: appHeight=720, physics.ppm=50,0
15:07:22.633 [FXGL Background Thread 1 ] DEBUG PhysicsWorld         - Using strategy: BRUTE_FORCE
15:07:22.640 [FXGL Background Thread 1 ] DEBUG GameScene            - Game scene initialized: 1400x720
15:07:22.658 [FXGL Background Thread 1 ] DEBUG FXGL.DefaultMenu     - createMenuBodyGameMenu()
15:07:22.692 [FXGL Background Thread 1 ] DEBUG FXGL.DefaultMenu     - createOptionsMenu()
15:07:22.724 [FXGL Background Thread 1 ] DEBUG FXGLAssetLoaderServi - Loading from file system: jar:file:///C:/Users/jardk/.m2/repository/com/github/almasb/fxgl/17.1/fxgl-17.1.jar!/fxglassets/textures/particles/smoke.png
15:07:22.886 [FXGL Background Thread 1 ] DEBUG FXGLAssetLoaderServi - Loading from file system: jar:file:///C:/Users/jardk/.m2/repository/com/github/almasb/fxgl/17.1/fxgl-17.1.jar!/fxglassets/textures/particles/trace_horizontal.png
15:07:22.936 [FXGL Background Thread 1 ] DEBUG GameApplicationServi - Application scenes initialized
15:07:22.968 [FXGL Background Thread 1 ] DEBUG SystemBundleService  - Loading FXGL system data
15:07:22.976 [FXGL Background Thread 1 ] DEBUG FileSystemAccess     - Reading from: C:\ipose-groep-4\system\fxgl.bundle
15:07:22.998 [FXGL Background Thread 1 ] DEBUG SystemBundleService  - Bundle FXGL: {}
15:07:22.998 [FXGL Background Thread 1 ] DEBUG UpdaterService       - Checking for updates
15:07:23.006 [FXGL Background Thread 4 ] DEBUG FXGLApplication      - Loading fonts
15:07:23.007 [FXGL Background Thread 1 ] DEBUG FXGLApplication      - Loading default localization
15:07:23.007 [FXGL Background Thread 4 ] DEBUG FXGLAssetLoaderServi - Loading from file system: jar:file:///C:/Users/jardk/.m2/repository/com/github/almasb/fxgl/17.1/fxgl-17.1.jar!/fxglassets/ui/fonts/VarelaRound-Regular.ttf
15:07:23.008 [FXGL Background Thread 1 ] DEBUG FXGLAssetLoaderServi - Loading from file system: jar:file:///C:/Users/jardk/.m2/repository/com/github/almasb/fxgl/17.1/fxgl-17.1.jar!/fxglassets/languages/english.lang
15:07:23.053 [FXGL Background Thread 1 ] INFO  FXGLApplication      - FXGL initialization took: 0,905 sec
15:07:23.071 [JavaFX Application Thread] DEBUG Input                - Registered new binding: Left - A
15:07:23.071 [JavaFX Application Thread] DEBUG Input                - Registered new binding: Right - D
15:07:23.072 [JavaFX Application Thread] DEBUG Input                - Registered new binding: Jump - W
15:07:23.072 [JavaFX Application Thread] DEBUG Input                - Registered new binding: Use - E
15:07:23.073 [JavaFX Application Thread] DEBUG FXGLAssetLoaderServi - Loading from file system: file:/C:/ipose-groep-4/target/classes/assets/music/BGM_dash_runner.wav
15:07:23.120 [FXGL Background Thread 4 ] DEBUG FXGLAssetLoaderServi - Loading from file system: jar:file:///C:/Users/jardk/.m2/repository/com/github/almasb/fxgl/17.1/fxgl-17.1.jar!/fxglassets/ui/fonts/Abel-Regular.ttf
15:07:23.128 [FXGL Background Thread 4 ] DEBUG FXGLAssetLoaderServi - Loading from file system: jar:file:///C:/Users/jardk/.m2/repository/com/github/almasb/fxgl/17.1/fxgl-17.1.jar!/fxglassets/ui/fonts/TerminalLandMono-Regular.otf
15:07:23.135 [FXGL Background Thread 4 ] DEBUG FXGLAssetLoaderServi - Loading from file system: jar:file:///C:/Users/jardk/.m2/repository/com/github/almasb/fxgl/17.1/fxgl-17.1.jar!/fxglassets/ui/fonts/Courier-Prime.ttf
15:07:23.344 [JavaFX Application Thread] DEBUG AudioPlayer          - Playing music com.almasb.fxgl.audio.Music@4fefb80c
15:07:23.345 [JavaFX Application Thread] DEBUG FXGLAssetLoaderServi - Loading from file system: jar:file:///C:/Users/jardk/.m2/repository/com/github/almasb/fxgl/17.1/fxgl-17.1.jar!/fxglassets/textures/fxgl_icon.png
15:07:23.376 [JavaFX Application Thread] DEBUG FXGLAssetLoaderServi - Loading from file system: jar:file:///C:/Users/jardk/.m2/repository/com/github/almasb/fxgl/17.1/fxgl-17.1.jar!/fxglassets/textures/fxgl_default_cursor.png
15:07:23.380 [JavaFX Application Thread] DEBUG Input                - Registered new binding: Screenshot - CTRL+8
15:07:23.381 [JavaFX Application Thread] DEBUG Input                - Registered new binding: System info dump - CTRL+9
15:07:23.381 [JavaFX Application Thread] DEBUG Input                - Registered new binding: Restart - CTRL+R
15:07:23.383 [JavaFX Application Thread] DEBUG Input                - Registered new binding: Toggle Debug Camera - CTRL+7
15:07:23.387 [JavaFX Application Thread] DEBUG LoopRunner           - Starting loop
15:07:23.387 [JavaFX Application Thread] DEBUG LoopRunner           - Initializing JavaFX AnimationTimerLoop
15:07:23.390 [JavaFX Application Thread] DEBUG GameApplicationServi - Starting new game
15:07:23.391 [JavaFX Application Thread] DEBUG Input                - Clearing active input actions
15:07:23.423 [JavaFX Application Thread] DEBUG GameApplicationServi - Removing overlay from FXGLStartupScene and adding to MainLoadingScene
15:07:23.424 [JavaFX Application Thread] DEBUG PrimaryStageWindow   - FXGLStartupScene -> MainLoadingScene
15:07:23.424 [JavaFX Application Thread] DEBUG GameApplicationServi - Clearing previous game
15:07:23.424 [JavaFX Application Thread] DEBUG GameScene            - Clearing game scene
15:07:23.424 [JavaFX Application Thread] DEBUG GameWorld            - Clearing game world
15:07:23.425 [JavaFX Application Thread] DEBUG PhysicsWorld         - Clearing physics world
15:07:23.427 [FXGL Background Thread 4 ] DEBUG FXGLApplication      - Initializing game
15:07:23.431 [JavaFX Application Thread] DEBUG FXGLApplication      - Registering font factories with UI factory
15:07:23.508 [FXGL Background Thread 4 ] WARN  TMXLevelLoader       - TiledMap generated from 1.10.0. Supported version: 1.4.2. Some features may not be parsed fully.
15:07:23.524 [FXGL Background Thread 4 ] DEBUG TMXLevelLoader       - Parsed TiledMap: file:/C:/ipose-groep-4/target/classes/assets/levels/tmx/level1.tmx
15:07:23.526 [FXGL Background Thread 4 ] DEBUG TMXLevelLoader       - Creating tile layer entities
15:07:23.531 [FXGL Background Thread 4 ] DEBUG TilesetLoader        - Loading view for layer Tile Layer 1
15:07:23.535 [FXGL Background Thread 4 ] DEBUG TilesetLoader        - Created buffer with size 2100.0x700.0
15:07:23.571 [FXGL Background Thread 4 ] DEBUG TMXLevelLoader       - Creating object layer entities
15:07:23.622 [FXGL Background Thread 4 ] DEBUG GameWorld            - Clearing removable entities
15:07:23.623 [FXGL Background Thread 4 ] DEBUG GameWorld            - Setting level: com.almasb.fxgl.entity.level.Level@7846f89a
15:07:23.677 [FXGL Background Thread 4 ] DEBUG FXGLAssetLoaderServi - Loading from file system: file:/C:/ipose-groep-4/target/classes/assets/textures/background/forest.png
15:07:23.711 [FXGL Background Thread 4 ] INFO  FXGLApplication      - Game initialization took: 0,283 sec
15:07:23.712 [JavaFX Application Thread] DEBUG Input                - Clearing active input actions
15:07:23.735 [JavaFX Application Thread] DEBUG GameApplicationServi - Removing overlay from MainLoadingScene and adding to GameScene
15:07:23.736 [JavaFX Application Thread] DEBUG PrimaryStageWindow   - MainLoadingScene -> GameScene
15:07:23.818 [FXGL Background Thread 2 ] INFO  UpdaterService       - Your current version:  17.1
15:07:23.819 [FXGL Background Thread 2 ] INFO  UpdaterService       - Latest stable version: 17.3
15:07:26.004 [FXGL Background Thread 3 ] DEBUG Engine               - Logging environment variables
15:07:26.006 [FXGL Background Thread 3 ] DEBUG Engine               - achievements: []
15:07:26.006 [FXGL Background Thread 3 ] DEBUG Engine               - actualHeight: 720.0
15:07:26.006 [FXGL Background Thread 3 ] DEBUG Engine               - actualHeightProperty: ReadOnlyDoubleProperty [value: 720.0]
15:07:26.006 [FXGL Background Thread 3 ] DEBUG Engine               - actualWidth: 1400.0
15:07:26.006 [FXGL Background Thread 3 ] DEBUG Engine               - actualWidthProperty: ReadOnlyDoubleProperty [value: 1400.0]
15:07:26.006 [FXGL Background Thread 3 ] DEBUG Engine               - appIcon: fxgl_icon.png
15:07:26.006 [FXGL Background Thread 3 ] DEBUG Engine               - applicationMode: DEVELOPER
15:07:26.007 [FXGL Background Thread 3 ] DEBUG Engine               - cSSList: [fxgl_dark.css]
15:07:26.007 [FXGL Background Thread 3 ] DEBUG Engine               - collisionDetectionStrategy: BRUTE_FORCE
15:07:26.007 [FXGL Background Thread 3 ] DEBUG Engine               - configClass: Optional.empty
15:07:26.007 [FXGL Background Thread 3 ] DEBUG Engine               - credits: []
15:07:26.008 [FXGL Background Thread 3 ] DEBUG Engine               - defaultCursor: CursorInfo(imageName=fxgl_default_cursor.png, hotspotX=7.0, hotspotY=6.0)
15:07:26.008 [FXGL Background Thread 3 ] DEBUG Engine               - devBBoxColorProperty: ObjectProperty [value: 0xff0000ff]
15:07:26.008 [FXGL Background Thread 3 ] DEBUG Engine               - devEnableDebugCameraProperty: BooleanProperty [value: false]
15:07:26.008 [FXGL Background Thread 3 ] DEBUG Engine               - devSensorColorProperty: ObjectProperty [value: 0xffff00ff]
15:07:26.008 [FXGL Background Thread 3 ] DEBUG Engine               - devShowBBoxProperty: BooleanProperty [value: false]
15:07:26.008 [FXGL Background Thread 3 ] DEBUG Engine               - devShowPositionProperty: BooleanProperty [value: false]
15:07:26.008 [FXGL Background Thread 3 ] DEBUG Engine               - enabledMenuItems: []
15:07:26.008 [FXGL Background Thread 3 ] DEBUG Engine               - engineServices: [class com.almasb.fxgl.app.services.FXGLAssetLoaderService, class com.almasb.fxgl.app.FXGLApplication$GameApplicationService, class com.almasb.fxgl.app.services.FXGLDialogService, class com.almasb.fxgl.app.services.IOTaskExecutorService, class com.almasb.fxgl.io.FileSystemService, class com.almasb.fxgl.localization.LocalizationService, class com.almasb.fxgl.app.services.SystemBundleService, class com.almasb.fxgl.profile.SaveLoadService, class com.almasb.fxgl.ui.FXGLUIFactoryServiceProvider, class com.almasb.fxgl.ui.FXGLDialogFactoryServiceProvider, class com.almasb.fxgl.audio.AudioPlayer, class com.almasb.fxgl.notification.impl.NotificationServiceProvider, class com.almasb.fxgl.achievement.AchievementService, class com.almasb.fxgl.cutscene.CutsceneService, class com.almasb.fxgl.minigames.MiniGameService, class com.almasb.fxgl.net.NetService, class com.almasb.fxgl.app.services.UpdaterService, class com.almasb.fxgl.dev.DevService]
15:07:26.009 [FXGL Background Thread 3 ] DEBUG Engine               - fontGame: Abel-Regular.ttf
15:07:26.009 [FXGL Background Thread 3 ] DEBUG Engine               - fontMono: TerminalLandMono-Regular.otf
15:07:26.009 [FXGL Background Thread 3 ] DEBUG Engine               - fontText: Courier-Prime.ttf
15:07:26.009 [FXGL Background Thread 3 ] DEBUG Engine               - fontUI: VarelaRound-Regular.ttf
15:07:26.009 [FXGL Background Thread 3 ] DEBUG Engine               - fullScreen: BooleanProperty [value: false]
15:07:26.009 [FXGL Background Thread 3 ] DEBUG Engine               - gameDifficulty: MEDIUM
15:07:26.009 [FXGL Background Thread 3 ] DEBUG Engine               - gameDifficultyProperty: ObjectProperty [value: MEDIUM]
15:07:26.009 [FXGL Background Thread 3 ] DEBUG Engine               - globalMusicVolume: 0.5
15:07:26.010 [FXGL Background Thread 3 ] DEBUG Engine               - globalMusicVolumeProperty: DoubleProperty [value: 0.25]
15:07:26.010 [FXGL Background Thread 3 ] DEBUG Engine               - globalSoundVolume: 0.5
15:07:26.010 [FXGL Background Thread 3 ] DEBUG Engine               - globalSoundVolumeProperty: DoubleProperty [value: 0.5]
15:07:26.010 [FXGL Background Thread 3 ] DEBUG Engine               - height: 720
15:07:26.010 [FXGL Background Thread 3 ] DEBUG Engine               - is3D: false
15:07:26.010 [FXGL Background Thread 3 ] DEBUG Engine               - isAndroid: false
15:07:26.010 [FXGL Background Thread 3 ] DEBUG Engine               - isBrowser: false
15:07:26.010 [FXGL Background Thread 3 ] DEBUG Engine               - isClickFeedbackEnabled: false
15:07:26.011 [FXGL Background Thread 3 ] DEBUG Engine               - isCloseConfirmation: false
15:07:26.011 [FXGL Background Thread 3 ] DEBUG Engine               - isDesktop: true
15:07:26.011 [FXGL Background Thread 3 ] DEBUG Engine               - isDeveloperMenuEnabled: false
15:07:26.011 [FXGL Background Thread 3 ] DEBUG Engine               - isEmbedded: false
15:07:26.011 [FXGL Background Thread 3 ] DEBUG Engine               - isEntityPreloadEnabled: true
15:07:26.011 [FXGL Background Thread 3 ] DEBUG Engine               - isExperimentalTiledLargeMap: false
15:07:26.011 [FXGL Background Thread 3 ] DEBUG Engine               - isFileSystemWriteAllowed: true
15:07:26.011 [FXGL Background Thread 3 ] DEBUG Engine               - isFullScreenAllowed: false
15:07:26.011 [FXGL Background Thread 3 ] DEBUG Engine               - isFullScreenFromStart: false
15:07:26.011 [FXGL Background Thread 3 ] DEBUG Engine               - isGameMenuEnabled: true
15:07:26.012 [FXGL Background Thread 3 ] DEBUG Engine               - isIOS: false
15:07:26.012 [FXGL Background Thread 3 ] DEBUG Engine               - isIntroEnabled: false
15:07:26.012 [FXGL Background Thread 3 ] DEBUG Engine               - isLinux: false
15:07:26.012 [FXGL Background Thread 3 ] DEBUG Engine               - isMac: false
15:07:26.012 [FXGL Background Thread 3 ] DEBUG Engine               - isMainMenuEnabled: false
15:07:26.012 [FXGL Background Thread 3 ] DEBUG Engine               - isManualResizeEnabled: false
15:07:26.013 [FXGL Background Thread 3 ] DEBUG Engine               - isMobile: false
15:07:26.013 [FXGL Background Thread 3 ] DEBUG Engine               - isNative: false
15:07:26.013 [FXGL Background Thread 3 ] DEBUG Engine               - isPauseMusicWhenMinimized: true
15:07:26.013 [FXGL Background Thread 3 ] DEBUG Engine               - isPreserveResizeRatio: false
15:07:26.013 [FXGL Background Thread 3 ] DEBUG Engine               - isProfilingEnabled: false
15:07:26.013 [FXGL Background Thread 3 ] DEBUG Engine               - isScaleAffectedOnResize: true
15:07:26.013 [FXGL Background Thread 3 ] DEBUG Engine               - isSingleStep: false
15:07:26.014 [FXGL Background Thread 3 ] DEBUG Engine               - isUserProfileEnabled: false
15:07:26.014 [FXGL Background Thread 3 ] DEBUG Engine               - isWindows: true
15:07:26.014 [FXGL Background Thread 3 ] DEBUG Engine               - language: ObjectProperty [value: ENGLISH]
15:07:26.014 [FXGL Background Thread 3 ] DEBUG Engine               - menuKey: ESCAPE
15:07:26.014 [FXGL Background Thread 3 ] DEBUG Engine               - mouseSensitivity: 0.2
15:07:26.014 [FXGL Background Thread 3 ] DEBUG Engine               - notificationViewClass: class com.almasb.fxgl.notification.view.XboxNotificationView
15:07:26.014 [FXGL Background Thread 3 ] DEBUG Engine               - pixelsPerMeter: 50.0
15:07:26.015 [FXGL Background Thread 3 ] DEBUG Engine               - platform: WINDOWS
15:07:26.015 [FXGL Background Thread 3 ] DEBUG Engine               - prefHeightProperty: ReadOnlyDoubleProperty [value: 720.0]
15:07:26.015 [FXGL Background Thread 3 ] DEBUG Engine               - prefWidthProperty: ReadOnlyDoubleProperty [value: 1400.0]
15:07:26.015 [FXGL Background Thread 3 ] DEBUG Engine               - profileDir: profiles/
15:07:26.015 [FXGL Background Thread 3 ] DEBUG Engine               - profileName: StringProperty [value: DEFAULT]
15:07:26.015 [FXGL Background Thread 3 ] DEBUG Engine               - randomSeed: -1
15:07:26.016 [FXGL Background Thread 3 ] DEBUG Engine               - runtimeInfo: RuntimeInfo(platform=WINDOWS, version=17.1, build=24.03.2022 17.34)
15:07:26.016 [FXGL Background Thread 3 ] DEBUG Engine               - saveFileExt: sav
15:07:26.016 [FXGL Background Thread 3 ] DEBUG Engine               - scaledHeightProp$fxgl: DoubleProperty [bound, value: 720.0]
15:07:26.016 [FXGL Background Thread 3 ] DEBUG Engine               - scaledWidthProp$fxgl: DoubleProperty [bound, value: 1400.0]
15:07:26.016 [FXGL Background Thread 3 ] DEBUG Engine               - sceneFactory: com.almasb.fxglgames.platformer.PlatformerApp$1@70358139
15:07:26.017 [FXGL Background Thread 3 ] DEBUG Engine               - secondsIn24h: 60
15:07:26.017 [FXGL Background Thread 3 ] DEBUG Engine               - soundMenuBack: menu/back.wav
15:07:26.017 [FXGL Background Thread 3 ] DEBUG Engine               - soundMenuPress: menu/press.wav
15:07:26.017 [FXGL Background Thread 3 ] DEBUG Engine               - soundMenuSelect: menu/select.wav
15:07:26.017 [FXGL Background Thread 3 ] DEBUG Engine               - soundNotification: core/notification.wav
15:07:26.017 [FXGL Background Thread 3 ] DEBUG Engine               - stageStyle: DECORATED
15:07:26.017 [FXGL Background Thread 3 ] DEBUG Engine               - supportedLanguages: [ENGLISH, FRENCH, GERMAN, HUNGARIAN, RUSSIAN]
15:07:26.017 [FXGL Background Thread 3 ] DEBUG Engine               - ticksPerSecond: -1
15:07:26.017 [FXGL Background Thread 3 ] DEBUG Engine               - title: Untitled
15:07:26.017 [FXGL Background Thread 3 ] DEBUG Engine               - urlGithub: https://github.com/AlmasB/FXGL
15:07:26.017 [FXGL Background Thread 3 ] DEBUG Engine               - urlLeaderboard: http://fxgl-top.herokuapp.com/
15:07:26.017 [FXGL Background Thread 3 ] DEBUG Engine               - urlPOM: https://raw.githubusercontent.com/AlmasB/FXGL/release/README.md
15:07:26.017 [FXGL Background Thread 3 ] DEBUG Engine               - userAppClass: class com.almasb.fxglgames.platformer.PlatformerApp
15:07:26.018 [FXGL Background Thread 3 ] DEBUG Engine               - version: 0.0
15:07:26.018 [FXGL Background Thread 3 ] DEBUG Engine               - versionCheckDays: 7
15:07:26.018 [FXGL Background Thread 3 ] DEBUG Engine               - width: 1400
15:07:26.018 [FXGL Background Thread 3 ] DEBUG Engine               - Logging services
15:07:26.018 [FXGL Background Thread 3 ] DEBUG Engine               - class com.almasb.fxgl.app.services.FXGLAssetLoaderService
15:07:26.018 [FXGL Background Thread 3 ] DEBUG Engine               - class com.almasb.fxgl.app.FXGLApplication$GameApplicationService
15:07:26.018 [FXGL Background Thread 3 ] DEBUG Engine               - class com.almasb.fxgl.app.services.FXGLDialogService
15:07:26.018 [FXGL Background Thread 3 ] DEBUG Engine               - class com.almasb.fxgl.app.services.IOTaskExecutorService
15:07:26.018 [FXGL Background Thread 3 ] DEBUG Engine               - class com.almasb.fxgl.io.FileSystemService
15:07:26.018 [FXGL Background Thread 3 ] DEBUG Engine               - class com.almasb.fxgl.localization.LocalizationService
15:07:26.018 [FXGL Background Thread 3 ] DEBUG Engine               - class com.almasb.fxgl.app.services.SystemBundleService
15:07:26.018 [FXGL Background Thread 3 ] DEBUG Engine               - class com.almasb.fxgl.profile.SaveLoadService
15:07:26.018 [FXGL Background Thread 3 ] DEBUG Engine               - class com.almasb.fxgl.ui.FXGLUIFactoryServiceProvider
15:07:26.018 [FXGL Background Thread 3 ] DEBUG Engine               - class com.almasb.fxgl.ui.FXGLDialogFactoryServiceProvider
15:07:26.018 [FXGL Background Thread 3 ] DEBUG Engine               - class com.almasb.fxgl.audio.AudioPlayer
15:07:26.018 [FXGL Background Thread 3 ] DEBUG Engine               - class com.almasb.fxgl.notification.impl.NotificationServiceProvider
15:07:26.018 [FXGL Background Thread 3 ] DEBUG Engine               - class com.almasb.fxgl.achievement.AchievementService
15:07:26.018 [FXGL Background Thread 3 ] DEBUG Engine               - class com.almasb.fxgl.cutscene.CutsceneService
15:07:26.018 [FXGL Background Thread 3 ] DEBUG Engine               - class com.almasb.fxgl.minigames.MiniGameService
15:07:26.019 [FXGL Background Thread 3 ] DEBUG Engine               - class com.almasb.fxgl.net.NetService
15:07:26.019 [FXGL Background Thread 3 ] DEBUG Engine               - class com.almasb.fxgl.app.services.UpdaterService
15:07:26.019 [FXGL Background Thread 3 ] DEBUG Engine               - class com.almasb.fxgl.dev.DevService
15:08:37.794 [JavaFX Application Thread] DEBUG FXGLApplication      - Exiting FXGL
15:08:37.794 [JavaFX Application Thread] DEBUG LoopRunner           - Stopping loop
15:08:37.794 [JavaFX Application Thread] DEBUG SystemBundleService  - Saving FXGL system data
15:08:37.800 [JavaFX Application Thread] DEBUG FileSystemAccess     - Writing to: C:\ipose-groep-4\system\fxgl.bundle
15:08:37.807 [JavaFX Application Thread] DEBUG Async                - Shutting down background threads
15:08:37.808 [JavaFX Application Thread] DEBUG PrimaryStageWindow   - Closing main window
15:08:37.847 [JavaFX Application Thread] DEBUG Logger               - Closing Logger
