10:51:00.700 [main                     ] DEBUG Logger               - Configured Logger
10:51:00.728 [main                     ] DEBUG GameApplication      - Logging settings
Title: hello world
Version: 1.0
Width: 800
Height: 800
Fullscreen: false
Intro: false
Profiling: false
Single step:false
App Mode: DEVELOPER
Menu Key: ESCAPE
Stage Style: DECORATED
Scene Factory: class com.almasb.fxgl.app.scene.SceneFactory

10:51:01.404 [JavaFX Application Thread] DEBUG FXGLApplication      - Initializing FXGL
10:51:01.409 [JavaFX Application Thread] INFO  Engine               - FXGL-17.1 (24.03.2022 17.34) on WINDOWS (J:19.0.1 FX:19-ea)
10:51:01.410 [JavaFX Application Thread] DEBUG Engine               - JRE Vendor Name: Oracle Corporation
10:51:01.410 [JavaFX Application Thread] DEBUG Engine               - Running on OS: Windows 10 version 10.0
10:51:01.410 [JavaFX Application Thread] DEBUG Engine               - Architecture: amd64
10:51:01.410 [JavaFX Application Thread] INFO  Engine               - Source code and latest versions at: https://github.com/AlmasB/FXGL
10:51:01.410 [JavaFX Application Thread] INFO  Engine               -       Ask questions and discuss at: https://github.com/AlmasB/FXGL/discussions
10:51:01.411 [JavaFX Application Thread] INFO  Engine               -              Join the FXGL chat at: https://gitter.im/AlmasB/FXGL
10:51:01.499 [JavaFX Application Thread] DEBUG PrimaryStageWindow   - Creating a JavaFX scene
10:51:01.554 [JavaFX Application Thread] DEBUG PrimaryStageWindow   - Target settings size: 800.0 x 800.0
10:51:01.555 [JavaFX Application Thread] DEBUG PrimaryStageWindow   - Scaled scene size:    800.0 x 800.0
10:51:01.555 [JavaFX Application Thread] DEBUG PrimaryStageWindow   - Scaled ratio: (1.0, 1.0)
10:51:01.556 [JavaFX Application Thread] DEBUG PrimaryStageWindow   - Set initial scene to FXGLStartupScene
10:51:01.562 [JavaFX Application Thread] DEBUG PrimaryStageWindow   - Opening main window
10:51:01.644 [JavaFX Application Thread] DEBUG PrimaryStageWindow   - Window border size: (14.4000244140625, 37.5999755859375)
10:51:01.644 [JavaFX Application Thread] DEBUG PrimaryStageWindow   - Scaled size: 800.0 x 800.0
10:51:01.645 [JavaFX Application Thread] DEBUG PrimaryStageWindow   - Scaled ratio: (1.0, 1.0)
10:51:01.645 [JavaFX Application Thread] DEBUG PrimaryStageWindow   - Scene size: 800.0 x 800.0
10:51:01.645 [JavaFX Application Thread] DEBUG PrimaryStageWindow   - Stage size: 814.4000244140625 x 837.5999755859375
10:51:01.653 [FXGL Background Thread 1 ] DEBUG Engine               - Initializing environment variables
10:51:01.708 [FXGL Background Thread 1 ] DEBUG FXGLAssetLoaderServi - User app class for loading assets: class com.example.demo1.HelloApplication
10:51:01.708 [FXGL Background Thread 1 ] DEBUG GameApplicationServi - Applying CSS: fxgl_dark.css
10:51:01.710 [FXGL Background Thread 1 ] DEBUG FXGLAssetLoaderServi - Loading from file system: jar:file:///C:/Users/koenm/.m2/repository/com/github/almasb/fxgl/17.1/fxgl-17.1.jar!/fxglassets/ui/css/fxgl_dark.css
10:51:01.749 [FXGL Background Thread 1 ] DEBUG GameApplicationServi - Initializing application scenes
10:51:01.782 [FXGL Background Thread 1 ] DEBUG GameWorld            - Game world initialized
10:51:01.849 [FXGL Background Thread 1 ] DEBUG PhysicsWorld         - Physics world initialized: appHeight=800, physics.ppm=50,0
10:51:01.850 [FXGL Background Thread 1 ] DEBUG PhysicsWorld         - Using strategy: BRUTE_FORCE
10:51:01.853 [FXGL Background Thread 1 ] DEBUG GameScene            - Game scene initialized: 800x800
10:51:01.865 [FXGL Background Thread 1 ] DEBUG FXGL.DefaultMenu     - createMenuBodyGameMenu()
10:51:01.879 [FXGL Background Thread 1 ] DEBUG FXGL.DefaultMenu     - createOptionsMenu()
10:51:01.889 [FXGL Background Thread 1 ] DEBUG FXGLAssetLoaderServi - Loading from file system: jar:file:///C:/Users/koenm/.m2/repository/com/github/almasb/fxgl/17.1/fxgl-17.1.jar!/fxglassets/textures/particles/smoke.png
10:51:01.969 [FXGL Background Thread 1 ] DEBUG FXGLAssetLoaderServi - Loading from file system: jar:file:///C:/Users/koenm/.m2/repository/com/github/almasb/fxgl/17.1/fxgl-17.1.jar!/fxglassets/textures/particles/trace_horizontal.png
10:51:02.029 [FXGL Background Thread 1 ] DEBUG GameApplicationServi - Application scenes initialized
10:51:02.048 [FXGL Background Thread 1 ] DEBUG SystemBundleService  - Loading FXGL system data
10:51:02.068 [FXGL Background Thread 1 ] DEBUG FileSystemAccess     - Reading from: C:\Users\koenm\IdeaProjects\demo1\system\fxgl.bundle
10:51:02.082 [FXGL Background Thread 1 ] DEBUG SystemBundleService  - Bundle FXGL: {}
10:51:02.082 [FXGL Background Thread 1 ] DEBUG UpdaterService       - Checking for updates
10:51:02.089 [FXGL Background Thread 1 ] DEBUG FXGLApplication      - Loading default localization
10:51:02.090 [FXGL Background Thread 1 ] DEBUG FXGLAssetLoaderServi - Loading from file system: jar:file:///C:/Users/koenm/.m2/repository/com/github/almasb/fxgl/17.1/fxgl-17.1.jar!/fxglassets/languages/english.lang
10:51:02.109 [FXGL Background Thread 1 ] INFO  FXGLApplication      - FXGL initialization took: 0,456 sec
10:51:02.104 [FXGL Background Thread 4 ] DEBUG FXGLApplication      - Loading fonts
10:51:02.111 [FXGL Background Thread 4 ] DEBUG FXGLAssetLoaderServi - Loading from file system: jar:file:///C:/Users/koenm/.m2/repository/com/github/almasb/fxgl/17.1/fxgl-17.1.jar!/fxglassets/ui/fonts/VarelaRound-Regular.ttf
10:51:02.122 [JavaFX Application Thread] DEBUG Input                - Registered new binding: action0 - D
10:51:02.122 [JavaFX Application Thread] DEBUG Input                - Registered new binding: action1 - A
10:51:02.122 [JavaFX Application Thread] DEBUG Input                - Registered new binding: action2 - W
10:51:02.123 [JavaFX Application Thread] DEBUG Input                - Registered new binding: action3 - S
10:51:02.123 [JavaFX Application Thread] DEBUG Input                - Registered new binding: action4 - F
10:51:02.124 [JavaFX Application Thread] DEBUG FXGLAssetLoaderServi - Loading from file system: jar:file:///C:/Users/koenm/.m2/repository/com/github/almasb/fxgl/17.1/fxgl-17.1.jar!/fxglassets/textures/fxgl_icon.png
10:51:02.154 [JavaFX Application Thread] DEBUG FXGLAssetLoaderServi - Loading from file system: jar:file:///C:/Users/koenm/.m2/repository/com/github/almasb/fxgl/17.1/fxgl-17.1.jar!/fxglassets/textures/fxgl_default_cursor.png
10:51:02.156 [JavaFX Application Thread] DEBUG Input                - Registered new binding: Screenshot - CTRL+8
10:51:02.157 [JavaFX Application Thread] DEBUG Input                - Registered new binding: System info dump - CTRL+9
10:51:02.157 [JavaFX Application Thread] DEBUG Input                - Registered new binding: Restart - CTRL+R
10:51:02.158 [JavaFX Application Thread] DEBUG Input                - Registered new binding: Toggle Debug Camera - CTRL+7
10:51:02.159 [JavaFX Application Thread] DEBUG LoopRunner           - Starting loop
10:51:02.160 [JavaFX Application Thread] DEBUG LoopRunner           - Initializing JavaFX AnimationTimerLoop
10:51:02.161 [JavaFX Application Thread] DEBUG GameApplicationServi - Starting new game
10:51:02.162 [JavaFX Application Thread] DEBUG Input                - Clearing active input actions
10:51:02.172 [JavaFX Application Thread] DEBUG GameApplicationServi - Removing overlay from FXGLStartupScene and adding to FXGLLoadingScene
10:51:02.173 [JavaFX Application Thread] DEBUG PrimaryStageWindow   - FXGLStartupScene -> FXGLLoadingScene
10:51:02.173 [JavaFX Application Thread] DEBUG GameApplicationServi - Clearing previous game
10:51:02.173 [JavaFX Application Thread] DEBUG GameScene            - Clearing game scene
10:51:02.173 [JavaFX Application Thread] DEBUG GameWorld            - Clearing game world
10:51:02.173 [JavaFX Application Thread] DEBUG PhysicsWorld         - Clearing physics world
10:51:02.175 [FXGL Background Thread 1 ] DEBUG FXGLApplication      - Initializing game
10:51:02.178 [FXGL Background Thread 1 ] DEBUG FXGLAssetLoaderServi - Loading from file system: file:/C:/Users/koenm/IdeaProjects/demo1/target/classes/assets/textures/brick.png
10:51:02.197 [FXGL Background Thread 1 ] INFO  FXGLApplication      - Game initialization took: 0,022 sec
10:51:02.220 [JavaFX Application Thread] DEBUG Input                - Clearing active input actions
10:51:02.231 [JavaFX Application Thread] DEBUG GameApplicationServi - Removing overlay from FXGLLoadingScene and adding to GameScene
10:51:02.231 [JavaFX Application Thread] DEBUG PrimaryStageWindow   - FXGLLoadingScene -> GameScene
10:51:02.381 [FXGL Background Thread 4 ] DEBUG FXGLAssetLoaderServi - Loading from file system: jar:file:///C:/Users/koenm/.m2/repository/com/github/almasb/fxgl/17.1/fxgl-17.1.jar!/fxglassets/ui/fonts/Abel-Regular.ttf
10:51:02.387 [FXGL Background Thread 4 ] DEBUG FXGLAssetLoaderServi - Loading from file system: jar:file:///C:/Users/koenm/.m2/repository/com/github/almasb/fxgl/17.1/fxgl-17.1.jar!/fxglassets/ui/fonts/TerminalLandMono-Regular.otf
10:51:02.391 [FXGL Background Thread 4 ] DEBUG FXGLAssetLoaderServi - Loading from file system: jar:file:///C:/Users/koenm/.m2/repository/com/github/almasb/fxgl/17.1/fxgl-17.1.jar!/fxglassets/ui/fonts/Courier-Prime.ttf
10:51:02.397 [JavaFX Application Thread] DEBUG FXGLApplication      - Registering font factories with UI factory
10:51:02.584 [FXGL Background Thread 2 ] INFO  UpdaterService       - Your current version:  17.1
10:51:02.584 [FXGL Background Thread 2 ] INFO  UpdaterService       - Latest stable version: 17.3
10:51:02.788 [JavaFX Application Thread] DEBUG FXGLAssetLoaderServi - Loading from file system: file:/C:/Users/koenm/IdeaProjects/demo1/target/classes/assets/sounds/pipe.wav
10:51:05.086 [FXGL Background Thread 3 ] DEBUG Engine               - Logging environment variables
10:51:05.086 [FXGL Background Thread 3 ] DEBUG Engine               - achievements: []
10:51:05.086 [FXGL Background Thread 3 ] DEBUG Engine               - actualHeight: 800.0
10:51:05.086 [FXGL Background Thread 3 ] DEBUG Engine               - actualHeightProperty: ReadOnlyDoubleProperty [value: 800.0]
10:51:05.086 [FXGL Background Thread 3 ] DEBUG Engine               - actualWidth: 800.0
10:51:05.086 [FXGL Background Thread 3 ] DEBUG Engine               - actualWidthProperty: ReadOnlyDoubleProperty [value: 800.0]
10:51:05.086 [FXGL Background Thread 3 ] DEBUG Engine               - appIcon: fxgl_icon.png
10:51:05.086 [FXGL Background Thread 3 ] DEBUG Engine               - applicationMode: DEVELOPER
10:51:05.087 [FXGL Background Thread 3 ] DEBUG Engine               - cSSList: [fxgl_dark.css]
10:51:05.087 [FXGL Background Thread 3 ] DEBUG Engine               - collisionDetectionStrategy: BRUTE_FORCE
10:51:05.087 [FXGL Background Thread 3 ] DEBUG Engine               - configClass: Optional.empty
10:51:05.087 [FXGL Background Thread 3 ] DEBUG Engine               - credits: []
10:51:05.087 [FXGL Background Thread 3 ] DEBUG Engine               - defaultCursor: CursorInfo(imageName=fxgl_default_cursor.png, hotspotX=7.0, hotspotY=6.0)
10:51:05.087 [FXGL Background Thread 3 ] DEBUG Engine               - devBBoxColorProperty: ObjectProperty [value: 0xff0000ff]
10:51:05.087 [FXGL Background Thread 3 ] DEBUG Engine               - devEnableDebugCameraProperty: BooleanProperty [value: false]
10:51:05.087 [FXGL Background Thread 3 ] DEBUG Engine               - devSensorColorProperty: ObjectProperty [value: 0xffff00ff]
10:51:05.087 [FXGL Background Thread 3 ] DEBUG Engine               - devShowBBoxProperty: BooleanProperty [value: false]
10:51:05.087 [FXGL Background Thread 3 ] DEBUG Engine               - devShowPositionProperty: BooleanProperty [value: false]
10:51:05.087 [FXGL Background Thread 3 ] DEBUG Engine               - enabledMenuItems: []
10:51:05.087 [FXGL Background Thread 3 ] DEBUG Engine               - engineServices: [class com.almasb.fxgl.app.services.FXGLAssetLoaderService, class com.almasb.fxgl.app.FXGLApplication$GameApplicationService, class com.almasb.fxgl.app.services.FXGLDialogService, class com.almasb.fxgl.app.services.IOTaskExecutorService, class com.almasb.fxgl.io.FileSystemService, class com.almasb.fxgl.localization.LocalizationService, class com.almasb.fxgl.app.services.SystemBundleService, class com.almasb.fxgl.profile.SaveLoadService, class com.almasb.fxgl.ui.FXGLUIFactoryServiceProvider, class com.almasb.fxgl.ui.FXGLDialogFactoryServiceProvider, class com.almasb.fxgl.audio.AudioPlayer, class com.almasb.fxgl.notification.impl.NotificationServiceProvider, class com.almasb.fxgl.achievement.AchievementService, class com.almasb.fxgl.cutscene.CutsceneService, class com.almasb.fxgl.minigames.MiniGameService, class com.almasb.fxgl.net.NetService, class com.almasb.fxgl.app.services.UpdaterService, class com.almasb.fxgl.dev.DevService]
10:51:05.087 [FXGL Background Thread 3 ] DEBUG Engine               - fontGame: Abel-Regular.ttf
10:51:05.087 [FXGL Background Thread 3 ] DEBUG Engine               - fontMono: TerminalLandMono-Regular.otf
10:51:05.088 [FXGL Background Thread 3 ] DEBUG Engine               - fontText: Courier-Prime.ttf
10:51:05.088 [FXGL Background Thread 3 ] DEBUG Engine               - fontUI: VarelaRound-Regular.ttf
10:51:05.088 [FXGL Background Thread 3 ] DEBUG Engine               - fullScreen: BooleanProperty [value: false]
10:51:05.088 [FXGL Background Thread 3 ] DEBUG Engine               - gameDifficulty: MEDIUM
10:51:05.088 [FXGL Background Thread 3 ] DEBUG Engine               - gameDifficultyProperty: ObjectProperty [value: MEDIUM]
10:51:05.088 [FXGL Background Thread 3 ] DEBUG Engine               - globalMusicVolume: 0.5
10:51:05.088 [FXGL Background Thread 3 ] DEBUG Engine               - globalMusicVolumeProperty: DoubleProperty [value: 0.5]
10:51:05.088 [FXGL Background Thread 3 ] DEBUG Engine               - globalSoundVolume: 0.5
10:51:05.088 [FXGL Background Thread 3 ] DEBUG Engine               - globalSoundVolumeProperty: DoubleProperty [value: 0.5]
10:51:05.088 [FXGL Background Thread 3 ] DEBUG Engine               - height: 800
10:51:05.088 [FXGL Background Thread 3 ] DEBUG Engine               - is3D: false
10:51:05.088 [FXGL Background Thread 3 ] DEBUG Engine               - isAndroid: false
10:51:05.088 [FXGL Background Thread 3 ] DEBUG Engine               - isBrowser: false
10:51:05.088 [FXGL Background Thread 3 ] DEBUG Engine               - isClickFeedbackEnabled: false
10:51:05.088 [FXGL Background Thread 3 ] DEBUG Engine               - isCloseConfirmation: false
10:51:05.088 [FXGL Background Thread 3 ] DEBUG Engine               - isDesktop: true
10:51:05.088 [FXGL Background Thread 3 ] DEBUG Engine               - isDeveloperMenuEnabled: false
10:51:05.088 [FXGL Background Thread 3 ] DEBUG Engine               - isEmbedded: false
10:51:05.088 [FXGL Background Thread 3 ] DEBUG Engine               - isEntityPreloadEnabled: true
10:51:05.088 [FXGL Background Thread 3 ] DEBUG Engine               - isExperimentalTiledLargeMap: false
10:51:05.088 [FXGL Background Thread 3 ] DEBUG Engine               - isFileSystemWriteAllowed: true
10:51:05.088 [FXGL Background Thread 3 ] DEBUG Engine               - isFullScreenAllowed: false
10:51:05.089 [FXGL Background Thread 3 ] DEBUG Engine               - isFullScreenFromStart: false
10:51:05.089 [FXGL Background Thread 3 ] DEBUG Engine               - isGameMenuEnabled: true
10:51:05.089 [FXGL Background Thread 3 ] DEBUG Engine               - isIOS: false
10:51:05.089 [FXGL Background Thread 3 ] DEBUG Engine               - isIntroEnabled: false
10:51:05.089 [FXGL Background Thread 3 ] DEBUG Engine               - isLinux: false
10:51:05.089 [FXGL Background Thread 3 ] DEBUG Engine               - isMac: false
10:51:05.089 [FXGL Background Thread 3 ] DEBUG Engine               - isMainMenuEnabled: false
10:51:05.089 [FXGL Background Thread 3 ] DEBUG Engine               - isManualResizeEnabled: false
10:51:05.089 [FXGL Background Thread 3 ] DEBUG Engine               - isMobile: false
10:51:05.089 [FXGL Background Thread 3 ] DEBUG Engine               - isNative: false
10:51:05.089 [FXGL Background Thread 3 ] DEBUG Engine               - isPauseMusicWhenMinimized: true
10:51:05.089 [FXGL Background Thread 3 ] DEBUG Engine               - isPreserveResizeRatio: false
10:51:05.089 [FXGL Background Thread 3 ] DEBUG Engine               - isProfilingEnabled: false
10:51:05.089 [FXGL Background Thread 3 ] DEBUG Engine               - isScaleAffectedOnResize: true
10:51:05.089 [FXGL Background Thread 3 ] DEBUG Engine               - isSingleStep: false
10:51:05.090 [FXGL Background Thread 3 ] DEBUG Engine               - isUserProfileEnabled: false
10:51:05.090 [FXGL Background Thread 3 ] DEBUG Engine               - isWindows: true
10:51:05.090 [FXGL Background Thread 3 ] DEBUG Engine               - language: ObjectProperty [value: ENGLISH]
10:51:05.090 [FXGL Background Thread 3 ] DEBUG Engine               - menuKey: ESCAPE
10:51:05.090 [FXGL Background Thread 3 ] DEBUG Engine               - mouseSensitivity: 0.2
10:51:05.090 [FXGL Background Thread 3 ] DEBUG Engine               - notificationViewClass: class com.almasb.fxgl.notification.view.XboxNotificationView
10:51:05.090 [FXGL Background Thread 3 ] DEBUG Engine               - pixelsPerMeter: 50.0
10:51:05.090 [FXGL Background Thread 3 ] DEBUG Engine               - platform: WINDOWS
10:51:05.090 [FXGL Background Thread 3 ] DEBUG Engine               - prefHeightProperty: ReadOnlyDoubleProperty [value: 800.0]
10:51:05.090 [FXGL Background Thread 3 ] DEBUG Engine               - prefWidthProperty: ReadOnlyDoubleProperty [value: 800.0]
10:51:05.090 [FXGL Background Thread 3 ] DEBUG Engine               - profileDir: profiles/
10:51:05.090 [FXGL Background Thread 3 ] DEBUG Engine               - profileName: StringProperty [value: DEFAULT]
10:51:05.090 [FXGL Background Thread 3 ] DEBUG Engine               - randomSeed: -1
10:51:05.091 [FXGL Background Thread 3 ] DEBUG Engine               - runtimeInfo: RuntimeInfo(platform=WINDOWS, version=17.1, build=24.03.2022 17.34)
10:51:05.091 [FXGL Background Thread 3 ] DEBUG Engine               - saveFileExt: sav
10:51:05.091 [FXGL Background Thread 3 ] DEBUG Engine               - scaledHeightProp$fxgl: DoubleProperty [bound, value: 800.0]
10:51:05.091 [FXGL Background Thread 3 ] DEBUG Engine               - scaledWidthProp$fxgl: DoubleProperty [bound, value: 800.0]
10:51:05.091 [FXGL Background Thread 3 ] DEBUG Engine               - sceneFactory: com.almasb.fxgl.app.scene.SceneFactory@7888b30a
10:51:05.091 [FXGL Background Thread 3 ] DEBUG Engine               - secondsIn24h: 60
10:51:05.091 [FXGL Background Thread 3 ] DEBUG Engine               - soundMenuBack: menu/back.wav
10:51:05.091 [FXGL Background Thread 3 ] DEBUG Engine               - soundMenuPress: menu/press.wav
10:51:05.091 [FXGL Background Thread 3 ] DEBUG Engine               - soundMenuSelect: menu/select.wav
10:51:05.091 [FXGL Background Thread 3 ] DEBUG Engine               - soundNotification: core/notification.wav
10:51:05.091 [FXGL Background Thread 3 ] DEBUG Engine               - stageStyle: DECORATED
10:51:05.092 [FXGL Background Thread 3 ] DEBUG Engine               - supportedLanguages: [ENGLISH, FRENCH, GERMAN, HUNGARIAN, RUSSIAN]
10:51:05.092 [FXGL Background Thread 3 ] DEBUG Engine               - ticksPerSecond: -1
10:51:05.092 [FXGL Background Thread 3 ] DEBUG Engine               - title: hello world
10:51:05.092 [FXGL Background Thread 3 ] DEBUG Engine               - urlGithub: https://github.com/AlmasB/FXGL
10:51:05.092 [FXGL Background Thread 3 ] DEBUG Engine               - urlLeaderboard: http://fxgl-top.herokuapp.com/
10:51:05.092 [FXGL Background Thread 3 ] DEBUG Engine               - urlPOM: https://raw.githubusercontent.com/AlmasB/FXGL/release/README.md
10:51:05.092 [FXGL Background Thread 3 ] DEBUG Engine               - userAppClass: class com.example.demo1.HelloApplication
10:51:05.092 [FXGL Background Thread 3 ] DEBUG Engine               - version: 1.0
10:51:05.092 [FXGL Background Thread 3 ] DEBUG Engine               - versionCheckDays: 7
10:51:05.092 [FXGL Background Thread 3 ] DEBUG Engine               - width: 800
10:51:05.092 [FXGL Background Thread 3 ] DEBUG Engine               - Logging services
10:51:05.092 [FXGL Background Thread 3 ] DEBUG Engine               - class com.almasb.fxgl.app.services.FXGLAssetLoaderService
10:51:05.092 [FXGL Background Thread 3 ] DEBUG Engine               - class com.almasb.fxgl.app.FXGLApplication$GameApplicationService
10:51:05.092 [FXGL Background Thread 3 ] DEBUG Engine               - class com.almasb.fxgl.app.services.FXGLDialogService
10:51:05.092 [FXGL Background Thread 3 ] DEBUG Engine               - class com.almasb.fxgl.app.services.IOTaskExecutorService
10:51:05.092 [FXGL Background Thread 3 ] DEBUG Engine               - class com.almasb.fxgl.io.FileSystemService
10:51:05.092 [FXGL Background Thread 3 ] DEBUG Engine               - class com.almasb.fxgl.localization.LocalizationService
10:51:05.092 [FXGL Background Thread 3 ] DEBUG Engine               - class com.almasb.fxgl.app.services.SystemBundleService
10:51:05.092 [FXGL Background Thread 3 ] DEBUG Engine               - class com.almasb.fxgl.profile.SaveLoadService
10:51:05.092 [FXGL Background Thread 3 ] DEBUG Engine               - class com.almasb.fxgl.ui.FXGLUIFactoryServiceProvider
10:51:05.092 [FXGL Background Thread 3 ] DEBUG Engine               - class com.almasb.fxgl.ui.FXGLDialogFactoryServiceProvider
10:51:05.092 [FXGL Background Thread 3 ] DEBUG Engine               - class com.almasb.fxgl.audio.AudioPlayer
10:51:05.092 [FXGL Background Thread 3 ] DEBUG Engine               - class com.almasb.fxgl.notification.impl.NotificationServiceProvider
10:51:05.092 [FXGL Background Thread 3 ] DEBUG Engine               - class com.almasb.fxgl.achievement.AchievementService
10:51:05.092 [FXGL Background Thread 3 ] DEBUG Engine               - class com.almasb.fxgl.cutscene.CutsceneService
10:51:05.093 [FXGL Background Thread 3 ] DEBUG Engine               - class com.almasb.fxgl.minigames.MiniGameService
10:51:05.093 [FXGL Background Thread 3 ] DEBUG Engine               - class com.almasb.fxgl.net.NetService
10:51:05.093 [FXGL Background Thread 3 ] DEBUG Engine               - class com.almasb.fxgl.app.services.UpdaterService
10:51:05.093 [FXGL Background Thread 3 ] DEBUG Engine               - class com.almasb.fxgl.dev.DevService
10:51:06.116 [JavaFX Application Thread] DEBUG FXGLAssetLoaderServi - Loading from file system: file:/C:/Users/koenm/IdeaProjects/demo1/target/classes/assets/sounds/fxgl-samples_src_main_resources_assets_sounds_drop.wav
10:51:13.552 [JavaFX Application Thread] DEBUG FXGLApplication      - Exiting FXGL
10:51:13.552 [JavaFX Application Thread] DEBUG LoopRunner           - Stopping loop
10:51:13.552 [JavaFX Application Thread] DEBUG SystemBundleService  - Saving FXGL system data
10:51:13.554 [JavaFX Application Thread] DEBUG FileSystemAccess     - Writing to: C:\Users\koenm\IdeaProjects\demo1\system\fxgl.bundle
10:51:13.556 [JavaFX Application Thread] DEBUG Async                - Shutting down background threads
10:51:13.556 [JavaFX Application Thread] DEBUG PrimaryStageWindow   - Closing main window
10:51:13.567 [JavaFX Application Thread] DEBUG Logger               - Closing Logger
