13:33:44.732 [main                     ] DEBUG Logger               - Configured Logger
13:33:44.761 [main                     ] DEBUG GameApplication      - Logging settings
Title: Untitled
Version: 0.0
Width: 1400
Height: 720
Fullscreen: false
Intro: false
Profiling: false
Single step:false
App Mode: DEVELOPER
Menu Key: ESCAPE
Stage Style: DECORATED
Scene Factory: class com.almasb.fxglgames.platformer.PlatformerApp$1

13:33:45.069 [JavaFX Application Thread] DEBUG FXGLApplication      - Initializing FXGL
13:33:45.074 [JavaFX Application Thread] INFO  Engine               - FXGL-17.1 (24.03.2022 17.34) on WINDOWS (J:19.0.1 FX:19-ea)
13:33:45.075 [JavaFX Application Thread] DEBUG Engine               - JRE Vendor Name: Oracle Corporation
13:33:45.075 [JavaFX Application Thread] DEBUG Engine               - Running on OS: Windows 10 version 10.0
13:33:45.075 [JavaFX Application Thread] DEBUG Engine               - Architecture: amd64
13:33:45.075 [JavaFX Application Thread] INFO  Engine               - Source code and latest versions at: https://github.com/AlmasB/FXGL
13:33:45.075 [JavaFX Application Thread] INFO  Engine               -       Ask questions and discuss at: https://github.com/AlmasB/FXGL/discussions
13:33:45.076 [JavaFX Application Thread] INFO  Engine               -              Join the FXGL chat at: https://gitter.im/AlmasB/FXGL
13:33:45.146 [JavaFX Application Thread] DEBUG PrimaryStageWindow   - Creating a JavaFX scene
13:33:45.185 [JavaFX Application Thread] DEBUG PrimaryStageWindow   - Target settings size: 1400.0 x 720.0
13:33:45.185 [JavaFX Application Thread] DEBUG PrimaryStageWindow   - Scaled scene size:    1400.0 x 720.0
13:33:45.185 [JavaFX Application Thread] DEBUG PrimaryStageWindow   - Scaled ratio: (1.0, 1.0)
13:33:45.186 [JavaFX Application Thread] DEBUG PrimaryStageWindow   - Set initial scene to FXGLStartupScene
13:33:45.193 [JavaFX Application Thread] DEBUG PrimaryStageWindow   - Opening main window
13:33:45.261 [JavaFX Application Thread] DEBUG PrimaryStageWindow   - Window border size: (14.4000244140625, 37.5999755859375)
13:33:45.261 [JavaFX Application Thread] DEBUG PrimaryStageWindow   - Scaled size: 1400.0 x 720.0
13:33:45.261 [JavaFX Application Thread] DEBUG PrimaryStageWindow   - Scaled ratio: (1.0, 1.0)
13:33:45.261 [JavaFX Application Thread] DEBUG PrimaryStageWindow   - Scene size: 1400.0 x 720.0
13:33:45.262 [JavaFX Application Thread] DEBUG PrimaryStageWindow   - Stage size: 1414.4000244140625 x 757.5999755859375
13:33:45.269 [FXGL Background Thread 1 ] DEBUG Engine               - Initializing environment variables
13:33:45.317 [FXGL Background Thread 1 ] DEBUG FXGLAssetLoaderServi - User app class for loading assets: class com.almasb.fxglgames.platformer.PlatformerApp
13:33:45.317 [FXGL Background Thread 1 ] DEBUG GameApplicationServi - Applying CSS: fxgl_dark.css
13:33:45.318 [FXGL Background Thread 1 ] DEBUG FXGLAssetLoaderServi - Loading from file system: jar:file:///C:/Users/jardk/.m2/repository/com/github/almasb/fxgl/17.1/fxgl-17.1.jar!/fxglassets/ui/css/fxgl_dark.css
13:33:45.361 [FXGL Background Thread 1 ] DEBUG GameApplicationServi - Initializing application scenes
13:33:45.405 [FXGL Background Thread 1 ] DEBUG FXGLAssetLoaderServi - Loading from file system: file:/C:/ipose-groep-4/target/classes/assets/textures/player.png
13:33:45.424 [FXGL Background Thread 1 ] DEBUG GameWorld            - Game world initialized
13:33:45.478 [FXGL Background Thread 1 ] DEBUG PhysicsWorld         - Physics world initialized: appHeight=720, physics.ppm=50,0
13:33:45.478 [FXGL Background Thread 1 ] DEBUG PhysicsWorld         - Using strategy: BRUTE_FORCE
13:33:45.481 [FXGL Background Thread 1 ] DEBUG GameScene            - Game scene initialized: 1400x720
13:33:45.489 [FXGL Background Thread 1 ] DEBUG FXGL.DefaultMenu     - createMenuBodyGameMenu()
13:33:45.505 [FXGL Background Thread 1 ] DEBUG FXGL.DefaultMenu     - createOptionsMenu()
13:33:45.517 [FXGL Background Thread 1 ] DEBUG FXGLAssetLoaderServi - Loading from file system: jar:file:///C:/Users/jardk/.m2/repository/com/github/almasb/fxgl/17.1/fxgl-17.1.jar!/fxglassets/textures/particles/smoke.png
13:33:45.586 [FXGL Background Thread 1 ] DEBUG FXGLAssetLoaderServi - Loading from file system: jar:file:///C:/Users/jardk/.m2/repository/com/github/almasb/fxgl/17.1/fxgl-17.1.jar!/fxglassets/textures/particles/trace_horizontal.png
13:33:45.615 [FXGL Background Thread 1 ] DEBUG GameApplicationServi - Application scenes initialized
13:33:45.631 [FXGL Background Thread 1 ] DEBUG SystemBundleService  - Loading FXGL system data
13:33:45.636 [FXGL Background Thread 1 ] DEBUG FileSystemAccess     - Reading from: C:\ipose-groep-4\system\fxgl.bundle
13:33:45.646 [FXGL Background Thread 1 ] DEBUG SystemBundleService  - Bundle FXGL: {}
13:33:45.646 [FXGL Background Thread 1 ] DEBUG UpdaterService       - Checking for updates
13:33:45.651 [FXGL Background Thread 4 ] DEBUG FXGLApplication      - Loading fonts
13:33:45.651 [FXGL Background Thread 1 ] DEBUG FXGLApplication      - Loading default localization
13:33:45.652 [FXGL Background Thread 4 ] DEBUG FXGLAssetLoaderServi - Loading from file system: jar:file:///C:/Users/jardk/.m2/repository/com/github/almasb/fxgl/17.1/fxgl-17.1.jar!/fxglassets/ui/fonts/VarelaRound-Regular.ttf
13:33:45.653 [FXGL Background Thread 1 ] DEBUG FXGLAssetLoaderServi - Loading from file system: jar:file:///C:/Users/jardk/.m2/repository/com/github/almasb/fxgl/17.1/fxgl-17.1.jar!/fxglassets/languages/english.lang
13:33:45.669 [FXGL Background Thread 1 ] INFO  FXGLApplication      - FXGL initialization took: 0,400 sec
13:33:45.680 [JavaFX Application Thread] DEBUG Input                - Registered new binding: Left - A
13:33:45.680 [JavaFX Application Thread] DEBUG Input                - Registered new binding: Right - D
13:33:45.680 [JavaFX Application Thread] DEBUG Input                - Registered new binding: Jump - W
13:33:45.680 [JavaFX Application Thread] DEBUG Input                - Registered new binding: Use - E
13:33:45.680 [JavaFX Application Thread] DEBUG FXGLAssetLoaderServi - Loading from file system: file:/C:/ipose-groep-4/target/classes/assets/music/BGM_dash_runner.wav
13:33:45.704 [FXGL Background Thread 4 ] DEBUG FXGLAssetLoaderServi - Loading from file system: jar:file:///C:/Users/jardk/.m2/repository/com/github/almasb/fxgl/17.1/fxgl-17.1.jar!/fxglassets/ui/fonts/Abel-Regular.ttf
13:33:45.707 [FXGL Background Thread 4 ] DEBUG FXGLAssetLoaderServi - Loading from file system: jar:file:///C:/Users/jardk/.m2/repository/com/github/almasb/fxgl/17.1/fxgl-17.1.jar!/fxglassets/ui/fonts/TerminalLandMono-Regular.otf
13:33:45.711 [FXGL Background Thread 4 ] DEBUG FXGLAssetLoaderServi - Loading from file system: jar:file:///C:/Users/jardk/.m2/repository/com/github/almasb/fxgl/17.1/fxgl-17.1.jar!/fxglassets/ui/fonts/Courier-Prime.ttf
13:33:45.793 [JavaFX Application Thread] DEBUG AudioPlayer          - Playing music com.almasb.fxgl.audio.Music@70b9cc07
13:33:45.794 [JavaFX Application Thread] DEBUG FXGLAssetLoaderServi - Loading from file system: jar:file:///C:/Users/jardk/.m2/repository/com/github/almasb/fxgl/17.1/fxgl-17.1.jar!/fxglassets/textures/fxgl_icon.png
13:33:45.810 [JavaFX Application Thread] DEBUG FXGLAssetLoaderServi - Loading from file system: jar:file:///C:/Users/jardk/.m2/repository/com/github/almasb/fxgl/17.1/fxgl-17.1.jar!/fxglassets/textures/fxgl_default_cursor.png
13:33:45.812 [JavaFX Application Thread] DEBUG Input                - Registered new binding: Screenshot - CTRL+8
13:33:45.813 [JavaFX Application Thread] DEBUG Input                - Registered new binding: System info dump - CTRL+9
13:33:45.813 [JavaFX Application Thread] DEBUG Input                - Registered new binding: Restart - CTRL+R
13:33:45.813 [JavaFX Application Thread] DEBUG Input                - Registered new binding: Toggle Debug Camera - CTRL+7
13:33:45.815 [JavaFX Application Thread] DEBUG LoopRunner           - Starting loop
13:33:45.815 [JavaFX Application Thread] DEBUG LoopRunner           - Initializing JavaFX AnimationTimerLoop
13:33:45.816 [JavaFX Application Thread] DEBUG GameApplicationServi - Starting new game
13:33:45.817 [JavaFX Application Thread] DEBUG Input                - Clearing active input actions
13:33:45.833 [JavaFX Application Thread] DEBUG GameApplicationServi - Removing overlay from FXGLStartupScene and adding to MainLoadingScene
13:33:45.834 [JavaFX Application Thread] DEBUG PrimaryStageWindow   - FXGLStartupScene -> MainLoadingScene
13:33:45.834 [JavaFX Application Thread] DEBUG GameApplicationServi - Clearing previous game
13:33:45.834 [JavaFX Application Thread] DEBUG GameScene            - Clearing game scene
13:33:45.834 [JavaFX Application Thread] DEBUG GameWorld            - Clearing game world
13:33:45.834 [JavaFX Application Thread] DEBUG PhysicsWorld         - Clearing physics world
13:33:45.835 [JavaFX Application Thread] DEBUG FXGLApplication      - Registering font factories with UI factory
13:33:45.886 [FXGL Background Thread 4 ] WARN  TMXLevelLoader       - TiledMap generated from 1.2.3. Supported version: 1.4.2. Some features may not be parsed fully.
13:33:45.896 [FXGL Background Thread 4 ] DEBUG TMXLevelLoader       - Parsed TiledMap: file:/C:/ipose-groep-4/target/classes/assets/levels/tmx/level1.tmx
13:33:45.897 [FXGL Background Thread 4 ] DEBUG TMXLevelLoader       - Creating tile layer entities
13:33:45.899 [FXGL Background Thread 4 ] DEBUG TilesetLoader        - Loading view for layer Tile Layer 1
13:33:45.901 [FXGL Background Thread 4 ] DEBUG TilesetLoader        - Created buffer with size 1050.0x700.0
13:33:45.923 [FXGL Background Thread 4 ] DEBUG TMXLevelLoader       - Creating object layer entities
13:33:45.948 [FXGL Background Thread 4 ] DEBUG GameWorld            - Clearing removable entities
13:33:45.948 [FXGL Background Thread 4 ] DEBUG GameWorld            - Setting level: com.almasb.fxgl.entity.level.Level@4f1fdbf4
13:33:45.972 [FXGL Background Thread 4 ] DEBUG FXGLAssetLoaderServi - Loading from file system: file:/C:/ipose-groep-4/target/classes/assets/textures/background/forest.png
13:33:45.994 [FXGL Background Thread 4 ] INFO  FXGLApplication      - Game initialization took: 0,158 sec
13:33:45.996 [FXGL Background Thread 2 ] INFO  UpdaterService       - Your current version:  17.1
13:33:45.996 [FXGL Background Thread 2 ] INFO  UpdaterService       - Latest stable version: 17.3
13:33:46.031 [JavaFX Application Thread] DEBUG Input                - Clearing active input actions
13:33:46.039 [JavaFX Application Thread] DEBUG GameApplicationServi - Removing overlay from MainLoadingScene and adding to GameScene
13:33:46.039 [JavaFX Application Thread] DEBUG PrimaryStageWindow   - MainLoadingScene -> GameScene
13:33:48.651 [FXGL Background Thread 3 ] DEBUG Engine               - Logging environment variables
13:33:48.651 [FXGL Background Thread 3 ] DEBUG Engine               - achievements: []
13:33:48.651 [FXGL Background Thread 3 ] DEBUG Engine               - actualHeight: 720.0
13:33:48.651 [FXGL Background Thread 3 ] DEBUG Engine               - actualHeightProperty: ReadOnlyDoubleProperty [value: 720.0]
13:33:48.652 [FXGL Background Thread 3 ] DEBUG Engine               - actualWidth: 1400.0
13:33:48.652 [FXGL Background Thread 3 ] DEBUG Engine               - actualWidthProperty: ReadOnlyDoubleProperty [value: 1400.0]
13:33:48.652 [FXGL Background Thread 3 ] DEBUG Engine               - appIcon: fxgl_icon.png
13:33:48.652 [FXGL Background Thread 3 ] DEBUG Engine               - applicationMode: DEVELOPER
13:33:48.652 [FXGL Background Thread 3 ] DEBUG Engine               - cSSList: [fxgl_dark.css]
13:33:48.652 [FXGL Background Thread 3 ] DEBUG Engine               - collisionDetectionStrategy: BRUTE_FORCE
13:33:48.652 [FXGL Background Thread 3 ] DEBUG Engine               - configClass: Optional.empty
13:33:48.652 [FXGL Background Thread 3 ] DEBUG Engine               - credits: []
13:33:48.653 [FXGL Background Thread 3 ] DEBUG Engine               - defaultCursor: CursorInfo(imageName=fxgl_default_cursor.png, hotspotX=7.0, hotspotY=6.0)
13:33:48.653 [FXGL Background Thread 3 ] DEBUG Engine               - devBBoxColorProperty: ObjectProperty [value: 0xff0000ff]
13:33:48.653 [FXGL Background Thread 3 ] DEBUG Engine               - devEnableDebugCameraProperty: BooleanProperty [value: false]
13:33:48.653 [FXGL Background Thread 3 ] DEBUG Engine               - devSensorColorProperty: ObjectProperty [value: 0xffff00ff]
13:33:48.653 [FXGL Background Thread 3 ] DEBUG Engine               - devShowBBoxProperty: BooleanProperty [value: false]
13:33:48.653 [FXGL Background Thread 3 ] DEBUG Engine               - devShowPositionProperty: BooleanProperty [value: false]
13:33:48.653 [FXGL Background Thread 3 ] DEBUG Engine               - enabledMenuItems: []
13:33:48.653 [FXGL Background Thread 3 ] DEBUG Engine               - engineServices: [class com.almasb.fxgl.app.services.FXGLAssetLoaderService, class com.almasb.fxgl.app.FXGLApplication$GameApplicationService, class com.almasb.fxgl.app.services.FXGLDialogService, class com.almasb.fxgl.app.services.IOTaskExecutorService, class com.almasb.fxgl.io.FileSystemService, class com.almasb.fxgl.localization.LocalizationService, class com.almasb.fxgl.app.services.SystemBundleService, class com.almasb.fxgl.profile.SaveLoadService, class com.almasb.fxgl.ui.FXGLUIFactoryServiceProvider, class com.almasb.fxgl.ui.FXGLDialogFactoryServiceProvider, class com.almasb.fxgl.audio.AudioPlayer, class com.almasb.fxgl.notification.impl.NotificationServiceProvider, class com.almasb.fxgl.achievement.AchievementService, class com.almasb.fxgl.cutscene.CutsceneService, class com.almasb.fxgl.minigames.MiniGameService, class com.almasb.fxgl.net.NetService, class com.almasb.fxgl.app.services.UpdaterService, class com.almasb.fxgl.dev.DevService]
13:33:48.653 [FXGL Background Thread 3 ] DEBUG Engine               - fontGame: Abel-Regular.ttf
13:33:48.653 [FXGL Background Thread 3 ] DEBUG Engine               - fontMono: TerminalLandMono-Regular.otf
13:33:48.654 [FXGL Background Thread 3 ] DEBUG Engine               - fontText: Courier-Prime.ttf
13:33:48.654 [FXGL Background Thread 3 ] DEBUG Engine               - fontUI: VarelaRound-Regular.ttf
13:33:48.654 [FXGL Background Thread 3 ] DEBUG Engine               - fullScreen: BooleanProperty [value: false]
13:33:48.654 [FXGL Background Thread 3 ] DEBUG Engine               - gameDifficulty: MEDIUM
13:33:48.654 [FXGL Background Thread 3 ] DEBUG Engine               - gameDifficultyProperty: ObjectProperty [value: MEDIUM]
13:33:48.654 [FXGL Background Thread 3 ] DEBUG Engine               - globalMusicVolume: 0.5
13:33:48.654 [FXGL Background Thread 3 ] DEBUG Engine               - globalMusicVolumeProperty: DoubleProperty [value: 0.25]
13:33:48.654 [FXGL Background Thread 3 ] DEBUG Engine               - globalSoundVolume: 0.5
13:33:48.654 [FXGL Background Thread 3 ] DEBUG Engine               - globalSoundVolumeProperty: DoubleProperty [value: 0.5]
13:33:48.654 [FXGL Background Thread 3 ] DEBUG Engine               - height: 720
13:33:48.654 [FXGL Background Thread 3 ] DEBUG Engine               - is3D: false
13:33:48.654 [FXGL Background Thread 3 ] DEBUG Engine               - isAndroid: false
13:33:48.654 [FXGL Background Thread 3 ] DEBUG Engine               - isBrowser: false
13:33:48.654 [FXGL Background Thread 3 ] DEBUG Engine               - isClickFeedbackEnabled: false
13:33:48.654 [FXGL Background Thread 3 ] DEBUG Engine               - isCloseConfirmation: false
13:33:48.654 [FXGL Background Thread 3 ] DEBUG Engine               - isDesktop: true
13:33:48.654 [FXGL Background Thread 3 ] DEBUG Engine               - isDeveloperMenuEnabled: false
13:33:48.654 [FXGL Background Thread 3 ] DEBUG Engine               - isEmbedded: false
13:33:48.654 [FXGL Background Thread 3 ] DEBUG Engine               - isEntityPreloadEnabled: true
13:33:48.655 [FXGL Background Thread 3 ] DEBUG Engine               - isExperimentalTiledLargeMap: false
13:33:48.655 [FXGL Background Thread 3 ] DEBUG Engine               - isFileSystemWriteAllowed: true
13:33:48.655 [FXGL Background Thread 3 ] DEBUG Engine               - isFullScreenAllowed: false
13:33:48.655 [FXGL Background Thread 3 ] DEBUG Engine               - isFullScreenFromStart: false
13:33:48.655 [FXGL Background Thread 3 ] DEBUG Engine               - isGameMenuEnabled: true
13:33:48.655 [FXGL Background Thread 3 ] DEBUG Engine               - isIOS: false
13:33:48.655 [FXGL Background Thread 3 ] DEBUG Engine               - isIntroEnabled: false
13:33:48.655 [FXGL Background Thread 3 ] DEBUG Engine               - isLinux: false
13:33:48.655 [FXGL Background Thread 3 ] DEBUG Engine               - isMac: false
13:33:48.655 [FXGL Background Thread 3 ] DEBUG Engine               - isMainMenuEnabled: false
13:33:48.655 [FXGL Background Thread 3 ] DEBUG Engine               - isManualResizeEnabled: false
13:33:48.655 [FXGL Background Thread 3 ] DEBUG Engine               - isMobile: false
13:33:48.655 [FXGL Background Thread 3 ] DEBUG Engine               - isNative: false
13:33:48.655 [FXGL Background Thread 3 ] DEBUG Engine               - isPauseMusicWhenMinimized: true
13:33:48.655 [FXGL Background Thread 3 ] DEBUG Engine               - isPreserveResizeRatio: false
13:33:48.655 [FXGL Background Thread 3 ] DEBUG Engine               - isProfilingEnabled: false
13:33:48.655 [FXGL Background Thread 3 ] DEBUG Engine               - isScaleAffectedOnResize: true
13:33:48.655 [FXGL Background Thread 3 ] DEBUG Engine               - isSingleStep: false
13:33:48.655 [FXGL Background Thread 3 ] DEBUG Engine               - isUserProfileEnabled: false
13:33:48.655 [FXGL Background Thread 3 ] DEBUG Engine               - isWindows: true
13:33:48.655 [FXGL Background Thread 3 ] DEBUG Engine               - language: ObjectProperty [value: ENGLISH]
13:33:48.655 [FXGL Background Thread 3 ] DEBUG Engine               - menuKey: ESCAPE
13:33:48.655 [FXGL Background Thread 3 ] DEBUG Engine               - mouseSensitivity: 0.2
13:33:48.655 [FXGL Background Thread 3 ] DEBUG Engine               - notificationViewClass: class com.almasb.fxgl.notification.view.XboxNotificationView
13:33:48.655 [FXGL Background Thread 3 ] DEBUG Engine               - pixelsPerMeter: 50.0
13:33:48.655 [FXGL Background Thread 3 ] DEBUG Engine               - platform: WINDOWS
13:33:48.655 [FXGL Background Thread 3 ] DEBUG Engine               - prefHeightProperty: ReadOnlyDoubleProperty [value: 720.0]
13:33:48.655 [FXGL Background Thread 3 ] DEBUG Engine               - prefWidthProperty: ReadOnlyDoubleProperty [value: 1400.0]
13:33:48.655 [FXGL Background Thread 3 ] DEBUG Engine               - profileDir: profiles/
13:33:48.655 [FXGL Background Thread 3 ] DEBUG Engine               - profileName: StringProperty [value: DEFAULT]
13:33:48.655 [FXGL Background Thread 3 ] DEBUG Engine               - randomSeed: -1
13:33:48.656 [FXGL Background Thread 3 ] DEBUG Engine               - runtimeInfo: RuntimeInfo(platform=WINDOWS, version=17.1, build=24.03.2022 17.34)
13:33:48.656 [FXGL Background Thread 3 ] DEBUG Engine               - saveFileExt: sav
13:33:48.656 [FXGL Background Thread 3 ] DEBUG Engine               - scaledHeightProp$fxgl: DoubleProperty [bound, value: 720.0]
13:33:48.656 [FXGL Background Thread 3 ] DEBUG Engine               - scaledWidthProp$fxgl: DoubleProperty [bound, value: 1400.0]
13:33:48.656 [FXGL Background Thread 3 ] DEBUG Engine               - sceneFactory: com.almasb.fxglgames.platformer.PlatformerApp$1@4295024b
13:33:48.656 [FXGL Background Thread 3 ] DEBUG Engine               - secondsIn24h: 60
13:33:48.656 [FXGL Background Thread 3 ] DEBUG Engine               - soundMenuBack: menu/back.wav
13:33:48.656 [FXGL Background Thread 3 ] DEBUG Engine               - soundMenuPress: menu/press.wav
13:33:48.656 [FXGL Background Thread 3 ] DEBUG Engine               - soundMenuSelect: menu/select.wav
13:33:48.656 [FXGL Background Thread 3 ] DEBUG Engine               - soundNotification: core/notification.wav
13:33:48.656 [FXGL Background Thread 3 ] DEBUG Engine               - stageStyle: DECORATED
13:33:48.656 [FXGL Background Thread 3 ] DEBUG Engine               - supportedLanguages: [ENGLISH, FRENCH, GERMAN, HUNGARIAN, RUSSIAN]
13:33:48.656 [FXGL Background Thread 3 ] DEBUG Engine               - ticksPerSecond: -1
13:33:48.656 [FXGL Background Thread 3 ] DEBUG Engine               - title: Untitled
13:33:48.656 [FXGL Background Thread 3 ] DEBUG Engine               - urlGithub: https://github.com/AlmasB/FXGL
13:33:48.656 [FXGL Background Thread 3 ] DEBUG Engine               - urlLeaderboard: http://fxgl-top.herokuapp.com/
13:33:48.656 [FXGL Background Thread 3 ] DEBUG Engine               - urlPOM: https://raw.githubusercontent.com/AlmasB/FXGL/release/README.md
13:33:48.656 [FXGL Background Thread 3 ] DEBUG Engine               - userAppClass: class com.almasb.fxglgames.platformer.PlatformerApp
13:33:48.656 [FXGL Background Thread 3 ] DEBUG Engine               - version: 0.0
13:33:48.656 [FXGL Background Thread 3 ] DEBUG Engine               - versionCheckDays: 7
13:33:48.656 [FXGL Background Thread 3 ] DEBUG Engine               - width: 1400
13:33:48.656 [FXGL Background Thread 3 ] DEBUG Engine               - Logging services
13:33:48.656 [FXGL Background Thread 3 ] DEBUG Engine               - class com.almasb.fxgl.app.services.FXGLAssetLoaderService
13:33:48.656 [FXGL Background Thread 3 ] DEBUG Engine               - class com.almasb.fxgl.app.FXGLApplication$GameApplicationService
13:33:48.656 [FXGL Background Thread 3 ] DEBUG Engine               - class com.almasb.fxgl.app.services.FXGLDialogService
13:33:48.656 [FXGL Background Thread 3 ] DEBUG Engine               - class com.almasb.fxgl.app.services.IOTaskExecutorService
13:33:48.656 [FXGL Background Thread 3 ] DEBUG Engine               - class com.almasb.fxgl.io.FileSystemService
13:33:48.657 [FXGL Background Thread 3 ] DEBUG Engine               - class com.almasb.fxgl.localization.LocalizationService
13:33:48.657 [FXGL Background Thread 3 ] DEBUG Engine               - class com.almasb.fxgl.app.services.SystemBundleService
13:33:48.657 [FXGL Background Thread 3 ] DEBUG Engine               - class com.almasb.fxgl.profile.SaveLoadService
13:33:48.657 [FXGL Background Thread 3 ] DEBUG Engine               - class com.almasb.fxgl.ui.FXGLUIFactoryServiceProvider
13:33:48.657 [FXGL Background Thread 3 ] DEBUG Engine               - class com.almasb.fxgl.ui.FXGLDialogFactoryServiceProvider
13:33:48.657 [FXGL Background Thread 3 ] DEBUG Engine               - class com.almasb.fxgl.audio.AudioPlayer
13:33:48.657 [FXGL Background Thread 3 ] DEBUG Engine               - class com.almasb.fxgl.notification.impl.NotificationServiceProvider
13:33:48.657 [FXGL Background Thread 3 ] DEBUG Engine               - class com.almasb.fxgl.achievement.AchievementService
13:33:48.657 [FXGL Background Thread 3 ] DEBUG Engine               - class com.almasb.fxgl.cutscene.CutsceneService
13:33:48.657 [FXGL Background Thread 3 ] DEBUG Engine               - class com.almasb.fxgl.minigames.MiniGameService
13:33:48.657 [FXGL Background Thread 3 ] DEBUG Engine               - class com.almasb.fxgl.net.NetService
13:33:48.657 [FXGL Background Thread 3 ] DEBUG Engine               - class com.almasb.fxgl.app.services.UpdaterService
13:33:48.657 [FXGL Background Thread 3 ] DEBUG Engine               - class com.almasb.fxgl.dev.DevService
13:33:49.479 [JavaFX Application Thread] DEBUG LoopRunner           - Stopping loop
13:33:49.481 [JavaFX Application Thread] FATAL FXGLApplication      - Uncaught Exception:
java.lang.IllegalArgumentException: Children: duplicate children added: parent = Pane@1e26d7b2
	at javafx.graphics@19-ea/javafx.scene.Parent$3.onProposedChange(Parent.java:561)
	at javafx.base@19-ea/com.sun.javafx.collections.VetoableListDecorator.addAll(VetoableListDecorator.java:233)
	at javafx.base@19-ea/com.sun.javafx.collections.VetoableListDecorator.addAll(VetoableListDecorator.java:103)
	at mario.main/com.almasb.fxglgames.platformer.LevelEndScene.<init>(LevelEndScene.java:62)
	at mario.main/com.almasb.fxglgames.platformer.PlatformerApp.lambda$new$0(PlatformerApp.java:48)
	at com.almasb.fxgl.core@17.1/com.almasb.fxgl.core.util.LazyValue.get(LazyValue.kt:23)
	at mario.main/com.almasb.fxglgames.platformer.PlatformerApp.lambda$initPhysics$2(PlatformerApp.java:145)
	at com.almasb.fxgl.all@17.1/com.almasb.fxgl.dsl.handlers.OneTimeCollisionHandler.onCollisionBegin(OneTimeCollisionHandler.kt:30)
	at com.almasb.fxgl.entity@17.1/com.almasb.fxgl.physics.CollisionPair.collisionBegin(CollisionPair.java:37)
	at com.almasb.fxgl.entity@17.1/com.almasb.fxgl.physics.PhysicsWorld.collisionBeginFor(PhysicsWorld.java:453)
	at com.almasb.fxgl.entity@17.1/com.almasb.fxgl.physics.PhysicsWorld.checkCollisionsInGroup(PhysicsWorld.java:405)
	at com.almasb.fxgl.entity@17.1/com.almasb.fxgl.physics.PhysicsWorld.checkCollisions(PhysicsWorld.java:373)
	at com.almasb.fxgl.entity@17.1/com.almasb.fxgl.physics.PhysicsWorld.onUpdate(PhysicsWorld.java:179)
	at com.almasb.fxgl.all@17.1/com.almasb.fxgl.app.scene.GameScene.step(GameScene.kt:225)
	at com.almasb.fxgl.all@17.1/com.almasb.fxgl.app.scene.GameScene.onUpdate(GameScene.kt:220)
	at com.almasb.fxgl.scene@17.1/com.almasb.fxgl.scene.Scene.update(Scene.kt:105)
	at com.almasb.fxgl.all@17.1/com.almasb.fxgl.app.MainWindow$update$1.invoke(MainWindow.kt:115)
	at com.almasb.fxgl.all@17.1/com.almasb.fxgl.app.MainWindow$update$1.invoke(MainWindow.kt:115)
	at com.almasb.fxgl.core@17.1/com.almasb.fxgl.core.fsm.StateMachine.runOnActiveStates(StateMachine.kt:69)
	at com.almasb.fxgl.all@17.1/com.almasb.fxgl.app.MainWindow.update(MainWindow.kt:115)
	at com.almasb.fxgl.all@17.1/com.almasb.fxgl.app.FXGLApplication$GameApplicationService.onUpdate(FXGLApplication.kt:426)
	at com.almasb.fxgl.all@17.1/com.almasb.fxgl.app.Engine.loop(Engine.kt:134)
	at com.almasb.fxgl.all@17.1/com.almasb.fxgl.app.Engine.access$loop(Engine.kt:24)
	at com.almasb.fxgl.all@17.1/com.almasb.fxgl.app.Engine$loop$1.invoke(Engine.kt:28)
	at com.almasb.fxgl.all@17.1/com.almasb.fxgl.app.Engine$loop$1.invoke(Engine.kt:28)
	at com.almasb.fxgl.all@17.1/com.almasb.fxgl.app.LoopRunner.frame(LoopRunner.kt:103)
	at com.almasb.fxgl.all@17.1/com.almasb.fxgl.app.LoopRunner.access$frame(LoopRunner.kt:23)
	at com.almasb.fxgl.all@17.1/com.almasb.fxgl.app.LoopRunner$impl$2$1.onTick(LoopRunner.kt:57)
	at com.almasb.fxgl.all@17.1/com.almasb.fxgl.app.AnimationTimerLoop$timer$1.handle(LoopRunner.kt:137)
	at javafx.graphics@19-ea/javafx.animation.AnimationTimer$AnimationTimerReceiver.lambda$handle$0(AnimationTimer.java:58)
	at java.base/java.security.AccessController.doPrivileged(AccessController.java:399)
	at javafx.graphics@19-ea/javafx.animation.AnimationTimer$AnimationTimerReceiver.handle(AnimationTimer.java:57)
	at javafx.graphics@19-ea/com.sun.scenario.animation.AbstractPrimaryTimer.timePulseImpl(AbstractPrimaryTimer.java:356)
	at javafx.graphics@19-ea/com.sun.scenario.animation.AbstractPrimaryTimer$MainLoop.run(AbstractPrimaryTimer.java:266)
	at javafx.graphics@19-ea/com.sun.javafx.tk.quantum.QuantumToolkit.pulse(QuantumToolkit.java:571)
	at javafx.graphics@19-ea/com.sun.javafx.tk.quantum.QuantumToolkit.pulse(QuantumToolkit.java:555)
	at javafx.graphics@19-ea/com.sun.javafx.tk.quantum.QuantumToolkit.pulseFromQueue(QuantumToolkit.java:548)
	at javafx.graphics@19-ea/com.sun.javafx.tk.quantum.QuantumToolkit.lambda$runToolkit$11(QuantumToolkit.java:352)
	at javafx.graphics@19-ea/com.sun.glass.ui.InvokeLaterDispatcher$Future.run(InvokeLaterDispatcher.java:96)
	at javafx.graphics@19-ea/com.sun.glass.ui.win.WinApplication._runLoop(Native Method)
	at javafx.graphics@19-ea/com.sun.glass.ui.win.WinApplication.lambda$runLoop$3(WinApplication.java:184)
	at java.base/java.lang.Thread.run(Thread.java:1589)

13:33:49.481 [JavaFX Application Thread] FATAL FXGLApplication      - Application will now exit
13:33:49.494 [JavaFX Application Thread] DEBUG PrimaryStageWindow   - Push state: ErrorSubScene
13:33:49.494 [JavaFX Application Thread] DEBUG Input                - Clearing active input actions
13:33:49.498 [JavaFX Application Thread] DEBUG GameApplicationServi - Removing overlay from GameScene and adding to ErrorSubScene
13:33:49.498 [JavaFX Application Thread] DEBUG PrimaryStageWindow   - GameScene -> ErrorSubScene
13:33:52.326 [JavaFX Application Thread] DEBUG FXGLApplication      - Exiting FXGL
13:33:52.326 [JavaFX Application Thread] DEBUG Async                - Shutting down background threads
13:33:52.326 [JavaFX Application Thread] DEBUG PrimaryStageWindow   - Closing main window
13:33:52.337 [JavaFX Application Thread] DEBUG Logger               - Closing Logger
