13:14:44.007 [main                     ] DEBUG Logger               - Configured Logger
13:14:44.024 [main                     ] DEBUG GameApplication      - Logging settings
Title: Miguel
Version: 1.0
Width: 1280
Height: 720
Fullscreen: false
Intro: false
Profiling: false
Single step:false
App Mode: DEVELOPER
Menu Key: ESCAPE
Stage Style: DECORATED
Scene Factory: class com.almasb.fxglgames.platformer.PlatformerApp$1

13:14:44.370 [JavaFX Application Thread] DEBUG FXGLApplication      - Initializing FXGL
13:14:44.373 [JavaFX Application Thread] INFO  Engine               - FXGL-17.1 (24.03.2022 17.34) on WINDOWS (J:19.0.1 FX:19-ea)
13:14:44.373 [JavaFX Application Thread] DEBUG Engine               - JRE Vendor Name: Oracle Corporation
13:14:44.373 [JavaFX Application Thread] DEBUG Engine               - Running on OS: Windows 11 version 10.0
13:14:44.374 [JavaFX Application Thread] DEBUG Engine               - Architecture: amd64
13:14:44.374 [JavaFX Application Thread] INFO  Engine               - Source code and latest versions at: https://github.com/AlmasB/FXGL
13:14:44.374 [JavaFX Application Thread] INFO  Engine               -       Ask questions and discuss at: https://github.com/AlmasB/FXGL/discussions
13:14:44.375 [JavaFX Application Thread] INFO  Engine               -              Join the FXGL chat at: https://gitter.im/AlmasB/FXGL
13:14:44.432 [JavaFX Application Thread] DEBUG PrimaryStageWindow   - Creating a JavaFX scene
13:14:44.465 [JavaFX Application Thread] DEBUG PrimaryStageWindow   - Target settings size: 1280.0 x 720.0
13:14:44.465 [JavaFX Application Thread] DEBUG PrimaryStageWindow   - Scaled scene size:    1280.0 x 720.0
13:14:44.465 [JavaFX Application Thread] DEBUG PrimaryStageWindow   - Scaled ratio: (1.0, 1.0)
13:14:44.466 [JavaFX Application Thread] DEBUG PrimaryStageWindow   - Set initial scene to FXGLStartupScene
13:14:44.471 [JavaFX Application Thread] DEBUG PrimaryStageWindow   - Opening main window
13:14:44.527 [JavaFX Application Thread] DEBUG PrimaryStageWindow   - Window border size: (14.4000244140625, 37.5999755859375)
13:14:44.527 [JavaFX Application Thread] DEBUG PrimaryStageWindow   - Scaled size: 1280.0 x 720.0
13:14:44.527 [JavaFX Application Thread] DEBUG PrimaryStageWindow   - Scaled ratio: (1.0, 1.0)
13:14:44.528 [JavaFX Application Thread] DEBUG PrimaryStageWindow   - Scene size: 1280.0 x 720.0
13:14:44.528 [JavaFX Application Thread] DEBUG PrimaryStageWindow   - Stage size: 1294.4000244140625 x 757.5999755859375
13:14:44.535 [FXGL Background Thread 1 ] DEBUG Engine               - Initializing environment variables
13:14:44.571 [FXGL Background Thread 1 ] DEBUG FXGLAssetLoaderServi - User app class for loading assets: class com.almasb.fxglgames.platformer.PlatformerApp
13:14:44.572 [FXGL Background Thread 1 ] DEBUG GameApplicationServi - Applying CSS: fxgl_dark.css
13:14:44.572 [FXGL Background Thread 1 ] DEBUG FXGLAssetLoaderServi - Loading from file system: jar:file:///C:/Users/meijr/.m2/repository/com/github/almasb/fxgl/17.1/fxgl-17.1.jar!/fxglassets/ui/css/fxgl_dark.css
13:14:44.604 [FXGL Background Thread 1 ] DEBUG GameApplicationServi - Initializing application scenes
13:14:44.641 [FXGL Background Thread 1 ] DEBUG FXGLAssetLoaderServi - Loading from file system: file:/C:/Users/meijr/OneDrive/Documenten/GitHub/ipose-groep-4/target/classes/assets/textures/player.png
13:14:44.658 [FXGL Background Thread 1 ] DEBUG GameWorld            - Game world initialized
13:14:44.703 [FXGL Background Thread 1 ] DEBUG PhysicsWorld         - Physics world initialized: appHeight=720, physics.ppm=50.0
13:14:44.704 [FXGL Background Thread 1 ] DEBUG PhysicsWorld         - Using strategy: BRUTE_FORCE
13:14:44.708 [FXGL Background Thread 1 ] DEBUG GameScene            - Game scene initialized: 1280x720
13:14:44.715 [FXGL Background Thread 1 ] DEBUG FXGL.DefaultMenu     - createMenuBodyMainMenu()
13:14:44.729 [FXGL Background Thread 1 ] DEBUG FXGL.DefaultMenu     - createOptionsMenu()
13:14:44.738 [FXGL Background Thread 1 ] DEBUG FXGLAssetLoaderServi - Loading from file system: jar:file:///C:/Users/meijr/.m2/repository/com/github/almasb/fxgl/17.1/fxgl-17.1.jar!/fxglassets/textures/particles/smoke.png
13:14:44.786 [FXGL Background Thread 1 ] DEBUG FXGLAssetLoaderServi - Loading from file system: jar:file:///C:/Users/meijr/.m2/repository/com/github/almasb/fxgl/17.1/fxgl-17.1.jar!/fxglassets/textures/particles/trace_horizontal.png
13:14:44.805 [FXGL Background Thread 1 ] DEBUG FXGL.DefaultMenu     - createMenuBodyGameMenu()
13:14:44.806 [FXGL Background Thread 1 ] DEBUG FXGL.DefaultMenu     - createOptionsMenu()
13:14:44.818 [FXGL Background Thread 1 ] DEBUG GameApplicationServi - Application scenes initialized
13:14:44.827 [FXGL Background Thread 1 ] DEBUG SystemBundleService  - Loading FXGL system data
13:14:44.830 [FXGL Background Thread 1 ] DEBUG FileSystemAccess     - Reading from: C:\Users\meijr\OneDrive\Documenten\GitHub\ipose-groep-4\system\fxgl.bundle
13:14:44.838 [FXGL Background Thread 1 ] DEBUG SystemBundleService  - Bundle FXGL: {}
13:14:44.838 [FXGL Background Thread 1 ] DEBUG UpdaterService       - Checking for updates
13:14:44.841 [FXGL Background Thread 4 ] DEBUG FXGLApplication      - Loading fonts
13:14:44.841 [FXGL Background Thread 1 ] DEBUG FXGLApplication      - Loading default localization
13:14:44.841 [FXGL Background Thread 4 ] DEBUG FXGLAssetLoaderServi - Loading from file system: jar:file:///C:/Users/meijr/.m2/repository/com/github/almasb/fxgl/17.1/fxgl-17.1.jar!/fxglassets/ui/fonts/VarelaRound-Regular.ttf
13:14:44.842 [FXGL Background Thread 1 ] DEBUG FXGLAssetLoaderServi - Loading from file system: jar:file:///C:/Users/meijr/.m2/repository/com/github/almasb/fxgl/17.1/fxgl-17.1.jar!/fxglassets/languages/english.lang
13:14:44.853 [FXGL Background Thread 1 ] INFO  FXGLApplication      - FXGL initialization took: 0.319 sec
13:14:44.860 [JavaFX Application Thread] DEBUG Input                - Registered new binding: Left - A
13:14:44.860 [JavaFX Application Thread] DEBUG Input                - Registered new binding: Right - D
13:14:44.861 [JavaFX Application Thread] DEBUG Input                - Registered new binding: Jump - W
13:14:44.861 [JavaFX Application Thread] DEBUG Input                - Registered new binding: Use - E
13:14:44.861 [JavaFX Application Thread] DEBUG FXGLAssetLoaderServi - Loading from file system: file:/C:/Users/meijr/OneDrive/Documenten/GitHub/ipose-groep-4/target/classes/assets/music/BGM_dash_runner.wav
13:14:44.899 [FXGL Background Thread 4 ] DEBUG FXGLAssetLoaderServi - Loading from file system: jar:file:///C:/Users/meijr/.m2/repository/com/github/almasb/fxgl/17.1/fxgl-17.1.jar!/fxglassets/ui/fonts/Abel-Regular.ttf
13:14:44.903 [FXGL Background Thread 4 ] DEBUG FXGLAssetLoaderServi - Loading from file system: jar:file:///C:/Users/meijr/.m2/repository/com/github/almasb/fxgl/17.1/fxgl-17.1.jar!/fxglassets/ui/fonts/TerminalLandMono-Regular.otf
13:14:44.908 [FXGL Background Thread 4 ] DEBUG FXGLAssetLoaderServi - Loading from file system: jar:file:///C:/Users/meijr/.m2/repository/com/github/almasb/fxgl/17.1/fxgl-17.1.jar!/fxglassets/ui/fonts/Courier-Prime.ttf
13:14:45.112 [FXGL Background Thread 2 ] INFO  UpdaterService       - Your current version:  17.1
13:14:45.112 [FXGL Background Thread 2 ] INFO  UpdaterService       - Latest stable version: 17.3
13:14:45.297 [JavaFX Application Thread] DEBUG AudioPlayer          - Playing music com.almasb.fxgl.audio.Music@605a1295
13:14:45.297 [JavaFX Application Thread] DEBUG FXGLAssetLoaderServi - Loading from file system: jar:file:///C:/Users/meijr/.m2/repository/com/github/almasb/fxgl/17.1/fxgl-17.1.jar!/fxglassets/textures/fxgl_icon.png
13:14:45.312 [JavaFX Application Thread] DEBUG FXGLAssetLoaderServi - Loading from file system: jar:file:///C:/Users/meijr/.m2/repository/com/github/almasb/fxgl/17.1/fxgl-17.1.jar!/fxglassets/textures/fxgl_default_cursor.png
13:14:45.313 [JavaFX Application Thread] DEBUG Input                - Registered new binding: Screenshot - CTRL+8
13:14:45.313 [JavaFX Application Thread] DEBUG Input                - Registered new binding: System info dump - CTRL+9
13:14:45.314 [JavaFX Application Thread] DEBUG Input                - Registered new binding: Restart - CTRL+R
13:14:45.314 [JavaFX Application Thread] DEBUG Input                - Registered new binding: Toggle Debug Camera - CTRL+7
13:14:45.315 [JavaFX Application Thread] DEBUG LoopRunner           - Starting loop
13:14:45.315 [JavaFX Application Thread] DEBUG LoopRunner           - Initializing JavaFX AnimationTimerLoop
13:14:45.317 [JavaFX Application Thread] DEBUG Input                - Clearing active input actions
13:14:45.324 [JavaFX Application Thread] DEBUG GameApplicationServi - Removing overlay from FXGLStartupScene and adding to FXGLMainMenuDummyScene
13:14:45.324 [JavaFX Application Thread] DEBUG PrimaryStageWindow   - FXGLStartupScene -> FXGLMainMenuDummyScene
13:14:45.324 [JavaFX Application Thread] DEBUG PrimaryStageWindow   - Push state: FXGLDefaultMenu
13:14:45.326 [JavaFX Application Thread] DEBUG Input                - Clearing active input actions
13:14:45.330 [JavaFX Application Thread] DEBUG GameApplicationServi - Removing overlay from FXGLMainMenuDummyScene and adding to FXGLDefaultMenu
13:14:45.330 [JavaFX Application Thread] DEBUG PrimaryStageWindow   - FXGLMainMenuDummyScene -> FXGLDefaultMenu
13:14:45.331 [JavaFX Application Thread] DEBUG FXGLApplication      - Registering font factories with UI factory
13:14:46.960 [JavaFX Application Thread] DEBUG Menu                 - fireNewGame()
13:14:46.961 [JavaFX Application Thread] DEBUG GameApplicationServi - Starting new game
13:14:46.963 [JavaFX Application Thread] DEBUG PrimaryStageWindow   - Pop state: FXGLDefaultMenu
13:14:46.963 [JavaFX Application Thread] DEBUG Input                - Clearing active input actions
13:14:46.963 [JavaFX Application Thread] DEBUG GameApplicationServi - Removing overlay from FXGLDefaultMenu and adding to FXGLMainMenuDummyScene
13:14:46.964 [JavaFX Application Thread] DEBUG PrimaryStageWindow   - FXGLMainMenuDummyScene <- FXGLDefaultMenu
13:14:46.964 [JavaFX Application Thread] DEBUG Input                - Clearing active input actions
13:14:46.968 [JavaFX Application Thread] DEBUG GameApplicationServi - Removing overlay from FXGLMainMenuDummyScene and adding to MainLoadingScene
13:14:46.968 [JavaFX Application Thread] DEBUG PrimaryStageWindow   - FXGLMainMenuDummyScene -> MainLoadingScene
13:14:46.968 [JavaFX Application Thread] DEBUG GameApplicationServi - Clearing previous game
13:14:46.968 [JavaFX Application Thread] DEBUG GameScene            - Clearing game scene
13:14:46.968 [JavaFX Application Thread] DEBUG GameWorld            - Clearing game world
13:14:46.969 [JavaFX Application Thread] DEBUG PhysicsWorld         - Clearing physics world
13:14:46.970 [FXGL Background Thread 2 ] DEBUG FXGLApplication      - Initializing game
13:14:46.992 [FXGL Background Thread 2 ] WARN  TMXLevelLoader       - TiledMap generated from 1.10.0. Supported version: 1.4.2. Some features may not be parsed fully.
13:14:46.998 [FXGL Background Thread 2 ] DEBUG TMXLevelLoader       - Parsed TiledMap: file:/C:/Users/meijr/OneDrive/Documenten/GitHub/ipose-groep-4/target/classes/assets/levels/tmx/level1.tmx
13:14:46.999 [FXGL Background Thread 2 ] DEBUG TMXLevelLoader       - Creating tile layer entities
13:14:47.000 [FXGL Background Thread 2 ] DEBUG TilesetLoader        - Loading view for layer Tile Layer 1
13:14:47.003 [FXGL Background Thread 2 ] DEBUG TilesetLoader        - Created buffer with size 4900.0x700.0
13:14:47.019 [FXGL Background Thread 2 ] DEBUG TMXLevelLoader       - Creating object layer entities
13:14:47.036 [FXGL Background Thread 2 ] DEBUG GameWorld            - Clearing removable entities
13:14:47.037 [FXGL Background Thread 2 ] DEBUG GameWorld            - Setting level: com.almasb.fxgl.entity.level.Level@7c949476
13:14:47.051 [FXGL Background Thread 2 ] DEBUG FXGLAssetLoaderServi - Loading from file system: file:/C:/Users/meijr/OneDrive/Documenten/GitHub/ipose-groep-4/target/classes/assets/textures/trump.png
13:14:47.056 [FXGL Background Thread 2 ] DEBUG FXGLAssetLoaderServi - Loading from file system: file:/C:/Users/meijr/OneDrive/Documenten/GitHub/ipose-groep-4/target/classes/assets/textures/background/forest.png
13:14:47.069 [FXGL Background Thread 2 ] INFO  FXGLApplication      - Game initialization took: 0.100 sec
13:14:47.070 [JavaFX Application Thread] DEBUG Input                - Clearing active input actions
13:14:47.073 [JavaFX Application Thread] DEBUG GameApplicationServi - Removing overlay from MainLoadingScene and adding to GameScene
13:14:47.073 [JavaFX Application Thread] DEBUG PrimaryStageWindow   - MainLoadingScene -> GameScene
13:14:47.840 [FXGL Background Thread 3 ] DEBUG Engine               - Logging environment variables
13:14:47.840 [FXGL Background Thread 3 ] DEBUG Engine               - achievements: []
13:14:47.840 [FXGL Background Thread 3 ] DEBUG Engine               - actualHeight: 720.0
13:14:47.840 [FXGL Background Thread 3 ] DEBUG Engine               - actualHeightProperty: ReadOnlyDoubleProperty [value: 720.0]
13:14:47.840 [FXGL Background Thread 3 ] DEBUG Engine               - actualWidth: 1280.0
13:14:47.840 [FXGL Background Thread 3 ] DEBUG Engine               - actualWidthProperty: ReadOnlyDoubleProperty [value: 1280.0]
13:14:47.840 [FXGL Background Thread 3 ] DEBUG Engine               - appIcon: fxgl_icon.png
13:14:47.840 [FXGL Background Thread 3 ] DEBUG Engine               - applicationMode: DEVELOPER
13:14:47.840 [FXGL Background Thread 3 ] DEBUG Engine               - cSSList: [fxgl_dark.css]
13:14:47.841 [FXGL Background Thread 3 ] DEBUG Engine               - collisionDetectionStrategy: BRUTE_FORCE
13:14:47.841 [FXGL Background Thread 3 ] DEBUG Engine               - configClass: Optional.empty
13:14:47.841 [FXGL Background Thread 3 ] DEBUG Engine               - credits: []
13:14:47.841 [FXGL Background Thread 3 ] DEBUG Engine               - defaultCursor: CursorInfo(imageName=fxgl_default_cursor.png, hotspotX=7.0, hotspotY=6.0)
13:14:47.841 [FXGL Background Thread 3 ] DEBUG Engine               - devBBoxColorProperty: ObjectProperty [value: 0xff0000ff]
13:14:47.841 [FXGL Background Thread 3 ] DEBUG Engine               - devEnableDebugCameraProperty: BooleanProperty [value: false]
13:14:47.841 [FXGL Background Thread 3 ] DEBUG Engine               - devSensorColorProperty: ObjectProperty [value: 0xffff00ff]
13:14:47.841 [FXGL Background Thread 3 ] DEBUG Engine               - devShowBBoxProperty: BooleanProperty [value: false]
13:14:47.841 [FXGL Background Thread 3 ] DEBUG Engine               - devShowPositionProperty: BooleanProperty [value: false]
13:14:47.841 [FXGL Background Thread 3 ] DEBUG Engine               - enabledMenuItems: []
13:14:47.841 [FXGL Background Thread 3 ] DEBUG Engine               - engineServices: [class com.almasb.fxgl.app.services.FXGLAssetLoaderService, class com.almasb.fxgl.app.FXGLApplication$GameApplicationService, class com.almasb.fxgl.app.services.FXGLDialogService, class com.almasb.fxgl.app.services.IOTaskExecutorService, class com.almasb.fxgl.io.FileSystemService, class com.almasb.fxgl.localization.LocalizationService, class com.almasb.fxgl.app.services.SystemBundleService, class com.almasb.fxgl.profile.SaveLoadService, class com.almasb.fxgl.ui.FXGLUIFactoryServiceProvider, class com.almasb.fxgl.ui.FXGLDialogFactoryServiceProvider, class com.almasb.fxgl.audio.AudioPlayer, class com.almasb.fxgl.notification.impl.NotificationServiceProvider, class com.almasb.fxgl.achievement.AchievementService, class com.almasb.fxgl.cutscene.CutsceneService, class com.almasb.fxgl.minigames.MiniGameService, class com.almasb.fxgl.net.NetService, class com.almasb.fxgl.app.services.UpdaterService, class com.almasb.fxgl.dev.DevService]
13:14:47.841 [FXGL Background Thread 3 ] DEBUG Engine               - fontGame: Abel-Regular.ttf
13:14:47.841 [FXGL Background Thread 3 ] DEBUG Engine               - fontMono: TerminalLandMono-Regular.otf
13:14:47.841 [FXGL Background Thread 3 ] DEBUG Engine               - fontText: Courier-Prime.ttf
13:14:47.841 [FXGL Background Thread 3 ] DEBUG Engine               - fontUI: VarelaRound-Regular.ttf
13:14:47.841 [FXGL Background Thread 3 ] DEBUG Engine               - fullScreen: BooleanProperty [value: false]
13:14:47.841 [FXGL Background Thread 3 ] DEBUG Engine               - gameDifficulty: MEDIUM
13:14:47.842 [FXGL Background Thread 3 ] DEBUG Engine               - gameDifficultyProperty: ObjectProperty [value: MEDIUM]
13:14:47.842 [FXGL Background Thread 3 ] DEBUG Engine               - globalMusicVolume: 0.5
13:14:47.842 [FXGL Background Thread 3 ] DEBUG Engine               - globalMusicVolumeProperty: DoubleProperty [value: 0.25]
13:14:47.842 [FXGL Background Thread 3 ] DEBUG Engine               - globalSoundVolume: 0.5
13:14:47.842 [FXGL Background Thread 3 ] DEBUG Engine               - globalSoundVolumeProperty: DoubleProperty [value: 0.5]
13:14:47.842 [FXGL Background Thread 3 ] DEBUG Engine               - height: 720
13:14:47.842 [FXGL Background Thread 3 ] DEBUG Engine               - is3D: false
13:14:47.842 [FXGL Background Thread 3 ] DEBUG Engine               - isAndroid: false
13:14:47.842 [FXGL Background Thread 3 ] DEBUG Engine               - isBrowser: false
13:14:47.842 [FXGL Background Thread 3 ] DEBUG Engine               - isClickFeedbackEnabled: false
13:14:47.842 [FXGL Background Thread 3 ] DEBUG Engine               - isCloseConfirmation: false
13:14:47.842 [FXGL Background Thread 3 ] DEBUG Engine               - isDesktop: true
13:14:47.842 [FXGL Background Thread 3 ] DEBUG Engine               - isDeveloperMenuEnabled: false
13:14:47.842 [FXGL Background Thread 3 ] DEBUG Engine               - isEmbedded: false
13:14:47.842 [FXGL Background Thread 3 ] DEBUG Engine               - isEntityPreloadEnabled: true
13:14:47.842 [FXGL Background Thread 3 ] DEBUG Engine               - isExperimentalTiledLargeMap: false
13:14:47.842 [FXGL Background Thread 3 ] DEBUG Engine               - isFileSystemWriteAllowed: true
13:14:47.842 [FXGL Background Thread 3 ] DEBUG Engine               - isFullScreenAllowed: false
13:14:47.842 [FXGL Background Thread 3 ] DEBUG Engine               - isFullScreenFromStart: false
13:14:47.842 [FXGL Background Thread 3 ] DEBUG Engine               - isGameMenuEnabled: true
13:14:47.842 [FXGL Background Thread 3 ] DEBUG Engine               - isIOS: false
13:14:47.842 [FXGL Background Thread 3 ] DEBUG Engine               - isIntroEnabled: false
13:14:47.842 [FXGL Background Thread 3 ] DEBUG Engine               - isLinux: false
13:14:47.842 [FXGL Background Thread 3 ] DEBUG Engine               - isMac: false
13:14:47.842 [FXGL Background Thread 3 ] DEBUG Engine               - isMainMenuEnabled: true
13:14:47.842 [FXGL Background Thread 3 ] DEBUG Engine               - isManualResizeEnabled: false
13:14:47.842 [FXGL Background Thread 3 ] DEBUG Engine               - isMobile: false
13:14:47.842 [FXGL Background Thread 3 ] DEBUG Engine               - isNative: false
13:14:47.842 [FXGL Background Thread 3 ] DEBUG Engine               - isPauseMusicWhenMinimized: true
13:14:47.842 [FXGL Background Thread 3 ] DEBUG Engine               - isPreserveResizeRatio: false
13:14:47.842 [FXGL Background Thread 3 ] DEBUG Engine               - isProfilingEnabled: false
13:14:47.842 [FXGL Background Thread 3 ] DEBUG Engine               - isScaleAffectedOnResize: true
13:14:47.842 [FXGL Background Thread 3 ] DEBUG Engine               - isSingleStep: false
13:14:47.842 [FXGL Background Thread 3 ] DEBUG Engine               - isUserProfileEnabled: false
13:14:47.842 [FXGL Background Thread 3 ] DEBUG Engine               - isWindows: true
13:14:47.842 [FXGL Background Thread 3 ] DEBUG Engine               - language: ObjectProperty [value: ENGLISH]
13:14:47.842 [FXGL Background Thread 3 ] DEBUG Engine               - menuKey: ESCAPE
13:14:47.843 [FXGL Background Thread 3 ] DEBUG Engine               - mouseSensitivity: 0.2
13:14:47.843 [FXGL Background Thread 3 ] DEBUG Engine               - notificationViewClass: class com.almasb.fxgl.notification.view.XboxNotificationView
13:14:47.843 [FXGL Background Thread 3 ] DEBUG Engine               - pixelsPerMeter: 50.0
13:14:47.843 [FXGL Background Thread 3 ] DEBUG Engine               - platform: WINDOWS
13:14:47.843 [FXGL Background Thread 3 ] DEBUG Engine               - prefHeightProperty: ReadOnlyDoubleProperty [value: 720.0]
13:14:47.843 [FXGL Background Thread 3 ] DEBUG Engine               - prefWidthProperty: ReadOnlyDoubleProperty [value: 1280.0]
13:14:47.843 [FXGL Background Thread 3 ] DEBUG Engine               - profileDir: profiles/
13:14:47.843 [FXGL Background Thread 3 ] DEBUG Engine               - profileName: StringProperty [value: DEFAULT]
13:14:47.844 [FXGL Background Thread 3 ] DEBUG Engine               - randomSeed: -1
13:14:47.844 [FXGL Background Thread 3 ] DEBUG Engine               - runtimeInfo: RuntimeInfo(platform=WINDOWS, version=17.1, build=24.03.2022 17.34)
13:14:47.844 [FXGL Background Thread 3 ] DEBUG Engine               - saveFileExt: sav
13:14:47.844 [FXGL Background Thread 3 ] DEBUG Engine               - scaledHeightProp$fxgl: DoubleProperty [bound, value: 720.0]
13:14:47.844 [FXGL Background Thread 3 ] DEBUG Engine               - scaledWidthProp$fxgl: DoubleProperty [bound, value: 1280.0]
13:14:47.844 [FXGL Background Thread 3 ] DEBUG Engine               - sceneFactory: com.almasb.fxglgames.platformer.PlatformerApp$1@ab80ca2
13:14:47.844 [FXGL Background Thread 3 ] DEBUG Engine               - secondsIn24h: 60
13:14:47.844 [FXGL Background Thread 3 ] DEBUG Engine               - soundMenuBack: menu/back.wav
13:14:47.844 [FXGL Background Thread 3 ] DEBUG Engine               - soundMenuPress: menu/press.wav
13:14:47.844 [FXGL Background Thread 3 ] DEBUG Engine               - soundMenuSelect: menu/select.wav
13:14:47.844 [FXGL Background Thread 3 ] DEBUG Engine               - soundNotification: core/notification.wav
13:14:47.844 [FXGL Background Thread 3 ] DEBUG Engine               - stageStyle: DECORATED
13:14:47.844 [FXGL Background Thread 3 ] DEBUG Engine               - supportedLanguages: [ENGLISH, FRENCH, GERMAN, HUNGARIAN, RUSSIAN]
13:14:47.844 [FXGL Background Thread 3 ] DEBUG Engine               - ticksPerSecond: -1
13:14:47.844 [FXGL Background Thread 3 ] DEBUG Engine               - title: Miguel
13:14:47.844 [FXGL Background Thread 3 ] DEBUG Engine               - urlGithub: https://github.com/AlmasB/FXGL
13:14:47.844 [FXGL Background Thread 3 ] DEBUG Engine               - urlLeaderboard: http://fxgl-top.herokuapp.com/
13:14:47.844 [FXGL Background Thread 3 ] DEBUG Engine               - urlPOM: https://raw.githubusercontent.com/AlmasB/FXGL/release/README.md
13:14:47.844 [FXGL Background Thread 3 ] DEBUG Engine               - userAppClass: class com.almasb.fxglgames.platformer.PlatformerApp
13:14:47.844 [FXGL Background Thread 3 ] DEBUG Engine               - version: 1.0
13:14:47.844 [FXGL Background Thread 3 ] DEBUG Engine               - versionCheckDays: 7
13:14:47.844 [FXGL Background Thread 3 ] DEBUG Engine               - width: 1280
13:14:47.844 [FXGL Background Thread 3 ] DEBUG Engine               - Logging services
13:14:47.844 [FXGL Background Thread 3 ] DEBUG Engine               - class com.almasb.fxgl.app.services.FXGLAssetLoaderService
13:14:47.844 [FXGL Background Thread 3 ] DEBUG Engine               - class com.almasb.fxgl.app.FXGLApplication$GameApplicationService
13:14:47.844 [FXGL Background Thread 3 ] DEBUG Engine               - class com.almasb.fxgl.app.services.FXGLDialogService
13:14:47.844 [FXGL Background Thread 3 ] DEBUG Engine               - class com.almasb.fxgl.app.services.IOTaskExecutorService
13:14:47.844 [FXGL Background Thread 3 ] DEBUG Engine               - class com.almasb.fxgl.io.FileSystemService
13:14:47.844 [FXGL Background Thread 3 ] DEBUG Engine               - class com.almasb.fxgl.localization.LocalizationService
13:14:47.844 [FXGL Background Thread 3 ] DEBUG Engine               - class com.almasb.fxgl.app.services.SystemBundleService
13:14:47.844 [FXGL Background Thread 3 ] DEBUG Engine               - class com.almasb.fxgl.profile.SaveLoadService
13:14:47.844 [FXGL Background Thread 3 ] DEBUG Engine               - class com.almasb.fxgl.ui.FXGLUIFactoryServiceProvider
13:14:47.844 [FXGL Background Thread 3 ] DEBUG Engine               - class com.almasb.fxgl.ui.FXGLDialogFactoryServiceProvider
13:14:47.844 [FXGL Background Thread 3 ] DEBUG Engine               - class com.almasb.fxgl.audio.AudioPlayer
13:14:47.844 [FXGL Background Thread 3 ] DEBUG Engine               - class com.almasb.fxgl.notification.impl.NotificationServiceProvider
13:14:47.844 [FXGL Background Thread 3 ] DEBUG Engine               - class com.almasb.fxgl.achievement.AchievementService
13:14:47.844 [FXGL Background Thread 3 ] DEBUG Engine               - class com.almasb.fxgl.cutscene.CutsceneService
13:14:47.844 [FXGL Background Thread 3 ] DEBUG Engine               - class com.almasb.fxgl.minigames.MiniGameService
13:14:47.844 [FXGL Background Thread 3 ] DEBUG Engine               - class com.almasb.fxgl.net.NetService
13:14:47.844 [FXGL Background Thread 3 ] DEBUG Engine               - class com.almasb.fxgl.app.services.UpdaterService
13:14:47.844 [FXGL Background Thread 3 ] DEBUG Engine               - class com.almasb.fxgl.dev.DevService
13:14:51.653 [JavaFX Application Thread] DEBUG PrimaryStageWindow   - Push state: DialogSubScene
13:14:51.653 [JavaFX Application Thread] DEBUG Input                - Clearing active input actions
13:14:51.653 [JavaFX Application Thread] DEBUG GameApplicationServi - Removing overlay from GameScene and adding to DialogSubScene
13:14:51.653 [JavaFX Application Thread] DEBUG PrimaryStageWindow   - GameScene -> DialogSubScene
13:14:53.384 [JavaFX Application Thread] DEBUG PrimaryStageWindow   - Pop state: DialogSubScene
13:14:53.384 [JavaFX Application Thread] DEBUG Input                - Clearing active input actions
13:14:53.384 [JavaFX Application Thread] DEBUG GameApplicationServi - Removing overlay from DialogSubScene and adding to GameScene
13:14:53.384 [JavaFX Application Thread] DEBUG PrimaryStageWindow   - GameScene <- DialogSubScene
13:14:53.384 [JavaFX Application Thread] DEBUG GameApplicationServi - Starting new game
13:14:53.384 [JavaFX Application Thread] DEBUG Input                - Clearing active input actions
13:14:53.389 [JavaFX Application Thread] DEBUG GameApplicationServi - Removing overlay from GameScene and adding to MainLoadingScene
13:14:53.389 [JavaFX Application Thread] DEBUG PrimaryStageWindow   - GameScene -> MainLoadingScene
13:14:53.389 [JavaFX Application Thread] DEBUG GameApplicationServi - Clearing previous game
13:14:53.389 [JavaFX Application Thread] DEBUG GameScene            - Clearing game scene
13:14:53.389 [JavaFX Application Thread] DEBUG GameWorld            - Clearing game world
13:14:53.391 [JavaFX Application Thread] DEBUG PhysicsWorld         - Clearing physics world
13:14:53.391 [FXGL Background Thread 2 ] DEBUG FXGLApplication      - Initializing game
13:14:53.395 [FXGL Background Thread 2 ] WARN  TMXLevelLoader       - TiledMap generated from 1.10.0. Supported version: 1.4.2. Some features may not be parsed fully.
13:14:53.398 [FXGL Background Thread 2 ] DEBUG TMXLevelLoader       - Parsed TiledMap: file:/C:/Users/meijr/OneDrive/Documenten/GitHub/ipose-groep-4/target/classes/assets/levels/tmx/level1.tmx
13:14:53.398 [FXGL Background Thread 2 ] DEBUG TMXLevelLoader       - Creating tile layer entities
13:14:53.399 [FXGL Background Thread 2 ] DEBUG TilesetLoader        - Loading view for layer Tile Layer 1
13:14:53.403 [FXGL Background Thread 2 ] DEBUG TilesetLoader        - Created buffer with size 4900.0x700.0
13:14:53.411 [FXGL Background Thread 2 ] DEBUG TMXLevelLoader       - Creating object layer entities
13:14:53.414 [FXGL Background Thread 2 ] DEBUG GameWorld            - Clearing removable entities
13:14:53.414 [FXGL Background Thread 2 ] DEBUG GameWorld            - Setting level: com.almasb.fxgl.entity.level.Level@5d70a452
13:14:53.416 [FXGL Background Thread 2 ] INFO  FXGLApplication      - Game initialization took: 0.025 sec
13:14:53.416 [JavaFX Application Thread] DEBUG Input                - Clearing active input actions
13:14:53.419 [JavaFX Application Thread] DEBUG GameApplicationServi - Removing overlay from MainLoadingScene and adding to GameScene
13:14:53.419 [JavaFX Application Thread] DEBUG PrimaryStageWindow   - MainLoadingScene -> GameScene
13:14:54.615 [JavaFX Application Thread] DEBUG PrimaryStageWindow   - Push state: DialogSubScene
13:14:54.615 [JavaFX Application Thread] DEBUG Input                - Clearing active input actions
13:14:54.616 [JavaFX Application Thread] DEBUG GameApplicationServi - Removing overlay from GameScene and adding to DialogSubScene
13:14:54.616 [JavaFX Application Thread] DEBUG PrimaryStageWindow   - GameScene -> DialogSubScene
13:14:57.686 [JavaFX Application Thread] DEBUG PrimaryStageWindow   - Pop state: DialogSubScene
13:14:57.686 [JavaFX Application Thread] DEBUG Input                - Clearing active input actions
13:14:57.687 [JavaFX Application Thread] DEBUG GameApplicationServi - Removing overlay from DialogSubScene and adding to GameScene
13:14:57.687 [JavaFX Application Thread] DEBUG PrimaryStageWindow   - GameScene <- DialogSubScene
13:14:57.687 [JavaFX Application Thread] DEBUG GameApplicationServi - Starting new game
13:14:57.687 [JavaFX Application Thread] DEBUG Input                - Clearing active input actions
13:14:57.689 [JavaFX Application Thread] DEBUG GameApplicationServi - Removing overlay from GameScene and adding to MainLoadingScene
13:14:57.689 [JavaFX Application Thread] DEBUG PrimaryStageWindow   - GameScene -> MainLoadingScene
13:14:57.689 [JavaFX Application Thread] DEBUG GameApplicationServi - Clearing previous game
13:14:57.689 [JavaFX Application Thread] DEBUG GameScene            - Clearing game scene
13:14:57.689 [JavaFX Application Thread] DEBUG GameWorld            - Clearing game world
13:14:57.690 [JavaFX Application Thread] DEBUG PhysicsWorld         - Clearing physics world
13:14:57.690 [FXGL Background Thread 2 ] DEBUG FXGLApplication      - Initializing game
13:14:57.692 [FXGL Background Thread 2 ] WARN  TMXLevelLoader       - TiledMap generated from 1.10.0. Supported version: 1.4.2. Some features may not be parsed fully.
13:14:57.694 [FXGL Background Thread 2 ] DEBUG TMXLevelLoader       - Parsed TiledMap: file:/C:/Users/meijr/OneDrive/Documenten/GitHub/ipose-groep-4/target/classes/assets/levels/tmx/level1.tmx
13:14:57.695 [FXGL Background Thread 2 ] DEBUG TMXLevelLoader       - Creating tile layer entities
13:14:57.695 [FXGL Background Thread 2 ] DEBUG TilesetLoader        - Loading view for layer Tile Layer 1
13:14:57.699 [FXGL Background Thread 2 ] DEBUG TilesetLoader        - Created buffer with size 4900.0x700.0
13:14:57.708 [FXGL Background Thread 2 ] DEBUG TMXLevelLoader       - Creating object layer entities
13:14:57.710 [FXGL Background Thread 2 ] DEBUG GameWorld            - Clearing removable entities
13:14:57.710 [FXGL Background Thread 2 ] DEBUG GameWorld            - Setting level: com.almasb.fxgl.entity.level.Level@65a9621f
13:14:57.712 [FXGL Background Thread 2 ] INFO  FXGLApplication      - Game initialization took: 0.021 sec
13:14:57.712 [JavaFX Application Thread] DEBUG Input                - Clearing active input actions
13:14:57.714 [JavaFX Application Thread] DEBUG GameApplicationServi - Removing overlay from MainLoadingScene and adding to GameScene
13:14:57.714 [JavaFX Application Thread] DEBUG PrimaryStageWindow   - MainLoadingScene -> GameScene
13:14:58.753 [JavaFX Application Thread] DEBUG PrimaryStageWindow   - Push state: DialogSubScene
13:14:58.754 [JavaFX Application Thread] DEBUG Input                - Clearing active input actions
13:14:58.754 [JavaFX Application Thread] DEBUG GameApplicationServi - Removing overlay from GameScene and adding to DialogSubScene
13:14:58.754 [JavaFX Application Thread] DEBUG PrimaryStageWindow   - GameScene -> DialogSubScene
13:14:59.551 [JavaFX Application Thread] DEBUG PrimaryStageWindow   - Pop state: DialogSubScene
13:14:59.551 [JavaFX Application Thread] DEBUG Input                - Clearing active input actions
13:14:59.551 [JavaFX Application Thread] DEBUG GameApplicationServi - Removing overlay from DialogSubScene and adding to GameScene
13:14:59.551 [JavaFX Application Thread] DEBUG PrimaryStageWindow   - GameScene <- DialogSubScene
13:14:59.551 [JavaFX Application Thread] DEBUG GameApplicationServi - Starting new game
13:14:59.551 [JavaFX Application Thread] DEBUG Input                - Clearing active input actions
13:14:59.555 [JavaFX Application Thread] DEBUG GameApplicationServi - Removing overlay from GameScene and adding to MainLoadingScene
13:14:59.555 [JavaFX Application Thread] DEBUG PrimaryStageWindow   - GameScene -> MainLoadingScene
13:14:59.555 [JavaFX Application Thread] DEBUG GameApplicationServi - Clearing previous game
13:14:59.555 [JavaFX Application Thread] DEBUG GameScene            - Clearing game scene
13:14:59.555 [JavaFX Application Thread] DEBUG GameWorld            - Clearing game world
13:14:59.556 [JavaFX Application Thread] DEBUG PhysicsWorld         - Clearing physics world
13:14:59.556 [FXGL Background Thread 2 ] DEBUG FXGLApplication      - Initializing game
13:14:59.559 [FXGL Background Thread 2 ] WARN  TMXLevelLoader       - TiledMap generated from 1.10.0. Supported version: 1.4.2. Some features may not be parsed fully.
13:14:59.560 [FXGL Background Thread 2 ] DEBUG TMXLevelLoader       - Parsed TiledMap: file:/C:/Users/meijr/OneDrive/Documenten/GitHub/ipose-groep-4/target/classes/assets/levels/tmx/level1.tmx
13:14:59.560 [FXGL Background Thread 2 ] DEBUG TMXLevelLoader       - Creating tile layer entities
13:14:59.560 [FXGL Background Thread 2 ] DEBUG TilesetLoader        - Loading view for layer Tile Layer 1
13:14:59.563 [FXGL Background Thread 2 ] DEBUG TilesetLoader        - Created buffer with size 4900.0x700.0
13:14:59.576 [FXGL Background Thread 2 ] DEBUG TMXLevelLoader       - Creating object layer entities
13:14:59.578 [FXGL Background Thread 2 ] DEBUG GameWorld            - Clearing removable entities
13:14:59.578 [FXGL Background Thread 2 ] DEBUG GameWorld            - Setting level: com.almasb.fxgl.entity.level.Level@104dfbfc
13:14:59.580 [FXGL Background Thread 2 ] INFO  FXGLApplication      - Game initialization took: 0.023 sec
13:14:59.580 [JavaFX Application Thread] DEBUG Input                - Clearing active input actions
13:14:59.582 [JavaFX Application Thread] DEBUG GameApplicationServi - Removing overlay from MainLoadingScene and adding to GameScene
13:14:59.583 [JavaFX Application Thread] DEBUG PrimaryStageWindow   - MainLoadingScene -> GameScene
13:15:04.539 [JavaFX Application Thread] DEBUG PrimaryStageWindow   - Push state: DialogSubScene
13:15:04.539 [JavaFX Application Thread] DEBUG Input                - Clearing active input actions
13:15:04.540 [JavaFX Application Thread] DEBUG GameApplicationServi - Removing overlay from GameScene and adding to DialogSubScene
13:15:04.540 [JavaFX Application Thread] DEBUG PrimaryStageWindow   - GameScene -> DialogSubScene
13:15:05.155 [JavaFX Application Thread] DEBUG PrimaryStageWindow   - Pop state: DialogSubScene
13:15:05.155 [JavaFX Application Thread] DEBUG Input                - Clearing active input actions
13:15:05.155 [JavaFX Application Thread] DEBUG GameApplicationServi - Removing overlay from DialogSubScene and adding to GameScene
13:15:05.156 [JavaFX Application Thread] DEBUG PrimaryStageWindow   - GameScene <- DialogSubScene
13:15:05.156 [JavaFX Application Thread] DEBUG GameApplicationServi - Starting new game
13:15:05.156 [JavaFX Application Thread] DEBUG Input                - Clearing active input actions
13:15:05.158 [JavaFX Application Thread] DEBUG GameApplicationServi - Removing overlay from GameScene and adding to MainLoadingScene
13:15:05.158 [JavaFX Application Thread] DEBUG PrimaryStageWindow   - GameScene -> MainLoadingScene
13:15:05.158 [JavaFX Application Thread] DEBUG GameApplicationServi - Clearing previous game
13:15:05.158 [JavaFX Application Thread] DEBUG GameScene            - Clearing game scene
13:15:05.158 [JavaFX Application Thread] DEBUG GameWorld            - Clearing game world
13:15:05.159 [JavaFX Application Thread] DEBUG PhysicsWorld         - Clearing physics world
13:15:05.159 [FXGL Background Thread 2 ] DEBUG FXGLApplication      - Initializing game
13:15:05.161 [FXGL Background Thread 2 ] WARN  TMXLevelLoader       - TiledMap generated from 1.10.0. Supported version: 1.4.2. Some features may not be parsed fully.
13:15:05.162 [FXGL Background Thread 2 ] DEBUG TMXLevelLoader       - Parsed TiledMap: file:/C:/Users/meijr/OneDrive/Documenten/GitHub/ipose-groep-4/target/classes/assets/levels/tmx/level1.tmx
13:15:05.162 [FXGL Background Thread 2 ] DEBUG TMXLevelLoader       - Creating tile layer entities
13:15:05.162 [FXGL Background Thread 2 ] DEBUG TilesetLoader        - Loading view for layer Tile Layer 1
13:15:05.164 [FXGL Background Thread 2 ] DEBUG TilesetLoader        - Created buffer with size 4900.0x700.0
13:15:05.173 [FXGL Background Thread 2 ] DEBUG TMXLevelLoader       - Creating object layer entities
13:15:05.175 [FXGL Background Thread 2 ] DEBUG GameWorld            - Clearing removable entities
13:15:05.175 [FXGL Background Thread 2 ] DEBUG GameWorld            - Setting level: com.almasb.fxgl.entity.level.Level@78e55278
13:15:05.179 [FXGL Background Thread 2 ] INFO  FXGLApplication      - Game initialization took: 0.020 sec
13:15:05.179 [JavaFX Application Thread] DEBUG Input                - Clearing active input actions
13:15:05.181 [JavaFX Application Thread] DEBUG GameApplicationServi - Removing overlay from MainLoadingScene and adding to GameScene
13:15:05.181 [JavaFX Application Thread] DEBUG PrimaryStageWindow   - MainLoadingScene -> GameScene
13:15:11.531 [JavaFX Application Thread] DEBUG PrimaryStageWindow   - Push state: DialogSubScene
13:15:11.531 [JavaFX Application Thread] DEBUG Input                - Clearing active input actions
13:15:11.532 [JavaFX Application Thread] DEBUG GameApplicationServi - Removing overlay from GameScene and adding to DialogSubScene
13:15:11.532 [JavaFX Application Thread] DEBUG PrimaryStageWindow   - GameScene -> DialogSubScene
13:15:12.210 [JavaFX Application Thread] DEBUG PrimaryStageWindow   - Pop state: DialogSubScene
13:15:12.210 [JavaFX Application Thread] DEBUG Input                - Clearing active input actions
13:15:12.210 [JavaFX Application Thread] DEBUG GameApplicationServi - Removing overlay from DialogSubScene and adding to GameScene
13:15:12.210 [JavaFX Application Thread] DEBUG PrimaryStageWindow   - GameScene <- DialogSubScene
13:15:12.210 [JavaFX Application Thread] DEBUG GameApplicationServi - Starting new game
13:15:12.210 [JavaFX Application Thread] DEBUG Input                - Clearing active input actions
13:15:12.212 [JavaFX Application Thread] DEBUG GameApplicationServi - Removing overlay from GameScene and adding to MainLoadingScene
13:15:12.212 [JavaFX Application Thread] DEBUG PrimaryStageWindow   - GameScene -> MainLoadingScene
13:15:12.212 [JavaFX Application Thread] DEBUG GameApplicationServi - Clearing previous game
13:15:12.212 [JavaFX Application Thread] DEBUG GameScene            - Clearing game scene
13:15:12.212 [JavaFX Application Thread] DEBUG GameWorld            - Clearing game world
13:15:12.213 [JavaFX Application Thread] DEBUG PhysicsWorld         - Clearing physics world
13:15:12.213 [FXGL Background Thread 2 ] DEBUG FXGLApplication      - Initializing game
13:15:12.215 [FXGL Background Thread 2 ] WARN  TMXLevelLoader       - TiledMap generated from 1.10.0. Supported version: 1.4.2. Some features may not be parsed fully.
13:15:12.216 [FXGL Background Thread 2 ] DEBUG TMXLevelLoader       - Parsed TiledMap: file:/C:/Users/meijr/OneDrive/Documenten/GitHub/ipose-groep-4/target/classes/assets/levels/tmx/level1.tmx
13:15:12.216 [FXGL Background Thread 2 ] DEBUG TMXLevelLoader       - Creating tile layer entities
13:15:12.217 [FXGL Background Thread 2 ] DEBUG TilesetLoader        - Loading view for layer Tile Layer 1
13:15:12.219 [FXGL Background Thread 2 ] DEBUG TilesetLoader        - Created buffer with size 4900.0x700.0
13:15:12.231 [FXGL Background Thread 2 ] DEBUG TMXLevelLoader       - Creating object layer entities
13:15:12.233 [FXGL Background Thread 2 ] DEBUG GameWorld            - Clearing removable entities
13:15:12.233 [FXGL Background Thread 2 ] DEBUG GameWorld            - Setting level: com.almasb.fxgl.entity.level.Level@7821e2c1
13:15:12.235 [FXGL Background Thread 2 ] INFO  FXGLApplication      - Game initialization took: 0.022 sec
13:15:12.235 [JavaFX Application Thread] DEBUG Input                - Clearing active input actions
13:15:12.237 [JavaFX Application Thread] DEBUG GameApplicationServi - Removing overlay from MainLoadingScene and adding to GameScene
13:15:12.237 [JavaFX Application Thread] DEBUG PrimaryStageWindow   - MainLoadingScene -> GameScene
13:15:20.128 [JavaFX Application Thread] DEBUG PrimaryStageWindow   - Push state: DialogSubScene
13:15:20.128 [JavaFX Application Thread] DEBUG Input                - Clearing active input actions
13:15:20.129 [JavaFX Application Thread] DEBUG GameApplicationServi - Removing overlay from GameScene and adding to DialogSubScene
13:15:20.129 [JavaFX Application Thread] DEBUG PrimaryStageWindow   - GameScene -> DialogSubScene
13:15:21.073 [JavaFX Application Thread] DEBUG PrimaryStageWindow   - Pop state: DialogSubScene
13:15:21.073 [JavaFX Application Thread] DEBUG Input                - Clearing active input actions
13:15:21.074 [JavaFX Application Thread] DEBUG GameApplicationServi - Removing overlay from DialogSubScene and adding to GameScene
13:15:21.074 [JavaFX Application Thread] DEBUG PrimaryStageWindow   - GameScene <- DialogSubScene
13:15:21.074 [JavaFX Application Thread] DEBUG GameApplicationServi - Starting new game
13:15:21.074 [JavaFX Application Thread] DEBUG Input                - Clearing active input actions
13:15:21.076 [JavaFX Application Thread] DEBUG GameApplicationServi - Removing overlay from GameScene and adding to MainLoadingScene
13:15:21.076 [JavaFX Application Thread] DEBUG PrimaryStageWindow   - GameScene -> MainLoadingScene
13:15:21.076 [JavaFX Application Thread] DEBUG GameApplicationServi - Clearing previous game
13:15:21.076 [JavaFX Application Thread] DEBUG GameScene            - Clearing game scene
13:15:21.076 [JavaFX Application Thread] DEBUG GameWorld            - Clearing game world
13:15:21.076 [JavaFX Application Thread] DEBUG PhysicsWorld         - Clearing physics world
13:15:21.077 [FXGL Background Thread 2 ] DEBUG FXGLApplication      - Initializing game
13:15:21.079 [FXGL Background Thread 2 ] WARN  TMXLevelLoader       - TiledMap generated from 1.10.0. Supported version: 1.4.2. Some features may not be parsed fully.
13:15:21.080 [FXGL Background Thread 2 ] DEBUG TMXLevelLoader       - Parsed TiledMap: file:/C:/Users/meijr/OneDrive/Documenten/GitHub/ipose-groep-4/target/classes/assets/levels/tmx/level1.tmx
13:15:21.080 [FXGL Background Thread 2 ] DEBUG TMXLevelLoader       - Creating tile layer entities
13:15:21.080 [FXGL Background Thread 2 ] DEBUG TilesetLoader        - Loading view for layer Tile Layer 1
13:15:21.082 [FXGL Background Thread 2 ] DEBUG TilesetLoader        - Created buffer with size 4900.0x700.0
13:15:21.093 [FXGL Background Thread 2 ] DEBUG TMXLevelLoader       - Creating object layer entities
13:15:21.094 [FXGL Background Thread 2 ] DEBUG GameWorld            - Clearing removable entities
13:15:21.094 [FXGL Background Thread 2 ] DEBUG GameWorld            - Setting level: com.almasb.fxgl.entity.level.Level@5cd2bc4b
13:15:21.096 [FXGL Background Thread 2 ] INFO  FXGLApplication      - Game initialization took: 0.020 sec
13:15:21.097 [JavaFX Application Thread] DEBUG Input                - Clearing active input actions
13:15:21.098 [JavaFX Application Thread] DEBUG GameApplicationServi - Removing overlay from MainLoadingScene and adding to GameScene
13:15:21.098 [JavaFX Application Thread] DEBUG PrimaryStageWindow   - MainLoadingScene -> GameScene
13:15:57.767 [JavaFX Application Thread] DEBUG Input                - Registered new binding: Close Level End Screen - LMB
13:15:57.767 [JavaFX Application Thread] DEBUG PrimaryStageWindow   - Push state: LevelEndScene
13:15:57.767 [JavaFX Application Thread] DEBUG Input                - Clearing active input actions
13:15:57.767 [JavaFX Application Thread] DEBUG GameApplicationServi - Removing overlay from GameScene and adding to LevelEndScene
13:15:57.767 [JavaFX Application Thread] DEBUG PrimaryStageWindow   - GameScene -> LevelEndScene
13:15:59.650 [JavaFX Application Thread] DEBUG PrimaryStageWindow   - Pop state: LevelEndScene
13:15:59.650 [JavaFX Application Thread] DEBUG Input                - Clearing active input actions
13:15:59.650 [JavaFX Application Thread] DEBUG GameApplicationServi - Removing overlay from LevelEndScene and adding to GameScene
13:15:59.650 [JavaFX Application Thread] DEBUG PrimaryStageWindow   - GameScene <- LevelEndScene
13:16:00.119 [JavaFX Application Thread] WARN  TMXLevelLoader       - TiledMap generated from 1.10.0. Supported version: 1.4.2. Some features may not be parsed fully.
13:16:00.120 [JavaFX Application Thread] DEBUG TMXLevelLoader       - Parsed TiledMap: file:/C:/Users/meijr/OneDrive/Documenten/GitHub/ipose-groep-4/target/classes/assets/levels/tmx/level2.tmx
13:16:00.120 [JavaFX Application Thread] DEBUG TMXLevelLoader       - Creating tile layer entities
13:16:00.120 [JavaFX Application Thread] DEBUG TilesetLoader        - Loading view for layer Tile Layer 1
13:16:00.123 [JavaFX Application Thread] DEBUG TilesetLoader        - Created buffer with size 4900.0x700.0
13:16:00.133 [JavaFX Application Thread] DEBUG TMXLevelLoader       - Creating object layer entities
13:16:00.134 [JavaFX Application Thread] DEBUG GameWorld            - Clearing removable entities
13:16:00.134 [JavaFX Application Thread] DEBUG GameWorld            - Setting level: com.almasb.fxgl.entity.level.Level@6d2ce732
13:16:01.334 [JavaFX Application Thread] DEBUG PrimaryStageWindow   - Push state: DialogSubScene
13:16:01.334 [JavaFX Application Thread] DEBUG Input                - Clearing active input actions
13:16:01.335 [JavaFX Application Thread] DEBUG GameApplicationServi - Removing overlay from GameScene and adding to DialogSubScene
13:16:01.335 [JavaFX Application Thread] DEBUG PrimaryStageWindow   - GameScene -> DialogSubScene
13:16:02.924 [JavaFX Application Thread] DEBUG PrimaryStageWindow   - Pop state: DialogSubScene
13:16:02.924 [JavaFX Application Thread] DEBUG Input                - Clearing active input actions
13:16:02.924 [JavaFX Application Thread] DEBUG GameApplicationServi - Removing overlay from DialogSubScene and adding to GameScene
13:16:02.924 [JavaFX Application Thread] DEBUG PrimaryStageWindow   - GameScene <- DialogSubScene
13:16:02.924 [JavaFX Application Thread] DEBUG GameApplicationServi - Starting new game
13:16:02.924 [JavaFX Application Thread] DEBUG Input                - Clearing active input actions
13:16:02.926 [JavaFX Application Thread] DEBUG GameApplicationServi - Removing overlay from GameScene and adding to MainLoadingScene
13:16:02.926 [JavaFX Application Thread] DEBUG PrimaryStageWindow   - GameScene -> MainLoadingScene
13:16:02.926 [JavaFX Application Thread] DEBUG GameApplicationServi - Clearing previous game
13:16:02.926 [JavaFX Application Thread] DEBUG GameScene            - Clearing game scene
13:16:02.926 [JavaFX Application Thread] DEBUG GameWorld            - Clearing game world
13:16:02.926 [JavaFX Application Thread] DEBUG PhysicsWorld         - Clearing physics world
13:16:02.926 [FXGL Background Thread 2 ] DEBUG FXGLApplication      - Initializing game
13:16:02.928 [FXGL Background Thread 2 ] WARN  TMXLevelLoader       - TiledMap generated from 1.10.0. Supported version: 1.4.2. Some features may not be parsed fully.
13:16:02.929 [FXGL Background Thread 2 ] DEBUG TMXLevelLoader       - Parsed TiledMap: file:/C:/Users/meijr/OneDrive/Documenten/GitHub/ipose-groep-4/target/classes/assets/levels/tmx/level1.tmx
13:16:02.929 [FXGL Background Thread 2 ] DEBUG TMXLevelLoader       - Creating tile layer entities
13:16:02.929 [FXGL Background Thread 2 ] DEBUG TilesetLoader        - Loading view for layer Tile Layer 1
13:16:02.932 [FXGL Background Thread 2 ] DEBUG TilesetLoader        - Created buffer with size 4900.0x700.0
13:16:02.943 [FXGL Background Thread 2 ] DEBUG TMXLevelLoader       - Creating object layer entities
13:16:02.944 [FXGL Background Thread 2 ] DEBUG GameWorld            - Clearing removable entities
13:16:02.945 [FXGL Background Thread 2 ] DEBUG GameWorld            - Setting level: com.almasb.fxgl.entity.level.Level@7f8b115d
13:16:02.947 [FXGL Background Thread 2 ] INFO  FXGLApplication      - Game initialization took: 0.020 sec
13:16:02.947 [JavaFX Application Thread] DEBUG Input                - Clearing active input actions
13:16:02.949 [JavaFX Application Thread] DEBUG GameApplicationServi - Removing overlay from MainLoadingScene and adding to GameScene
13:16:02.949 [JavaFX Application Thread] DEBUG PrimaryStageWindow   - MainLoadingScene -> GameScene
13:16:30.485 [JavaFX Application Thread] DEBUG PrimaryStageWindow   - Push state: LevelEndScene
13:16:30.485 [JavaFX Application Thread] DEBUG Input                - Clearing active input actions
13:16:30.485 [JavaFX Application Thread] DEBUG GameApplicationServi - Removing overlay from GameScene and adding to LevelEndScene
13:16:30.485 [JavaFX Application Thread] DEBUG PrimaryStageWindow   - GameScene -> LevelEndScene
13:16:32.648 [JavaFX Application Thread] DEBUG PrimaryStageWindow   - Pop state: LevelEndScene
13:16:32.648 [JavaFX Application Thread] DEBUG Input                - Clearing active input actions
13:16:32.648 [JavaFX Application Thread] DEBUG GameApplicationServi - Removing overlay from LevelEndScene and adding to GameScene
13:16:32.648 [JavaFX Application Thread] DEBUG PrimaryStageWindow   - GameScene <- LevelEndScene
13:16:33.318 [JavaFX Application Thread] WARN  TMXLevelLoader       - TiledMap generated from 1.10.0. Supported version: 1.4.2. Some features may not be parsed fully.
13:16:33.319 [JavaFX Application Thread] DEBUG TMXLevelLoader       - Parsed TiledMap: file:/C:/Users/meijr/OneDrive/Documenten/GitHub/ipose-groep-4/target/classes/assets/levels/tmx/level2.tmx
13:16:33.319 [JavaFX Application Thread] DEBUG TMXLevelLoader       - Creating tile layer entities
13:16:33.319 [JavaFX Application Thread] DEBUG TilesetLoader        - Loading view for layer Tile Layer 1
13:16:33.321 [JavaFX Application Thread] DEBUG TilesetLoader        - Created buffer with size 4900.0x700.0
13:16:33.332 [JavaFX Application Thread] DEBUG TMXLevelLoader       - Creating object layer entities
13:16:33.332 [JavaFX Application Thread] DEBUG GameWorld            - Clearing removable entities
13:16:33.332 [JavaFX Application Thread] DEBUG GameWorld            - Setting level: com.almasb.fxgl.entity.level.Level@163b31c7
13:16:48.972 [JavaFX Application Thread] DEBUG PrimaryStageWindow   - Push state: DialogSubScene
13:16:48.972 [JavaFX Application Thread] DEBUG Input                - Clearing active input actions
13:16:48.972 [JavaFX Application Thread] DEBUG GameApplicationServi - Removing overlay from GameScene and adding to DialogSubScene
13:16:48.972 [JavaFX Application Thread] DEBUG PrimaryStageWindow   - GameScene -> DialogSubScene
13:16:49.606 [JavaFX Application Thread] DEBUG FXGLApplication      - Exiting FXGL
13:16:49.606 [JavaFX Application Thread] DEBUG LoopRunner           - Stopping loop
13:16:49.606 [JavaFX Application Thread] DEBUG SystemBundleService  - Saving FXGL system data
13:16:49.608 [JavaFX Application Thread] DEBUG FileSystemAccess     - Writing to: C:\Users\meijr\OneDrive\Documenten\GitHub\ipose-groep-4\system\fxgl.bundle
13:16:49.609 [JavaFX Application Thread] DEBUG Async                - Shutting down background threads
13:16:49.609 [JavaFX Application Thread] DEBUG PrimaryStageWindow   - Closing main window
13:16:49.628 [JavaFX Application Thread] DEBUG Logger               - Closing Logger
