12:44:40.092 [main                     ] DEBUG Logger               - Configured Logger
12:44:40.122 [main                     ] DEBUG GameApplication      - Logging settings
Title: hello world
Version: 1.0
Width: 800
Height: 800
Fullscreen: false
Intro: false
Profiling: false
Single step:false
App Mode: DEVELOPER
Menu Key: ESCAPE
Stage Style: DECORATED
Scene Factory: class com.almasb.fxgl.app.scene.SceneFactory

12:44:40.547 [JavaFX Application Thread] DEBUG FXGLApplication      - Initializing FXGL
12:44:40.551 [JavaFX Application Thread] INFO  Engine               - FXGL-17.1 (24.03.2022 17.34) on WINDOWS (J:19.0.1 FX:19-ea)
12:44:40.552 [JavaFX Application Thread] DEBUG Engine               - JRE Vendor Name: Oracle Corporation
12:44:40.552 [JavaFX Application Thread] DEBUG Engine               - Running on OS: Windows 10 version 10.0
12:44:40.552 [JavaFX Application Thread] DEBUG Engine               - Architecture: amd64
12:44:40.552 [JavaFX Application Thread] INFO  Engine               - Source code and latest versions at: https://github.com/AlmasB/FXGL
12:44:40.552 [JavaFX Application Thread] INFO  Engine               -       Ask questions and discuss at: https://github.com/AlmasB/FXGL/discussions
12:44:40.553 [JavaFX Application Thread] INFO  Engine               -              Join the FXGL chat at: https://gitter.im/AlmasB/FXGL
12:44:40.626 [JavaFX Application Thread] DEBUG PrimaryStageWindow   - Creating a JavaFX scene
12:44:40.662 [JavaFX Application Thread] DEBUG PrimaryStageWindow   - Target settings size: 800.0 x 800.0
12:44:40.662 [JavaFX Application Thread] DEBUG PrimaryStageWindow   - Scaled scene size:    800.0 x 800.0
12:44:40.662 [JavaFX Application Thread] DEBUG PrimaryStageWindow   - Scaled ratio: (1.0, 1.0)
12:44:40.663 [JavaFX Application Thread] DEBUG PrimaryStageWindow   - Set initial scene to FXGLStartupScene
12:44:40.668 [JavaFX Application Thread] DEBUG PrimaryStageWindow   - Opening main window
12:44:40.736 [JavaFX Application Thread] DEBUG PrimaryStageWindow   - Window border size: (14.4000244140625, 37.5999755859375)
12:44:40.736 [JavaFX Application Thread] DEBUG PrimaryStageWindow   - Scaled size: 800.0 x 800.0
12:44:40.737 [JavaFX Application Thread] DEBUG PrimaryStageWindow   - Scaled ratio: (1.0, 1.0)
12:44:40.737 [JavaFX Application Thread] DEBUG PrimaryStageWindow   - Scene size: 800.0 x 800.0
12:44:40.737 [JavaFX Application Thread] DEBUG PrimaryStageWindow   - Stage size: 814.4000244140625 x 837.5999755859375
12:44:40.744 [FXGL Background Thread 1 ] DEBUG Engine               - Initializing environment variables
12:44:40.792 [FXGL Background Thread 1 ] DEBUG FXGLAssetLoaderServi - User app class for loading assets: class com.example.demo1.HelloApplication
12:44:40.792 [FXGL Background Thread 1 ] DEBUG GameApplicationServi - Applying CSS: fxgl_dark.css
12:44:40.793 [FXGL Background Thread 1 ] DEBUG FXGLAssetLoaderServi - Loading from file system: jar:file:///C:/Users/koenm/.m2/repository/com/github/almasb/fxgl/17.1/fxgl-17.1.jar!/fxglassets/ui/css/fxgl_dark.css
12:44:40.828 [FXGL Background Thread 1 ] DEBUG GameApplicationServi - Initializing application scenes
12:44:40.862 [FXGL Background Thread 1 ] DEBUG GameWorld            - Game world initialized
12:44:40.926 [FXGL Background Thread 1 ] DEBUG PhysicsWorld         - Physics world initialized: appHeight=800, physics.ppm=50,0
12:44:40.927 [FXGL Background Thread 1 ] DEBUG PhysicsWorld         - Using strategy: BRUTE_FORCE
12:44:40.930 [FXGL Background Thread 1 ] DEBUG GameScene            - Game scene initialized: 800x800
12:44:40.940 [FXGL Background Thread 1 ] DEBUG FXGL.DefaultMenu     - createMenuBodyGameMenu()
12:44:40.952 [FXGL Background Thread 1 ] DEBUG FXGL.DefaultMenu     - createOptionsMenu()
12:44:40.963 [FXGL Background Thread 1 ] DEBUG FXGLAssetLoaderServi - Loading from file system: jar:file:///C:/Users/koenm/.m2/repository/com/github/almasb/fxgl/17.1/fxgl-17.1.jar!/fxglassets/textures/particles/smoke.png
12:44:41.036 [FXGL Background Thread 1 ] DEBUG FXGLAssetLoaderServi - Loading from file system: jar:file:///C:/Users/koenm/.m2/repository/com/github/almasb/fxgl/17.1/fxgl-17.1.jar!/fxglassets/textures/particles/trace_horizontal.png
12:44:41.062 [FXGL Background Thread 1 ] DEBUG GameApplicationServi - Application scenes initialized
12:44:41.073 [FXGL Background Thread 1 ] DEBUG SystemBundleService  - Loading FXGL system data
12:44:41.077 [FXGL Background Thread 1 ] DEBUG FileSystemAccess     - Reading from: C:\Users\koenm\Documents\GitHub\ipose-groep-4\system\fxgl.bundle
12:44:41.089 [FXGL Background Thread 1 ] DEBUG SystemBundleService  - Bundle FXGL: {}
12:44:41.089 [FXGL Background Thread 1 ] DEBUG UpdaterService       - Checking for updates
12:44:41.095 [FXGL Background Thread 4 ] DEBUG FXGLApplication      - Loading fonts
12:44:41.095 [FXGL Background Thread 1 ] DEBUG FXGLApplication      - Loading default localization
12:44:41.096 [FXGL Background Thread 4 ] DEBUG FXGLAssetLoaderServi - Loading from file system: jar:file:///C:/Users/koenm/.m2/repository/com/github/almasb/fxgl/17.1/fxgl-17.1.jar!/fxglassets/ui/fonts/VarelaRound-Regular.ttf
12:44:41.096 [FXGL Background Thread 1 ] DEBUG FXGLAssetLoaderServi - Loading from file system: jar:file:///C:/Users/koenm/.m2/repository/com/github/almasb/fxgl/17.1/fxgl-17.1.jar!/fxglassets/languages/english.lang
12:44:41.123 [FXGL Background Thread 1 ] INFO  FXGLApplication      - FXGL initialization took: 0,379 sec
12:44:41.134 [JavaFX Application Thread] DEBUG Input                - Registered new binding: login - Enter
12:44:41.135 [JavaFX Application Thread] DEBUG Input                - Registered new binding: action0 - D
12:44:41.135 [JavaFX Application Thread] DEBUG Input                - Registered new binding: action1 - A
12:44:41.135 [JavaFX Application Thread] DEBUG Input                - Registered new binding: action2 - W
12:44:41.136 [JavaFX Application Thread] DEBUG Input                - Registered new binding: action3 - S
12:44:41.136 [JavaFX Application Thread] DEBUG Input                - Registered new binding: action4 - F
12:44:41.137 [JavaFX Application Thread] DEBUG FXGLAssetLoaderServi - Loading from file system: jar:file:///C:/Users/koenm/.m2/repository/com/github/almasb/fxgl/17.1/fxgl-17.1.jar!/fxglassets/textures/fxgl_icon.png
12:44:41.156 [JavaFX Application Thread] DEBUG FXGLAssetLoaderServi - Loading from file system: jar:file:///C:/Users/koenm/.m2/repository/com/github/almasb/fxgl/17.1/fxgl-17.1.jar!/fxglassets/textures/fxgl_default_cursor.png
12:44:41.159 [JavaFX Application Thread] DEBUG Input                - Registered new binding: Screenshot - CTRL+8
12:44:41.159 [JavaFX Application Thread] DEBUG Input                - Registered new binding: System info dump - CTRL+9
12:44:41.159 [JavaFX Application Thread] DEBUG Input                - Registered new binding: Restart - CTRL+R
12:44:41.160 [JavaFX Application Thread] DEBUG Input                - Registered new binding: Toggle Debug Camera - CTRL+7
12:44:41.162 [JavaFX Application Thread] DEBUG LoopRunner           - Starting loop
12:44:41.162 [JavaFX Application Thread] DEBUG LoopRunner           - Initializing JavaFX AnimationTimerLoop
12:44:41.164 [JavaFX Application Thread] DEBUG GameApplicationServi - Starting new game
12:44:41.164 [JavaFX Application Thread] DEBUG Input                - Clearing active input actions
12:44:41.177 [JavaFX Application Thread] DEBUG GameApplicationServi - Removing overlay from FXGLStartupScene and adding to FXGLLoadingScene
12:44:41.178 [JavaFX Application Thread] DEBUG PrimaryStageWindow   - FXGLStartupScene -> FXGLLoadingScene
12:44:41.178 [JavaFX Application Thread] DEBUG GameApplicationServi - Clearing previous game
12:44:41.178 [JavaFX Application Thread] DEBUG GameScene            - Clearing game scene
12:44:41.178 [JavaFX Application Thread] DEBUG GameWorld            - Clearing game world
12:44:41.178 [JavaFX Application Thread] DEBUG PhysicsWorld         - Clearing physics world
12:44:41.180 [FXGL Background Thread 1 ] DEBUG FXGLApplication      - Initializing game
12:44:41.184 [FXGL Background Thread 4 ] DEBUG FXGLAssetLoaderServi - Loading from file system: jar:file:///C:/Users/koenm/.m2/repository/com/github/almasb/fxgl/17.1/fxgl-17.1.jar!/fxglassets/ui/fonts/Abel-Regular.ttf
12:44:41.191 [FXGL Background Thread 4 ] DEBUG FXGLAssetLoaderServi - Loading from file system: jar:file:///C:/Users/koenm/.m2/repository/com/github/almasb/fxgl/17.1/fxgl-17.1.jar!/fxglassets/ui/fonts/TerminalLandMono-Regular.otf
12:44:41.191 [FXGL Background Thread 1 ] INFO  FXGLApplication      - Game initialization took: 0,011 sec
12:44:41.195 [FXGL Background Thread 4 ] DEBUG FXGLAssetLoaderServi - Loading from file system: jar:file:///C:/Users/koenm/.m2/repository/com/github/almasb/fxgl/17.1/fxgl-17.1.jar!/fxglassets/ui/fonts/Courier-Prime.ttf
12:44:41.223 [JavaFX Application Thread] DEBUG Input                - Clearing active input actions
12:44:41.236 [JavaFX Application Thread] DEBUG GameApplicationServi - Removing overlay from FXGLLoadingScene and adding to GameScene
12:44:41.236 [JavaFX Application Thread] DEBUG PrimaryStageWindow   - FXGLLoadingScene -> GameScene
12:44:41.236 [JavaFX Application Thread] DEBUG FXGLApplication      - Registering font factories with UI factory
12:44:41.533 [FXGL Background Thread 2 ] INFO  UpdaterService       - Your current version:  17.1
12:44:41.533 [FXGL Background Thread 2 ] INFO  UpdaterService       - Latest stable version: 17.3
12:44:43.542 [JavaFX Application Thread] WARN  PrimaryStageWindow   - Cannot set to GameScene. Probably because subscenes are present.
12:44:44.094 [FXGL Background Thread 3 ] DEBUG Engine               - Logging environment variables
12:44:44.094 [FXGL Background Thread 3 ] DEBUG Engine               - achievements: []
12:44:44.094 [FXGL Background Thread 3 ] DEBUG Engine               - actualHeight: 800.0
12:44:44.094 [FXGL Background Thread 3 ] DEBUG Engine               - actualHeightProperty: ReadOnlyDoubleProperty [value: 800.0]
12:44:44.094 [FXGL Background Thread 3 ] DEBUG Engine               - actualWidth: 800.0
12:44:44.094 [FXGL Background Thread 3 ] DEBUG Engine               - actualWidthProperty: ReadOnlyDoubleProperty [value: 800.0]
12:44:44.094 [FXGL Background Thread 3 ] DEBUG Engine               - appIcon: fxgl_icon.png
12:44:44.094 [FXGL Background Thread 3 ] DEBUG Engine               - applicationMode: DEVELOPER
12:44:44.094 [FXGL Background Thread 3 ] DEBUG Engine               - cSSList: [fxgl_dark.css]
12:44:44.094 [FXGL Background Thread 3 ] DEBUG Engine               - collisionDetectionStrategy: BRUTE_FORCE
12:44:44.094 [FXGL Background Thread 3 ] DEBUG Engine               - configClass: Optional.empty
12:44:44.094 [FXGL Background Thread 3 ] DEBUG Engine               - credits: []
12:44:44.094 [FXGL Background Thread 3 ] DEBUG Engine               - defaultCursor: CursorInfo(imageName=fxgl_default_cursor.png, hotspotX=7.0, hotspotY=6.0)
12:44:44.094 [FXGL Background Thread 3 ] DEBUG Engine               - devBBoxColorProperty: ObjectProperty [value: 0xff0000ff]
12:44:44.095 [FXGL Background Thread 3 ] DEBUG Engine               - devEnableDebugCameraProperty: BooleanProperty [value: false]
12:44:44.095 [FXGL Background Thread 3 ] DEBUG Engine               - devSensorColorProperty: ObjectProperty [value: 0xffff00ff]
12:44:44.095 [FXGL Background Thread 3 ] DEBUG Engine               - devShowBBoxProperty: BooleanProperty [value: false]
12:44:44.095 [FXGL Background Thread 3 ] DEBUG Engine               - devShowPositionProperty: BooleanProperty [value: false]
12:44:44.095 [FXGL Background Thread 3 ] DEBUG Engine               - enabledMenuItems: []
12:44:44.095 [FXGL Background Thread 3 ] DEBUG Engine               - engineServices: [class com.almasb.fxgl.app.services.FXGLAssetLoaderService, class com.almasb.fxgl.app.FXGLApplication$GameApplicationService, class com.almasb.fxgl.app.services.FXGLDialogService, class com.almasb.fxgl.app.services.IOTaskExecutorService, class com.almasb.fxgl.io.FileSystemService, class com.almasb.fxgl.localization.LocalizationService, class com.almasb.fxgl.app.services.SystemBundleService, class com.almasb.fxgl.profile.SaveLoadService, class com.almasb.fxgl.ui.FXGLUIFactoryServiceProvider, class com.almasb.fxgl.ui.FXGLDialogFactoryServiceProvider, class com.almasb.fxgl.audio.AudioPlayer, class com.almasb.fxgl.notification.impl.NotificationServiceProvider, class com.almasb.fxgl.achievement.AchievementService, class com.almasb.fxgl.cutscene.CutsceneService, class com.almasb.fxgl.minigames.MiniGameService, class com.almasb.fxgl.net.NetService, class com.almasb.fxgl.app.services.UpdaterService, class com.almasb.fxgl.dev.DevService]
12:44:44.095 [FXGL Background Thread 3 ] DEBUG Engine               - fontGame: Abel-Regular.ttf
12:44:44.095 [FXGL Background Thread 3 ] DEBUG Engine               - fontMono: TerminalLandMono-Regular.otf
12:44:44.095 [FXGL Background Thread 3 ] DEBUG Engine               - fontText: Courier-Prime.ttf
12:44:44.095 [FXGL Background Thread 3 ] DEBUG Engine               - fontUI: VarelaRound-Regular.ttf
12:44:44.095 [FXGL Background Thread 3 ] DEBUG Engine               - fullScreen: BooleanProperty [value: false]
12:44:44.095 [FXGL Background Thread 3 ] DEBUG Engine               - gameDifficulty: MEDIUM
12:44:44.095 [FXGL Background Thread 3 ] DEBUG Engine               - gameDifficultyProperty: ObjectProperty [value: MEDIUM]
12:44:44.095 [FXGL Background Thread 3 ] DEBUG Engine               - globalMusicVolume: 0.5
12:44:44.095 [FXGL Background Thread 3 ] DEBUG Engine               - globalMusicVolumeProperty: DoubleProperty [value: 0.5]
12:44:44.095 [FXGL Background Thread 3 ] DEBUG Engine               - globalSoundVolume: 0.5
12:44:44.095 [FXGL Background Thread 3 ] DEBUG Engine               - globalSoundVolumeProperty: DoubleProperty [value: 0.5]
12:44:44.095 [FXGL Background Thread 3 ] DEBUG Engine               - height: 800
12:44:44.095 [FXGL Background Thread 3 ] DEBUG Engine               - is3D: false
12:44:44.096 [FXGL Background Thread 3 ] DEBUG Engine               - isAndroid: false
12:44:44.096 [FXGL Background Thread 3 ] DEBUG Engine               - isBrowser: false
12:44:44.096 [FXGL Background Thread 3 ] DEBUG Engine               - isClickFeedbackEnabled: false
12:44:44.096 [FXGL Background Thread 3 ] DEBUG Engine               - isCloseConfirmation: false
12:44:44.096 [FXGL Background Thread 3 ] DEBUG Engine               - isDesktop: true
12:44:44.096 [FXGL Background Thread 3 ] DEBUG Engine               - isDeveloperMenuEnabled: false
12:44:44.096 [FXGL Background Thread 3 ] DEBUG Engine               - isEmbedded: false
12:44:44.096 [FXGL Background Thread 3 ] DEBUG Engine               - isEntityPreloadEnabled: true
12:44:44.096 [FXGL Background Thread 3 ] DEBUG Engine               - isExperimentalTiledLargeMap: false
12:44:44.096 [FXGL Background Thread 3 ] DEBUG Engine               - isFileSystemWriteAllowed: true
12:44:44.096 [FXGL Background Thread 3 ] DEBUG Engine               - isFullScreenAllowed: false
12:44:44.096 [FXGL Background Thread 3 ] DEBUG Engine               - isFullScreenFromStart: false
12:44:44.096 [FXGL Background Thread 3 ] DEBUG Engine               - isGameMenuEnabled: true
12:44:44.096 [FXGL Background Thread 3 ] DEBUG Engine               - isIOS: false
12:44:44.096 [FXGL Background Thread 3 ] DEBUG Engine               - isIntroEnabled: false
12:44:44.096 [FXGL Background Thread 3 ] DEBUG Engine               - isLinux: false
12:44:44.096 [FXGL Background Thread 3 ] DEBUG Engine               - isMac: false
12:44:44.096 [FXGL Background Thread 3 ] DEBUG Engine               - isMainMenuEnabled: false
12:44:44.096 [FXGL Background Thread 3 ] DEBUG Engine               - isManualResizeEnabled: false
12:44:44.096 [FXGL Background Thread 3 ] DEBUG Engine               - isMobile: false
12:44:44.096 [FXGL Background Thread 3 ] DEBUG Engine               - isNative: false
12:44:44.096 [FXGL Background Thread 3 ] DEBUG Engine               - isPauseMusicWhenMinimized: true
12:44:44.097 [FXGL Background Thread 3 ] DEBUG Engine               - isPreserveResizeRatio: false
12:44:44.097 [FXGL Background Thread 3 ] DEBUG Engine               - isProfilingEnabled: false
12:44:44.097 [FXGL Background Thread 3 ] DEBUG Engine               - isScaleAffectedOnResize: true
12:44:44.097 [FXGL Background Thread 3 ] DEBUG Engine               - isSingleStep: false
12:44:44.097 [FXGL Background Thread 3 ] DEBUG Engine               - isUserProfileEnabled: false
12:44:44.097 [FXGL Background Thread 3 ] DEBUG Engine               - isWindows: true
12:44:44.097 [FXGL Background Thread 3 ] DEBUG Engine               - language: ObjectProperty [value: ENGLISH]
12:44:44.097 [FXGL Background Thread 3 ] DEBUG Engine               - menuKey: ESCAPE
12:44:44.097 [FXGL Background Thread 3 ] DEBUG Engine               - mouseSensitivity: 0.2
12:44:44.097 [FXGL Background Thread 3 ] DEBUG Engine               - notificationViewClass: class com.almasb.fxgl.notification.view.XboxNotificationView
12:44:44.097 [FXGL Background Thread 3 ] DEBUG Engine               - pixelsPerMeter: 50.0
12:44:44.097 [FXGL Background Thread 3 ] DEBUG Engine               - platform: WINDOWS
12:44:44.097 [FXGL Background Thread 3 ] DEBUG Engine               - prefHeightProperty: ReadOnlyDoubleProperty [value: 800.0]
12:44:44.097 [FXGL Background Thread 3 ] DEBUG Engine               - prefWidthProperty: ReadOnlyDoubleProperty [value: 800.0]
12:44:44.097 [FXGL Background Thread 3 ] DEBUG Engine               - profileDir: profiles/
12:44:44.097 [FXGL Background Thread 3 ] DEBUG Engine               - profileName: StringProperty [value: DEFAULT]
12:44:44.097 [FXGL Background Thread 3 ] DEBUG Engine               - randomSeed: -1
12:44:44.097 [FXGL Background Thread 3 ] DEBUG Engine               - runtimeInfo: RuntimeInfo(platform=WINDOWS, version=17.1, build=24.03.2022 17.34)
12:44:44.097 [FXGL Background Thread 3 ] DEBUG Engine               - saveFileExt: sav
12:44:44.098 [FXGL Background Thread 3 ] DEBUG Engine               - scaledHeightProp$fxgl: DoubleProperty [bound, value: 800.0]
12:44:44.098 [FXGL Background Thread 3 ] DEBUG Engine               - scaledWidthProp$fxgl: DoubleProperty [bound, value: 800.0]
12:44:44.098 [FXGL Background Thread 3 ] DEBUG Engine               - sceneFactory: com.almasb.fxgl.app.scene.SceneFactory@2f2845fb
12:44:44.098 [FXGL Background Thread 3 ] DEBUG Engine               - secondsIn24h: 60
12:44:44.098 [FXGL Background Thread 3 ] DEBUG Engine               - soundMenuBack: menu/back.wav
12:44:44.098 [FXGL Background Thread 3 ] DEBUG Engine               - soundMenuPress: menu/press.wav
12:44:44.098 [FXGL Background Thread 3 ] DEBUG Engine               - soundMenuSelect: menu/select.wav
12:44:44.098 [FXGL Background Thread 3 ] DEBUG Engine               - soundNotification: core/notification.wav
12:44:44.098 [FXGL Background Thread 3 ] DEBUG Engine               - stageStyle: DECORATED
12:44:44.098 [FXGL Background Thread 3 ] DEBUG Engine               - supportedLanguages: [ENGLISH, FRENCH, GERMAN, HUNGARIAN, RUSSIAN]
12:44:44.098 [FXGL Background Thread 3 ] DEBUG Engine               - ticksPerSecond: -1
12:44:44.098 [FXGL Background Thread 3 ] DEBUG Engine               - title: hello world
12:44:44.098 [FXGL Background Thread 3 ] DEBUG Engine               - urlGithub: https://github.com/AlmasB/FXGL
12:44:44.098 [FXGL Background Thread 3 ] DEBUG Engine               - urlLeaderboard: http://fxgl-top.herokuapp.com/
12:44:44.098 [FXGL Background Thread 3 ] DEBUG Engine               - urlPOM: https://raw.githubusercontent.com/AlmasB/FXGL/release/README.md
12:44:44.098 [FXGL Background Thread 3 ] DEBUG Engine               - userAppClass: class com.example.demo1.HelloApplication
12:44:44.098 [FXGL Background Thread 3 ] DEBUG Engine               - version: 1.0
12:44:44.098 [FXGL Background Thread 3 ] DEBUG Engine               - versionCheckDays: 7
12:44:44.098 [FXGL Background Thread 3 ] DEBUG Engine               - width: 800
12:44:44.098 [FXGL Background Thread 3 ] DEBUG Engine               - Logging services
12:44:44.098 [FXGL Background Thread 3 ] DEBUG Engine               - class com.almasb.fxgl.app.services.FXGLAssetLoaderService
12:44:44.098 [FXGL Background Thread 3 ] DEBUG Engine               - class com.almasb.fxgl.app.FXGLApplication$GameApplicationService
12:44:44.098 [FXGL Background Thread 3 ] DEBUG Engine               - class com.almasb.fxgl.app.services.FXGLDialogService
12:44:44.098 [FXGL Background Thread 3 ] DEBUG Engine               - class com.almasb.fxgl.app.services.IOTaskExecutorService
12:44:44.099 [FXGL Background Thread 3 ] DEBUG Engine               - class com.almasb.fxgl.io.FileSystemService
12:44:44.099 [FXGL Background Thread 3 ] DEBUG Engine               - class com.almasb.fxgl.localization.LocalizationService
12:44:44.099 [FXGL Background Thread 3 ] DEBUG Engine               - class com.almasb.fxgl.app.services.SystemBundleService
12:44:44.099 [FXGL Background Thread 3 ] DEBUG Engine               - class com.almasb.fxgl.profile.SaveLoadService
12:44:44.099 [FXGL Background Thread 3 ] DEBUG Engine               - class com.almasb.fxgl.ui.FXGLUIFactoryServiceProvider
12:44:44.099 [FXGL Background Thread 3 ] DEBUG Engine               - class com.almasb.fxgl.ui.FXGLDialogFactoryServiceProvider
12:44:44.099 [FXGL Background Thread 3 ] DEBUG Engine               - class com.almasb.fxgl.audio.AudioPlayer
12:44:44.099 [FXGL Background Thread 3 ] DEBUG Engine               - class com.almasb.fxgl.notification.impl.NotificationServiceProvider
12:44:44.099 [FXGL Background Thread 3 ] DEBUG Engine               - class com.almasb.fxgl.achievement.AchievementService
12:44:44.099 [FXGL Background Thread 3 ] DEBUG Engine               - class com.almasb.fxgl.cutscene.CutsceneService
12:44:44.099 [FXGL Background Thread 3 ] DEBUG Engine               - class com.almasb.fxgl.minigames.MiniGameService
12:44:44.099 [FXGL Background Thread 3 ] DEBUG Engine               - class com.almasb.fxgl.net.NetService
12:44:44.099 [FXGL Background Thread 3 ] DEBUG Engine               - class com.almasb.fxgl.app.services.UpdaterService
12:44:44.099 [FXGL Background Thread 3 ] DEBUG Engine               - class com.almasb.fxgl.dev.DevService
12:44:45.418 [JavaFX Application Thread] DEBUG LoopRunner           - Stopping loop
12:44:45.419 [JavaFX Application Thread] FATAL FXGLApplication      - Uncaught Exception:
java.lang.NullPointerException: Cannot invoke "com.almasb.fxgl.entity.Entity.translateX(double)" because "this.player" is null
	at com.example.demo1/com.example.demo1.HelloApplication.lambda$initInput$1(HelloApplication.java:94)
	at com.almasb.fxgl.all@17.1/com.almasb.fxgl.dsl.FXGL$Companion$onKey$1.onAction(FXGL.kt:500)
	at com.almasb.fxgl.core@17.1/com.almasb.fxgl.input.UserAction.action$fxgl_core(UserAction.kt:38)
	at com.almasb.fxgl.core@17.1/com.almasb.fxgl.input.Input.update(Input.kt:271)
	at com.almasb.fxgl.scene@17.1/com.almasb.fxgl.scene.Scene.update(Scene.kt:103)
	at com.almasb.fxgl.all@17.1/com.almasb.fxgl.app.MainWindow$update$1.invoke(MainWindow.kt:115)
	at com.almasb.fxgl.all@17.1/com.almasb.fxgl.app.MainWindow$update$1.invoke(MainWindow.kt:115)
	at com.almasb.fxgl.core@17.1/com.almasb.fxgl.core.fsm.StateMachine.runOnActiveStates(StateMachine.kt:69)
	at com.almasb.fxgl.all@17.1/com.almasb.fxgl.app.MainWindow.update(MainWindow.kt:115)
	at com.almasb.fxgl.all@17.1/com.almasb.fxgl.app.FXGLApplication$GameApplicationService.onUpdate(FXGLApplication.kt:426)
	at com.almasb.fxgl.all@17.1/com.almasb.fxgl.app.Engine.loop(Engine.kt:134)
	at com.almasb.fxgl.all@17.1/com.almasb.fxgl.app.Engine.access$loop(Engine.kt:24)
	at com.almasb.fxgl.all@17.1/com.almasb.fxgl.app.Engine$loop$1.invoke(Engine.kt:28)
	at com.almasb.fxgl.all@17.1/com.almasb.fxgl.app.Engine$loop$1.invoke(Engine.kt:28)
	at com.almasb.fxgl.all@17.1/com.almasb.fxgl.app.LoopRunner.frame(LoopRunner.kt:103)
	at com.almasb.fxgl.all@17.1/com.almasb.fxgl.app.LoopRunner.access$frame(LoopRunner.kt:23)
	at com.almasb.fxgl.all@17.1/com.almasb.fxgl.app.LoopRunner$impl$2$1.onTick(LoopRunner.kt:57)
	at com.almasb.fxgl.all@17.1/com.almasb.fxgl.app.AnimationTimerLoop$timer$1.handle(LoopRunner.kt:137)
	at javafx.graphics@19-ea/javafx.animation.AnimationTimer$AnimationTimerReceiver.lambda$handle$0(AnimationTimer.java:58)
	at java.base/java.security.AccessController.doPrivileged(AccessController.java:399)
	at javafx.graphics@19-ea/javafx.animation.AnimationTimer$AnimationTimerReceiver.handle(AnimationTimer.java:57)
	at javafx.graphics@19-ea/com.sun.scenario.animation.AbstractPrimaryTimer.timePulseImpl(AbstractPrimaryTimer.java:356)
	at javafx.graphics@19-ea/com.sun.scenario.animation.AbstractPrimaryTimer$MainLoop.run(AbstractPrimaryTimer.java:266)
	at javafx.graphics@19-ea/com.sun.javafx.tk.quantum.QuantumToolkit.pulse(QuantumToolkit.java:571)
	at javafx.graphics@19-ea/com.sun.javafx.tk.quantum.QuantumToolkit.pulse(QuantumToolkit.java:555)
	at javafx.graphics@19-ea/com.sun.javafx.tk.quantum.QuantumToolkit.pulseFromQueue(QuantumToolkit.java:548)
	at javafx.graphics@19-ea/com.sun.javafx.tk.quantum.QuantumToolkit.lambda$runToolkit$11(QuantumToolkit.java:352)
	at javafx.graphics@19-ea/com.sun.glass.ui.InvokeLaterDispatcher$Future.run(InvokeLaterDispatcher.java:96)
	at javafx.graphics@19-ea/com.sun.glass.ui.win.WinApplication._runLoop(Native Method)
	at javafx.graphics@19-ea/com.sun.glass.ui.win.WinApplication.lambda$runLoop$3(WinApplication.java:184)
	at java.base/java.lang.Thread.run(Thread.java:1589)

12:44:45.420 [JavaFX Application Thread] FATAL FXGLApplication      - Application will now exit
12:44:45.433 [JavaFX Application Thread] DEBUG PrimaryStageWindow   - Push state: ErrorSubScene
12:44:45.433 [JavaFX Application Thread] DEBUG Input                - Clearing active input actions
12:44:45.434 [JavaFX Application Thread] DEBUG GameApplicationServi - Removing overlay from GameScene and adding to ErrorSubScene
12:44:45.435 [JavaFX Application Thread] DEBUG PrimaryStageWindow   - GameScene -> ErrorSubScene
12:45:03.987 [JavaFX Application Thread] DEBUG FXGLApplication      - Exiting FXGL
12:45:03.987 [JavaFX Application Thread] DEBUG Async                - Shutting down background threads
12:45:03.987 [JavaFX Application Thread] DEBUG PrimaryStageWindow   - Closing main window
12:45:03.995 [JavaFX Application Thread] DEBUG Logger               - Closing Logger
