16:47:16.845 [main                     ] DEBUG Logger               - Configured Logger
16:47:16.871 [main                     ] DEBUG GameApplication      - Logging settings
Title: Miguel
Version: 1.0
Width: 1280
Height: 720
Fullscreen: false
Intro: false
Profiling: false
Single step:false
App Mode: DEVELOPER
Menu Key: ESCAPE
Stage Style: DECORATED
Scene Factory: class com.almasb.fxglgames.platformer.PlatformerApp$1

16:47:17.187 [JavaFX Application Thread] DEBUG FXGLApplication      - Initializing FXGL
16:47:17.193 [JavaFX Application Thread] INFO  Engine               - FXGL-17.1 (24.03.2022 17.34) on WINDOWS (J:19.0.1 FX:19-ea)
16:47:17.193 [JavaFX Application Thread] DEBUG Engine               - JRE Vendor Name: Oracle Corporation
16:47:17.193 [JavaFX Application Thread] DEBUG Engine               - Running on OS: Windows 10 version 10.0
16:47:17.193 [JavaFX Application Thread] DEBUG Engine               - Architecture: amd64
16:47:17.193 [JavaFX Application Thread] INFO  Engine               - Source code and latest versions at: https://github.com/AlmasB/FXGL
16:47:17.193 [JavaFX Application Thread] INFO  Engine               -       Ask questions and discuss at: https://github.com/AlmasB/FXGL/discussions
16:47:17.193 [JavaFX Application Thread] INFO  Engine               -              Join the FXGL chat at: https://gitter.im/AlmasB/FXGL
16:47:17.264 [JavaFX Application Thread] DEBUG PrimaryStageWindow   - Creating a JavaFX scene
16:47:17.305 [JavaFX Application Thread] DEBUG PrimaryStageWindow   - Target settings size: 1280.0 x 720.0
16:47:17.306 [JavaFX Application Thread] DEBUG PrimaryStageWindow   - Scaled scene size:    1280.0 x 720.0
16:47:17.306 [JavaFX Application Thread] DEBUG PrimaryStageWindow   - Scaled ratio: (1.0, 1.0)
16:47:17.307 [JavaFX Application Thread] DEBUG PrimaryStageWindow   - Set initial scene to FXGLStartupScene
16:47:17.314 [JavaFX Application Thread] DEBUG PrimaryStageWindow   - Opening main window
16:47:17.386 [JavaFX Application Thread] DEBUG PrimaryStageWindow   - Window border size: (14.4000244140625, 37.5999755859375)
16:47:17.387 [JavaFX Application Thread] DEBUG PrimaryStageWindow   - Scaled size: 1280.0 x 720.0
16:47:17.387 [JavaFX Application Thread] DEBUG PrimaryStageWindow   - Scaled ratio: (1.0, 1.0)
16:47:17.387 [JavaFX Application Thread] DEBUG PrimaryStageWindow   - Scene size: 1280.0 x 720.0
16:47:17.388 [JavaFX Application Thread] DEBUG PrimaryStageWindow   - Stage size: 1294.4000244140625 x 757.5999755859375
16:47:17.395 [FXGL Background Thread 1 ] DEBUG Engine               - Initializing environment variables
16:47:17.446 [FXGL Background Thread 1 ] DEBUG FXGLAssetLoaderServi - User app class for loading assets: class com.almasb.fxglgames.platformer.PlatformerApp
16:47:17.446 [FXGL Background Thread 1 ] DEBUG GameApplicationServi - Applying CSS: fxgl_dark.css
16:47:17.447 [FXGL Background Thread 1 ] DEBUG FXGLAssetLoaderServi - Loading from file system: jar:file:///C:/Users/jardk/.m2/repository/com/github/almasb/fxgl/17.1/fxgl-17.1.jar!/fxglassets/ui/css/fxgl_dark.css
16:47:17.489 [FXGL Background Thread 1 ] DEBUG GameApplicationServi - Initializing application scenes
16:47:17.533 [FXGL Background Thread 1 ] DEBUG FXGLAssetLoaderServi - Loading from file system: file:/C:/ipose-groep-4/target/classes/assets/textures/player.png
16:47:17.553 [FXGL Background Thread 1 ] DEBUG GameWorld            - Game world initialized
16:47:17.604 [FXGL Background Thread 1 ] DEBUG PhysicsWorld         - Physics world initialized: appHeight=720, physics.ppm=50,0
16:47:17.605 [FXGL Background Thread 1 ] DEBUG PhysicsWorld         - Using strategy: BRUTE_FORCE
16:47:17.609 [FXGL Background Thread 1 ] DEBUG GameScene            - Game scene initialized: 1280x720
16:47:17.617 [FXGL Background Thread 1 ] DEBUG FXGL.DefaultMenu     - createMenuBodyGameMenu()
16:47:17.632 [FXGL Background Thread 1 ] DEBUG FXGL.DefaultMenu     - createOptionsMenu()
16:47:17.645 [FXGL Background Thread 1 ] DEBUG FXGLAssetLoaderServi - Loading from file system: jar:file:///C:/Users/jardk/.m2/repository/com/github/almasb/fxgl/17.1/fxgl-17.1.jar!/fxglassets/textures/particles/smoke.png
16:47:17.729 [FXGL Background Thread 1 ] DEBUG FXGLAssetLoaderServi - Loading from file system: jar:file:///C:/Users/jardk/.m2/repository/com/github/almasb/fxgl/17.1/fxgl-17.1.jar!/fxglassets/textures/particles/trace_horizontal.png
16:47:17.751 [FXGL Background Thread 1 ] DEBUG GameApplicationServi - Application scenes initialized
16:47:17.766 [FXGL Background Thread 1 ] DEBUG SystemBundleService  - Loading FXGL system data
16:47:17.771 [FXGL Background Thread 1 ] DEBUG FileSystemAccess     - Reading from: C:\ipose-groep-4\system\fxgl.bundle
16:47:17.782 [FXGL Background Thread 1 ] DEBUG SystemBundleService  - Bundle FXGL: {}
16:47:17.782 [FXGL Background Thread 1 ] DEBUG UpdaterService       - Checking for updates
16:47:17.787 [FXGL Background Thread 4 ] DEBUG FXGLApplication      - Loading fonts
16:47:17.788 [FXGL Background Thread 4 ] DEBUG FXGLAssetLoaderServi - Loading from file system: jar:file:///C:/Users/jardk/.m2/repository/com/github/almasb/fxgl/17.1/fxgl-17.1.jar!/fxglassets/ui/fonts/VarelaRound-Regular.ttf
16:47:17.788 [FXGL Background Thread 1 ] DEBUG FXGLApplication      - Loading default localization
16:47:17.789 [FXGL Background Thread 1 ] DEBUG FXGLAssetLoaderServi - Loading from file system: jar:file:///C:/Users/jardk/.m2/repository/com/github/almasb/fxgl/17.1/fxgl-17.1.jar!/fxglassets/languages/english.lang
16:47:17.813 [FXGL Background Thread 1 ] INFO  FXGLApplication      - FXGL initialization took: 0,417 sec
16:47:17.823 [JavaFX Application Thread] DEBUG Input                - Registered new binding: Left - A
16:47:17.824 [JavaFX Application Thread] DEBUG Input                - Registered new binding: Right - D
16:47:17.824 [JavaFX Application Thread] DEBUG Input                - Registered new binding: Jump - W
16:47:17.824 [JavaFX Application Thread] DEBUG Input                - Registered new binding: Use - E
16:47:17.824 [JavaFX Application Thread] DEBUG FXGLAssetLoaderServi - Loading from file system: file:/C:/ipose-groep-4/target/classes/assets/music/BGM_dash_runner.wav
16:47:17.842 [FXGL Background Thread 4 ] DEBUG FXGLAssetLoaderServi - Loading from file system: jar:file:///C:/Users/jardk/.m2/repository/com/github/almasb/fxgl/17.1/fxgl-17.1.jar!/fxglassets/ui/fonts/Abel-Regular.ttf
16:47:17.847 [FXGL Background Thread 4 ] DEBUG FXGLAssetLoaderServi - Loading from file system: jar:file:///C:/Users/jardk/.m2/repository/com/github/almasb/fxgl/17.1/fxgl-17.1.jar!/fxglassets/ui/fonts/TerminalLandMono-Regular.otf
16:47:17.852 [FXGL Background Thread 4 ] DEBUG FXGLAssetLoaderServi - Loading from file system: jar:file:///C:/Users/jardk/.m2/repository/com/github/almasb/fxgl/17.1/fxgl-17.1.jar!/fxglassets/ui/fonts/Courier-Prime.ttf
16:47:17.935 [JavaFX Application Thread] DEBUG AudioPlayer          - Playing music com.almasb.fxgl.audio.Music@5082b107
16:47:17.936 [JavaFX Application Thread] DEBUG FXGLAssetLoaderServi - Loading from file system: jar:file:///C:/Users/jardk/.m2/repository/com/github/almasb/fxgl/17.1/fxgl-17.1.jar!/fxglassets/textures/fxgl_icon.png
16:47:17.951 [JavaFX Application Thread] DEBUG FXGLAssetLoaderServi - Loading from file system: jar:file:///C:/Users/jardk/.m2/repository/com/github/almasb/fxgl/17.1/fxgl-17.1.jar!/fxglassets/textures/fxgl_default_cursor.png
16:47:17.954 [JavaFX Application Thread] DEBUG Input                - Registered new binding: Screenshot - CTRL+8
16:47:17.954 [JavaFX Application Thread] DEBUG Input                - Registered new binding: System info dump - CTRL+9
16:47:17.955 [JavaFX Application Thread] DEBUG Input                - Registered new binding: Restart - CTRL+R
16:47:17.956 [JavaFX Application Thread] DEBUG Input                - Registered new binding: Toggle Debug Camera - CTRL+7
16:47:17.957 [JavaFX Application Thread] DEBUG LoopRunner           - Starting loop
16:47:17.958 [JavaFX Application Thread] DEBUG LoopRunner           - Initializing JavaFX AnimationTimerLoop
16:47:17.959 [JavaFX Application Thread] DEBUG GameApplicationServi - Starting new game
16:47:17.960 [JavaFX Application Thread] DEBUG Input                - Clearing active input actions
16:47:17.977 [JavaFX Application Thread] DEBUG GameApplicationServi - Removing overlay from FXGLStartupScene and adding to MainLoadingScene
16:47:17.978 [JavaFX Application Thread] DEBUG PrimaryStageWindow   - FXGLStartupScene -> MainLoadingScene
16:47:17.978 [JavaFX Application Thread] DEBUG GameApplicationServi - Clearing previous game
16:47:17.978 [JavaFX Application Thread] DEBUG GameScene            - Clearing game scene
16:47:17.978 [JavaFX Application Thread] DEBUG GameWorld            - Clearing game world
16:47:17.979 [JavaFX Application Thread] DEBUG PhysicsWorld         - Clearing physics world
16:47:17.981 [JavaFX Application Thread] DEBUG FXGLApplication      - Registering font factories with UI factory
16:47:17.981 [FXGL Background Thread 4 ] DEBUG FXGLApplication      - Initializing game
16:47:18.043 [FXGL Background Thread 4 ] WARN  TMXLevelLoader       - TiledMap generated from 1.10.0. Supported version: 1.4.2. Some features may not be parsed fully.
16:47:18.060 [FXGL Background Thread 4 ] DEBUG TMXLevelLoader       - Parsed TiledMap: file:/C:/ipose-groep-4/target/classes/assets/levels/tmx/level1.tmx
16:47:18.061 [FXGL Background Thread 4 ] DEBUG TMXLevelLoader       - Creating tile layer entities
16:47:18.064 [FXGL Background Thread 4 ] DEBUG TilesetLoader        - Loading view for layer Tile Layer 1
16:47:18.073 [FXGL Background Thread 4 ] DEBUG TilesetLoader        - Created buffer with size 4900.0x700.0
16:47:18.094 [FXGL Background Thread 4 ] DEBUG TMXLevelLoader       - Creating object layer entities
16:47:18.146 [FXGL Background Thread 4 ] DEBUG GameWorld            - Clearing removable entities
16:47:18.147 [FXGL Background Thread 4 ] DEBUG GameWorld            - Setting level: com.almasb.fxgl.entity.level.Level@635555bf
16:47:18.173 [FXGL Background Thread 4 ] DEBUG FXGLAssetLoaderServi - Loading from file system: file:/C:/ipose-groep-4/target/classes/assets/textures/trump.png
16:47:18.178 [FXGL Background Thread 4 ] DEBUG FXGLAssetLoaderServi - Loading from file system: file:/C:/ipose-groep-4/target/classes/assets/textures/background/forest.png
16:47:18.186 [FXGL Background Thread 2 ] INFO  UpdaterService       - Your current version:  17.1
16:47:18.186 [FXGL Background Thread 2 ] INFO  UpdaterService       - Latest stable version: 17.3
16:47:18.194 [FXGL Background Thread 4 ] INFO  FXGLApplication      - Game initialization took: 0,213 sec
16:47:18.195 [JavaFX Application Thread] DEBUG Input                - Clearing active input actions
16:47:18.205 [JavaFX Application Thread] DEBUG GameApplicationServi - Removing overlay from MainLoadingScene and adding to GameScene
16:47:18.206 [JavaFX Application Thread] DEBUG PrimaryStageWindow   - MainLoadingScene -> GameScene
16:47:20.785 [FXGL Background Thread 3 ] DEBUG Engine               - Logging environment variables
16:47:20.786 [FXGL Background Thread 3 ] DEBUG Engine               - achievements: []
16:47:20.786 [FXGL Background Thread 3 ] DEBUG Engine               - actualHeight: 720.0
16:47:20.786 [FXGL Background Thread 3 ] DEBUG Engine               - actualHeightProperty: ReadOnlyDoubleProperty [value: 720.0]
16:47:20.786 [FXGL Background Thread 3 ] DEBUG Engine               - actualWidth: 1280.0
16:47:20.786 [FXGL Background Thread 3 ] DEBUG Engine               - actualWidthProperty: ReadOnlyDoubleProperty [value: 1280.0]
16:47:20.787 [FXGL Background Thread 3 ] DEBUG Engine               - appIcon: fxgl_icon.png
16:47:20.787 [FXGL Background Thread 3 ] DEBUG Engine               - applicationMode: DEVELOPER
16:47:20.787 [FXGL Background Thread 3 ] DEBUG Engine               - cSSList: [fxgl_dark.css]
16:47:20.787 [FXGL Background Thread 3 ] DEBUG Engine               - collisionDetectionStrategy: BRUTE_FORCE
16:47:20.787 [FXGL Background Thread 3 ] DEBUG Engine               - configClass: Optional.empty
16:47:20.787 [FXGL Background Thread 3 ] DEBUG Engine               - credits: []
16:47:20.788 [FXGL Background Thread 3 ] DEBUG Engine               - defaultCursor: CursorInfo(imageName=fxgl_default_cursor.png, hotspotX=7.0, hotspotY=6.0)
16:47:20.788 [FXGL Background Thread 3 ] DEBUG Engine               - devBBoxColorProperty: ObjectProperty [value: 0xff0000ff]
16:47:20.788 [FXGL Background Thread 3 ] DEBUG Engine               - devEnableDebugCameraProperty: BooleanProperty [value: false]
16:47:20.788 [FXGL Background Thread 3 ] DEBUG Engine               - devSensorColorProperty: ObjectProperty [value: 0xffff00ff]
16:47:20.788 [FXGL Background Thread 3 ] DEBUG Engine               - devShowBBoxProperty: BooleanProperty [value: false]
16:47:20.789 [FXGL Background Thread 3 ] DEBUG Engine               - devShowPositionProperty: BooleanProperty [value: false]
16:47:20.789 [FXGL Background Thread 3 ] DEBUG Engine               - enabledMenuItems: []
16:47:20.789 [FXGL Background Thread 3 ] DEBUG Engine               - engineServices: [class com.almasb.fxgl.app.services.FXGLAssetLoaderService, class com.almasb.fxgl.app.FXGLApplication$GameApplicationService, class com.almasb.fxgl.app.services.FXGLDialogService, class com.almasb.fxgl.app.services.IOTaskExecutorService, class com.almasb.fxgl.io.FileSystemService, class com.almasb.fxgl.localization.LocalizationService, class com.almasb.fxgl.app.services.SystemBundleService, class com.almasb.fxgl.profile.SaveLoadService, class com.almasb.fxgl.ui.FXGLUIFactoryServiceProvider, class com.almasb.fxgl.ui.FXGLDialogFactoryServiceProvider, class com.almasb.fxgl.audio.AudioPlayer, class com.almasb.fxgl.notification.impl.NotificationServiceProvider, class com.almasb.fxgl.achievement.AchievementService, class com.almasb.fxgl.cutscene.CutsceneService, class com.almasb.fxgl.minigames.MiniGameService, class com.almasb.fxgl.net.NetService, class com.almasb.fxgl.app.services.UpdaterService, class com.almasb.fxgl.dev.DevService]
16:47:20.789 [FXGL Background Thread 3 ] DEBUG Engine               - fontGame: Abel-Regular.ttf
16:47:20.789 [FXGL Background Thread 3 ] DEBUG Engine               - fontMono: TerminalLandMono-Regular.otf
16:47:20.789 [FXGL Background Thread 3 ] DEBUG Engine               - fontText: Courier-Prime.ttf
16:47:20.789 [FXGL Background Thread 3 ] DEBUG Engine               - fontUI: VarelaRound-Regular.ttf
16:47:20.789 [FXGL Background Thread 3 ] DEBUG Engine               - fullScreen: BooleanProperty [value: false]
16:47:20.789 [FXGL Background Thread 3 ] DEBUG Engine               - gameDifficulty: MEDIUM
16:47:20.789 [FXGL Background Thread 3 ] DEBUG Engine               - gameDifficultyProperty: ObjectProperty [value: MEDIUM]
16:47:20.789 [FXGL Background Thread 3 ] DEBUG Engine               - globalMusicVolume: 0.5
16:47:20.789 [FXGL Background Thread 3 ] DEBUG Engine               - globalMusicVolumeProperty: DoubleProperty [value: 0.25]
16:47:20.789 [FXGL Background Thread 3 ] DEBUG Engine               - globalSoundVolume: 0.5
16:47:20.789 [FXGL Background Thread 3 ] DEBUG Engine               - globalSoundVolumeProperty: DoubleProperty [value: 0.5]
16:47:20.789 [FXGL Background Thread 3 ] DEBUG Engine               - height: 720
16:47:20.789 [FXGL Background Thread 3 ] DEBUG Engine               - is3D: false
16:47:20.789 [FXGL Background Thread 3 ] DEBUG Engine               - isAndroid: false
16:47:20.789 [FXGL Background Thread 3 ] DEBUG Engine               - isBrowser: false
16:47:20.789 [FXGL Background Thread 3 ] DEBUG Engine               - isClickFeedbackEnabled: false
16:47:20.789 [FXGL Background Thread 3 ] DEBUG Engine               - isCloseConfirmation: false
16:47:20.789 [FXGL Background Thread 3 ] DEBUG Engine               - isDesktop: true
16:47:20.789 [FXGL Background Thread 3 ] DEBUG Engine               - isDeveloperMenuEnabled: false
16:47:20.789 [FXGL Background Thread 3 ] DEBUG Engine               - isEmbedded: false
16:47:20.789 [FXGL Background Thread 3 ] DEBUG Engine               - isEntityPreloadEnabled: true
16:47:20.790 [FXGL Background Thread 3 ] DEBUG Engine               - isExperimentalTiledLargeMap: false
16:47:20.790 [FXGL Background Thread 3 ] DEBUG Engine               - isFileSystemWriteAllowed: true
16:47:20.790 [FXGL Background Thread 3 ] DEBUG Engine               - isFullScreenAllowed: false
16:47:20.790 [FXGL Background Thread 3 ] DEBUG Engine               - isFullScreenFromStart: false
16:47:20.790 [FXGL Background Thread 3 ] DEBUG Engine               - isGameMenuEnabled: true
16:47:20.790 [FXGL Background Thread 3 ] DEBUG Engine               - isIOS: false
16:47:20.790 [FXGL Background Thread 3 ] DEBUG Engine               - isIntroEnabled: false
16:47:20.790 [FXGL Background Thread 3 ] DEBUG Engine               - isLinux: false
16:47:20.790 [FXGL Background Thread 3 ] DEBUG Engine               - isMac: false
16:47:20.790 [FXGL Background Thread 3 ] DEBUG Engine               - isMainMenuEnabled: false
16:47:20.790 [FXGL Background Thread 3 ] DEBUG Engine               - isManualResizeEnabled: false
16:47:20.790 [FXGL Background Thread 3 ] DEBUG Engine               - isMobile: false
16:47:20.790 [FXGL Background Thread 3 ] DEBUG Engine               - isNative: false
16:47:20.790 [FXGL Background Thread 3 ] DEBUG Engine               - isPauseMusicWhenMinimized: true
16:47:20.790 [FXGL Background Thread 3 ] DEBUG Engine               - isPreserveResizeRatio: false
16:47:20.790 [FXGL Background Thread 3 ] DEBUG Engine               - isProfilingEnabled: false
16:47:20.790 [FXGL Background Thread 3 ] DEBUG Engine               - isScaleAffectedOnResize: true
16:47:20.790 [FXGL Background Thread 3 ] DEBUG Engine               - isSingleStep: false
16:47:20.790 [FXGL Background Thread 3 ] DEBUG Engine               - isUserProfileEnabled: false
16:47:20.790 [FXGL Background Thread 3 ] DEBUG Engine               - isWindows: true
16:47:20.790 [FXGL Background Thread 3 ] DEBUG Engine               - language: ObjectProperty [value: ENGLISH]
16:47:20.790 [FXGL Background Thread 3 ] DEBUG Engine               - menuKey: ESCAPE
16:47:20.790 [FXGL Background Thread 3 ] DEBUG Engine               - mouseSensitivity: 0.2
16:47:20.790 [FXGL Background Thread 3 ] DEBUG Engine               - notificationViewClass: class com.almasb.fxgl.notification.view.XboxNotificationView
16:47:20.790 [FXGL Background Thread 3 ] DEBUG Engine               - pixelsPerMeter: 50.0
16:47:20.790 [FXGL Background Thread 3 ] DEBUG Engine               - platform: WINDOWS
16:47:20.790 [FXGL Background Thread 3 ] DEBUG Engine               - prefHeightProperty: ReadOnlyDoubleProperty [value: 720.0]
16:47:20.790 [FXGL Background Thread 3 ] DEBUG Engine               - prefWidthProperty: ReadOnlyDoubleProperty [value: 1280.0]
16:47:20.790 [FXGL Background Thread 3 ] DEBUG Engine               - profileDir: profiles/
16:47:20.791 [FXGL Background Thread 3 ] DEBUG Engine               - profileName: StringProperty [value: DEFAULT]
16:47:20.791 [FXGL Background Thread 3 ] DEBUG Engine               - randomSeed: -1
16:47:20.791 [FXGL Background Thread 3 ] DEBUG Engine               - runtimeInfo: RuntimeInfo(platform=WINDOWS, version=17.1, build=24.03.2022 17.34)
16:47:20.791 [FXGL Background Thread 3 ] DEBUG Engine               - saveFileExt: sav
16:47:20.791 [FXGL Background Thread 3 ] DEBUG Engine               - scaledHeightProp$fxgl: DoubleProperty [bound, value: 720.0]
16:47:20.791 [FXGL Background Thread 3 ] DEBUG Engine               - scaledWidthProp$fxgl: DoubleProperty [bound, value: 1280.0]
16:47:20.791 [FXGL Background Thread 3 ] DEBUG Engine               - sceneFactory: com.almasb.fxglgames.platformer.PlatformerApp$1@1ad11559
16:47:20.791 [FXGL Background Thread 3 ] DEBUG Engine               - secondsIn24h: 60
16:47:20.791 [FXGL Background Thread 3 ] DEBUG Engine               - soundMenuBack: menu/back.wav
16:47:20.791 [FXGL Background Thread 3 ] DEBUG Engine               - soundMenuPress: menu/press.wav
16:47:20.791 [FXGL Background Thread 3 ] DEBUG Engine               - soundMenuSelect: menu/select.wav
16:47:20.792 [FXGL Background Thread 3 ] DEBUG Engine               - soundNotification: core/notification.wav
16:47:20.792 [FXGL Background Thread 3 ] DEBUG Engine               - stageStyle: DECORATED
16:47:20.792 [FXGL Background Thread 3 ] DEBUG Engine               - supportedLanguages: [ENGLISH, FRENCH, GERMAN, HUNGARIAN, RUSSIAN]
16:47:20.792 [FXGL Background Thread 3 ] DEBUG Engine               - ticksPerSecond: -1
16:47:20.792 [FXGL Background Thread 3 ] DEBUG Engine               - title: Miguel
16:47:20.792 [FXGL Background Thread 3 ] DEBUG Engine               - urlGithub: https://github.com/AlmasB/FXGL
16:47:20.792 [FXGL Background Thread 3 ] DEBUG Engine               - urlLeaderboard: http://fxgl-top.herokuapp.com/
16:47:20.792 [FXGL Background Thread 3 ] DEBUG Engine               - urlPOM: https://raw.githubusercontent.com/AlmasB/FXGL/release/README.md
16:47:20.792 [FXGL Background Thread 3 ] DEBUG Engine               - userAppClass: class com.almasb.fxglgames.platformer.PlatformerApp
16:47:20.792 [FXGL Background Thread 3 ] DEBUG Engine               - version: 1.0
16:47:20.792 [FXGL Background Thread 3 ] DEBUG Engine               - versionCheckDays: 7
16:47:20.792 [FXGL Background Thread 3 ] DEBUG Engine               - width: 1280
16:47:20.792 [FXGL Background Thread 3 ] DEBUG Engine               - Logging services
16:47:20.792 [FXGL Background Thread 3 ] DEBUG Engine               - class com.almasb.fxgl.app.services.FXGLAssetLoaderService
16:47:20.792 [FXGL Background Thread 3 ] DEBUG Engine               - class com.almasb.fxgl.app.FXGLApplication$GameApplicationService
16:47:20.792 [FXGL Background Thread 3 ] DEBUG Engine               - class com.almasb.fxgl.app.services.FXGLDialogService
16:47:20.792 [FXGL Background Thread 3 ] DEBUG Engine               - class com.almasb.fxgl.app.services.IOTaskExecutorService
16:47:20.792 [FXGL Background Thread 3 ] DEBUG Engine               - class com.almasb.fxgl.io.FileSystemService
16:47:20.792 [FXGL Background Thread 3 ] DEBUG Engine               - class com.almasb.fxgl.localization.LocalizationService
16:47:20.792 [FXGL Background Thread 3 ] DEBUG Engine               - class com.almasb.fxgl.app.services.SystemBundleService
16:47:20.792 [FXGL Background Thread 3 ] DEBUG Engine               - class com.almasb.fxgl.profile.SaveLoadService
16:47:20.792 [FXGL Background Thread 3 ] DEBUG Engine               - class com.almasb.fxgl.ui.FXGLUIFactoryServiceProvider
16:47:20.792 [FXGL Background Thread 3 ] DEBUG Engine               - class com.almasb.fxgl.ui.FXGLDialogFactoryServiceProvider
16:47:20.792 [FXGL Background Thread 3 ] DEBUG Engine               - class com.almasb.fxgl.audio.AudioPlayer
16:47:20.792 [FXGL Background Thread 3 ] DEBUG Engine               - class com.almasb.fxgl.notification.impl.NotificationServiceProvider
16:47:20.792 [FXGL Background Thread 3 ] DEBUG Engine               - class com.almasb.fxgl.achievement.AchievementService
16:47:20.792 [FXGL Background Thread 3 ] DEBUG Engine               - class com.almasb.fxgl.cutscene.CutsceneService
16:47:20.792 [FXGL Background Thread 3 ] DEBUG Engine               - class com.almasb.fxgl.minigames.MiniGameService
16:47:20.792 [FXGL Background Thread 3 ] DEBUG Engine               - class com.almasb.fxgl.net.NetService
16:47:20.792 [FXGL Background Thread 3 ] DEBUG Engine               - class com.almasb.fxgl.app.services.UpdaterService
16:47:20.792 [FXGL Background Thread 3 ] DEBUG Engine               - class com.almasb.fxgl.dev.DevService
16:47:40.847 [JavaFX Application Thread] DEBUG Input                - Registered new binding: Close Level End Screen - LMB
16:47:40.848 [JavaFX Application Thread] DEBUG PrimaryStageWindow   - Push state: LevelEndScene
16:47:40.848 [JavaFX Application Thread] DEBUG Input                - Clearing active input actions
16:47:40.848 [JavaFX Application Thread] DEBUG GameApplicationServi - Removing overlay from GameScene and adding to LevelEndScene
16:47:40.848 [JavaFX Application Thread] DEBUG PrimaryStageWindow   - GameScene -> LevelEndScene
16:47:42.382 [JavaFX Application Thread] DEBUG PrimaryStageWindow   - Pop state: LevelEndScene
16:47:42.382 [JavaFX Application Thread] DEBUG Input                - Clearing active input actions
16:47:42.382 [JavaFX Application Thread] DEBUG GameApplicationServi - Removing overlay from LevelEndScene and adding to GameScene
16:47:42.382 [JavaFX Application Thread] DEBUG PrimaryStageWindow   - GameScene <- LevelEndScene
16:47:43.357 [JavaFX Application Thread] WARN  TMXLevelLoader       - TiledMap generated from 1.10.0. Supported version: 1.4.2. Some features may not be parsed fully.
16:47:43.360 [JavaFX Application Thread] DEBUG TMXLevelLoader       - Parsed TiledMap: file:/C:/ipose-groep-4/target/classes/assets/levels/tmx/level2.tmx
16:47:43.360 [JavaFX Application Thread] DEBUG TMXLevelLoader       - Creating tile layer entities
16:47:43.360 [JavaFX Application Thread] DEBUG TilesetLoader        - Loading view for layer Tile Layer 1
16:47:43.363 [JavaFX Application Thread] DEBUG TilesetLoader        - Created buffer with size 4900.0x700.0
16:47:43.373 [JavaFX Application Thread] DEBUG TMXLevelLoader       - Creating object layer entities
16:47:43.377 [JavaFX Application Thread] DEBUG GameWorld            - Clearing removable entities
16:47:43.377 [JavaFX Application Thread] DEBUG GameWorld            - Setting level: com.almasb.fxgl.entity.level.Level@4688ce6a
16:47:58.059 [JavaFX Application Thread] DEBUG PrimaryStageWindow   - Push state: LevelEndScene
16:47:58.059 [JavaFX Application Thread] DEBUG Input                - Clearing active input actions
16:47:58.060 [JavaFX Application Thread] DEBUG GameApplicationServi - Removing overlay from GameScene and adding to LevelEndScene
16:47:58.060 [JavaFX Application Thread] DEBUG PrimaryStageWindow   - GameScene -> LevelEndScene
16:47:59.733 [JavaFX Application Thread] DEBUG PrimaryStageWindow   - Pop state: LevelEndScene
16:47:59.733 [JavaFX Application Thread] DEBUG Input                - Clearing active input actions
16:47:59.733 [JavaFX Application Thread] DEBUG GameApplicationServi - Removing overlay from LevelEndScene and adding to GameScene
16:47:59.733 [JavaFX Application Thread] DEBUG PrimaryStageWindow   - GameScene <- LevelEndScene
16:48:00.717 [JavaFX Application Thread] WARN  TMXLevelLoader       - TiledMap generated from 1.10.0. Supported version: 1.4.2. Some features may not be parsed fully.
16:48:00.719 [JavaFX Application Thread] DEBUG TMXLevelLoader       - Parsed TiledMap: file:/C:/ipose-groep-4/target/classes/assets/levels/tmx/level3.tmx
16:48:00.719 [JavaFX Application Thread] DEBUG TMXLevelLoader       - Creating tile layer entities
16:48:00.720 [JavaFX Application Thread] DEBUG TilesetLoader        - Loading view for layer Tile Layer 1
16:48:00.725 [JavaFX Application Thread] DEBUG TilesetLoader        - Created buffer with size 4900.0x700.0
16:48:00.735 [JavaFX Application Thread] DEBUG TMXLevelLoader       - Creating object layer entities
16:48:00.739 [JavaFX Application Thread] DEBUG GameWorld            - Clearing removable entities
16:48:00.740 [JavaFX Application Thread] DEBUG GameWorld            - Setting level: com.almasb.fxgl.entity.level.Level@6de34124
16:48:15.835 [JavaFX Application Thread] DEBUG PrimaryStageWindow   - Push state: LevelEndScene
16:48:15.835 [JavaFX Application Thread] DEBUG Input                - Clearing active input actions
16:48:15.836 [JavaFX Application Thread] DEBUG GameApplicationServi - Removing overlay from GameScene and adding to LevelEndScene
16:48:15.836 [JavaFX Application Thread] DEBUG PrimaryStageWindow   - GameScene -> LevelEndScene
16:48:17.065 [JavaFX Application Thread] DEBUG PrimaryStageWindow   - Pop state: LevelEndScene
16:48:17.065 [JavaFX Application Thread] DEBUG Input                - Clearing active input actions
16:48:17.065 [JavaFX Application Thread] DEBUG GameApplicationServi - Removing overlay from LevelEndScene and adding to GameScene
16:48:17.065 [JavaFX Application Thread] DEBUG PrimaryStageWindow   - GameScene <- LevelEndScene
16:48:18.027 [JavaFX Application Thread] DEBUG AudioPlayer          - Pausing music com.almasb.fxgl.audio.Music@5082b107
16:48:18.028 [JavaFX Application Thread] DEBUG LoopRunner           - Pausing loop
16:48:18.029 [JavaFX Application Thread] DEBUG PrimaryStageWindow   - Push state: DialogSubScene
16:48:18.029 [JavaFX Application Thread] DEBUG Input                - Clearing active input actions
16:48:18.032 [JavaFX Application Thread] DEBUG GameApplicationServi - Removing overlay from GameScene and adding to DialogSubScene
16:48:18.032 [JavaFX Application Thread] DEBUG PrimaryStageWindow   - GameScene -> DialogSubScene
16:48:18.043 [JavaFX Application Thread] WARN  FXGLAssetLoaderServi - Asset "/assets/levels/tmx/level4.tmx" was not found!
16:48:18.044 [JavaFX Application Thread] DEBUG LoopRunner           - Stopping loop
16:48:18.045 [JavaFX Application Thread] FATAL FXGLApplication      - Uncaught Exception:
java.lang.IllegalArgumentException: Loading level failed. Asset not found: tmx/level4.tmx
	at com.almasb.fxgl.all@17.1/com.almasb.fxgl.app.services.FXGLAssetLoaderService.loadLevel(FXGLAssetLoaderService.kt:443)
	at com.almasb.fxgl.all@17.1/com.almasb.fxgl.dsl.FXGL$Companion.setLevelFromMap(FXGL.kt:634)
	at com.almasb.fxgl.all@17.1/com.almasb.fxgl.dsl.FXGL.setLevelFromMap(FXGL.kt)
	at mario.main/com.almasb.fxglgames.platformer.PlatformerApp.setLevel(PlatformerApp.java:328)
	at mario.main/com.almasb.fxglgames.platformer.PlatformerApp.nextLevel(PlatformerApp.java:287)
	at mario.main/com.almasb.fxglgames.platformer.PlatformerApp.lambda$initPhysics$1(PlatformerApp.java:185)
	at com.almasb.fxgl.all@17.1/com.almasb.fxgl.app.scene.Viewport.updateFadeFlash(Viewport.kt:422)
	at com.almasb.fxgl.all@17.1/com.almasb.fxgl.app.scene.Viewport.onUpdate(Viewport.kt:334)
	at com.almasb.fxgl.all@17.1/com.almasb.fxgl.app.scene.GameScene.step(GameScene.kt:226)
	at com.almasb.fxgl.all@17.1/com.almasb.fxgl.app.scene.GameScene.onUpdate(GameScene.kt:220)
	at com.almasb.fxgl.scene@17.1/com.almasb.fxgl.scene.Scene.update(Scene.kt:105)
	at com.almasb.fxgl.all@17.1/com.almasb.fxgl.app.MainWindow$update$1.invoke(MainWindow.kt:115)
	at com.almasb.fxgl.all@17.1/com.almasb.fxgl.app.MainWindow$update$1.invoke(MainWindow.kt:115)
	at com.almasb.fxgl.core@17.1/com.almasb.fxgl.core.fsm.StateMachine.runOnActiveStates(StateMachine.kt:69)
	at com.almasb.fxgl.all@17.1/com.almasb.fxgl.app.MainWindow.update(MainWindow.kt:115)
	at com.almasb.fxgl.all@17.1/com.almasb.fxgl.app.FXGLApplication$GameApplicationService.onUpdate(FXGLApplication.kt:426)
	at com.almasb.fxgl.all@17.1/com.almasb.fxgl.app.Engine.loop(Engine.kt:134)
	at com.almasb.fxgl.all@17.1/com.almasb.fxgl.app.Engine.access$loop(Engine.kt:24)
	at com.almasb.fxgl.all@17.1/com.almasb.fxgl.app.Engine$loop$1.invoke(Engine.kt:28)
	at com.almasb.fxgl.all@17.1/com.almasb.fxgl.app.Engine$loop$1.invoke(Engine.kt:28)
	at com.almasb.fxgl.all@17.1/com.almasb.fxgl.app.LoopRunner.frame(LoopRunner.kt:103)
	at com.almasb.fxgl.all@17.1/com.almasb.fxgl.app.LoopRunner.access$frame(LoopRunner.kt:23)
	at com.almasb.fxgl.all@17.1/com.almasb.fxgl.app.LoopRunner$impl$2$1.onTick(LoopRunner.kt:57)
	at com.almasb.fxgl.all@17.1/com.almasb.fxgl.app.AnimationTimerLoop$timer$1.handle(LoopRunner.kt:137)
	at javafx.graphics@19-ea/javafx.animation.AnimationTimer$AnimationTimerReceiver.lambda$handle$0(AnimationTimer.java:58)
	at java.base/java.security.AccessController.doPrivileged(AccessController.java:399)
	at javafx.graphics@19-ea/javafx.animation.AnimationTimer$AnimationTimerReceiver.handle(AnimationTimer.java:57)
	at javafx.graphics@19-ea/com.sun.scenario.animation.AbstractPrimaryTimer.timePulseImpl(AbstractPrimaryTimer.java:356)
	at javafx.graphics@19-ea/com.sun.scenario.animation.AbstractPrimaryTimer$MainLoop.run(AbstractPrimaryTimer.java:266)
	at javafx.graphics@19-ea/com.sun.javafx.tk.quantum.QuantumToolkit.pulse(QuantumToolkit.java:571)
	at javafx.graphics@19-ea/com.sun.javafx.tk.quantum.QuantumToolkit.pulse(QuantumToolkit.java:555)
	at javafx.graphics@19-ea/com.sun.javafx.tk.quantum.QuantumToolkit.pulseFromQueue(QuantumToolkit.java:548)
	at javafx.graphics@19-ea/com.sun.javafx.tk.quantum.QuantumToolkit.lambda$runToolkit$11(QuantumToolkit.java:352)
	at javafx.graphics@19-ea/com.sun.glass.ui.InvokeLaterDispatcher$Future.run(InvokeLaterDispatcher.java:96)
	at javafx.graphics@19-ea/com.sun.glass.ui.win.WinApplication._runLoop(Native Method)
	at javafx.graphics@19-ea/com.sun.glass.ui.win.WinApplication.lambda$runLoop$3(WinApplication.java:184)
	at java.base/java.lang.Thread.run(Thread.java:1589)

16:48:18.045 [JavaFX Application Thread] FATAL FXGLApplication      - Application will now exit
16:48:18.054 [JavaFX Application Thread] DEBUG PrimaryStageWindow   - Push state: ErrorSubScene
16:48:18.054 [JavaFX Application Thread] DEBUG Input                - Clearing active input actions
16:48:18.056 [JavaFX Application Thread] DEBUG GameApplicationServi - Removing overlay from DialogSubScene and adding to ErrorSubScene
16:48:18.056 [JavaFX Application Thread] DEBUG PrimaryStageWindow   - DialogSubScene -> ErrorSubScene
16:48:21.693 [JavaFX Application Thread] DEBUG FXGLApplication      - Exiting FXGL
16:48:21.693 [JavaFX Application Thread] DEBUG Async                - Shutting down background threads
16:48:21.694 [JavaFX Application Thread] DEBUG PrimaryStageWindow   - Closing main window
16:48:21.706 [JavaFX Application Thread] DEBUG Logger               - Closing Logger
