13:30:54.716 [main                     ] DEBUG Logger               - Configured Logger
13:30:54.744 [main                     ] DEBUG GameApplication      - Logging settings
Title: Untitled
Version: 0.0
Width: 1400
Height: 720
Fullscreen: false
Intro: false
Profiling: false
Single step:false
App Mode: DEVELOPER
Menu Key: ESCAPE
Stage Style: DECORATED
Scene Factory: class com.nieuw.MiguelPlatformer.PlatformerApp$1

13:30:55.049 [JavaFX Application Thread] DEBUG FXGLApplication      - Initializing FXGL
13:30:55.053 [JavaFX Application Thread] INFO  Engine               - FXGL-17.1 (24.03.2022 17.34) on WINDOWS (J:19.0.1 FX:19-ea)
13:30:55.053 [JavaFX Application Thread] DEBUG Engine               - JRE Vendor Name: Oracle Corporation
13:30:55.054 [JavaFX Application Thread] DEBUG Engine               - Running on OS: Windows 10 version 10.0
13:30:55.054 [JavaFX Application Thread] DEBUG Engine               - Architecture: amd64
13:30:55.054 [JavaFX Application Thread] INFO  Engine               - Source code and latest versions at: https://github.com/AlmasB/FXGL
13:30:55.054 [JavaFX Application Thread] INFO  Engine               -       Ask questions and discuss at: https://github.com/AlmasB/FXGL/discussions
13:30:55.054 [JavaFX Application Thread] INFO  Engine               -              Join the FXGL chat at: https://gitter.im/AlmasB/FXGL
13:30:55.126 [JavaFX Application Thread] DEBUG PrimaryStageWindow   - Creating a JavaFX scene
13:30:55.162 [JavaFX Application Thread] DEBUG PrimaryStageWindow   - Target settings size: 1400.0 x 720.0
13:30:55.162 [JavaFX Application Thread] DEBUG PrimaryStageWindow   - Scaled scene size:    1400.0 x 720.0
13:30:55.162 [JavaFX Application Thread] DEBUG PrimaryStageWindow   - Scaled ratio: (1.0, 1.0)
13:30:55.163 [JavaFX Application Thread] DEBUG PrimaryStageWindow   - Set initial scene to FXGLStartupScene
13:30:55.170 [JavaFX Application Thread] DEBUG PrimaryStageWindow   - Opening main window
13:30:55.238 [JavaFX Application Thread] DEBUG PrimaryStageWindow   - Window border size: (14.4000244140625, 37.5999755859375)
13:30:55.238 [JavaFX Application Thread] DEBUG PrimaryStageWindow   - Scaled size: 1400.0 x 720.0
13:30:55.238 [JavaFX Application Thread] DEBUG PrimaryStageWindow   - Scaled ratio: (1.0, 1.0)
13:30:55.238 [JavaFX Application Thread] DEBUG PrimaryStageWindow   - Scene size: 1400.0 x 720.0
13:30:55.239 [JavaFX Application Thread] DEBUG PrimaryStageWindow   - Stage size: 1414.4000244140625 x 757.5999755859375
13:30:55.246 [FXGL Background Thread 1 ] DEBUG Engine               - Initializing environment variables
13:30:55.293 [FXGL Background Thread 1 ] DEBUG FXGLAssetLoaderServi - User app class for loading assets: class com.nieuw.MiguelPlatformer.PlatformerApp
13:30:55.293 [FXGL Background Thread 1 ] DEBUG GameApplicationServi - Applying CSS: fxgl_dark.css
13:30:55.294 [FXGL Background Thread 1 ] DEBUG FXGLAssetLoaderServi - Loading from file system: jar:file:///C:/Users/jardk/.m2/repository/com/github/almasb/fxgl/17.1/fxgl-17.1.jar!/fxglassets/ui/css/fxgl_dark.css
13:30:55.335 [FXGL Background Thread 1 ] DEBUG GameApplicationServi - Initializing application scenes
13:30:55.376 [FXGL Background Thread 1 ] DEBUG FXGLAssetLoaderServi - Loading from file system: file:/C:/ipose-groep-4/target/classes/assets/textures/player.png
13:30:55.394 [FXGL Background Thread 1 ] DEBUG GameWorld            - Game world initialized
13:30:55.444 [FXGL Background Thread 1 ] DEBUG PhysicsWorld         - Physics world initialized: appHeight=720, physics.ppm=50,0
13:30:55.445 [FXGL Background Thread 1 ] DEBUG PhysicsWorld         - Using strategy: BRUTE_FORCE
13:30:55.448 [FXGL Background Thread 1 ] DEBUG GameScene            - Game scene initialized: 1400x720
13:30:55.457 [FXGL Background Thread 1 ] DEBUG FXGL.DefaultMenu     - createMenuBodyGameMenu()
13:30:55.471 [FXGL Background Thread 1 ] DEBUG FXGL.DefaultMenu     - createOptionsMenu()
13:30:55.484 [FXGL Background Thread 1 ] DEBUG FXGLAssetLoaderServi - Loading from file system: jar:file:///C:/Users/jardk/.m2/repository/com/github/almasb/fxgl/17.1/fxgl-17.1.jar!/fxglassets/textures/particles/smoke.png
13:30:55.561 [FXGL Background Thread 1 ] DEBUG FXGLAssetLoaderServi - Loading from file system: jar:file:///C:/Users/jardk/.m2/repository/com/github/almasb/fxgl/17.1/fxgl-17.1.jar!/fxglassets/textures/particles/trace_horizontal.png
13:30:55.589 [FXGL Background Thread 1 ] DEBUG GameApplicationServi - Application scenes initialized
13:30:55.605 [FXGL Background Thread 1 ] DEBUG SystemBundleService  - Loading FXGL system data
13:30:55.611 [FXGL Background Thread 1 ] DEBUG FileSystemAccess     - Reading from: C:\ipose-groep-4\system\fxgl.bundle
13:30:55.622 [FXGL Background Thread 1 ] DEBUG SystemBundleService  - Bundle FXGL: {}
13:30:55.622 [FXGL Background Thread 1 ] DEBUG UpdaterService       - Checking for updates
13:30:55.626 [FXGL Background Thread 4 ] DEBUG FXGLApplication      - Loading fonts
13:30:55.626 [FXGL Background Thread 1 ] DEBUG FXGLApplication      - Loading default localization
13:30:55.627 [FXGL Background Thread 4 ] DEBUG FXGLAssetLoaderServi - Loading from file system: jar:file:///C:/Users/jardk/.m2/repository/com/github/almasb/fxgl/17.1/fxgl-17.1.jar!/fxglassets/ui/fonts/VarelaRound-Regular.ttf
13:30:55.627 [FXGL Background Thread 1 ] DEBUG FXGLAssetLoaderServi - Loading from file system: jar:file:///C:/Users/jardk/.m2/repository/com/github/almasb/fxgl/17.1/fxgl-17.1.jar!/fxglassets/languages/english.lang
13:30:55.644 [FXGL Background Thread 1 ] INFO  FXGLApplication      - FXGL initialization took: 0,398 sec
13:30:55.653 [JavaFX Application Thread] DEBUG Input                - Registered new binding: Left - A
13:30:55.653 [JavaFX Application Thread] DEBUG Input                - Registered new binding: Right - D
13:30:55.653 [JavaFX Application Thread] DEBUG Input                - Registered new binding: Jump - W
13:30:55.654 [JavaFX Application Thread] DEBUG Input                - Registered new binding: Use - E
13:30:55.654 [JavaFX Application Thread] DEBUG FXGLAssetLoaderServi - Loading from file system: file:/C:/ipose-groep-4/target/classes/assets/music/BGM_dash_runner.wav
13:30:55.678 [FXGL Background Thread 4 ] DEBUG FXGLAssetLoaderServi - Loading from file system: jar:file:///C:/Users/jardk/.m2/repository/com/github/almasb/fxgl/17.1/fxgl-17.1.jar!/fxglassets/ui/fonts/Abel-Regular.ttf
13:30:55.682 [FXGL Background Thread 4 ] DEBUG FXGLAssetLoaderServi - Loading from file system: jar:file:///C:/Users/jardk/.m2/repository/com/github/almasb/fxgl/17.1/fxgl-17.1.jar!/fxglassets/ui/fonts/TerminalLandMono-Regular.otf
13:30:55.685 [FXGL Background Thread 4 ] DEBUG FXGLAssetLoaderServi - Loading from file system: jar:file:///C:/Users/jardk/.m2/repository/com/github/almasb/fxgl/17.1/fxgl-17.1.jar!/fxglassets/ui/fonts/Courier-Prime.ttf
13:30:55.764 [JavaFX Application Thread] DEBUG AudioPlayer          - Playing music com.almasb.fxgl.audio.Music@422a6987
13:30:55.765 [JavaFX Application Thread] DEBUG FXGLAssetLoaderServi - Loading from file system: jar:file:///C:/Users/jardk/.m2/repository/com/github/almasb/fxgl/17.1/fxgl-17.1.jar!/fxglassets/textures/fxgl_icon.png
13:30:55.779 [JavaFX Application Thread] DEBUG FXGLAssetLoaderServi - Loading from file system: jar:file:///C:/Users/jardk/.m2/repository/com/github/almasb/fxgl/17.1/fxgl-17.1.jar!/fxglassets/textures/fxgl_default_cursor.png
13:30:55.782 [JavaFX Application Thread] DEBUG Input                - Registered new binding: Screenshot - CTRL+8
13:30:55.782 [JavaFX Application Thread] DEBUG Input                - Registered new binding: System info dump - CTRL+9
13:30:55.783 [JavaFX Application Thread] DEBUG Input                - Registered new binding: Restart - CTRL+R
13:30:55.783 [JavaFX Application Thread] DEBUG Input                - Registered new binding: Toggle Debug Camera - CTRL+7
13:30:55.785 [JavaFX Application Thread] DEBUG LoopRunner           - Starting loop
13:30:55.785 [JavaFX Application Thread] DEBUG LoopRunner           - Initializing JavaFX AnimationTimerLoop
13:30:55.786 [JavaFX Application Thread] DEBUG GameApplicationServi - Starting new game
13:30:55.787 [JavaFX Application Thread] DEBUG Input                - Clearing active input actions
13:30:55.803 [JavaFX Application Thread] DEBUG GameApplicationServi - Removing overlay from FXGLStartupScene and adding to MainLoadingScene
13:30:55.803 [JavaFX Application Thread] DEBUG PrimaryStageWindow   - FXGLStartupScene -> MainLoadingScene
13:30:55.805 [JavaFX Application Thread] DEBUG GameApplicationServi - Clearing previous game
13:30:55.805 [JavaFX Application Thread] DEBUG GameScene            - Clearing game scene
13:30:55.805 [JavaFX Application Thread] DEBUG GameWorld            - Clearing game world
13:30:55.805 [JavaFX Application Thread] DEBUG PhysicsWorld         - Clearing physics world
13:30:55.807 [JavaFX Application Thread] DEBUG FXGLApplication      - Registering font factories with UI factory
13:30:55.807 [FXGL Background Thread 4 ] DEBUG FXGLApplication      - Initializing game
13:30:55.862 [FXGL Background Thread 4 ] WARN  TMXLevelLoader       - TiledMap generated from 1.2.3. Supported version: 1.4.2. Some features may not be parsed fully.
13:30:55.870 [FXGL Background Thread 4 ] DEBUG TMXLevelLoader       - Parsed TiledMap: file:/C:/ipose-groep-4/target/classes/assets/levels/tmx/level1.tmx
13:30:55.871 [FXGL Background Thread 4 ] DEBUG TMXLevelLoader       - Creating tile layer entities
13:30:55.875 [FXGL Background Thread 4 ] DEBUG TilesetLoader        - Loading view for layer Tile Layer 1
13:30:55.878 [FXGL Background Thread 4 ] DEBUG TilesetLoader        - Created buffer with size 1050.0x700.0
13:30:55.898 [FXGL Background Thread 4 ] DEBUG TMXLevelLoader       - Creating object layer entities
13:30:55.926 [FXGL Background Thread 4 ] DEBUG GameWorld            - Clearing removable entities
13:30:55.927 [FXGL Background Thread 4 ] DEBUG GameWorld            - Setting level: com.almasb.fxgl.entity.level.Level@42b4abba
13:30:55.957 [FXGL Background Thread 4 ] DEBUG FXGLAssetLoaderServi - Loading from file system: file:/C:/ipose-groep-4/target/classes/assets/textures/background/forest.png
13:30:55.981 [FXGL Background Thread 4 ] INFO  FXGLApplication      - Game initialization took: 0,174 sec
13:30:55.993 [FXGL Background Thread 2 ] INFO  UpdaterService       - Your current version:  17.1
13:30:55.994 [FXGL Background Thread 2 ] INFO  UpdaterService       - Latest stable version: 17.3
13:30:56.009 [JavaFX Application Thread] DEBUG Input                - Clearing active input actions
13:30:56.017 [JavaFX Application Thread] DEBUG GameApplicationServi - Removing overlay from MainLoadingScene and adding to GameScene
13:30:56.018 [JavaFX Application Thread] DEBUG PrimaryStageWindow   - MainLoadingScene -> GameScene
13:30:58.625 [FXGL Background Thread 3 ] DEBUG Engine               - Logging environment variables
13:30:58.626 [FXGL Background Thread 3 ] DEBUG Engine               - achievements: []
13:30:58.626 [FXGL Background Thread 3 ] DEBUG Engine               - actualHeight: 720.0
13:30:58.627 [FXGL Background Thread 3 ] DEBUG Engine               - actualHeightProperty: ReadOnlyDoubleProperty [value: 720.0]
13:30:58.627 [FXGL Background Thread 3 ] DEBUG Engine               - actualWidth: 1400.0
13:30:58.627 [FXGL Background Thread 3 ] DEBUG Engine               - actualWidthProperty: ReadOnlyDoubleProperty [value: 1400.0]
13:30:58.627 [FXGL Background Thread 3 ] DEBUG Engine               - appIcon: fxgl_icon.png
13:30:58.627 [FXGL Background Thread 3 ] DEBUG Engine               - applicationMode: DEVELOPER
13:30:58.627 [FXGL Background Thread 3 ] DEBUG Engine               - cSSList: [fxgl_dark.css]
13:30:58.627 [FXGL Background Thread 3 ] DEBUG Engine               - collisionDetectionStrategy: BRUTE_FORCE
13:30:58.627 [FXGL Background Thread 3 ] DEBUG Engine               - configClass: Optional.empty
13:30:58.627 [FXGL Background Thread 3 ] DEBUG Engine               - credits: []
13:30:58.627 [FXGL Background Thread 3 ] DEBUG Engine               - defaultCursor: CursorInfo(imageName=fxgl_default_cursor.png, hotspotX=7.0, hotspotY=6.0)
13:30:58.627 [FXGL Background Thread 3 ] DEBUG Engine               - devBBoxColorProperty: ObjectProperty [value: 0xff0000ff]
13:30:58.627 [FXGL Background Thread 3 ] DEBUG Engine               - devEnableDebugCameraProperty: BooleanProperty [value: false]
13:30:58.627 [FXGL Background Thread 3 ] DEBUG Engine               - devSensorColorProperty: ObjectProperty [value: 0xffff00ff]
13:30:58.627 [FXGL Background Thread 3 ] DEBUG Engine               - devShowBBoxProperty: BooleanProperty [value: false]
13:30:58.627 [FXGL Background Thread 3 ] DEBUG Engine               - devShowPositionProperty: BooleanProperty [value: false]
13:30:58.628 [FXGL Background Thread 3 ] DEBUG Engine               - enabledMenuItems: []
13:30:58.628 [FXGL Background Thread 3 ] DEBUG Engine               - engineServices: [class com.almasb.fxgl.app.services.FXGLAssetLoaderService, class com.almasb.fxgl.app.FXGLApplication$GameApplicationService, class com.almasb.fxgl.app.services.FXGLDialogService, class com.almasb.fxgl.app.services.IOTaskExecutorService, class com.almasb.fxgl.io.FileSystemService, class com.almasb.fxgl.localization.LocalizationService, class com.almasb.fxgl.app.services.SystemBundleService, class com.almasb.fxgl.profile.SaveLoadService, class com.almasb.fxgl.ui.FXGLUIFactoryServiceProvider, class com.almasb.fxgl.ui.FXGLDialogFactoryServiceProvider, class com.almasb.fxgl.audio.AudioPlayer, class com.almasb.fxgl.notification.impl.NotificationServiceProvider, class com.almasb.fxgl.achievement.AchievementService, class com.almasb.fxgl.cutscene.CutsceneService, class com.almasb.fxgl.minigames.MiniGameService, class com.almasb.fxgl.net.NetService, class com.almasb.fxgl.app.services.UpdaterService, class com.almasb.fxgl.dev.DevService]
13:30:58.628 [FXGL Background Thread 3 ] DEBUG Engine               - fontGame: Abel-Regular.ttf
13:30:58.628 [FXGL Background Thread 3 ] DEBUG Engine               - fontMono: TerminalLandMono-Regular.otf
13:30:58.628 [FXGL Background Thread 3 ] DEBUG Engine               - fontText: Courier-Prime.ttf
13:30:58.628 [FXGL Background Thread 3 ] DEBUG Engine               - fontUI: VarelaRound-Regular.ttf
13:30:58.628 [FXGL Background Thread 3 ] DEBUG Engine               - fullScreen: BooleanProperty [value: false]
13:30:58.628 [FXGL Background Thread 3 ] DEBUG Engine               - gameDifficulty: MEDIUM
13:30:58.628 [FXGL Background Thread 3 ] DEBUG Engine               - gameDifficultyProperty: ObjectProperty [value: MEDIUM]
13:30:58.628 [FXGL Background Thread 3 ] DEBUG Engine               - globalMusicVolume: 0.5
13:30:58.628 [FXGL Background Thread 3 ] DEBUG Engine               - globalMusicVolumeProperty: DoubleProperty [value: 0.25]
13:30:58.628 [FXGL Background Thread 3 ] DEBUG Engine               - globalSoundVolume: 0.5
13:30:58.628 [FXGL Background Thread 3 ] DEBUG Engine               - globalSoundVolumeProperty: DoubleProperty [value: 0.5]
13:30:58.628 [FXGL Background Thread 3 ] DEBUG Engine               - height: 720
13:30:58.628 [FXGL Background Thread 3 ] DEBUG Engine               - is3D: false
13:30:58.628 [FXGL Background Thread 3 ] DEBUG Engine               - isAndroid: false
13:30:58.628 [FXGL Background Thread 3 ] DEBUG Engine               - isBrowser: false
13:30:58.628 [FXGL Background Thread 3 ] DEBUG Engine               - isClickFeedbackEnabled: false
13:30:58.628 [FXGL Background Thread 3 ] DEBUG Engine               - isCloseConfirmation: false
13:30:58.628 [FXGL Background Thread 3 ] DEBUG Engine               - isDesktop: true
13:30:58.628 [FXGL Background Thread 3 ] DEBUG Engine               - isDeveloperMenuEnabled: false
13:30:58.628 [FXGL Background Thread 3 ] DEBUG Engine               - isEmbedded: false
13:30:58.628 [FXGL Background Thread 3 ] DEBUG Engine               - isEntityPreloadEnabled: true
13:30:58.628 [FXGL Background Thread 3 ] DEBUG Engine               - isExperimentalTiledLargeMap: false
13:30:58.629 [FXGL Background Thread 3 ] DEBUG Engine               - isFileSystemWriteAllowed: true
13:30:58.629 [FXGL Background Thread 3 ] DEBUG Engine               - isFullScreenAllowed: false
13:30:58.629 [FXGL Background Thread 3 ] DEBUG Engine               - isFullScreenFromStart: false
13:30:58.629 [FXGL Background Thread 3 ] DEBUG Engine               - isGameMenuEnabled: true
13:30:58.629 [FXGL Background Thread 3 ] DEBUG Engine               - isIOS: false
13:30:58.629 [FXGL Background Thread 3 ] DEBUG Engine               - isIntroEnabled: false
13:30:58.629 [FXGL Background Thread 3 ] DEBUG Engine               - isLinux: false
13:30:58.629 [FXGL Background Thread 3 ] DEBUG Engine               - isMac: false
13:30:58.629 [FXGL Background Thread 3 ] DEBUG Engine               - isMainMenuEnabled: false
13:30:58.629 [FXGL Background Thread 3 ] DEBUG Engine               - isManualResizeEnabled: false
13:30:58.629 [FXGL Background Thread 3 ] DEBUG Engine               - isMobile: false
13:30:58.629 [FXGL Background Thread 3 ] DEBUG Engine               - isNative: false
13:30:58.629 [FXGL Background Thread 3 ] DEBUG Engine               - isPauseMusicWhenMinimized: true
13:30:58.629 [FXGL Background Thread 3 ] DEBUG Engine               - isPreserveResizeRatio: false
13:30:58.629 [FXGL Background Thread 3 ] DEBUG Engine               - isProfilingEnabled: false
13:30:58.629 [FXGL Background Thread 3 ] DEBUG Engine               - isScaleAffectedOnResize: true
13:30:58.629 [FXGL Background Thread 3 ] DEBUG Engine               - isSingleStep: false
13:30:58.629 [FXGL Background Thread 3 ] DEBUG Engine               - isUserProfileEnabled: false
13:30:58.629 [FXGL Background Thread 3 ] DEBUG Engine               - isWindows: true
13:30:58.629 [FXGL Background Thread 3 ] DEBUG Engine               - language: ObjectProperty [value: ENGLISH]
13:30:58.629 [FXGL Background Thread 3 ] DEBUG Engine               - menuKey: ESCAPE
13:30:58.629 [FXGL Background Thread 3 ] DEBUG Engine               - mouseSensitivity: 0.2
13:30:58.629 [FXGL Background Thread 3 ] DEBUG Engine               - notificationViewClass: class com.almasb.fxgl.notification.view.XboxNotificationView
13:30:58.629 [FXGL Background Thread 3 ] DEBUG Engine               - pixelsPerMeter: 50.0
13:30:58.629 [FXGL Background Thread 3 ] DEBUG Engine               - platform: WINDOWS
13:30:58.629 [FXGL Background Thread 3 ] DEBUG Engine               - prefHeightProperty: ReadOnlyDoubleProperty [value: 720.0]
13:30:58.629 [FXGL Background Thread 3 ] DEBUG Engine               - prefWidthProperty: ReadOnlyDoubleProperty [value: 1400.0]
13:30:58.629 [FXGL Background Thread 3 ] DEBUG Engine               - profileDir: profiles/
13:30:58.629 [FXGL Background Thread 3 ] DEBUG Engine               - profileName: StringProperty [value: DEFAULT]
13:30:58.630 [FXGL Background Thread 3 ] DEBUG Engine               - randomSeed: -1
13:30:58.630 [FXGL Background Thread 3 ] DEBUG Engine               - runtimeInfo: RuntimeInfo(platform=WINDOWS, version=17.1, build=24.03.2022 17.34)
13:30:58.630 [FXGL Background Thread 3 ] DEBUG Engine               - saveFileExt: sav
13:30:58.630 [FXGL Background Thread 3 ] DEBUG Engine               - scaledHeightProp$fxgl: DoubleProperty [bound, value: 720.0]
13:30:58.630 [FXGL Background Thread 3 ] DEBUG Engine               - scaledWidthProp$fxgl: DoubleProperty [bound, value: 1400.0]
13:30:58.630 [FXGL Background Thread 3 ] DEBUG Engine               - sceneFactory: com.nieuw.MiguelPlatformer.PlatformerApp$1@1e04b389
13:30:58.630 [FXGL Background Thread 3 ] DEBUG Engine               - secondsIn24h: 60
13:30:58.630 [FXGL Background Thread 3 ] DEBUG Engine               - soundMenuBack: menu/back.wav
13:30:58.630 [FXGL Background Thread 3 ] DEBUG Engine               - soundMenuPress: menu/press.wav
13:30:58.630 [FXGL Background Thread 3 ] DEBUG Engine               - soundMenuSelect: menu/select.wav
13:30:58.630 [FXGL Background Thread 3 ] DEBUG Engine               - soundNotification: core/notification.wav
13:30:58.630 [FXGL Background Thread 3 ] DEBUG Engine               - stageStyle: DECORATED
13:30:58.630 [FXGL Background Thread 3 ] DEBUG Engine               - supportedLanguages: [ENGLISH, FRENCH, GERMAN, HUNGARIAN, RUSSIAN]
13:30:58.630 [FXGL Background Thread 3 ] DEBUG Engine               - ticksPerSecond: -1
13:30:58.630 [FXGL Background Thread 3 ] DEBUG Engine               - title: Untitled
13:30:58.630 [FXGL Background Thread 3 ] DEBUG Engine               - urlGithub: https://github.com/AlmasB/FXGL
13:30:58.630 [FXGL Background Thread 3 ] DEBUG Engine               - urlLeaderboard: http://fxgl-top.herokuapp.com/
13:30:58.630 [FXGL Background Thread 3 ] DEBUG Engine               - urlPOM: https://raw.githubusercontent.com/AlmasB/FXGL/release/README.md
13:30:58.630 [FXGL Background Thread 3 ] DEBUG Engine               - userAppClass: class com.nieuw.MiguelPlatformer.PlatformerApp
13:30:58.630 [FXGL Background Thread 3 ] DEBUG Engine               - version: 0.0
13:30:58.630 [FXGL Background Thread 3 ] DEBUG Engine               - versionCheckDays: 7
13:30:58.630 [FXGL Background Thread 3 ] DEBUG Engine               - width: 1400
13:30:58.630 [FXGL Background Thread 3 ] DEBUG Engine               - Logging services
13:30:58.630 [FXGL Background Thread 3 ] DEBUG Engine               - class com.almasb.fxgl.app.services.FXGLAssetLoaderService
13:30:58.630 [FXGL Background Thread 3 ] DEBUG Engine               - class com.almasb.fxgl.app.FXGLApplication$GameApplicationService
13:30:58.631 [FXGL Background Thread 3 ] DEBUG Engine               - class com.almasb.fxgl.app.services.FXGLDialogService
13:30:58.631 [FXGL Background Thread 3 ] DEBUG Engine               - class com.almasb.fxgl.app.services.IOTaskExecutorService
13:30:58.631 [FXGL Background Thread 3 ] DEBUG Engine               - class com.almasb.fxgl.io.FileSystemService
13:30:58.631 [FXGL Background Thread 3 ] DEBUG Engine               - class com.almasb.fxgl.localization.LocalizationService
13:30:58.631 [FXGL Background Thread 3 ] DEBUG Engine               - class com.almasb.fxgl.app.services.SystemBundleService
13:30:58.631 [FXGL Background Thread 3 ] DEBUG Engine               - class com.almasb.fxgl.profile.SaveLoadService
13:30:58.631 [FXGL Background Thread 3 ] DEBUG Engine               - class com.almasb.fxgl.ui.FXGLUIFactoryServiceProvider
13:30:58.631 [FXGL Background Thread 3 ] DEBUG Engine               - class com.almasb.fxgl.ui.FXGLDialogFactoryServiceProvider
13:30:58.631 [FXGL Background Thread 3 ] DEBUG Engine               - class com.almasb.fxgl.audio.AudioPlayer
13:30:58.631 [FXGL Background Thread 3 ] DEBUG Engine               - class com.almasb.fxgl.notification.impl.NotificationServiceProvider
13:30:58.631 [FXGL Background Thread 3 ] DEBUG Engine               - class com.almasb.fxgl.achievement.AchievementService
13:30:58.631 [FXGL Background Thread 3 ] DEBUG Engine               - class com.almasb.fxgl.cutscene.CutsceneService
13:30:58.631 [FXGL Background Thread 3 ] DEBUG Engine               - class com.almasb.fxgl.minigames.MiniGameService
13:30:58.631 [FXGL Background Thread 3 ] DEBUG Engine               - class com.almasb.fxgl.net.NetService
13:30:58.631 [FXGL Background Thread 3 ] DEBUG Engine               - class com.almasb.fxgl.app.services.UpdaterService
13:30:58.631 [FXGL Background Thread 3 ] DEBUG Engine               - class com.almasb.fxgl.dev.DevService
13:30:59.574 [JavaFX Application Thread] DEBUG Input                - Registered new binding: Close Level End Screen - LMB
13:30:59.574 [JavaFX Application Thread] DEBUG PrimaryStageWindow   - Push state: LevelEndScene
13:30:59.574 [JavaFX Application Thread] DEBUG Input                - Clearing active input actions
13:30:59.575 [JavaFX Application Thread] DEBUG GameApplicationServi - Removing overlay from GameScene and adding to LevelEndScene
13:30:59.575 [JavaFX Application Thread] DEBUG PrimaryStageWindow   - GameScene -> LevelEndScene
13:31:03.399 [JavaFX Application Thread] DEBUG PrimaryStageWindow   - Pop state: LevelEndScene
13:31:03.399 [JavaFX Application Thread] DEBUG Input                - Clearing active input actions
13:31:03.399 [JavaFX Application Thread] DEBUG GameApplicationServi - Removing overlay from LevelEndScene and adding to GameScene
13:31:03.400 [JavaFX Application Thread] DEBUG PrimaryStageWindow   - GameScene <- LevelEndScene
13:31:04.400 [JavaFX Application Thread] WARN  TMXLevelLoader       - TiledMap generated from 1.2.3. Supported version: 1.4.2. Some features may not be parsed fully.
13:31:04.402 [JavaFX Application Thread] DEBUG TMXLevelLoader       - Parsed TiledMap: file:/C:/ipose-groep-4/target/classes/assets/levels/tmx/level2.tmx
13:31:04.402 [JavaFX Application Thread] DEBUG TMXLevelLoader       - Creating tile layer entities
13:31:04.402 [JavaFX Application Thread] DEBUG TilesetLoader        - Loading view for layer Tile Layer 1
13:31:04.403 [JavaFX Application Thread] DEBUG TilesetLoader        - Created buffer with size 1050.0x700.0
13:31:04.413 [JavaFX Application Thread] DEBUG TMXLevelLoader       - Creating object layer entities
13:31:04.416 [JavaFX Application Thread] DEBUG GameWorld            - Clearing removable entities
13:31:04.419 [JavaFX Application Thread] DEBUG GameWorld            - Setting level: com.almasb.fxgl.entity.level.Level@25c1ceab
13:31:06.354 [JavaFX Application Thread] DEBUG FXGLApplication      - Exiting FXGL
13:31:06.354 [JavaFX Application Thread] DEBUG LoopRunner           - Stopping loop
13:31:06.354 [JavaFX Application Thread] DEBUG SystemBundleService  - Saving FXGL system data
13:31:06.355 [JavaFX Application Thread] DEBUG FileSystemAccess     - Writing to: C:\ipose-groep-4\system\fxgl.bundle
13:31:06.358 [JavaFX Application Thread] DEBUG Async                - Shutting down background threads
13:31:06.359 [JavaFX Application Thread] DEBUG PrimaryStageWindow   - Closing main window
13:31:06.369 [JavaFX Application Thread] DEBUG Logger               - Closing Logger
