10:54:03.242 [main                     ] DEBUG Logger               - Configured Logger
10:54:03.271 [main                     ] DEBUG GameApplication      - Logging settings
Title: Miguel
Version: 1.0
Width: 1400
Height: 720
Fullscreen: false
Intro: false
Profiling: false
Single step:false
App Mode: DEVELOPER
Menu Key: ESCAPE
Stage Style: DECORATED
Scene Factory: class com.almasb.fxglgames.platformer.PlatformerApp$1

10:54:03.577 [JavaFX Application Thread] DEBUG FXGLApplication      - Initializing FXGL
10:54:03.581 [JavaFX Application Thread] INFO  Engine               - FXGL-17.1 (24.03.2022 17.34) on WINDOWS (J:19.0.1 FX:19-ea)
10:54:03.581 [JavaFX Application Thread] DEBUG Engine               - JRE Vendor Name: Oracle Corporation
10:54:03.582 [JavaFX Application Thread] DEBUG Engine               - Running on OS: Windows 10 version 10.0
10:54:03.582 [JavaFX Application Thread] DEBUG Engine               - Architecture: amd64
10:54:03.582 [JavaFX Application Thread] INFO  Engine               - Source code and latest versions at: https://github.com/AlmasB/FXGL
10:54:03.582 [JavaFX Application Thread] INFO  Engine               -       Ask questions and discuss at: https://github.com/AlmasB/FXGL/discussions
10:54:03.582 [JavaFX Application Thread] INFO  Engine               -              Join the FXGL chat at: https://gitter.im/AlmasB/FXGL
10:54:03.652 [JavaFX Application Thread] DEBUG PrimaryStageWindow   - Creating a JavaFX scene
10:54:03.689 [JavaFX Application Thread] DEBUG PrimaryStageWindow   - Target settings size: 1400.0 x 720.0
10:54:03.690 [JavaFX Application Thread] DEBUG PrimaryStageWindow   - Scaled scene size:    1400.0 x 720.0
10:54:03.690 [JavaFX Application Thread] DEBUG PrimaryStageWindow   - Scaled ratio: (1.0, 1.0)
10:54:03.691 [JavaFX Application Thread] DEBUG PrimaryStageWindow   - Set initial scene to FXGLStartupScene
10:54:03.698 [JavaFX Application Thread] DEBUG PrimaryStageWindow   - Opening main window
10:54:03.767 [JavaFX Application Thread] DEBUG PrimaryStageWindow   - Window border size: (14.4000244140625, 37.5999755859375)
10:54:03.767 [JavaFX Application Thread] DEBUG PrimaryStageWindow   - Scaled size: 1400.0 x 720.0
10:54:03.768 [JavaFX Application Thread] DEBUG PrimaryStageWindow   - Scaled ratio: (1.0, 1.0)
10:54:03.768 [JavaFX Application Thread] DEBUG PrimaryStageWindow   - Scene size: 1400.0 x 720.0
10:54:03.768 [JavaFX Application Thread] DEBUG PrimaryStageWindow   - Stage size: 1414.4000244140625 x 757.5999755859375
10:54:03.775 [FXGL Background Thread 1 ] DEBUG Engine               - Initializing environment variables
10:54:03.823 [FXGL Background Thread 1 ] DEBUG FXGLAssetLoaderServi - User app class for loading assets: class com.almasb.fxglgames.platformer.PlatformerApp
10:54:03.823 [FXGL Background Thread 1 ] DEBUG GameApplicationServi - Applying CSS: fxgl_dark.css
10:54:03.824 [FXGL Background Thread 1 ] DEBUG FXGLAssetLoaderServi - Loading from file system: jar:file:///C:/Users/jardk/.m2/repository/com/github/almasb/fxgl/17.1/fxgl-17.1.jar!/fxglassets/ui/css/fxgl_dark.css
10:54:03.863 [FXGL Background Thread 1 ] DEBUG GameApplicationServi - Initializing application scenes
10:54:03.910 [FXGL Background Thread 1 ] DEBUG FXGLAssetLoaderServi - Loading from file system: file:/C:/ipose-groep-4/target/classes/assets/textures/player.png
10:54:03.927 [FXGL Background Thread 1 ] DEBUG GameWorld            - Game world initialized
10:54:03.980 [FXGL Background Thread 1 ] DEBUG PhysicsWorld         - Physics world initialized: appHeight=720, physics.ppm=50,0
10:54:03.980 [FXGL Background Thread 1 ] DEBUG PhysicsWorld         - Using strategy: BRUTE_FORCE
10:54:03.984 [FXGL Background Thread 1 ] DEBUG GameScene            - Game scene initialized: 1400x720
10:54:03.995 [FXGL Background Thread 1 ] DEBUG FXGL.DefaultMenu     - createMenuBodyMainMenu()
10:54:04.010 [FXGL Background Thread 1 ] DEBUG FXGL.DefaultMenu     - createOptionsMenu()
10:54:04.022 [FXGL Background Thread 1 ] DEBUG FXGLAssetLoaderServi - Loading from file system: jar:file:///C:/Users/jardk/.m2/repository/com/github/almasb/fxgl/17.1/fxgl-17.1.jar!/fxglassets/textures/particles/smoke.png
10:54:04.087 [FXGL Background Thread 1 ] DEBUG FXGLAssetLoaderServi - Loading from file system: jar:file:///C:/Users/jardk/.m2/repository/com/github/almasb/fxgl/17.1/fxgl-17.1.jar!/fxglassets/textures/particles/trace_horizontal.png
10:54:04.110 [FXGL Background Thread 1 ] DEBUG FXGL.DefaultMenu     - createMenuBodyGameMenu()
10:54:04.111 [FXGL Background Thread 1 ] DEBUG FXGL.DefaultMenu     - createOptionsMenu()
10:54:04.125 [FXGL Background Thread 1 ] DEBUG GameApplicationServi - Application scenes initialized
10:54:04.136 [FXGL Background Thread 1 ] DEBUG SystemBundleService  - Loading FXGL system data
10:54:04.140 [FXGL Background Thread 1 ] DEBUG FileSystemAccess     - Reading from: C:\ipose-groep-4\system\fxgl.bundle
10:54:04.149 [FXGL Background Thread 1 ] DEBUG SystemBundleService  - Bundle FXGL: {}
10:54:04.149 [FXGL Background Thread 1 ] DEBUG UpdaterService       - Checking for updates
10:54:04.153 [FXGL Background Thread 4 ] DEBUG FXGLApplication      - Loading fonts
10:54:04.154 [FXGL Background Thread 1 ] DEBUG FXGLApplication      - Loading default localization
10:54:04.154 [FXGL Background Thread 4 ] DEBUG FXGLAssetLoaderServi - Loading from file system: jar:file:///C:/Users/jardk/.m2/repository/com/github/almasb/fxgl/17.1/fxgl-17.1.jar!/fxglassets/ui/fonts/VarelaRound-Regular.ttf
10:54:04.155 [FXGL Background Thread 1 ] DEBUG FXGLAssetLoaderServi - Loading from file system: jar:file:///C:/Users/jardk/.m2/repository/com/github/almasb/fxgl/17.1/fxgl-17.1.jar!/fxglassets/languages/english.lang
10:54:04.175 [FXGL Background Thread 1 ] INFO  FXGLApplication      - FXGL initialization took: 0,398 sec
10:54:04.183 [JavaFX Application Thread] DEBUG Input                - Registered new binding: Left - A
10:54:04.183 [JavaFX Application Thread] DEBUG Input                - Registered new binding: Right - D
10:54:04.184 [JavaFX Application Thread] DEBUG Input                - Registered new binding: TrumpRight - H
10:54:04.184 [JavaFX Application Thread] DEBUG Input                - Registered new binding: Jump - W
10:54:04.184 [JavaFX Application Thread] DEBUG Input                - Registered new binding: Use - E
10:54:04.185 [JavaFX Application Thread] DEBUG FXGLAssetLoaderServi - Loading from file system: file:/C:/ipose-groep-4/target/classes/assets/music/BGM_dash_runner.wav
10:54:04.209 [FXGL Background Thread 4 ] DEBUG FXGLAssetLoaderServi - Loading from file system: jar:file:///C:/Users/jardk/.m2/repository/com/github/almasb/fxgl/17.1/fxgl-17.1.jar!/fxglassets/ui/fonts/Abel-Regular.ttf
10:54:04.215 [FXGL Background Thread 4 ] DEBUG FXGLAssetLoaderServi - Loading from file system: jar:file:///C:/Users/jardk/.m2/repository/com/github/almasb/fxgl/17.1/fxgl-17.1.jar!/fxglassets/ui/fonts/TerminalLandMono-Regular.otf
10:54:04.220 [FXGL Background Thread 4 ] DEBUG FXGLAssetLoaderServi - Loading from file system: jar:file:///C:/Users/jardk/.m2/repository/com/github/almasb/fxgl/17.1/fxgl-17.1.jar!/fxglassets/ui/fonts/Courier-Prime.ttf
10:54:04.302 [JavaFX Application Thread] DEBUG AudioPlayer          - Playing music com.almasb.fxgl.audio.Music@29ad7558
10:54:04.303 [JavaFX Application Thread] DEBUG FXGLAssetLoaderServi - Loading from file system: jar:file:///C:/Users/jardk/.m2/repository/com/github/almasb/fxgl/17.1/fxgl-17.1.jar!/fxglassets/textures/fxgl_icon.png
10:54:04.316 [JavaFX Application Thread] DEBUG FXGLAssetLoaderServi - Loading from file system: jar:file:///C:/Users/jardk/.m2/repository/com/github/almasb/fxgl/17.1/fxgl-17.1.jar!/fxglassets/textures/fxgl_default_cursor.png
10:54:04.318 [JavaFX Application Thread] DEBUG Input                - Registered new binding: Screenshot - CTRL+8
10:54:04.319 [JavaFX Application Thread] DEBUG Input                - Registered new binding: System info dump - CTRL+9
10:54:04.319 [JavaFX Application Thread] DEBUG Input                - Registered new binding: Restart - CTRL+R
10:54:04.320 [JavaFX Application Thread] DEBUG Input                - Registered new binding: Toggle Debug Camera - CTRL+7
10:54:04.321 [JavaFX Application Thread] DEBUG LoopRunner           - Starting loop
10:54:04.322 [JavaFX Application Thread] DEBUG LoopRunner           - Initializing JavaFX AnimationTimerLoop
10:54:04.324 [JavaFX Application Thread] DEBUG Input                - Clearing active input actions
10:54:04.336 [JavaFX Application Thread] DEBUG GameApplicationServi - Removing overlay from FXGLStartupScene and adding to FXGLMainMenuDummyScene
10:54:04.337 [JavaFX Application Thread] DEBUG PrimaryStageWindow   - FXGLStartupScene -> FXGLMainMenuDummyScene
10:54:04.337 [JavaFX Application Thread] DEBUG PrimaryStageWindow   - Push state: FXGLDefaultMenu
10:54:04.341 [JavaFX Application Thread] DEBUG Input                - Clearing active input actions
10:54:04.351 [JavaFX Application Thread] DEBUG GameApplicationServi - Removing overlay from FXGLMainMenuDummyScene and adding to FXGLDefaultMenu
10:54:04.352 [JavaFX Application Thread] DEBUG PrimaryStageWindow   - FXGLMainMenuDummyScene -> FXGLDefaultMenu
10:54:04.352 [JavaFX Application Thread] DEBUG FXGLApplication      - Registering font factories with UI factory
10:54:04.512 [FXGL Background Thread 2 ] INFO  UpdaterService       - Your current version:  17.1
10:54:04.513 [FXGL Background Thread 2 ] INFO  UpdaterService       - Latest stable version: 17.3
10:54:06.681 [JavaFX Application Thread] DEBUG Menu                 - fireNewGame()
10:54:06.681 [JavaFX Application Thread] DEBUG GameApplicationServi - Starting new game
10:54:06.683 [JavaFX Application Thread] DEBUG PrimaryStageWindow   - Pop state: FXGLDefaultMenu
10:54:06.684 [JavaFX Application Thread] DEBUG Input                - Clearing active input actions
10:54:06.684 [JavaFX Application Thread] DEBUG GameApplicationServi - Removing overlay from FXGLDefaultMenu and adding to FXGLMainMenuDummyScene
10:54:06.685 [JavaFX Application Thread] DEBUG PrimaryStageWindow   - FXGLMainMenuDummyScene <- FXGLDefaultMenu
10:54:06.685 [JavaFX Application Thread] DEBUG Input                - Clearing active input actions
10:54:06.689 [JavaFX Application Thread] DEBUG GameApplicationServi - Removing overlay from FXGLMainMenuDummyScene and adding to MainLoadingScene
10:54:06.690 [JavaFX Application Thread] DEBUG PrimaryStageWindow   - FXGLMainMenuDummyScene -> MainLoadingScene
10:54:06.690 [JavaFX Application Thread] DEBUG GameApplicationServi - Clearing previous game
10:54:06.690 [JavaFX Application Thread] DEBUG GameScene            - Clearing game scene
10:54:06.690 [JavaFX Application Thread] DEBUG GameWorld            - Clearing game world
10:54:06.690 [JavaFX Application Thread] DEBUG PhysicsWorld         - Clearing physics world
10:54:06.691 [FXGL Background Thread 2 ] DEBUG FXGLApplication      - Initializing game
10:54:06.722 [FXGL Background Thread 2 ] WARN  TMXLevelLoader       - TiledMap generated from 1.10.0. Supported version: 1.4.2. Some features may not be parsed fully.
10:54:06.729 [FXGL Background Thread 2 ] DEBUG TMXLevelLoader       - Parsed TiledMap: file:/C:/ipose-groep-4/target/classes/assets/levels/tmx/level1.tmx
10:54:06.730 [FXGL Background Thread 2 ] DEBUG TMXLevelLoader       - Creating tile layer entities
10:54:06.731 [FXGL Background Thread 2 ] DEBUG TilesetLoader        - Loading view for layer Tile Layer 1
10:54:06.735 [FXGL Background Thread 2 ] DEBUG TilesetLoader        - Created buffer with size 4900.0x700.0
10:54:06.751 [FXGL Background Thread 2 ] DEBUG TMXLevelLoader       - Creating object layer entities
10:54:06.765 [FXGL Background Thread 2 ] DEBUG GameWorld            - Clearing removable entities
10:54:06.765 [FXGL Background Thread 2 ] DEBUG GameWorld            - Setting level: com.almasb.fxgl.entity.level.Level@19eeb7ce
10:54:06.778 [FXGL Background Thread 2 ] DEBUG FXGLAssetLoaderServi - Loading from file system: file:/C:/ipose-groep-4/target/classes/assets/textures/trump.png
10:54:06.798 [FXGL Background Thread 2 ] DEBUG FXGLAssetLoaderServi - Loading from file system: file:/C:/ipose-groep-4/target/classes/assets/textures/background/forest.png
10:54:06.816 [FXGL Background Thread 2 ] INFO  FXGLApplication      - Game initialization took: 0,124 sec
10:54:06.816 [JavaFX Application Thread] DEBUG Input                - Clearing active input actions
10:54:06.819 [JavaFX Application Thread] DEBUG GameApplicationServi - Removing overlay from MainLoadingScene and adding to GameScene
10:54:06.819 [JavaFX Application Thread] DEBUG PrimaryStageWindow   - MainLoadingScene -> GameScene
10:54:07.152 [FXGL Background Thread 3 ] DEBUG Engine               - Logging environment variables
10:54:07.152 [FXGL Background Thread 3 ] DEBUG Engine               - achievements: []
10:54:07.152 [FXGL Background Thread 3 ] DEBUG Engine               - actualHeight: 720.0
10:54:07.153 [FXGL Background Thread 3 ] DEBUG Engine               - actualHeightProperty: ReadOnlyDoubleProperty [value: 720.0]
10:54:07.153 [FXGL Background Thread 3 ] DEBUG Engine               - actualWidth: 1400.0
10:54:07.153 [FXGL Background Thread 3 ] DEBUG Engine               - actualWidthProperty: ReadOnlyDoubleProperty [value: 1400.0]
10:54:07.153 [FXGL Background Thread 3 ] DEBUG Engine               - appIcon: fxgl_icon.png
10:54:07.153 [FXGL Background Thread 3 ] DEBUG Engine               - applicationMode: DEVELOPER
10:54:07.153 [FXGL Background Thread 3 ] DEBUG Engine               - cSSList: [fxgl_dark.css]
10:54:07.153 [FXGL Background Thread 3 ] DEBUG Engine               - collisionDetectionStrategy: BRUTE_FORCE
10:54:07.153 [FXGL Background Thread 3 ] DEBUG Engine               - configClass: Optional.empty
10:54:07.153 [FXGL Background Thread 3 ] DEBUG Engine               - credits: []
10:54:07.154 [FXGL Background Thread 3 ] DEBUG Engine               - defaultCursor: CursorInfo(imageName=fxgl_default_cursor.png, hotspotX=7.0, hotspotY=6.0)
10:54:07.154 [FXGL Background Thread 3 ] DEBUG Engine               - devBBoxColorProperty: ObjectProperty [value: 0xff0000ff]
10:54:07.154 [FXGL Background Thread 3 ] DEBUG Engine               - devEnableDebugCameraProperty: BooleanProperty [value: false]
10:54:07.154 [FXGL Background Thread 3 ] DEBUG Engine               - devSensorColorProperty: ObjectProperty [value: 0xffff00ff]
10:54:07.155 [FXGL Background Thread 3 ] DEBUG Engine               - devShowBBoxProperty: BooleanProperty [value: false]
10:54:07.155 [FXGL Background Thread 3 ] DEBUG Engine               - devShowPositionProperty: BooleanProperty [value: false]
10:54:07.155 [FXGL Background Thread 3 ] DEBUG Engine               - enabledMenuItems: []
10:54:07.155 [FXGL Background Thread 3 ] DEBUG Engine               - engineServices: [class com.almasb.fxgl.app.services.FXGLAssetLoaderService, class com.almasb.fxgl.app.FXGLApplication$GameApplicationService, class com.almasb.fxgl.app.services.FXGLDialogService, class com.almasb.fxgl.app.services.IOTaskExecutorService, class com.almasb.fxgl.io.FileSystemService, class com.almasb.fxgl.localization.LocalizationService, class com.almasb.fxgl.app.services.SystemBundleService, class com.almasb.fxgl.profile.SaveLoadService, class com.almasb.fxgl.ui.FXGLUIFactoryServiceProvider, class com.almasb.fxgl.ui.FXGLDialogFactoryServiceProvider, class com.almasb.fxgl.audio.AudioPlayer, class com.almasb.fxgl.notification.impl.NotificationServiceProvider, class com.almasb.fxgl.achievement.AchievementService, class com.almasb.fxgl.cutscene.CutsceneService, class com.almasb.fxgl.minigames.MiniGameService, class com.almasb.fxgl.net.NetService, class com.almasb.fxgl.app.services.UpdaterService, class com.almasb.fxgl.dev.DevService]
10:54:07.155 [FXGL Background Thread 3 ] DEBUG Engine               - fontGame: Abel-Regular.ttf
10:54:07.155 [FXGL Background Thread 3 ] DEBUG Engine               - fontMono: TerminalLandMono-Regular.otf
10:54:07.155 [FXGL Background Thread 3 ] DEBUG Engine               - fontText: Courier-Prime.ttf
10:54:07.155 [FXGL Background Thread 3 ] DEBUG Engine               - fontUI: VarelaRound-Regular.ttf
10:54:07.155 [FXGL Background Thread 3 ] DEBUG Engine               - fullScreen: BooleanProperty [value: false]
10:54:07.155 [FXGL Background Thread 3 ] DEBUG Engine               - gameDifficulty: MEDIUM
10:54:07.155 [FXGL Background Thread 3 ] DEBUG Engine               - gameDifficultyProperty: ObjectProperty [value: MEDIUM]
10:54:07.155 [FXGL Background Thread 3 ] DEBUG Engine               - globalMusicVolume: 0.5
10:54:07.155 [FXGL Background Thread 3 ] DEBUG Engine               - globalMusicVolumeProperty: DoubleProperty [value: 0.25]
10:54:07.155 [FXGL Background Thread 3 ] DEBUG Engine               - globalSoundVolume: 0.5
10:54:07.155 [FXGL Background Thread 3 ] DEBUG Engine               - globalSoundVolumeProperty: DoubleProperty [value: 0.5]
10:54:07.155 [FXGL Background Thread 3 ] DEBUG Engine               - height: 720
10:54:07.155 [FXGL Background Thread 3 ] DEBUG Engine               - is3D: false
10:54:07.155 [FXGL Background Thread 3 ] DEBUG Engine               - isAndroid: false
10:54:07.155 [FXGL Background Thread 3 ] DEBUG Engine               - isBrowser: false
10:54:07.155 [FXGL Background Thread 3 ] DEBUG Engine               - isClickFeedbackEnabled: false
10:54:07.155 [FXGL Background Thread 3 ] DEBUG Engine               - isCloseConfirmation: false
10:54:07.155 [FXGL Background Thread 3 ] DEBUG Engine               - isDesktop: true
10:54:07.155 [FXGL Background Thread 3 ] DEBUG Engine               - isDeveloperMenuEnabled: false
10:54:07.156 [FXGL Background Thread 3 ] DEBUG Engine               - isEmbedded: false
10:54:07.156 [FXGL Background Thread 3 ] DEBUG Engine               - isEntityPreloadEnabled: true
10:54:07.156 [FXGL Background Thread 3 ] DEBUG Engine               - isExperimentalTiledLargeMap: false
10:54:07.156 [FXGL Background Thread 3 ] DEBUG Engine               - isFileSystemWriteAllowed: true
10:54:07.156 [FXGL Background Thread 3 ] DEBUG Engine               - isFullScreenAllowed: false
10:54:07.156 [FXGL Background Thread 3 ] DEBUG Engine               - isFullScreenFromStart: false
10:54:07.156 [FXGL Background Thread 3 ] DEBUG Engine               - isGameMenuEnabled: true
10:54:07.156 [FXGL Background Thread 3 ] DEBUG Engine               - isIOS: false
10:54:07.156 [FXGL Background Thread 3 ] DEBUG Engine               - isIntroEnabled: false
10:54:07.156 [FXGL Background Thread 3 ] DEBUG Engine               - isLinux: false
10:54:07.156 [FXGL Background Thread 3 ] DEBUG Engine               - isMac: false
10:54:07.156 [FXGL Background Thread 3 ] DEBUG Engine               - isMainMenuEnabled: true
10:54:07.156 [FXGL Background Thread 3 ] DEBUG Engine               - isManualResizeEnabled: false
10:54:07.156 [FXGL Background Thread 3 ] DEBUG Engine               - isMobile: false
10:54:07.156 [FXGL Background Thread 3 ] DEBUG Engine               - isNative: false
10:54:07.156 [FXGL Background Thread 3 ] DEBUG Engine               - isPauseMusicWhenMinimized: true
10:54:07.156 [FXGL Background Thread 3 ] DEBUG Engine               - isPreserveResizeRatio: false
10:54:07.156 [FXGL Background Thread 3 ] DEBUG Engine               - isProfilingEnabled: false
10:54:07.156 [FXGL Background Thread 3 ] DEBUG Engine               - isScaleAffectedOnResize: true
10:54:07.156 [FXGL Background Thread 3 ] DEBUG Engine               - isSingleStep: false
10:54:07.156 [FXGL Background Thread 3 ] DEBUG Engine               - isUserProfileEnabled: false
10:54:07.156 [FXGL Background Thread 3 ] DEBUG Engine               - isWindows: true
10:54:07.156 [FXGL Background Thread 3 ] DEBUG Engine               - language: ObjectProperty [value: ENGLISH]
10:54:07.156 [FXGL Background Thread 3 ] DEBUG Engine               - menuKey: ESCAPE
10:54:07.156 [FXGL Background Thread 3 ] DEBUG Engine               - mouseSensitivity: 0.2
10:54:07.157 [FXGL Background Thread 3 ] DEBUG Engine               - notificationViewClass: class com.almasb.fxgl.notification.view.XboxNotificationView
10:54:07.157 [FXGL Background Thread 3 ] DEBUG Engine               - pixelsPerMeter: 50.0
10:54:07.157 [FXGL Background Thread 3 ] DEBUG Engine               - platform: WINDOWS
10:54:07.157 [FXGL Background Thread 3 ] DEBUG Engine               - prefHeightProperty: ReadOnlyDoubleProperty [value: 720.0]
10:54:07.157 [FXGL Background Thread 3 ] DEBUG Engine               - prefWidthProperty: ReadOnlyDoubleProperty [value: 1400.0]
10:54:07.157 [FXGL Background Thread 3 ] DEBUG Engine               - profileDir: profiles/
10:54:07.157 [FXGL Background Thread 3 ] DEBUG Engine               - profileName: StringProperty [value: DEFAULT]
10:54:07.157 [FXGL Background Thread 3 ] DEBUG Engine               - randomSeed: -1
10:54:07.157 [FXGL Background Thread 3 ] DEBUG Engine               - runtimeInfo: RuntimeInfo(platform=WINDOWS, version=17.1, build=24.03.2022 17.34)
10:54:07.157 [FXGL Background Thread 3 ] DEBUG Engine               - saveFileExt: sav
10:54:07.157 [FXGL Background Thread 3 ] DEBUG Engine               - scaledHeightProp$fxgl: DoubleProperty [bound, value: 720.0]
10:54:07.157 [FXGL Background Thread 3 ] DEBUG Engine               - scaledWidthProp$fxgl: DoubleProperty [bound, value: 1400.0]
10:54:07.157 [FXGL Background Thread 3 ] DEBUG Engine               - sceneFactory: com.almasb.fxglgames.platformer.PlatformerApp$1@6e31e10f
10:54:07.157 [FXGL Background Thread 3 ] DEBUG Engine               - secondsIn24h: 60
10:54:07.157 [FXGL Background Thread 3 ] DEBUG Engine               - soundMenuBack: menu/back.wav
10:54:07.157 [FXGL Background Thread 3 ] DEBUG Engine               - soundMenuPress: menu/press.wav
10:54:07.157 [FXGL Background Thread 3 ] DEBUG Engine               - soundMenuSelect: menu/select.wav
10:54:07.157 [FXGL Background Thread 3 ] DEBUG Engine               - soundNotification: core/notification.wav
10:54:07.158 [FXGL Background Thread 3 ] DEBUG Engine               - stageStyle: DECORATED
10:54:07.158 [FXGL Background Thread 3 ] DEBUG Engine               - supportedLanguages: [ENGLISH, FRENCH, GERMAN, HUNGARIAN, RUSSIAN]
10:54:07.158 [FXGL Background Thread 3 ] DEBUG Engine               - ticksPerSecond: -1
10:54:07.158 [FXGL Background Thread 3 ] DEBUG Engine               - title: Miguel
10:54:07.158 [FXGL Background Thread 3 ] DEBUG Engine               - urlGithub: https://github.com/AlmasB/FXGL
10:54:07.158 [FXGL Background Thread 3 ] DEBUG Engine               - urlLeaderboard: http://fxgl-top.herokuapp.com/
10:54:07.158 [FXGL Background Thread 3 ] DEBUG Engine               - urlPOM: https://raw.githubusercontent.com/AlmasB/FXGL/release/README.md
10:54:07.158 [FXGL Background Thread 3 ] DEBUG Engine               - userAppClass: class com.almasb.fxglgames.platformer.PlatformerApp
10:54:07.158 [FXGL Background Thread 3 ] DEBUG Engine               - version: 1.0
10:54:07.158 [FXGL Background Thread 3 ] DEBUG Engine               - versionCheckDays: 7
10:54:07.158 [FXGL Background Thread 3 ] DEBUG Engine               - width: 1400
10:54:07.158 [FXGL Background Thread 3 ] DEBUG Engine               - Logging services
10:54:07.158 [FXGL Background Thread 3 ] DEBUG Engine               - class com.almasb.fxgl.app.services.FXGLAssetLoaderService
10:54:07.158 [FXGL Background Thread 3 ] DEBUG Engine               - class com.almasb.fxgl.app.FXGLApplication$GameApplicationService
10:54:07.158 [FXGL Background Thread 3 ] DEBUG Engine               - class com.almasb.fxgl.app.services.FXGLDialogService
10:54:07.158 [FXGL Background Thread 3 ] DEBUG Engine               - class com.almasb.fxgl.app.services.IOTaskExecutorService
10:54:07.158 [FXGL Background Thread 3 ] DEBUG Engine               - class com.almasb.fxgl.io.FileSystemService
10:54:07.158 [FXGL Background Thread 3 ] DEBUG Engine               - class com.almasb.fxgl.localization.LocalizationService
10:54:07.158 [FXGL Background Thread 3 ] DEBUG Engine               - class com.almasb.fxgl.app.services.SystemBundleService
10:54:07.158 [FXGL Background Thread 3 ] DEBUG Engine               - class com.almasb.fxgl.profile.SaveLoadService
10:54:07.158 [FXGL Background Thread 3 ] DEBUG Engine               - class com.almasb.fxgl.ui.FXGLUIFactoryServiceProvider
10:54:07.158 [FXGL Background Thread 3 ] DEBUG Engine               - class com.almasb.fxgl.ui.FXGLDialogFactoryServiceProvider
10:54:07.158 [FXGL Background Thread 3 ] DEBUG Engine               - class com.almasb.fxgl.audio.AudioPlayer
10:54:07.158 [FXGL Background Thread 3 ] DEBUG Engine               - class com.almasb.fxgl.notification.impl.NotificationServiceProvider
10:54:07.158 [FXGL Background Thread 3 ] DEBUG Engine               - class com.almasb.fxgl.achievement.AchievementService
10:54:07.158 [FXGL Background Thread 3 ] DEBUG Engine               - class com.almasb.fxgl.cutscene.CutsceneService
10:54:07.158 [FXGL Background Thread 3 ] DEBUG Engine               - class com.almasb.fxgl.minigames.MiniGameService
10:54:07.158 [FXGL Background Thread 3 ] DEBUG Engine               - class com.almasb.fxgl.net.NetService
10:54:07.158 [FXGL Background Thread 3 ] DEBUG Engine               - class com.almasb.fxgl.app.services.UpdaterService
10:54:07.158 [FXGL Background Thread 3 ] DEBUG Engine               - class com.almasb.fxgl.dev.DevService
10:54:17.636 [JavaFX Application Thread] DEBUG Input                - Registered new binding: Close Level End Screen - LMB
10:54:17.636 [JavaFX Application Thread] DEBUG PrimaryStageWindow   - Push state: LevelEndScene
10:54:17.636 [JavaFX Application Thread] DEBUG Input                - Clearing active input actions
10:54:17.637 [JavaFX Application Thread] DEBUG GameApplicationServi - Removing overlay from GameScene and adding to LevelEndScene
10:54:17.637 [JavaFX Application Thread] DEBUG PrimaryStageWindow   - GameScene -> LevelEndScene
10:54:18.734 [JavaFX Application Thread] DEBUG PrimaryStageWindow   - Pop state: LevelEndScene
10:54:18.734 [JavaFX Application Thread] DEBUG Input                - Clearing active input actions
10:54:18.735 [JavaFX Application Thread] DEBUG GameApplicationServi - Removing overlay from LevelEndScene and adding to GameScene
10:54:18.735 [JavaFX Application Thread] DEBUG PrimaryStageWindow   - GameScene <- LevelEndScene
10:54:19.700 [JavaFX Application Thread] WARN  TMXLevelLoader       - TiledMap generated from 1.10.0. Supported version: 1.4.2. Some features may not be parsed fully.
10:54:19.702 [JavaFX Application Thread] DEBUG TMXLevelLoader       - Parsed TiledMap: file:/C:/ipose-groep-4/target/classes/assets/levels/tmx/level2.tmx
10:54:19.702 [JavaFX Application Thread] DEBUG TMXLevelLoader       - Creating tile layer entities
10:54:19.702 [JavaFX Application Thread] DEBUG TilesetLoader        - Loading view for layer Tile Layer 1
10:54:19.707 [JavaFX Application Thread] DEBUG TilesetLoader        - Created buffer with size 4900.0x700.0
10:54:19.720 [JavaFX Application Thread] DEBUG TMXLevelLoader       - Creating object layer entities
10:54:19.721 [JavaFX Application Thread] DEBUG GameWorld            - Clearing removable entities
10:54:19.723 [JavaFX Application Thread] DEBUG GameWorld            - Setting level: com.almasb.fxgl.entity.level.Level@133e9f6f
10:54:29.551 [JavaFX Application Thread] DEBUG PrimaryStageWindow   - Push state: LevelEndScene
10:54:29.551 [JavaFX Application Thread] DEBUG Input                - Clearing active input actions
10:54:29.551 [JavaFX Application Thread] DEBUG GameApplicationServi - Removing overlay from GameScene and adding to LevelEndScene
10:54:29.552 [JavaFX Application Thread] DEBUG PrimaryStageWindow   - GameScene -> LevelEndScene
10:54:31.316 [JavaFX Application Thread] DEBUG PrimaryStageWindow   - Pop state: LevelEndScene
10:54:31.316 [JavaFX Application Thread] DEBUG Input                - Clearing active input actions
10:54:31.316 [JavaFX Application Thread] DEBUG GameApplicationServi - Removing overlay from LevelEndScene and adding to GameScene
10:54:31.316 [JavaFX Application Thread] DEBUG PrimaryStageWindow   - GameScene <- LevelEndScene
10:54:32.307 [JavaFX Application Thread] WARN  TMXLevelLoader       - TiledMap generated from 1.10.0. Supported version: 1.4.2. Some features may not be parsed fully.
10:54:32.309 [JavaFX Application Thread] DEBUG TMXLevelLoader       - Parsed TiledMap: file:/C:/ipose-groep-4/target/classes/assets/levels/tmx/level3.tmx
10:54:32.309 [JavaFX Application Thread] DEBUG TMXLevelLoader       - Creating tile layer entities
10:54:32.310 [JavaFX Application Thread] DEBUG TilesetLoader        - Loading view for layer Tile Layer 1
10:54:32.315 [JavaFX Application Thread] DEBUG TilesetLoader        - Created buffer with size 4900.0x700.0
10:54:32.330 [JavaFX Application Thread] DEBUG TMXLevelLoader       - Creating object layer entities
10:54:32.332 [JavaFX Application Thread] DEBUG GameWorld            - Clearing removable entities
10:54:32.332 [JavaFX Application Thread] DEBUG GameWorld            - Setting level: com.almasb.fxgl.entity.level.Level@7b883a5f
10:55:04.744 [JavaFX Application Thread] DEBUG FXGLApplication      - Exiting FXGL
10:55:04.744 [JavaFX Application Thread] DEBUG LoopRunner           - Stopping loop
10:55:04.744 [JavaFX Application Thread] DEBUG SystemBundleService  - Saving FXGL system data
10:55:04.746 [JavaFX Application Thread] DEBUG FileSystemAccess     - Writing to: C:\ipose-groep-4\system\fxgl.bundle
10:55:04.748 [JavaFX Application Thread] DEBUG Async                - Shutting down background threads
10:55:04.748 [JavaFX Application Thread] DEBUG PrimaryStageWindow   - Closing main window
10:55:04.758 [JavaFX Application Thread] DEBUG Logger               - Closing Logger
