10:52:10.894 [main                     ] DEBUG Logger               - Configured Logger
10:52:10.921 [main                     ] DEBUG GameApplication      - Logging settings
Title: hello world
Version: 1.0
Width: 800
Height: 800
Fullscreen: false
Intro: false
Profiling: false
Single step:false
App Mode: DEVELOPER
Menu Key: ESCAPE
Stage Style: DECORATED
Scene Factory: class com.almasb.fxgl.app.scene.SceneFactory

10:52:11.409 [JavaFX Application Thread] DEBUG FXGLApplication      - Initializing FXGL
10:52:11.412 [JavaFX Application Thread] INFO  Engine               - FXGL-17.1 (24.03.2022 17.34) on WINDOWS (J:19.0.1 FX:19-ea)
10:52:11.413 [JavaFX Application Thread] DEBUG Engine               - JRE Vendor Name: Oracle Corporation
10:52:11.413 [JavaFX Application Thread] DEBUG Engine               - Running on OS: Windows 10 version 10.0
10:52:11.413 [JavaFX Application Thread] DEBUG Engine               - Architecture: amd64
10:52:11.413 [JavaFX Application Thread] INFO  Engine               - Source code and latest versions at: https://github.com/AlmasB/FXGL
10:52:11.413 [JavaFX Application Thread] INFO  Engine               -       Ask questions and discuss at: https://github.com/AlmasB/FXGL/discussions
10:52:11.413 [JavaFX Application Thread] INFO  Engine               -              Join the FXGL chat at: https://gitter.im/AlmasB/FXGL
10:52:11.496 [JavaFX Application Thread] DEBUG PrimaryStageWindow   - Creating a JavaFX scene
10:52:11.538 [JavaFX Application Thread] DEBUG PrimaryStageWindow   - Target settings size: 800.0 x 800.0
10:52:11.538 [JavaFX Application Thread] DEBUG PrimaryStageWindow   - Scaled scene size:    800.0 x 800.0
10:52:11.538 [JavaFX Application Thread] DEBUG PrimaryStageWindow   - Scaled ratio: (1.0, 1.0)
10:52:11.539 [JavaFX Application Thread] DEBUG PrimaryStageWindow   - Set initial scene to FXGLStartupScene
10:52:11.544 [JavaFX Application Thread] DEBUG PrimaryStageWindow   - Opening main window
10:52:11.634 [JavaFX Application Thread] DEBUG PrimaryStageWindow   - Window border size: (14.4000244140625, 37.5999755859375)
10:52:11.634 [JavaFX Application Thread] DEBUG PrimaryStageWindow   - Scaled size: 800.0 x 800.0
10:52:11.635 [JavaFX Application Thread] DEBUG PrimaryStageWindow   - Scaled ratio: (1.0, 1.0)
10:52:11.635 [JavaFX Application Thread] DEBUG PrimaryStageWindow   - Scene size: 800.0 x 800.0
10:52:11.636 [JavaFX Application Thread] DEBUG PrimaryStageWindow   - Stage size: 814.4000244140625 x 837.5999755859375
10:52:11.642 [FXGL Background Thread 1 ] DEBUG Engine               - Initializing environment variables
10:52:11.701 [FXGL Background Thread 1 ] DEBUG FXGLAssetLoaderServi - User app class for loading assets: class com.example.demo1.HelloApplication
10:52:11.701 [FXGL Background Thread 1 ] DEBUG GameApplicationServi - Applying CSS: fxgl_dark.css
10:52:11.702 [FXGL Background Thread 1 ] DEBUG FXGLAssetLoaderServi - Loading from file system: jar:file:///C:/Users/koenm/.m2/repository/com/github/almasb/fxgl/17.1/fxgl-17.1.jar!/fxglassets/ui/css/fxgl_dark.css
10:52:11.756 [FXGL Background Thread 1 ] DEBUG GameApplicationServi - Initializing application scenes
10:52:11.805 [FXGL Background Thread 1 ] DEBUG GameWorld            - Game world initialized
10:52:11.876 [FXGL Background Thread 1 ] DEBUG PhysicsWorld         - Physics world initialized: appHeight=800, physics.ppm=50,0
10:52:11.876 [FXGL Background Thread 1 ] DEBUG PhysicsWorld         - Using strategy: BRUTE_FORCE
10:52:11.881 [FXGL Background Thread 1 ] DEBUG GameScene            - Game scene initialized: 800x800
10:52:11.892 [FXGL Background Thread 1 ] DEBUG FXGL.DefaultMenu     - createMenuBodyGameMenu()
10:52:11.906 [FXGL Background Thread 1 ] DEBUG FXGL.DefaultMenu     - createOptionsMenu()
10:52:11.918 [FXGL Background Thread 1 ] DEBUG FXGLAssetLoaderServi - Loading from file system: jar:file:///C:/Users/koenm/.m2/repository/com/github/almasb/fxgl/17.1/fxgl-17.1.jar!/fxglassets/textures/particles/smoke.png
10:52:12.014 [FXGL Background Thread 1 ] DEBUG FXGLAssetLoaderServi - Loading from file system: jar:file:///C:/Users/koenm/.m2/repository/com/github/almasb/fxgl/17.1/fxgl-17.1.jar!/fxglassets/textures/particles/trace_horizontal.png
10:52:12.054 [FXGL Background Thread 1 ] DEBUG GameApplicationServi - Application scenes initialized
10:52:12.067 [FXGL Background Thread 1 ] DEBUG SystemBundleService  - Loading FXGL system data
10:52:12.072 [FXGL Background Thread 1 ] DEBUG FileSystemAccess     - Reading from: C:\Users\koenm\IdeaProjects\demo1\system\fxgl.bundle
10:52:12.080 [FXGL Background Thread 1 ] DEBUG SystemBundleService  - Bundle FXGL: {}
10:52:12.080 [FXGL Background Thread 1 ] DEBUG UpdaterService       - Checking for updates
10:52:12.085 [FXGL Background Thread 4 ] DEBUG FXGLApplication      - Loading fonts
10:52:12.085 [FXGL Background Thread 1 ] DEBUG FXGLApplication      - Loading default localization
10:52:12.086 [FXGL Background Thread 1 ] DEBUG FXGLAssetLoaderServi - Loading from file system: jar:file:///C:/Users/koenm/.m2/repository/com/github/almasb/fxgl/17.1/fxgl-17.1.jar!/fxglassets/languages/english.lang
10:52:12.086 [FXGL Background Thread 4 ] DEBUG FXGLAssetLoaderServi - Loading from file system: jar:file:///C:/Users/koenm/.m2/repository/com/github/almasb/fxgl/17.1/fxgl-17.1.jar!/fxglassets/ui/fonts/VarelaRound-Regular.ttf
10:52:12.111 [FXGL Background Thread 1 ] INFO  FXGLApplication      - FXGL initialization took: 0,468 sec
10:52:12.125 [JavaFX Application Thread] DEBUG Input                - Registered new binding: action0 - D
10:52:12.126 [JavaFX Application Thread] DEBUG Input                - Registered new binding: action1 - A
10:52:12.126 [JavaFX Application Thread] DEBUG Input                - Registered new binding: action2 - W
10:52:12.126 [JavaFX Application Thread] DEBUG Input                - Registered new binding: action3 - S
10:52:12.128 [JavaFX Application Thread] DEBUG Input                - Registered new binding: action4 - F
10:52:12.129 [JavaFX Application Thread] DEBUG FXGLAssetLoaderServi - Loading from file system: jar:file:///C:/Users/koenm/.m2/repository/com/github/almasb/fxgl/17.1/fxgl-17.1.jar!/fxglassets/textures/fxgl_icon.png
10:52:12.153 [JavaFX Application Thread] DEBUG FXGLAssetLoaderServi - Loading from file system: jar:file:///C:/Users/koenm/.m2/repository/com/github/almasb/fxgl/17.1/fxgl-17.1.jar!/fxglassets/textures/fxgl_default_cursor.png
10:52:12.156 [JavaFX Application Thread] DEBUG Input                - Registered new binding: Screenshot - CTRL+8
10:52:12.157 [JavaFX Application Thread] DEBUG Input                - Registered new binding: System info dump - CTRL+9
10:52:12.157 [JavaFX Application Thread] DEBUG Input                - Registered new binding: Restart - CTRL+R
10:52:12.157 [JavaFX Application Thread] DEBUG Input                - Registered new binding: Toggle Debug Camera - CTRL+7
10:52:12.160 [JavaFX Application Thread] DEBUG LoopRunner           - Starting loop
10:52:12.160 [JavaFX Application Thread] DEBUG LoopRunner           - Initializing JavaFX AnimationTimerLoop
10:52:12.161 [JavaFX Application Thread] DEBUG GameApplicationServi - Starting new game
10:52:12.162 [JavaFX Application Thread] DEBUG Input                - Clearing active input actions
10:52:12.173 [JavaFX Application Thread] DEBUG GameApplicationServi - Removing overlay from FXGLStartupScene and adding to FXGLLoadingScene
10:52:12.174 [JavaFX Application Thread] DEBUG PrimaryStageWindow   - FXGLStartupScene -> FXGLLoadingScene
10:52:12.174 [JavaFX Application Thread] DEBUG GameApplicationServi - Clearing previous game
10:52:12.174 [JavaFX Application Thread] DEBUG GameScene            - Clearing game scene
10:52:12.174 [JavaFX Application Thread] DEBUG GameWorld            - Clearing game world
10:52:12.174 [JavaFX Application Thread] DEBUG PhysicsWorld         - Clearing physics world
10:52:12.176 [FXGL Background Thread 1 ] DEBUG FXGLApplication      - Initializing game
10:52:12.180 [FXGL Background Thread 1 ] DEBUG FXGLAssetLoaderServi - Loading from file system: file:/C:/Users/koenm/IdeaProjects/demo1/target/classes/assets/textures/brick.png
10:52:12.201 [FXGL Background Thread 1 ] INFO  FXGLApplication      - Game initialization took: 0,025 sec
10:52:12.222 [JavaFX Application Thread] DEBUG Input                - Clearing active input actions
10:52:12.233 [JavaFX Application Thread] DEBUG GameApplicationServi - Removing overlay from FXGLLoadingScene and adding to GameScene
10:52:12.234 [JavaFX Application Thread] DEBUG PrimaryStageWindow   - FXGLLoadingScene -> GameScene
10:52:12.352 [FXGL Background Thread 4 ] DEBUG FXGLAssetLoaderServi - Loading from file system: jar:file:///C:/Users/koenm/.m2/repository/com/github/almasb/fxgl/17.1/fxgl-17.1.jar!/fxglassets/ui/fonts/Abel-Regular.ttf
10:52:12.356 [FXGL Background Thread 4 ] DEBUG FXGLAssetLoaderServi - Loading from file system: jar:file:///C:/Users/koenm/.m2/repository/com/github/almasb/fxgl/17.1/fxgl-17.1.jar!/fxglassets/ui/fonts/TerminalLandMono-Regular.otf
10:52:12.361 [FXGL Background Thread 4 ] DEBUG FXGLAssetLoaderServi - Loading from file system: jar:file:///C:/Users/koenm/.m2/repository/com/github/almasb/fxgl/17.1/fxgl-17.1.jar!/fxglassets/ui/fonts/Courier-Prime.ttf
10:52:12.367 [JavaFX Application Thread] DEBUG FXGLApplication      - Registering font factories with UI factory
10:52:12.575 [FXGL Background Thread 2 ] INFO  UpdaterService       - Your current version:  17.1
10:52:12.575 [FXGL Background Thread 2 ] INFO  UpdaterService       - Latest stable version: 17.3
10:52:14.256 [JavaFX Application Thread] DEBUG FXGLApplication      - Exiting FXGL
10:52:14.256 [JavaFX Application Thread] DEBUG LoopRunner           - Stopping loop
10:52:14.256 [JavaFX Application Thread] DEBUG SystemBundleService  - Saving FXGL system data
10:52:14.258 [JavaFX Application Thread] DEBUG FileSystemAccess     - Writing to: C:\Users\koenm\IdeaProjects\demo1\system\fxgl.bundle
10:52:14.259 [JavaFX Application Thread] DEBUG Async                - Shutting down background threads
10:52:14.259 [JavaFX Application Thread] DEBUG PrimaryStageWindow   - Closing main window
10:52:14.271 [JavaFX Application Thread] DEBUG Logger               - Closing Logger
