10:22:27.390 [main                     ] DEBUG Logger               - Configured Logger
10:22:27.445 [main                     ] DEBUG GameApplication      - Logging settings
Title: Miguel
Version: 1.0
Width: 1280
Height: 720
Fullscreen: false
Intro: false
Profiling: false
Single step:false
App Mode: DEVELOPER
Menu Key: ESCAPE
Stage Style: DECORATED
Scene Factory: class com.almasb.fxglgames.platformer.PlatformerApp$1

10:22:28.011 [JavaFX Application Thread] DEBUG FXGLApplication      - Initializing FXGL
10:22:28.020 [JavaFX Application Thread] INFO  Engine               - FXGL-17.1 (24.03.2022 17.34) on WINDOWS (J:19.0.1 FX:19-ea)
10:22:28.021 [JavaFX Application Thread] DEBUG Engine               - JRE Vendor Name: Oracle Corporation
10:22:28.022 [JavaFX Application Thread] DEBUG Engine               - Running on OS: Windows 10 version 10.0
10:22:28.022 [JavaFX Application Thread] DEBUG Engine               - Architecture: amd64
10:22:28.022 [JavaFX Application Thread] INFO  Engine               - Source code and latest versions at: https://github.com/AlmasB/FXGL
10:22:28.022 [JavaFX Application Thread] INFO  Engine               -       Ask questions and discuss at: https://github.com/AlmasB/FXGL/discussions
10:22:28.023 [JavaFX Application Thread] INFO  Engine               -              Join the FXGL chat at: https://gitter.im/AlmasB/FXGL
10:22:28.161 [JavaFX Application Thread] DEBUG PrimaryStageWindow   - Creating a JavaFX scene
10:22:28.238 [JavaFX Application Thread] DEBUG PrimaryStageWindow   - Target settings size: 1280.0 x 720.0
10:22:28.239 [JavaFX Application Thread] DEBUG PrimaryStageWindow   - Scaled scene size:    1280.0 x 720.0
10:22:28.240 [JavaFX Application Thread] DEBUG PrimaryStageWindow   - Scaled ratio: (1.0, 1.0)
10:22:28.242 [JavaFX Application Thread] DEBUG PrimaryStageWindow   - Set initial scene to FXGLStartupScene
10:22:28.254 [JavaFX Application Thread] DEBUG PrimaryStageWindow   - Opening main window
10:22:28.386 [JavaFX Application Thread] DEBUG PrimaryStageWindow   - Window border size: (14.4000244140625, 37.5999755859375)
10:22:28.387 [JavaFX Application Thread] DEBUG PrimaryStageWindow   - Scaled size: 1280.0 x 720.0
10:22:28.388 [JavaFX Application Thread] DEBUG PrimaryStageWindow   - Scaled ratio: (1.0, 1.0)
10:22:28.389 [JavaFX Application Thread] DEBUG PrimaryStageWindow   - Scene size: 1280.0 x 720.0
10:22:28.390 [JavaFX Application Thread] DEBUG PrimaryStageWindow   - Stage size: 1294.4000244140625 x 757.5999755859375
10:22:28.405 [FXGL Background Thread 1 ] DEBUG Engine               - Initializing environment variables
10:22:28.494 [FXGL Background Thread 1 ] DEBUG FXGLAssetLoaderServi - User app class for loading assets: class com.almasb.fxglgames.platformer.PlatformerApp
10:22:28.494 [FXGL Background Thread 1 ] DEBUG GameApplicationServi - Applying CSS: fxgl_dark.css
10:22:28.496 [FXGL Background Thread 1 ] DEBUG FXGLAssetLoaderServi - Loading from file system: jar:file:///C:/Users/jardk/.m2/repository/com/github/almasb/fxgl/17.1/fxgl-17.1.jar!/fxglassets/ui/css/fxgl_dark.css
10:22:28.580 [FXGL Background Thread 1 ] DEBUG GameApplicationServi - Initializing application scenes
10:22:28.663 [FXGL Background Thread 1 ] DEBUG FXGLAssetLoaderServi - Loading from file system: file:/C:/ipose-groep-4/target/classes/assets/textures/player.png
10:22:28.707 [FXGL Background Thread 1 ] DEBUG GameWorld            - Game world initialized
10:22:28.804 [FXGL Background Thread 1 ] DEBUG PhysicsWorld         - Physics world initialized: appHeight=720, physics.ppm=50,0
10:22:28.805 [FXGL Background Thread 1 ] DEBUG PhysicsWorld         - Using strategy: BRUTE_FORCE
10:22:28.812 [FXGL Background Thread 1 ] DEBUG GameScene            - Game scene initialized: 1280x720
10:22:28.826 [FXGL Background Thread 1 ] DEBUG FXGL.DefaultMenu     - createMenuBodyGameMenu()
10:22:28.855 [FXGL Background Thread 1 ] DEBUG FXGL.DefaultMenu     - createOptionsMenu()
10:22:28.880 [FXGL Background Thread 1 ] DEBUG FXGLAssetLoaderServi - Loading from file system: jar:file:///C:/Users/jardk/.m2/repository/com/github/almasb/fxgl/17.1/fxgl-17.1.jar!/fxglassets/textures/particles/smoke.png
10:22:29.001 [FXGL Background Thread 1 ] DEBUG FXGLAssetLoaderServi - Loading from file system: jar:file:///C:/Users/jardk/.m2/repository/com/github/almasb/fxgl/17.1/fxgl-17.1.jar!/fxglassets/textures/particles/trace_horizontal.png
10:22:29.062 [FXGL Background Thread 1 ] DEBUG GameApplicationServi - Application scenes initialized
10:22:29.098 [FXGL Background Thread 1 ] DEBUG SystemBundleService  - Loading FXGL system data
10:22:29.110 [FXGL Background Thread 1 ] DEBUG FileSystemAccess     - Reading from: C:\ipose-groep-4\system\fxgl.bundle
10:22:29.135 [FXGL Background Thread 1 ] DEBUG SystemBundleService  - Bundle FXGL: {}
10:22:29.135 [FXGL Background Thread 1 ] DEBUG UpdaterService       - Checking for updates
10:22:29.146 [FXGL Background Thread 1 ] DEBUG FXGLApplication      - Loading default localization
10:22:29.145 [FXGL Background Thread 4 ] DEBUG FXGLApplication      - Loading fonts
10:22:29.148 [FXGL Background Thread 1 ] DEBUG FXGLAssetLoaderServi - Loading from file system: jar:file:///C:/Users/jardk/.m2/repository/com/github/almasb/fxgl/17.1/fxgl-17.1.jar!/fxglassets/languages/english.lang
10:22:29.148 [FXGL Background Thread 4 ] DEBUG FXGLAssetLoaderServi - Loading from file system: jar:file:///C:/Users/jardk/.m2/repository/com/github/almasb/fxgl/17.1/fxgl-17.1.jar!/fxglassets/ui/fonts/VarelaRound-Regular.ttf
10:22:29.188 [FXGL Background Thread 1 ] INFO  FXGLApplication      - FXGL initialization took: 0,783 sec
10:22:29.210 [JavaFX Application Thread] DEBUG Input                - Registered new binding: Left - A
10:22:29.211 [JavaFX Application Thread] DEBUG Input                - Registered new binding: Right - D
10:22:29.212 [JavaFX Application Thread] DEBUG Input                - Registered new binding: Jump - W
10:22:29.212 [JavaFX Application Thread] DEBUG Input                - Registered new binding: Use - E
10:22:29.213 [JavaFX Application Thread] DEBUG FXGLAssetLoaderServi - Loading from file system: file:/C:/ipose-groep-4/target/classes/assets/music/BGM_dash_runner.wav
10:22:29.262 [FXGL Background Thread 4 ] DEBUG FXGLAssetLoaderServi - Loading from file system: jar:file:///C:/Users/jardk/.m2/repository/com/github/almasb/fxgl/17.1/fxgl-17.1.jar!/fxglassets/ui/fonts/Abel-Regular.ttf
10:22:29.270 [FXGL Background Thread 4 ] DEBUG FXGLAssetLoaderServi - Loading from file system: jar:file:///C:/Users/jardk/.m2/repository/com/github/almasb/fxgl/17.1/fxgl-17.1.jar!/fxglassets/ui/fonts/TerminalLandMono-Regular.otf
10:22:29.279 [FXGL Background Thread 4 ] DEBUG FXGLAssetLoaderServi - Loading from file system: jar:file:///C:/Users/jardk/.m2/repository/com/github/almasb/fxgl/17.1/fxgl-17.1.jar!/fxglassets/ui/fonts/Courier-Prime.ttf
10:22:29.449 [JavaFX Application Thread] DEBUG AudioPlayer          - Playing music com.almasb.fxgl.audio.Music@213da912
10:22:29.450 [JavaFX Application Thread] DEBUG FXGLAssetLoaderServi - Loading from file system: jar:file:///C:/Users/jardk/.m2/repository/com/github/almasb/fxgl/17.1/fxgl-17.1.jar!/fxglassets/textures/fxgl_icon.png
10:22:29.477 [JavaFX Application Thread] DEBUG FXGLAssetLoaderServi - Loading from file system: jar:file:///C:/Users/jardk/.m2/repository/com/github/almasb/fxgl/17.1/fxgl-17.1.jar!/fxglassets/textures/fxgl_default_cursor.png
10:22:29.480 [JavaFX Application Thread] DEBUG Input                - Registered new binding: Screenshot - CTRL+8
10:22:29.481 [JavaFX Application Thread] DEBUG Input                - Registered new binding: System info dump - CTRL+9
10:22:29.481 [JavaFX Application Thread] DEBUG Input                - Registered new binding: Restart - CTRL+R
10:22:29.482 [JavaFX Application Thread] DEBUG Input                - Registered new binding: Toggle Debug Camera - CTRL+7
10:22:29.485 [JavaFX Application Thread] DEBUG LoopRunner           - Starting loop
10:22:29.485 [JavaFX Application Thread] DEBUG LoopRunner           - Initializing JavaFX AnimationTimerLoop
10:22:29.488 [JavaFX Application Thread] DEBUG GameApplicationServi - Starting new game
10:22:29.489 [JavaFX Application Thread] DEBUG Input                - Clearing active input actions
10:22:29.519 [JavaFX Application Thread] DEBUG GameApplicationServi - Removing overlay from FXGLStartupScene and adding to MainLoadingScene
10:22:29.521 [JavaFX Application Thread] DEBUG PrimaryStageWindow   - FXGLStartupScene -> MainLoadingScene
10:22:29.521 [JavaFX Application Thread] DEBUG GameApplicationServi - Clearing previous game
10:22:29.521 [JavaFX Application Thread] DEBUG GameScene            - Clearing game scene
10:22:29.521 [JavaFX Application Thread] DEBUG GameWorld            - Clearing game world
10:22:29.521 [JavaFX Application Thread] DEBUG PhysicsWorld         - Clearing physics world
10:22:29.524 [JavaFX Application Thread] DEBUG FXGLApplication      - Registering font factories with UI factory
10:22:29.524 [FXGL Background Thread 4 ] DEBUG FXGLApplication      - Initializing game
10:22:29.595 [FXGL Background Thread 4 ] WARN  TMXLevelLoader       - TiledMap generated from 1.10.0. Supported version: 1.4.2. Some features may not be parsed fully.
10:22:29.613 [FXGL Background Thread 4 ] DEBUG TMXLevelLoader       - Parsed TiledMap: file:/C:/ipose-groep-4/target/classes/assets/levels/tmx/level1.tmx
10:22:29.615 [FXGL Background Thread 4 ] DEBUG TMXLevelLoader       - Creating tile layer entities
10:22:29.617 [FXGL Background Thread 4 ] DEBUG TilesetLoader        - Loading view for layer Tile Layer 1
10:22:29.626 [FXGL Background Thread 4 ] DEBUG TilesetLoader        - Created buffer with size 4900.0x700.0
10:22:29.668 [FXGL Background Thread 4 ] DEBUG TMXLevelLoader       - Creating object layer entities
10:22:29.721 [FXGL Background Thread 4 ] DEBUG GameWorld            - Clearing removable entities
10:22:29.722 [FXGL Background Thread 4 ] DEBUG GameWorld            - Setting level: com.almasb.fxgl.entity.level.Level@26efe984
10:22:29.764 [FXGL Background Thread 4 ] DEBUG FXGLAssetLoaderServi - Loading from file system: file:/C:/ipose-groep-4/target/classes/assets/textures/trump.png
10:22:29.774 [FXGL Background Thread 4 ] DEBUG FXGLAssetLoaderServi - Loading from file system: file:/C:/ipose-groep-4/target/classes/assets/textures/background/forest.png
10:22:29.810 [FXGL Background Thread 4 ] INFO  FXGLApplication      - Game initialization took: 0,286 sec
10:22:29.811 [JavaFX Application Thread] DEBUG Input                - Clearing active input actions
10:22:29.819 [FXGL Background Thread 2 ] INFO  UpdaterService       - Your current version:  17.1
10:22:29.820 [FXGL Background Thread 2 ] INFO  UpdaterService       - Latest stable version: 17.3
10:22:29.844 [JavaFX Application Thread] DEBUG GameApplicationServi - Removing overlay from MainLoadingScene and adding to GameScene
10:22:29.845 [JavaFX Application Thread] DEBUG PrimaryStageWindow   - MainLoadingScene -> GameScene
10:22:30.861 [JavaFX Application Thread] DEBUG LoopRunner           - Stopping loop
10:22:30.863 [JavaFX Application Thread] FATAL FXGLApplication      - Uncaught Exception:
java.lang.NullPointerException: Cannot invoke "javafx.scene.control.Label.setText(String)" because "this.tijdlabel" is null
	at mario.main/com.almasb.fxglgames.platformer.PlatformerApp.lambda$initGame$1(PlatformerApp.java:174)
	at com.almasb.fxgl.core@17.1/com.almasb.fxgl.time.TimerAction.update(TimerAction.kt:69)
	at com.almasb.fxgl.core@17.1/com.almasb.fxgl.time.Timer.update(Timer.kt:38)
	at com.almasb.fxgl.scene@17.1/com.almasb.fxgl.scene.Scene.update(Scene.kt:104)
	at com.almasb.fxgl.all@17.1/com.almasb.fxgl.app.MainWindow$update$1.invoke(MainWindow.kt:115)
	at com.almasb.fxgl.all@17.1/com.almasb.fxgl.app.MainWindow$update$1.invoke(MainWindow.kt:115)
	at com.almasb.fxgl.core@17.1/com.almasb.fxgl.core.fsm.StateMachine.runOnActiveStates(StateMachine.kt:69)
	at com.almasb.fxgl.all@17.1/com.almasb.fxgl.app.MainWindow.update(MainWindow.kt:115)
	at com.almasb.fxgl.all@17.1/com.almasb.fxgl.app.FXGLApplication$GameApplicationService.onUpdate(FXGLApplication.kt:426)
	at com.almasb.fxgl.all@17.1/com.almasb.fxgl.app.Engine.loop(Engine.kt:134)
	at com.almasb.fxgl.all@17.1/com.almasb.fxgl.app.Engine.access$loop(Engine.kt:24)
	at com.almasb.fxgl.all@17.1/com.almasb.fxgl.app.Engine$loop$1.invoke(Engine.kt:28)
	at com.almasb.fxgl.all@17.1/com.almasb.fxgl.app.Engine$loop$1.invoke(Engine.kt:28)
	at com.almasb.fxgl.all@17.1/com.almasb.fxgl.app.LoopRunner.frame(LoopRunner.kt:103)
	at com.almasb.fxgl.all@17.1/com.almasb.fxgl.app.LoopRunner.access$frame(LoopRunner.kt:23)
	at com.almasb.fxgl.all@17.1/com.almasb.fxgl.app.LoopRunner$impl$2$1.onTick(LoopRunner.kt:57)
	at com.almasb.fxgl.all@17.1/com.almasb.fxgl.app.AnimationTimerLoop$timer$1.handle(LoopRunner.kt:137)
	at javafx.graphics@19-ea/javafx.animation.AnimationTimer$AnimationTimerReceiver.lambda$handle$0(AnimationTimer.java:58)
	at java.base/java.security.AccessController.doPrivileged(AccessController.java:399)
	at javafx.graphics@19-ea/javafx.animation.AnimationTimer$AnimationTimerReceiver.handle(AnimationTimer.java:57)
	at javafx.graphics@19-ea/com.sun.scenario.animation.AbstractPrimaryTimer.timePulseImpl(AbstractPrimaryTimer.java:356)
	at javafx.graphics@19-ea/com.sun.scenario.animation.AbstractPrimaryTimer$MainLoop.run(AbstractPrimaryTimer.java:266)
	at javafx.graphics@19-ea/com.sun.javafx.tk.quantum.QuantumToolkit.pulse(QuantumToolkit.java:571)
	at javafx.graphics@19-ea/com.sun.javafx.tk.quantum.QuantumToolkit.pulse(QuantumToolkit.java:555)
	at javafx.graphics@19-ea/com.sun.javafx.tk.quantum.QuantumToolkit.pulseFromQueue(QuantumToolkit.java:548)
	at javafx.graphics@19-ea/com.sun.javafx.tk.quantum.QuantumToolkit.lambda$runToolkit$11(QuantumToolkit.java:352)
	at javafx.graphics@19-ea/com.sun.glass.ui.InvokeLaterDispatcher$Future.run(InvokeLaterDispatcher.java:96)
	at javafx.graphics@19-ea/com.sun.glass.ui.win.WinApplication._runLoop(Native Method)
	at javafx.graphics@19-ea/com.sun.glass.ui.win.WinApplication.lambda$runLoop$3(WinApplication.java:184)
	at java.base/java.lang.Thread.run(Thread.java:1589)

10:22:30.864 [JavaFX Application Thread] FATAL FXGLApplication      - Application will now exit
10:22:30.895 [JavaFX Application Thread] DEBUG PrimaryStageWindow   - Push state: ErrorSubScene
10:22:30.895 [JavaFX Application Thread] DEBUG Input                - Clearing active input actions
10:22:30.904 [JavaFX Application Thread] DEBUG GameApplicationServi - Removing overlay from GameScene and adding to ErrorSubScene
10:22:30.905 [JavaFX Application Thread] DEBUG PrimaryStageWindow   - GameScene -> ErrorSubScene
10:22:32.144 [FXGL Background Thread 3 ] DEBUG Engine               - Logging environment variables
10:22:32.145 [FXGL Background Thread 3 ] DEBUG Engine               - achievements: []
10:22:32.145 [FXGL Background Thread 3 ] DEBUG Engine               - actualHeight: 720.0
10:22:32.145 [FXGL Background Thread 3 ] DEBUG Engine               - actualHeightProperty: ReadOnlyDoubleProperty [value: 720.0]
10:22:32.145 [FXGL Background Thread 3 ] DEBUG Engine               - actualWidth: 1280.0
10:22:32.145 [FXGL Background Thread 3 ] DEBUG Engine               - actualWidthProperty: ReadOnlyDoubleProperty [value: 1280.0]
10:22:32.145 [FXGL Background Thread 3 ] DEBUG Engine               - appIcon: fxgl_icon.png
10:22:32.146 [FXGL Background Thread 3 ] DEBUG Engine               - applicationMode: DEVELOPER
10:22:32.146 [FXGL Background Thread 3 ] DEBUG Engine               - cSSList: [fxgl_dark.css]
10:22:32.146 [FXGL Background Thread 3 ] DEBUG Engine               - collisionDetectionStrategy: BRUTE_FORCE
10:22:32.146 [FXGL Background Thread 3 ] DEBUG Engine               - configClass: Optional.empty
10:22:32.146 [FXGL Background Thread 3 ] DEBUG Engine               - credits: []
10:22:32.146 [FXGL Background Thread 3 ] DEBUG Engine               - defaultCursor: CursorInfo(imageName=fxgl_default_cursor.png, hotspotX=7.0, hotspotY=6.0)
10:22:32.147 [FXGL Background Thread 3 ] DEBUG Engine               - devBBoxColorProperty: ObjectProperty [value: 0xff0000ff]
10:22:32.147 [FXGL Background Thread 3 ] DEBUG Engine               - devEnableDebugCameraProperty: BooleanProperty [value: false]
10:22:32.147 [FXGL Background Thread 3 ] DEBUG Engine               - devSensorColorProperty: ObjectProperty [value: 0xffff00ff]
10:22:32.147 [FXGL Background Thread 3 ] DEBUG Engine               - devShowBBoxProperty: BooleanProperty [value: false]
10:22:32.147 [FXGL Background Thread 3 ] DEBUG Engine               - devShowPositionProperty: BooleanProperty [value: false]
10:22:32.147 [FXGL Background Thread 3 ] DEBUG Engine               - enabledMenuItems: []
10:22:32.147 [FXGL Background Thread 3 ] DEBUG Engine               - engineServices: [class com.almasb.fxgl.app.services.FXGLAssetLoaderService, class com.almasb.fxgl.app.FXGLApplication$GameApplicationService, class com.almasb.fxgl.app.services.FXGLDialogService, class com.almasb.fxgl.app.services.IOTaskExecutorService, class com.almasb.fxgl.io.FileSystemService, class com.almasb.fxgl.localization.LocalizationService, class com.almasb.fxgl.app.services.SystemBundleService, class com.almasb.fxgl.profile.SaveLoadService, class com.almasb.fxgl.ui.FXGLUIFactoryServiceProvider, class com.almasb.fxgl.ui.FXGLDialogFactoryServiceProvider, class com.almasb.fxgl.audio.AudioPlayer, class com.almasb.fxgl.notification.impl.NotificationServiceProvider, class com.almasb.fxgl.achievement.AchievementService, class com.almasb.fxgl.cutscene.CutsceneService, class com.almasb.fxgl.minigames.MiniGameService, class com.almasb.fxgl.net.NetService, class com.almasb.fxgl.app.services.UpdaterService, class com.almasb.fxgl.dev.DevService]
10:22:32.147 [FXGL Background Thread 3 ] DEBUG Engine               - fontGame: Abel-Regular.ttf
10:22:32.147 [FXGL Background Thread 3 ] DEBUG Engine               - fontMono: TerminalLandMono-Regular.otf
10:22:32.148 [FXGL Background Thread 3 ] DEBUG Engine               - fontText: Courier-Prime.ttf
10:22:32.148 [FXGL Background Thread 3 ] DEBUG Engine               - fontUI: VarelaRound-Regular.ttf
10:22:32.159 [FXGL Background Thread 3 ] DEBUG Engine               - fullScreen: BooleanProperty [value: false]
10:22:32.159 [FXGL Background Thread 3 ] DEBUG Engine               - gameDifficulty: MEDIUM
10:22:32.160 [FXGL Background Thread 3 ] DEBUG Engine               - gameDifficultyProperty: ObjectProperty [value: MEDIUM]
10:22:32.160 [FXGL Background Thread 3 ] DEBUG Engine               - globalMusicVolume: 0.5
10:22:32.160 [FXGL Background Thread 3 ] DEBUG Engine               - globalMusicVolumeProperty: DoubleProperty [value: 0.25]
10:22:32.160 [FXGL Background Thread 3 ] DEBUG Engine               - globalSoundVolume: 0.5
10:22:32.160 [FXGL Background Thread 3 ] DEBUG Engine               - globalSoundVolumeProperty: DoubleProperty [value: 0.5]
10:22:32.161 [FXGL Background Thread 3 ] DEBUG Engine               - height: 720
10:22:32.161 [FXGL Background Thread 3 ] DEBUG Engine               - is3D: false
10:22:32.162 [FXGL Background Thread 3 ] DEBUG Engine               - isAndroid: false
10:22:32.162 [FXGL Background Thread 3 ] DEBUG Engine               - isBrowser: false
10:22:32.163 [FXGL Background Thread 3 ] DEBUG Engine               - isClickFeedbackEnabled: false
10:22:32.163 [FXGL Background Thread 3 ] DEBUG Engine               - isCloseConfirmation: false
10:22:32.163 [FXGL Background Thread 3 ] DEBUG Engine               - isDesktop: true
10:22:32.164 [FXGL Background Thread 3 ] DEBUG Engine               - isDeveloperMenuEnabled: false
10:22:32.164 [FXGL Background Thread 3 ] DEBUG Engine               - isEmbedded: false
10:22:32.164 [FXGL Background Thread 3 ] DEBUG Engine               - isEntityPreloadEnabled: true
10:22:32.164 [FXGL Background Thread 3 ] DEBUG Engine               - isExperimentalTiledLargeMap: false
10:22:32.164 [FXGL Background Thread 3 ] DEBUG Engine               - isFileSystemWriteAllowed: true
10:22:32.164 [FXGL Background Thread 3 ] DEBUG Engine               - isFullScreenAllowed: false
10:22:32.164 [FXGL Background Thread 3 ] DEBUG Engine               - isFullScreenFromStart: false
10:22:32.164 [FXGL Background Thread 3 ] DEBUG Engine               - isGameMenuEnabled: true
10:22:32.164 [FXGL Background Thread 3 ] DEBUG Engine               - isIOS: false
10:22:32.164 [FXGL Background Thread 3 ] DEBUG Engine               - isIntroEnabled: false
10:22:32.164 [FXGL Background Thread 3 ] DEBUG Engine               - isLinux: false
10:22:32.164 [FXGL Background Thread 3 ] DEBUG Engine               - isMac: false
10:22:32.164 [FXGL Background Thread 3 ] DEBUG Engine               - isMainMenuEnabled: false
10:22:32.165 [FXGL Background Thread 3 ] DEBUG Engine               - isManualResizeEnabled: false
10:22:32.165 [FXGL Background Thread 3 ] DEBUG Engine               - isMobile: false
10:22:32.165 [FXGL Background Thread 3 ] DEBUG Engine               - isNative: false
10:22:32.165 [FXGL Background Thread 3 ] DEBUG Engine               - isPauseMusicWhenMinimized: true
10:22:32.166 [FXGL Background Thread 3 ] DEBUG Engine               - isPreserveResizeRatio: false
10:22:32.166 [FXGL Background Thread 3 ] DEBUG Engine               - isProfilingEnabled: false
10:22:32.166 [FXGL Background Thread 3 ] DEBUG Engine               - isScaleAffectedOnResize: true
10:22:32.166 [FXGL Background Thread 3 ] DEBUG Engine               - isSingleStep: false
10:22:32.166 [FXGL Background Thread 3 ] DEBUG Engine               - isUserProfileEnabled: false
10:22:32.166 [FXGL Background Thread 3 ] DEBUG Engine               - isWindows: true
10:22:32.166 [FXGL Background Thread 3 ] DEBUG Engine               - language: ObjectProperty [value: ENGLISH]
10:22:32.166 [FXGL Background Thread 3 ] DEBUG Engine               - menuKey: ESCAPE
10:22:32.167 [FXGL Background Thread 3 ] DEBUG Engine               - mouseSensitivity: 0.2
10:22:32.167 [FXGL Background Thread 3 ] DEBUG Engine               - notificationViewClass: class com.almasb.fxgl.notification.view.XboxNotificationView
10:22:32.167 [FXGL Background Thread 3 ] DEBUG Engine               - pixelsPerMeter: 50.0
10:22:32.167 [FXGL Background Thread 3 ] DEBUG Engine               - platform: WINDOWS
10:22:32.167 [FXGL Background Thread 3 ] DEBUG Engine               - prefHeightProperty: ReadOnlyDoubleProperty [value: 720.0]
10:22:32.167 [FXGL Background Thread 3 ] DEBUG Engine               - prefWidthProperty: ReadOnlyDoubleProperty [value: 1280.0]
10:22:32.167 [FXGL Background Thread 3 ] DEBUG Engine               - profileDir: profiles/
10:22:32.167 [FXGL Background Thread 3 ] DEBUG Engine               - profileName: StringProperty [value: DEFAULT]
10:22:32.167 [FXGL Background Thread 3 ] DEBUG Engine               - randomSeed: -1
10:22:32.168 [FXGL Background Thread 3 ] DEBUG Engine               - runtimeInfo: RuntimeInfo(platform=WINDOWS, version=17.1, build=24.03.2022 17.34)
10:22:32.168 [FXGL Background Thread 3 ] DEBUG Engine               - saveFileExt: sav
10:22:32.168 [FXGL Background Thread 3 ] DEBUG Engine               - scaledHeightProp$fxgl: DoubleProperty [bound, value: 720.0]
10:22:32.169 [FXGL Background Thread 3 ] DEBUG Engine               - scaledWidthProp$fxgl: DoubleProperty [bound, value: 1280.0]
10:22:32.169 [FXGL Background Thread 3 ] DEBUG Engine               - sceneFactory: com.almasb.fxglgames.platformer.PlatformerApp$1@c137f96
10:22:32.169 [FXGL Background Thread 3 ] DEBUG Engine               - secondsIn24h: 60
10:22:32.169 [FXGL Background Thread 3 ] DEBUG Engine               - soundMenuBack: menu/back.wav
10:22:32.169 [FXGL Background Thread 3 ] DEBUG Engine               - soundMenuPress: menu/press.wav
10:22:32.169 [FXGL Background Thread 3 ] DEBUG Engine               - soundMenuSelect: menu/select.wav
10:22:32.169 [FXGL Background Thread 3 ] DEBUG Engine               - soundNotification: core/notification.wav
10:22:32.169 [FXGL Background Thread 3 ] DEBUG Engine               - stageStyle: DECORATED
10:22:32.169 [FXGL Background Thread 3 ] DEBUG Engine               - supportedLanguages: [ENGLISH, FRENCH, GERMAN, HUNGARIAN, RUSSIAN]
10:22:32.169 [FXGL Background Thread 3 ] DEBUG Engine               - ticksPerSecond: -1
10:22:32.169 [FXGL Background Thread 3 ] DEBUG Engine               - title: Miguel
10:22:32.169 [FXGL Background Thread 3 ] DEBUG Engine               - urlGithub: https://github.com/AlmasB/FXGL
10:22:32.169 [FXGL Background Thread 3 ] DEBUG Engine               - urlLeaderboard: http://fxgl-top.herokuapp.com/
10:22:32.169 [FXGL Background Thread 3 ] DEBUG Engine               - urlPOM: https://raw.githubusercontent.com/AlmasB/FXGL/release/README.md
10:22:32.170 [FXGL Background Thread 3 ] DEBUG Engine               - userAppClass: class com.almasb.fxglgames.platformer.PlatformerApp
10:22:32.170 [FXGL Background Thread 3 ] DEBUG Engine               - version: 1.0
10:22:32.170 [FXGL Background Thread 3 ] DEBUG Engine               - versionCheckDays: 7
10:22:32.170 [FXGL Background Thread 3 ] DEBUG Engine               - width: 1280
10:22:32.170 [FXGL Background Thread 3 ] DEBUG Engine               - Logging services
10:22:32.170 [FXGL Background Thread 3 ] DEBUG Engine               - class com.almasb.fxgl.app.services.FXGLAssetLoaderService
10:22:32.170 [FXGL Background Thread 3 ] DEBUG Engine               - class com.almasb.fxgl.app.FXGLApplication$GameApplicationService
10:22:32.170 [FXGL Background Thread 3 ] DEBUG Engine               - class com.almasb.fxgl.app.services.FXGLDialogService
10:22:32.170 [FXGL Background Thread 3 ] DEBUG Engine               - class com.almasb.fxgl.app.services.IOTaskExecutorService
10:22:32.170 [FXGL Background Thread 3 ] DEBUG Engine               - class com.almasb.fxgl.io.FileSystemService
10:22:32.170 [FXGL Background Thread 3 ] DEBUG Engine               - class com.almasb.fxgl.localization.LocalizationService
10:22:32.170 [FXGL Background Thread 3 ] DEBUG Engine               - class com.almasb.fxgl.app.services.SystemBundleService
10:22:32.170 [FXGL Background Thread 3 ] DEBUG Engine               - class com.almasb.fxgl.profile.SaveLoadService
10:22:32.170 [FXGL Background Thread 3 ] DEBUG Engine               - class com.almasb.fxgl.ui.FXGLUIFactoryServiceProvider
10:22:32.170 [FXGL Background Thread 3 ] DEBUG Engine               - class com.almasb.fxgl.ui.FXGLDialogFactoryServiceProvider
10:22:32.170 [FXGL Background Thread 3 ] DEBUG Engine               - class com.almasb.fxgl.audio.AudioPlayer
10:22:32.170 [FXGL Background Thread 3 ] DEBUG Engine               - class com.almasb.fxgl.notification.impl.NotificationServiceProvider
10:22:32.170 [FXGL Background Thread 3 ] DEBUG Engine               - class com.almasb.fxgl.achievement.AchievementService
10:22:32.170 [FXGL Background Thread 3 ] DEBUG Engine               - class com.almasb.fxgl.cutscene.CutsceneService
10:22:32.171 [FXGL Background Thread 3 ] DEBUG Engine               - class com.almasb.fxgl.minigames.MiniGameService
10:22:32.171 [FXGL Background Thread 3 ] DEBUG Engine               - class com.almasb.fxgl.net.NetService
10:22:32.171 [FXGL Background Thread 3 ] DEBUG Engine               - class com.almasb.fxgl.app.services.UpdaterService
10:22:32.171 [FXGL Background Thread 3 ] DEBUG Engine               - class com.almasb.fxgl.dev.DevService
10:22:42.240 [JavaFX Application Thread] DEBUG FXGLApplication      - Exiting FXGL
10:22:42.240 [JavaFX Application Thread] DEBUG Async                - Shutting down background threads
10:22:42.240 [JavaFX Application Thread] DEBUG PrimaryStageWindow   - Closing main window
10:22:42.262 [JavaFX Application Thread] DEBUG Logger               - Closing Logger
