15:29:41.999 [main                     ] DEBUG Logger               - Configured Logger
15:29:42.047 [main                     ] DEBUG GameApplication      - Logging settings
Title: Miguel
Version: 1.0
Width: 1280
Height: 720
Fullscreen: false
Intro: false
Profiling: false
Single step:false
App Mode: DEVELOPER
Menu Key: ESCAPE
Stage Style: DECORATED
Scene Factory: class com.almasb.fxglgames.platformer.PlatformerApp$1

15:29:42.576 [JavaFX Application Thread] DEBUG FXGLApplication      - Initializing FXGL
15:29:42.580 [JavaFX Application Thread] INFO  Engine               - FXGL-17.1 (24.03.2022 17.34) on WINDOWS (J:19.0.1 FX:19-ea)
15:29:42.581 [JavaFX Application Thread] DEBUG Engine               - JRE Vendor Name: Oracle Corporation
15:29:42.581 [JavaFX Application Thread] DEBUG Engine               - Running on OS: Windows 10 version 10.0
15:29:42.581 [JavaFX Application Thread] DEBUG Engine               - Architecture: amd64
15:29:42.582 [JavaFX Application Thread] INFO  Engine               - Source code and latest versions at: https://github.com/AlmasB/FXGL
15:29:42.582 [JavaFX Application Thread] INFO  Engine               -       Ask questions and discuss at: https://github.com/AlmasB/FXGL/discussions
15:29:42.582 [JavaFX Application Thread] INFO  Engine               -              Join the FXGL chat at: https://gitter.im/AlmasB/FXGL
15:29:42.688 [JavaFX Application Thread] DEBUG PrimaryStageWindow   - Creating a JavaFX scene
15:29:42.735 [JavaFX Application Thread] DEBUG PrimaryStageWindow   - Target settings size: 1280.0 x 720.0
15:29:42.736 [JavaFX Application Thread] DEBUG PrimaryStageWindow   - Scaled scene size:    1280.0 x 720.0
15:29:42.736 [JavaFX Application Thread] DEBUG PrimaryStageWindow   - Scaled ratio: (1.0, 1.0)
15:29:42.737 [JavaFX Application Thread] DEBUG PrimaryStageWindow   - Set initial scene to FXGLStartupScene
15:29:42.744 [JavaFX Application Thread] DEBUG PrimaryStageWindow   - Opening main window
15:29:42.846 [JavaFX Application Thread] DEBUG PrimaryStageWindow   - Window border size: (14.4000244140625, 37.5999755859375)
15:29:42.846 [JavaFX Application Thread] DEBUG PrimaryStageWindow   - Scaled size: 1280.0 x 720.0
15:29:42.846 [JavaFX Application Thread] DEBUG PrimaryStageWindow   - Scaled ratio: (1.0, 1.0)
15:29:42.847 [JavaFX Application Thread] DEBUG PrimaryStageWindow   - Scene size: 1280.0 x 720.0
15:29:42.847 [JavaFX Application Thread] DEBUG PrimaryStageWindow   - Stage size: 1294.4000244140625 x 757.5999755859375
15:29:42.857 [FXGL Background Thread 1 ] DEBUG Engine               - Initializing environment variables
15:29:42.899 [FXGL Background Thread 1 ] DEBUG FXGLAssetLoaderServi - User app class for loading assets: class com.almasb.fxglgames.platformer.PlatformerApp
15:29:42.899 [FXGL Background Thread 1 ] DEBUG GameApplicationServi - Applying CSS: fxgl_dark.css
15:29:42.900 [FXGL Background Thread 1 ] DEBUG FXGLAssetLoaderServi - Loading from file system: jar:file:///C:/Users/koenm/.m2/repository/com/github/almasb/fxgl/17.1/fxgl-17.1.jar!/fxglassets/ui/css/fxgl_dark.css
15:29:42.938 [FXGL Background Thread 1 ] DEBUG GameApplicationServi - Initializing application scenes
15:29:42.979 [FXGL Background Thread 1 ] DEBUG FXGLAssetLoaderServi - Loading from file system: file:/C:/Users/koenm/Documents/GitHub/ipose-groep-4/target/classes/assets/textures/player.png
15:29:42.996 [FXGL Background Thread 1 ] DEBUG GameWorld            - Game world initialized
15:29:43.045 [FXGL Background Thread 1 ] DEBUG PhysicsWorld         - Physics world initialized: appHeight=720, physics.ppm=50,0
15:29:43.045 [FXGL Background Thread 1 ] DEBUG PhysicsWorld         - Using strategy: BRUTE_FORCE
15:29:43.048 [FXGL Background Thread 1 ] DEBUG GameScene            - Game scene initialized: 1280x720
15:29:43.056 [FXGL Background Thread 1 ] DEBUG FXGL.DefaultMenu     - createMenuBodyMainMenu()
15:29:43.069 [FXGL Background Thread 1 ] DEBUG FXGL.DefaultMenu     - createOptionsMenu()
15:29:43.078 [FXGL Background Thread 1 ] DEBUG FXGLAssetLoaderServi - Loading from file system: jar:file:///C:/Users/koenm/.m2/repository/com/github/almasb/fxgl/17.1/fxgl-17.1.jar!/fxglassets/textures/particles/smoke.png
15:29:43.147 [FXGL Background Thread 1 ] DEBUG FXGLAssetLoaderServi - Loading from file system: jar:file:///C:/Users/koenm/.m2/repository/com/github/almasb/fxgl/17.1/fxgl-17.1.jar!/fxglassets/textures/particles/trace_horizontal.png
15:29:43.175 [FXGL Background Thread 1 ] DEBUG FXGL.DefaultMenu     - createMenuBodyGameMenu()
15:29:43.177 [FXGL Background Thread 1 ] DEBUG FXGL.DefaultMenu     - createOptionsMenu()
15:29:43.192 [FXGL Background Thread 1 ] DEBUG GameApplicationServi - Application scenes initialized
15:29:43.201 [FXGL Background Thread 1 ] DEBUG SystemBundleService  - Loading FXGL system data
15:29:43.206 [FXGL Background Thread 1 ] DEBUG FileSystemAccess     - Reading from: C:\Users\koenm\Documents\GitHub\ipose-groep-4\system\fxgl.bundle
15:29:43.215 [FXGL Background Thread 1 ] DEBUG SystemBundleService  - Bundle FXGL: {}
15:29:43.215 [FXGL Background Thread 1 ] DEBUG UpdaterService       - Checking for updates
15:29:43.219 [FXGL Background Thread 4 ] DEBUG FXGLApplication      - Loading fonts
15:29:43.219 [FXGL Background Thread 1 ] DEBUG FXGLApplication      - Loading default localization
15:29:43.220 [FXGL Background Thread 4 ] DEBUG FXGLAssetLoaderServi - Loading from file system: jar:file:///C:/Users/koenm/.m2/repository/com/github/almasb/fxgl/17.1/fxgl-17.1.jar!/fxglassets/ui/fonts/VarelaRound-Regular.ttf
15:29:43.220 [FXGL Background Thread 1 ] DEBUG FXGLAssetLoaderServi - Loading from file system: jar:file:///C:/Users/koenm/.m2/repository/com/github/almasb/fxgl/17.1/fxgl-17.1.jar!/fxglassets/languages/english.lang
15:29:43.244 [FXGL Background Thread 1 ] INFO  FXGLApplication      - FXGL initialization took: 0,387 sec
15:29:43.255 [JavaFX Application Thread] DEBUG Input                - Registered new binding: Left - A
15:29:43.255 [JavaFX Application Thread] DEBUG Input                - Registered new binding: Right - D
15:29:43.256 [JavaFX Application Thread] DEBUG Input                - Registered new binding: Jump - W
15:29:43.256 [JavaFX Application Thread] DEBUG Input                - Registered new binding: Use - E
15:29:43.256 [JavaFX Application Thread] DEBUG FXGLAssetLoaderServi - Loading from file system: file:/C:/Users/koenm/Documents/GitHub/ipose-groep-4/target/classes/assets/music/BGM_dash_runner.wav
15:29:43.329 [FXGL Background Thread 4 ] DEBUG FXGLAssetLoaderServi - Loading from file system: jar:file:///C:/Users/koenm/.m2/repository/com/github/almasb/fxgl/17.1/fxgl-17.1.jar!/fxglassets/ui/fonts/Abel-Regular.ttf
15:29:43.333 [FXGL Background Thread 4 ] DEBUG FXGLAssetLoaderServi - Loading from file system: jar:file:///C:/Users/koenm/.m2/repository/com/github/almasb/fxgl/17.1/fxgl-17.1.jar!/fxglassets/ui/fonts/TerminalLandMono-Regular.otf
15:29:43.336 [FXGL Background Thread 4 ] DEBUG FXGLAssetLoaderServi - Loading from file system: jar:file:///C:/Users/koenm/.m2/repository/com/github/almasb/fxgl/17.1/fxgl-17.1.jar!/fxglassets/ui/fonts/Courier-Prime.ttf
15:29:43.429 [JavaFX Application Thread] DEBUG AudioPlayer          - Playing music com.almasb.fxgl.audio.Music@63167641
15:29:43.429 [JavaFX Application Thread] DEBUG FXGLAssetLoaderServi - Loading from file system: jar:file:///C:/Users/koenm/.m2/repository/com/github/almasb/fxgl/17.1/fxgl-17.1.jar!/fxglassets/textures/fxgl_icon.png
15:29:43.447 [JavaFX Application Thread] DEBUG FXGLAssetLoaderServi - Loading from file system: jar:file:///C:/Users/koenm/.m2/repository/com/github/almasb/fxgl/17.1/fxgl-17.1.jar!/fxglassets/textures/fxgl_default_cursor.png
15:29:43.450 [JavaFX Application Thread] DEBUG Input                - Registered new binding: Screenshot - CTRL+8
15:29:43.451 [JavaFX Application Thread] DEBUG Input                - Registered new binding: System info dump - CTRL+9
15:29:43.451 [JavaFX Application Thread] DEBUG Input                - Registered new binding: Restart - CTRL+R
15:29:43.451 [JavaFX Application Thread] DEBUG Input                - Registered new binding: Toggle Debug Camera - CTRL+7
15:29:43.453 [JavaFX Application Thread] DEBUG LoopRunner           - Starting loop
15:29:43.453 [JavaFX Application Thread] DEBUG LoopRunner           - Initializing JavaFX AnimationTimerLoop
15:29:43.456 [JavaFX Application Thread] DEBUG Input                - Clearing active input actions
15:29:43.469 [JavaFX Application Thread] DEBUG GameApplicationServi - Removing overlay from FXGLStartupScene and adding to FXGLMainMenuDummyScene
15:29:43.469 [JavaFX Application Thread] DEBUG PrimaryStageWindow   - FXGLStartupScene -> FXGLMainMenuDummyScene
15:29:43.470 [JavaFX Application Thread] DEBUG PrimaryStageWindow   - Push state: FXGLDefaultMenu
15:29:43.473 [JavaFX Application Thread] DEBUG Input                - Clearing active input actions
15:29:43.482 [JavaFX Application Thread] DEBUG GameApplicationServi - Removing overlay from FXGLMainMenuDummyScene and adding to FXGLDefaultMenu
15:29:43.482 [JavaFX Application Thread] DEBUG PrimaryStageWindow   - FXGLMainMenuDummyScene -> FXGLDefaultMenu
15:29:43.489 [JavaFX Application Thread] DEBUG FXGLApplication      - Registering font factories with UI factory
15:29:43.640 [FXGL Background Thread 2 ] INFO  UpdaterService       - Your current version:  17.1
15:29:43.640 [FXGL Background Thread 2 ] INFO  UpdaterService       - Latest stable version: 17.3
15:29:44.607 [JavaFX Application Thread] DEBUG Menu                 - fireNewGame()
15:29:44.607 [JavaFX Application Thread] DEBUG GameApplicationServi - Starting new game
15:29:44.612 [JavaFX Application Thread] DEBUG PrimaryStageWindow   - Pop state: FXGLDefaultMenu
15:29:44.613 [JavaFX Application Thread] DEBUG Input                - Clearing active input actions
15:29:44.613 [JavaFX Application Thread] DEBUG GameApplicationServi - Removing overlay from FXGLDefaultMenu and adding to FXGLMainMenuDummyScene
15:29:44.613 [JavaFX Application Thread] DEBUG PrimaryStageWindow   - FXGLMainMenuDummyScene <- FXGLDefaultMenu
15:29:44.614 [JavaFX Application Thread] DEBUG Input                - Clearing active input actions
15:29:44.619 [JavaFX Application Thread] DEBUG GameApplicationServi - Removing overlay from FXGLMainMenuDummyScene and adding to MainLoadingScene
15:29:44.620 [JavaFX Application Thread] DEBUG PrimaryStageWindow   - FXGLMainMenuDummyScene -> MainLoadingScene
15:29:44.620 [JavaFX Application Thread] DEBUG GameApplicationServi - Clearing previous game
15:29:44.620 [JavaFX Application Thread] DEBUG GameScene            - Clearing game scene
15:29:44.620 [JavaFX Application Thread] DEBUG GameWorld            - Clearing game world
15:29:44.620 [JavaFX Application Thread] DEBUG PhysicsWorld         - Clearing physics world
15:29:44.622 [FXGL Background Thread 2 ] DEBUG FXGLApplication      - Initializing game
15:29:44.646 [FXGL Background Thread 2 ] WARN  TMXLevelLoader       - TiledMap generated from 1.10.1. Supported version: 1.4.2. Some features may not be parsed fully.
15:29:44.651 [FXGL Background Thread 2 ] DEBUG TMXLevelLoader       - Parsed TiledMap: file:/C:/Users/koenm/Documents/GitHub/ipose-groep-4/target/classes/assets/levels/tmx/level3.tmx
15:29:44.652 [FXGL Background Thread 2 ] DEBUG TMXLevelLoader       - Creating tile layer entities
15:29:44.653 [FXGL Background Thread 2 ] DEBUG TilesetLoader        - Loading view for layer Tile Layer 1
15:29:44.660 [FXGL Background Thread 2 ] DEBUG TilesetLoader        - Created buffer with size 4900.0x700.0
15:29:44.679 [FXGL Background Thread 2 ] DEBUG TMXLevelLoader       - Creating object layer entities
15:29:44.714 [FXGL Background Thread 2 ] DEBUG GameWorld            - Clearing removable entities
15:29:44.715 [FXGL Background Thread 2 ] DEBUG GameWorld            - Setting level: com.almasb.fxgl.entity.level.Level@263d3b3f
15:29:44.733 [FXGL Background Thread 2 ] DEBUG FXGLAssetLoaderServi - Loading from file system: file:/C:/Users/koenm/Documents/GitHub/ipose-groep-4/target/classes/assets/textures/trump.png
15:29:44.738 [FXGL Background Thread 2 ] DEBUG FXGLAssetLoaderServi - Loading from file system: file:/C:/Users/koenm/Documents/GitHub/ipose-groep-4/target/classes/assets/textures/background/forest.png
15:29:44.750 [FXGL Background Thread 2 ] INFO  FXGLApplication      - Game initialization took: 0,129 sec
15:29:44.751 [JavaFX Application Thread] DEBUG Input                - Clearing active input actions
15:29:44.756 [JavaFX Application Thread] DEBUG GameApplicationServi - Removing overlay from MainLoadingScene and adding to GameScene
15:29:44.756 [JavaFX Application Thread] DEBUG PrimaryStageWindow   - MainLoadingScene -> GameScene
15:29:46.219 [FXGL Background Thread 3 ] DEBUG Engine               - Logging environment variables
15:29:46.219 [FXGL Background Thread 3 ] DEBUG Engine               - achievements: []
15:29:46.219 [FXGL Background Thread 3 ] DEBUG Engine               - actualHeight: 720.0
15:29:46.219 [FXGL Background Thread 3 ] DEBUG Engine               - actualHeightProperty: ReadOnlyDoubleProperty [value: 720.0]
15:29:46.219 [FXGL Background Thread 3 ] DEBUG Engine               - actualWidth: 1280.0
15:29:46.219 [FXGL Background Thread 3 ] DEBUG Engine               - actualWidthProperty: ReadOnlyDoubleProperty [value: 1280.0]
15:29:46.219 [FXGL Background Thread 3 ] DEBUG Engine               - appIcon: fxgl_icon.png
15:29:46.219 [FXGL Background Thread 3 ] DEBUG Engine               - applicationMode: DEVELOPER
15:29:46.219 [FXGL Background Thread 3 ] DEBUG Engine               - cSSList: [fxgl_dark.css]
15:29:46.219 [FXGL Background Thread 3 ] DEBUG Engine               - collisionDetectionStrategy: BRUTE_FORCE
15:29:46.220 [FXGL Background Thread 3 ] DEBUG Engine               - configClass: Optional.empty
15:29:46.220 [FXGL Background Thread 3 ] DEBUG Engine               - credits: []
15:29:46.220 [FXGL Background Thread 3 ] DEBUG Engine               - defaultCursor: CursorInfo(imageName=fxgl_default_cursor.png, hotspotX=7.0, hotspotY=6.0)
15:29:46.220 [FXGL Background Thread 3 ] DEBUG Engine               - devBBoxColorProperty: ObjectProperty [value: 0xff0000ff]
15:29:46.220 [FXGL Background Thread 3 ] DEBUG Engine               - devEnableDebugCameraProperty: BooleanProperty [value: false]
15:29:46.220 [FXGL Background Thread 3 ] DEBUG Engine               - devSensorColorProperty: ObjectProperty [value: 0xffff00ff]
15:29:46.220 [FXGL Background Thread 3 ] DEBUG Engine               - devShowBBoxProperty: BooleanProperty [value: false]
15:29:46.220 [FXGL Background Thread 3 ] DEBUG Engine               - devShowPositionProperty: BooleanProperty [value: false]
15:29:46.220 [FXGL Background Thread 3 ] DEBUG Engine               - enabledMenuItems: []
15:29:46.220 [FXGL Background Thread 3 ] DEBUG Engine               - engineServices: [class com.almasb.fxgl.app.services.FXGLAssetLoaderService, class com.almasb.fxgl.app.FXGLApplication$GameApplicationService, class com.almasb.fxgl.app.services.FXGLDialogService, class com.almasb.fxgl.app.services.IOTaskExecutorService, class com.almasb.fxgl.io.FileSystemService, class com.almasb.fxgl.localization.LocalizationService, class com.almasb.fxgl.app.services.SystemBundleService, class com.almasb.fxgl.profile.SaveLoadService, class com.almasb.fxgl.ui.FXGLUIFactoryServiceProvider, class com.almasb.fxgl.ui.FXGLDialogFactoryServiceProvider, class com.almasb.fxgl.audio.AudioPlayer, class com.almasb.fxgl.notification.impl.NotificationServiceProvider, class com.almasb.fxgl.achievement.AchievementService, class com.almasb.fxgl.cutscene.CutsceneService, class com.almasb.fxgl.minigames.MiniGameService, class com.almasb.fxgl.net.NetService, class com.almasb.fxgl.app.services.UpdaterService, class com.almasb.fxgl.dev.DevService]
15:29:46.220 [FXGL Background Thread 3 ] DEBUG Engine               - fontGame: Abel-Regular.ttf
15:29:46.220 [FXGL Background Thread 3 ] DEBUG Engine               - fontMono: TerminalLandMono-Regular.otf
15:29:46.220 [FXGL Background Thread 3 ] DEBUG Engine               - fontText: Courier-Prime.ttf
15:29:46.220 [FXGL Background Thread 3 ] DEBUG Engine               - fontUI: VarelaRound-Regular.ttf
15:29:46.220 [FXGL Background Thread 3 ] DEBUG Engine               - fullScreen: BooleanProperty [value: false]
15:29:46.220 [FXGL Background Thread 3 ] DEBUG Engine               - gameDifficulty: MEDIUM
15:29:46.221 [FXGL Background Thread 3 ] DEBUG Engine               - gameDifficultyProperty: ObjectProperty [value: MEDIUM]
15:29:46.221 [FXGL Background Thread 3 ] DEBUG Engine               - globalMusicVolume: 0.5
15:29:46.221 [FXGL Background Thread 3 ] DEBUG Engine               - globalMusicVolumeProperty: DoubleProperty [value: 0.25]
15:29:46.221 [FXGL Background Thread 3 ] DEBUG Engine               - globalSoundVolume: 0.5
15:29:46.221 [FXGL Background Thread 3 ] DEBUG Engine               - globalSoundVolumeProperty: DoubleProperty [value: 0.5]
15:29:46.221 [FXGL Background Thread 3 ] DEBUG Engine               - height: 720
15:29:46.221 [FXGL Background Thread 3 ] DEBUG Engine               - is3D: false
15:29:46.221 [FXGL Background Thread 3 ] DEBUG Engine               - isAndroid: false
15:29:46.221 [FXGL Background Thread 3 ] DEBUG Engine               - isBrowser: false
15:29:46.221 [FXGL Background Thread 3 ] DEBUG Engine               - isClickFeedbackEnabled: false
15:29:46.221 [FXGL Background Thread 3 ] DEBUG Engine               - isCloseConfirmation: false
15:29:46.221 [FXGL Background Thread 3 ] DEBUG Engine               - isDesktop: true
15:29:46.221 [FXGL Background Thread 3 ] DEBUG Engine               - isDeveloperMenuEnabled: false
15:29:46.221 [FXGL Background Thread 3 ] DEBUG Engine               - isEmbedded: false
15:29:46.221 [FXGL Background Thread 3 ] DEBUG Engine               - isEntityPreloadEnabled: true
15:29:46.222 [FXGL Background Thread 3 ] DEBUG Engine               - isExperimentalTiledLargeMap: false
15:29:46.222 [FXGL Background Thread 3 ] DEBUG Engine               - isFileSystemWriteAllowed: true
15:29:46.222 [FXGL Background Thread 3 ] DEBUG Engine               - isFullScreenAllowed: false
15:29:46.222 [FXGL Background Thread 3 ] DEBUG Engine               - isFullScreenFromStart: false
15:29:46.222 [FXGL Background Thread 3 ] DEBUG Engine               - isGameMenuEnabled: true
15:29:46.222 [FXGL Background Thread 3 ] DEBUG Engine               - isIOS: false
15:29:46.222 [FXGL Background Thread 3 ] DEBUG Engine               - isIntroEnabled: false
15:29:46.222 [FXGL Background Thread 3 ] DEBUG Engine               - isLinux: false
15:29:46.222 [FXGL Background Thread 3 ] DEBUG Engine               - isMac: false
15:29:46.222 [FXGL Background Thread 3 ] DEBUG Engine               - isMainMenuEnabled: true
15:29:46.222 [FXGL Background Thread 3 ] DEBUG Engine               - isManualResizeEnabled: false
15:29:46.222 [FXGL Background Thread 3 ] DEBUG Engine               - isMobile: false
15:29:46.222 [FXGL Background Thread 3 ] DEBUG Engine               - isNative: false
15:29:46.222 [FXGL Background Thread 3 ] DEBUG Engine               - isPauseMusicWhenMinimized: true
15:29:46.222 [FXGL Background Thread 3 ] DEBUG Engine               - isPreserveResizeRatio: false
15:29:46.222 [FXGL Background Thread 3 ] DEBUG Engine               - isProfilingEnabled: false
15:29:46.222 [FXGL Background Thread 3 ] DEBUG Engine               - isScaleAffectedOnResize: true
15:29:46.222 [FXGL Background Thread 3 ] DEBUG Engine               - isSingleStep: false
15:29:46.223 [FXGL Background Thread 3 ] DEBUG Engine               - isUserProfileEnabled: false
15:29:46.223 [FXGL Background Thread 3 ] DEBUG Engine               - isWindows: true
15:29:46.223 [FXGL Background Thread 3 ] DEBUG Engine               - language: ObjectProperty [value: ENGLISH]
15:29:46.223 [FXGL Background Thread 3 ] DEBUG Engine               - menuKey: ESCAPE
15:29:46.223 [FXGL Background Thread 3 ] DEBUG Engine               - mouseSensitivity: 0.2
15:29:46.223 [FXGL Background Thread 3 ] DEBUG Engine               - notificationViewClass: class com.almasb.fxgl.notification.view.XboxNotificationView
15:29:46.223 [FXGL Background Thread 3 ] DEBUG Engine               - pixelsPerMeter: 50.0
15:29:46.223 [FXGL Background Thread 3 ] DEBUG Engine               - platform: WINDOWS
15:29:46.223 [FXGL Background Thread 3 ] DEBUG Engine               - prefHeightProperty: ReadOnlyDoubleProperty [value: 720.0]
15:29:46.223 [FXGL Background Thread 3 ] DEBUG Engine               - prefWidthProperty: ReadOnlyDoubleProperty [value: 1280.0]
15:29:46.223 [FXGL Background Thread 3 ] DEBUG Engine               - profileDir: profiles/
15:29:46.224 [FXGL Background Thread 3 ] DEBUG Engine               - profileName: StringProperty [value: DEFAULT]
15:29:46.224 [FXGL Background Thread 3 ] DEBUG Engine               - randomSeed: -1
15:29:46.224 [FXGL Background Thread 3 ] DEBUG Engine               - runtimeInfo: RuntimeInfo(platform=WINDOWS, version=17.1, build=24.03.2022 17.34)
15:29:46.224 [FXGL Background Thread 3 ] DEBUG Engine               - saveFileExt: sav
15:29:46.224 [FXGL Background Thread 3 ] DEBUG Engine               - scaledHeightProp$fxgl: DoubleProperty [bound, value: 720.0]
15:29:46.224 [FXGL Background Thread 3 ] DEBUG Engine               - scaledWidthProp$fxgl: DoubleProperty [bound, value: 1280.0]
15:29:46.225 [FXGL Background Thread 3 ] DEBUG Engine               - sceneFactory: com.almasb.fxglgames.platformer.PlatformerApp$1@71028956
15:29:46.225 [FXGL Background Thread 3 ] DEBUG Engine               - secondsIn24h: 60
15:29:46.225 [FXGL Background Thread 3 ] DEBUG Engine               - soundMenuBack: menu/back.wav
15:29:46.225 [FXGL Background Thread 3 ] DEBUG Engine               - soundMenuPress: menu/press.wav
15:29:46.225 [FXGL Background Thread 3 ] DEBUG Engine               - soundMenuSelect: menu/select.wav
15:29:46.225 [FXGL Background Thread 3 ] DEBUG Engine               - soundNotification: core/notification.wav
15:29:46.225 [FXGL Background Thread 3 ] DEBUG Engine               - stageStyle: DECORATED
15:29:46.225 [FXGL Background Thread 3 ] DEBUG Engine               - supportedLanguages: [ENGLISH, FRENCH, GERMAN, HUNGARIAN, RUSSIAN]
15:29:46.225 [FXGL Background Thread 3 ] DEBUG Engine               - ticksPerSecond: -1
15:29:46.225 [FXGL Background Thread 3 ] DEBUG Engine               - title: Miguel
15:29:46.225 [FXGL Background Thread 3 ] DEBUG Engine               - urlGithub: https://github.com/AlmasB/FXGL
15:29:46.225 [FXGL Background Thread 3 ] DEBUG Engine               - urlLeaderboard: http://fxgl-top.herokuapp.com/
15:29:46.225 [FXGL Background Thread 3 ] DEBUG Engine               - urlPOM: https://raw.githubusercontent.com/AlmasB/FXGL/release/README.md
15:29:46.225 [FXGL Background Thread 3 ] DEBUG Engine               - userAppClass: class com.almasb.fxglgames.platformer.PlatformerApp
15:29:46.225 [FXGL Background Thread 3 ] DEBUG Engine               - version: 1.0
15:29:46.225 [FXGL Background Thread 3 ] DEBUG Engine               - versionCheckDays: 7
15:29:46.225 [FXGL Background Thread 3 ] DEBUG Engine               - width: 1280
15:29:46.225 [FXGL Background Thread 3 ] DEBUG Engine               - Logging services
15:29:46.226 [FXGL Background Thread 3 ] DEBUG Engine               - class com.almasb.fxgl.app.services.FXGLAssetLoaderService
15:29:46.226 [FXGL Background Thread 3 ] DEBUG Engine               - class com.almasb.fxgl.app.FXGLApplication$GameApplicationService
15:29:46.226 [FXGL Background Thread 3 ] DEBUG Engine               - class com.almasb.fxgl.app.services.FXGLDialogService
15:29:46.226 [FXGL Background Thread 3 ] DEBUG Engine               - class com.almasb.fxgl.app.services.IOTaskExecutorService
15:29:46.226 [FXGL Background Thread 3 ] DEBUG Engine               - class com.almasb.fxgl.io.FileSystemService
15:29:46.226 [FXGL Background Thread 3 ] DEBUG Engine               - class com.almasb.fxgl.localization.LocalizationService
15:29:46.226 [FXGL Background Thread 3 ] DEBUG Engine               - class com.almasb.fxgl.app.services.SystemBundleService
15:29:46.226 [FXGL Background Thread 3 ] DEBUG Engine               - class com.almasb.fxgl.profile.SaveLoadService
15:29:46.226 [FXGL Background Thread 3 ] DEBUG Engine               - class com.almasb.fxgl.ui.FXGLUIFactoryServiceProvider
15:29:46.226 [FXGL Background Thread 3 ] DEBUG Engine               - class com.almasb.fxgl.ui.FXGLDialogFactoryServiceProvider
15:29:46.226 [FXGL Background Thread 3 ] DEBUG Engine               - class com.almasb.fxgl.audio.AudioPlayer
15:29:46.226 [FXGL Background Thread 3 ] DEBUG Engine               - class com.almasb.fxgl.notification.impl.NotificationServiceProvider
15:29:46.226 [FXGL Background Thread 3 ] DEBUG Engine               - class com.almasb.fxgl.achievement.AchievementService
15:29:46.226 [FXGL Background Thread 3 ] DEBUG Engine               - class com.almasb.fxgl.cutscene.CutsceneService
15:29:46.226 [FXGL Background Thread 3 ] DEBUG Engine               - class com.almasb.fxgl.minigames.MiniGameService
15:29:46.226 [FXGL Background Thread 3 ] DEBUG Engine               - class com.almasb.fxgl.net.NetService
15:29:46.226 [FXGL Background Thread 3 ] DEBUG Engine               - class com.almasb.fxgl.app.services.UpdaterService
15:29:46.226 [FXGL Background Thread 3 ] DEBUG Engine               - class com.almasb.fxgl.dev.DevService
15:29:57.702 [JavaFX Application Thread] DEBUG PrimaryStageWindow   - Push state: DialogSubScene
15:29:57.703 [JavaFX Application Thread] DEBUG Input                - Clearing active input actions
15:29:57.703 [JavaFX Application Thread] DEBUG GameApplicationServi - Removing overlay from GameScene and adding to DialogSubScene
15:29:57.704 [JavaFX Application Thread] DEBUG PrimaryStageWindow   - GameScene -> DialogSubScene
15:30:28.957 [JavaFX Application Thread] DEBUG PrimaryStageWindow   - Pop state: DialogSubScene
15:30:28.957 [JavaFX Application Thread] DEBUG Input                - Clearing active input actions
15:30:28.957 [JavaFX Application Thread] DEBUG GameApplicationServi - Removing overlay from DialogSubScene and adding to GameScene
15:30:28.958 [JavaFX Application Thread] DEBUG PrimaryStageWindow   - GameScene <- DialogSubScene
15:30:28.958 [JavaFX Application Thread] DEBUG GameApplicationServi - Starting new game
15:30:28.958 [JavaFX Application Thread] DEBUG Input                - Clearing active input actions
15:30:28.961 [JavaFX Application Thread] DEBUG GameApplicationServi - Removing overlay from GameScene and adding to MainLoadingScene
15:30:28.961 [JavaFX Application Thread] DEBUG PrimaryStageWindow   - GameScene -> MainLoadingScene
15:30:28.961 [JavaFX Application Thread] DEBUG GameApplicationServi - Clearing previous game
15:30:28.961 [JavaFX Application Thread] DEBUG GameScene            - Clearing game scene
15:30:28.961 [JavaFX Application Thread] DEBUG GameWorld            - Clearing game world
15:30:28.962 [JavaFX Application Thread] DEBUG PhysicsWorld         - Clearing physics world
15:30:28.962 [FXGL Background Thread 2 ] DEBUG FXGLApplication      - Initializing game
15:30:28.964 [FXGL Background Thread 2 ] WARN  TMXLevelLoader       - TiledMap generated from 1.10.1. Supported version: 1.4.2. Some features may not be parsed fully.
15:30:28.967 [FXGL Background Thread 2 ] DEBUG TMXLevelLoader       - Parsed TiledMap: file:/C:/Users/koenm/Documents/GitHub/ipose-groep-4/target/classes/assets/levels/tmx/level3.tmx
15:30:28.967 [FXGL Background Thread 2 ] DEBUG TMXLevelLoader       - Creating tile layer entities
15:30:28.967 [FXGL Background Thread 2 ] DEBUG TilesetLoader        - Loading view for layer Tile Layer 1
15:30:28.971 [FXGL Background Thread 2 ] DEBUG TilesetLoader        - Created buffer with size 4900.0x700.0
15:30:28.983 [FXGL Background Thread 2 ] DEBUG TMXLevelLoader       - Creating object layer entities
15:30:28.988 [FXGL Background Thread 2 ] DEBUG GameWorld            - Clearing removable entities
15:30:28.989 [FXGL Background Thread 2 ] DEBUG GameWorld            - Setting level: com.almasb.fxgl.entity.level.Level@6ac9127c
15:30:28.990 [FXGL Background Thread 2 ] INFO  FXGLApplication      - Game initialization took: 0,029 sec
15:30:28.990 [JavaFX Application Thread] DEBUG Input                - Clearing active input actions
15:30:28.994 [JavaFX Application Thread] DEBUG GameApplicationServi - Removing overlay from MainLoadingScene and adding to GameScene
15:30:28.995 [JavaFX Application Thread] DEBUG PrimaryStageWindow   - MainLoadingScene -> GameScene
15:30:32.982 [JavaFX Application Thread] DEBUG PrimaryStageWindow   - Push state: DialogSubScene
15:30:32.982 [JavaFX Application Thread] DEBUG Input                - Clearing active input actions
15:30:32.983 [JavaFX Application Thread] DEBUG GameApplicationServi - Removing overlay from GameScene and adding to DialogSubScene
15:30:32.984 [JavaFX Application Thread] DEBUG PrimaryStageWindow   - GameScene -> DialogSubScene
15:30:53.936 [JavaFX Application Thread] DEBUG PrimaryStageWindow   - Pop state: DialogSubScene
15:30:53.936 [JavaFX Application Thread] DEBUG Input                - Clearing active input actions
15:30:53.936 [JavaFX Application Thread] DEBUG GameApplicationServi - Removing overlay from DialogSubScene and adding to GameScene
15:30:53.936 [JavaFX Application Thread] DEBUG PrimaryStageWindow   - GameScene <- DialogSubScene
15:30:53.936 [JavaFX Application Thread] DEBUG GameApplicationServi - Starting new game
15:30:53.936 [JavaFX Application Thread] DEBUG Input                - Clearing active input actions
15:30:53.939 [JavaFX Application Thread] DEBUG GameApplicationServi - Removing overlay from GameScene and adding to MainLoadingScene
15:30:53.939 [JavaFX Application Thread] DEBUG PrimaryStageWindow   - GameScene -> MainLoadingScene
15:30:53.939 [JavaFX Application Thread] DEBUG GameApplicationServi - Clearing previous game
15:30:53.939 [JavaFX Application Thread] DEBUG GameScene            - Clearing game scene
15:30:53.939 [JavaFX Application Thread] DEBUG GameWorld            - Clearing game world
15:30:53.940 [JavaFX Application Thread] DEBUG PhysicsWorld         - Clearing physics world
15:30:53.940 [FXGL Background Thread 2 ] DEBUG FXGLApplication      - Initializing game
15:30:53.942 [FXGL Background Thread 2 ] WARN  TMXLevelLoader       - TiledMap generated from 1.10.1. Supported version: 1.4.2. Some features may not be parsed fully.
15:30:53.944 [FXGL Background Thread 2 ] DEBUG TMXLevelLoader       - Parsed TiledMap: file:/C:/Users/koenm/Documents/GitHub/ipose-groep-4/target/classes/assets/levels/tmx/level3.tmx
15:30:53.944 [FXGL Background Thread 2 ] DEBUG TMXLevelLoader       - Creating tile layer entities
15:30:53.945 [FXGL Background Thread 2 ] DEBUG TilesetLoader        - Loading view for layer Tile Layer 1
15:30:53.950 [FXGL Background Thread 2 ] DEBUG TilesetLoader        - Created buffer with size 4900.0x700.0
15:30:53.959 [FXGL Background Thread 2 ] DEBUG TMXLevelLoader       - Creating object layer entities
15:30:53.961 [FXGL Background Thread 2 ] DEBUG GameWorld            - Clearing removable entities
15:30:53.961 [FXGL Background Thread 2 ] DEBUG GameWorld            - Setting level: com.almasb.fxgl.entity.level.Level@7d881382
15:30:53.968 [FXGL Background Thread 2 ] INFO  FXGLApplication      - Game initialization took: 0,027 sec
15:30:53.968 [JavaFX Application Thread] DEBUG Input                - Clearing active input actions
15:30:53.971 [JavaFX Application Thread] DEBUG GameApplicationServi - Removing overlay from MainLoadingScene and adding to GameScene
15:30:53.972 [JavaFX Application Thread] DEBUG PrimaryStageWindow   - MainLoadingScene -> GameScene
15:30:55.017 [JavaFX Application Thread] DEBUG FXGLApplication      - Exiting FXGL
15:30:55.017 [JavaFX Application Thread] DEBUG LoopRunner           - Stopping loop
15:30:55.017 [JavaFX Application Thread] DEBUG SystemBundleService  - Saving FXGL system data
15:30:55.018 [JavaFX Application Thread] DEBUG FileSystemAccess     - Writing to: C:\Users\koenm\Documents\GitHub\ipose-groep-4\system\fxgl.bundle
15:30:55.020 [JavaFX Application Thread] DEBUG Async                - Shutting down background threads
15:30:55.020 [JavaFX Application Thread] DEBUG PrimaryStageWindow   - Closing main window
15:30:55.030 [JavaFX Application Thread] DEBUG Logger               - Closing Logger
