13:38:04.306 [main                     ] DEBUG Logger               - Configured Logger
13:38:04.333 [main                     ] DEBUG GameApplication      - Logging settings
Title: Untitled
Version: 0.0
Width: 1400
Height: 720
Fullscreen: false
Intro: false
Profiling: false
Single step:false
App Mode: DEVELOPER
Menu Key: ESCAPE
Stage Style: DECORATED
Scene Factory: class com.nieuw.MiguelPlatformer.PlatformerApp$1

13:38:04.637 [JavaFX Application Thread] DEBUG FXGLApplication      - Initializing FXGL
13:38:04.642 [JavaFX Application Thread] INFO  Engine               - FXGL-17.1 (24.03.2022 17.34) on WINDOWS (J:19.0.1 FX:19-ea)
13:38:04.642 [JavaFX Application Thread] DEBUG Engine               - JRE Vendor Name: Oracle Corporation
13:38:04.642 [JavaFX Application Thread] DEBUG Engine               - Running on OS: Windows 10 version 10.0
13:38:04.643 [JavaFX Application Thread] DEBUG Engine               - Architecture: amd64
13:38:04.643 [JavaFX Application Thread] INFO  Engine               - Source code and latest versions at: https://github.com/AlmasB/FXGL
13:38:04.643 [JavaFX Application Thread] INFO  Engine               -       Ask questions and discuss at: https://github.com/AlmasB/FXGL/discussions
13:38:04.643 [JavaFX Application Thread] INFO  Engine               -              Join the FXGL chat at: https://gitter.im/AlmasB/FXGL
13:38:04.713 [JavaFX Application Thread] DEBUG PrimaryStageWindow   - Creating a JavaFX scene
13:38:04.751 [JavaFX Application Thread] DEBUG PrimaryStageWindow   - Target settings size: 1400.0 x 720.0
13:38:04.751 [JavaFX Application Thread] DEBUG PrimaryStageWindow   - Scaled scene size:    1400.0 x 720.0
13:38:04.752 [JavaFX Application Thread] DEBUG PrimaryStageWindow   - Scaled ratio: (1.0, 1.0)
13:38:04.753 [JavaFX Application Thread] DEBUG PrimaryStageWindow   - Set initial scene to FXGLStartupScene
13:38:04.760 [JavaFX Application Thread] DEBUG PrimaryStageWindow   - Opening main window
13:38:04.829 [JavaFX Application Thread] DEBUG PrimaryStageWindow   - Window border size: (14.4000244140625, 37.5999755859375)
13:38:04.829 [JavaFX Application Thread] DEBUG PrimaryStageWindow   - Scaled size: 1400.0 x 720.0
13:38:04.829 [JavaFX Application Thread] DEBUG PrimaryStageWindow   - Scaled ratio: (1.0, 1.0)
13:38:04.829 [JavaFX Application Thread] DEBUG PrimaryStageWindow   - Scene size: 1400.0 x 720.0
13:38:04.830 [JavaFX Application Thread] DEBUG PrimaryStageWindow   - Stage size: 1414.4000244140625 x 757.5999755859375
13:38:04.838 [FXGL Background Thread 1 ] DEBUG Engine               - Initializing environment variables
13:38:04.888 [FXGL Background Thread 1 ] DEBUG FXGLAssetLoaderServi - User app class for loading assets: class com.nieuw.MiguelPlatformer.PlatformerApp
13:38:04.888 [FXGL Background Thread 1 ] DEBUG GameApplicationServi - Applying CSS: fxgl_dark.css
13:38:04.889 [FXGL Background Thread 1 ] DEBUG FXGLAssetLoaderServi - Loading from file system: jar:file:///C:/Users/jardk/.m2/repository/com/github/almasb/fxgl/17.1/fxgl-17.1.jar!/fxglassets/ui/css/fxgl_dark.css
13:38:04.927 [FXGL Background Thread 1 ] DEBUG GameApplicationServi - Initializing application scenes
13:38:04.971 [FXGL Background Thread 1 ] DEBUG FXGLAssetLoaderServi - Loading from file system: file:/C:/ipose-groep-4/target/classes/assets/textures/player.png
13:38:04.988 [FXGL Background Thread 1 ] DEBUG GameWorld            - Game world initialized
13:38:05.042 [FXGL Background Thread 1 ] DEBUG PhysicsWorld         - Physics world initialized: appHeight=720, physics.ppm=50,0
13:38:05.043 [FXGL Background Thread 1 ] DEBUG PhysicsWorld         - Using strategy: BRUTE_FORCE
13:38:05.047 [FXGL Background Thread 1 ] DEBUG GameScene            - Game scene initialized: 1400x720
13:38:05.058 [FXGL Background Thread 1 ] DEBUG FXGL.DefaultMenu     - createMenuBodyGameMenu()
13:38:05.072 [FXGL Background Thread 1 ] DEBUG FXGL.DefaultMenu     - createOptionsMenu()
13:38:05.085 [FXGL Background Thread 1 ] DEBUG FXGLAssetLoaderServi - Loading from file system: jar:file:///C:/Users/jardk/.m2/repository/com/github/almasb/fxgl/17.1/fxgl-17.1.jar!/fxglassets/textures/particles/smoke.png
13:38:05.154 [FXGL Background Thread 1 ] DEBUG FXGLAssetLoaderServi - Loading from file system: jar:file:///C:/Users/jardk/.m2/repository/com/github/almasb/fxgl/17.1/fxgl-17.1.jar!/fxglassets/textures/particles/trace_horizontal.png
13:38:05.179 [FXGL Background Thread 1 ] DEBUG GameApplicationServi - Application scenes initialized
13:38:05.194 [FXGL Background Thread 1 ] DEBUG SystemBundleService  - Loading FXGL system data
13:38:05.199 [FXGL Background Thread 1 ] DEBUG FileSystemAccess     - Reading from: C:\ipose-groep-4\system\fxgl.bundle
13:38:05.209 [FXGL Background Thread 1 ] DEBUG SystemBundleService  - Bundle FXGL: {}
13:38:05.209 [FXGL Background Thread 1 ] DEBUG UpdaterService       - Checking for updates
13:38:05.214 [FXGL Background Thread 4 ] DEBUG FXGLApplication      - Loading fonts
13:38:05.215 [FXGL Background Thread 1 ] DEBUG FXGLApplication      - Loading default localization
13:38:05.215 [FXGL Background Thread 4 ] DEBUG FXGLAssetLoaderServi - Loading from file system: jar:file:///C:/Users/jardk/.m2/repository/com/github/almasb/fxgl/17.1/fxgl-17.1.jar!/fxglassets/ui/fonts/VarelaRound-Regular.ttf
13:38:05.216 [FXGL Background Thread 1 ] DEBUG FXGLAssetLoaderServi - Loading from file system: jar:file:///C:/Users/jardk/.m2/repository/com/github/almasb/fxgl/17.1/fxgl-17.1.jar!/fxglassets/languages/english.lang
13:38:05.232 [FXGL Background Thread 1 ] INFO  FXGLApplication      - FXGL initialization took: 0,395 sec
13:38:05.242 [JavaFX Application Thread] DEBUG Input                - Registered new binding: Left - A
13:38:05.243 [JavaFX Application Thread] DEBUG Input                - Registered new binding: Right - D
13:38:05.243 [JavaFX Application Thread] DEBUG Input                - Registered new binding: Jump - W
13:38:05.243 [JavaFX Application Thread] DEBUG Input                - Registered new binding: Use - E
13:38:05.243 [JavaFX Application Thread] DEBUG FXGLAssetLoaderServi - Loading from file system: file:/C:/ipose-groep-4/target/classes/assets/music/BGM_dash_runner.wav
13:38:05.268 [FXGL Background Thread 4 ] DEBUG FXGLAssetLoaderServi - Loading from file system: jar:file:///C:/Users/jardk/.m2/repository/com/github/almasb/fxgl/17.1/fxgl-17.1.jar!/fxglassets/ui/fonts/Abel-Regular.ttf
13:38:05.272 [FXGL Background Thread 4 ] DEBUG FXGLAssetLoaderServi - Loading from file system: jar:file:///C:/Users/jardk/.m2/repository/com/github/almasb/fxgl/17.1/fxgl-17.1.jar!/fxglassets/ui/fonts/TerminalLandMono-Regular.otf
13:38:05.276 [FXGL Background Thread 4 ] DEBUG FXGLAssetLoaderServi - Loading from file system: jar:file:///C:/Users/jardk/.m2/repository/com/github/almasb/fxgl/17.1/fxgl-17.1.jar!/fxglassets/ui/fonts/Courier-Prime.ttf
13:38:05.354 [JavaFX Application Thread] DEBUG AudioPlayer          - Playing music com.almasb.fxgl.audio.Music@69a9d3fb
13:38:05.354 [JavaFX Application Thread] DEBUG FXGLAssetLoaderServi - Loading from file system: jar:file:///C:/Users/jardk/.m2/repository/com/github/almasb/fxgl/17.1/fxgl-17.1.jar!/fxglassets/textures/fxgl_icon.png
13:38:05.369 [JavaFX Application Thread] DEBUG FXGLAssetLoaderServi - Loading from file system: jar:file:///C:/Users/jardk/.m2/repository/com/github/almasb/fxgl/17.1/fxgl-17.1.jar!/fxglassets/textures/fxgl_default_cursor.png
13:38:05.371 [JavaFX Application Thread] DEBUG Input                - Registered new binding: Screenshot - CTRL+8
13:38:05.372 [JavaFX Application Thread] DEBUG Input                - Registered new binding: System info dump - CTRL+9
13:38:05.372 [JavaFX Application Thread] DEBUG Input                - Registered new binding: Restart - CTRL+R
13:38:05.373 [JavaFX Application Thread] DEBUG Input                - Registered new binding: Toggle Debug Camera - CTRL+7
13:38:05.375 [JavaFX Application Thread] DEBUG LoopRunner           - Starting loop
13:38:05.375 [JavaFX Application Thread] DEBUG LoopRunner           - Initializing JavaFX AnimationTimerLoop
13:38:05.376 [JavaFX Application Thread] DEBUG GameApplicationServi - Starting new game
13:38:05.377 [JavaFX Application Thread] DEBUG Input                - Clearing active input actions
13:38:05.393 [JavaFX Application Thread] DEBUG GameApplicationServi - Removing overlay from FXGLStartupScene and adding to MainLoadingScene
13:38:05.394 [JavaFX Application Thread] DEBUG PrimaryStageWindow   - FXGLStartupScene -> MainLoadingScene
13:38:05.394 [JavaFX Application Thread] DEBUG GameApplicationServi - Clearing previous game
13:38:05.394 [JavaFX Application Thread] DEBUG GameScene            - Clearing game scene
13:38:05.394 [JavaFX Application Thread] DEBUG GameWorld            - Clearing game world
13:38:05.394 [JavaFX Application Thread] DEBUG PhysicsWorld         - Clearing physics world
13:38:05.395 [FXGL Background Thread 4 ] DEBUG FXGLApplication      - Initializing game
13:38:05.398 [JavaFX Application Thread] DEBUG FXGLApplication      - Registering font factories with UI factory
13:38:05.454 [FXGL Background Thread 4 ] WARN  TMXLevelLoader       - TiledMap generated from 1.2.3. Supported version: 1.4.2. Some features may not be parsed fully.
13:38:05.464 [FXGL Background Thread 4 ] DEBUG TMXLevelLoader       - Parsed TiledMap: file:/C:/ipose-groep-4/target/classes/assets/levels/tmx/level1.tmx
13:38:05.465 [FXGL Background Thread 4 ] DEBUG TMXLevelLoader       - Creating tile layer entities
13:38:05.468 [FXGL Background Thread 4 ] DEBUG TilesetLoader        - Loading view for layer Tile Layer 1
13:38:05.470 [FXGL Background Thread 4 ] DEBUG TilesetLoader        - Created buffer with size 1050.0x700.0
13:38:05.489 [FXGL Background Thread 4 ] DEBUG TMXLevelLoader       - Creating object layer entities
13:38:05.521 [FXGL Background Thread 4 ] DEBUG GameWorld            - Clearing removable entities
13:38:05.522 [FXGL Background Thread 4 ] DEBUG GameWorld            - Setting level: com.almasb.fxgl.entity.level.Level@69b9fb7d
13:38:05.551 [FXGL Background Thread 4 ] DEBUG FXGLAssetLoaderServi - Loading from file system: file:/C:/ipose-groep-4/target/classes/assets/textures/background/forest.png
13:38:05.573 [FXGL Background Thread 4 ] INFO  FXGLApplication      - Game initialization took: 0,178 sec
13:38:05.586 [FXGL Background Thread 2 ] INFO  UpdaterService       - Your current version:  17.1
13:38:05.586 [FXGL Background Thread 2 ] INFO  UpdaterService       - Latest stable version: 17.3
13:38:05.607 [JavaFX Application Thread] DEBUG Input                - Clearing active input actions
13:38:05.618 [JavaFX Application Thread] DEBUG GameApplicationServi - Removing overlay from MainLoadingScene and adding to GameScene
13:38:05.618 [JavaFX Application Thread] DEBUG PrimaryStageWindow   - MainLoadingScene -> GameScene
13:38:06.547 [JavaFX Application Thread] DEBUG PrimaryStageWindow   - Push state: FXGLDefaultMenu
13:38:06.549 [JavaFX Application Thread] DEBUG Input                - Clearing active input actions
13:38:06.553 [JavaFX Application Thread] DEBUG GameApplicationServi - Removing overlay from GameScene and adding to FXGLDefaultMenu
13:38:06.554 [JavaFX Application Thread] DEBUG PrimaryStageWindow   - GameScene -> FXGLDefaultMenu
13:38:08.213 [FXGL Background Thread 3 ] DEBUG Engine               - Logging environment variables
13:38:08.213 [FXGL Background Thread 3 ] DEBUG Engine               - achievements: []
13:38:08.214 [FXGL Background Thread 3 ] DEBUG Engine               - actualHeight: 720.0
13:38:08.214 [FXGL Background Thread 3 ] DEBUG Engine               - actualHeightProperty: ReadOnlyDoubleProperty [value: 720.0]
13:38:08.214 [FXGL Background Thread 3 ] DEBUG Engine               - actualWidth: 1400.0
13:38:08.214 [FXGL Background Thread 3 ] DEBUG Engine               - actualWidthProperty: ReadOnlyDoubleProperty [value: 1400.0]
13:38:08.214 [FXGL Background Thread 3 ] DEBUG Engine               - appIcon: fxgl_icon.png
13:38:08.214 [FXGL Background Thread 3 ] DEBUG Engine               - applicationMode: DEVELOPER
13:38:08.214 [FXGL Background Thread 3 ] DEBUG Engine               - cSSList: [fxgl_dark.css]
13:38:08.214 [FXGL Background Thread 3 ] DEBUG Engine               - collisionDetectionStrategy: BRUTE_FORCE
13:38:08.214 [FXGL Background Thread 3 ] DEBUG Engine               - configClass: Optional.empty
13:38:08.214 [FXGL Background Thread 3 ] DEBUG Engine               - credits: []
13:38:08.215 [FXGL Background Thread 3 ] DEBUG Engine               - defaultCursor: CursorInfo(imageName=fxgl_default_cursor.png, hotspotX=7.0, hotspotY=6.0)
13:38:08.216 [FXGL Background Thread 3 ] DEBUG Engine               - devBBoxColorProperty: ObjectProperty [value: 0xff0000ff]
13:38:08.216 [FXGL Background Thread 3 ] DEBUG Engine               - devEnableDebugCameraProperty: BooleanProperty [value: false]
13:38:08.216 [FXGL Background Thread 3 ] DEBUG Engine               - devSensorColorProperty: ObjectProperty [value: 0xffff00ff]
13:38:08.216 [FXGL Background Thread 3 ] DEBUG Engine               - devShowBBoxProperty: BooleanProperty [value: false]
13:38:08.216 [FXGL Background Thread 3 ] DEBUG Engine               - devShowPositionProperty: BooleanProperty [value: false]
13:38:08.216 [FXGL Background Thread 3 ] DEBUG Engine               - enabledMenuItems: []
13:38:08.216 [FXGL Background Thread 3 ] DEBUG Engine               - engineServices: [class com.almasb.fxgl.app.services.FXGLAssetLoaderService, class com.almasb.fxgl.app.FXGLApplication$GameApplicationService, class com.almasb.fxgl.app.services.FXGLDialogService, class com.almasb.fxgl.app.services.IOTaskExecutorService, class com.almasb.fxgl.io.FileSystemService, class com.almasb.fxgl.localization.LocalizationService, class com.almasb.fxgl.app.services.SystemBundleService, class com.almasb.fxgl.profile.SaveLoadService, class com.almasb.fxgl.ui.FXGLUIFactoryServiceProvider, class com.almasb.fxgl.ui.FXGLDialogFactoryServiceProvider, class com.almasb.fxgl.audio.AudioPlayer, class com.almasb.fxgl.notification.impl.NotificationServiceProvider, class com.almasb.fxgl.achievement.AchievementService, class com.almasb.fxgl.cutscene.CutsceneService, class com.almasb.fxgl.minigames.MiniGameService, class com.almasb.fxgl.net.NetService, class com.almasb.fxgl.app.services.UpdaterService, class com.almasb.fxgl.dev.DevService]
13:38:08.216 [FXGL Background Thread 3 ] DEBUG Engine               - fontGame: Abel-Regular.ttf
13:38:08.216 [FXGL Background Thread 3 ] DEBUG Engine               - fontMono: TerminalLandMono-Regular.otf
13:38:08.216 [FXGL Background Thread 3 ] DEBUG Engine               - fontText: Courier-Prime.ttf
13:38:08.216 [FXGL Background Thread 3 ] DEBUG Engine               - fontUI: VarelaRound-Regular.ttf
13:38:08.216 [FXGL Background Thread 3 ] DEBUG Engine               - fullScreen: BooleanProperty [value: false]
13:38:08.216 [FXGL Background Thread 3 ] DEBUG Engine               - gameDifficulty: MEDIUM
13:38:08.216 [FXGL Background Thread 3 ] DEBUG Engine               - gameDifficultyProperty: ObjectProperty [value: MEDIUM]
13:38:08.216 [FXGL Background Thread 3 ] DEBUG Engine               - globalMusicVolume: 0.5
13:38:08.217 [FXGL Background Thread 3 ] DEBUG Engine               - globalMusicVolumeProperty: DoubleProperty [value: 0.25]
13:38:08.217 [FXGL Background Thread 3 ] DEBUG Engine               - globalSoundVolume: 0.5
13:38:08.217 [FXGL Background Thread 3 ] DEBUG Engine               - globalSoundVolumeProperty: DoubleProperty [value: 0.5]
13:38:08.217 [FXGL Background Thread 3 ] DEBUG Engine               - height: 720
13:38:08.217 [FXGL Background Thread 3 ] DEBUG Engine               - is3D: false
13:38:08.217 [FXGL Background Thread 3 ] DEBUG Engine               - isAndroid: false
13:38:08.217 [FXGL Background Thread 3 ] DEBUG Engine               - isBrowser: false
13:38:08.217 [FXGL Background Thread 3 ] DEBUG Engine               - isClickFeedbackEnabled: false
13:38:08.217 [FXGL Background Thread 3 ] DEBUG Engine               - isCloseConfirmation: false
13:38:08.217 [FXGL Background Thread 3 ] DEBUG Engine               - isDesktop: true
13:38:08.217 [FXGL Background Thread 3 ] DEBUG Engine               - isDeveloperMenuEnabled: false
13:38:08.217 [FXGL Background Thread 3 ] DEBUG Engine               - isEmbedded: false
13:38:08.217 [FXGL Background Thread 3 ] DEBUG Engine               - isEntityPreloadEnabled: true
13:38:08.217 [FXGL Background Thread 3 ] DEBUG Engine               - isExperimentalTiledLargeMap: false
13:38:08.217 [FXGL Background Thread 3 ] DEBUG Engine               - isFileSystemWriteAllowed: true
13:38:08.217 [FXGL Background Thread 3 ] DEBUG Engine               - isFullScreenAllowed: false
13:38:08.217 [FXGL Background Thread 3 ] DEBUG Engine               - isFullScreenFromStart: false
13:38:08.217 [FXGL Background Thread 3 ] DEBUG Engine               - isGameMenuEnabled: true
13:38:08.217 [FXGL Background Thread 3 ] DEBUG Engine               - isIOS: false
13:38:08.217 [FXGL Background Thread 3 ] DEBUG Engine               - isIntroEnabled: false
13:38:08.217 [FXGL Background Thread 3 ] DEBUG Engine               - isLinux: false
13:38:08.217 [FXGL Background Thread 3 ] DEBUG Engine               - isMac: false
13:38:08.217 [FXGL Background Thread 3 ] DEBUG Engine               - isMainMenuEnabled: false
13:38:08.217 [FXGL Background Thread 3 ] DEBUG Engine               - isManualResizeEnabled: false
13:38:08.217 [FXGL Background Thread 3 ] DEBUG Engine               - isMobile: false
13:38:08.218 [FXGL Background Thread 3 ] DEBUG Engine               - isNative: false
13:38:08.218 [FXGL Background Thread 3 ] DEBUG Engine               - isPauseMusicWhenMinimized: true
13:38:08.218 [FXGL Background Thread 3 ] DEBUG Engine               - isPreserveResizeRatio: false
13:38:08.218 [FXGL Background Thread 3 ] DEBUG Engine               - isProfilingEnabled: false
13:38:08.218 [FXGL Background Thread 3 ] DEBUG Engine               - isScaleAffectedOnResize: true
13:38:08.218 [FXGL Background Thread 3 ] DEBUG Engine               - isSingleStep: false
13:38:08.218 [FXGL Background Thread 3 ] DEBUG Engine               - isUserProfileEnabled: false
13:38:08.218 [FXGL Background Thread 3 ] DEBUG Engine               - isWindows: true
13:38:08.218 [FXGL Background Thread 3 ] DEBUG Engine               - language: ObjectProperty [value: ENGLISH]
13:38:08.218 [FXGL Background Thread 3 ] DEBUG Engine               - menuKey: ESCAPE
13:38:08.218 [FXGL Background Thread 3 ] DEBUG Engine               - mouseSensitivity: 0.2
13:38:08.218 [FXGL Background Thread 3 ] DEBUG Engine               - notificationViewClass: class com.almasb.fxgl.notification.view.XboxNotificationView
13:38:08.218 [FXGL Background Thread 3 ] DEBUG Engine               - pixelsPerMeter: 50.0
13:38:08.218 [FXGL Background Thread 3 ] DEBUG Engine               - platform: WINDOWS
13:38:08.218 [FXGL Background Thread 3 ] DEBUG Engine               - prefHeightProperty: ReadOnlyDoubleProperty [value: 720.0]
13:38:08.218 [FXGL Background Thread 3 ] DEBUG Engine               - prefWidthProperty: ReadOnlyDoubleProperty [value: 1400.0]
13:38:08.218 [FXGL Background Thread 3 ] DEBUG Engine               - profileDir: profiles/
13:38:08.218 [FXGL Background Thread 3 ] DEBUG Engine               - profileName: StringProperty [value: DEFAULT]
13:38:08.218 [FXGL Background Thread 3 ] DEBUG Engine               - randomSeed: -1
13:38:08.218 [FXGL Background Thread 3 ] DEBUG Engine               - runtimeInfo: RuntimeInfo(platform=WINDOWS, version=17.1, build=24.03.2022 17.34)
13:38:08.218 [FXGL Background Thread 3 ] DEBUG Engine               - saveFileExt: sav
13:38:08.218 [FXGL Background Thread 3 ] DEBUG Engine               - scaledHeightProp$fxgl: DoubleProperty [bound, value: 720.0]
13:38:08.218 [FXGL Background Thread 3 ] DEBUG Engine               - scaledWidthProp$fxgl: DoubleProperty [bound, value: 1400.0]
13:38:08.218 [FXGL Background Thread 3 ] DEBUG Engine               - sceneFactory: com.nieuw.MiguelPlatformer.PlatformerApp$1@3bc06cee
13:38:08.219 [FXGL Background Thread 3 ] DEBUG Engine               - secondsIn24h: 60
13:38:08.219 [FXGL Background Thread 3 ] DEBUG Engine               - soundMenuBack: menu/back.wav
13:38:08.219 [FXGL Background Thread 3 ] DEBUG Engine               - soundMenuPress: menu/press.wav
13:38:08.219 [FXGL Background Thread 3 ] DEBUG Engine               - soundMenuSelect: menu/select.wav
13:38:08.219 [FXGL Background Thread 3 ] DEBUG Engine               - soundNotification: core/notification.wav
13:38:08.219 [FXGL Background Thread 3 ] DEBUG Engine               - stageStyle: DECORATED
13:38:08.219 [FXGL Background Thread 3 ] DEBUG Engine               - supportedLanguages: [ENGLISH, FRENCH, GERMAN, HUNGARIAN, RUSSIAN]
13:38:08.219 [FXGL Background Thread 3 ] DEBUG Engine               - ticksPerSecond: -1
13:38:08.219 [FXGL Background Thread 3 ] DEBUG Engine               - title: Untitled
13:38:08.219 [FXGL Background Thread 3 ] DEBUG Engine               - urlGithub: https://github.com/AlmasB/FXGL
13:38:08.219 [FXGL Background Thread 3 ] DEBUG Engine               - urlLeaderboard: http://fxgl-top.herokuapp.com/
13:38:08.219 [FXGL Background Thread 3 ] DEBUG Engine               - urlPOM: https://raw.githubusercontent.com/AlmasB/FXGL/release/README.md
13:38:08.219 [FXGL Background Thread 3 ] DEBUG Engine               - userAppClass: class com.nieuw.MiguelPlatformer.PlatformerApp
13:38:08.219 [FXGL Background Thread 3 ] DEBUG Engine               - version: 0.0
13:38:08.219 [FXGL Background Thread 3 ] DEBUG Engine               - versionCheckDays: 7
13:38:08.219 [FXGL Background Thread 3 ] DEBUG Engine               - width: 1400
13:38:08.219 [FXGL Background Thread 3 ] DEBUG Engine               - Logging services
13:38:08.219 [FXGL Background Thread 3 ] DEBUG Engine               - class com.almasb.fxgl.app.services.FXGLAssetLoaderService
13:38:08.219 [FXGL Background Thread 3 ] DEBUG Engine               - class com.almasb.fxgl.app.FXGLApplication$GameApplicationService
13:38:08.219 [FXGL Background Thread 3 ] DEBUG Engine               - class com.almasb.fxgl.app.services.FXGLDialogService
13:38:08.219 [FXGL Background Thread 3 ] DEBUG Engine               - class com.almasb.fxgl.app.services.IOTaskExecutorService
13:38:08.219 [FXGL Background Thread 3 ] DEBUG Engine               - class com.almasb.fxgl.io.FileSystemService
13:38:08.219 [FXGL Background Thread 3 ] DEBUG Engine               - class com.almasb.fxgl.localization.LocalizationService
13:38:08.219 [FXGL Background Thread 3 ] DEBUG Engine               - class com.almasb.fxgl.app.services.SystemBundleService
13:38:08.219 [FXGL Background Thread 3 ] DEBUG Engine               - class com.almasb.fxgl.profile.SaveLoadService
13:38:08.219 [FXGL Background Thread 3 ] DEBUG Engine               - class com.almasb.fxgl.ui.FXGLUIFactoryServiceProvider
13:38:08.219 [FXGL Background Thread 3 ] DEBUG Engine               - class com.almasb.fxgl.ui.FXGLDialogFactoryServiceProvider
13:38:08.219 [FXGL Background Thread 3 ] DEBUG Engine               - class com.almasb.fxgl.audio.AudioPlayer
13:38:08.219 [FXGL Background Thread 3 ] DEBUG Engine               - class com.almasb.fxgl.notification.impl.NotificationServiceProvider
13:38:08.219 [FXGL Background Thread 3 ] DEBUG Engine               - class com.almasb.fxgl.achievement.AchievementService
13:38:08.219 [FXGL Background Thread 3 ] DEBUG Engine               - class com.almasb.fxgl.cutscene.CutsceneService
13:38:08.219 [FXGL Background Thread 3 ] DEBUG Engine               - class com.almasb.fxgl.minigames.MiniGameService
13:38:08.219 [FXGL Background Thread 3 ] DEBUG Engine               - class com.almasb.fxgl.net.NetService
13:38:08.219 [FXGL Background Thread 3 ] DEBUG Engine               - class com.almasb.fxgl.app.services.UpdaterService
13:38:08.219 [FXGL Background Thread 3 ] DEBUG Engine               - class com.almasb.fxgl.dev.DevService
13:38:10.070 [JavaFX Application Thread] DEBUG PrimaryStageWindow   - Pop state: FXGLDefaultMenu
13:38:10.070 [JavaFX Application Thread] DEBUG Input                - Clearing active input actions
13:38:10.070 [JavaFX Application Thread] DEBUG GameApplicationServi - Removing overlay from FXGLDefaultMenu and adding to GameScene
13:38:10.071 [JavaFX Application Thread] DEBUG PrimaryStageWindow   - GameScene <- FXGLDefaultMenu
13:38:10.864 [JavaFX Application Thread] DEBUG PrimaryStageWindow   - Push state: FXGLDefaultMenu
13:38:10.865 [JavaFX Application Thread] DEBUG Input                - Clearing active input actions
13:38:10.866 [JavaFX Application Thread] DEBUG GameApplicationServi - Removing overlay from GameScene and adding to FXGLDefaultMenu
13:38:10.867 [JavaFX Application Thread] DEBUG PrimaryStageWindow   - GameScene -> FXGLDefaultMenu
13:38:13.312 [JavaFX Application Thread] DEBUG Menu                 - fireExit()
13:38:13.315 [JavaFX Application Thread] DEBUG PrimaryStageWindow   - Push state: DialogSubScene
13:38:13.315 [JavaFX Application Thread] DEBUG Input                - Clearing active input actions
13:38:13.316 [JavaFX Application Thread] DEBUG GameApplicationServi - Removing overlay from FXGLDefaultMenu and adding to DialogSubScene
13:38:13.316 [JavaFX Application Thread] DEBUG PrimaryStageWindow   - FXGLDefaultMenu -> DialogSubScene
13:38:17.114 [JavaFX Application Thread] DEBUG PrimaryStageWindow   - Pop state: DialogSubScene
13:38:17.114 [JavaFX Application Thread] DEBUG Input                - Clearing active input actions
13:38:17.115 [JavaFX Application Thread] DEBUG GameApplicationServi - Removing overlay from DialogSubScene and adding to FXGLDefaultMenu
13:38:17.115 [JavaFX Application Thread] DEBUG PrimaryStageWindow   - FXGLDefaultMenu <- DialogSubScene
13:38:17.115 [JavaFX Application Thread] DEBUG FXGLApplication      - Exiting FXGL
13:38:17.115 [JavaFX Application Thread] DEBUG LoopRunner           - Stopping loop
13:38:17.115 [JavaFX Application Thread] DEBUG SystemBundleService  - Saving FXGL system data
13:38:17.117 [JavaFX Application Thread] DEBUG FileSystemAccess     - Writing to: C:\ipose-groep-4\system\fxgl.bundle
13:38:17.119 [JavaFX Application Thread] DEBUG Async                - Shutting down background threads
13:38:17.119 [JavaFX Application Thread] DEBUG PrimaryStageWindow   - Closing main window
13:38:17.131 [JavaFX Application Thread] DEBUG Logger               - Closing Logger
