12:18:05.019 [main                     ] DEBUG Logger               - Configured Logger
12:18:05.083 [main                     ] DEBUG GameApplication      - Logging settings
Title: Miguel
Version: 1.0
Width: 1400
Height: 720
Fullscreen: false
Intro: false
Profiling: false
Single step:false
App Mode: DEVELOPER
Menu Key: ESCAPE
Stage Style: DECORATED
Scene Factory: class com.almasb.fxglgames.platformer.PlatformerApp$1

12:18:05.684 [JavaFX Application Thread] DEBUG FXGLApplication      - Initializing FXGL
12:18:05.693 [JavaFX Application Thread] INFO  Engine               - FXGL-17.1 (24.03.2022 17.34) on WINDOWS (J:19.0.1 FX:19-ea)
12:18:05.693 [JavaFX Application Thread] DEBUG Engine               - JRE Vendor Name: Oracle Corporation
12:18:05.694 [JavaFX Application Thread] DEBUG Engine               - Running on OS: Windows 10 version 10.0
12:18:05.694 [JavaFX Application Thread] DEBUG Engine               - Architecture: amd64
12:18:05.694 [JavaFX Application Thread] INFO  Engine               - Source code and latest versions at: https://github.com/AlmasB/FXGL
12:18:05.695 [JavaFX Application Thread] INFO  Engine               -       Ask questions and discuss at: https://github.com/AlmasB/FXGL/discussions
12:18:05.695 [JavaFX Application Thread] INFO  Engine               -              Join the FXGL chat at: https://gitter.im/AlmasB/FXGL
12:18:05.842 [JavaFX Application Thread] DEBUG PrimaryStageWindow   - Creating a JavaFX scene
12:18:05.921 [JavaFX Application Thread] DEBUG PrimaryStageWindow   - Target settings size: 1400.0 x 720.0
12:18:05.922 [JavaFX Application Thread] DEBUG PrimaryStageWindow   - Scaled scene size:    1400.0 x 720.0
12:18:05.922 [JavaFX Application Thread] DEBUG PrimaryStageWindow   - Scaled ratio: (1.0, 1.0)
12:18:05.924 [JavaFX Application Thread] DEBUG PrimaryStageWindow   - Set initial scene to FXGLStartupScene
12:18:05.938 [JavaFX Application Thread] DEBUG PrimaryStageWindow   - Opening main window
12:18:06.065 [JavaFX Application Thread] DEBUG PrimaryStageWindow   - Window border size: (14.4000244140625, 37.5999755859375)
12:18:06.066 [JavaFX Application Thread] DEBUG PrimaryStageWindow   - Scaled size: 1400.0 x 720.0
12:18:06.067 [JavaFX Application Thread] DEBUG PrimaryStageWindow   - Scaled ratio: (1.0, 1.0)
12:18:06.068 [JavaFX Application Thread] DEBUG PrimaryStageWindow   - Scene size: 1400.0 x 720.0
12:18:06.069 [JavaFX Application Thread] DEBUG PrimaryStageWindow   - Stage size: 1414.4000244140625 x 757.5999755859375
12:18:06.085 [FXGL Background Thread 1 ] DEBUG Engine               - Initializing environment variables
12:18:06.175 [FXGL Background Thread 1 ] DEBUG FXGLAssetLoaderServi - User app class for loading assets: class com.almasb.fxglgames.platformer.PlatformerApp
12:18:06.175 [FXGL Background Thread 1 ] DEBUG GameApplicationServi - Applying CSS: fxgl_dark.css
12:18:06.177 [FXGL Background Thread 1 ] DEBUG FXGLAssetLoaderServi - Loading from file system: jar:file:///C:/Users/jardk/.m2/repository/com/github/almasb/fxgl/17.1/fxgl-17.1.jar!/fxglassets/ui/css/fxgl_dark.css
12:18:06.260 [FXGL Background Thread 1 ] DEBUG GameApplicationServi - Initializing application scenes
12:18:06.344 [FXGL Background Thread 1 ] DEBUG FXGLAssetLoaderServi - Loading from file system: file:/C:/ipose-groep-4/target/classes/assets/textures/player.png
12:18:06.383 [FXGL Background Thread 1 ] DEBUG GameWorld            - Game world initialized
12:18:06.489 [FXGL Background Thread 1 ] DEBUG PhysicsWorld         - Physics world initialized: appHeight=720, physics.ppm=50,0
12:18:06.489 [FXGL Background Thread 1 ] DEBUG PhysicsWorld         - Using strategy: BRUTE_FORCE
12:18:06.496 [FXGL Background Thread 1 ] DEBUG GameScene            - Game scene initialized: 1400x720
12:18:06.510 [FXGL Background Thread 1 ] DEBUG FXGL.DefaultMenu     - createMenuBodyMainMenu()
12:18:06.537 [FXGL Background Thread 1 ] DEBUG FXGL.DefaultMenu     - createOptionsMenu()
12:18:06.559 [FXGL Background Thread 1 ] DEBUG FXGLAssetLoaderServi - Loading from file system: jar:file:///C:/Users/jardk/.m2/repository/com/github/almasb/fxgl/17.1/fxgl-17.1.jar!/fxglassets/textures/particles/smoke.png
12:18:06.705 [FXGL Background Thread 1 ] DEBUG FXGLAssetLoaderServi - Loading from file system: jar:file:///C:/Users/jardk/.m2/repository/com/github/almasb/fxgl/17.1/fxgl-17.1.jar!/fxglassets/textures/particles/trace_horizontal.png
12:18:06.767 [FXGL Background Thread 1 ] DEBUG FXGL.DefaultMenu     - createMenuBodyGameMenu()
12:18:06.770 [FXGL Background Thread 1 ] DEBUG FXGL.DefaultMenu     - createOptionsMenu()
12:18:06.801 [FXGL Background Thread 1 ] DEBUG GameApplicationServi - Application scenes initialized
12:18:06.822 [FXGL Background Thread 1 ] DEBUG SystemBundleService  - Loading FXGL system data
12:18:06.830 [FXGL Background Thread 1 ] DEBUG FileSystemAccess     - Reading from: C:\ipose-groep-4\system\fxgl.bundle
12:18:06.846 [FXGL Background Thread 1 ] DEBUG SystemBundleService  - Bundle FXGL: {}
12:18:06.846 [FXGL Background Thread 1 ] DEBUG UpdaterService       - Checking for updates
12:18:06.855 [FXGL Background Thread 4 ] DEBUG FXGLApplication      - Loading fonts
12:18:06.856 [FXGL Background Thread 1 ] DEBUG FXGLApplication      - Loading default localization
12:18:06.857 [FXGL Background Thread 4 ] DEBUG FXGLAssetLoaderServi - Loading from file system: jar:file:///C:/Users/jardk/.m2/repository/com/github/almasb/fxgl/17.1/fxgl-17.1.jar!/fxglassets/ui/fonts/VarelaRound-Regular.ttf
12:18:06.858 [FXGL Background Thread 1 ] DEBUG FXGLAssetLoaderServi - Loading from file system: jar:file:///C:/Users/jardk/.m2/repository/com/github/almasb/fxgl/17.1/fxgl-17.1.jar!/fxglassets/languages/english.lang
12:18:06.893 [FXGL Background Thread 1 ] INFO  FXGLApplication      - FXGL initialization took: 0,808 sec
12:18:06.912 [JavaFX Application Thread] DEBUG Input                - Registered new binding: Left - A
12:18:06.913 [JavaFX Application Thread] DEBUG Input                - Registered new binding: Right - D
12:18:06.914 [JavaFX Application Thread] DEBUG Input                - Registered new binding: Jump - W
12:18:06.914 [JavaFX Application Thread] DEBUG Input                - Registered new binding: Use - E
12:18:06.915 [JavaFX Application Thread] DEBUG FXGLAssetLoaderServi - Loading from file system: file:/C:/ipose-groep-4/target/classes/assets/music/BGM_dash_runner.wav
12:18:06.959 [FXGL Background Thread 4 ] DEBUG FXGLAssetLoaderServi - Loading from file system: jar:file:///C:/Users/jardk/.m2/repository/com/github/almasb/fxgl/17.1/fxgl-17.1.jar!/fxglassets/ui/fonts/Abel-Regular.ttf
12:18:06.967 [FXGL Background Thread 4 ] DEBUG FXGLAssetLoaderServi - Loading from file system: jar:file:///C:/Users/jardk/.m2/repository/com/github/almasb/fxgl/17.1/fxgl-17.1.jar!/fxglassets/ui/fonts/TerminalLandMono-Regular.otf
12:18:06.976 [FXGL Background Thread 4 ] DEBUG FXGLAssetLoaderServi - Loading from file system: jar:file:///C:/Users/jardk/.m2/repository/com/github/almasb/fxgl/17.1/fxgl-17.1.jar!/fxglassets/ui/fonts/Courier-Prime.ttf
12:18:07.152 [JavaFX Application Thread] DEBUG AudioPlayer          - Playing music com.almasb.fxgl.audio.Music@3fa2821b
12:18:07.153 [JavaFX Application Thread] DEBUG FXGLAssetLoaderServi - Loading from file system: jar:file:///C:/Users/jardk/.m2/repository/com/github/almasb/fxgl/17.1/fxgl-17.1.jar!/fxglassets/textures/fxgl_icon.png
12:18:07.182 [JavaFX Application Thread] DEBUG FXGLAssetLoaderServi - Loading from file system: jar:file:///C:/Users/jardk/.m2/repository/com/github/almasb/fxgl/17.1/fxgl-17.1.jar!/fxglassets/textures/fxgl_default_cursor.png
12:18:07.185 [JavaFX Application Thread] DEBUG Input                - Registered new binding: Screenshot - CTRL+8
12:18:07.186 [JavaFX Application Thread] DEBUG Input                - Registered new binding: System info dump - CTRL+9
12:18:07.187 [JavaFX Application Thread] DEBUG Input                - Registered new binding: Restart - CTRL+R
12:18:07.188 [JavaFX Application Thread] DEBUG Input                - Registered new binding: Toggle Debug Camera - CTRL+7
12:18:07.191 [JavaFX Application Thread] DEBUG LoopRunner           - Starting loop
12:18:07.191 [JavaFX Application Thread] DEBUG LoopRunner           - Initializing JavaFX AnimationTimerLoop
12:18:07.194 [JavaFX Application Thread] DEBUG Input                - Clearing active input actions
12:18:07.217 [JavaFX Application Thread] DEBUG GameApplicationServi - Removing overlay from FXGLStartupScene and adding to FXGLMainMenuDummyScene
12:18:07.218 [JavaFX Application Thread] DEBUG PrimaryStageWindow   - FXGLStartupScene -> FXGLMainMenuDummyScene
12:18:07.219 [JavaFX Application Thread] DEBUG PrimaryStageWindow   - Push state: FXGLDefaultMenu
12:18:07.223 [JavaFX Application Thread] DEBUG Input                - Clearing active input actions
12:18:07.236 [JavaFX Application Thread] DEBUG GameApplicationServi - Removing overlay from FXGLMainMenuDummyScene and adding to FXGLDefaultMenu
12:18:07.237 [JavaFX Application Thread] DEBUG PrimaryStageWindow   - FXGLMainMenuDummyScene -> FXGLDefaultMenu
12:18:07.238 [JavaFX Application Thread] DEBUG FXGLApplication      - Registering font factories with UI factory
12:18:07.452 [FXGL Background Thread 2 ] INFO  UpdaterService       - Your current version:  17.1
12:18:07.454 [FXGL Background Thread 2 ] INFO  UpdaterService       - Latest stable version: 17.3
12:18:08.771 [JavaFX Application Thread] DEBUG Menu                 - fireNewGame()
12:18:08.772 [JavaFX Application Thread] DEBUG GameApplicationServi - Starting new game
12:18:08.779 [JavaFX Application Thread] DEBUG PrimaryStageWindow   - Pop state: FXGLDefaultMenu
12:18:08.779 [JavaFX Application Thread] DEBUG Input                - Clearing active input actions
12:18:08.780 [JavaFX Application Thread] DEBUG GameApplicationServi - Removing overlay from FXGLDefaultMenu and adding to FXGLMainMenuDummyScene
12:18:08.781 [JavaFX Application Thread] DEBUG PrimaryStageWindow   - FXGLMainMenuDummyScene <- FXGLDefaultMenu
12:18:08.782 [JavaFX Application Thread] DEBUG Input                - Clearing active input actions
12:18:08.795 [JavaFX Application Thread] DEBUG GameApplicationServi - Removing overlay from FXGLMainMenuDummyScene and adding to MainLoadingScene
12:18:08.795 [JavaFX Application Thread] DEBUG PrimaryStageWindow   - FXGLMainMenuDummyScene -> MainLoadingScene
12:18:08.795 [JavaFX Application Thread] DEBUG GameApplicationServi - Clearing previous game
12:18:08.795 [JavaFX Application Thread] DEBUG GameScene            - Clearing game scene
12:18:08.796 [JavaFX Application Thread] DEBUG GameWorld            - Clearing game world
12:18:08.796 [JavaFX Application Thread] DEBUG PhysicsWorld         - Clearing physics world
12:18:08.799 [FXGL Background Thread 2 ] DEBUG FXGLApplication      - Initializing game
12:18:08.844 [FXGL Background Thread 2 ] WARN  TMXLevelLoader       - TiledMap generated from 1.10.0. Supported version: 1.4.2. Some features may not be parsed fully.
12:18:08.859 [FXGL Background Thread 2 ] DEBUG TMXLevelLoader       - Parsed TiledMap: file:/C:/ipose-groep-4/target/classes/assets/levels/tmx/level1.tmx
12:18:08.860 [FXGL Background Thread 2 ] DEBUG TMXLevelLoader       - Creating tile layer entities
12:18:08.862 [FXGL Background Thread 2 ] DEBUG TilesetLoader        - Loading view for layer Tile Layer 1
12:18:08.868 [FXGL Background Thread 2 ] DEBUG TilesetLoader        - Created buffer with size 4900.0x700.0
12:18:08.908 [FXGL Background Thread 2 ] DEBUG TMXLevelLoader       - Creating object layer entities
12:18:08.945 [FXGL Background Thread 2 ] DEBUG GameWorld            - Clearing removable entities
12:18:08.946 [FXGL Background Thread 2 ] DEBUG GameWorld            - Setting level: com.almasb.fxgl.entity.level.Level@2a15beb2
12:18:08.971 [FXGL Background Thread 2 ] DEBUG FXGLAssetLoaderServi - Loading from file system: file:/C:/ipose-groep-4/target/classes/assets/textures/trump.png
12:18:08.977 [FXGL Background Thread 2 ] DEBUG FXGLAssetLoaderServi - Loading from file system: file:/C:/ipose-groep-4/target/classes/assets/textures/background/forest.png
12:18:09.007 [FXGL Background Thread 2 ] INFO  FXGLApplication      - Game initialization took: 0,207 sec
12:18:09.007 [JavaFX Application Thread] DEBUG Input                - Clearing active input actions
12:18:09.017 [JavaFX Application Thread] DEBUG GameApplicationServi - Removing overlay from MainLoadingScene and adding to GameScene
12:18:09.017 [JavaFX Application Thread] DEBUG PrimaryStageWindow   - MainLoadingScene -> GameScene
12:18:09.853 [FXGL Background Thread 3 ] DEBUG Engine               - Logging environment variables
12:18:09.854 [FXGL Background Thread 3 ] DEBUG Engine               - achievements: []
12:18:09.854 [FXGL Background Thread 3 ] DEBUG Engine               - actualHeight: 720.0
12:18:09.854 [FXGL Background Thread 3 ] DEBUG Engine               - actualHeightProperty: ReadOnlyDoubleProperty [value: 720.0]
12:18:09.854 [FXGL Background Thread 3 ] DEBUG Engine               - actualWidth: 1400.0
12:18:09.854 [FXGL Background Thread 3 ] DEBUG Engine               - actualWidthProperty: ReadOnlyDoubleProperty [value: 1400.0]
12:18:09.854 [FXGL Background Thread 3 ] DEBUG Engine               - appIcon: fxgl_icon.png
12:18:09.854 [FXGL Background Thread 3 ] DEBUG Engine               - applicationMode: DEVELOPER
12:18:09.854 [FXGL Background Thread 3 ] DEBUG Engine               - cSSList: [fxgl_dark.css]
12:18:09.854 [FXGL Background Thread 3 ] DEBUG Engine               - collisionDetectionStrategy: BRUTE_FORCE
12:18:09.854 [FXGL Background Thread 3 ] DEBUG Engine               - configClass: Optional.empty
12:18:09.854 [FXGL Background Thread 3 ] DEBUG Engine               - credits: []
12:18:09.855 [FXGL Background Thread 3 ] DEBUG Engine               - defaultCursor: CursorInfo(imageName=fxgl_default_cursor.png, hotspotX=7.0, hotspotY=6.0)
12:18:09.856 [FXGL Background Thread 3 ] DEBUG Engine               - devBBoxColorProperty: ObjectProperty [value: 0xff0000ff]
12:18:09.856 [FXGL Background Thread 3 ] DEBUG Engine               - devEnableDebugCameraProperty: BooleanProperty [value: false]
12:18:09.856 [FXGL Background Thread 3 ] DEBUG Engine               - devSensorColorProperty: ObjectProperty [value: 0xffff00ff]
12:18:09.856 [FXGL Background Thread 3 ] DEBUG Engine               - devShowBBoxProperty: BooleanProperty [value: false]
12:18:09.856 [FXGL Background Thread 3 ] DEBUG Engine               - devShowPositionProperty: BooleanProperty [value: false]
12:18:09.856 [FXGL Background Thread 3 ] DEBUG Engine               - enabledMenuItems: []
12:18:09.856 [FXGL Background Thread 3 ] DEBUG Engine               - engineServices: [class com.almasb.fxgl.app.services.FXGLAssetLoaderService, class com.almasb.fxgl.app.FXGLApplication$GameApplicationService, class com.almasb.fxgl.app.services.FXGLDialogService, class com.almasb.fxgl.app.services.IOTaskExecutorService, class com.almasb.fxgl.io.FileSystemService, class com.almasb.fxgl.localization.LocalizationService, class com.almasb.fxgl.app.services.SystemBundleService, class com.almasb.fxgl.profile.SaveLoadService, class com.almasb.fxgl.ui.FXGLUIFactoryServiceProvider, class com.almasb.fxgl.ui.FXGLDialogFactoryServiceProvider, class com.almasb.fxgl.audio.AudioPlayer, class com.almasb.fxgl.notification.impl.NotificationServiceProvider, class com.almasb.fxgl.achievement.AchievementService, class com.almasb.fxgl.cutscene.CutsceneService, class com.almasb.fxgl.minigames.MiniGameService, class com.almasb.fxgl.net.NetService, class com.almasb.fxgl.app.services.UpdaterService, class com.almasb.fxgl.dev.DevService]
12:18:09.856 [FXGL Background Thread 3 ] DEBUG Engine               - fontGame: Abel-Regular.ttf
12:18:09.856 [FXGL Background Thread 3 ] DEBUG Engine               - fontMono: TerminalLandMono-Regular.otf
12:18:09.856 [FXGL Background Thread 3 ] DEBUG Engine               - fontText: Courier-Prime.ttf
12:18:09.856 [FXGL Background Thread 3 ] DEBUG Engine               - fontUI: VarelaRound-Regular.ttf
12:18:09.857 [FXGL Background Thread 3 ] DEBUG Engine               - fullScreen: BooleanProperty [value: false]
12:18:09.857 [FXGL Background Thread 3 ] DEBUG Engine               - gameDifficulty: MEDIUM
12:18:09.857 [FXGL Background Thread 3 ] DEBUG Engine               - gameDifficultyProperty: ObjectProperty [value: MEDIUM]
12:18:09.857 [FXGL Background Thread 3 ] DEBUG Engine               - globalMusicVolume: 0.5
12:18:09.857 [FXGL Background Thread 3 ] DEBUG Engine               - globalMusicVolumeProperty: DoubleProperty [value: 0.25]
12:18:09.857 [FXGL Background Thread 3 ] DEBUG Engine               - globalSoundVolume: 0.5
12:18:09.858 [FXGL Background Thread 3 ] DEBUG Engine               - globalSoundVolumeProperty: DoubleProperty [value: 0.5]
12:18:09.858 [FXGL Background Thread 3 ] DEBUG Engine               - height: 720
12:18:09.858 [FXGL Background Thread 3 ] DEBUG Engine               - is3D: false
12:18:09.858 [FXGL Background Thread 3 ] DEBUG Engine               - isAndroid: false
12:18:09.858 [FXGL Background Thread 3 ] DEBUG Engine               - isBrowser: false
12:18:09.858 [FXGL Background Thread 3 ] DEBUG Engine               - isClickFeedbackEnabled: false
12:18:09.858 [FXGL Background Thread 3 ] DEBUG Engine               - isCloseConfirmation: false
12:18:09.858 [FXGL Background Thread 3 ] DEBUG Engine               - isDesktop: true
12:18:09.858 [FXGL Background Thread 3 ] DEBUG Engine               - isDeveloperMenuEnabled: false
12:18:09.858 [FXGL Background Thread 3 ] DEBUG Engine               - isEmbedded: false
12:18:09.858 [FXGL Background Thread 3 ] DEBUG Engine               - isEntityPreloadEnabled: true
12:18:09.858 [FXGL Background Thread 3 ] DEBUG Engine               - isExperimentalTiledLargeMap: false
12:18:09.858 [FXGL Background Thread 3 ] DEBUG Engine               - isFileSystemWriteAllowed: true
12:18:09.858 [FXGL Background Thread 3 ] DEBUG Engine               - isFullScreenAllowed: false
12:18:09.858 [FXGL Background Thread 3 ] DEBUG Engine               - isFullScreenFromStart: false
12:18:09.858 [FXGL Background Thread 3 ] DEBUG Engine               - isGameMenuEnabled: true
12:18:09.858 [FXGL Background Thread 3 ] DEBUG Engine               - isIOS: false
12:18:09.859 [FXGL Background Thread 3 ] DEBUG Engine               - isIntroEnabled: false
12:18:09.859 [FXGL Background Thread 3 ] DEBUG Engine               - isLinux: false
12:18:09.859 [FXGL Background Thread 3 ] DEBUG Engine               - isMac: false
12:18:09.859 [FXGL Background Thread 3 ] DEBUG Engine               - isMainMenuEnabled: true
12:18:09.859 [FXGL Background Thread 3 ] DEBUG Engine               - isManualResizeEnabled: false
12:18:09.859 [FXGL Background Thread 3 ] DEBUG Engine               - isMobile: false
12:18:09.859 [FXGL Background Thread 3 ] DEBUG Engine               - isNative: false
12:18:09.859 [FXGL Background Thread 3 ] DEBUG Engine               - isPauseMusicWhenMinimized: true
12:18:09.859 [FXGL Background Thread 3 ] DEBUG Engine               - isPreserveResizeRatio: false
12:18:09.859 [FXGL Background Thread 3 ] DEBUG Engine               - isProfilingEnabled: false
12:18:09.859 [FXGL Background Thread 3 ] DEBUG Engine               - isScaleAffectedOnResize: true
12:18:09.859 [FXGL Background Thread 3 ] DEBUG Engine               - isSingleStep: false
12:18:09.860 [FXGL Background Thread 3 ] DEBUG Engine               - isUserProfileEnabled: false
12:18:09.860 [FXGL Background Thread 3 ] DEBUG Engine               - isWindows: true
12:18:09.860 [FXGL Background Thread 3 ] DEBUG Engine               - language: ObjectProperty [value: ENGLISH]
12:18:09.860 [FXGL Background Thread 3 ] DEBUG Engine               - menuKey: ESCAPE
12:18:09.860 [FXGL Background Thread 3 ] DEBUG Engine               - mouseSensitivity: 0.2
12:18:09.860 [FXGL Background Thread 3 ] DEBUG Engine               - notificationViewClass: class com.almasb.fxgl.notification.view.XboxNotificationView
12:18:09.860 [FXGL Background Thread 3 ] DEBUG Engine               - pixelsPerMeter: 50.0
12:18:09.860 [FXGL Background Thread 3 ] DEBUG Engine               - platform: WINDOWS
12:18:09.860 [FXGL Background Thread 3 ] DEBUG Engine               - prefHeightProperty: ReadOnlyDoubleProperty [value: 720.0]
12:18:09.860 [FXGL Background Thread 3 ] DEBUG Engine               - prefWidthProperty: ReadOnlyDoubleProperty [value: 1400.0]
12:18:09.860 [FXGL Background Thread 3 ] DEBUG Engine               - profileDir: profiles/
12:18:09.860 [FXGL Background Thread 3 ] DEBUG Engine               - profileName: StringProperty [value: DEFAULT]
12:18:09.860 [FXGL Background Thread 3 ] DEBUG Engine               - randomSeed: -1
12:18:09.861 [FXGL Background Thread 3 ] DEBUG Engine               - runtimeInfo: RuntimeInfo(platform=WINDOWS, version=17.1, build=24.03.2022 17.34)
12:18:09.861 [FXGL Background Thread 3 ] DEBUG Engine               - saveFileExt: sav
12:18:09.861 [FXGL Background Thread 3 ] DEBUG Engine               - scaledHeightProp$fxgl: DoubleProperty [bound, value: 720.0]
12:18:09.861 [FXGL Background Thread 3 ] DEBUG Engine               - scaledWidthProp$fxgl: DoubleProperty [bound, value: 1400.0]
12:18:09.861 [FXGL Background Thread 3 ] DEBUG Engine               - sceneFactory: com.almasb.fxglgames.platformer.PlatformerApp$1@f42c8d2
12:18:09.861 [FXGL Background Thread 3 ] DEBUG Engine               - secondsIn24h: 60
12:18:09.861 [FXGL Background Thread 3 ] DEBUG Engine               - soundMenuBack: menu/back.wav
12:18:09.862 [FXGL Background Thread 3 ] DEBUG Engine               - soundMenuPress: menu/press.wav
12:18:09.862 [FXGL Background Thread 3 ] DEBUG Engine               - soundMenuSelect: menu/select.wav
12:18:09.862 [FXGL Background Thread 3 ] DEBUG Engine               - soundNotification: core/notification.wav
12:18:09.862 [FXGL Background Thread 3 ] DEBUG Engine               - stageStyle: DECORATED
12:18:09.862 [FXGL Background Thread 3 ] DEBUG Engine               - supportedLanguages: [ENGLISH, FRENCH, GERMAN, HUNGARIAN, RUSSIAN]
12:18:09.862 [FXGL Background Thread 3 ] DEBUG Engine               - ticksPerSecond: -1
12:18:09.862 [FXGL Background Thread 3 ] DEBUG Engine               - title: Miguel
12:18:09.862 [FXGL Background Thread 3 ] DEBUG Engine               - urlGithub: https://github.com/AlmasB/FXGL
12:18:09.862 [FXGL Background Thread 3 ] DEBUG Engine               - urlLeaderboard: http://fxgl-top.herokuapp.com/
12:18:09.862 [FXGL Background Thread 3 ] DEBUG Engine               - urlPOM: https://raw.githubusercontent.com/AlmasB/FXGL/release/README.md
12:18:09.862 [FXGL Background Thread 3 ] DEBUG Engine               - userAppClass: class com.almasb.fxglgames.platformer.PlatformerApp
12:18:09.862 [FXGL Background Thread 3 ] DEBUG Engine               - version: 1.0
12:18:09.862 [FXGL Background Thread 3 ] DEBUG Engine               - versionCheckDays: 7
12:18:09.862 [FXGL Background Thread 3 ] DEBUG Engine               - width: 1400
12:18:09.862 [FXGL Background Thread 3 ] DEBUG Engine               - Logging services
12:18:09.863 [FXGL Background Thread 3 ] DEBUG Engine               - class com.almasb.fxgl.app.services.FXGLAssetLoaderService
12:18:09.863 [FXGL Background Thread 3 ] DEBUG Engine               - class com.almasb.fxgl.app.FXGLApplication$GameApplicationService
12:18:09.863 [FXGL Background Thread 3 ] DEBUG Engine               - class com.almasb.fxgl.app.services.FXGLDialogService
12:18:09.863 [FXGL Background Thread 3 ] DEBUG Engine               - class com.almasb.fxgl.app.services.IOTaskExecutorService
12:18:09.863 [FXGL Background Thread 3 ] DEBUG Engine               - class com.almasb.fxgl.io.FileSystemService
12:18:09.863 [FXGL Background Thread 3 ] DEBUG Engine               - class com.almasb.fxgl.localization.LocalizationService
12:18:09.863 [FXGL Background Thread 3 ] DEBUG Engine               - class com.almasb.fxgl.app.services.SystemBundleService
12:18:09.863 [FXGL Background Thread 3 ] DEBUG Engine               - class com.almasb.fxgl.profile.SaveLoadService
12:18:09.863 [FXGL Background Thread 3 ] DEBUG Engine               - class com.almasb.fxgl.ui.FXGLUIFactoryServiceProvider
12:18:09.863 [FXGL Background Thread 3 ] DEBUG Engine               - class com.almasb.fxgl.ui.FXGLDialogFactoryServiceProvider
12:18:09.863 [FXGL Background Thread 3 ] DEBUG Engine               - class com.almasb.fxgl.audio.AudioPlayer
12:18:09.864 [FXGL Background Thread 3 ] DEBUG Engine               - class com.almasb.fxgl.notification.impl.NotificationServiceProvider
12:18:09.864 [FXGL Background Thread 3 ] DEBUG Engine               - class com.almasb.fxgl.achievement.AchievementService
12:18:09.864 [FXGL Background Thread 3 ] DEBUG Engine               - class com.almasb.fxgl.cutscene.CutsceneService
12:18:09.864 [FXGL Background Thread 3 ] DEBUG Engine               - class com.almasb.fxgl.minigames.MiniGameService
12:18:09.864 [FXGL Background Thread 3 ] DEBUG Engine               - class com.almasb.fxgl.net.NetService
12:18:09.864 [FXGL Background Thread 3 ] DEBUG Engine               - class com.almasb.fxgl.app.services.UpdaterService
12:18:09.864 [FXGL Background Thread 3 ] DEBUG Engine               - class com.almasb.fxgl.dev.DevService
12:18:18.811 [JavaFX Application Thread] DEBUG FXGLApplication      - Exiting FXGL
12:18:18.812 [JavaFX Application Thread] DEBUG LoopRunner           - Stopping loop
12:18:18.812 [JavaFX Application Thread] DEBUG SystemBundleService  - Saving FXGL system data
12:18:18.816 [JavaFX Application Thread] DEBUG FileSystemAccess     - Writing to: C:\ipose-groep-4\system\fxgl.bundle
12:18:18.819 [JavaFX Application Thread] DEBUG Async                - Shutting down background threads
12:18:18.820 [JavaFX Application Thread] DEBUG PrimaryStageWindow   - Closing main window
12:18:18.841 [JavaFX Application Thread] DEBUG Logger               - Closing Logger
