13:18:48.696 [main                     ] DEBUG Logger               - Configured Logger
13:18:48.727 [main                     ] DEBUG GameApplication      - Logging settings
Title: Miguel
Version: 1.0
Width: 1280
Height: 720
Fullscreen: false
Intro: false
Profiling: false
Single step:false
App Mode: DEVELOPER
Menu Key: ESCAPE
Stage Style: DECORATED
Scene Factory: class com.almasb.fxglgames.platformer.PlatformerApp$1

13:18:49.362 [JavaFX Application Thread] DEBUG FXGLApplication      - Initializing FXGL
13:18:49.367 [JavaFX Application Thread] INFO  Engine               - FXGL-17.1 (24.03.2022 17.34) on WINDOWS (J:19.0.1 FX:19-ea)
13:18:49.368 [JavaFX Application Thread] DEBUG Engine               - JRE Vendor Name: Oracle Corporation
13:18:49.368 [JavaFX Application Thread] DEBUG Engine               - Running on OS: Windows 11 version 10.0
13:18:49.368 [JavaFX Application Thread] DEBUG Engine               - Architecture: amd64
13:18:49.368 [JavaFX Application Thread] INFO  Engine               - Source code and latest versions at: https://github.com/AlmasB/FXGL
13:18:49.369 [JavaFX Application Thread] INFO  Engine               -       Ask questions and discuss at: https://github.com/AlmasB/FXGL/discussions
13:18:49.369 [JavaFX Application Thread] INFO  Engine               -              Join the FXGL chat at: https://gitter.im/AlmasB/FXGL
13:18:49.482 [JavaFX Application Thread] DEBUG PrimaryStageWindow   - Creating a JavaFX scene
13:18:49.543 [JavaFX Application Thread] DEBUG PrimaryStageWindow   - Target settings size: 1280.0 x 720.0
13:18:49.543 [JavaFX Application Thread] DEBUG PrimaryStageWindow   - Scaled scene size:    1280.0 x 720.0
13:18:49.544 [JavaFX Application Thread] DEBUG PrimaryStageWindow   - Scaled ratio: (1.0, 1.0)
13:18:49.545 [JavaFX Application Thread] DEBUG PrimaryStageWindow   - Set initial scene to FXGLStartupScene
13:18:49.553 [JavaFX Application Thread] DEBUG PrimaryStageWindow   - Opening main window
13:18:49.660 [JavaFX Application Thread] DEBUG PrimaryStageWindow   - Window border size: (14.4000244140625, 37.5999755859375)
13:18:49.660 [JavaFX Application Thread] DEBUG PrimaryStageWindow   - Scaled size: 1280.0 x 720.0
13:18:49.661 [JavaFX Application Thread] DEBUG PrimaryStageWindow   - Scaled ratio: (1.0, 1.0)
13:18:49.661 [JavaFX Application Thread] DEBUG PrimaryStageWindow   - Scene size: 1280.0 x 720.0
13:18:49.661 [JavaFX Application Thread] DEBUG PrimaryStageWindow   - Stage size: 1294.4000244140625 x 757.5999755859375
13:18:49.673 [FXGL Background Thread 1 ] DEBUG Engine               - Initializing environment variables
13:18:49.733 [FXGL Background Thread 1 ] DEBUG FXGLAssetLoaderServi - User app class for loading assets: class com.almasb.fxglgames.platformer.PlatformerApp
13:18:49.733 [FXGL Background Thread 1 ] DEBUG GameApplicationServi - Applying CSS: fxgl_dark.css
13:18:49.734 [FXGL Background Thread 1 ] DEBUG FXGLAssetLoaderServi - Loading from file system: jar:file:///C:/Users/meijr/.m2/repository/com/github/almasb/fxgl/17.1/fxgl-17.1.jar!/fxglassets/ui/css/fxgl_dark.css
13:18:49.784 [FXGL Background Thread 1 ] DEBUG GameApplicationServi - Initializing application scenes
13:18:49.837 [FXGL Background Thread 1 ] DEBUG FXGLAssetLoaderServi - Loading from file system: file:/C:/Users/meijr/OneDrive/Documenten/GitHub/ipose-groep-4/target/classes/assets/textures/player.png
13:18:49.865 [FXGL Background Thread 1 ] DEBUG GameWorld            - Game world initialized
13:18:49.935 [FXGL Background Thread 1 ] DEBUG PhysicsWorld         - Physics world initialized: appHeight=720, physics.ppm=50.0
13:18:49.936 [FXGL Background Thread 1 ] DEBUG PhysicsWorld         - Using strategy: BRUTE_FORCE
13:18:49.943 [FXGL Background Thread 1 ] DEBUG GameScene            - Game scene initialized: 1280x720
13:18:49.955 [FXGL Background Thread 1 ] DEBUG FXGL.DefaultMenu     - createMenuBodyMainMenu()
13:18:49.977 [FXGL Background Thread 1 ] DEBUG FXGL.DefaultMenu     - createOptionsMenu()
13:18:49.992 [FXGL Background Thread 1 ] DEBUG FXGLAssetLoaderServi - Loading from file system: jar:file:///C:/Users/meijr/.m2/repository/com/github/almasb/fxgl/17.1/fxgl-17.1.jar!/fxglassets/textures/particles/smoke.png
13:18:50.081 [FXGL Background Thread 1 ] DEBUG FXGLAssetLoaderServi - Loading from file system: jar:file:///C:/Users/meijr/.m2/repository/com/github/almasb/fxgl/17.1/fxgl-17.1.jar!/fxglassets/textures/particles/trace_horizontal.png
13:18:50.114 [FXGL Background Thread 1 ] DEBUG FXGL.DefaultMenu     - createMenuBodyGameMenu()
13:18:50.116 [FXGL Background Thread 1 ] DEBUG FXGL.DefaultMenu     - createOptionsMenu()
13:18:50.137 [FXGL Background Thread 1 ] DEBUG GameApplicationServi - Application scenes initialized
13:18:50.150 [FXGL Background Thread 1 ] DEBUG SystemBundleService  - Loading FXGL system data
13:18:50.155 [FXGL Background Thread 1 ] DEBUG FileSystemAccess     - Reading from: C:\Users\meijr\OneDrive\Documenten\GitHub\ipose-groep-4\system\fxgl.bundle
13:18:50.166 [FXGL Background Thread 1 ] DEBUG SystemBundleService  - Bundle FXGL: {}
13:18:50.166 [FXGL Background Thread 1 ] DEBUG UpdaterService       - Checking for updates
13:18:50.169 [FXGL Background Thread 4 ] DEBUG FXGLApplication      - Loading fonts
13:18:50.171 [FXGL Background Thread 1 ] DEBUG FXGLApplication      - Loading default localization
13:18:50.171 [FXGL Background Thread 4 ] DEBUG FXGLAssetLoaderServi - Loading from file system: jar:file:///C:/Users/meijr/.m2/repository/com/github/almasb/fxgl/17.1/fxgl-17.1.jar!/fxglassets/ui/fonts/VarelaRound-Regular.ttf
13:18:50.171 [FXGL Background Thread 1 ] DEBUG FXGLAssetLoaderServi - Loading from file system: jar:file:///C:/Users/meijr/.m2/repository/com/github/almasb/fxgl/17.1/fxgl-17.1.jar!/fxglassets/languages/english.lang
13:18:50.190 [FXGL Background Thread 1 ] INFO  FXGLApplication      - FXGL initialization took: 0.517 sec
13:18:50.202 [JavaFX Application Thread] DEBUG Input                - Registered new binding: Left - A
13:18:50.202 [JavaFX Application Thread] DEBUG Input                - Registered new binding: Right - D
13:18:50.203 [JavaFX Application Thread] DEBUG Input                - Registered new binding: Jump - W
13:18:50.203 [JavaFX Application Thread] DEBUG Input                - Registered new binding: Use - E
13:18:50.204 [JavaFX Application Thread] DEBUG FXGLAssetLoaderServi - Loading from file system: file:/C:/Users/meijr/OneDrive/Documenten/GitHub/ipose-groep-4/target/classes/assets/music/BGM_dash_runner.wav
13:18:50.247 [FXGL Background Thread 4 ] DEBUG FXGLAssetLoaderServi - Loading from file system: jar:file:///C:/Users/meijr/.m2/repository/com/github/almasb/fxgl/17.1/fxgl-17.1.jar!/fxglassets/ui/fonts/Abel-Regular.ttf
13:18:50.253 [FXGL Background Thread 4 ] DEBUG FXGLAssetLoaderServi - Loading from file system: jar:file:///C:/Users/meijr/.m2/repository/com/github/almasb/fxgl/17.1/fxgl-17.1.jar!/fxglassets/ui/fonts/TerminalLandMono-Regular.otf
13:18:50.259 [FXGL Background Thread 4 ] DEBUG FXGLAssetLoaderServi - Loading from file system: jar:file:///C:/Users/meijr/.m2/repository/com/github/almasb/fxgl/17.1/fxgl-17.1.jar!/fxglassets/ui/fonts/Courier-Prime.ttf
13:18:50.563 [FXGL Background Thread 2 ] INFO  UpdaterService       - Your current version:  17.1
13:18:50.564 [FXGL Background Thread 2 ] INFO  UpdaterService       - Latest stable version: 17.3
13:18:50.885 [JavaFX Application Thread] DEBUG AudioPlayer          - Playing music com.almasb.fxgl.audio.Music@6e00d5ac
13:18:50.886 [JavaFX Application Thread] DEBUG FXGLAssetLoaderServi - Loading from file system: jar:file:///C:/Users/meijr/.m2/repository/com/github/almasb/fxgl/17.1/fxgl-17.1.jar!/fxglassets/textures/fxgl_icon.png
13:18:50.911 [JavaFX Application Thread] DEBUG FXGLAssetLoaderServi - Loading from file system: jar:file:///C:/Users/meijr/.m2/repository/com/github/almasb/fxgl/17.1/fxgl-17.1.jar!/fxglassets/textures/fxgl_default_cursor.png
13:18:50.915 [JavaFX Application Thread] DEBUG Input                - Registered new binding: Screenshot - CTRL+8
13:18:50.915 [JavaFX Application Thread] DEBUG Input                - Registered new binding: System info dump - CTRL+9
13:18:50.915 [JavaFX Application Thread] DEBUG Input                - Registered new binding: Restart - CTRL+R
13:18:50.916 [JavaFX Application Thread] DEBUG Input                - Registered new binding: Toggle Debug Camera - CTRL+7
13:18:50.919 [JavaFX Application Thread] DEBUG LoopRunner           - Starting loop
13:18:50.919 [JavaFX Application Thread] DEBUG LoopRunner           - Initializing JavaFX AnimationTimerLoop
13:18:50.922 [JavaFX Application Thread] DEBUG Input                - Clearing active input actions
13:18:50.937 [JavaFX Application Thread] DEBUG GameApplicationServi - Removing overlay from FXGLStartupScene and adding to FXGLMainMenuDummyScene
13:18:50.938 [JavaFX Application Thread] DEBUG PrimaryStageWindow   - FXGLStartupScene -> FXGLMainMenuDummyScene
13:18:50.938 [JavaFX Application Thread] DEBUG PrimaryStageWindow   - Push state: FXGLDefaultMenu
13:18:50.940 [JavaFX Application Thread] DEBUG Input                - Clearing active input actions
13:18:50.948 [JavaFX Application Thread] DEBUG GameApplicationServi - Removing overlay from FXGLMainMenuDummyScene and adding to FXGLDefaultMenu
13:18:50.948 [JavaFX Application Thread] DEBUG PrimaryStageWindow   - FXGLMainMenuDummyScene -> FXGLDefaultMenu
13:18:50.949 [JavaFX Application Thread] DEBUG FXGLApplication      - Registering font factories with UI factory
13:18:53.170 [FXGL Background Thread 3 ] DEBUG Engine               - Logging environment variables
13:18:53.170 [FXGL Background Thread 3 ] DEBUG Engine               - achievements: []
13:18:53.170 [FXGL Background Thread 3 ] DEBUG Engine               - actualHeight: 720.0
13:18:53.171 [FXGL Background Thread 3 ] DEBUG Engine               - actualHeightProperty: ReadOnlyDoubleProperty [value: 720.0]
13:18:53.171 [FXGL Background Thread 3 ] DEBUG Engine               - actualWidth: 1280.0
13:18:53.171 [FXGL Background Thread 3 ] DEBUG Engine               - actualWidthProperty: ReadOnlyDoubleProperty [value: 1280.0]
13:18:53.171 [FXGL Background Thread 3 ] DEBUG Engine               - appIcon: fxgl_icon.png
13:18:53.171 [FXGL Background Thread 3 ] DEBUG Engine               - applicationMode: DEVELOPER
13:18:53.171 [FXGL Background Thread 3 ] DEBUG Engine               - cSSList: [fxgl_dark.css]
13:18:53.171 [FXGL Background Thread 3 ] DEBUG Engine               - collisionDetectionStrategy: BRUTE_FORCE
13:18:53.171 [FXGL Background Thread 3 ] DEBUG Engine               - configClass: Optional.empty
13:18:53.171 [FXGL Background Thread 3 ] DEBUG Engine               - credits: []
13:18:53.172 [FXGL Background Thread 3 ] DEBUG Engine               - defaultCursor: CursorInfo(imageName=fxgl_default_cursor.png, hotspotX=7.0, hotspotY=6.0)
13:18:53.172 [FXGL Background Thread 3 ] DEBUG Engine               - devBBoxColorProperty: ObjectProperty [value: 0xff0000ff]
13:18:53.172 [FXGL Background Thread 3 ] DEBUG Engine               - devEnableDebugCameraProperty: BooleanProperty [value: false]
13:18:53.173 [FXGL Background Thread 3 ] DEBUG Engine               - devSensorColorProperty: ObjectProperty [value: 0xffff00ff]
13:18:53.173 [FXGL Background Thread 3 ] DEBUG Engine               - devShowBBoxProperty: BooleanProperty [value: false]
13:18:53.173 [FXGL Background Thread 3 ] DEBUG Engine               - devShowPositionProperty: BooleanProperty [value: false]
13:18:53.173 [FXGL Background Thread 3 ] DEBUG Engine               - enabledMenuItems: []
13:18:53.173 [FXGL Background Thread 3 ] DEBUG Engine               - engineServices: [class com.almasb.fxgl.app.services.FXGLAssetLoaderService, class com.almasb.fxgl.app.FXGLApplication$GameApplicationService, class com.almasb.fxgl.app.services.FXGLDialogService, class com.almasb.fxgl.app.services.IOTaskExecutorService, class com.almasb.fxgl.io.FileSystemService, class com.almasb.fxgl.localization.LocalizationService, class com.almasb.fxgl.app.services.SystemBundleService, class com.almasb.fxgl.profile.SaveLoadService, class com.almasb.fxgl.ui.FXGLUIFactoryServiceProvider, class com.almasb.fxgl.ui.FXGLDialogFactoryServiceProvider, class com.almasb.fxgl.audio.AudioPlayer, class com.almasb.fxgl.notification.impl.NotificationServiceProvider, class com.almasb.fxgl.achievement.AchievementService, class com.almasb.fxgl.cutscene.CutsceneService, class com.almasb.fxgl.minigames.MiniGameService, class com.almasb.fxgl.net.NetService, class com.almasb.fxgl.app.services.UpdaterService, class com.almasb.fxgl.dev.DevService]
13:18:53.173 [FXGL Background Thread 3 ] DEBUG Engine               - fontGame: Abel-Regular.ttf
13:18:53.173 [FXGL Background Thread 3 ] DEBUG Engine               - fontMono: TerminalLandMono-Regular.otf
13:18:53.173 [FXGL Background Thread 3 ] DEBUG Engine               - fontText: Courier-Prime.ttf
13:18:53.173 [FXGL Background Thread 3 ] DEBUG Engine               - fontUI: VarelaRound-Regular.ttf
13:18:53.173 [FXGL Background Thread 3 ] DEBUG Engine               - fullScreen: BooleanProperty [value: false]
13:18:53.174 [FXGL Background Thread 3 ] DEBUG Engine               - gameDifficulty: MEDIUM
13:18:53.174 [FXGL Background Thread 3 ] DEBUG Engine               - gameDifficultyProperty: ObjectProperty [value: MEDIUM]
13:18:53.174 [FXGL Background Thread 3 ] DEBUG Engine               - globalMusicVolume: 0.5
13:18:53.174 [FXGL Background Thread 3 ] DEBUG Engine               - globalMusicVolumeProperty: DoubleProperty [value: 0.25]
13:18:53.174 [FXGL Background Thread 3 ] DEBUG Engine               - globalSoundVolume: 0.5
13:18:53.174 [FXGL Background Thread 3 ] DEBUG Engine               - globalSoundVolumeProperty: DoubleProperty [value: 0.5]
13:18:53.175 [FXGL Background Thread 3 ] DEBUG Engine               - height: 720
13:18:53.175 [FXGL Background Thread 3 ] DEBUG Engine               - is3D: false
13:18:53.175 [FXGL Background Thread 3 ] DEBUG Engine               - isAndroid: false
13:18:53.175 [FXGL Background Thread 3 ] DEBUG Engine               - isBrowser: false
13:18:53.175 [FXGL Background Thread 3 ] DEBUG Engine               - isClickFeedbackEnabled: false
13:18:53.175 [FXGL Background Thread 3 ] DEBUG Engine               - isCloseConfirmation: false
13:18:53.175 [FXGL Background Thread 3 ] DEBUG Engine               - isDesktop: true
13:18:53.175 [FXGL Background Thread 3 ] DEBUG Engine               - isDeveloperMenuEnabled: false
13:18:53.175 [FXGL Background Thread 3 ] DEBUG Engine               - isEmbedded: false
13:18:53.175 [FXGL Background Thread 3 ] DEBUG Engine               - isEntityPreloadEnabled: true
13:18:53.175 [FXGL Background Thread 3 ] DEBUG Engine               - isExperimentalTiledLargeMap: false
13:18:53.175 [FXGL Background Thread 3 ] DEBUG Engine               - isFileSystemWriteAllowed: true
13:18:53.175 [FXGL Background Thread 3 ] DEBUG Engine               - isFullScreenAllowed: false
13:18:53.175 [FXGL Background Thread 3 ] DEBUG Engine               - isFullScreenFromStart: false
13:18:53.176 [FXGL Background Thread 3 ] DEBUG Engine               - isGameMenuEnabled: true
13:18:53.176 [FXGL Background Thread 3 ] DEBUG Engine               - isIOS: false
13:18:53.176 [FXGL Background Thread 3 ] DEBUG Engine               - isIntroEnabled: false
13:18:53.176 [FXGL Background Thread 3 ] DEBUG Engine               - isLinux: false
13:18:53.176 [FXGL Background Thread 3 ] DEBUG Engine               - isMac: false
13:18:53.176 [FXGL Background Thread 3 ] DEBUG Engine               - isMainMenuEnabled: true
13:18:53.176 [FXGL Background Thread 3 ] DEBUG Engine               - isManualResizeEnabled: false
13:18:53.176 [FXGL Background Thread 3 ] DEBUG Engine               - isMobile: false
13:18:53.176 [FXGL Background Thread 3 ] DEBUG Engine               - isNative: false
13:18:53.176 [FXGL Background Thread 3 ] DEBUG Engine               - isPauseMusicWhenMinimized: true
13:18:53.176 [FXGL Background Thread 3 ] DEBUG Engine               - isPreserveResizeRatio: false
13:18:53.176 [FXGL Background Thread 3 ] DEBUG Engine               - isProfilingEnabled: false
13:18:53.177 [FXGL Background Thread 3 ] DEBUG Engine               - isScaleAffectedOnResize: true
13:18:53.177 [FXGL Background Thread 3 ] DEBUG Engine               - isSingleStep: false
13:18:53.177 [FXGL Background Thread 3 ] DEBUG Engine               - isUserProfileEnabled: false
13:18:53.177 [FXGL Background Thread 3 ] DEBUG Engine               - isWindows: true
13:18:53.177 [FXGL Background Thread 3 ] DEBUG Engine               - language: ObjectProperty [value: ENGLISH]
13:18:53.177 [FXGL Background Thread 3 ] DEBUG Engine               - menuKey: ESCAPE
13:18:53.177 [FXGL Background Thread 3 ] DEBUG Engine               - mouseSensitivity: 0.2
13:18:53.177 [FXGL Background Thread 3 ] DEBUG Engine               - notificationViewClass: class com.almasb.fxgl.notification.view.XboxNotificationView
13:18:53.177 [FXGL Background Thread 3 ] DEBUG Engine               - pixelsPerMeter: 50.0
13:18:53.177 [FXGL Background Thread 3 ] DEBUG Engine               - platform: WINDOWS
13:18:53.177 [FXGL Background Thread 3 ] DEBUG Engine               - prefHeightProperty: ReadOnlyDoubleProperty [value: 720.0]
13:18:53.177 [FXGL Background Thread 3 ] DEBUG Engine               - prefWidthProperty: ReadOnlyDoubleProperty [value: 1280.0]
13:18:53.178 [FXGL Background Thread 3 ] DEBUG Engine               - profileDir: profiles/
13:18:53.178 [FXGL Background Thread 3 ] DEBUG Engine               - profileName: StringProperty [value: DEFAULT]
13:18:53.178 [FXGL Background Thread 3 ] DEBUG Engine               - randomSeed: -1
13:18:53.179 [FXGL Background Thread 3 ] DEBUG Engine               - runtimeInfo: RuntimeInfo(platform=WINDOWS, version=17.1, build=24.03.2022 17.34)
13:18:53.179 [FXGL Background Thread 3 ] DEBUG Engine               - saveFileExt: sav
13:18:53.179 [FXGL Background Thread 3 ] DEBUG Engine               - scaledHeightProp$fxgl: DoubleProperty [bound, value: 720.0]
13:18:53.180 [FXGL Background Thread 3 ] DEBUG Engine               - scaledWidthProp$fxgl: DoubleProperty [bound, value: 1280.0]
13:18:53.180 [FXGL Background Thread 3 ] DEBUG Engine               - sceneFactory: com.almasb.fxglgames.platformer.PlatformerApp$1@4402598c
13:18:53.180 [FXGL Background Thread 3 ] DEBUG Engine               - secondsIn24h: 60
13:18:53.180 [FXGL Background Thread 3 ] DEBUG Engine               - soundMenuBack: menu/back.wav
13:18:53.180 [FXGL Background Thread 3 ] DEBUG Engine               - soundMenuPress: menu/press.wav
13:18:53.180 [FXGL Background Thread 3 ] DEBUG Engine               - soundMenuSelect: menu/select.wav
13:18:53.180 [FXGL Background Thread 3 ] DEBUG Engine               - soundNotification: core/notification.wav
13:18:53.180 [FXGL Background Thread 3 ] DEBUG Engine               - stageStyle: DECORATED
13:18:53.180 [FXGL Background Thread 3 ] DEBUG Engine               - supportedLanguages: [ENGLISH, FRENCH, GERMAN, HUNGARIAN, RUSSIAN]
13:18:53.180 [FXGL Background Thread 3 ] DEBUG Engine               - ticksPerSecond: -1
13:18:53.180 [FXGL Background Thread 3 ] DEBUG Engine               - title: Miguel
13:18:53.181 [FXGL Background Thread 3 ] DEBUG Engine               - urlGithub: https://github.com/AlmasB/FXGL
13:18:53.181 [FXGL Background Thread 3 ] DEBUG Engine               - urlLeaderboard: http://fxgl-top.herokuapp.com/
13:18:53.181 [FXGL Background Thread 3 ] DEBUG Engine               - urlPOM: https://raw.githubusercontent.com/AlmasB/FXGL/release/README.md
13:18:53.181 [FXGL Background Thread 3 ] DEBUG Engine               - userAppClass: class com.almasb.fxglgames.platformer.PlatformerApp
13:18:53.181 [FXGL Background Thread 3 ] DEBUG Engine               - version: 1.0
13:18:53.181 [FXGL Background Thread 3 ] DEBUG Engine               - versionCheckDays: 7
13:18:53.181 [FXGL Background Thread 3 ] DEBUG Engine               - width: 1280
13:18:53.181 [FXGL Background Thread 3 ] DEBUG Engine               - Logging services
13:18:53.181 [FXGL Background Thread 3 ] DEBUG Engine               - class com.almasb.fxgl.app.services.FXGLAssetLoaderService
13:18:53.181 [FXGL Background Thread 3 ] DEBUG Engine               - class com.almasb.fxgl.app.FXGLApplication$GameApplicationService
13:18:53.181 [FXGL Background Thread 3 ] DEBUG Engine               - class com.almasb.fxgl.app.services.FXGLDialogService
13:18:53.181 [FXGL Background Thread 3 ] DEBUG Engine               - class com.almasb.fxgl.app.services.IOTaskExecutorService
13:18:53.181 [FXGL Background Thread 3 ] DEBUG Engine               - class com.almasb.fxgl.io.FileSystemService
13:18:53.181 [FXGL Background Thread 3 ] DEBUG Engine               - class com.almasb.fxgl.localization.LocalizationService
13:18:53.181 [FXGL Background Thread 3 ] DEBUG Engine               - class com.almasb.fxgl.app.services.SystemBundleService
13:18:53.181 [FXGL Background Thread 3 ] DEBUG Engine               - class com.almasb.fxgl.profile.SaveLoadService
13:18:53.181 [FXGL Background Thread 3 ] DEBUG Engine               - class com.almasb.fxgl.ui.FXGLUIFactoryServiceProvider
13:18:53.181 [FXGL Background Thread 3 ] DEBUG Engine               - class com.almasb.fxgl.ui.FXGLDialogFactoryServiceProvider
13:18:53.181 [FXGL Background Thread 3 ] DEBUG Engine               - class com.almasb.fxgl.audio.AudioPlayer
13:18:53.181 [FXGL Background Thread 3 ] DEBUG Engine               - class com.almasb.fxgl.notification.impl.NotificationServiceProvider
13:18:53.181 [FXGL Background Thread 3 ] DEBUG Engine               - class com.almasb.fxgl.achievement.AchievementService
13:18:53.181 [FXGL Background Thread 3 ] DEBUG Engine               - class com.almasb.fxgl.cutscene.CutsceneService
13:18:53.181 [FXGL Background Thread 3 ] DEBUG Engine               - class com.almasb.fxgl.minigames.MiniGameService
13:18:53.181 [FXGL Background Thread 3 ] DEBUG Engine               - class com.almasb.fxgl.net.NetService
13:18:53.181 [FXGL Background Thread 3 ] DEBUG Engine               - class com.almasb.fxgl.app.services.UpdaterService
13:18:53.181 [FXGL Background Thread 3 ] DEBUG Engine               - class com.almasb.fxgl.dev.DevService
13:18:57.762 [JavaFX Application Thread] DEBUG Menu                 - fireNewGame()
13:18:57.762 [JavaFX Application Thread] DEBUG GameApplicationServi - Starting new game
13:18:57.764 [JavaFX Application Thread] DEBUG PrimaryStageWindow   - Pop state: FXGLDefaultMenu
13:18:57.764 [JavaFX Application Thread] DEBUG Input                - Clearing active input actions
13:18:57.765 [JavaFX Application Thread] DEBUG GameApplicationServi - Removing overlay from FXGLDefaultMenu and adding to FXGLMainMenuDummyScene
13:18:57.765 [JavaFX Application Thread] DEBUG PrimaryStageWindow   - FXGLMainMenuDummyScene <- FXGLDefaultMenu
13:18:57.767 [JavaFX Application Thread] DEBUG Input                - Clearing active input actions
13:18:57.774 [JavaFX Application Thread] DEBUG GameApplicationServi - Removing overlay from FXGLMainMenuDummyScene and adding to MainLoadingScene
13:18:57.775 [JavaFX Application Thread] DEBUG PrimaryStageWindow   - FXGLMainMenuDummyScene -> MainLoadingScene
13:18:57.775 [JavaFX Application Thread] DEBUG GameApplicationServi - Clearing previous game
13:18:57.775 [JavaFX Application Thread] DEBUG GameScene            - Clearing game scene
13:18:57.775 [JavaFX Application Thread] DEBUG GameWorld            - Clearing game world
13:18:57.775 [JavaFX Application Thread] DEBUG PhysicsWorld         - Clearing physics world
13:18:57.776 [FXGL Background Thread 2 ] DEBUG FXGLApplication      - Initializing game
13:18:57.807 [FXGL Background Thread 2 ] WARN  TMXLevelLoader       - TiledMap generated from 1.10.0. Supported version: 1.4.2. Some features may not be parsed fully.
13:18:57.818 [FXGL Background Thread 2 ] DEBUG TMXLevelLoader       - Parsed TiledMap: file:/C:/Users/meijr/OneDrive/Documenten/GitHub/ipose-groep-4/target/classes/assets/levels/tmx/level1.tmx
13:18:57.818 [FXGL Background Thread 2 ] DEBUG TMXLevelLoader       - Creating tile layer entities
13:18:57.820 [FXGL Background Thread 2 ] DEBUG TilesetLoader        - Loading view for layer Tile Layer 1
13:18:57.825 [FXGL Background Thread 2 ] DEBUG TilesetLoader        - Created buffer with size 4900.0x700.0
13:18:57.853 [FXGL Background Thread 2 ] DEBUG TMXLevelLoader       - Creating object layer entities
13:18:57.873 [FXGL Background Thread 2 ] DEBUG GameWorld            - Clearing removable entities
13:18:57.873 [FXGL Background Thread 2 ] DEBUG GameWorld            - Setting level: com.almasb.fxgl.entity.level.Level@66aba65f
13:18:57.892 [FXGL Background Thread 2 ] DEBUG FXGLAssetLoaderServi - Loading from file system: file:/C:/Users/meijr/OneDrive/Documenten/GitHub/ipose-groep-4/target/classes/assets/textures/trump.png
13:18:57.897 [FXGL Background Thread 2 ] DEBUG FXGLAssetLoaderServi - Loading from file system: file:/C:/Users/meijr/OneDrive/Documenten/GitHub/ipose-groep-4/target/classes/assets/textures/background/forest.png
13:18:57.923 [FXGL Background Thread 2 ] INFO  FXGLApplication      - Game initialization took: 0.147 sec
13:18:57.923 [JavaFX Application Thread] DEBUG Input                - Clearing active input actions
13:18:57.929 [JavaFX Application Thread] DEBUG GameApplicationServi - Removing overlay from MainLoadingScene and adding to GameScene
13:18:57.929 [JavaFX Application Thread] DEBUG PrimaryStageWindow   - MainLoadingScene -> GameScene
13:19:02.440 [JavaFX Application Thread] DEBUG PrimaryStageWindow   - Push state: DialogSubScene
13:19:02.440 [JavaFX Application Thread] DEBUG Input                - Clearing active input actions
13:19:02.441 [JavaFX Application Thread] DEBUG GameApplicationServi - Removing overlay from GameScene and adding to DialogSubScene
13:19:02.441 [JavaFX Application Thread] DEBUG PrimaryStageWindow   - GameScene -> DialogSubScene
13:19:08.975 [JavaFX Application Thread] DEBUG PrimaryStageWindow   - Pop state: DialogSubScene
13:19:08.975 [JavaFX Application Thread] DEBUG Input                - Clearing active input actions
13:19:08.975 [JavaFX Application Thread] DEBUG GameApplicationServi - Removing overlay from DialogSubScene and adding to GameScene
13:19:08.975 [JavaFX Application Thread] DEBUG PrimaryStageWindow   - GameScene <- DialogSubScene
13:19:08.975 [JavaFX Application Thread] DEBUG GameApplicationServi - Starting new game
13:19:08.975 [JavaFX Application Thread] DEBUG Input                - Clearing active input actions
13:19:08.978 [JavaFX Application Thread] DEBUG GameApplicationServi - Removing overlay from GameScene and adding to MainLoadingScene
13:19:08.978 [JavaFX Application Thread] DEBUG PrimaryStageWindow   - GameScene -> MainLoadingScene
13:19:08.978 [JavaFX Application Thread] DEBUG GameApplicationServi - Clearing previous game
13:19:08.978 [JavaFX Application Thread] DEBUG GameScene            - Clearing game scene
13:19:08.978 [JavaFX Application Thread] DEBUG GameWorld            - Clearing game world
13:19:08.980 [JavaFX Application Thread] DEBUG PhysicsWorld         - Clearing physics world
13:19:08.980 [FXGL Background Thread 2 ] DEBUG FXGLApplication      - Initializing game
13:19:08.983 [FXGL Background Thread 2 ] WARN  TMXLevelLoader       - TiledMap generated from 1.10.0. Supported version: 1.4.2. Some features may not be parsed fully.
13:19:08.985 [FXGL Background Thread 2 ] DEBUG TMXLevelLoader       - Parsed TiledMap: file:/C:/Users/meijr/OneDrive/Documenten/GitHub/ipose-groep-4/target/classes/assets/levels/tmx/level1.tmx
13:19:08.985 [FXGL Background Thread 2 ] DEBUG TMXLevelLoader       - Creating tile layer entities
13:19:08.985 [FXGL Background Thread 2 ] DEBUG TilesetLoader        - Loading view for layer Tile Layer 1
13:19:08.989 [FXGL Background Thread 2 ] DEBUG TilesetLoader        - Created buffer with size 4900.0x700.0
13:19:09.000 [FXGL Background Thread 2 ] DEBUG TMXLevelLoader       - Creating object layer entities
13:19:09.002 [FXGL Background Thread 2 ] DEBUG GameWorld            - Clearing removable entities
13:19:09.003 [FXGL Background Thread 2 ] DEBUG GameWorld            - Setting level: com.almasb.fxgl.entity.level.Level@2f772e01
13:19:09.005 [FXGL Background Thread 2 ] INFO  FXGLApplication      - Game initialization took: 0.025 sec
13:19:09.005 [JavaFX Application Thread] DEBUG Input                - Clearing active input actions
13:19:09.008 [JavaFX Application Thread] DEBUG GameApplicationServi - Removing overlay from MainLoadingScene and adding to GameScene
13:19:09.008 [JavaFX Application Thread] DEBUG PrimaryStageWindow   - MainLoadingScene -> GameScene
13:19:34.149 [JavaFX Application Thread] DEBUG PrimaryStageWindow   - Push state: DialogSubScene
13:19:34.149 [JavaFX Application Thread] DEBUG Input                - Clearing active input actions
13:19:34.150 [JavaFX Application Thread] DEBUG GameApplicationServi - Removing overlay from GameScene and adding to DialogSubScene
13:19:34.150 [JavaFX Application Thread] DEBUG PrimaryStageWindow   - GameScene -> DialogSubScene
13:19:37.978 [JavaFX Application Thread] DEBUG PrimaryStageWindow   - Pop state: DialogSubScene
13:19:37.978 [JavaFX Application Thread] DEBUG Input                - Clearing active input actions
13:19:37.978 [JavaFX Application Thread] DEBUG GameApplicationServi - Removing overlay from DialogSubScene and adding to GameScene
13:19:37.978 [JavaFX Application Thread] DEBUG PrimaryStageWindow   - GameScene <- DialogSubScene
13:19:37.978 [JavaFX Application Thread] DEBUG GameApplicationServi - Starting new game
13:19:37.978 [JavaFX Application Thread] DEBUG Input                - Clearing active input actions
13:19:37.980 [JavaFX Application Thread] DEBUG GameApplicationServi - Removing overlay from GameScene and adding to MainLoadingScene
13:19:37.980 [JavaFX Application Thread] DEBUG PrimaryStageWindow   - GameScene -> MainLoadingScene
13:19:37.980 [JavaFX Application Thread] DEBUG GameApplicationServi - Clearing previous game
13:19:37.980 [JavaFX Application Thread] DEBUG GameScene            - Clearing game scene
13:19:37.980 [JavaFX Application Thread] DEBUG GameWorld            - Clearing game world
13:19:37.981 [JavaFX Application Thread] DEBUG PhysicsWorld         - Clearing physics world
13:19:37.981 [FXGL Background Thread 2 ] DEBUG FXGLApplication      - Initializing game
13:19:37.983 [FXGL Background Thread 2 ] WARN  TMXLevelLoader       - TiledMap generated from 1.10.0. Supported version: 1.4.2. Some features may not be parsed fully.
13:19:37.986 [FXGL Background Thread 2 ] DEBUG TMXLevelLoader       - Parsed TiledMap: file:/C:/Users/meijr/OneDrive/Documenten/GitHub/ipose-groep-4/target/classes/assets/levels/tmx/level1.tmx
13:19:37.986 [FXGL Background Thread 2 ] DEBUG TMXLevelLoader       - Creating tile layer entities
13:19:37.986 [FXGL Background Thread 2 ] DEBUG TilesetLoader        - Loading view for layer Tile Layer 1
13:19:37.989 [FXGL Background Thread 2 ] DEBUG TilesetLoader        - Created buffer with size 4900.0x700.0
13:19:38.001 [FXGL Background Thread 2 ] DEBUG TMXLevelLoader       - Creating object layer entities
13:19:38.004 [FXGL Background Thread 2 ] DEBUG GameWorld            - Clearing removable entities
13:19:38.004 [FXGL Background Thread 2 ] DEBUG GameWorld            - Setting level: com.almasb.fxgl.entity.level.Level@c0244a
13:19:38.006 [FXGL Background Thread 2 ] INFO  FXGLApplication      - Game initialization took: 0.024 sec
13:19:38.006 [JavaFX Application Thread] DEBUG Input                - Clearing active input actions
13:19:38.008 [JavaFX Application Thread] DEBUG GameApplicationServi - Removing overlay from MainLoadingScene and adding to GameScene
13:19:38.008 [JavaFX Application Thread] DEBUG PrimaryStageWindow   - MainLoadingScene -> GameScene
13:20:04.164 [JavaFX Application Thread] DEBUG Input                - Registered new binding: Close Level End Screen - LMB
13:20:04.164 [JavaFX Application Thread] DEBUG PrimaryStageWindow   - Push state: LevelEndScene
13:20:04.164 [JavaFX Application Thread] DEBUG Input                - Clearing active input actions
13:20:04.164 [JavaFX Application Thread] DEBUG GameApplicationServi - Removing overlay from GameScene and adding to LevelEndScene
13:20:04.164 [JavaFX Application Thread] DEBUG PrimaryStageWindow   - GameScene -> LevelEndScene
13:20:04.802 [JavaFX Application Thread] DEBUG PrimaryStageWindow   - Pop state: LevelEndScene
13:20:04.802 [JavaFX Application Thread] DEBUG Input                - Clearing active input actions
13:20:04.802 [JavaFX Application Thread] DEBUG GameApplicationServi - Removing overlay from LevelEndScene and adding to GameScene
13:20:04.802 [JavaFX Application Thread] DEBUG PrimaryStageWindow   - GameScene <- LevelEndScene
13:20:05.665 [JavaFX Application Thread] WARN  TMXLevelLoader       - TiledMap generated from 1.10.0. Supported version: 1.4.2. Some features may not be parsed fully.
13:20:05.666 [JavaFX Application Thread] DEBUG TMXLevelLoader       - Parsed TiledMap: file:/C:/Users/meijr/OneDrive/Documenten/GitHub/ipose-groep-4/target/classes/assets/levels/tmx/level2.tmx
13:20:05.666 [JavaFX Application Thread] DEBUG TMXLevelLoader       - Creating tile layer entities
13:20:05.667 [JavaFX Application Thread] DEBUG TilesetLoader        - Loading view for layer Tile Layer 1
13:20:05.669 [JavaFX Application Thread] DEBUG TilesetLoader        - Created buffer with size 4900.0x700.0
13:20:05.680 [JavaFX Application Thread] DEBUG TMXLevelLoader       - Creating object layer entities
13:20:05.680 [JavaFX Application Thread] DEBUG GameWorld            - Clearing removable entities
13:20:05.681 [JavaFX Application Thread] DEBUG GameWorld            - Setting level: com.almasb.fxgl.entity.level.Level@1d2a010a
13:20:18.057 [JavaFX Application Thread] DEBUG FXGLApplication      - Exiting FXGL
13:20:18.057 [JavaFX Application Thread] DEBUG LoopRunner           - Stopping loop
13:20:18.057 [JavaFX Application Thread] DEBUG SystemBundleService  - Saving FXGL system data
13:20:18.059 [JavaFX Application Thread] DEBUG FileSystemAccess     - Writing to: C:\Users\meijr\OneDrive\Documenten\GitHub\ipose-groep-4\system\fxgl.bundle
13:20:18.061 [JavaFX Application Thread] DEBUG Async                - Shutting down background threads
13:20:18.062 [JavaFX Application Thread] DEBUG PrimaryStageWindow   - Closing main window
13:20:18.071 [JavaFX Application Thread] DEBUG Logger               - Closing Logger
