13:34:39.514 [main                     ] DEBUG Logger               - Configured Logger
13:34:39.543 [main                     ] DEBUG GameApplication      - Logging settings
Title: Untitled
Version: 0.0
Width: 1400
Height: 720
Fullscreen: false
Intro: false
Profiling: false
Single step:false
App Mode: DEVELOPER
Menu Key: ESCAPE
Stage Style: DECORATED
Scene Factory: class com.almasb.fxglgames.platformer.PlatformerApp$1

13:34:39.850 [JavaFX Application Thread] DEBUG FXGLApplication      - Initializing FXGL
13:34:39.854 [JavaFX Application Thread] INFO  Engine               - FXGL-17.1 (24.03.2022 17.34) on WINDOWS (J:19.0.1 FX:19-ea)
13:34:39.854 [JavaFX Application Thread] DEBUG Engine               - JRE Vendor Name: Oracle Corporation
13:34:39.855 [JavaFX Application Thread] DEBUG Engine               - Running on OS: Windows 10 version 10.0
13:34:39.855 [JavaFX Application Thread] DEBUG Engine               - Architecture: amd64
13:34:39.855 [JavaFX Application Thread] INFO  Engine               - Source code and latest versions at: https://github.com/AlmasB/FXGL
13:34:39.855 [JavaFX Application Thread] INFO  Engine               -       Ask questions and discuss at: https://github.com/AlmasB/FXGL/discussions
13:34:39.855 [JavaFX Application Thread] INFO  Engine               -              Join the FXGL chat at: https://gitter.im/AlmasB/FXGL
13:34:39.926 [JavaFX Application Thread] DEBUG PrimaryStageWindow   - Creating a JavaFX scene
13:34:39.963 [JavaFX Application Thread] DEBUG PrimaryStageWindow   - Target settings size: 1400.0 x 720.0
13:34:39.963 [JavaFX Application Thread] DEBUG PrimaryStageWindow   - Scaled scene size:    1400.0 x 720.0
13:34:39.963 [JavaFX Application Thread] DEBUG PrimaryStageWindow   - Scaled ratio: (1.0, 1.0)
13:34:39.964 [JavaFX Application Thread] DEBUG PrimaryStageWindow   - Set initial scene to FXGLStartupScene
13:34:39.970 [JavaFX Application Thread] DEBUG PrimaryStageWindow   - Opening main window
13:34:40.040 [JavaFX Application Thread] DEBUG PrimaryStageWindow   - Window border size: (14.4000244140625, 37.5999755859375)
13:34:40.040 [JavaFX Application Thread] DEBUG PrimaryStageWindow   - Scaled size: 1400.0 x 720.0
13:34:40.040 [JavaFX Application Thread] DEBUG PrimaryStageWindow   - Scaled ratio: (1.0, 1.0)
13:34:40.041 [JavaFX Application Thread] DEBUG PrimaryStageWindow   - Scene size: 1400.0 x 720.0
13:34:40.041 [JavaFX Application Thread] DEBUG PrimaryStageWindow   - Stage size: 1414.4000244140625 x 757.5999755859375
13:34:40.049 [FXGL Background Thread 1 ] DEBUG Engine               - Initializing environment variables
13:34:40.099 [FXGL Background Thread 1 ] DEBUG FXGLAssetLoaderServi - User app class for loading assets: class com.almasb.fxglgames.platformer.PlatformerApp
13:34:40.099 [FXGL Background Thread 1 ] DEBUG GameApplicationServi - Applying CSS: fxgl_dark.css
13:34:40.100 [FXGL Background Thread 1 ] DEBUG FXGLAssetLoaderServi - Loading from file system: jar:file:///C:/Users/jardk/.m2/repository/com/github/almasb/fxgl/17.1/fxgl-17.1.jar!/fxglassets/ui/css/fxgl_dark.css
13:34:40.140 [FXGL Background Thread 1 ] DEBUG GameApplicationServi - Initializing application scenes
13:34:40.184 [FXGL Background Thread 1 ] DEBUG FXGLAssetLoaderServi - Loading from file system: file:/C:/ipose-groep-4/target/classes/assets/textures/player.png
13:34:40.208 [FXGL Background Thread 1 ] DEBUG GameWorld            - Game world initialized
13:34:40.262 [FXGL Background Thread 1 ] DEBUG PhysicsWorld         - Physics world initialized: appHeight=720, physics.ppm=50,0
13:34:40.262 [FXGL Background Thread 1 ] DEBUG PhysicsWorld         - Using strategy: BRUTE_FORCE
13:34:40.265 [FXGL Background Thread 1 ] DEBUG GameScene            - Game scene initialized: 1400x720
13:34:40.275 [FXGL Background Thread 1 ] DEBUG FXGL.DefaultMenu     - createMenuBodyGameMenu()
13:34:40.289 [FXGL Background Thread 1 ] DEBUG FXGL.DefaultMenu     - createOptionsMenu()
13:34:40.309 [FXGL Background Thread 1 ] DEBUG FXGLAssetLoaderServi - Loading from file system: jar:file:///C:/Users/jardk/.m2/repository/com/github/almasb/fxgl/17.1/fxgl-17.1.jar!/fxglassets/textures/particles/smoke.png
13:34:40.388 [FXGL Background Thread 1 ] DEBUG FXGLAssetLoaderServi - Loading from file system: jar:file:///C:/Users/jardk/.m2/repository/com/github/almasb/fxgl/17.1/fxgl-17.1.jar!/fxglassets/textures/particles/trace_horizontal.png
13:34:40.415 [FXGL Background Thread 1 ] DEBUG GameApplicationServi - Application scenes initialized
13:34:40.430 [FXGL Background Thread 1 ] DEBUG SystemBundleService  - Loading FXGL system data
13:34:40.435 [FXGL Background Thread 1 ] DEBUG FileSystemAccess     - Reading from: C:\ipose-groep-4\system\fxgl.bundle
13:34:40.447 [FXGL Background Thread 1 ] DEBUG SystemBundleService  - Bundle FXGL: {}
13:34:40.448 [FXGL Background Thread 1 ] DEBUG UpdaterService       - Checking for updates
13:34:40.453 [FXGL Background Thread 4 ] DEBUG FXGLApplication      - Loading fonts
13:34:40.454 [FXGL Background Thread 1 ] DEBUG FXGLApplication      - Loading default localization
13:34:40.454 [FXGL Background Thread 4 ] DEBUG FXGLAssetLoaderServi - Loading from file system: jar:file:///C:/Users/jardk/.m2/repository/com/github/almasb/fxgl/17.1/fxgl-17.1.jar!/fxglassets/ui/fonts/VarelaRound-Regular.ttf
13:34:40.455 [FXGL Background Thread 1 ] DEBUG FXGLAssetLoaderServi - Loading from file system: jar:file:///C:/Users/jardk/.m2/repository/com/github/almasb/fxgl/17.1/fxgl-17.1.jar!/fxglassets/languages/english.lang
13:34:40.479 [FXGL Background Thread 1 ] INFO  FXGLApplication      - FXGL initialization took: 0,430 sec
13:34:40.487 [JavaFX Application Thread] DEBUG Input                - Registered new binding: Left - A
13:34:40.488 [JavaFX Application Thread] DEBUG Input                - Registered new binding: Right - D
13:34:40.488 [JavaFX Application Thread] DEBUG Input                - Registered new binding: Jump - W
13:34:40.488 [JavaFX Application Thread] DEBUG Input                - Registered new binding: Use - E
13:34:40.489 [JavaFX Application Thread] DEBUG FXGLAssetLoaderServi - Loading from file system: file:/C:/ipose-groep-4/target/classes/assets/music/BGM_dash_runner.wav
13:34:40.516 [FXGL Background Thread 4 ] DEBUG FXGLAssetLoaderServi - Loading from file system: jar:file:///C:/Users/jardk/.m2/repository/com/github/almasb/fxgl/17.1/fxgl-17.1.jar!/fxglassets/ui/fonts/Abel-Regular.ttf
13:34:40.521 [FXGL Background Thread 4 ] DEBUG FXGLAssetLoaderServi - Loading from file system: jar:file:///C:/Users/jardk/.m2/repository/com/github/almasb/fxgl/17.1/fxgl-17.1.jar!/fxglassets/ui/fonts/TerminalLandMono-Regular.otf
13:34:40.526 [FXGL Background Thread 4 ] DEBUG FXGLAssetLoaderServi - Loading from file system: jar:file:///C:/Users/jardk/.m2/repository/com/github/almasb/fxgl/17.1/fxgl-17.1.jar!/fxglassets/ui/fonts/Courier-Prime.ttf
13:34:40.622 [JavaFX Application Thread] DEBUG AudioPlayer          - Playing music com.almasb.fxgl.audio.Music@6e00d5ac
13:34:40.623 [JavaFX Application Thread] DEBUG FXGLAssetLoaderServi - Loading from file system: jar:file:///C:/Users/jardk/.m2/repository/com/github/almasb/fxgl/17.1/fxgl-17.1.jar!/fxglassets/textures/fxgl_icon.png
13:34:40.642 [JavaFX Application Thread] DEBUG FXGLAssetLoaderServi - Loading from file system: jar:file:///C:/Users/jardk/.m2/repository/com/github/almasb/fxgl/17.1/fxgl-17.1.jar!/fxglassets/textures/fxgl_default_cursor.png
13:34:40.645 [JavaFX Application Thread] DEBUG Input                - Registered new binding: Screenshot - CTRL+8
13:34:40.646 [JavaFX Application Thread] DEBUG Input                - Registered new binding: System info dump - CTRL+9
13:34:40.647 [JavaFX Application Thread] DEBUG Input                - Registered new binding: Restart - CTRL+R
13:34:40.647 [JavaFX Application Thread] DEBUG Input                - Registered new binding: Toggle Debug Camera - CTRL+7
13:34:40.651 [JavaFX Application Thread] DEBUG LoopRunner           - Starting loop
13:34:40.651 [JavaFX Application Thread] DEBUG LoopRunner           - Initializing JavaFX AnimationTimerLoop
13:34:40.654 [JavaFX Application Thread] DEBUG GameApplicationServi - Starting new game
13:34:40.654 [JavaFX Application Thread] DEBUG Input                - Clearing active input actions
13:34:40.688 [JavaFX Application Thread] DEBUG GameApplicationServi - Removing overlay from FXGLStartupScene and adding to MainLoadingScene
13:34:40.689 [JavaFX Application Thread] DEBUG PrimaryStageWindow   - FXGLStartupScene -> MainLoadingScene
13:34:40.689 [JavaFX Application Thread] DEBUG GameApplicationServi - Clearing previous game
13:34:40.689 [JavaFX Application Thread] DEBUG GameScene            - Clearing game scene
13:34:40.689 [JavaFX Application Thread] DEBUG GameWorld            - Clearing game world
13:34:40.689 [JavaFX Application Thread] DEBUG PhysicsWorld         - Clearing physics world
13:34:40.691 [JavaFX Application Thread] DEBUG FXGLApplication      - Registering font factories with UI factory
13:34:40.691 [FXGL Background Thread 4 ] DEBUG FXGLApplication      - Initializing game
13:34:40.744 [FXGL Background Thread 4 ] WARN  TMXLevelLoader       - TiledMap generated from 1.2.3. Supported version: 1.4.2. Some features may not be parsed fully.
13:34:40.758 [FXGL Background Thread 4 ] DEBUG TMXLevelLoader       - Parsed TiledMap: file:/C:/ipose-groep-4/target/classes/assets/levels/tmx/level1.tmx
13:34:40.760 [FXGL Background Thread 4 ] DEBUG TMXLevelLoader       - Creating tile layer entities
13:34:40.763 [FXGL Background Thread 4 ] DEBUG TilesetLoader        - Loading view for layer Tile Layer 1
13:34:40.767 [FXGL Background Thread 4 ] DEBUG TilesetLoader        - Created buffer with size 1050.0x700.0
13:34:40.797 [FXGL Background Thread 4 ] DEBUG TMXLevelLoader       - Creating object layer entities
13:34:40.836 [FXGL Background Thread 4 ] DEBUG GameWorld            - Clearing removable entities
13:34:40.837 [FXGL Background Thread 4 ] DEBUG GameWorld            - Setting level: com.almasb.fxgl.entity.level.Level@3ab5a710
13:34:40.866 [FXGL Background Thread 4 ] DEBUG FXGLAssetLoaderServi - Loading from file system: file:/C:/ipose-groep-4/target/classes/assets/textures/background/forest.png
13:34:40.890 [FXGL Background Thread 4 ] INFO  FXGLApplication      - Game initialization took: 0,199 sec
13:34:40.894 [JavaFX Application Thread] DEBUG Input                - Clearing active input actions
13:34:40.903 [JavaFX Application Thread] DEBUG GameApplicationServi - Removing overlay from MainLoadingScene and adding to GameScene
13:34:40.903 [JavaFX Application Thread] DEBUG PrimaryStageWindow   - MainLoadingScene -> GameScene
13:34:40.931 [FXGL Background Thread 2 ] INFO  UpdaterService       - Your current version:  17.1
13:34:40.932 [FXGL Background Thread 2 ] INFO  UpdaterService       - Latest stable version: 17.3
13:34:43.270 [JavaFX Application Thread] DEBUG Input                - Registered new binding: Close Level End Screen - LMB
13:34:43.270 [JavaFX Application Thread] DEBUG PrimaryStageWindow   - Push state: LevelEndScene
13:34:43.270 [JavaFX Application Thread] DEBUG Input                - Clearing active input actions
13:34:43.271 [JavaFX Application Thread] DEBUG GameApplicationServi - Removing overlay from GameScene and adding to LevelEndScene
13:34:43.271 [JavaFX Application Thread] DEBUG PrimaryStageWindow   - GameScene -> LevelEndScene
13:34:43.452 [FXGL Background Thread 3 ] DEBUG Engine               - Logging environment variables
13:34:43.452 [FXGL Background Thread 3 ] DEBUG Engine               - achievements: []
13:34:43.452 [FXGL Background Thread 3 ] DEBUG Engine               - actualHeight: 720.0
13:34:43.453 [FXGL Background Thread 3 ] DEBUG Engine               - actualHeightProperty: ReadOnlyDoubleProperty [value: 720.0]
13:34:43.453 [FXGL Background Thread 3 ] DEBUG Engine               - actualWidth: 1400.0
13:34:43.453 [FXGL Background Thread 3 ] DEBUG Engine               - actualWidthProperty: ReadOnlyDoubleProperty [value: 1400.0]
13:34:43.453 [FXGL Background Thread 3 ] DEBUG Engine               - appIcon: fxgl_icon.png
13:34:43.453 [FXGL Background Thread 3 ] DEBUG Engine               - applicationMode: DEVELOPER
13:34:43.453 [FXGL Background Thread 3 ] DEBUG Engine               - cSSList: [fxgl_dark.css]
13:34:43.453 [FXGL Background Thread 3 ] DEBUG Engine               - collisionDetectionStrategy: BRUTE_FORCE
13:34:43.453 [FXGL Background Thread 3 ] DEBUG Engine               - configClass: Optional.empty
13:34:43.453 [FXGL Background Thread 3 ] DEBUG Engine               - credits: []
13:34:43.453 [FXGL Background Thread 3 ] DEBUG Engine               - defaultCursor: CursorInfo(imageName=fxgl_default_cursor.png, hotspotX=7.0, hotspotY=6.0)
13:34:43.453 [FXGL Background Thread 3 ] DEBUG Engine               - devBBoxColorProperty: ObjectProperty [value: 0xff0000ff]
13:34:43.453 [FXGL Background Thread 3 ] DEBUG Engine               - devEnableDebugCameraProperty: BooleanProperty [value: false]
13:34:43.454 [FXGL Background Thread 3 ] DEBUG Engine               - devSensorColorProperty: ObjectProperty [value: 0xffff00ff]
13:34:43.454 [FXGL Background Thread 3 ] DEBUG Engine               - devShowBBoxProperty: BooleanProperty [value: false]
13:34:43.454 [FXGL Background Thread 3 ] DEBUG Engine               - devShowPositionProperty: BooleanProperty [value: false]
13:34:43.454 [FXGL Background Thread 3 ] DEBUG Engine               - enabledMenuItems: []
13:34:43.454 [FXGL Background Thread 3 ] DEBUG Engine               - engineServices: [class com.almasb.fxgl.app.services.FXGLAssetLoaderService, class com.almasb.fxgl.app.FXGLApplication$GameApplicationService, class com.almasb.fxgl.app.services.FXGLDialogService, class com.almasb.fxgl.app.services.IOTaskExecutorService, class com.almasb.fxgl.io.FileSystemService, class com.almasb.fxgl.localization.LocalizationService, class com.almasb.fxgl.app.services.SystemBundleService, class com.almasb.fxgl.profile.SaveLoadService, class com.almasb.fxgl.ui.FXGLUIFactoryServiceProvider, class com.almasb.fxgl.ui.FXGLDialogFactoryServiceProvider, class com.almasb.fxgl.audio.AudioPlayer, class com.almasb.fxgl.notification.impl.NotificationServiceProvider, class com.almasb.fxgl.achievement.AchievementService, class com.almasb.fxgl.cutscene.CutsceneService, class com.almasb.fxgl.minigames.MiniGameService, class com.almasb.fxgl.net.NetService, class com.almasb.fxgl.app.services.UpdaterService, class com.almasb.fxgl.dev.DevService]
13:34:43.454 [FXGL Background Thread 3 ] DEBUG Engine               - fontGame: Abel-Regular.ttf
13:34:43.454 [FXGL Background Thread 3 ] DEBUG Engine               - fontMono: TerminalLandMono-Regular.otf
13:34:43.454 [FXGL Background Thread 3 ] DEBUG Engine               - fontText: Courier-Prime.ttf
13:34:43.454 [FXGL Background Thread 3 ] DEBUG Engine               - fontUI: VarelaRound-Regular.ttf
13:34:43.454 [FXGL Background Thread 3 ] DEBUG Engine               - fullScreen: BooleanProperty [value: false]
13:34:43.454 [FXGL Background Thread 3 ] DEBUG Engine               - gameDifficulty: MEDIUM
13:34:43.454 [FXGL Background Thread 3 ] DEBUG Engine               - gameDifficultyProperty: ObjectProperty [value: MEDIUM]
13:34:43.454 [FXGL Background Thread 3 ] DEBUG Engine               - globalMusicVolume: 0.5
13:34:43.454 [FXGL Background Thread 3 ] DEBUG Engine               - globalMusicVolumeProperty: DoubleProperty [value: 0.25]
13:34:43.454 [FXGL Background Thread 3 ] DEBUG Engine               - globalSoundVolume: 0.5
13:34:43.454 [FXGL Background Thread 3 ] DEBUG Engine               - globalSoundVolumeProperty: DoubleProperty [value: 0.5]
13:34:43.454 [FXGL Background Thread 3 ] DEBUG Engine               - height: 720
13:34:43.454 [FXGL Background Thread 3 ] DEBUG Engine               - is3D: false
13:34:43.454 [FXGL Background Thread 3 ] DEBUG Engine               - isAndroid: false
13:34:43.454 [FXGL Background Thread 3 ] DEBUG Engine               - isBrowser: false
13:34:43.454 [FXGL Background Thread 3 ] DEBUG Engine               - isClickFeedbackEnabled: false
13:34:43.454 [FXGL Background Thread 3 ] DEBUG Engine               - isCloseConfirmation: false
13:34:43.454 [FXGL Background Thread 3 ] DEBUG Engine               - isDesktop: true
13:34:43.454 [FXGL Background Thread 3 ] DEBUG Engine               - isDeveloperMenuEnabled: false
13:34:43.454 [FXGL Background Thread 3 ] DEBUG Engine               - isEmbedded: false
13:34:43.454 [FXGL Background Thread 3 ] DEBUG Engine               - isEntityPreloadEnabled: true
13:34:43.454 [FXGL Background Thread 3 ] DEBUG Engine               - isExperimentalTiledLargeMap: false
13:34:43.454 [FXGL Background Thread 3 ] DEBUG Engine               - isFileSystemWriteAllowed: true
13:34:43.455 [FXGL Background Thread 3 ] DEBUG Engine               - isFullScreenAllowed: false
13:34:43.455 [FXGL Background Thread 3 ] DEBUG Engine               - isFullScreenFromStart: false
13:34:43.455 [FXGL Background Thread 3 ] DEBUG Engine               - isGameMenuEnabled: true
13:34:43.455 [FXGL Background Thread 3 ] DEBUG Engine               - isIOS: false
13:34:43.455 [FXGL Background Thread 3 ] DEBUG Engine               - isIntroEnabled: false
13:34:43.455 [FXGL Background Thread 3 ] DEBUG Engine               - isLinux: false
13:34:43.455 [FXGL Background Thread 3 ] DEBUG Engine               - isMac: false
13:34:43.455 [FXGL Background Thread 3 ] DEBUG Engine               - isMainMenuEnabled: false
13:34:43.455 [FXGL Background Thread 3 ] DEBUG Engine               - isManualResizeEnabled: false
13:34:43.455 [FXGL Background Thread 3 ] DEBUG Engine               - isMobile: false
13:34:43.455 [FXGL Background Thread 3 ] DEBUG Engine               - isNative: false
13:34:43.455 [FXGL Background Thread 3 ] DEBUG Engine               - isPauseMusicWhenMinimized: true
13:34:43.455 [FXGL Background Thread 3 ] DEBUG Engine               - isPreserveResizeRatio: false
13:34:43.455 [FXGL Background Thread 3 ] DEBUG Engine               - isProfilingEnabled: false
13:34:43.455 [FXGL Background Thread 3 ] DEBUG Engine               - isScaleAffectedOnResize: true
13:34:43.455 [FXGL Background Thread 3 ] DEBUG Engine               - isSingleStep: false
13:34:43.455 [FXGL Background Thread 3 ] DEBUG Engine               - isUserProfileEnabled: false
13:34:43.455 [FXGL Background Thread 3 ] DEBUG Engine               - isWindows: true
13:34:43.455 [FXGL Background Thread 3 ] DEBUG Engine               - language: ObjectProperty [value: ENGLISH]
13:34:43.455 [FXGL Background Thread 3 ] DEBUG Engine               - menuKey: ESCAPE
13:34:43.455 [FXGL Background Thread 3 ] DEBUG Engine               - mouseSensitivity: 0.2
13:34:43.455 [FXGL Background Thread 3 ] DEBUG Engine               - notificationViewClass: class com.almasb.fxgl.notification.view.XboxNotificationView
13:34:43.455 [FXGL Background Thread 3 ] DEBUG Engine               - pixelsPerMeter: 50.0
13:34:43.455 [FXGL Background Thread 3 ] DEBUG Engine               - platform: WINDOWS
13:34:43.455 [FXGL Background Thread 3 ] DEBUG Engine               - prefHeightProperty: ReadOnlyDoubleProperty [value: 720.0]
13:34:43.455 [FXGL Background Thread 3 ] DEBUG Engine               - prefWidthProperty: ReadOnlyDoubleProperty [value: 1400.0]
13:34:43.455 [FXGL Background Thread 3 ] DEBUG Engine               - profileDir: profiles/
13:34:43.456 [FXGL Background Thread 3 ] DEBUG Engine               - profileName: StringProperty [value: DEFAULT]
13:34:43.456 [FXGL Background Thread 3 ] DEBUG Engine               - randomSeed: -1
13:34:43.456 [FXGL Background Thread 3 ] DEBUG Engine               - runtimeInfo: RuntimeInfo(platform=WINDOWS, version=17.1, build=24.03.2022 17.34)
13:34:43.456 [FXGL Background Thread 3 ] DEBUG Engine               - saveFileExt: sav
13:34:43.456 [FXGL Background Thread 3 ] DEBUG Engine               - scaledHeightProp$fxgl: DoubleProperty [bound, value: 720.0]
13:34:43.456 [FXGL Background Thread 3 ] DEBUG Engine               - scaledWidthProp$fxgl: DoubleProperty [bound, value: 1400.0]
13:34:43.456 [FXGL Background Thread 3 ] DEBUG Engine               - sceneFactory: com.almasb.fxglgames.platformer.PlatformerApp$1@2428e0cf
13:34:43.456 [FXGL Background Thread 3 ] DEBUG Engine               - secondsIn24h: 60
13:34:43.456 [FXGL Background Thread 3 ] DEBUG Engine               - soundMenuBack: menu/back.wav
13:34:43.456 [FXGL Background Thread 3 ] DEBUG Engine               - soundMenuPress: menu/press.wav
13:34:43.456 [FXGL Background Thread 3 ] DEBUG Engine               - soundMenuSelect: menu/select.wav
13:34:43.456 [FXGL Background Thread 3 ] DEBUG Engine               - soundNotification: core/notification.wav
13:34:43.456 [FXGL Background Thread 3 ] DEBUG Engine               - stageStyle: DECORATED
13:34:43.456 [FXGL Background Thread 3 ] DEBUG Engine               - supportedLanguages: [ENGLISH, FRENCH, GERMAN, HUNGARIAN, RUSSIAN]
13:34:43.456 [FXGL Background Thread 3 ] DEBUG Engine               - ticksPerSecond: -1
13:34:43.456 [FXGL Background Thread 3 ] DEBUG Engine               - title: Untitled
13:34:43.456 [FXGL Background Thread 3 ] DEBUG Engine               - urlGithub: https://github.com/AlmasB/FXGL
13:34:43.456 [FXGL Background Thread 3 ] DEBUG Engine               - urlLeaderboard: http://fxgl-top.herokuapp.com/
13:34:43.456 [FXGL Background Thread 3 ] DEBUG Engine               - urlPOM: https://raw.githubusercontent.com/AlmasB/FXGL/release/README.md
13:34:43.456 [FXGL Background Thread 3 ] DEBUG Engine               - userAppClass: class com.almasb.fxglgames.platformer.PlatformerApp
13:34:43.456 [FXGL Background Thread 3 ] DEBUG Engine               - version: 0.0
13:34:43.456 [FXGL Background Thread 3 ] DEBUG Engine               - versionCheckDays: 7
13:34:43.456 [FXGL Background Thread 3 ] DEBUG Engine               - width: 1400
13:34:43.457 [FXGL Background Thread 3 ] DEBUG Engine               - Logging services
13:34:43.457 [FXGL Background Thread 3 ] DEBUG Engine               - class com.almasb.fxgl.app.services.FXGLAssetLoaderService
13:34:43.457 [FXGL Background Thread 3 ] DEBUG Engine               - class com.almasb.fxgl.app.FXGLApplication$GameApplicationService
13:34:43.457 [FXGL Background Thread 3 ] DEBUG Engine               - class com.almasb.fxgl.app.services.FXGLDialogService
13:34:43.457 [FXGL Background Thread 3 ] DEBUG Engine               - class com.almasb.fxgl.app.services.IOTaskExecutorService
13:34:43.457 [FXGL Background Thread 3 ] DEBUG Engine               - class com.almasb.fxgl.io.FileSystemService
13:34:43.457 [FXGL Background Thread 3 ] DEBUG Engine               - class com.almasb.fxgl.localization.LocalizationService
13:34:43.457 [FXGL Background Thread 3 ] DEBUG Engine               - class com.almasb.fxgl.app.services.SystemBundleService
13:34:43.457 [FXGL Background Thread 3 ] DEBUG Engine               - class com.almasb.fxgl.profile.SaveLoadService
13:34:43.457 [FXGL Background Thread 3 ] DEBUG Engine               - class com.almasb.fxgl.ui.FXGLUIFactoryServiceProvider
13:34:43.457 [FXGL Background Thread 3 ] DEBUG Engine               - class com.almasb.fxgl.ui.FXGLDialogFactoryServiceProvider
13:34:43.457 [FXGL Background Thread 3 ] DEBUG Engine               - class com.almasb.fxgl.audio.AudioPlayer
13:34:43.457 [FXGL Background Thread 3 ] DEBUG Engine               - class com.almasb.fxgl.notification.impl.NotificationServiceProvider
13:34:43.457 [FXGL Background Thread 3 ] DEBUG Engine               - class com.almasb.fxgl.achievement.AchievementService
13:34:43.457 [FXGL Background Thread 3 ] DEBUG Engine               - class com.almasb.fxgl.cutscene.CutsceneService
13:34:43.457 [FXGL Background Thread 3 ] DEBUG Engine               - class com.almasb.fxgl.minigames.MiniGameService
13:34:43.457 [FXGL Background Thread 3 ] DEBUG Engine               - class com.almasb.fxgl.net.NetService
13:34:43.457 [FXGL Background Thread 3 ] DEBUG Engine               - class com.almasb.fxgl.app.services.UpdaterService
13:34:43.457 [FXGL Background Thread 3 ] DEBUG Engine               - class com.almasb.fxgl.dev.DevService
13:34:44.346 [JavaFX Application Thread] DEBUG PrimaryStageWindow   - Pop state: LevelEndScene
13:34:44.346 [JavaFX Application Thread] DEBUG Input                - Clearing active input actions
13:34:44.346 [JavaFX Application Thread] DEBUG GameApplicationServi - Removing overlay from LevelEndScene and adding to GameScene
13:34:44.346 [JavaFX Application Thread] DEBUG PrimaryStageWindow   - GameScene <- LevelEndScene
13:34:45.314 [JavaFX Application Thread] WARN  TMXLevelLoader       - TiledMap generated from 1.2.3. Supported version: 1.4.2. Some features may not be parsed fully.
13:34:45.315 [JavaFX Application Thread] DEBUG TMXLevelLoader       - Parsed TiledMap: file:/C:/ipose-groep-4/target/classes/assets/levels/tmx/level2.tmx
13:34:45.315 [JavaFX Application Thread] DEBUG TMXLevelLoader       - Creating tile layer entities
13:34:45.316 [JavaFX Application Thread] DEBUG TilesetLoader        - Loading view for layer Tile Layer 1
13:34:45.316 [JavaFX Application Thread] DEBUG TilesetLoader        - Created buffer with size 1050.0x700.0
13:34:45.326 [JavaFX Application Thread] DEBUG TMXLevelLoader       - Creating object layer entities
13:34:45.328 [JavaFX Application Thread] DEBUG GameWorld            - Clearing removable entities
13:34:45.330 [JavaFX Application Thread] DEBUG GameWorld            - Setting level: com.almasb.fxgl.entity.level.Level@6a26d953
13:34:47.649 [JavaFX Application Thread] DEBUG PrimaryStageWindow   - Push state: LevelEndScene
13:34:47.649 [JavaFX Application Thread] DEBUG Input                - Clearing active input actions
13:34:47.649 [JavaFX Application Thread] DEBUG GameApplicationServi - Removing overlay from GameScene and adding to LevelEndScene
13:34:47.649 [JavaFX Application Thread] DEBUG PrimaryStageWindow   - GameScene -> LevelEndScene
13:34:48.930 [JavaFX Application Thread] DEBUG PrimaryStageWindow   - Pop state: LevelEndScene
13:34:48.930 [JavaFX Application Thread] DEBUG Input                - Clearing active input actions
13:34:48.930 [JavaFX Application Thread] DEBUG GameApplicationServi - Removing overlay from LevelEndScene and adding to GameScene
13:34:48.931 [JavaFX Application Thread] DEBUG PrimaryStageWindow   - GameScene <- LevelEndScene
13:34:49.906 [JavaFX Application Thread] WARN  TMXLevelLoader       - TiledMap generated from 1.2.3. Supported version: 1.4.2. Some features may not be parsed fully.
13:34:49.908 [JavaFX Application Thread] DEBUG TMXLevelLoader       - Parsed TiledMap: file:/C:/ipose-groep-4/target/classes/assets/levels/tmx/level3.tmx
13:34:49.908 [JavaFX Application Thread] DEBUG TMXLevelLoader       - Creating tile layer entities
13:34:49.908 [JavaFX Application Thread] DEBUG TilesetLoader        - Loading view for layer Tile Layer 1
13:34:49.910 [JavaFX Application Thread] DEBUG TilesetLoader        - Created buffer with size 1050.0x700.0
13:34:49.921 [JavaFX Application Thread] DEBUG TMXLevelLoader       - Creating object layer entities
13:34:49.924 [JavaFX Application Thread] DEBUG GameWorld            - Clearing removable entities
13:34:49.925 [JavaFX Application Thread] DEBUG GameWorld            - Setting level: com.almasb.fxgl.entity.level.Level@307b190
13:34:52.848 [JavaFX Application Thread] DEBUG PrimaryStageWindow   - Push state: LevelEndScene
13:34:52.848 [JavaFX Application Thread] DEBUG Input                - Clearing active input actions
13:34:52.848 [JavaFX Application Thread] DEBUG GameApplicationServi - Removing overlay from GameScene and adding to LevelEndScene
13:34:52.849 [JavaFX Application Thread] DEBUG PrimaryStageWindow   - GameScene -> LevelEndScene
13:34:53.900 [JavaFX Application Thread] DEBUG PrimaryStageWindow   - Pop state: LevelEndScene
13:34:53.900 [JavaFX Application Thread] DEBUG Input                - Clearing active input actions
13:34:53.901 [JavaFX Application Thread] DEBUG GameApplicationServi - Removing overlay from LevelEndScene and adding to GameScene
13:34:53.901 [JavaFX Application Thread] DEBUG PrimaryStageWindow   - GameScene <- LevelEndScene
13:34:54.865 [JavaFX Application Thread] DEBUG PrimaryStageWindow   - Push state: DialogSubScene
13:34:54.865 [JavaFX Application Thread] DEBUG Input                - Clearing active input actions
13:34:54.868 [JavaFX Application Thread] DEBUG GameApplicationServi - Removing overlay from GameScene and adding to DialogSubScene
13:34:54.869 [JavaFX Application Thread] DEBUG PrimaryStageWindow   - GameScene -> DialogSubScene
13:34:59.077 [JavaFX Application Thread] DEBUG PrimaryStageWindow   - Pop state: DialogSubScene
13:34:59.077 [JavaFX Application Thread] DEBUG Input                - Clearing active input actions
13:34:59.077 [JavaFX Application Thread] DEBUG GameApplicationServi - Removing overlay from DialogSubScene and adding to GameScene
13:34:59.078 [JavaFX Application Thread] DEBUG PrimaryStageWindow   - GameScene <- DialogSubScene
13:35:08.197 [JavaFX Application Thread] DEBUG FXGLApplication      - Exiting FXGL
13:35:08.197 [JavaFX Application Thread] DEBUG LoopRunner           - Stopping loop
13:35:08.197 [JavaFX Application Thread] DEBUG SystemBundleService  - Saving FXGL system data
13:35:08.199 [JavaFX Application Thread] DEBUG FileSystemAccess     - Writing to: C:\ipose-groep-4\system\fxgl.bundle
13:35:08.201 [JavaFX Application Thread] DEBUG Async                - Shutting down background threads
13:35:08.201 [JavaFX Application Thread] DEBUG PrimaryStageWindow   - Closing main window
13:35:08.211 [JavaFX Application Thread] DEBUG Logger               - Closing Logger
