15:45:09.230 [main                     ] DEBUG Logger               - Configured Logger
15:45:09.282 [main                     ] DEBUG GameApplication      - Logging settings
Title: Untitled
Version: 0.0
Width: 1400
Height: 720
Fullscreen: false
Intro: false
Profiling: false
Single step:false
App Mode: DEVELOPER
Menu Key: ESCAPE
Stage Style: DECORATED
Scene Factory: class com.almasb.fxglgames.platformer.PlatformerApp$1

15:45:09.846 [JavaFX Application Thread] DEBUG FXGLApplication      - Initializing FXGL
15:45:09.854 [JavaFX Application Thread] INFO  Engine               - FXGL-17.1 (24.03.2022 17.34) on WINDOWS (J:19.0.1 FX:19-ea)
15:45:09.855 [JavaFX Application Thread] DEBUG Engine               - JRE Vendor Name: Oracle Corporation
15:45:09.855 [JavaFX Application Thread] DEBUG Engine               - Running on OS: Windows 10 version 10.0
15:45:09.855 [JavaFX Application Thread] DEBUG Engine               - Architecture: amd64
15:45:09.856 [JavaFX Application Thread] INFO  Engine               - Source code and latest versions at: https://github.com/AlmasB/FXGL
15:45:09.856 [JavaFX Application Thread] INFO  Engine               -       Ask questions and discuss at: https://github.com/AlmasB/FXGL/discussions
15:45:09.856 [JavaFX Application Thread] INFO  Engine               -              Join the FXGL chat at: https://gitter.im/AlmasB/FXGL
15:45:09.994 [JavaFX Application Thread] DEBUG PrimaryStageWindow   - Creating a JavaFX scene
15:45:10.067 [JavaFX Application Thread] DEBUG PrimaryStageWindow   - Target settings size: 1400.0 x 720.0
15:45:10.068 [JavaFX Application Thread] DEBUG PrimaryStageWindow   - Scaled scene size:    1400.0 x 720.0
15:45:10.069 [JavaFX Application Thread] DEBUG PrimaryStageWindow   - Scaled ratio: (1.0, 1.0)
15:45:10.070 [JavaFX Application Thread] DEBUG PrimaryStageWindow   - Set initial scene to FXGLStartupScene
15:45:10.081 [JavaFX Application Thread] DEBUG PrimaryStageWindow   - Opening main window
15:45:10.213 [JavaFX Application Thread] DEBUG PrimaryStageWindow   - Window border size: (14.4000244140625, 37.5999755859375)
15:45:10.213 [JavaFX Application Thread] DEBUG PrimaryStageWindow   - Scaled size: 1400.0 x 720.0
15:45:10.214 [JavaFX Application Thread] DEBUG PrimaryStageWindow   - Scaled ratio: (1.0, 1.0)
15:45:10.215 [JavaFX Application Thread] DEBUG PrimaryStageWindow   - Scene size: 1400.0 x 720.0
15:45:10.215 [JavaFX Application Thread] DEBUG PrimaryStageWindow   - Stage size: 1414.4000244140625 x 757.5999755859375
15:45:10.229 [FXGL Background Thread 1 ] DEBUG Engine               - Initializing environment variables
15:45:10.318 [FXGL Background Thread 1 ] DEBUG FXGLAssetLoaderServi - User app class for loading assets: class com.almasb.fxglgames.platformer.PlatformerApp
15:45:10.319 [FXGL Background Thread 1 ] DEBUG GameApplicationServi - Applying CSS: fxgl_dark.css
15:45:10.320 [FXGL Background Thread 1 ] DEBUG FXGLAssetLoaderServi - Loading from file system: jar:file:///C:/Users/jardk/.m2/repository/com/github/almasb/fxgl/17.1/fxgl-17.1.jar!/fxglassets/ui/css/fxgl_dark.css
15:45:10.399 [FXGL Background Thread 1 ] DEBUG GameApplicationServi - Initializing application scenes
15:45:10.473 [FXGL Background Thread 1 ] DEBUG FXGLAssetLoaderServi - Loading from file system: file:/C:/ipose-groep-4/target/classes/assets/textures/player.png
15:45:10.517 [FXGL Background Thread 1 ] DEBUG GameWorld            - Game world initialized
15:45:10.622 [FXGL Background Thread 1 ] DEBUG PhysicsWorld         - Physics world initialized: appHeight=720, physics.ppm=50,0
15:45:10.622 [FXGL Background Thread 1 ] DEBUG PhysicsWorld         - Using strategy: BRUTE_FORCE
15:45:10.629 [FXGL Background Thread 1 ] DEBUG GameScene            - Game scene initialized: 1400x720
15:45:10.644 [FXGL Background Thread 1 ] DEBUG FXGL.DefaultMenu     - createMenuBodyGameMenu()
15:45:10.670 [FXGL Background Thread 1 ] DEBUG FXGL.DefaultMenu     - createOptionsMenu()
15:45:10.694 [FXGL Background Thread 1 ] DEBUG FXGLAssetLoaderServi - Loading from file system: jar:file:///C:/Users/jardk/.m2/repository/com/github/almasb/fxgl/17.1/fxgl-17.1.jar!/fxglassets/textures/particles/smoke.png
15:45:10.910 [FXGL Background Thread 1 ] DEBUG FXGLAssetLoaderServi - Loading from file system: jar:file:///C:/Users/jardk/.m2/repository/com/github/almasb/fxgl/17.1/fxgl-17.1.jar!/fxglassets/textures/particles/trace_horizontal.png
15:45:10.990 [FXGL Background Thread 1 ] DEBUG GameApplicationServi - Application scenes initialized
15:45:11.019 [FXGL Background Thread 1 ] DEBUG SystemBundleService  - Loading FXGL system data
15:45:11.027 [FXGL Background Thread 1 ] DEBUG FileSystemAccess     - Reading from: C:\ipose-groep-4\system\fxgl.bundle
15:45:11.043 [FXGL Background Thread 1 ] DEBUG SystemBundleService  - Bundle FXGL: {}
15:45:11.044 [FXGL Background Thread 1 ] DEBUG UpdaterService       - Checking for updates
15:45:11.050 [FXGL Background Thread 4 ] DEBUG FXGLApplication      - Loading fonts
15:45:11.051 [FXGL Background Thread 1 ] DEBUG FXGLApplication      - Loading default localization
15:45:11.051 [FXGL Background Thread 4 ] DEBUG FXGLAssetLoaderServi - Loading from file system: jar:file:///C:/Users/jardk/.m2/repository/com/github/almasb/fxgl/17.1/fxgl-17.1.jar!/fxglassets/ui/fonts/VarelaRound-Regular.ttf
15:45:11.052 [FXGL Background Thread 1 ] DEBUG FXGLAssetLoaderServi - Loading from file system: jar:file:///C:/Users/jardk/.m2/repository/com/github/almasb/fxgl/17.1/fxgl-17.1.jar!/fxglassets/languages/english.lang
15:45:11.087 [FXGL Background Thread 1 ] INFO  FXGLApplication      - FXGL initialization took: 0,858 sec
15:45:11.106 [JavaFX Application Thread] DEBUG Input                - Registered new binding: Left - A
15:45:11.106 [JavaFX Application Thread] DEBUG Input                - Registered new binding: Right - D
15:45:11.107 [JavaFX Application Thread] DEBUG Input                - Registered new binding: Jump - W
15:45:11.107 [JavaFX Application Thread] DEBUG Input                - Registered new binding: Use - E
15:45:11.108 [JavaFX Application Thread] DEBUG FXGLAssetLoaderServi - Loading from file system: file:/C:/ipose-groep-4/target/classes/assets/music/BGM_dash_runner.wav
15:45:11.146 [FXGL Background Thread 4 ] DEBUG FXGLAssetLoaderServi - Loading from file system: jar:file:///C:/Users/jardk/.m2/repository/com/github/almasb/fxgl/17.1/fxgl-17.1.jar!/fxglassets/ui/fonts/Abel-Regular.ttf
15:45:11.153 [FXGL Background Thread 4 ] DEBUG FXGLAssetLoaderServi - Loading from file system: jar:file:///C:/Users/jardk/.m2/repository/com/github/almasb/fxgl/17.1/fxgl-17.1.jar!/fxglassets/ui/fonts/TerminalLandMono-Regular.otf
15:45:11.160 [FXGL Background Thread 4 ] DEBUG FXGLAssetLoaderServi - Loading from file system: jar:file:///C:/Users/jardk/.m2/repository/com/github/almasb/fxgl/17.1/fxgl-17.1.jar!/fxglassets/ui/fonts/Courier-Prime.ttf
15:45:11.309 [JavaFX Application Thread] DEBUG AudioPlayer          - Playing music com.almasb.fxgl.audio.Music@6cb91e23
15:45:11.310 [JavaFX Application Thread] DEBUG FXGLAssetLoaderServi - Loading from file system: jar:file:///C:/Users/jardk/.m2/repository/com/github/almasb/fxgl/17.1/fxgl-17.1.jar!/fxglassets/textures/fxgl_icon.png
15:45:11.340 [JavaFX Application Thread] DEBUG FXGLAssetLoaderServi - Loading from file system: jar:file:///C:/Users/jardk/.m2/repository/com/github/almasb/fxgl/17.1/fxgl-17.1.jar!/fxglassets/textures/fxgl_default_cursor.png
15:45:11.343 [JavaFX Application Thread] DEBUG Input                - Registered new binding: Screenshot - CTRL+8
15:45:11.344 [JavaFX Application Thread] DEBUG Input                - Registered new binding: System info dump - CTRL+9
15:45:11.344 [JavaFX Application Thread] DEBUG Input                - Registered new binding: Restart - CTRL+R
15:45:11.345 [JavaFX Application Thread] DEBUG Input                - Registered new binding: Toggle Debug Camera - CTRL+7
15:45:11.349 [JavaFX Application Thread] DEBUG LoopRunner           - Starting loop
15:45:11.349 [JavaFX Application Thread] DEBUG LoopRunner           - Initializing JavaFX AnimationTimerLoop
15:45:11.351 [JavaFX Application Thread] DEBUG GameApplicationServi - Starting new game
15:45:11.351 [JavaFX Application Thread] DEBUG Input                - Clearing active input actions
15:45:11.383 [JavaFX Application Thread] DEBUG GameApplicationServi - Removing overlay from FXGLStartupScene and adding to MainLoadingScene
15:45:11.384 [JavaFX Application Thread] DEBUG PrimaryStageWindow   - FXGLStartupScene -> MainLoadingScene
15:45:11.384 [JavaFX Application Thread] DEBUG GameApplicationServi - Clearing previous game
15:45:11.384 [JavaFX Application Thread] DEBUG GameScene            - Clearing game scene
15:45:11.384 [JavaFX Application Thread] DEBUG GameWorld            - Clearing game world
15:45:11.384 [JavaFX Application Thread] DEBUG PhysicsWorld         - Clearing physics world
15:45:11.387 [JavaFX Application Thread] DEBUG FXGLApplication      - Registering font factories with UI factory
15:45:11.387 [FXGL Background Thread 4 ] DEBUG FXGLApplication      - Initializing game
15:45:11.451 [FXGL Background Thread 4 ] WARN  TMXLevelLoader       - TiledMap generated from 1.10.0. Supported version: 1.4.2. Some features may not be parsed fully.
15:45:11.467 [FXGL Background Thread 4 ] DEBUG TMXLevelLoader       - Parsed TiledMap: file:/C:/ipose-groep-4/target/classes/assets/levels/tmx/level1.tmx
15:45:11.468 [FXGL Background Thread 4 ] DEBUG TMXLevelLoader       - Creating tile layer entities
15:45:11.473 [FXGL Background Thread 4 ] DEBUG TilesetLoader        - Loading view for layer Tile Layer 1
15:45:11.476 [FXGL Background Thread 4 ] DEBUG TilesetLoader        - Created buffer with size 2100.0x700.0
15:45:11.509 [FXGL Background Thread 4 ] DEBUG TMXLevelLoader       - Creating object layer entities
15:45:11.547 [FXGL Background Thread 4 ] DEBUG GameWorld            - Clearing removable entities
15:45:11.549 [FXGL Background Thread 4 ] DEBUG GameWorld            - Setting level: com.almasb.fxgl.entity.level.Level@4415bcab
15:45:11.675 [JavaFX Application Thread] DEBUG LoopRunner           - Stopping loop
15:45:11.677 [JavaFX Application Thread] FATAL FXGLApplication      - Uncaught Exception:
java.lang.RuntimeException: Initialization failed
	at com.almasb.fxgl.all@17.1/com.almasb.fxgl.app.FXGLApplication$InitAppTask.failed(FXGLApplication.kt:343)
	at javafx.graphics@19-ea/javafx.concurrent.Task.setState(Task.java:710)
	at javafx.graphics@19-ea/javafx.concurrent.Task$TaskCallable.lambda$call$2(Task.java:1456)
	at javafx.graphics@19-ea/com.sun.javafx.application.PlatformImpl.lambda$runLater$10(PlatformImpl.java:457)
	at java.base/java.security.AccessController.doPrivileged(AccessController.java:399)
	at javafx.graphics@19-ea/com.sun.javafx.application.PlatformImpl.lambda$runLater$11(PlatformImpl.java:456)
	at javafx.graphics@19-ea/com.sun.glass.ui.InvokeLaterDispatcher$Future.run(InvokeLaterDispatcher.java:96)
	at javafx.graphics@19-ea/com.sun.glass.ui.win.WinApplication._runLoop(Native Method)
	at javafx.graphics@19-ea/com.sun.glass.ui.win.WinApplication.lambda$runLoop$3(WinApplication.java:184)
	at java.base/java.lang.Thread.run(Thread.java:1589)
Caused by: java.lang.IllegalArgumentException: No EntityFactory has a method annotated @Spawns(trump)
	at com.almasb.fxgl.entity@17.1/com.almasb.fxgl.entity.GameWorld.create(GameWorld.kt:413)
	at com.almasb.fxgl.entity@17.1/com.almasb.fxgl.entity.GameWorld.spawn(GameWorld.kt:396)
	at com.almasb.fxgl.entity@17.1/com.almasb.fxgl.entity.GameWorld.spawn(GameWorld.kt:384)
	at com.almasb.fxgl.all@17.1/com.almasb.fxgl.dsl.FXGL$Companion.spawn(FXGL.kt:557)
	at com.almasb.fxgl.all@17.1/com.almasb.fxgl.dsl.FXGL.spawn(FXGL.kt)
	at mario.main/com.almasb.fxglgames.platformer.PlatformerApp.initGame(PlatformerApp.java:131)
	at com.almasb.fxgl.all@17.1/com.almasb.fxgl.app.FXGLApplication$InitAppTask.initGame(FXGLApplication.kt:339)
	at com.almasb.fxgl.all@17.1/com.almasb.fxgl.app.FXGLApplication$InitAppTask.call(FXGLApplication.kt:319)
	at com.almasb.fxgl.all@17.1/com.almasb.fxgl.app.FXGLApplication$InitAppTask.call(FXGLApplication.kt:311)
	at javafx.graphics@19-ea/javafx.concurrent.Task$TaskCallable.call(Task.java:1426)
	at java.base/java.util.concurrent.FutureTask.run(FutureTask.java:317)
	at java.base/java.util.concurrent.Executors$RunnableAdapter.call(Executors.java:577)
	at java.base/java.util.concurrent.FutureTask.run(FutureTask.java:317)
	at java.base/java.util.concurrent.ThreadPoolExecutor.runWorker(ThreadPoolExecutor.java:1144)
	at java.base/java.util.concurrent.ThreadPoolExecutor$Worker.run(ThreadPoolExecutor.java:642)
	... 1 more

15:45:11.678 [JavaFX Application Thread] FATAL FXGLApplication      - Application will now exit
15:45:11.684 [FXGL Background Thread 2 ] INFO  UpdaterService       - Your current version:  17.1
15:45:11.684 [FXGL Background Thread 2 ] INFO  UpdaterService       - Latest stable version: 17.3
15:45:11.710 [JavaFX Application Thread] DEBUG PrimaryStageWindow   - Push state: ErrorSubScene
15:45:11.711 [JavaFX Application Thread] DEBUG Input                - Clearing active input actions
15:45:11.718 [JavaFX Application Thread] DEBUG GameApplicationServi - Removing overlay from MainLoadingScene and adding to ErrorSubScene
15:45:11.719 [JavaFX Application Thread] DEBUG PrimaryStageWindow   - MainLoadingScene -> ErrorSubScene
15:45:14.049 [FXGL Background Thread 3 ] DEBUG Engine               - Logging environment variables
15:45:14.050 [FXGL Background Thread 3 ] DEBUG Engine               - achievements: []
15:45:14.050 [FXGL Background Thread 3 ] DEBUG Engine               - actualHeight: 720.0
15:45:14.050 [FXGL Background Thread 3 ] DEBUG Engine               - actualHeightProperty: ReadOnlyDoubleProperty [value: 720.0]
15:45:14.050 [FXGL Background Thread 3 ] DEBUG Engine               - actualWidth: 1400.0
15:45:14.051 [FXGL Background Thread 3 ] DEBUG Engine               - actualWidthProperty: ReadOnlyDoubleProperty [value: 1400.0]
15:45:14.051 [FXGL Background Thread 3 ] DEBUG Engine               - appIcon: fxgl_icon.png
15:45:14.051 [FXGL Background Thread 3 ] DEBUG Engine               - applicationMode: DEVELOPER
15:45:14.051 [FXGL Background Thread 3 ] DEBUG Engine               - cSSList: [fxgl_dark.css]
15:45:14.051 [FXGL Background Thread 3 ] DEBUG Engine               - collisionDetectionStrategy: BRUTE_FORCE
15:45:14.051 [FXGL Background Thread 3 ] DEBUG Engine               - configClass: Optional.empty
15:45:14.051 [FXGL Background Thread 3 ] DEBUG Engine               - credits: []
15:45:14.052 [FXGL Background Thread 3 ] DEBUG Engine               - defaultCursor: CursorInfo(imageName=fxgl_default_cursor.png, hotspotX=7.0, hotspotY=6.0)
15:45:14.052 [FXGL Background Thread 3 ] DEBUG Engine               - devBBoxColorProperty: ObjectProperty [value: 0xff0000ff]
15:45:14.053 [FXGL Background Thread 3 ] DEBUG Engine               - devEnableDebugCameraProperty: BooleanProperty [value: false]
15:45:14.053 [FXGL Background Thread 3 ] DEBUG Engine               - devSensorColorProperty: ObjectProperty [value: 0xffff00ff]
15:45:14.053 [FXGL Background Thread 3 ] DEBUG Engine               - devShowBBoxProperty: BooleanProperty [value: false]
15:45:14.053 [FXGL Background Thread 3 ] DEBUG Engine               - devShowPositionProperty: BooleanProperty [value: false]
15:45:14.053 [FXGL Background Thread 3 ] DEBUG Engine               - enabledMenuItems: []
15:45:14.053 [FXGL Background Thread 3 ] DEBUG Engine               - engineServices: [class com.almasb.fxgl.app.services.FXGLAssetLoaderService, class com.almasb.fxgl.app.FXGLApplication$GameApplicationService, class com.almasb.fxgl.app.services.FXGLDialogService, class com.almasb.fxgl.app.services.IOTaskExecutorService, class com.almasb.fxgl.io.FileSystemService, class com.almasb.fxgl.localization.LocalizationService, class com.almasb.fxgl.app.services.SystemBundleService, class com.almasb.fxgl.profile.SaveLoadService, class com.almasb.fxgl.ui.FXGLUIFactoryServiceProvider, class com.almasb.fxgl.ui.FXGLDialogFactoryServiceProvider, class com.almasb.fxgl.audio.AudioPlayer, class com.almasb.fxgl.notification.impl.NotificationServiceProvider, class com.almasb.fxgl.achievement.AchievementService, class com.almasb.fxgl.cutscene.CutsceneService, class com.almasb.fxgl.minigames.MiniGameService, class com.almasb.fxgl.net.NetService, class com.almasb.fxgl.app.services.UpdaterService, class com.almasb.fxgl.dev.DevService]
15:45:14.053 [FXGL Background Thread 3 ] DEBUG Engine               - fontGame: Abel-Regular.ttf
15:45:14.053 [FXGL Background Thread 3 ] DEBUG Engine               - fontMono: TerminalLandMono-Regular.otf
15:45:14.053 [FXGL Background Thread 3 ] DEBUG Engine               - fontText: Courier-Prime.ttf
15:45:14.053 [FXGL Background Thread 3 ] DEBUG Engine               - fontUI: VarelaRound-Regular.ttf
15:45:14.053 [FXGL Background Thread 3 ] DEBUG Engine               - fullScreen: BooleanProperty [value: false]
15:45:14.054 [FXGL Background Thread 3 ] DEBUG Engine               - gameDifficulty: MEDIUM
15:45:14.054 [FXGL Background Thread 3 ] DEBUG Engine               - gameDifficultyProperty: ObjectProperty [value: MEDIUM]
15:45:14.054 [FXGL Background Thread 3 ] DEBUG Engine               - globalMusicVolume: 0.5
15:45:14.054 [FXGL Background Thread 3 ] DEBUG Engine               - globalMusicVolumeProperty: DoubleProperty [value: 0.25]
15:45:14.054 [FXGL Background Thread 3 ] DEBUG Engine               - globalSoundVolume: 0.5
15:45:14.054 [FXGL Background Thread 3 ] DEBUG Engine               - globalSoundVolumeProperty: DoubleProperty [value: 0.5]
15:45:14.054 [FXGL Background Thread 3 ] DEBUG Engine               - height: 720
15:45:14.054 [FXGL Background Thread 3 ] DEBUG Engine               - is3D: false
15:45:14.054 [FXGL Background Thread 3 ] DEBUG Engine               - isAndroid: false
15:45:14.054 [FXGL Background Thread 3 ] DEBUG Engine               - isBrowser: false
15:45:14.055 [FXGL Background Thread 3 ] DEBUG Engine               - isClickFeedbackEnabled: false
15:45:14.055 [FXGL Background Thread 3 ] DEBUG Engine               - isCloseConfirmation: false
15:45:14.055 [FXGL Background Thread 3 ] DEBUG Engine               - isDesktop: true
15:45:14.055 [FXGL Background Thread 3 ] DEBUG Engine               - isDeveloperMenuEnabled: false
15:45:14.055 [FXGL Background Thread 3 ] DEBUG Engine               - isEmbedded: false
15:45:14.055 [FXGL Background Thread 3 ] DEBUG Engine               - isEntityPreloadEnabled: true
15:45:14.055 [FXGL Background Thread 3 ] DEBUG Engine               - isExperimentalTiledLargeMap: false
15:45:14.055 [FXGL Background Thread 3 ] DEBUG Engine               - isFileSystemWriteAllowed: true
15:45:14.056 [FXGL Background Thread 3 ] DEBUG Engine               - isFullScreenAllowed: false
15:45:14.056 [FXGL Background Thread 3 ] DEBUG Engine               - isFullScreenFromStart: false
15:45:14.056 [FXGL Background Thread 3 ] DEBUG Engine               - isGameMenuEnabled: true
15:45:14.056 [FXGL Background Thread 3 ] DEBUG Engine               - isIOS: false
15:45:14.056 [FXGL Background Thread 3 ] DEBUG Engine               - isIntroEnabled: false
15:45:14.056 [FXGL Background Thread 3 ] DEBUG Engine               - isLinux: false
15:45:14.056 [FXGL Background Thread 3 ] DEBUG Engine               - isMac: false
15:45:14.056 [FXGL Background Thread 3 ] DEBUG Engine               - isMainMenuEnabled: false
15:45:14.056 [FXGL Background Thread 3 ] DEBUG Engine               - isManualResizeEnabled: false
15:45:14.056 [FXGL Background Thread 3 ] DEBUG Engine               - isMobile: false
15:45:14.056 [FXGL Background Thread 3 ] DEBUG Engine               - isNative: false
15:45:14.056 [FXGL Background Thread 3 ] DEBUG Engine               - isPauseMusicWhenMinimized: true
15:45:14.057 [FXGL Background Thread 3 ] DEBUG Engine               - isPreserveResizeRatio: false
15:45:14.057 [FXGL Background Thread 3 ] DEBUG Engine               - isProfilingEnabled: false
15:45:14.057 [FXGL Background Thread 3 ] DEBUG Engine               - isScaleAffectedOnResize: true
15:45:14.057 [FXGL Background Thread 3 ] DEBUG Engine               - isSingleStep: false
15:45:14.057 [FXGL Background Thread 3 ] DEBUG Engine               - isUserProfileEnabled: false
15:45:14.057 [FXGL Background Thread 3 ] DEBUG Engine               - isWindows: true
15:45:14.057 [FXGL Background Thread 3 ] DEBUG Engine               - language: ObjectProperty [value: ENGLISH]
15:45:14.057 [FXGL Background Thread 3 ] DEBUG Engine               - menuKey: ESCAPE
15:45:14.057 [FXGL Background Thread 3 ] DEBUG Engine               - mouseSensitivity: 0.2
15:45:14.057 [FXGL Background Thread 3 ] DEBUG Engine               - notificationViewClass: class com.almasb.fxgl.notification.view.XboxNotificationView
15:45:14.058 [FXGL Background Thread 3 ] DEBUG Engine               - pixelsPerMeter: 50.0
15:45:14.058 [FXGL Background Thread 3 ] DEBUG Engine               - platform: WINDOWS
15:45:14.058 [FXGL Background Thread 3 ] DEBUG Engine               - prefHeightProperty: ReadOnlyDoubleProperty [value: 720.0]
15:45:14.058 [FXGL Background Thread 3 ] DEBUG Engine               - prefWidthProperty: ReadOnlyDoubleProperty [value: 1400.0]
15:45:14.058 [FXGL Background Thread 3 ] DEBUG Engine               - profileDir: profiles/
15:45:14.058 [FXGL Background Thread 3 ] DEBUG Engine               - profileName: StringProperty [value: DEFAULT]
15:45:14.058 [FXGL Background Thread 3 ] DEBUG Engine               - randomSeed: -1
15:45:14.059 [FXGL Background Thread 3 ] DEBUG Engine               - runtimeInfo: RuntimeInfo(platform=WINDOWS, version=17.1, build=24.03.2022 17.34)
15:45:14.059 [FXGL Background Thread 3 ] DEBUG Engine               - saveFileExt: sav
15:45:14.059 [FXGL Background Thread 3 ] DEBUG Engine               - scaledHeightProp$fxgl: DoubleProperty [bound, value: 720.0]
15:45:14.059 [FXGL Background Thread 3 ] DEBUG Engine               - scaledWidthProp$fxgl: DoubleProperty [bound, value: 1400.0]
15:45:14.059 [FXGL Background Thread 3 ] DEBUG Engine               - sceneFactory: com.almasb.fxglgames.platformer.PlatformerApp$1@6ddc8d7e
15:45:14.059 [FXGL Background Thread 3 ] DEBUG Engine               - secondsIn24h: 60
15:45:14.059 [FXGL Background Thread 3 ] DEBUG Engine               - soundMenuBack: menu/back.wav
15:45:14.060 [FXGL Background Thread 3 ] DEBUG Engine               - soundMenuPress: menu/press.wav
15:45:14.060 [FXGL Background Thread 3 ] DEBUG Engine               - soundMenuSelect: menu/select.wav
15:45:14.060 [FXGL Background Thread 3 ] DEBUG Engine               - soundNotification: core/notification.wav
15:45:14.060 [FXGL Background Thread 3 ] DEBUG Engine               - stageStyle: DECORATED
15:45:14.060 [FXGL Background Thread 3 ] DEBUG Engine               - supportedLanguages: [ENGLISH, FRENCH, GERMAN, HUNGARIAN, RUSSIAN]
15:45:14.060 [FXGL Background Thread 3 ] DEBUG Engine               - ticksPerSecond: -1
15:45:14.060 [FXGL Background Thread 3 ] DEBUG Engine               - title: Untitled
15:45:14.060 [FXGL Background Thread 3 ] DEBUG Engine               - urlGithub: https://github.com/AlmasB/FXGL
15:45:14.060 [FXGL Background Thread 3 ] DEBUG Engine               - urlLeaderboard: http://fxgl-top.herokuapp.com/
15:45:14.060 [FXGL Background Thread 3 ] DEBUG Engine               - urlPOM: https://raw.githubusercontent.com/AlmasB/FXGL/release/README.md
15:45:14.060 [FXGL Background Thread 3 ] DEBUG Engine               - userAppClass: class com.almasb.fxglgames.platformer.PlatformerApp
15:45:14.060 [FXGL Background Thread 3 ] DEBUG Engine               - version: 0.0
15:45:14.060 [FXGL Background Thread 3 ] DEBUG Engine               - versionCheckDays: 7
15:45:14.060 [FXGL Background Thread 3 ] DEBUG Engine               - width: 1400
15:45:14.060 [FXGL Background Thread 3 ] DEBUG Engine               - Logging services
15:45:14.061 [FXGL Background Thread 3 ] DEBUG Engine               - class com.almasb.fxgl.app.services.FXGLAssetLoaderService
15:45:14.061 [FXGL Background Thread 3 ] DEBUG Engine               - class com.almasb.fxgl.app.FXGLApplication$GameApplicationService
15:45:14.061 [FXGL Background Thread 3 ] DEBUG Engine               - class com.almasb.fxgl.app.services.FXGLDialogService
15:45:14.061 [FXGL Background Thread 3 ] DEBUG Engine               - class com.almasb.fxgl.app.services.IOTaskExecutorService
15:45:14.061 [FXGL Background Thread 3 ] DEBUG Engine               - class com.almasb.fxgl.io.FileSystemService
15:45:14.061 [FXGL Background Thread 3 ] DEBUG Engine               - class com.almasb.fxgl.localization.LocalizationService
15:45:14.061 [FXGL Background Thread 3 ] DEBUG Engine               - class com.almasb.fxgl.app.services.SystemBundleService
15:45:14.061 [FXGL Background Thread 3 ] DEBUG Engine               - class com.almasb.fxgl.profile.SaveLoadService
15:45:14.061 [FXGL Background Thread 3 ] DEBUG Engine               - class com.almasb.fxgl.ui.FXGLUIFactoryServiceProvider
15:45:14.061 [FXGL Background Thread 3 ] DEBUG Engine               - class com.almasb.fxgl.ui.FXGLDialogFactoryServiceProvider
15:45:14.061 [FXGL Background Thread 3 ] DEBUG Engine               - class com.almasb.fxgl.audio.AudioPlayer
15:45:14.061 [FXGL Background Thread 3 ] DEBUG Engine               - class com.almasb.fxgl.notification.impl.NotificationServiceProvider
15:45:14.061 [FXGL Background Thread 3 ] DEBUG Engine               - class com.almasb.fxgl.achievement.AchievementService
15:45:14.061 [FXGL Background Thread 3 ] DEBUG Engine               - class com.almasb.fxgl.cutscene.CutsceneService
15:45:14.061 [FXGL Background Thread 3 ] DEBUG Engine               - class com.almasb.fxgl.minigames.MiniGameService
15:45:14.061 [FXGL Background Thread 3 ] DEBUG Engine               - class com.almasb.fxgl.net.NetService
15:45:14.061 [FXGL Background Thread 3 ] DEBUG Engine               - class com.almasb.fxgl.app.services.UpdaterService
15:45:14.062 [FXGL Background Thread 3 ] DEBUG Engine               - class com.almasb.fxgl.dev.DevService
15:45:19.060 [JavaFX Application Thread] DEBUG FXGLApplication      - Exiting FXGL
15:45:19.060 [JavaFX Application Thread] DEBUG Async                - Shutting down background threads
15:45:19.060 [JavaFX Application Thread] DEBUG PrimaryStageWindow   - Closing main window
15:45:19.089 [JavaFX Application Thread] DEBUG Logger               - Closing Logger
