13:22:53.386 [main                     ] DEBUG Logger               - Configured Logger
13:22:53.424 [main                     ] DEBUG GameApplication      - Logging settings
Title: Untitled
Version: 0.0
Width: 1600
Height: 600
Fullscreen: false
Intro: false
Profiling: false
Single step:false
App Mode: DEVELOPER
Menu Key: ESCAPE
Stage Style: DECORATED
Scene Factory: class com.almasb.fxglgames.platformer.PlatformerApp$1

13:22:53.770 [JavaFX Application Thread] DEBUG FXGLApplication      - Initializing FXGL
13:22:53.776 [JavaFX Application Thread] INFO  Engine               - FXGL-17.1 (24.03.2022 17.34) on WINDOWS (J:19.0.1 FX:19-ea)
13:22:53.777 [JavaFX Application Thread] DEBUG Engine               - JRE Vendor Name: Oracle Corporation
13:22:53.777 [JavaFX Application Thread] DEBUG Engine               - Running on OS: Windows 10 version 10.0
13:22:53.777 [JavaFX Application Thread] DEBUG Engine               - Architecture: amd64
13:22:53.778 [JavaFX Application Thread] INFO  Engine               - Source code and latest versions at: https://github.com/AlmasB/FXGL
13:22:53.778 [JavaFX Application Thread] INFO  Engine               -       Ask questions and discuss at: https://github.com/AlmasB/FXGL/discussions
13:22:53.778 [JavaFX Application Thread] INFO  Engine               -              Join the FXGL chat at: https://gitter.im/AlmasB/FXGL
13:22:53.858 [JavaFX Application Thread] DEBUG PrimaryStageWindow   - Creating a JavaFX scene
13:22:53.858 [JavaFX Application Thread] DEBUG PrimaryStageWindow   - Target size > screen size
13:22:53.902 [JavaFX Application Thread] DEBUG PrimaryStageWindow   - Target settings size: 1600.0 x 600.0
13:22:53.902 [JavaFX Application Thread] DEBUG PrimaryStageWindow   - Scaled scene size:    1511.0 x 576.0
13:22:53.903 [JavaFX Application Thread] DEBUG PrimaryStageWindow   - Scaled ratio: (0.944375, 0.96)
13:22:53.904 [JavaFX Application Thread] DEBUG PrimaryStageWindow   - Set initial scene to FXGLStartupScene
13:22:53.910 [JavaFX Application Thread] DEBUG PrimaryStageWindow   - Opening main window
13:22:53.979 [JavaFX Application Thread] DEBUG PrimaryStageWindow   - Window border size: (14.5999755859375, 37.5999755859375)
13:22:53.979 [JavaFX Application Thread] DEBUG PrimaryStageWindow   - Scaled size: 1511.0 x 576.0
13:22:53.979 [JavaFX Application Thread] DEBUG PrimaryStageWindow   - Scaled ratio: (0.944375, 0.96)
13:22:53.980 [JavaFX Application Thread] DEBUG PrimaryStageWindow   - Scene size: 1511.0 x 576.0
13:22:53.980 [JavaFX Application Thread] DEBUG PrimaryStageWindow   - Stage size: 1525.5999755859375 x 613.5999755859375
13:22:53.992 [FXGL Background Thread 1 ] DEBUG Engine               - Initializing environment variables
13:22:54.044 [FXGL Background Thread 1 ] DEBUG FXGLAssetLoaderServi - User app class for loading assets: class com.almasb.fxglgames.platformer.PlatformerApp
13:22:54.045 [FXGL Background Thread 1 ] DEBUG GameApplicationServi - Applying CSS: fxgl_dark.css
13:22:54.046 [FXGL Background Thread 1 ] DEBUG FXGLAssetLoaderServi - Loading from file system: jar:file:///C:/Users/jardk/.m2/repository/com/github/almasb/fxgl/17.1/fxgl-17.1.jar!/fxglassets/ui/css/fxgl_dark.css
13:22:54.091 [FXGL Background Thread 1 ] DEBUG GameApplicationServi - Initializing application scenes
13:22:54.142 [FXGL Background Thread 1 ] DEBUG FXGLAssetLoaderServi - Loading from file system: file:/C:/ipose-groep-4/target/classes/assets/textures/player.png
13:22:54.161 [FXGL Background Thread 1 ] DEBUG GameWorld            - Game world initialized
13:22:54.217 [FXGL Background Thread 1 ] DEBUG PhysicsWorld         - Physics world initialized: appHeight=600, physics.ppm=50,0
13:22:54.217 [FXGL Background Thread 1 ] DEBUG PhysicsWorld         - Using strategy: BRUTE_FORCE
13:22:54.222 [FXGL Background Thread 1 ] DEBUG GameScene            - Game scene initialized: 1600x600
13:22:54.230 [FXGL Background Thread 1 ] DEBUG FXGL.DefaultMenu     - createMenuBodyGameMenu()
13:22:54.249 [FXGL Background Thread 1 ] DEBUG FXGL.DefaultMenu     - createOptionsMenu()
13:22:54.265 [FXGL Background Thread 1 ] DEBUG FXGLAssetLoaderServi - Loading from file system: jar:file:///C:/Users/jardk/.m2/repository/com/github/almasb/fxgl/17.1/fxgl-17.1.jar!/fxglassets/textures/particles/smoke.png
13:22:54.334 [FXGL Background Thread 1 ] DEBUG FXGLAssetLoaderServi - Loading from file system: jar:file:///C:/Users/jardk/.m2/repository/com/github/almasb/fxgl/17.1/fxgl-17.1.jar!/fxglassets/textures/particles/trace_horizontal.png
13:22:54.357 [FXGL Background Thread 1 ] DEBUG GameApplicationServi - Application scenes initialized
13:22:54.373 [FXGL Background Thread 1 ] DEBUG SystemBundleService  - Loading FXGL system data
13:22:54.378 [FXGL Background Thread 1 ] DEBUG FileSystemAccess     - Reading from: C:\ipose-groep-4\system\fxgl.bundle
13:22:54.388 [FXGL Background Thread 1 ] DEBUG SystemBundleService  - Bundle FXGL: {}
13:22:54.388 [FXGL Background Thread 1 ] DEBUG UpdaterService       - Checking for updates
13:22:54.392 [FXGL Background Thread 4 ] DEBUG FXGLApplication      - Loading fonts
13:22:54.393 [FXGL Background Thread 1 ] DEBUG FXGLApplication      - Loading default localization
13:22:54.393 [FXGL Background Thread 4 ] DEBUG FXGLAssetLoaderServi - Loading from file system: jar:file:///C:/Users/jardk/.m2/repository/com/github/almasb/fxgl/17.1/fxgl-17.1.jar!/fxglassets/ui/fonts/VarelaRound-Regular.ttf
13:22:54.394 [FXGL Background Thread 1 ] DEBUG FXGLAssetLoaderServi - Loading from file system: jar:file:///C:/Users/jardk/.m2/repository/com/github/almasb/fxgl/17.1/fxgl-17.1.jar!/fxglassets/languages/english.lang
13:22:54.415 [FXGL Background Thread 1 ] INFO  FXGLApplication      - FXGL initialization took: 0,423 sec
13:22:54.426 [JavaFX Application Thread] DEBUG Input                - Registered new binding: Left - A
13:22:54.426 [JavaFX Application Thread] DEBUG Input                - Registered new binding: Right - D
13:22:54.427 [JavaFX Application Thread] DEBUG Input                - Registered new binding: Jump - W
13:22:54.427 [JavaFX Application Thread] DEBUG Input                - Registered new binding: Use - E
13:22:54.427 [JavaFX Application Thread] DEBUG FXGLAssetLoaderServi - Loading from file system: file:/C:/ipose-groep-4/target/classes/assets/music/BGM_dash_runner.wav
13:22:54.455 [FXGL Background Thread 4 ] DEBUG FXGLAssetLoaderServi - Loading from file system: jar:file:///C:/Users/jardk/.m2/repository/com/github/almasb/fxgl/17.1/fxgl-17.1.jar!/fxglassets/ui/fonts/Abel-Regular.ttf
13:22:54.459 [FXGL Background Thread 4 ] DEBUG FXGLAssetLoaderServi - Loading from file system: jar:file:///C:/Users/jardk/.m2/repository/com/github/almasb/fxgl/17.1/fxgl-17.1.jar!/fxglassets/ui/fonts/TerminalLandMono-Regular.otf
13:22:54.462 [FXGL Background Thread 4 ] DEBUG FXGLAssetLoaderServi - Loading from file system: jar:file:///C:/Users/jardk/.m2/repository/com/github/almasb/fxgl/17.1/fxgl-17.1.jar!/fxglassets/ui/fonts/Courier-Prime.ttf
13:22:54.545 [JavaFX Application Thread] DEBUG AudioPlayer          - Playing music com.almasb.fxgl.audio.Music@5ce4036b
13:22:54.546 [JavaFX Application Thread] DEBUG FXGLAssetLoaderServi - Loading from file system: jar:file:///C:/Users/jardk/.m2/repository/com/github/almasb/fxgl/17.1/fxgl-17.1.jar!/fxglassets/textures/fxgl_icon.png
13:22:54.562 [JavaFX Application Thread] DEBUG FXGLAssetLoaderServi - Loading from file system: jar:file:///C:/Users/jardk/.m2/repository/com/github/almasb/fxgl/17.1/fxgl-17.1.jar!/fxglassets/textures/fxgl_default_cursor.png
13:22:54.566 [JavaFX Application Thread] DEBUG Input                - Registered new binding: Screenshot - CTRL+8
13:22:54.568 [JavaFX Application Thread] DEBUG Input                - Registered new binding: System info dump - CTRL+9
13:22:54.569 [JavaFX Application Thread] DEBUG Input                - Registered new binding: Restart - CTRL+R
13:22:54.570 [JavaFX Application Thread] DEBUG Input                - Registered new binding: Toggle Debug Camera - CTRL+7
13:22:54.572 [JavaFX Application Thread] DEBUG LoopRunner           - Starting loop
13:22:54.572 [JavaFX Application Thread] DEBUG LoopRunner           - Initializing JavaFX AnimationTimerLoop
13:22:54.573 [JavaFX Application Thread] DEBUG GameApplicationServi - Starting new game
13:22:54.574 [JavaFX Application Thread] DEBUG Input                - Clearing active input actions
13:22:54.593 [JavaFX Application Thread] DEBUG GameApplicationServi - Removing overlay from FXGLStartupScene and adding to MainLoadingScene
13:22:54.594 [JavaFX Application Thread] DEBUG PrimaryStageWindow   - FXGLStartupScene -> MainLoadingScene
13:22:54.594 [JavaFX Application Thread] DEBUG GameApplicationServi - Clearing previous game
13:22:54.594 [JavaFX Application Thread] DEBUG GameScene            - Clearing game scene
13:22:54.594 [JavaFX Application Thread] DEBUG GameWorld            - Clearing game world
13:22:54.594 [JavaFX Application Thread] DEBUG PhysicsWorld         - Clearing physics world
13:22:54.596 [JavaFX Application Thread] DEBUG FXGLApplication      - Registering font factories with UI factory
13:22:54.596 [FXGL Background Thread 4 ] DEBUG FXGLApplication      - Initializing game
13:22:54.648 [FXGL Background Thread 4 ] WARN  TMXLevelLoader       - TiledMap generated from 1.2.3. Supported version: 1.4.2. Some features may not be parsed fully.
13:22:54.657 [FXGL Background Thread 4 ] DEBUG TMXLevelLoader       - Parsed TiledMap: file:/C:/ipose-groep-4/target/classes/assets/levels/tmx/level1.tmx
13:22:54.658 [FXGL Background Thread 4 ] DEBUG TMXLevelLoader       - Creating tile layer entities
13:22:54.660 [FXGL Background Thread 4 ] DEBUG TilesetLoader        - Loading view for layer Tile Layer 1
13:22:54.663 [FXGL Background Thread 4 ] DEBUG TilesetLoader        - Created buffer with size 1050.0x700.0
13:22:54.682 [FXGL Background Thread 4 ] DEBUG TMXLevelLoader       - Creating object layer entities
13:22:54.711 [FXGL Background Thread 4 ] DEBUG GameWorld            - Clearing removable entities
13:22:54.712 [FXGL Background Thread 4 ] DEBUG GameWorld            - Setting level: com.almasb.fxgl.entity.level.Level@709093e9
13:22:54.747 [FXGL Background Thread 4 ] DEBUG FXGLAssetLoaderServi - Loading from file system: file:/C:/ipose-groep-4/target/classes/assets/textures/background/forest.png
13:22:54.758 [FXGL Background Thread 2 ] INFO  UpdaterService       - Your current version:  17.1
13:22:54.758 [FXGL Background Thread 2 ] INFO  UpdaterService       - Latest stable version: 17.3
13:22:54.769 [FXGL Background Thread 4 ] INFO  FXGLApplication      - Game initialization took: 0,174 sec
13:22:54.771 [JavaFX Application Thread] DEBUG Input                - Clearing active input actions
13:22:54.779 [JavaFX Application Thread] DEBUG GameApplicationServi - Removing overlay from MainLoadingScene and adding to GameScene
13:22:54.780 [JavaFX Application Thread] DEBUG PrimaryStageWindow   - MainLoadingScene -> GameScene
13:22:57.393 [FXGL Background Thread 3 ] DEBUG Engine               - Logging environment variables
13:22:57.394 [FXGL Background Thread 3 ] DEBUG Engine               - achievements: []
13:22:57.395 [FXGL Background Thread 3 ] DEBUG Engine               - actualHeight: 576.0
13:22:57.395 [FXGL Background Thread 3 ] DEBUG Engine               - actualHeightProperty: ReadOnlyDoubleProperty [value: 576.0]
13:22:57.395 [FXGL Background Thread 3 ] DEBUG Engine               - actualWidth: 1511.0
13:22:57.395 [FXGL Background Thread 3 ] DEBUG Engine               - actualWidthProperty: ReadOnlyDoubleProperty [value: 1511.0]
13:22:57.395 [FXGL Background Thread 3 ] DEBUG Engine               - appIcon: fxgl_icon.png
13:22:57.395 [FXGL Background Thread 3 ] DEBUG Engine               - applicationMode: DEVELOPER
13:22:57.395 [FXGL Background Thread 3 ] DEBUG Engine               - cSSList: [fxgl_dark.css]
13:22:57.395 [FXGL Background Thread 3 ] DEBUG Engine               - collisionDetectionStrategy: BRUTE_FORCE
13:22:57.395 [FXGL Background Thread 3 ] DEBUG Engine               - configClass: Optional.empty
13:22:57.395 [FXGL Background Thread 3 ] DEBUG Engine               - credits: []
13:22:57.396 [FXGL Background Thread 3 ] DEBUG Engine               - defaultCursor: CursorInfo(imageName=fxgl_default_cursor.png, hotspotX=7.0, hotspotY=6.0)
13:22:57.397 [FXGL Background Thread 3 ] DEBUG Engine               - devBBoxColorProperty: ObjectProperty [value: 0xff0000ff]
13:22:57.398 [FXGL Background Thread 3 ] DEBUG Engine               - devEnableDebugCameraProperty: BooleanProperty [value: false]
13:22:57.398 [FXGL Background Thread 3 ] DEBUG Engine               - devSensorColorProperty: ObjectProperty [value: 0xffff00ff]
13:22:57.398 [FXGL Background Thread 3 ] DEBUG Engine               - devShowBBoxProperty: BooleanProperty [value: false]
13:22:57.398 [FXGL Background Thread 3 ] DEBUG Engine               - devShowPositionProperty: BooleanProperty [value: false]
13:22:57.398 [FXGL Background Thread 3 ] DEBUG Engine               - enabledMenuItems: []
13:22:57.398 [FXGL Background Thread 3 ] DEBUG Engine               - engineServices: [class com.almasb.fxgl.app.services.FXGLAssetLoaderService, class com.almasb.fxgl.app.FXGLApplication$GameApplicationService, class com.almasb.fxgl.app.services.FXGLDialogService, class com.almasb.fxgl.app.services.IOTaskExecutorService, class com.almasb.fxgl.io.FileSystemService, class com.almasb.fxgl.localization.LocalizationService, class com.almasb.fxgl.app.services.SystemBundleService, class com.almasb.fxgl.profile.SaveLoadService, class com.almasb.fxgl.ui.FXGLUIFactoryServiceProvider, class com.almasb.fxgl.ui.FXGLDialogFactoryServiceProvider, class com.almasb.fxgl.audio.AudioPlayer, class com.almasb.fxgl.notification.impl.NotificationServiceProvider, class com.almasb.fxgl.achievement.AchievementService, class com.almasb.fxgl.cutscene.CutsceneService, class com.almasb.fxgl.minigames.MiniGameService, class com.almasb.fxgl.net.NetService, class com.almasb.fxgl.app.services.UpdaterService, class com.almasb.fxgl.dev.DevService]
13:22:57.398 [FXGL Background Thread 3 ] DEBUG Engine               - fontGame: Abel-Regular.ttf
13:22:57.398 [FXGL Background Thread 3 ] DEBUG Engine               - fontMono: TerminalLandMono-Regular.otf
13:22:57.398 [FXGL Background Thread 3 ] DEBUG Engine               - fontText: Courier-Prime.ttf
13:22:57.398 [FXGL Background Thread 3 ] DEBUG Engine               - fontUI: VarelaRound-Regular.ttf
13:22:57.398 [FXGL Background Thread 3 ] DEBUG Engine               - fullScreen: BooleanProperty [value: false]
13:22:57.398 [FXGL Background Thread 3 ] DEBUG Engine               - gameDifficulty: MEDIUM
13:22:57.398 [FXGL Background Thread 3 ] DEBUG Engine               - gameDifficultyProperty: ObjectProperty [value: MEDIUM]
13:22:57.399 [FXGL Background Thread 3 ] DEBUG Engine               - globalMusicVolume: 0.5
13:22:57.399 [FXGL Background Thread 3 ] DEBUG Engine               - globalMusicVolumeProperty: DoubleProperty [value: 0.25]
13:22:57.421 [FXGL Background Thread 3 ] DEBUG Engine               - globalSoundVolume: 0.5
13:22:57.421 [FXGL Background Thread 3 ] DEBUG Engine               - globalSoundVolumeProperty: DoubleProperty [value: 0.5]
13:22:57.421 [FXGL Background Thread 3 ] DEBUG Engine               - height: 600
13:22:57.421 [FXGL Background Thread 3 ] DEBUG Engine               - is3D: false
13:22:57.421 [FXGL Background Thread 3 ] DEBUG Engine               - isAndroid: false
13:22:57.421 [FXGL Background Thread 3 ] DEBUG Engine               - isBrowser: false
13:22:57.421 [FXGL Background Thread 3 ] DEBUG Engine               - isClickFeedbackEnabled: false
13:22:57.421 [FXGL Background Thread 3 ] DEBUG Engine               - isCloseConfirmation: false
13:22:57.422 [FXGL Background Thread 3 ] DEBUG Engine               - isDesktop: true
13:22:57.422 [FXGL Background Thread 3 ] DEBUG Engine               - isDeveloperMenuEnabled: false
13:22:57.422 [FXGL Background Thread 3 ] DEBUG Engine               - isEmbedded: false
13:22:57.422 [FXGL Background Thread 3 ] DEBUG Engine               - isEntityPreloadEnabled: true
13:22:57.422 [FXGL Background Thread 3 ] DEBUG Engine               - isExperimentalTiledLargeMap: false
13:22:57.422 [FXGL Background Thread 3 ] DEBUG Engine               - isFileSystemWriteAllowed: true
13:22:57.422 [FXGL Background Thread 3 ] DEBUG Engine               - isFullScreenAllowed: false
13:22:57.422 [FXGL Background Thread 3 ] DEBUG Engine               - isFullScreenFromStart: false
13:22:57.422 [FXGL Background Thread 3 ] DEBUG Engine               - isGameMenuEnabled: true
13:22:57.422 [FXGL Background Thread 3 ] DEBUG Engine               - isIOS: false
13:22:57.422 [FXGL Background Thread 3 ] DEBUG Engine               - isIntroEnabled: false
13:22:57.422 [FXGL Background Thread 3 ] DEBUG Engine               - isLinux: false
13:22:57.422 [FXGL Background Thread 3 ] DEBUG Engine               - isMac: false
13:22:57.422 [FXGL Background Thread 3 ] DEBUG Engine               - isMainMenuEnabled: false
13:22:57.422 [FXGL Background Thread 3 ] DEBUG Engine               - isManualResizeEnabled: false
13:22:57.422 [FXGL Background Thread 3 ] DEBUG Engine               - isMobile: false
13:22:57.422 [FXGL Background Thread 3 ] DEBUG Engine               - isNative: false
13:22:57.422 [FXGL Background Thread 3 ] DEBUG Engine               - isPauseMusicWhenMinimized: true
13:22:57.422 [FXGL Background Thread 3 ] DEBUG Engine               - isPreserveResizeRatio: false
13:22:57.422 [FXGL Background Thread 3 ] DEBUG Engine               - isProfilingEnabled: false
13:22:57.422 [FXGL Background Thread 3 ] DEBUG Engine               - isScaleAffectedOnResize: true
13:22:57.422 [FXGL Background Thread 3 ] DEBUG Engine               - isSingleStep: false
13:22:57.422 [FXGL Background Thread 3 ] DEBUG Engine               - isUserProfileEnabled: false
13:22:57.422 [FXGL Background Thread 3 ] DEBUG Engine               - isWindows: true
13:22:57.423 [FXGL Background Thread 3 ] DEBUG Engine               - language: ObjectProperty [value: ENGLISH]
13:22:57.423 [FXGL Background Thread 3 ] DEBUG Engine               - menuKey: ESCAPE
13:22:57.423 [FXGL Background Thread 3 ] DEBUG Engine               - mouseSensitivity: 0.2
13:22:57.423 [FXGL Background Thread 3 ] DEBUG Engine               - notificationViewClass: class com.almasb.fxgl.notification.view.XboxNotificationView
13:22:57.423 [FXGL Background Thread 3 ] DEBUG Engine               - pixelsPerMeter: 50.0
13:22:57.423 [FXGL Background Thread 3 ] DEBUG Engine               - platform: WINDOWS
13:22:57.423 [FXGL Background Thread 3 ] DEBUG Engine               - prefHeightProperty: ReadOnlyDoubleProperty [value: 600.0]
13:22:57.423 [FXGL Background Thread 3 ] DEBUG Engine               - prefWidthProperty: ReadOnlyDoubleProperty [value: 1600.0]
13:22:57.423 [FXGL Background Thread 3 ] DEBUG Engine               - profileDir: profiles/
13:22:57.423 [FXGL Background Thread 3 ] DEBUG Engine               - profileName: StringProperty [value: DEFAULT]
13:22:57.423 [FXGL Background Thread 3 ] DEBUG Engine               - randomSeed: -1
13:22:57.424 [FXGL Background Thread 3 ] DEBUG Engine               - runtimeInfo: RuntimeInfo(platform=WINDOWS, version=17.1, build=24.03.2022 17.34)
13:22:57.424 [FXGL Background Thread 3 ] DEBUG Engine               - saveFileExt: sav
13:22:57.424 [FXGL Background Thread 3 ] DEBUG Engine               - scaledHeightProp$fxgl: DoubleProperty [bound, value: 576.0]
13:22:57.424 [FXGL Background Thread 3 ] DEBUG Engine               - scaledWidthProp$fxgl: DoubleProperty [bound, value: 1511.0]
13:22:57.424 [FXGL Background Thread 3 ] DEBUG Engine               - sceneFactory: com.almasb.fxglgames.platformer.PlatformerApp$1@2ea5098e
13:22:57.424 [FXGL Background Thread 3 ] DEBUG Engine               - secondsIn24h: 60
13:22:57.424 [FXGL Background Thread 3 ] DEBUG Engine               - soundMenuBack: menu/back.wav
13:22:57.424 [FXGL Background Thread 3 ] DEBUG Engine               - soundMenuPress: menu/press.wav
13:22:57.424 [FXGL Background Thread 3 ] DEBUG Engine               - soundMenuSelect: menu/select.wav
13:22:57.424 [FXGL Background Thread 3 ] DEBUG Engine               - soundNotification: core/notification.wav
13:22:57.424 [FXGL Background Thread 3 ] DEBUG Engine               - stageStyle: DECORATED
13:22:57.424 [FXGL Background Thread 3 ] DEBUG Engine               - supportedLanguages: [ENGLISH, FRENCH, GERMAN, HUNGARIAN, RUSSIAN]
13:22:57.424 [FXGL Background Thread 3 ] DEBUG Engine               - ticksPerSecond: -1
13:22:57.424 [FXGL Background Thread 3 ] DEBUG Engine               - title: Untitled
13:22:57.424 [FXGL Background Thread 3 ] DEBUG Engine               - urlGithub: https://github.com/AlmasB/FXGL
13:22:57.424 [FXGL Background Thread 3 ] DEBUG Engine               - urlLeaderboard: http://fxgl-top.herokuapp.com/
13:22:57.424 [FXGL Background Thread 3 ] DEBUG Engine               - urlPOM: https://raw.githubusercontent.com/AlmasB/FXGL/release/README.md
13:22:57.424 [FXGL Background Thread 3 ] DEBUG Engine               - userAppClass: class com.almasb.fxglgames.platformer.PlatformerApp
13:22:57.424 [FXGL Background Thread 3 ] DEBUG Engine               - version: 0.0
13:22:57.424 [FXGL Background Thread 3 ] DEBUG Engine               - versionCheckDays: 7
13:22:57.424 [FXGL Background Thread 3 ] DEBUG Engine               - width: 1600
13:22:57.424 [FXGL Background Thread 3 ] DEBUG Engine               - Logging services
13:22:57.424 [FXGL Background Thread 3 ] DEBUG Engine               - class com.almasb.fxgl.app.services.FXGLAssetLoaderService
13:22:57.424 [FXGL Background Thread 3 ] DEBUG Engine               - class com.almasb.fxgl.app.FXGLApplication$GameApplicationService
13:22:57.424 [FXGL Background Thread 3 ] DEBUG Engine               - class com.almasb.fxgl.app.services.FXGLDialogService
13:22:57.424 [FXGL Background Thread 3 ] DEBUG Engine               - class com.almasb.fxgl.app.services.IOTaskExecutorService
13:22:57.424 [FXGL Background Thread 3 ] DEBUG Engine               - class com.almasb.fxgl.io.FileSystemService
13:22:57.424 [FXGL Background Thread 3 ] DEBUG Engine               - class com.almasb.fxgl.localization.LocalizationService
13:22:57.424 [FXGL Background Thread 3 ] DEBUG Engine               - class com.almasb.fxgl.app.services.SystemBundleService
13:22:57.424 [FXGL Background Thread 3 ] DEBUG Engine               - class com.almasb.fxgl.profile.SaveLoadService
13:22:57.425 [FXGL Background Thread 3 ] DEBUG Engine               - class com.almasb.fxgl.ui.FXGLUIFactoryServiceProvider
13:22:57.425 [FXGL Background Thread 3 ] DEBUG Engine               - class com.almasb.fxgl.ui.FXGLDialogFactoryServiceProvider
13:22:57.425 [FXGL Background Thread 3 ] DEBUG Engine               - class com.almasb.fxgl.audio.AudioPlayer
13:22:57.425 [FXGL Background Thread 3 ] DEBUG Engine               - class com.almasb.fxgl.notification.impl.NotificationServiceProvider
13:22:57.425 [FXGL Background Thread 3 ] DEBUG Engine               - class com.almasb.fxgl.achievement.AchievementService
13:22:57.425 [FXGL Background Thread 3 ] DEBUG Engine               - class com.almasb.fxgl.cutscene.CutsceneService
13:22:57.425 [FXGL Background Thread 3 ] DEBUG Engine               - class com.almasb.fxgl.minigames.MiniGameService
13:22:57.425 [FXGL Background Thread 3 ] DEBUG Engine               - class com.almasb.fxgl.net.NetService
13:22:57.425 [FXGL Background Thread 3 ] DEBUG Engine               - class com.almasb.fxgl.app.services.UpdaterService
13:22:57.425 [FXGL Background Thread 3 ] DEBUG Engine               - class com.almasb.fxgl.dev.DevService
13:23:48.598 [JavaFX Application Thread] DEBUG FXGLApplication      - Exiting FXGL
13:23:48.598 [JavaFX Application Thread] DEBUG LoopRunner           - Stopping loop
13:23:48.598 [JavaFX Application Thread] DEBUG SystemBundleService  - Saving FXGL system data
13:23:48.600 [JavaFX Application Thread] DEBUG FileSystemAccess     - Writing to: C:\ipose-groep-4\system\fxgl.bundle
13:23:48.603 [JavaFX Application Thread] DEBUG Async                - Shutting down background threads
13:23:48.603 [JavaFX Application Thread] DEBUG PrimaryStageWindow   - Closing main window
13:23:48.613 [JavaFX Application Thread] DEBUG Logger               - Closing Logger
