09:03:00.018 [main                     ] DEBUG Logger               - Configured Logger
09:03:00.077 [main                     ] DEBUG GameApplication      - Logging settings
Title: Untitled
Version: 0.0
Width: 1400
Height: 720
Fullscreen: false
Intro: false
Profiling: false
Single step:false
App Mode: DEVELOPER
Menu Key: ESCAPE
Stage Style: DECORATED
Scene Factory: class com.almasb.fxglgames.platformer.PlatformerApp$1

09:03:00.772 [JavaFX Application Thread] DEBUG FXGLApplication      - Initializing FXGL
09:03:00.782 [JavaFX Application Thread] INFO  Engine               - FXGL-17.1 (24.03.2022 17.34) on WINDOWS (J:19.0.1 FX:19-ea)
09:03:00.782 [JavaFX Application Thread] DEBUG Engine               - JRE Vendor Name: Oracle Corporation
09:03:00.783 [JavaFX Application Thread] DEBUG Engine               - Running on OS: Windows 10 version 10.0
09:03:00.783 [JavaFX Application Thread] DEBUG Engine               - Architecture: amd64
09:03:00.783 [JavaFX Application Thread] INFO  Engine               - Source code and latest versions at: https://github.com/AlmasB/FXGL
09:03:00.784 [JavaFX Application Thread] INFO  Engine               -       Ask questions and discuss at: https://github.com/AlmasB/FXGL/discussions
09:03:00.784 [JavaFX Application Thread] INFO  Engine               -              Join the FXGL chat at: https://gitter.im/AlmasB/FXGL
09:03:00.993 [JavaFX Application Thread] DEBUG PrimaryStageWindow   - Creating a JavaFX scene
09:03:01.085 [JavaFX Application Thread] DEBUG PrimaryStageWindow   - Target settings size: 1400.0 x 720.0
09:03:01.085 [JavaFX Application Thread] DEBUG PrimaryStageWindow   - Scaled scene size:    1400.0 x 720.0
09:03:01.085 [JavaFX Application Thread] DEBUG PrimaryStageWindow   - Scaled ratio: (1.0, 1.0)
09:03:01.087 [JavaFX Application Thread] DEBUG PrimaryStageWindow   - Set initial scene to FXGLStartupScene
09:03:01.100 [JavaFX Application Thread] DEBUG PrimaryStageWindow   - Opening main window
09:03:01.244 [JavaFX Application Thread] DEBUG PrimaryStageWindow   - Window border size: (14.4000244140625, 37.5999755859375)
09:03:01.245 [JavaFX Application Thread] DEBUG PrimaryStageWindow   - Scaled size: 1400.0 x 720.0
09:03:01.246 [JavaFX Application Thread] DEBUG PrimaryStageWindow   - Scaled ratio: (1.0, 1.0)
09:03:01.246 [JavaFX Application Thread] DEBUG PrimaryStageWindow   - Scene size: 1400.0 x 720.0
09:03:01.247 [JavaFX Application Thread] DEBUG PrimaryStageWindow   - Stage size: 1414.4000244140625 x 757.5999755859375
09:03:01.268 [FXGL Background Thread 1 ] DEBUG Engine               - Initializing environment variables
09:03:01.358 [FXGL Background Thread 1 ] DEBUG FXGLAssetLoaderServi - User app class for loading assets: class com.almasb.fxglgames.platformer.PlatformerApp
09:03:01.359 [FXGL Background Thread 1 ] DEBUG GameApplicationServi - Applying CSS: fxgl_dark.css
09:03:01.360 [FXGL Background Thread 1 ] DEBUG FXGLAssetLoaderServi - Loading from file system: jar:file:///C:/Users/jardk/.m2/repository/com/github/almasb/fxgl/17.1/fxgl-17.1.jar!/fxglassets/ui/css/fxgl_dark.css
09:03:01.437 [FXGL Background Thread 1 ] DEBUG GameApplicationServi - Initializing application scenes
09:03:01.527 [FXGL Background Thread 1 ] DEBUG FXGLAssetLoaderServi - Loading from file system: file:/C:/ipose-groep-4/target/classes/assets/textures/player.png
09:03:01.565 [FXGL Background Thread 1 ] DEBUG GameWorld            - Game world initialized
09:03:01.676 [FXGL Background Thread 1 ] DEBUG PhysicsWorld         - Physics world initialized: appHeight=720, physics.ppm=50,0
09:03:01.676 [FXGL Background Thread 1 ] DEBUG PhysicsWorld         - Using strategy: BRUTE_FORCE
09:03:01.684 [FXGL Background Thread 1 ] DEBUG GameScene            - Game scene initialized: 1400x720
09:03:01.701 [FXGL Background Thread 1 ] DEBUG FXGL.DefaultMenu     - createMenuBodyGameMenu()
09:03:01.737 [FXGL Background Thread 1 ] DEBUG FXGL.DefaultMenu     - createOptionsMenu()
09:03:01.761 [FXGL Background Thread 1 ] DEBUG FXGLAssetLoaderServi - Loading from file system: jar:file:///C:/Users/jardk/.m2/repository/com/github/almasb/fxgl/17.1/fxgl-17.1.jar!/fxglassets/textures/particles/smoke.png
09:03:01.882 [FXGL Background Thread 1 ] DEBUG FXGLAssetLoaderServi - Loading from file system: jar:file:///C:/Users/jardk/.m2/repository/com/github/almasb/fxgl/17.1/fxgl-17.1.jar!/fxglassets/textures/particles/trace_horizontal.png
09:03:01.928 [FXGL Background Thread 1 ] DEBUG GameApplicationServi - Application scenes initialized
09:03:01.952 [FXGL Background Thread 1 ] DEBUG SystemBundleService  - Loading FXGL system data
09:03:01.960 [FXGL Background Thread 1 ] DEBUG FileSystemAccess     - Reading from: C:\ipose-groep-4\system\fxgl.bundle
09:03:01.979 [FXGL Background Thread 1 ] DEBUG SystemBundleService  - Bundle FXGL: {}
09:03:01.979 [FXGL Background Thread 1 ] DEBUG UpdaterService       - Checking for updates
09:03:01.986 [FXGL Background Thread 4 ] DEBUG FXGLApplication      - Loading fonts
09:03:01.987 [FXGL Background Thread 1 ] DEBUG FXGLApplication      - Loading default localization
09:03:01.987 [FXGL Background Thread 4 ] DEBUG FXGLAssetLoaderServi - Loading from file system: jar:file:///C:/Users/jardk/.m2/repository/com/github/almasb/fxgl/17.1/fxgl-17.1.jar!/fxglassets/ui/fonts/VarelaRound-Regular.ttf
09:03:01.988 [FXGL Background Thread 1 ] DEBUG FXGLAssetLoaderServi - Loading from file system: jar:file:///C:/Users/jardk/.m2/repository/com/github/almasb/fxgl/17.1/fxgl-17.1.jar!/fxglassets/languages/english.lang
09:03:02.027 [FXGL Background Thread 1 ] INFO  FXGLApplication      - FXGL initialization took: 0,758 sec
09:03:02.042 [JavaFX Application Thread] DEBUG Input                - Registered new binding: Left - A
09:03:02.042 [JavaFX Application Thread] DEBUG Input                - Registered new binding: Right - D
09:03:02.042 [JavaFX Application Thread] DEBUG Input                - Registered new binding: Jump - W
09:03:02.043 [JavaFX Application Thread] DEBUG Input                - Registered new binding: Use - E
09:03:02.044 [JavaFX Application Thread] DEBUG FXGLAssetLoaderServi - Loading from file system: file:/C:/ipose-groep-4/target/classes/assets/music/BGM_dash_runner.wav
09:03:02.075 [FXGL Background Thread 4 ] DEBUG FXGLAssetLoaderServi - Loading from file system: jar:file:///C:/Users/jardk/.m2/repository/com/github/almasb/fxgl/17.1/fxgl-17.1.jar!/fxglassets/ui/fonts/Abel-Regular.ttf
09:03:02.081 [FXGL Background Thread 4 ] DEBUG FXGLAssetLoaderServi - Loading from file system: jar:file:///C:/Users/jardk/.m2/repository/com/github/almasb/fxgl/17.1/fxgl-17.1.jar!/fxglassets/ui/fonts/TerminalLandMono-Regular.otf
09:03:02.088 [FXGL Background Thread 4 ] DEBUG FXGLAssetLoaderServi - Loading from file system: jar:file:///C:/Users/jardk/.m2/repository/com/github/almasb/fxgl/17.1/fxgl-17.1.jar!/fxglassets/ui/fonts/Courier-Prime.ttf
09:03:02.270 [JavaFX Application Thread] DEBUG AudioPlayer          - Playing music com.almasb.fxgl.audio.Music@7246774
09:03:02.271 [JavaFX Application Thread] DEBUG FXGLAssetLoaderServi - Loading from file system: jar:file:///C:/Users/jardk/.m2/repository/com/github/almasb/fxgl/17.1/fxgl-17.1.jar!/fxglassets/textures/fxgl_icon.png
09:03:02.299 [JavaFX Application Thread] DEBUG FXGLAssetLoaderServi - Loading from file system: jar:file:///C:/Users/jardk/.m2/repository/com/github/almasb/fxgl/17.1/fxgl-17.1.jar!/fxglassets/textures/fxgl_default_cursor.png
09:03:02.302 [JavaFX Application Thread] DEBUG Input                - Registered new binding: Screenshot - CTRL+8
09:03:02.302 [JavaFX Application Thread] DEBUG Input                - Registered new binding: System info dump - CTRL+9
09:03:02.314 [JavaFX Application Thread] DEBUG Input                - Registered new binding: Restart - CTRL+R
09:03:02.315 [JavaFX Application Thread] DEBUG Input                - Registered new binding: Toggle Debug Camera - CTRL+7
09:03:02.318 [JavaFX Application Thread] DEBUG LoopRunner           - Starting loop
09:03:02.321 [JavaFX Application Thread] DEBUG LoopRunner           - Initializing JavaFX AnimationTimerLoop
09:03:02.323 [JavaFX Application Thread] DEBUG GameApplicationServi - Starting new game
09:03:02.324 [JavaFX Application Thread] DEBUG Input                - Clearing active input actions
09:03:02.357 [JavaFX Application Thread] DEBUG GameApplicationServi - Removing overlay from FXGLStartupScene and adding to MainLoadingScene
09:03:02.358 [JavaFX Application Thread] DEBUG PrimaryStageWindow   - FXGLStartupScene -> MainLoadingScene
09:03:02.358 [JavaFX Application Thread] DEBUG GameApplicationServi - Clearing previous game
09:03:02.358 [JavaFX Application Thread] DEBUG GameScene            - Clearing game scene
09:03:02.358 [JavaFX Application Thread] DEBUG GameWorld            - Clearing game world
09:03:02.359 [JavaFX Application Thread] DEBUG PhysicsWorld         - Clearing physics world
09:03:02.360 [FXGL Background Thread 4 ] DEBUG FXGLApplication      - Initializing game
09:03:02.360 [JavaFX Application Thread] DEBUG FXGLApplication      - Registering font factories with UI factory
09:03:02.446 [FXGL Background Thread 4 ] WARN  TMXLevelLoader       - TiledMap generated from 1.10.0. Supported version: 1.4.2. Some features may not be parsed fully.
09:03:02.459 [FXGL Background Thread 4 ] DEBUG TMXLevelLoader       - Parsed TiledMap: file:/C:/ipose-groep-4/target/classes/assets/levels/tmx/level1.tmx
09:03:02.461 [FXGL Background Thread 4 ] DEBUG TMXLevelLoader       - Creating tile layer entities
09:03:02.463 [FXGL Background Thread 4 ] DEBUG TilesetLoader        - Loading view for layer Tile Layer 1
09:03:02.466 [FXGL Background Thread 4 ] DEBUG TilesetLoader        - Created buffer with size 2100.0x700.0
09:03:02.500 [FXGL Background Thread 4 ] DEBUG TMXLevelLoader       - Creating object layer entities
09:03:02.546 [FXGL Background Thread 4 ] DEBUG GameWorld            - Clearing removable entities
09:03:02.547 [FXGL Background Thread 4 ] DEBUG GameWorld            - Setting level: com.almasb.fxgl.entity.level.Level@737615fe
09:03:02.582 [FXGL Background Thread 4 ] DEBUG FXGLAssetLoaderServi - Loading from file system: file:/C:/ipose-groep-4/target/classes/assets/textures/background/forest.png
09:03:02.615 [FXGL Background Thread 4 ] INFO  FXGLApplication      - Game initialization took: 0,254 sec
09:03:02.615 [JavaFX Application Thread] DEBUG Input                - Clearing active input actions
09:03:02.626 [JavaFX Application Thread] DEBUG GameApplicationServi - Removing overlay from MainLoadingScene and adding to GameScene
09:03:02.627 [JavaFX Application Thread] DEBUG PrimaryStageWindow   - MainLoadingScene -> GameScene
09:03:02.742 [FXGL Background Thread 2 ] INFO  UpdaterService       - Your current version:  17.1
09:03:02.743 [FXGL Background Thread 2 ] INFO  UpdaterService       - Latest stable version: 17.3
09:03:04.985 [FXGL Background Thread 3 ] DEBUG Engine               - Logging environment variables
09:03:04.986 [FXGL Background Thread 3 ] DEBUG Engine               - achievements: []
09:03:04.986 [FXGL Background Thread 3 ] DEBUG Engine               - actualHeight: 720.0
09:03:04.986 [FXGL Background Thread 3 ] DEBUG Engine               - actualHeightProperty: ReadOnlyDoubleProperty [value: 720.0]
09:03:04.986 [FXGL Background Thread 3 ] DEBUG Engine               - actualWidth: 1400.0
09:03:04.987 [FXGL Background Thread 3 ] DEBUG Engine               - actualWidthProperty: ReadOnlyDoubleProperty [value: 1400.0]
09:03:04.987 [FXGL Background Thread 3 ] DEBUG Engine               - appIcon: fxgl_icon.png
09:03:04.987 [FXGL Background Thread 3 ] DEBUG Engine               - applicationMode: DEVELOPER
09:03:04.987 [FXGL Background Thread 3 ] DEBUG Engine               - cSSList: [fxgl_dark.css]
09:03:04.987 [FXGL Background Thread 3 ] DEBUG Engine               - collisionDetectionStrategy: BRUTE_FORCE
09:03:04.987 [FXGL Background Thread 3 ] DEBUG Engine               - configClass: Optional.empty
09:03:04.987 [FXGL Background Thread 3 ] DEBUG Engine               - credits: []
09:03:04.988 [FXGL Background Thread 3 ] DEBUG Engine               - defaultCursor: CursorInfo(imageName=fxgl_default_cursor.png, hotspotX=7.0, hotspotY=6.0)
09:03:04.988 [FXGL Background Thread 3 ] DEBUG Engine               - devBBoxColorProperty: ObjectProperty [value: 0xff0000ff]
09:03:04.988 [FXGL Background Thread 3 ] DEBUG Engine               - devEnableDebugCameraProperty: BooleanProperty [value: false]
09:03:04.988 [FXGL Background Thread 3 ] DEBUG Engine               - devSensorColorProperty: ObjectProperty [value: 0xffff00ff]
09:03:04.988 [FXGL Background Thread 3 ] DEBUG Engine               - devShowBBoxProperty: BooleanProperty [value: false]
09:03:04.988 [FXGL Background Thread 3 ] DEBUG Engine               - devShowPositionProperty: BooleanProperty [value: false]
09:03:04.988 [FXGL Background Thread 3 ] DEBUG Engine               - enabledMenuItems: []
09:03:04.988 [FXGL Background Thread 3 ] DEBUG Engine               - engineServices: [class com.almasb.fxgl.app.services.FXGLAssetLoaderService, class com.almasb.fxgl.app.FXGLApplication$GameApplicationService, class com.almasb.fxgl.app.services.FXGLDialogService, class com.almasb.fxgl.app.services.IOTaskExecutorService, class com.almasb.fxgl.io.FileSystemService, class com.almasb.fxgl.localization.LocalizationService, class com.almasb.fxgl.app.services.SystemBundleService, class com.almasb.fxgl.profile.SaveLoadService, class com.almasb.fxgl.ui.FXGLUIFactoryServiceProvider, class com.almasb.fxgl.ui.FXGLDialogFactoryServiceProvider, class com.almasb.fxgl.audio.AudioPlayer, class com.almasb.fxgl.notification.impl.NotificationServiceProvider, class com.almasb.fxgl.achievement.AchievementService, class com.almasb.fxgl.cutscene.CutsceneService, class com.almasb.fxgl.minigames.MiniGameService, class com.almasb.fxgl.net.NetService, class com.almasb.fxgl.app.services.UpdaterService, class com.almasb.fxgl.dev.DevService]
09:03:04.988 [FXGL Background Thread 3 ] DEBUG Engine               - fontGame: Abel-Regular.ttf
09:03:04.988 [FXGL Background Thread 3 ] DEBUG Engine               - fontMono: TerminalLandMono-Regular.otf
09:03:04.989 [FXGL Background Thread 3 ] DEBUG Engine               - fontText: Courier-Prime.ttf
09:03:04.989 [FXGL Background Thread 3 ] DEBUG Engine               - fontUI: VarelaRound-Regular.ttf
09:03:04.989 [FXGL Background Thread 3 ] DEBUG Engine               - fullScreen: BooleanProperty [value: false]
09:03:04.989 [FXGL Background Thread 3 ] DEBUG Engine               - gameDifficulty: MEDIUM
09:03:04.989 [FXGL Background Thread 3 ] DEBUG Engine               - gameDifficultyProperty: ObjectProperty [value: MEDIUM]
09:03:04.989 [FXGL Background Thread 3 ] DEBUG Engine               - globalMusicVolume: 0.5
09:03:04.989 [FXGL Background Thread 3 ] DEBUG Engine               - globalMusicVolumeProperty: DoubleProperty [value: 0.25]
09:03:04.989 [FXGL Background Thread 3 ] DEBUG Engine               - globalSoundVolume: 0.5
09:03:04.990 [FXGL Background Thread 3 ] DEBUG Engine               - globalSoundVolumeProperty: DoubleProperty [value: 0.5]
09:03:04.990 [FXGL Background Thread 3 ] DEBUG Engine               - height: 720
09:03:04.990 [FXGL Background Thread 3 ] DEBUG Engine               - is3D: false
09:03:04.990 [FXGL Background Thread 3 ] DEBUG Engine               - isAndroid: false
09:03:04.990 [FXGL Background Thread 3 ] DEBUG Engine               - isBrowser: false
09:03:04.990 [FXGL Background Thread 3 ] DEBUG Engine               - isClickFeedbackEnabled: false
09:03:04.990 [FXGL Background Thread 3 ] DEBUG Engine               - isCloseConfirmation: false
09:03:04.990 [FXGL Background Thread 3 ] DEBUG Engine               - isDesktop: true
09:03:04.990 [FXGL Background Thread 3 ] DEBUG Engine               - isDeveloperMenuEnabled: false
09:03:04.990 [FXGL Background Thread 3 ] DEBUG Engine               - isEmbedded: false
09:03:04.990 [FXGL Background Thread 3 ] DEBUG Engine               - isEntityPreloadEnabled: true
09:03:04.991 [FXGL Background Thread 3 ] DEBUG Engine               - isExperimentalTiledLargeMap: false
09:03:04.991 [FXGL Background Thread 3 ] DEBUG Engine               - isFileSystemWriteAllowed: true
09:03:04.991 [FXGL Background Thread 3 ] DEBUG Engine               - isFullScreenAllowed: false
09:03:04.991 [FXGL Background Thread 3 ] DEBUG Engine               - isFullScreenFromStart: false
09:03:04.991 [FXGL Background Thread 3 ] DEBUG Engine               - isGameMenuEnabled: true
09:03:04.991 [FXGL Background Thread 3 ] DEBUG Engine               - isIOS: false
09:03:04.991 [FXGL Background Thread 3 ] DEBUG Engine               - isIntroEnabled: false
09:03:04.991 [FXGL Background Thread 3 ] DEBUG Engine               - isLinux: false
09:03:04.991 [FXGL Background Thread 3 ] DEBUG Engine               - isMac: false
09:03:04.992 [FXGL Background Thread 3 ] DEBUG Engine               - isMainMenuEnabled: false
09:03:04.992 [FXGL Background Thread 3 ] DEBUG Engine               - isManualResizeEnabled: false
09:03:04.992 [FXGL Background Thread 3 ] DEBUG Engine               - isMobile: false
09:03:04.992 [FXGL Background Thread 3 ] DEBUG Engine               - isNative: false
09:03:04.992 [FXGL Background Thread 3 ] DEBUG Engine               - isPauseMusicWhenMinimized: true
09:03:04.992 [FXGL Background Thread 3 ] DEBUG Engine               - isPreserveResizeRatio: false
09:03:04.992 [FXGL Background Thread 3 ] DEBUG Engine               - isProfilingEnabled: false
09:03:04.992 [FXGL Background Thread 3 ] DEBUG Engine               - isScaleAffectedOnResize: true
09:03:04.992 [FXGL Background Thread 3 ] DEBUG Engine               - isSingleStep: false
09:03:04.992 [FXGL Background Thread 3 ] DEBUG Engine               - isUserProfileEnabled: false
09:03:04.993 [FXGL Background Thread 3 ] DEBUG Engine               - isWindows: true
09:03:04.993 [FXGL Background Thread 3 ] DEBUG Engine               - language: ObjectProperty [value: ENGLISH]
09:03:04.993 [FXGL Background Thread 3 ] DEBUG Engine               - menuKey: ESCAPE
09:03:04.993 [FXGL Background Thread 3 ] DEBUG Engine               - mouseSensitivity: 0.2
09:03:04.993 [FXGL Background Thread 3 ] DEBUG Engine               - notificationViewClass: class com.almasb.fxgl.notification.view.XboxNotificationView
09:03:04.993 [FXGL Background Thread 3 ] DEBUG Engine               - pixelsPerMeter: 50.0
09:03:04.993 [FXGL Background Thread 3 ] DEBUG Engine               - platform: WINDOWS
09:03:04.993 [FXGL Background Thread 3 ] DEBUG Engine               - prefHeightProperty: ReadOnlyDoubleProperty [value: 720.0]
09:03:04.993 [FXGL Background Thread 3 ] DEBUG Engine               - prefWidthProperty: ReadOnlyDoubleProperty [value: 1400.0]
09:03:04.993 [FXGL Background Thread 3 ] DEBUG Engine               - profileDir: profiles/
09:03:04.994 [FXGL Background Thread 3 ] DEBUG Engine               - profileName: StringProperty [value: DEFAULT]
09:03:04.994 [FXGL Background Thread 3 ] DEBUG Engine               - randomSeed: -1
09:03:04.994 [FXGL Background Thread 3 ] DEBUG Engine               - runtimeInfo: RuntimeInfo(platform=WINDOWS, version=17.1, build=24.03.2022 17.34)
09:03:04.994 [FXGL Background Thread 3 ] DEBUG Engine               - saveFileExt: sav
09:03:04.995 [FXGL Background Thread 3 ] DEBUG Engine               - scaledHeightProp$fxgl: DoubleProperty [bound, value: 720.0]
09:03:04.995 [FXGL Background Thread 3 ] DEBUG Engine               - scaledWidthProp$fxgl: DoubleProperty [bound, value: 1400.0]
09:03:04.995 [FXGL Background Thread 3 ] DEBUG Engine               - sceneFactory: com.almasb.fxglgames.platformer.PlatformerApp$1@50ff6834
09:03:04.995 [FXGL Background Thread 3 ] DEBUG Engine               - secondsIn24h: 60
09:03:04.995 [FXGL Background Thread 3 ] DEBUG Engine               - soundMenuBack: menu/back.wav
09:03:04.995 [FXGL Background Thread 3 ] DEBUG Engine               - soundMenuPress: menu/press.wav
09:03:04.995 [FXGL Background Thread 3 ] DEBUG Engine               - soundMenuSelect: menu/select.wav
09:03:04.995 [FXGL Background Thread 3 ] DEBUG Engine               - soundNotification: core/notification.wav
09:03:04.995 [FXGL Background Thread 3 ] DEBUG Engine               - stageStyle: DECORATED
09:03:04.995 [FXGL Background Thread 3 ] DEBUG Engine               - supportedLanguages: [ENGLISH, FRENCH, GERMAN, HUNGARIAN, RUSSIAN]
09:03:04.995 [FXGL Background Thread 3 ] DEBUG Engine               - ticksPerSecond: -1
09:03:04.996 [FXGL Background Thread 3 ] DEBUG Engine               - title: Untitled
09:03:04.996 [FXGL Background Thread 3 ] DEBUG Engine               - urlGithub: https://github.com/AlmasB/FXGL
09:03:04.996 [FXGL Background Thread 3 ] DEBUG Engine               - urlLeaderboard: http://fxgl-top.herokuapp.com/
09:03:04.996 [FXGL Background Thread 3 ] DEBUG Engine               - urlPOM: https://raw.githubusercontent.com/AlmasB/FXGL/release/README.md
09:03:04.996 [FXGL Background Thread 3 ] DEBUG Engine               - userAppClass: class com.almasb.fxglgames.platformer.PlatformerApp
09:03:04.996 [FXGL Background Thread 3 ] DEBUG Engine               - version: 0.0
09:03:04.996 [FXGL Background Thread 3 ] DEBUG Engine               - versionCheckDays: 7
09:03:04.996 [FXGL Background Thread 3 ] DEBUG Engine               - width: 1400
09:03:04.996 [FXGL Background Thread 3 ] DEBUG Engine               - Logging services
09:03:04.996 [FXGL Background Thread 3 ] DEBUG Engine               - class com.almasb.fxgl.app.services.FXGLAssetLoaderService
09:03:04.997 [FXGL Background Thread 3 ] DEBUG Engine               - class com.almasb.fxgl.app.FXGLApplication$GameApplicationService
09:03:04.997 [FXGL Background Thread 3 ] DEBUG Engine               - class com.almasb.fxgl.app.services.FXGLDialogService
09:03:04.997 [FXGL Background Thread 3 ] DEBUG Engine               - class com.almasb.fxgl.app.services.IOTaskExecutorService
09:03:04.997 [FXGL Background Thread 3 ] DEBUG Engine               - class com.almasb.fxgl.io.FileSystemService
09:03:04.997 [FXGL Background Thread 3 ] DEBUG Engine               - class com.almasb.fxgl.localization.LocalizationService
09:03:04.997 [FXGL Background Thread 3 ] DEBUG Engine               - class com.almasb.fxgl.app.services.SystemBundleService
09:03:04.997 [FXGL Background Thread 3 ] DEBUG Engine               - class com.almasb.fxgl.profile.SaveLoadService
09:03:04.997 [FXGL Background Thread 3 ] DEBUG Engine               - class com.almasb.fxgl.ui.FXGLUIFactoryServiceProvider
09:03:04.997 [FXGL Background Thread 3 ] DEBUG Engine               - class com.almasb.fxgl.ui.FXGLDialogFactoryServiceProvider
09:03:04.997 [FXGL Background Thread 3 ] DEBUG Engine               - class com.almasb.fxgl.audio.AudioPlayer
09:03:04.998 [FXGL Background Thread 3 ] DEBUG Engine               - class com.almasb.fxgl.notification.impl.NotificationServiceProvider
09:03:04.998 [FXGL Background Thread 3 ] DEBUG Engine               - class com.almasb.fxgl.achievement.AchievementService
09:03:04.998 [FXGL Background Thread 3 ] DEBUG Engine               - class com.almasb.fxgl.cutscene.CutsceneService
09:03:04.998 [FXGL Background Thread 3 ] DEBUG Engine               - class com.almasb.fxgl.minigames.MiniGameService
09:03:04.998 [FXGL Background Thread 3 ] DEBUG Engine               - class com.almasb.fxgl.net.NetService
09:03:04.998 [FXGL Background Thread 3 ] DEBUG Engine               - class com.almasb.fxgl.app.services.UpdaterService
09:03:04.998 [FXGL Background Thread 3 ] DEBUG Engine               - class com.almasb.fxgl.dev.DevService
09:03:07.519 [JavaFX Application Thread] WARN  TMXLevelLoader       - TiledMap generated from 1.10.0. Supported version: 1.4.2. Some features may not be parsed fully.
09:03:07.524 [JavaFX Application Thread] DEBUG TMXLevelLoader       - Parsed TiledMap: file:/C:/ipose-groep-4/target/classes/assets/levels/tmx/level1.tmx
09:03:07.524 [JavaFX Application Thread] DEBUG TMXLevelLoader       - Creating tile layer entities
09:03:07.525 [JavaFX Application Thread] DEBUG TilesetLoader        - Loading view for layer Tile Layer 1
09:03:07.533 [JavaFX Application Thread] DEBUG TilesetLoader        - Created buffer with size 2100.0x700.0
09:03:07.560 [JavaFX Application Thread] DEBUG TMXLevelLoader       - Creating object layer entities
09:03:07.572 [JavaFX Application Thread] DEBUG GameWorld            - Clearing removable entities
09:03:07.576 [JavaFX Application Thread] DEBUG GameWorld            - Setting level: com.almasb.fxgl.entity.level.Level@4275d34b
09:03:23.222 [JavaFX Application Thread] DEBUG Input                - Registered new binding: Close Level End Screen - LMB
09:03:23.222 [JavaFX Application Thread] DEBUG PrimaryStageWindow   - Push state: LevelEndScene
09:03:23.222 [JavaFX Application Thread] DEBUG Input                - Clearing active input actions
09:03:23.223 [JavaFX Application Thread] DEBUG GameApplicationServi - Removing overlay from GameScene and adding to LevelEndScene
09:03:23.224 [JavaFX Application Thread] DEBUG PrimaryStageWindow   - GameScene -> LevelEndScene
09:03:24.537 [JavaFX Application Thread] DEBUG PrimaryStageWindow   - Pop state: LevelEndScene
09:03:24.537 [JavaFX Application Thread] DEBUG Input                - Clearing active input actions
09:03:24.538 [JavaFX Application Thread] DEBUG GameApplicationServi - Removing overlay from LevelEndScene and adding to GameScene
09:03:24.539 [JavaFX Application Thread] DEBUG PrimaryStageWindow   - GameScene <- LevelEndScene
09:03:25.520 [JavaFX Application Thread] WARN  TMXLevelLoader       - TiledMap generated from 1.2.3. Supported version: 1.4.2. Some features may not be parsed fully.
09:03:25.523 [JavaFX Application Thread] DEBUG TMXLevelLoader       - Parsed TiledMap: file:/C:/ipose-groep-4/target/classes/assets/levels/tmx/level2.tmx
09:03:25.524 [JavaFX Application Thread] DEBUG TMXLevelLoader       - Creating tile layer entities
09:03:25.524 [JavaFX Application Thread] DEBUG TilesetLoader        - Loading view for layer Tile Layer 1
09:03:25.525 [JavaFX Application Thread] DEBUG TilesetLoader        - Created buffer with size 1050.0x700.0
09:03:25.546 [JavaFX Application Thread] DEBUG TMXLevelLoader       - Creating object layer entities
09:03:25.551 [JavaFX Application Thread] DEBUG GameWorld            - Clearing removable entities
09:03:25.554 [JavaFX Application Thread] DEBUG GameWorld            - Setting level: com.almasb.fxgl.entity.level.Level@2415d3a1
09:03:31.007 [JavaFX Application Thread] WARN  TMXLevelLoader       - TiledMap generated from 1.2.3. Supported version: 1.4.2. Some features may not be parsed fully.
09:03:31.010 [JavaFX Application Thread] DEBUG TMXLevelLoader       - Parsed TiledMap: file:/C:/ipose-groep-4/target/classes/assets/levels/tmx/level2.tmx
09:03:31.010 [JavaFX Application Thread] DEBUG TMXLevelLoader       - Creating tile layer entities
09:03:31.011 [JavaFX Application Thread] DEBUG TilesetLoader        - Loading view for layer Tile Layer 1
09:03:31.012 [JavaFX Application Thread] DEBUG TilesetLoader        - Created buffer with size 1050.0x700.0
09:03:31.035 [JavaFX Application Thread] DEBUG TMXLevelLoader       - Creating object layer entities
09:03:31.040 [JavaFX Application Thread] DEBUG GameWorld            - Clearing removable entities
09:03:31.042 [JavaFX Application Thread] DEBUG GameWorld            - Setting level: com.almasb.fxgl.entity.level.Level@66f8c534
09:03:45.886 [JavaFX Application Thread] WARN  TMXLevelLoader       - TiledMap generated from 1.2.3. Supported version: 1.4.2. Some features may not be parsed fully.
09:03:45.889 [JavaFX Application Thread] DEBUG TMXLevelLoader       - Parsed TiledMap: file:/C:/ipose-groep-4/target/classes/assets/levels/tmx/level2.tmx
09:03:45.889 [JavaFX Application Thread] DEBUG TMXLevelLoader       - Creating tile layer entities
09:03:45.889 [JavaFX Application Thread] DEBUG TilesetLoader        - Loading view for layer Tile Layer 1
09:03:45.895 [JavaFX Application Thread] DEBUG TilesetLoader        - Created buffer with size 1050.0x700.0
09:03:45.920 [JavaFX Application Thread] DEBUG TMXLevelLoader       - Creating object layer entities
09:03:45.923 [JavaFX Application Thread] DEBUG GameWorld            - Clearing removable entities
09:03:45.925 [JavaFX Application Thread] DEBUG GameWorld            - Setting level: com.almasb.fxgl.entity.level.Level@591177ae
09:03:46.875 [JavaFX Application Thread] DEBUG FXGLApplication      - Exiting FXGL
09:03:46.875 [JavaFX Application Thread] DEBUG LoopRunner           - Stopping loop
09:03:46.875 [JavaFX Application Thread] DEBUG SystemBundleService  - Saving FXGL system data
09:03:46.878 [JavaFX Application Thread] DEBUG FileSystemAccess     - Writing to: C:\ipose-groep-4\system\fxgl.bundle
09:03:46.882 [JavaFX Application Thread] DEBUG Async                - Shutting down background threads
09:03:46.883 [JavaFX Application Thread] DEBUG PrimaryStageWindow   - Closing main window
09:03:46.908 [JavaFX Application Thread] DEBUG Logger               - Closing Logger
