18:27:51.782 [main                     ] DEBUG Logger               - Configured Logger
18:27:51.820 [main                     ] DEBUG GameApplication      - Logging settings
Title: Miguel
Version: 1.0
Width: 1280
Height: 720
Fullscreen: false
Intro: false
Profiling: false
Single step:false
App Mode: DEVELOPER
Menu Key: ESCAPE
Stage Style: DECORATED
Scene Factory: class com.almasb.fxglgames.platformer.PlatformerApp$1

18:27:52.661 [JavaFX Application Thread] DEBUG FXGLApplication      - Initializing FXGL
18:27:52.668 [JavaFX Application Thread] INFO  Engine               - FXGL-17.1 (24.03.2022 17.34) on WINDOWS (J:19.0.1 FX:19-ea)
18:27:52.668 [JavaFX Application Thread] DEBUG Engine               - JRE Vendor Name: Oracle Corporation
18:27:52.669 [JavaFX Application Thread] DEBUG Engine               - Running on OS: Windows 10 version 10.0
18:27:52.669 [JavaFX Application Thread] DEBUG Engine               - Architecture: amd64
18:27:52.669 [JavaFX Application Thread] INFO  Engine               - Source code and latest versions at: https://github.com/AlmasB/FXGL
18:27:52.669 [JavaFX Application Thread] INFO  Engine               -       Ask questions and discuss at: https://github.com/AlmasB/FXGL/discussions
18:27:52.670 [JavaFX Application Thread] INFO  Engine               -              Join the FXGL chat at: https://gitter.im/AlmasB/FXGL
18:27:52.799 [JavaFX Application Thread] DEBUG PrimaryStageWindow   - Creating a JavaFX scene
18:27:52.877 [JavaFX Application Thread] DEBUG PrimaryStageWindow   - Target settings size: 1280.0 x 720.0
18:27:52.877 [JavaFX Application Thread] DEBUG PrimaryStageWindow   - Scaled scene size:    1280.0 x 720.0
18:27:52.878 [JavaFX Application Thread] DEBUG PrimaryStageWindow   - Scaled ratio: (1.0, 1.0)
18:27:52.880 [JavaFX Application Thread] DEBUG PrimaryStageWindow   - Set initial scene to FXGLStartupScene
18:27:52.895 [JavaFX Application Thread] DEBUG PrimaryStageWindow   - Opening main window
18:27:53.086 [JavaFX Application Thread] DEBUG PrimaryStageWindow   - Window border size: (14.4000244140625, 37.5999755859375)
18:27:53.086 [JavaFX Application Thread] DEBUG PrimaryStageWindow   - Scaled size: 1280.0 x 720.0
18:27:53.087 [JavaFX Application Thread] DEBUG PrimaryStageWindow   - Scaled ratio: (1.0, 1.0)
18:27:53.088 [JavaFX Application Thread] DEBUG PrimaryStageWindow   - Scene size: 1280.0 x 720.0
18:27:53.088 [JavaFX Application Thread] DEBUG PrimaryStageWindow   - Stage size: 1294.4000244140625 x 757.5999755859375
18:27:53.108 [FXGL Background Thread 1 ] DEBUG Engine               - Initializing environment variables
18:27:53.206 [FXGL Background Thread 1 ] DEBUG FXGLAssetLoaderServi - User app class for loading assets: class com.almasb.fxglgames.platformer.PlatformerApp
18:27:53.207 [FXGL Background Thread 1 ] DEBUG GameApplicationServi - Applying CSS: fxgl_dark.css
18:27:53.208 [FXGL Background Thread 1 ] DEBUG FXGLAssetLoaderServi - Loading from file system: jar:file:///C:/Users/koenm/.m2/repository/com/github/almasb/fxgl/17.1/fxgl-17.1.jar!/fxglassets/ui/css/fxgl_dark.css
18:27:53.269 [FXGL Background Thread 1 ] DEBUG GameApplicationServi - Initializing application scenes
18:27:53.329 [FXGL Background Thread 1 ] DEBUG FXGLAssetLoaderServi - Loading from file system: file:/C:/Users/koenm/Documents/GitHub/ipose-groep-4/target/classes/assets/textures/player.png
18:27:53.361 [FXGL Background Thread 1 ] DEBUG GameWorld            - Game world initialized
18:27:53.442 [FXGL Background Thread 1 ] DEBUG PhysicsWorld         - Physics world initialized: appHeight=720, physics.ppm=50,0
18:27:53.442 [FXGL Background Thread 1 ] DEBUG PhysicsWorld         - Using strategy: BRUTE_FORCE
18:27:53.450 [FXGL Background Thread 1 ] DEBUG GameScene            - Game scene initialized: 1280x720
18:27:53.465 [FXGL Background Thread 1 ] DEBUG FXGL.DefaultMenu     - createMenuBodyGameMenu()
18:27:53.492 [FXGL Background Thread 1 ] DEBUG FXGL.DefaultMenu     - createOptionsMenu()
18:27:53.507 [FXGL Background Thread 1 ] DEBUG FXGLAssetLoaderServi - Loading from file system: jar:file:///C:/Users/koenm/.m2/repository/com/github/almasb/fxgl/17.1/fxgl-17.1.jar!/fxglassets/textures/particles/smoke.png
18:27:53.635 [FXGL Background Thread 1 ] DEBUG FXGLAssetLoaderServi - Loading from file system: jar:file:///C:/Users/koenm/.m2/repository/com/github/almasb/fxgl/17.1/fxgl-17.1.jar!/fxglassets/textures/particles/trace_horizontal.png
18:27:53.765 [FXGL Background Thread 1 ] DEBUG GameApplicationServi - Application scenes initialized
18:27:53.789 [FXGL Background Thread 1 ] DEBUG SystemBundleService  - Loading FXGL system data
18:27:53.796 [FXGL Background Thread 1 ] DEBUG FileSystemAccess     - Reading from: C:\Users\koenm\Documents\GitHub\ipose-groep-4\system\fxgl.bundle
18:27:53.819 [FXGL Background Thread 1 ] DEBUG SystemBundleService  - Bundle FXGL: {}
18:27:53.819 [FXGL Background Thread 1 ] DEBUG UpdaterService       - Checking for updates
18:27:53.828 [FXGL Background Thread 4 ] DEBUG FXGLApplication      - Loading fonts
18:27:53.828 [FXGL Background Thread 4 ] DEBUG FXGLAssetLoaderServi - Loading from file system: jar:file:///C:/Users/koenm/.m2/repository/com/github/almasb/fxgl/17.1/fxgl-17.1.jar!/fxglassets/ui/fonts/VarelaRound-Regular.ttf
18:27:53.828 [FXGL Background Thread 1 ] DEBUG FXGLApplication      - Loading default localization
18:27:53.829 [FXGL Background Thread 1 ] DEBUG FXGLAssetLoaderServi - Loading from file system: jar:file:///C:/Users/koenm/.m2/repository/com/github/almasb/fxgl/17.1/fxgl-17.1.jar!/fxglassets/languages/english.lang
18:27:53.864 [FXGL Background Thread 1 ] INFO  FXGLApplication      - FXGL initialization took: 0,756 sec
18:27:53.881 [JavaFX Application Thread] DEBUG Input                - Registered new binding: Left - A
18:27:53.881 [JavaFX Application Thread] DEBUG Input                - Registered new binding: Right - D
18:27:53.881 [JavaFX Application Thread] DEBUG Input                - Registered new binding: Jump - W
18:27:53.882 [JavaFX Application Thread] DEBUG Input                - Registered new binding: Use - E
18:27:53.883 [JavaFX Application Thread] DEBUG FXGLAssetLoaderServi - Loading from file system: file:/C:/Users/koenm/Documents/GitHub/ipose-groep-4/target/classes/assets/music/BGM_dash_runner.wav
18:27:54.084 [FXGL Background Thread 4 ] DEBUG FXGLAssetLoaderServi - Loading from file system: jar:file:///C:/Users/koenm/.m2/repository/com/github/almasb/fxgl/17.1/fxgl-17.1.jar!/fxglassets/ui/fonts/Abel-Regular.ttf
18:27:54.090 [FXGL Background Thread 4 ] DEBUG FXGLAssetLoaderServi - Loading from file system: jar:file:///C:/Users/koenm/.m2/repository/com/github/almasb/fxgl/17.1/fxgl-17.1.jar!/fxglassets/ui/fonts/TerminalLandMono-Regular.otf
18:27:54.095 [FXGL Background Thread 4 ] DEBUG FXGLAssetLoaderServi - Loading from file system: jar:file:///C:/Users/koenm/.m2/repository/com/github/almasb/fxgl/17.1/fxgl-17.1.jar!/fxglassets/ui/fonts/Courier-Prime.ttf
18:27:54.135 [JavaFX Application Thread] DEBUG AudioPlayer          - Playing music com.almasb.fxgl.audio.Music@6c0007ab
18:27:54.136 [JavaFX Application Thread] DEBUG FXGLAssetLoaderServi - Loading from file system: jar:file:///C:/Users/koenm/.m2/repository/com/github/almasb/fxgl/17.1/fxgl-17.1.jar!/fxglassets/textures/fxgl_icon.png
18:27:54.198 [JavaFX Application Thread] DEBUG FXGLAssetLoaderServi - Loading from file system: jar:file:///C:/Users/koenm/.m2/repository/com/github/almasb/fxgl/17.1/fxgl-17.1.jar!/fxglassets/textures/fxgl_default_cursor.png
18:27:54.203 [JavaFX Application Thread] DEBUG Input                - Registered new binding: Screenshot - CTRL+8
18:27:54.204 [JavaFX Application Thread] DEBUG Input                - Registered new binding: System info dump - CTRL+9
18:27:54.204 [JavaFX Application Thread] DEBUG Input                - Registered new binding: Restart - CTRL+R
18:27:54.209 [JavaFX Application Thread] DEBUG Input                - Registered new binding: Toggle Debug Camera - CTRL+7
18:27:54.211 [JavaFX Application Thread] DEBUG LoopRunner           - Starting loop
18:27:54.211 [JavaFX Application Thread] DEBUG LoopRunner           - Initializing JavaFX AnimationTimerLoop
18:27:54.213 [JavaFX Application Thread] DEBUG GameApplicationServi - Starting new game
18:27:54.213 [JavaFX Application Thread] DEBUG Input                - Clearing active input actions
18:27:54.237 [JavaFX Application Thread] DEBUG GameApplicationServi - Removing overlay from FXGLStartupScene and adding to MainLoadingScene
18:27:54.239 [JavaFX Application Thread] DEBUG PrimaryStageWindow   - FXGLStartupScene -> MainLoadingScene
18:27:54.239 [JavaFX Application Thread] DEBUG GameApplicationServi - Clearing previous game
18:27:54.239 [JavaFX Application Thread] DEBUG GameScene            - Clearing game scene
18:27:54.239 [JavaFX Application Thread] DEBUG GameWorld            - Clearing game world
18:27:54.239 [JavaFX Application Thread] DEBUG PhysicsWorld         - Clearing physics world
18:27:54.241 [FXGL Background Thread 4 ] DEBUG FXGLApplication      - Initializing game
18:27:54.241 [JavaFX Application Thread] DEBUG FXGLApplication      - Registering font factories with UI factory
18:27:54.295 [FXGL Background Thread 4 ] WARN  TMXLevelLoader       - TiledMap generated from 1.10.1. Supported version: 1.4.2. Some features may not be parsed fully.
18:27:54.317 [FXGL Background Thread 4 ] DEBUG TMXLevelLoader       - Parsed TiledMap: file:/C:/Users/koenm/Documents/GitHub/ipose-groep-4/target/classes/assets/levels/tmx/level3.tmx
18:27:54.318 [FXGL Background Thread 4 ] DEBUG TMXLevelLoader       - Creating tile layer entities
18:27:54.321 [FXGL Background Thread 4 ] DEBUG TilesetLoader        - Loading view for layer Tile Layer 1
18:27:54.329 [FXGL Background Thread 4 ] DEBUG TilesetLoader        - Created buffer with size 4900.0x700.0
18:27:54.367 [FXGL Background Thread 4 ] DEBUG TMXLevelLoader       - Creating object layer entities
18:27:54.411 [FXGL Background Thread 4 ] DEBUG GameWorld            - Clearing removable entities
18:27:54.411 [FXGL Background Thread 4 ] DEBUG GameWorld            - Setting level: com.almasb.fxgl.entity.level.Level@53240579
18:27:54.444 [FXGL Background Thread 4 ] DEBUG FXGLAssetLoaderServi - Loading from file system: file:/C:/Users/koenm/Documents/GitHub/ipose-groep-4/target/classes/assets/textures/trump.png
18:27:54.451 [FXGL Background Thread 4 ] DEBUG FXGLAssetLoaderServi - Loading from file system: file:/C:/Users/koenm/Documents/GitHub/ipose-groep-4/target/classes/assets/textures/background/forest.png
18:27:54.477 [FXGL Background Thread 4 ] INFO  FXGLApplication      - Game initialization took: 0,236 sec
18:27:54.478 [JavaFX Application Thread] DEBUG Input                - Clearing active input actions
18:27:54.491 [JavaFX Application Thread] DEBUG GameApplicationServi - Removing overlay from MainLoadingScene and adding to GameScene
18:27:54.491 [JavaFX Application Thread] DEBUG PrimaryStageWindow   - MainLoadingScene -> GameScene
18:27:54.685 [FXGL Background Thread 2 ] INFO  UpdaterService       - Your current version:  17.1
18:27:54.686 [FXGL Background Thread 2 ] INFO  UpdaterService       - Latest stable version: 17.3
18:27:56.826 [FXGL Background Thread 3 ] DEBUG Engine               - Logging environment variables
18:27:56.827 [FXGL Background Thread 3 ] DEBUG Engine               - achievements: []
18:27:56.827 [FXGL Background Thread 3 ] DEBUG Engine               - actualHeight: 720.0
18:27:56.828 [FXGL Background Thread 3 ] DEBUG Engine               - actualHeightProperty: ReadOnlyDoubleProperty [value: 720.0]
18:27:56.828 [FXGL Background Thread 3 ] DEBUG Engine               - actualWidth: 1280.0
18:27:56.828 [FXGL Background Thread 3 ] DEBUG Engine               - actualWidthProperty: ReadOnlyDoubleProperty [value: 1280.0]
18:27:56.828 [FXGL Background Thread 3 ] DEBUG Engine               - appIcon: fxgl_icon.png
18:27:56.828 [FXGL Background Thread 3 ] DEBUG Engine               - applicationMode: DEVELOPER
18:27:56.829 [FXGL Background Thread 3 ] DEBUG Engine               - cSSList: [fxgl_dark.css]
18:27:56.829 [FXGL Background Thread 3 ] DEBUG Engine               - collisionDetectionStrategy: BRUTE_FORCE
18:27:56.829 [FXGL Background Thread 3 ] DEBUG Engine               - configClass: Optional.empty
18:27:56.829 [FXGL Background Thread 3 ] DEBUG Engine               - credits: []
18:27:56.830 [FXGL Background Thread 3 ] DEBUG Engine               - defaultCursor: CursorInfo(imageName=fxgl_default_cursor.png, hotspotX=7.0, hotspotY=6.0)
18:27:56.830 [FXGL Background Thread 3 ] DEBUG Engine               - devBBoxColorProperty: ObjectProperty [value: 0xff0000ff]
18:27:56.831 [FXGL Background Thread 3 ] DEBUG Engine               - devEnableDebugCameraProperty: BooleanProperty [value: false]
18:27:56.831 [FXGL Background Thread 3 ] DEBUG Engine               - devSensorColorProperty: ObjectProperty [value: 0xffff00ff]
18:27:56.831 [FXGL Background Thread 3 ] DEBUG Engine               - devShowBBoxProperty: BooleanProperty [value: false]
18:27:56.831 [FXGL Background Thread 3 ] DEBUG Engine               - devShowPositionProperty: BooleanProperty [value: false]
18:27:56.832 [FXGL Background Thread 3 ] DEBUG Engine               - enabledMenuItems: []
18:27:56.832 [FXGL Background Thread 3 ] DEBUG Engine               - engineServices: [class com.almasb.fxgl.app.services.FXGLAssetLoaderService, class com.almasb.fxgl.app.FXGLApplication$GameApplicationService, class com.almasb.fxgl.app.services.FXGLDialogService, class com.almasb.fxgl.app.services.IOTaskExecutorService, class com.almasb.fxgl.io.FileSystemService, class com.almasb.fxgl.localization.LocalizationService, class com.almasb.fxgl.app.services.SystemBundleService, class com.almasb.fxgl.profile.SaveLoadService, class com.almasb.fxgl.ui.FXGLUIFactoryServiceProvider, class com.almasb.fxgl.ui.FXGLDialogFactoryServiceProvider, class com.almasb.fxgl.audio.AudioPlayer, class com.almasb.fxgl.notification.impl.NotificationServiceProvider, class com.almasb.fxgl.achievement.AchievementService, class com.almasb.fxgl.cutscene.CutsceneService, class com.almasb.fxgl.minigames.MiniGameService, class com.almasb.fxgl.net.NetService, class com.almasb.fxgl.app.services.UpdaterService, class com.almasb.fxgl.dev.DevService]
18:27:56.832 [FXGL Background Thread 3 ] DEBUG Engine               - fontGame: Abel-Regular.ttf
18:27:56.833 [FXGL Background Thread 3 ] DEBUG Engine               - fontMono: TerminalLandMono-Regular.otf
18:27:56.833 [FXGL Background Thread 3 ] DEBUG Engine               - fontText: Courier-Prime.ttf
18:27:56.833 [FXGL Background Thread 3 ] DEBUG Engine               - fontUI: VarelaRound-Regular.ttf
18:27:56.833 [FXGL Background Thread 3 ] DEBUG Engine               - fullScreen: BooleanProperty [value: false]
18:27:56.833 [FXGL Background Thread 3 ] DEBUG Engine               - gameDifficulty: MEDIUM
18:27:56.833 [FXGL Background Thread 3 ] DEBUG Engine               - gameDifficultyProperty: ObjectProperty [value: MEDIUM]
18:27:56.834 [FXGL Background Thread 3 ] DEBUG Engine               - globalMusicVolume: 0.5
18:27:56.834 [FXGL Background Thread 3 ] DEBUG Engine               - globalMusicVolumeProperty: DoubleProperty [value: 0.25]
18:27:56.834 [FXGL Background Thread 3 ] DEBUG Engine               - globalSoundVolume: 0.5
18:27:56.834 [FXGL Background Thread 3 ] DEBUG Engine               - globalSoundVolumeProperty: DoubleProperty [value: 0.5]
18:27:56.834 [FXGL Background Thread 3 ] DEBUG Engine               - height: 720
18:27:56.836 [FXGL Background Thread 3 ] DEBUG Engine               - is3D: false
18:27:56.836 [FXGL Background Thread 3 ] DEBUG Engine               - isAndroid: false
18:27:56.836 [FXGL Background Thread 3 ] DEBUG Engine               - isBrowser: false
18:27:56.836 [FXGL Background Thread 3 ] DEBUG Engine               - isClickFeedbackEnabled: false
18:27:56.836 [FXGL Background Thread 3 ] DEBUG Engine               - isCloseConfirmation: false
18:27:56.836 [FXGL Background Thread 3 ] DEBUG Engine               - isDesktop: true
18:27:56.836 [FXGL Background Thread 3 ] DEBUG Engine               - isDeveloperMenuEnabled: false
18:27:56.836 [FXGL Background Thread 3 ] DEBUG Engine               - isEmbedded: false
18:27:56.838 [FXGL Background Thread 3 ] DEBUG Engine               - isEntityPreloadEnabled: true
18:27:56.838 [FXGL Background Thread 3 ] DEBUG Engine               - isExperimentalTiledLargeMap: false
18:27:56.838 [FXGL Background Thread 3 ] DEBUG Engine               - isFileSystemWriteAllowed: true
18:27:56.838 [FXGL Background Thread 3 ] DEBUG Engine               - isFullScreenAllowed: false
18:27:56.838 [FXGL Background Thread 3 ] DEBUG Engine               - isFullScreenFromStart: false
18:27:56.838 [FXGL Background Thread 3 ] DEBUG Engine               - isGameMenuEnabled: true
18:27:56.839 [FXGL Background Thread 3 ] DEBUG Engine               - isIOS: false
18:27:56.839 [FXGL Background Thread 3 ] DEBUG Engine               - isIntroEnabled: false
18:27:56.839 [FXGL Background Thread 3 ] DEBUG Engine               - isLinux: false
18:27:56.839 [FXGL Background Thread 3 ] DEBUG Engine               - isMac: false
18:27:56.839 [FXGL Background Thread 3 ] DEBUG Engine               - isMainMenuEnabled: false
18:27:56.839 [FXGL Background Thread 3 ] DEBUG Engine               - isManualResizeEnabled: false
18:27:56.840 [FXGL Background Thread 3 ] DEBUG Engine               - isMobile: false
18:27:56.840 [FXGL Background Thread 3 ] DEBUG Engine               - isNative: false
18:27:56.841 [FXGL Background Thread 3 ] DEBUG Engine               - isPauseMusicWhenMinimized: true
18:27:56.841 [FXGL Background Thread 3 ] DEBUG Engine               - isPreserveResizeRatio: false
18:27:56.841 [FXGL Background Thread 3 ] DEBUG Engine               - isProfilingEnabled: false
18:27:56.841 [FXGL Background Thread 3 ] DEBUG Engine               - isScaleAffectedOnResize: true
18:27:56.841 [FXGL Background Thread 3 ] DEBUG Engine               - isSingleStep: false
18:27:56.841 [FXGL Background Thread 3 ] DEBUG Engine               - isUserProfileEnabled: false
18:27:56.841 [FXGL Background Thread 3 ] DEBUG Engine               - isWindows: true
18:27:56.841 [FXGL Background Thread 3 ] DEBUG Engine               - language: ObjectProperty [value: ENGLISH]
18:27:56.842 [FXGL Background Thread 3 ] DEBUG Engine               - menuKey: ESCAPE
18:27:56.843 [FXGL Background Thread 3 ] DEBUG Engine               - mouseSensitivity: 0.2
18:27:56.843 [FXGL Background Thread 3 ] DEBUG Engine               - notificationViewClass: class com.almasb.fxgl.notification.view.XboxNotificationView
18:27:56.843 [FXGL Background Thread 3 ] DEBUG Engine               - pixelsPerMeter: 50.0
18:27:56.843 [FXGL Background Thread 3 ] DEBUG Engine               - platform: WINDOWS
18:27:56.843 [FXGL Background Thread 3 ] DEBUG Engine               - prefHeightProperty: ReadOnlyDoubleProperty [value: 720.0]
18:27:56.843 [FXGL Background Thread 3 ] DEBUG Engine               - prefWidthProperty: ReadOnlyDoubleProperty [value: 1280.0]
18:27:56.843 [FXGL Background Thread 3 ] DEBUG Engine               - profileDir: profiles/
18:27:56.843 [FXGL Background Thread 3 ] DEBUG Engine               - profileName: StringProperty [value: DEFAULT]
18:27:56.844 [FXGL Background Thread 3 ] DEBUG Engine               - randomSeed: -1
18:27:56.845 [FXGL Background Thread 3 ] DEBUG Engine               - runtimeInfo: RuntimeInfo(platform=WINDOWS, version=17.1, build=24.03.2022 17.34)
18:27:56.845 [FXGL Background Thread 3 ] DEBUG Engine               - saveFileExt: sav
18:27:56.845 [FXGL Background Thread 3 ] DEBUG Engine               - scaledHeightProp$fxgl: DoubleProperty [bound, value: 720.0]
18:27:56.845 [FXGL Background Thread 3 ] DEBUG Engine               - scaledWidthProp$fxgl: DoubleProperty [bound, value: 1280.0]
18:27:56.845 [FXGL Background Thread 3 ] DEBUG Engine               - sceneFactory: com.almasb.fxglgames.platformer.PlatformerApp$1@b586616
18:27:56.845 [FXGL Background Thread 3 ] DEBUG Engine               - secondsIn24h: 60
18:27:56.846 [FXGL Background Thread 3 ] DEBUG Engine               - soundMenuBack: menu/back.wav
18:27:56.847 [FXGL Background Thread 3 ] DEBUG Engine               - soundMenuPress: menu/press.wav
18:27:56.847 [FXGL Background Thread 3 ] DEBUG Engine               - soundMenuSelect: menu/select.wav
18:27:56.847 [FXGL Background Thread 3 ] DEBUG Engine               - soundNotification: core/notification.wav
18:27:56.847 [FXGL Background Thread 3 ] DEBUG Engine               - stageStyle: DECORATED
18:27:56.847 [FXGL Background Thread 3 ] DEBUG Engine               - supportedLanguages: [ENGLISH, FRENCH, GERMAN, HUNGARIAN, RUSSIAN]
18:27:56.847 [FXGL Background Thread 3 ] DEBUG Engine               - ticksPerSecond: -1
18:27:56.847 [FXGL Background Thread 3 ] DEBUG Engine               - title: Miguel
18:27:56.847 [FXGL Background Thread 3 ] DEBUG Engine               - urlGithub: https://github.com/AlmasB/FXGL
18:27:56.848 [FXGL Background Thread 3 ] DEBUG Engine               - urlLeaderboard: http://fxgl-top.herokuapp.com/
18:27:56.848 [FXGL Background Thread 3 ] DEBUG Engine               - urlPOM: https://raw.githubusercontent.com/AlmasB/FXGL/release/README.md
18:27:56.848 [FXGL Background Thread 3 ] DEBUG Engine               - userAppClass: class com.almasb.fxglgames.platformer.PlatformerApp
18:27:56.848 [FXGL Background Thread 3 ] DEBUG Engine               - version: 1.0
18:27:56.848 [FXGL Background Thread 3 ] DEBUG Engine               - versionCheckDays: 7
18:27:56.848 [FXGL Background Thread 3 ] DEBUG Engine               - width: 1280
18:27:56.848 [FXGL Background Thread 3 ] DEBUG Engine               - Logging services
18:27:56.848 [FXGL Background Thread 3 ] DEBUG Engine               - class com.almasb.fxgl.app.services.FXGLAssetLoaderService
18:27:56.848 [FXGL Background Thread 3 ] DEBUG Engine               - class com.almasb.fxgl.app.FXGLApplication$GameApplicationService
18:27:56.848 [FXGL Background Thread 3 ] DEBUG Engine               - class com.almasb.fxgl.app.services.FXGLDialogService
18:27:56.848 [FXGL Background Thread 3 ] DEBUG Engine               - class com.almasb.fxgl.app.services.IOTaskExecutorService
18:27:56.849 [FXGL Background Thread 3 ] DEBUG Engine               - class com.almasb.fxgl.io.FileSystemService
18:27:56.849 [FXGL Background Thread 3 ] DEBUG Engine               - class com.almasb.fxgl.localization.LocalizationService
18:27:56.849 [FXGL Background Thread 3 ] DEBUG Engine               - class com.almasb.fxgl.app.services.SystemBundleService
18:27:56.849 [FXGL Background Thread 3 ] DEBUG Engine               - class com.almasb.fxgl.profile.SaveLoadService
18:27:56.849 [FXGL Background Thread 3 ] DEBUG Engine               - class com.almasb.fxgl.ui.FXGLUIFactoryServiceProvider
18:27:56.849 [FXGL Background Thread 3 ] DEBUG Engine               - class com.almasb.fxgl.ui.FXGLDialogFactoryServiceProvider
18:27:56.850 [FXGL Background Thread 3 ] DEBUG Engine               - class com.almasb.fxgl.audio.AudioPlayer
18:27:56.850 [FXGL Background Thread 3 ] DEBUG Engine               - class com.almasb.fxgl.notification.impl.NotificationServiceProvider
18:27:56.850 [FXGL Background Thread 3 ] DEBUG Engine               - class com.almasb.fxgl.achievement.AchievementService
18:27:56.850 [FXGL Background Thread 3 ] DEBUG Engine               - class com.almasb.fxgl.cutscene.CutsceneService
18:27:56.850 [FXGL Background Thread 3 ] DEBUG Engine               - class com.almasb.fxgl.minigames.MiniGameService
18:27:56.850 [FXGL Background Thread 3 ] DEBUG Engine               - class com.almasb.fxgl.net.NetService
18:27:56.850 [FXGL Background Thread 3 ] DEBUG Engine               - class com.almasb.fxgl.app.services.UpdaterService
18:27:56.850 [FXGL Background Thread 3 ] DEBUG Engine               - class com.almasb.fxgl.dev.DevService
18:28:21.806 [JavaFX Application Thread] DEBUG PrimaryStageWindow   - Push state: FXGLDefaultMenu
18:28:21.810 [JavaFX Application Thread] DEBUG Input                - Clearing active input actions
18:28:21.825 [JavaFX Application Thread] DEBUG GameApplicationServi - Removing overlay from GameScene and adding to FXGLDefaultMenu
18:28:21.826 [JavaFX Application Thread] DEBUG PrimaryStageWindow   - GameScene -> FXGLDefaultMenu
18:28:28.402 [JavaFX Application Thread] DEBUG PrimaryStageWindow   - Pop state: FXGLDefaultMenu
18:28:28.402 [JavaFX Application Thread] DEBUG Input                - Clearing active input actions
18:28:28.404 [JavaFX Application Thread] DEBUG GameApplicationServi - Removing overlay from FXGLDefaultMenu and adding to GameScene
18:28:28.405 [JavaFX Application Thread] DEBUG PrimaryStageWindow   - GameScene <- FXGLDefaultMenu
18:28:31.783 [JavaFX Application Thread] DEBUG PrimaryStageWindow   - Push state: DialogSubScene
18:28:31.783 [JavaFX Application Thread] DEBUG Input                - Clearing active input actions
18:28:31.784 [JavaFX Application Thread] DEBUG GameApplicationServi - Removing overlay from GameScene and adding to DialogSubScene
18:28:31.785 [JavaFX Application Thread] DEBUG PrimaryStageWindow   - GameScene -> DialogSubScene
18:28:41.293 [JavaFX Application Thread] DEBUG PrimaryStageWindow   - Pop state: DialogSubScene
18:28:41.293 [JavaFX Application Thread] DEBUG Input                - Clearing active input actions
18:28:41.293 [JavaFX Application Thread] DEBUG GameApplicationServi - Removing overlay from DialogSubScene and adding to GameScene
18:28:41.293 [JavaFX Application Thread] DEBUG PrimaryStageWindow   - GameScene <- DialogSubScene
18:28:41.294 [JavaFX Application Thread] DEBUG GameApplicationServi - Starting new game
18:28:41.294 [JavaFX Application Thread] DEBUG Input                - Clearing active input actions
18:28:41.306 [JavaFX Application Thread] DEBUG GameApplicationServi - Removing overlay from GameScene and adding to MainLoadingScene
18:28:41.306 [JavaFX Application Thread] DEBUG PrimaryStageWindow   - GameScene -> MainLoadingScene
18:28:41.306 [JavaFX Application Thread] DEBUG GameApplicationServi - Clearing previous game
18:28:41.306 [JavaFX Application Thread] DEBUG GameScene            - Clearing game scene
18:28:41.306 [JavaFX Application Thread] DEBUG GameWorld            - Clearing game world
18:28:41.307 [JavaFX Application Thread] DEBUG PhysicsWorld         - Clearing physics world
18:28:41.308 [FXGL Background Thread 2 ] DEBUG FXGLApplication      - Initializing game
18:28:41.310 [FXGL Background Thread 2 ] WARN  TMXLevelLoader       - TiledMap generated from 1.10.1. Supported version: 1.4.2. Some features may not be parsed fully.
18:28:41.319 [FXGL Background Thread 2 ] DEBUG TMXLevelLoader       - Parsed TiledMap: file:/C:/Users/koenm/Documents/GitHub/ipose-groep-4/target/classes/assets/levels/tmx/level3.tmx
18:28:41.320 [FXGL Background Thread 2 ] DEBUG TMXLevelLoader       - Creating tile layer entities
18:28:41.320 [FXGL Background Thread 2 ] DEBUG TilesetLoader        - Loading view for layer Tile Layer 1
18:28:41.322 [FXGL Background Thread 2 ] DEBUG TilesetLoader        - Created buffer with size 4900.0x700.0
18:28:41.337 [FXGL Background Thread 2 ] DEBUG TMXLevelLoader       - Creating object layer entities
18:28:41.344 [FXGL Background Thread 2 ] DEBUG GameWorld            - Clearing removable entities
18:28:41.344 [FXGL Background Thread 2 ] DEBUG GameWorld            - Setting level: com.almasb.fxgl.entity.level.Level@36354951
18:28:41.351 [FXGL Background Thread 2 ] INFO  FXGLApplication      - Game initialization took: 0,043 sec
18:28:41.351 [JavaFX Application Thread] DEBUG Input                - Clearing active input actions
18:28:41.362 [JavaFX Application Thread] DEBUG GameApplicationServi - Removing overlay from MainLoadingScene and adding to GameScene
18:28:41.362 [JavaFX Application Thread] DEBUG PrimaryStageWindow   - MainLoadingScene -> GameScene
18:28:44.011 [JavaFX Application Thread] DEBUG FXGLApplication      - Exiting FXGL
18:28:44.011 [JavaFX Application Thread] DEBUG LoopRunner           - Stopping loop
18:28:44.012 [JavaFX Application Thread] DEBUG SystemBundleService  - Saving FXGL system data
18:28:44.014 [JavaFX Application Thread] DEBUG FileSystemAccess     - Writing to: C:\Users\koenm\Documents\GitHub\ipose-groep-4\system\fxgl.bundle
18:28:44.019 [JavaFX Application Thread] DEBUG Async                - Shutting down background threads
18:28:44.019 [JavaFX Application Thread] DEBUG PrimaryStageWindow   - Closing main window
18:28:44.037 [JavaFX Application Thread] DEBUG Logger               - Closing Logger
