15:24:44.974 [main                     ] DEBUG Logger               - Configured Logger
15:24:45.004 [main                     ] DEBUG GameApplication      - Logging settings
Title: Miguel
Version: 1.0
Width: 1280
Height: 720
Fullscreen: false
Intro: false
Profiling: false
Single step:false
App Mode: DEVELOPER
Menu Key: ESCAPE
Stage Style: DECORATED
Scene Factory: class com.almasb.fxglgames.platformer.PlatformerApp$1

15:24:45.491 [JavaFX Application Thread] DEBUG FXGLApplication      - Initializing FXGL
15:24:45.496 [JavaFX Application Thread] INFO  Engine               - FXGL-17.1 (24.03.2022 17.34) on WINDOWS (J:19.0.1 FX:19-ea)
15:24:45.496 [JavaFX Application Thread] DEBUG Engine               - JRE Vendor Name: Oracle Corporation
15:24:45.496 [JavaFX Application Thread] DEBUG Engine               - Running on OS: Windows 10 version 10.0
15:24:45.496 [JavaFX Application Thread] DEBUG Engine               - Architecture: amd64
15:24:45.496 [JavaFX Application Thread] INFO  Engine               - Source code and latest versions at: https://github.com/AlmasB/FXGL
15:24:45.497 [JavaFX Application Thread] INFO  Engine               -       Ask questions and discuss at: https://github.com/AlmasB/FXGL/discussions
15:24:45.497 [JavaFX Application Thread] INFO  Engine               -              Join the FXGL chat at: https://gitter.im/AlmasB/FXGL
15:24:45.576 [JavaFX Application Thread] DEBUG PrimaryStageWindow   - Creating a JavaFX scene
15:24:45.620 [JavaFX Application Thread] DEBUG PrimaryStageWindow   - Target settings size: 1280.0 x 720.0
15:24:45.620 [JavaFX Application Thread] DEBUG PrimaryStageWindow   - Scaled scene size:    1280.0 x 720.0
15:24:45.621 [JavaFX Application Thread] DEBUG PrimaryStageWindow   - Scaled ratio: (1.0, 1.0)
15:24:45.622 [JavaFX Application Thread] DEBUG PrimaryStageWindow   - Set initial scene to FXGLStartupScene
15:24:45.628 [JavaFX Application Thread] DEBUG PrimaryStageWindow   - Opening main window
15:24:45.721 [JavaFX Application Thread] DEBUG PrimaryStageWindow   - Window border size: (14.4000244140625, 37.5999755859375)
15:24:45.722 [JavaFX Application Thread] DEBUG PrimaryStageWindow   - Scaled size: 1280.0 x 720.0
15:24:45.722 [JavaFX Application Thread] DEBUG PrimaryStageWindow   - Scaled ratio: (1.0, 1.0)
15:24:45.722 [JavaFX Application Thread] DEBUG PrimaryStageWindow   - Scene size: 1280.0 x 720.0
15:24:45.722 [JavaFX Application Thread] DEBUG PrimaryStageWindow   - Stage size: 1294.4000244140625 x 757.5999755859375
15:24:45.732 [FXGL Background Thread 1 ] DEBUG Engine               - Initializing environment variables
15:24:45.786 [FXGL Background Thread 1 ] DEBUG FXGLAssetLoaderServi - User app class for loading assets: class com.almasb.fxglgames.platformer.PlatformerApp
15:24:45.786 [FXGL Background Thread 1 ] DEBUG GameApplicationServi - Applying CSS: fxgl_dark.css
15:24:45.787 [FXGL Background Thread 1 ] DEBUG FXGLAssetLoaderServi - Loading from file system: jar:file:///C:/Users/koenm/.m2/repository/com/github/almasb/fxgl/17.1/fxgl-17.1.jar!/fxglassets/ui/css/fxgl_dark.css
15:24:45.828 [FXGL Background Thread 1 ] DEBUG GameApplicationServi - Initializing application scenes
15:24:45.883 [FXGL Background Thread 1 ] DEBUG FXGLAssetLoaderServi - Loading from file system: file:/C:/Users/koenm/Documents/GitHub/ipose-groep-4/target/classes/assets/textures/player.png
15:24:45.903 [FXGL Background Thread 1 ] DEBUG GameWorld            - Game world initialized
15:24:45.960 [FXGL Background Thread 1 ] DEBUG PhysicsWorld         - Physics world initialized: appHeight=720, physics.ppm=50,0
15:24:45.961 [FXGL Background Thread 1 ] DEBUG PhysicsWorld         - Using strategy: BRUTE_FORCE
15:24:45.966 [FXGL Background Thread 1 ] DEBUG GameScene            - Game scene initialized: 1280x720
15:24:45.977 [FXGL Background Thread 1 ] DEBUG FXGL.DefaultMenu     - createMenuBodyMainMenu()
15:24:45.994 [FXGL Background Thread 1 ] DEBUG FXGL.DefaultMenu     - createOptionsMenu()
15:24:46.004 [FXGL Background Thread 1 ] DEBUG FXGLAssetLoaderServi - Loading from file system: jar:file:///C:/Users/koenm/.m2/repository/com/github/almasb/fxgl/17.1/fxgl-17.1.jar!/fxglassets/textures/particles/smoke.png
15:24:46.089 [FXGL Background Thread 1 ] DEBUG FXGLAssetLoaderServi - Loading from file system: jar:file:///C:/Users/koenm/.m2/repository/com/github/almasb/fxgl/17.1/fxgl-17.1.jar!/fxglassets/textures/particles/trace_horizontal.png
15:24:46.121 [FXGL Background Thread 1 ] DEBUG FXGL.DefaultMenu     - createMenuBodyGameMenu()
15:24:46.123 [FXGL Background Thread 1 ] DEBUG FXGL.DefaultMenu     - createOptionsMenu()
15:24:46.144 [FXGL Background Thread 1 ] DEBUG GameApplicationServi - Application scenes initialized
15:24:46.154 [FXGL Background Thread 1 ] DEBUG SystemBundleService  - Loading FXGL system data
15:24:46.158 [FXGL Background Thread 1 ] DEBUG FileSystemAccess     - Reading from: C:\Users\koenm\Documents\GitHub\ipose-groep-4\system\fxgl.bundle
15:24:46.168 [FXGL Background Thread 1 ] DEBUG SystemBundleService  - Bundle FXGL: {}
15:24:46.168 [FXGL Background Thread 1 ] DEBUG UpdaterService       - Checking for updates
15:24:46.173 [FXGL Background Thread 4 ] DEBUG FXGLApplication      - Loading fonts
15:24:46.173 [FXGL Background Thread 1 ] DEBUG FXGLApplication      - Loading default localization
15:24:46.174 [FXGL Background Thread 4 ] DEBUG FXGLAssetLoaderServi - Loading from file system: jar:file:///C:/Users/koenm/.m2/repository/com/github/almasb/fxgl/17.1/fxgl-17.1.jar!/fxglassets/ui/fonts/VarelaRound-Regular.ttf
15:24:46.175 [FXGL Background Thread 1 ] DEBUG FXGLAssetLoaderServi - Loading from file system: jar:file:///C:/Users/koenm/.m2/repository/com/github/almasb/fxgl/17.1/fxgl-17.1.jar!/fxglassets/languages/english.lang
15:24:46.205 [FXGL Background Thread 1 ] INFO  FXGLApplication      - FXGL initialization took: 0,472 sec
15:24:46.219 [JavaFX Application Thread] DEBUG Input                - Registered new binding: Left - A
15:24:46.220 [JavaFX Application Thread] DEBUG Input                - Registered new binding: Right - D
15:24:46.220 [JavaFX Application Thread] DEBUG Input                - Registered new binding: Jump - W
15:24:46.220 [JavaFX Application Thread] DEBUG Input                - Registered new binding: Use - E
15:24:46.221 [JavaFX Application Thread] DEBUG FXGLAssetLoaderServi - Loading from file system: file:/C:/Users/koenm/Documents/GitHub/ipose-groep-4/target/classes/assets/music/BGM_dash_runner.wav
15:24:46.270 [FXGL Background Thread 4 ] DEBUG FXGLAssetLoaderServi - Loading from file system: jar:file:///C:/Users/koenm/.m2/repository/com/github/almasb/fxgl/17.1/fxgl-17.1.jar!/fxglassets/ui/fonts/Abel-Regular.ttf
15:24:46.273 [FXGL Background Thread 4 ] DEBUG FXGLAssetLoaderServi - Loading from file system: jar:file:///C:/Users/koenm/.m2/repository/com/github/almasb/fxgl/17.1/fxgl-17.1.jar!/fxglassets/ui/fonts/TerminalLandMono-Regular.otf
15:24:46.277 [FXGL Background Thread 4 ] DEBUG FXGLAssetLoaderServi - Loading from file system: jar:file:///C:/Users/koenm/.m2/repository/com/github/almasb/fxgl/17.1/fxgl-17.1.jar!/fxglassets/ui/fonts/Courier-Prime.ttf
15:24:46.409 [JavaFX Application Thread] DEBUG AudioPlayer          - Playing music com.almasb.fxgl.audio.Music@77d3e231
15:24:46.410 [JavaFX Application Thread] DEBUG FXGLAssetLoaderServi - Loading from file system: jar:file:///C:/Users/koenm/.m2/repository/com/github/almasb/fxgl/17.1/fxgl-17.1.jar!/fxglassets/textures/fxgl_icon.png
15:24:46.436 [JavaFX Application Thread] DEBUG FXGLAssetLoaderServi - Loading from file system: jar:file:///C:/Users/koenm/.m2/repository/com/github/almasb/fxgl/17.1/fxgl-17.1.jar!/fxglassets/textures/fxgl_default_cursor.png
15:24:46.438 [JavaFX Application Thread] DEBUG Input                - Registered new binding: Screenshot - CTRL+8
15:24:46.438 [JavaFX Application Thread] DEBUG Input                - Registered new binding: System info dump - CTRL+9
15:24:46.439 [JavaFX Application Thread] DEBUG Input                - Registered new binding: Restart - CTRL+R
15:24:46.440 [JavaFX Application Thread] DEBUG Input                - Registered new binding: Toggle Debug Camera - CTRL+7
15:24:46.443 [JavaFX Application Thread] DEBUG LoopRunner           - Starting loop
15:24:46.443 [JavaFX Application Thread] DEBUG LoopRunner           - Initializing JavaFX AnimationTimerLoop
15:24:46.446 [JavaFX Application Thread] DEBUG Input                - Clearing active input actions
15:24:46.465 [JavaFX Application Thread] DEBUG GameApplicationServi - Removing overlay from FXGLStartupScene and adding to FXGLMainMenuDummyScene
15:24:46.466 [JavaFX Application Thread] DEBUG PrimaryStageWindow   - FXGLStartupScene -> FXGLMainMenuDummyScene
15:24:46.467 [JavaFX Application Thread] DEBUG PrimaryStageWindow   - Push state: FXGLDefaultMenu
15:24:46.472 [JavaFX Application Thread] DEBUG Input                - Clearing active input actions
15:24:46.483 [JavaFX Application Thread] DEBUG GameApplicationServi - Removing overlay from FXGLMainMenuDummyScene and adding to FXGLDefaultMenu
15:24:46.484 [JavaFX Application Thread] DEBUG PrimaryStageWindow   - FXGLMainMenuDummyScene -> FXGLDefaultMenu
15:24:46.484 [JavaFX Application Thread] DEBUG FXGLApplication      - Registering font factories with UI factory
15:24:46.670 [FXGL Background Thread 2 ] INFO  UpdaterService       - Your current version:  17.1
15:24:46.671 [FXGL Background Thread 2 ] INFO  UpdaterService       - Latest stable version: 17.3
15:24:47.995 [JavaFX Application Thread] DEBUG Menu                 - fireNewGame()
15:24:47.995 [JavaFX Application Thread] DEBUG GameApplicationServi - Starting new game
15:24:47.998 [JavaFX Application Thread] DEBUG PrimaryStageWindow   - Pop state: FXGLDefaultMenu
15:24:47.998 [JavaFX Application Thread] DEBUG Input                - Clearing active input actions
15:24:47.999 [JavaFX Application Thread] DEBUG GameApplicationServi - Removing overlay from FXGLDefaultMenu and adding to FXGLMainMenuDummyScene
15:24:47.999 [JavaFX Application Thread] DEBUG PrimaryStageWindow   - FXGLMainMenuDummyScene <- FXGLDefaultMenu
15:24:47.999 [JavaFX Application Thread] DEBUG Input                - Clearing active input actions
15:24:48.004 [JavaFX Application Thread] DEBUG GameApplicationServi - Removing overlay from FXGLMainMenuDummyScene and adding to MainLoadingScene
15:24:48.004 [JavaFX Application Thread] DEBUG PrimaryStageWindow   - FXGLMainMenuDummyScene -> MainLoadingScene
15:24:48.004 [JavaFX Application Thread] DEBUG GameApplicationServi - Clearing previous game
15:24:48.004 [JavaFX Application Thread] DEBUG GameScene            - Clearing game scene
15:24:48.005 [JavaFX Application Thread] DEBUG GameWorld            - Clearing game world
15:24:48.005 [JavaFX Application Thread] DEBUG PhysicsWorld         - Clearing physics world
15:24:48.006 [FXGL Background Thread 2 ] DEBUG FXGLApplication      - Initializing game
15:24:48.039 [FXGL Background Thread 2 ] WARN  TMXLevelLoader       - TiledMap generated from 1.10.0. Supported version: 1.4.2. Some features may not be parsed fully.
15:24:48.047 [FXGL Background Thread 2 ] DEBUG TMXLevelLoader       - Parsed TiledMap: file:/C:/Users/koenm/Documents/GitHub/ipose-groep-4/target/classes/assets/levels/tmx/level1.tmx
15:24:48.047 [FXGL Background Thread 2 ] DEBUG TMXLevelLoader       - Creating tile layer entities
15:24:48.048 [FXGL Background Thread 2 ] DEBUG TilesetLoader        - Loading view for layer Tile Layer 1
15:24:48.051 [FXGL Background Thread 2 ] DEBUG TilesetLoader        - Created buffer with size 4900.0x700.0
15:24:48.068 [FXGL Background Thread 2 ] DEBUG TMXLevelLoader       - Creating object layer entities
15:24:48.090 [FXGL Background Thread 2 ] DEBUG GameWorld            - Clearing removable entities
15:24:48.091 [FXGL Background Thread 2 ] DEBUG GameWorld            - Setting level: com.almasb.fxgl.entity.level.Level@2c6da53a
15:24:48.107 [FXGL Background Thread 2 ] DEBUG FXGLAssetLoaderServi - Loading from file system: file:/C:/Users/koenm/Documents/GitHub/ipose-groep-4/target/classes/assets/textures/trump.png
15:24:48.113 [FXGL Background Thread 2 ] DEBUG FXGLAssetLoaderServi - Loading from file system: file:/C:/Users/koenm/Documents/GitHub/ipose-groep-4/target/classes/assets/textures/background/forest.png
15:24:48.129 [FXGL Background Thread 2 ] INFO  FXGLApplication      - Game initialization took: 0,123 sec
15:24:48.129 [JavaFX Application Thread] DEBUG Input                - Clearing active input actions
15:24:48.133 [JavaFX Application Thread] DEBUG GameApplicationServi - Removing overlay from MainLoadingScene and adding to GameScene
15:24:48.133 [JavaFX Application Thread] DEBUG PrimaryStageWindow   - MainLoadingScene -> GameScene
15:24:49.172 [FXGL Background Thread 3 ] DEBUG Engine               - Logging environment variables
15:24:49.172 [FXGL Background Thread 3 ] DEBUG Engine               - achievements: []
15:24:49.172 [FXGL Background Thread 3 ] DEBUG Engine               - actualHeight: 720.0
15:24:49.172 [FXGL Background Thread 3 ] DEBUG Engine               - actualHeightProperty: ReadOnlyDoubleProperty [value: 720.0]
15:24:49.172 [FXGL Background Thread 3 ] DEBUG Engine               - actualWidth: 1280.0
15:24:49.172 [FXGL Background Thread 3 ] DEBUG Engine               - actualWidthProperty: ReadOnlyDoubleProperty [value: 1280.0]
15:24:49.172 [FXGL Background Thread 3 ] DEBUG Engine               - appIcon: fxgl_icon.png
15:24:49.172 [FXGL Background Thread 3 ] DEBUG Engine               - applicationMode: DEVELOPER
15:24:49.173 [FXGL Background Thread 3 ] DEBUG Engine               - cSSList: [fxgl_dark.css]
15:24:49.173 [FXGL Background Thread 3 ] DEBUG Engine               - collisionDetectionStrategy: BRUTE_FORCE
15:24:49.173 [FXGL Background Thread 3 ] DEBUG Engine               - configClass: Optional.empty
15:24:49.173 [FXGL Background Thread 3 ] DEBUG Engine               - credits: []
15:24:49.173 [FXGL Background Thread 3 ] DEBUG Engine               - defaultCursor: CursorInfo(imageName=fxgl_default_cursor.png, hotspotX=7.0, hotspotY=6.0)
15:24:49.173 [FXGL Background Thread 3 ] DEBUG Engine               - devBBoxColorProperty: ObjectProperty [value: 0xff0000ff]
15:24:49.173 [FXGL Background Thread 3 ] DEBUG Engine               - devEnableDebugCameraProperty: BooleanProperty [value: false]
15:24:49.173 [FXGL Background Thread 3 ] DEBUG Engine               - devSensorColorProperty: ObjectProperty [value: 0xffff00ff]
15:24:49.173 [FXGL Background Thread 3 ] DEBUG Engine               - devShowBBoxProperty: BooleanProperty [value: false]
15:24:49.173 [FXGL Background Thread 3 ] DEBUG Engine               - devShowPositionProperty: BooleanProperty [value: false]
15:24:49.173 [FXGL Background Thread 3 ] DEBUG Engine               - enabledMenuItems: []
15:24:49.173 [FXGL Background Thread 3 ] DEBUG Engine               - engineServices: [class com.almasb.fxgl.app.services.FXGLAssetLoaderService, class com.almasb.fxgl.app.FXGLApplication$GameApplicationService, class com.almasb.fxgl.app.services.FXGLDialogService, class com.almasb.fxgl.app.services.IOTaskExecutorService, class com.almasb.fxgl.io.FileSystemService, class com.almasb.fxgl.localization.LocalizationService, class com.almasb.fxgl.app.services.SystemBundleService, class com.almasb.fxgl.profile.SaveLoadService, class com.almasb.fxgl.ui.FXGLUIFactoryServiceProvider, class com.almasb.fxgl.ui.FXGLDialogFactoryServiceProvider, class com.almasb.fxgl.audio.AudioPlayer, class com.almasb.fxgl.notification.impl.NotificationServiceProvider, class com.almasb.fxgl.achievement.AchievementService, class com.almasb.fxgl.cutscene.CutsceneService, class com.almasb.fxgl.minigames.MiniGameService, class com.almasb.fxgl.net.NetService, class com.almasb.fxgl.app.services.UpdaterService, class com.almasb.fxgl.dev.DevService]
15:24:49.173 [FXGL Background Thread 3 ] DEBUG Engine               - fontGame: Abel-Regular.ttf
15:24:49.173 [FXGL Background Thread 3 ] DEBUG Engine               - fontMono: TerminalLandMono-Regular.otf
15:24:49.173 [FXGL Background Thread 3 ] DEBUG Engine               - fontText: Courier-Prime.ttf
15:24:49.173 [FXGL Background Thread 3 ] DEBUG Engine               - fontUI: VarelaRound-Regular.ttf
15:24:49.173 [FXGL Background Thread 3 ] DEBUG Engine               - fullScreen: BooleanProperty [value: false]
15:24:49.174 [FXGL Background Thread 3 ] DEBUG Engine               - gameDifficulty: MEDIUM
15:24:49.174 [FXGL Background Thread 3 ] DEBUG Engine               - gameDifficultyProperty: ObjectProperty [value: MEDIUM]
15:24:49.174 [FXGL Background Thread 3 ] DEBUG Engine               - globalMusicVolume: 0.5
15:24:49.174 [FXGL Background Thread 3 ] DEBUG Engine               - globalMusicVolumeProperty: DoubleProperty [value: 0.25]
15:24:49.174 [FXGL Background Thread 3 ] DEBUG Engine               - globalSoundVolume: 0.5
15:24:49.174 [FXGL Background Thread 3 ] DEBUG Engine               - globalSoundVolumeProperty: DoubleProperty [value: 0.5]
15:24:49.174 [FXGL Background Thread 3 ] DEBUG Engine               - height: 720
15:24:49.174 [FXGL Background Thread 3 ] DEBUG Engine               - is3D: false
15:24:49.174 [FXGL Background Thread 3 ] DEBUG Engine               - isAndroid: false
15:24:49.174 [FXGL Background Thread 3 ] DEBUG Engine               - isBrowser: false
15:24:49.174 [FXGL Background Thread 3 ] DEBUG Engine               - isClickFeedbackEnabled: false
15:24:49.174 [FXGL Background Thread 3 ] DEBUG Engine               - isCloseConfirmation: false
15:24:49.174 [FXGL Background Thread 3 ] DEBUG Engine               - isDesktop: true
15:24:49.174 [FXGL Background Thread 3 ] DEBUG Engine               - isDeveloperMenuEnabled: false
15:24:49.174 [FXGL Background Thread 3 ] DEBUG Engine               - isEmbedded: false
15:24:49.174 [FXGL Background Thread 3 ] DEBUG Engine               - isEntityPreloadEnabled: true
15:24:49.174 [FXGL Background Thread 3 ] DEBUG Engine               - isExperimentalTiledLargeMap: false
15:24:49.174 [FXGL Background Thread 3 ] DEBUG Engine               - isFileSystemWriteAllowed: true
15:24:49.174 [FXGL Background Thread 3 ] DEBUG Engine               - isFullScreenAllowed: false
15:24:49.174 [FXGL Background Thread 3 ] DEBUG Engine               - isFullScreenFromStart: false
15:24:49.174 [FXGL Background Thread 3 ] DEBUG Engine               - isGameMenuEnabled: true
15:24:49.174 [FXGL Background Thread 3 ] DEBUG Engine               - isIOS: false
15:24:49.175 [FXGL Background Thread 3 ] DEBUG Engine               - isIntroEnabled: false
15:24:49.175 [FXGL Background Thread 3 ] DEBUG Engine               - isLinux: false
15:24:49.175 [FXGL Background Thread 3 ] DEBUG Engine               - isMac: false
15:24:49.175 [FXGL Background Thread 3 ] DEBUG Engine               - isMainMenuEnabled: true
15:24:49.175 [FXGL Background Thread 3 ] DEBUG Engine               - isManualResizeEnabled: false
15:24:49.175 [FXGL Background Thread 3 ] DEBUG Engine               - isMobile: false
15:24:49.175 [FXGL Background Thread 3 ] DEBUG Engine               - isNative: false
15:24:49.175 [FXGL Background Thread 3 ] DEBUG Engine               - isPauseMusicWhenMinimized: true
15:24:49.175 [FXGL Background Thread 3 ] DEBUG Engine               - isPreserveResizeRatio: false
15:24:49.175 [FXGL Background Thread 3 ] DEBUG Engine               - isProfilingEnabled: false
15:24:49.175 [FXGL Background Thread 3 ] DEBUG Engine               - isScaleAffectedOnResize: true
15:24:49.175 [FXGL Background Thread 3 ] DEBUG Engine               - isSingleStep: false
15:24:49.175 [FXGL Background Thread 3 ] DEBUG Engine               - isUserProfileEnabled: false
15:24:49.175 [FXGL Background Thread 3 ] DEBUG Engine               - isWindows: true
15:24:49.175 [FXGL Background Thread 3 ] DEBUG Engine               - language: ObjectProperty [value: ENGLISH]
15:24:49.175 [FXGL Background Thread 3 ] DEBUG Engine               - menuKey: ESCAPE
15:24:49.176 [FXGL Background Thread 3 ] DEBUG Engine               - mouseSensitivity: 0.2
15:24:49.176 [FXGL Background Thread 3 ] DEBUG Engine               - notificationViewClass: class com.almasb.fxgl.notification.view.XboxNotificationView
15:24:49.176 [FXGL Background Thread 3 ] DEBUG Engine               - pixelsPerMeter: 50.0
15:24:49.176 [FXGL Background Thread 3 ] DEBUG Engine               - platform: WINDOWS
15:24:49.176 [FXGL Background Thread 3 ] DEBUG Engine               - prefHeightProperty: ReadOnlyDoubleProperty [value: 720.0]
15:24:49.176 [FXGL Background Thread 3 ] DEBUG Engine               - prefWidthProperty: ReadOnlyDoubleProperty [value: 1280.0]
15:24:49.176 [FXGL Background Thread 3 ] DEBUG Engine               - profileDir: profiles/
15:24:49.176 [FXGL Background Thread 3 ] DEBUG Engine               - profileName: StringProperty [value: DEFAULT]
15:24:49.176 [FXGL Background Thread 3 ] DEBUG Engine               - randomSeed: -1
15:24:49.176 [FXGL Background Thread 3 ] DEBUG Engine               - runtimeInfo: RuntimeInfo(platform=WINDOWS, version=17.1, build=24.03.2022 17.34)
15:24:49.177 [FXGL Background Thread 3 ] DEBUG Engine               - saveFileExt: sav
15:24:49.177 [FXGL Background Thread 3 ] DEBUG Engine               - scaledHeightProp$fxgl: DoubleProperty [bound, value: 720.0]
15:24:49.177 [FXGL Background Thread 3 ] DEBUG Engine               - scaledWidthProp$fxgl: DoubleProperty [bound, value: 1280.0]
15:24:49.177 [FXGL Background Thread 3 ] DEBUG Engine               - sceneFactory: com.almasb.fxglgames.platformer.PlatformerApp$1@6b516888
15:24:49.177 [FXGL Background Thread 3 ] DEBUG Engine               - secondsIn24h: 60
15:24:49.177 [FXGL Background Thread 3 ] DEBUG Engine               - soundMenuBack: menu/back.wav
15:24:49.177 [FXGL Background Thread 3 ] DEBUG Engine               - soundMenuPress: menu/press.wav
15:24:49.177 [FXGL Background Thread 3 ] DEBUG Engine               - soundMenuSelect: menu/select.wav
15:24:49.177 [FXGL Background Thread 3 ] DEBUG Engine               - soundNotification: core/notification.wav
15:24:49.177 [FXGL Background Thread 3 ] DEBUG Engine               - stageStyle: DECORATED
15:24:49.177 [FXGL Background Thread 3 ] DEBUG Engine               - supportedLanguages: [ENGLISH, FRENCH, GERMAN, HUNGARIAN, RUSSIAN]
15:24:49.177 [FXGL Background Thread 3 ] DEBUG Engine               - ticksPerSecond: -1
15:24:49.177 [FXGL Background Thread 3 ] DEBUG Engine               - title: Miguel
15:24:49.177 [FXGL Background Thread 3 ] DEBUG Engine               - urlGithub: https://github.com/AlmasB/FXGL
15:24:49.177 [FXGL Background Thread 3 ] DEBUG Engine               - urlLeaderboard: http://fxgl-top.herokuapp.com/
15:24:49.177 [FXGL Background Thread 3 ] DEBUG Engine               - urlPOM: https://raw.githubusercontent.com/AlmasB/FXGL/release/README.md
15:24:49.177 [FXGL Background Thread 3 ] DEBUG Engine               - userAppClass: class com.almasb.fxglgames.platformer.PlatformerApp
15:24:49.177 [FXGL Background Thread 3 ] DEBUG Engine               - version: 1.0
15:24:49.177 [FXGL Background Thread 3 ] DEBUG Engine               - versionCheckDays: 7
15:24:49.177 [FXGL Background Thread 3 ] DEBUG Engine               - width: 1280
15:24:49.178 [FXGL Background Thread 3 ] DEBUG Engine               - Logging services
15:24:49.178 [FXGL Background Thread 3 ] DEBUG Engine               - class com.almasb.fxgl.app.services.FXGLAssetLoaderService
15:24:49.178 [FXGL Background Thread 3 ] DEBUG Engine               - class com.almasb.fxgl.app.FXGLApplication$GameApplicationService
15:24:49.178 [FXGL Background Thread 3 ] DEBUG Engine               - class com.almasb.fxgl.app.services.FXGLDialogService
15:24:49.178 [FXGL Background Thread 3 ] DEBUG Engine               - class com.almasb.fxgl.app.services.IOTaskExecutorService
15:24:49.178 [FXGL Background Thread 3 ] DEBUG Engine               - class com.almasb.fxgl.io.FileSystemService
15:24:49.178 [FXGL Background Thread 3 ] DEBUG Engine               - class com.almasb.fxgl.localization.LocalizationService
15:24:49.178 [FXGL Background Thread 3 ] DEBUG Engine               - class com.almasb.fxgl.app.services.SystemBundleService
15:24:49.178 [FXGL Background Thread 3 ] DEBUG Engine               - class com.almasb.fxgl.profile.SaveLoadService
15:24:49.178 [FXGL Background Thread 3 ] DEBUG Engine               - class com.almasb.fxgl.ui.FXGLUIFactoryServiceProvider
15:24:49.178 [FXGL Background Thread 3 ] DEBUG Engine               - class com.almasb.fxgl.ui.FXGLDialogFactoryServiceProvider
15:24:49.178 [FXGL Background Thread 3 ] DEBUG Engine               - class com.almasb.fxgl.audio.AudioPlayer
15:24:49.178 [FXGL Background Thread 3 ] DEBUG Engine               - class com.almasb.fxgl.notification.impl.NotificationServiceProvider
15:24:49.178 [FXGL Background Thread 3 ] DEBUG Engine               - class com.almasb.fxgl.achievement.AchievementService
15:24:49.178 [FXGL Background Thread 3 ] DEBUG Engine               - class com.almasb.fxgl.cutscene.CutsceneService
15:24:49.178 [FXGL Background Thread 3 ] DEBUG Engine               - class com.almasb.fxgl.minigames.MiniGameService
15:24:49.178 [FXGL Background Thread 3 ] DEBUG Engine               - class com.almasb.fxgl.net.NetService
15:24:49.178 [FXGL Background Thread 3 ] DEBUG Engine               - class com.almasb.fxgl.app.services.UpdaterService
15:24:49.178 [FXGL Background Thread 3 ] DEBUG Engine               - class com.almasb.fxgl.dev.DevService
15:25:08.077 [JavaFX Application Thread] DEBUG Input                - Registered new binding: Close Level End Screen - LMB
15:25:08.078 [JavaFX Application Thread] DEBUG PrimaryStageWindow   - Push state: LevelEndScene
15:25:08.078 [JavaFX Application Thread] DEBUG Input                - Clearing active input actions
15:25:08.078 [JavaFX Application Thread] DEBUG GameApplicationServi - Removing overlay from GameScene and adding to LevelEndScene
15:25:08.078 [JavaFX Application Thread] DEBUG PrimaryStageWindow   - GameScene -> LevelEndScene
15:25:12.609 [JavaFX Application Thread] DEBUG PrimaryStageWindow   - Pop state: LevelEndScene
15:25:12.609 [JavaFX Application Thread] DEBUG Input                - Clearing active input actions
15:25:12.609 [JavaFX Application Thread] DEBUG GameApplicationServi - Removing overlay from LevelEndScene and adding to GameScene
15:25:12.609 [JavaFX Application Thread] DEBUG PrimaryStageWindow   - GameScene <- LevelEndScene
15:25:13.611 [JavaFX Application Thread] WARN  TMXLevelLoader       - TiledMap generated from 1.10.0. Supported version: 1.4.2. Some features may not be parsed fully.
15:25:13.614 [JavaFX Application Thread] DEBUG TMXLevelLoader       - Parsed TiledMap: file:/C:/Users/koenm/Documents/GitHub/ipose-groep-4/target/classes/assets/levels/tmx/level2.tmx
15:25:13.614 [JavaFX Application Thread] DEBUG TMXLevelLoader       - Creating tile layer entities
15:25:13.614 [JavaFX Application Thread] DEBUG TilesetLoader        - Loading view for layer Tile Layer 1
15:25:13.617 [JavaFX Application Thread] DEBUG TilesetLoader        - Created buffer with size 4900.0x700.0
15:25:13.627 [JavaFX Application Thread] DEBUG TMXLevelLoader       - Creating object layer entities
15:25:13.633 [JavaFX Application Thread] DEBUG GameWorld            - Clearing removable entities
15:25:13.634 [JavaFX Application Thread] DEBUG GameWorld            - Setting level: com.almasb.fxgl.entity.level.Level@462511b3
15:25:30.075 [JavaFX Application Thread] DEBUG PrimaryStageWindow   - Push state: LevelEndScene
15:25:30.075 [JavaFX Application Thread] DEBUG Input                - Clearing active input actions
15:25:30.075 [JavaFX Application Thread] DEBUG GameApplicationServi - Removing overlay from GameScene and adding to LevelEndScene
15:25:30.075 [JavaFX Application Thread] DEBUG PrimaryStageWindow   - GameScene -> LevelEndScene
15:25:31.606 [JavaFX Application Thread] DEBUG PrimaryStageWindow   - Pop state: LevelEndScene
15:25:31.607 [JavaFX Application Thread] DEBUG Input                - Clearing active input actions
15:25:31.607 [JavaFX Application Thread] DEBUG GameApplicationServi - Removing overlay from LevelEndScene and adding to GameScene
15:25:31.607 [JavaFX Application Thread] DEBUG PrimaryStageWindow   - GameScene <- LevelEndScene
15:25:32.572 [JavaFX Application Thread] WARN  TMXLevelLoader       - TiledMap generated from 1.10.1. Supported version: 1.4.2. Some features may not be parsed fully.
15:25:32.573 [JavaFX Application Thread] DEBUG TMXLevelLoader       - Parsed TiledMap: file:/C:/Users/koenm/Documents/GitHub/ipose-groep-4/target/classes/assets/levels/tmx/level3.tmx
15:25:32.573 [JavaFX Application Thread] DEBUG TMXLevelLoader       - Creating tile layer entities
15:25:32.574 [JavaFX Application Thread] DEBUG TilesetLoader        - Loading view for layer Tile Layer 1
15:25:32.576 [JavaFX Application Thread] DEBUG TilesetLoader        - Created buffer with size 4900.0x700.0
15:25:32.588 [JavaFX Application Thread] DEBUG TMXLevelLoader       - Creating object layer entities
15:25:32.592 [JavaFX Application Thread] WARN  TMXLevelLoader       - Parse error
java.lang.IllegalArgumentException: No EntityFactory has a method annotated @Spawns()
	at com.almasb.fxgl.entity@17.1/com.almasb.fxgl.entity.GameWorld.create(GameWorld.kt:413)
	at com.almasb.fxgl.entity@17.1/com.almasb.fxgl.entity.level.tiled.TMXLevelLoader.createObjectLayerEntities(TMXLevelLoader.kt:154)
	at com.almasb.fxgl.entity@17.1/com.almasb.fxgl.entity.level.tiled.TMXLevelLoader.load(TMXLevelLoader.kt:60)
	at com.almasb.fxgl.all@17.1/com.almasb.fxgl.app.services.FXGLAssetLoaderService.loadLevel(FXGLAssetLoaderService.kt:446)
	at com.almasb.fxgl.all@17.1/com.almasb.fxgl.dsl.FXGL$Companion.setLevelFromMap(FXGL.kt:634)
	at com.almasb.fxgl.all@17.1/com.almasb.fxgl.dsl.FXGL.setLevelFromMap(FXGL.kt)
	at mario.main/com.almasb.fxglgames.platformer.PlatformerApp.setLevel(PlatformerApp.java:270)
	at mario.main/com.almasb.fxglgames.platformer.PlatformerApp.nextLevel(PlatformerApp.java:221)
	at mario.main/com.almasb.fxglgames.platformer.PlatformerApp.lambda$initPhysics$1(PlatformerApp.java:171)
	at com.almasb.fxgl.all@17.1/com.almasb.fxgl.app.scene.Viewport.updateFadeFlash(Viewport.kt:422)
	at com.almasb.fxgl.all@17.1/com.almasb.fxgl.app.scene.Viewport.onUpdate(Viewport.kt:334)
	at com.almasb.fxgl.all@17.1/com.almasb.fxgl.app.scene.GameScene.step(GameScene.kt:226)
	at com.almasb.fxgl.all@17.1/com.almasb.fxgl.app.scene.GameScene.onUpdate(GameScene.kt:220)
	at com.almasb.fxgl.scene@17.1/com.almasb.fxgl.scene.Scene.update(Scene.kt:105)
	at com.almasb.fxgl.all@17.1/com.almasb.fxgl.app.MainWindow$update$1.invoke(MainWindow.kt:115)
	at com.almasb.fxgl.all@17.1/com.almasb.fxgl.app.MainWindow$update$1.invoke(MainWindow.kt:115)
	at com.almasb.fxgl.core@17.1/com.almasb.fxgl.core.fsm.StateMachine.runOnActiveStates(StateMachine.kt:69)
	at com.almasb.fxgl.all@17.1/com.almasb.fxgl.app.MainWindow.update(MainWindow.kt:115)
	at com.almasb.fxgl.all@17.1/com.almasb.fxgl.app.FXGLApplication$GameApplicationService.onUpdate(FXGLApplication.kt:426)
	at com.almasb.fxgl.all@17.1/com.almasb.fxgl.app.Engine.loop(Engine.kt:134)
	at com.almasb.fxgl.all@17.1/com.almasb.fxgl.app.Engine.access$loop(Engine.kt:24)
	at com.almasb.fxgl.all@17.1/com.almasb.fxgl.app.Engine$loop$1.invoke(Engine.kt:28)
	at com.almasb.fxgl.all@17.1/com.almasb.fxgl.app.Engine$loop$1.invoke(Engine.kt:28)
	at com.almasb.fxgl.all@17.1/com.almasb.fxgl.app.LoopRunner.frame(LoopRunner.kt:103)
	at com.almasb.fxgl.all@17.1/com.almasb.fxgl.app.LoopRunner.access$frame(LoopRunner.kt:23)
	at com.almasb.fxgl.all@17.1/com.almasb.fxgl.app.LoopRunner$impl$2$1.onTick(LoopRunner.kt:57)
	at com.almasb.fxgl.all@17.1/com.almasb.fxgl.app.AnimationTimerLoop$timer$1.handle(LoopRunner.kt:137)
	at javafx.graphics@19-ea/javafx.animation.AnimationTimer$AnimationTimerReceiver.lambda$handle$0(AnimationTimer.java:58)
	at java.base/java.security.AccessController.doPrivileged(AccessController.java:399)
	at javafx.graphics@19-ea/javafx.animation.AnimationTimer$AnimationTimerReceiver.handle(AnimationTimer.java:57)
	at javafx.graphics@19-ea/com.sun.scenario.animation.AbstractPrimaryTimer.timePulseImpl(AbstractPrimaryTimer.java:356)
	at javafx.graphics@19-ea/com.sun.scenario.animation.AbstractPrimaryTimer$MainLoop.run(AbstractPrimaryTimer.java:266)
	at javafx.graphics@19-ea/com.sun.javafx.tk.quantum.QuantumToolkit.pulse(QuantumToolkit.java:571)
	at javafx.graphics@19-ea/com.sun.javafx.tk.quantum.QuantumToolkit.pulse(QuantumToolkit.java:555)
	at javafx.graphics@19-ea/com.sun.javafx.tk.quantum.QuantumToolkit.pulseFromQueue(QuantumToolkit.java:548)
	at javafx.graphics@19-ea/com.sun.javafx.tk.quantum.QuantumToolkit.lambda$runToolkit$11(QuantumToolkit.java:352)
	at javafx.graphics@19-ea/com.sun.glass.ui.InvokeLaterDispatcher$Future.run(InvokeLaterDispatcher.java:96)
	at javafx.graphics@19-ea/com.sun.glass.ui.win.WinApplication._runLoop(Native Method)
	at javafx.graphics@19-ea/com.sun.glass.ui.win.WinApplication.lambda$runLoop$3(WinApplication.java:184)
	at java.base/java.lang.Thread.run(Thread.java:1589)

15:25:32.593 [JavaFX Application Thread] DEBUG LoopRunner           - Stopping loop
15:25:32.594 [JavaFX Application Thread] FATAL FXGLApplication      - Uncaught Exception:
com.almasb.fxgl.entity.level.LevelLoadingException: No EntityFactory has a method annotated @Spawns()
	at com.almasb.fxgl.entity@17.1/com.almasb.fxgl.entity.level.tiled.TMXLevelLoader.load(TMXLevelLoader.kt:78)
	at com.almasb.fxgl.all@17.1/com.almasb.fxgl.app.services.FXGLAssetLoaderService.loadLevel(FXGLAssetLoaderService.kt:446)
	at com.almasb.fxgl.all@17.1/com.almasb.fxgl.dsl.FXGL$Companion.setLevelFromMap(FXGL.kt:634)
	at com.almasb.fxgl.all@17.1/com.almasb.fxgl.dsl.FXGL.setLevelFromMap(FXGL.kt)
	at mario.main/com.almasb.fxglgames.platformer.PlatformerApp.setLevel(PlatformerApp.java:270)
	at mario.main/com.almasb.fxglgames.platformer.PlatformerApp.nextLevel(PlatformerApp.java:221)
	at mario.main/com.almasb.fxglgames.platformer.PlatformerApp.lambda$initPhysics$1(PlatformerApp.java:171)
	at com.almasb.fxgl.all@17.1/com.almasb.fxgl.app.scene.Viewport.updateFadeFlash(Viewport.kt:422)
	at com.almasb.fxgl.all@17.1/com.almasb.fxgl.app.scene.Viewport.onUpdate(Viewport.kt:334)
	at com.almasb.fxgl.all@17.1/com.almasb.fxgl.app.scene.GameScene.step(GameScene.kt:226)
	at com.almasb.fxgl.all@17.1/com.almasb.fxgl.app.scene.GameScene.onUpdate(GameScene.kt:220)
	at com.almasb.fxgl.scene@17.1/com.almasb.fxgl.scene.Scene.update(Scene.kt:105)
	at com.almasb.fxgl.all@17.1/com.almasb.fxgl.app.MainWindow$update$1.invoke(MainWindow.kt:115)
	at com.almasb.fxgl.all@17.1/com.almasb.fxgl.app.MainWindow$update$1.invoke(MainWindow.kt:115)
	at com.almasb.fxgl.core@17.1/com.almasb.fxgl.core.fsm.StateMachine.runOnActiveStates(StateMachine.kt:69)
	at com.almasb.fxgl.all@17.1/com.almasb.fxgl.app.MainWindow.update(MainWindow.kt:115)
	at com.almasb.fxgl.all@17.1/com.almasb.fxgl.app.FXGLApplication$GameApplicationService.onUpdate(FXGLApplication.kt:426)
	at com.almasb.fxgl.all@17.1/com.almasb.fxgl.app.Engine.loop(Engine.kt:134)
	at com.almasb.fxgl.all@17.1/com.almasb.fxgl.app.Engine.access$loop(Engine.kt:24)
	at com.almasb.fxgl.all@17.1/com.almasb.fxgl.app.Engine$loop$1.invoke(Engine.kt:28)
	at com.almasb.fxgl.all@17.1/com.almasb.fxgl.app.Engine$loop$1.invoke(Engine.kt:28)
	at com.almasb.fxgl.all@17.1/com.almasb.fxgl.app.LoopRunner.frame(LoopRunner.kt:103)
	at com.almasb.fxgl.all@17.1/com.almasb.fxgl.app.LoopRunner.access$frame(LoopRunner.kt:23)
	at com.almasb.fxgl.all@17.1/com.almasb.fxgl.app.LoopRunner$impl$2$1.onTick(LoopRunner.kt:57)
	at com.almasb.fxgl.all@17.1/com.almasb.fxgl.app.AnimationTimerLoop$timer$1.handle(LoopRunner.kt:137)
	at javafx.graphics@19-ea/javafx.animation.AnimationTimer$AnimationTimerReceiver.lambda$handle$0(AnimationTimer.java:58)
	at java.base/java.security.AccessController.doPrivileged(AccessController.java:399)
	at javafx.graphics@19-ea/javafx.animation.AnimationTimer$AnimationTimerReceiver.handle(AnimationTimer.java:57)
	at javafx.graphics@19-ea/com.sun.scenario.animation.AbstractPrimaryTimer.timePulseImpl(AbstractPrimaryTimer.java:356)
	at javafx.graphics@19-ea/com.sun.scenario.animation.AbstractPrimaryTimer$MainLoop.run(AbstractPrimaryTimer.java:266)
	at javafx.graphics@19-ea/com.sun.javafx.tk.quantum.QuantumToolkit.pulse(QuantumToolkit.java:571)
	at javafx.graphics@19-ea/com.sun.javafx.tk.quantum.QuantumToolkit.pulse(QuantumToolkit.java:555)
	at javafx.graphics@19-ea/com.sun.javafx.tk.quantum.QuantumToolkit.pulseFromQueue(QuantumToolkit.java:548)
	at javafx.graphics@19-ea/com.sun.javafx.tk.quantum.QuantumToolkit.lambda$runToolkit$11(QuantumToolkit.java:352)
	at javafx.graphics@19-ea/com.sun.glass.ui.InvokeLaterDispatcher$Future.run(InvokeLaterDispatcher.java:96)
	at javafx.graphics@19-ea/com.sun.glass.ui.win.WinApplication._runLoop(Native Method)
	at javafx.graphics@19-ea/com.sun.glass.ui.win.WinApplication.lambda$runLoop$3(WinApplication.java:184)
	at java.base/java.lang.Thread.run(Thread.java:1589)
Caused by: java.lang.IllegalArgumentException: No EntityFactory has a method annotated @Spawns()
	at com.almasb.fxgl.entity@17.1/com.almasb.fxgl.entity.GameWorld.create(GameWorld.kt:413)
	at com.almasb.fxgl.entity@17.1/com.almasb.fxgl.entity.level.tiled.TMXLevelLoader.createObjectLayerEntities(TMXLevelLoader.kt:154)
	at com.almasb.fxgl.entity@17.1/com.almasb.fxgl.entity.level.tiled.TMXLevelLoader.load(TMXLevelLoader.kt:60)
	... 37 more

15:25:32.594 [JavaFX Application Thread] FATAL FXGLApplication      - Application will now exit
15:25:32.621 [JavaFX Application Thread] DEBUG PrimaryStageWindow   - Push state: ErrorSubScene
15:25:32.621 [JavaFX Application Thread] DEBUG Input                - Clearing active input actions
15:25:32.622 [JavaFX Application Thread] DEBUG GameApplicationServi - Removing overlay from GameScene and adding to ErrorSubScene
15:25:32.622 [JavaFX Application Thread] DEBUG PrimaryStageWindow   - GameScene -> ErrorSubScene
15:25:37.634 [JavaFX Application Thread] DEBUG FXGLApplication      - Exiting FXGL
15:25:37.635 [JavaFX Application Thread] DEBUG Async                - Shutting down background threads
15:25:37.635 [JavaFX Application Thread] DEBUG PrimaryStageWindow   - Closing main window
15:25:37.645 [JavaFX Application Thread] DEBUG Logger               - Closing Logger
