12:30:02.920 [main                     ] DEBUG Logger               - Configured Logger
12:30:02.959 [main                     ] DEBUG GameApplication      - Logging settings
Title: Miguel
Version: 1.0
Width: 1280
Height: 720
Fullscreen: false
Intro: false
Profiling: false
Single step:false
App Mode: DEVELOPER
Menu Key: ESCAPE
Stage Style: DECORATED
Scene Factory: class com.almasb.fxglgames.platformer.PlatformerApp$1

12:30:03.751 [JavaFX Application Thread] DEBUG FXGLApplication      - Initializing FXGL
12:30:03.762 [JavaFX Application Thread] INFO  Engine               - FXGL-17.1 (24.03.2022 17.34) on WINDOWS (J:19.0.1 FX:19-ea)
12:30:03.763 [JavaFX Application Thread] DEBUG Engine               - JRE Vendor Name: Oracle Corporation
12:30:03.763 [JavaFX Application Thread] DEBUG Engine               - Running on OS: Windows 10 version 10.0
12:30:03.763 [JavaFX Application Thread] DEBUG Engine               - Architecture: amd64
12:30:03.764 [JavaFX Application Thread] INFO  Engine               - Source code and latest versions at: https://github.com/AlmasB/FXGL
12:30:03.764 [JavaFX Application Thread] INFO  Engine               -       Ask questions and discuss at: https://github.com/AlmasB/FXGL/discussions
12:30:03.765 [JavaFX Application Thread] INFO  Engine               -              Join the FXGL chat at: https://gitter.im/AlmasB/FXGL
12:30:03.961 [JavaFX Application Thread] DEBUG PrimaryStageWindow   - Creating a JavaFX scene
12:30:04.020 [JavaFX Application Thread] DEBUG PrimaryStageWindow   - Target settings size: 1280.0 x 720.0
12:30:04.020 [JavaFX Application Thread] DEBUG PrimaryStageWindow   - Scaled scene size:    1280.0 x 720.0
12:30:04.021 [JavaFX Application Thread] DEBUG PrimaryStageWindow   - Scaled ratio: (1.0, 1.0)
12:30:04.023 [JavaFX Application Thread] DEBUG PrimaryStageWindow   - Set initial scene to FXGLStartupScene
12:30:04.031 [JavaFX Application Thread] DEBUG PrimaryStageWindow   - Opening main window
12:30:04.171 [JavaFX Application Thread] DEBUG PrimaryStageWindow   - Window border size: (14.4000244140625, 37.5999755859375)
12:30:04.171 [JavaFX Application Thread] DEBUG PrimaryStageWindow   - Scaled size: 1280.0 x 720.0
12:30:04.172 [JavaFX Application Thread] DEBUG PrimaryStageWindow   - Scaled ratio: (1.0, 1.0)
12:30:04.173 [JavaFX Application Thread] DEBUG PrimaryStageWindow   - Scene size: 1280.0 x 720.0
12:30:04.173 [JavaFX Application Thread] DEBUG PrimaryStageWindow   - Stage size: 1294.4000244140625 x 757.5999755859375
12:30:04.188 [FXGL Background Thread 1 ] DEBUG Engine               - Initializing environment variables
12:30:04.299 [FXGL Background Thread 1 ] DEBUG FXGLAssetLoaderServi - User app class for loading assets: class com.almasb.fxglgames.platformer.PlatformerApp
12:30:04.299 [FXGL Background Thread 1 ] DEBUG GameApplicationServi - Applying CSS: fxgl_dark.css
12:30:04.301 [FXGL Background Thread 1 ] DEBUG FXGLAssetLoaderServi - Loading from file system: jar:file:///C:/Users/koenm/.m2/repository/com/github/almasb/fxgl/17.1/fxgl-17.1.jar!/fxglassets/ui/css/fxgl_dark.css
12:30:04.409 [FXGL Background Thread 1 ] DEBUG GameApplicationServi - Initializing application scenes
12:30:04.465 [FXGL Background Thread 1 ] DEBUG FXGLAssetLoaderServi - Loading from file system: file:/C:/Users/koenm/Documents/GitHub/ipose-groep-4/target/classes/assets/textures/player.png
12:30:04.494 [FXGL Background Thread 1 ] DEBUG GameWorld            - Game world initialized
12:30:04.581 [FXGL Background Thread 1 ] DEBUG PhysicsWorld         - Physics world initialized: appHeight=720, physics.ppm=50,0
12:30:04.581 [FXGL Background Thread 1 ] DEBUG PhysicsWorld         - Using strategy: BRUTE_FORCE
12:30:04.588 [FXGL Background Thread 1 ] DEBUG GameScene            - Game scene initialized: 1280x720
12:30:04.600 [FXGL Background Thread 1 ] DEBUG FXGL.DefaultMenu     - createMenuBodyGameMenu()
12:30:04.621 [FXGL Background Thread 1 ] DEBUG FXGL.DefaultMenu     - createOptionsMenu()
12:30:04.637 [FXGL Background Thread 1 ] DEBUG FXGLAssetLoaderServi - Loading from file system: jar:file:///C:/Users/koenm/.m2/repository/com/github/almasb/fxgl/17.1/fxgl-17.1.jar!/fxglassets/textures/particles/smoke.png
12:30:04.781 [FXGL Background Thread 1 ] DEBUG FXGLAssetLoaderServi - Loading from file system: jar:file:///C:/Users/koenm/.m2/repository/com/github/almasb/fxgl/17.1/fxgl-17.1.jar!/fxglassets/textures/particles/trace_horizontal.png
12:30:04.884 [FXGL Background Thread 1 ] DEBUG GameApplicationServi - Application scenes initialized
12:30:04.909 [FXGL Background Thread 1 ] DEBUG SystemBundleService  - Loading FXGL system data
12:30:04.917 [FXGL Background Thread 1 ] DEBUG FileSystemAccess     - Reading from: C:\Users\koenm\Documents\GitHub\ipose-groep-4\system\fxgl.bundle
12:30:04.933 [FXGL Background Thread 1 ] DEBUG SystemBundleService  - Bundle FXGL: {}
12:30:04.933 [FXGL Background Thread 1 ] DEBUG UpdaterService       - Checking for updates
12:30:04.940 [FXGL Background Thread 4 ] DEBUG FXGLApplication      - Loading fonts
12:30:04.942 [FXGL Background Thread 1 ] DEBUG FXGLApplication      - Loading default localization
12:30:04.942 [FXGL Background Thread 4 ] DEBUG FXGLAssetLoaderServi - Loading from file system: jar:file:///C:/Users/koenm/.m2/repository/com/github/almasb/fxgl/17.1/fxgl-17.1.jar!/fxglassets/ui/fonts/VarelaRound-Regular.ttf
12:30:04.942 [FXGL Background Thread 1 ] DEBUG FXGLAssetLoaderServi - Loading from file system: jar:file:///C:/Users/koenm/.m2/repository/com/github/almasb/fxgl/17.1/fxgl-17.1.jar!/fxglassets/languages/english.lang
12:30:05.019 [FXGL Background Thread 1 ] INFO  FXGLApplication      - FXGL initialization took: 0,830 sec
12:30:05.035 [JavaFX Application Thread] DEBUG Input                - Registered new binding: Left - A
12:30:05.035 [JavaFX Application Thread] DEBUG Input                - Registered new binding: Right - D
12:30:05.036 [JavaFX Application Thread] DEBUG Input                - Registered new binding: Jump - W
12:30:05.036 [JavaFX Application Thread] DEBUG Input                - Registered new binding: Use - E
12:30:05.037 [JavaFX Application Thread] DEBUG FXGLAssetLoaderServi - Loading from file system: file:/C:/Users/koenm/Documents/GitHub/ipose-groep-4/target/classes/assets/music/BGM_dash_runner.wav
12:30:05.099 [FXGL Background Thread 4 ] DEBUG FXGLAssetLoaderServi - Loading from file system: jar:file:///C:/Users/koenm/.m2/repository/com/github/almasb/fxgl/17.1/fxgl-17.1.jar!/fxglassets/ui/fonts/Abel-Regular.ttf
12:30:05.103 [FXGL Background Thread 4 ] DEBUG FXGLAssetLoaderServi - Loading from file system: jar:file:///C:/Users/koenm/.m2/repository/com/github/almasb/fxgl/17.1/fxgl-17.1.jar!/fxglassets/ui/fonts/TerminalLandMono-Regular.otf
12:30:05.108 [FXGL Background Thread 4 ] DEBUG FXGLAssetLoaderServi - Loading from file system: jar:file:///C:/Users/koenm/.m2/repository/com/github/almasb/fxgl/17.1/fxgl-17.1.jar!/fxglassets/ui/fonts/Courier-Prime.ttf
12:30:05.263 [JavaFX Application Thread] DEBUG AudioPlayer          - Playing music com.almasb.fxgl.audio.Music@6a19e089
12:30:05.264 [JavaFX Application Thread] DEBUG FXGLAssetLoaderServi - Loading from file system: jar:file:///C:/Users/koenm/.m2/repository/com/github/almasb/fxgl/17.1/fxgl-17.1.jar!/fxglassets/textures/fxgl_icon.png
12:30:05.298 [JavaFX Application Thread] DEBUG FXGLAssetLoaderServi - Loading from file system: jar:file:///C:/Users/koenm/.m2/repository/com/github/almasb/fxgl/17.1/fxgl-17.1.jar!/fxglassets/textures/fxgl_default_cursor.png
12:30:05.302 [JavaFX Application Thread] DEBUG Input                - Registered new binding: Screenshot - CTRL+8
12:30:05.302 [JavaFX Application Thread] DEBUG Input                - Registered new binding: System info dump - CTRL+9
12:30:05.303 [JavaFX Application Thread] DEBUG Input                - Registered new binding: Restart - CTRL+R
12:30:05.304 [JavaFX Application Thread] DEBUG Input                - Registered new binding: Toggle Debug Camera - CTRL+7
12:30:05.307 [JavaFX Application Thread] DEBUG LoopRunner           - Starting loop
12:30:05.307 [JavaFX Application Thread] DEBUG LoopRunner           - Initializing JavaFX AnimationTimerLoop
12:30:05.309 [JavaFX Application Thread] DEBUG GameApplicationServi - Starting new game
12:30:05.310 [JavaFX Application Thread] DEBUG Input                - Clearing active input actions
12:30:05.334 [JavaFX Application Thread] DEBUG GameApplicationServi - Removing overlay from FXGLStartupScene and adding to MainLoadingScene
12:30:05.334 [JavaFX Application Thread] DEBUG PrimaryStageWindow   - FXGLStartupScene -> MainLoadingScene
12:30:05.335 [JavaFX Application Thread] DEBUG GameApplicationServi - Clearing previous game
12:30:05.335 [JavaFX Application Thread] DEBUG GameScene            - Clearing game scene
12:30:05.335 [JavaFX Application Thread] DEBUG GameWorld            - Clearing game world
12:30:05.335 [JavaFX Application Thread] DEBUG PhysicsWorld         - Clearing physics world
12:30:05.337 [JavaFX Application Thread] DEBUG FXGLApplication      - Registering font factories with UI factory
12:30:05.354 [FXGL Background Thread 4 ] INFO  FXGLApplication      - Game initialization took: 0,018 sec
12:30:05.361 [JavaFX Application Thread] DEBUG Input                - Clearing active input actions
12:30:05.385 [JavaFX Application Thread] DEBUG GameApplicationServi - Removing overlay from MainLoadingScene and adding to GameScene
12:30:05.385 [JavaFX Application Thread] DEBUG PrimaryStageWindow   - MainLoadingScene -> GameScene
12:30:05.568 [FXGL Background Thread 2 ] INFO  UpdaterService       - Your current version:  17.1
12:30:05.568 [FXGL Background Thread 2 ] INFO  UpdaterService       - Latest stable version: 17.3
12:30:07.127 [JavaFX Application Thread] WARN  TMXLevelLoader       - TiledMap generated from 1.10.0. Supported version: 1.4.2. Some features may not be parsed fully.
12:30:07.137 [JavaFX Application Thread] DEBUG TMXLevelLoader       - Parsed TiledMap: file:/C:/Users/koenm/Documents/GitHub/ipose-groep-4/target/classes/assets/levels/tmx/level1.tmx
12:30:07.139 [JavaFX Application Thread] DEBUG TMXLevelLoader       - Creating tile layer entities
12:30:07.141 [JavaFX Application Thread] DEBUG TilesetLoader        - Loading view for layer Tile Layer 1
12:30:07.151 [JavaFX Application Thread] DEBUG TilesetLoader        - Created buffer with size 4900.0x700.0
12:30:07.210 [JavaFX Application Thread] DEBUG TMXLevelLoader       - Creating object layer entities
12:30:07.239 [JavaFX Application Thread] DEBUG GameWorld            - Clearing removable entities
12:30:07.239 [JavaFX Application Thread] DEBUG GameWorld            - Setting level: com.almasb.fxgl.entity.level.Level@226c282a
12:30:07.259 [JavaFX Application Thread] DEBUG FXGLAssetLoaderServi - Loading from file system: file:/C:/Users/koenm/Documents/GitHub/ipose-groep-4/target/classes/assets/textures/trump.png
12:30:07.264 [JavaFX Application Thread] DEBUG FXGLAssetLoaderServi - Loading from file system: file:/C:/Users/koenm/Documents/GitHub/ipose-groep-4/target/classes/assets/textures/background/forest.png
12:30:07.942 [FXGL Background Thread 3 ] DEBUG Engine               - Logging environment variables
12:30:07.943 [FXGL Background Thread 3 ] DEBUG Engine               - achievements: []
12:30:07.943 [FXGL Background Thread 3 ] DEBUG Engine               - actualHeight: 720.0
12:30:07.944 [FXGL Background Thread 3 ] DEBUG Engine               - actualHeightProperty: ReadOnlyDoubleProperty [value: 720.0]
12:30:07.944 [FXGL Background Thread 3 ] DEBUG Engine               - actualWidth: 1280.0
12:30:07.944 [FXGL Background Thread 3 ] DEBUG Engine               - actualWidthProperty: ReadOnlyDoubleProperty [value: 1280.0]
12:30:07.944 [FXGL Background Thread 3 ] DEBUG Engine               - appIcon: fxgl_icon.png
12:30:07.944 [FXGL Background Thread 3 ] DEBUG Engine               - applicationMode: DEVELOPER
12:30:07.945 [FXGL Background Thread 3 ] DEBUG Engine               - cSSList: [fxgl_dark.css]
12:30:07.945 [FXGL Background Thread 3 ] DEBUG Engine               - collisionDetectionStrategy: BRUTE_FORCE
12:30:07.945 [FXGL Background Thread 3 ] DEBUG Engine               - configClass: Optional.empty
12:30:07.945 [FXGL Background Thread 3 ] DEBUG Engine               - credits: []
12:30:07.946 [FXGL Background Thread 3 ] DEBUG Engine               - defaultCursor: CursorInfo(imageName=fxgl_default_cursor.png, hotspotX=7.0, hotspotY=6.0)
12:30:07.946 [FXGL Background Thread 3 ] DEBUG Engine               - devBBoxColorProperty: ObjectProperty [value: 0xff0000ff]
12:30:07.947 [FXGL Background Thread 3 ] DEBUG Engine               - devEnableDebugCameraProperty: BooleanProperty [value: false]
12:30:07.947 [FXGL Background Thread 3 ] DEBUG Engine               - devSensorColorProperty: ObjectProperty [value: 0xffff00ff]
12:30:07.947 [FXGL Background Thread 3 ] DEBUG Engine               - devShowBBoxProperty: BooleanProperty [value: false]
12:30:07.947 [FXGL Background Thread 3 ] DEBUG Engine               - devShowPositionProperty: BooleanProperty [value: false]
12:30:07.947 [FXGL Background Thread 3 ] DEBUG Engine               - enabledMenuItems: []
12:30:07.947 [FXGL Background Thread 3 ] DEBUG Engine               - engineServices: [class com.almasb.fxgl.app.services.FXGLAssetLoaderService, class com.almasb.fxgl.app.FXGLApplication$GameApplicationService, class com.almasb.fxgl.app.services.FXGLDialogService, class com.almasb.fxgl.app.services.IOTaskExecutorService, class com.almasb.fxgl.io.FileSystemService, class com.almasb.fxgl.localization.LocalizationService, class com.almasb.fxgl.app.services.SystemBundleService, class com.almasb.fxgl.profile.SaveLoadService, class com.almasb.fxgl.ui.FXGLUIFactoryServiceProvider, class com.almasb.fxgl.ui.FXGLDialogFactoryServiceProvider, class com.almasb.fxgl.audio.AudioPlayer, class com.almasb.fxgl.notification.impl.NotificationServiceProvider, class com.almasb.fxgl.achievement.AchievementService, class com.almasb.fxgl.cutscene.CutsceneService, class com.almasb.fxgl.minigames.MiniGameService, class com.almasb.fxgl.net.NetService, class com.almasb.fxgl.app.services.UpdaterService, class com.almasb.fxgl.dev.DevService]
12:30:07.948 [FXGL Background Thread 3 ] DEBUG Engine               - fontGame: Abel-Regular.ttf
12:30:07.948 [FXGL Background Thread 3 ] DEBUG Engine               - fontMono: TerminalLandMono-Regular.otf
12:30:07.948 [FXGL Background Thread 3 ] DEBUG Engine               - fontText: Courier-Prime.ttf
12:30:07.948 [FXGL Background Thread 3 ] DEBUG Engine               - fontUI: VarelaRound-Regular.ttf
12:30:07.948 [FXGL Background Thread 3 ] DEBUG Engine               - fullScreen: BooleanProperty [value: false]
12:30:07.948 [FXGL Background Thread 3 ] DEBUG Engine               - gameDifficulty: MEDIUM
12:30:07.949 [FXGL Background Thread 3 ] DEBUG Engine               - gameDifficultyProperty: ObjectProperty [value: MEDIUM]
12:30:07.949 [FXGL Background Thread 3 ] DEBUG Engine               - globalMusicVolume: 0.5
12:30:07.949 [FXGL Background Thread 3 ] DEBUG Engine               - globalMusicVolumeProperty: DoubleProperty [value: 0.25]
12:30:07.950 [FXGL Background Thread 3 ] DEBUG Engine               - globalSoundVolume: 0.5
12:30:07.950 [FXGL Background Thread 3 ] DEBUG Engine               - globalSoundVolumeProperty: DoubleProperty [value: 0.5]
12:30:07.950 [FXGL Background Thread 3 ] DEBUG Engine               - height: 720
12:30:07.950 [FXGL Background Thread 3 ] DEBUG Engine               - is3D: false
12:30:07.951 [FXGL Background Thread 3 ] DEBUG Engine               - isAndroid: false
12:30:07.951 [FXGL Background Thread 3 ] DEBUG Engine               - isBrowser: false
12:30:07.951 [FXGL Background Thread 3 ] DEBUG Engine               - isClickFeedbackEnabled: false
12:30:07.951 [FXGL Background Thread 3 ] DEBUG Engine               - isCloseConfirmation: false
12:30:07.951 [FXGL Background Thread 3 ] DEBUG Engine               - isDesktop: true
12:30:07.951 [FXGL Background Thread 3 ] DEBUG Engine               - isDeveloperMenuEnabled: false
12:30:07.951 [FXGL Background Thread 3 ] DEBUG Engine               - isEmbedded: false
12:30:07.952 [FXGL Background Thread 3 ] DEBUG Engine               - isEntityPreloadEnabled: true
12:30:07.952 [FXGL Background Thread 3 ] DEBUG Engine               - isExperimentalTiledLargeMap: false
12:30:07.952 [FXGL Background Thread 3 ] DEBUG Engine               - isFileSystemWriteAllowed: true
12:30:07.952 [FXGL Background Thread 3 ] DEBUG Engine               - isFullScreenAllowed: false
12:30:07.953 [FXGL Background Thread 3 ] DEBUG Engine               - isFullScreenFromStart: false
12:30:07.953 [FXGL Background Thread 3 ] DEBUG Engine               - isGameMenuEnabled: true
12:30:07.953 [FXGL Background Thread 3 ] DEBUG Engine               - isIOS: false
12:30:07.953 [FXGL Background Thread 3 ] DEBUG Engine               - isIntroEnabled: false
12:30:07.953 [FXGL Background Thread 3 ] DEBUG Engine               - isLinux: false
12:30:07.954 [FXGL Background Thread 3 ] DEBUG Engine               - isMac: false
12:30:07.954 [FXGL Background Thread 3 ] DEBUG Engine               - isMainMenuEnabled: false
12:30:07.954 [FXGL Background Thread 3 ] DEBUG Engine               - isManualResizeEnabled: false
12:30:07.954 [FXGL Background Thread 3 ] DEBUG Engine               - isMobile: false
12:30:07.954 [FXGL Background Thread 3 ] DEBUG Engine               - isNative: false
12:30:07.954 [FXGL Background Thread 3 ] DEBUG Engine               - isPauseMusicWhenMinimized: true
12:30:07.955 [FXGL Background Thread 3 ] DEBUG Engine               - isPreserveResizeRatio: false
12:30:07.955 [FXGL Background Thread 3 ] DEBUG Engine               - isProfilingEnabled: false
12:30:07.955 [FXGL Background Thread 3 ] DEBUG Engine               - isScaleAffectedOnResize: true
12:30:07.955 [FXGL Background Thread 3 ] DEBUG Engine               - isSingleStep: false
12:30:07.955 [FXGL Background Thread 3 ] DEBUG Engine               - isUserProfileEnabled: false
12:30:07.955 [FXGL Background Thread 3 ] DEBUG Engine               - isWindows: true
12:30:07.955 [FXGL Background Thread 3 ] DEBUG Engine               - language: ObjectProperty [value: ENGLISH]
12:30:07.956 [FXGL Background Thread 3 ] DEBUG Engine               - menuKey: ESCAPE
12:30:07.956 [FXGL Background Thread 3 ] DEBUG Engine               - mouseSensitivity: 0.2
12:30:07.956 [FXGL Background Thread 3 ] DEBUG Engine               - notificationViewClass: class com.almasb.fxgl.notification.view.XboxNotificationView
12:30:07.956 [FXGL Background Thread 3 ] DEBUG Engine               - pixelsPerMeter: 50.0
12:30:07.956 [FXGL Background Thread 3 ] DEBUG Engine               - platform: WINDOWS
12:30:07.956 [FXGL Background Thread 3 ] DEBUG Engine               - prefHeightProperty: ReadOnlyDoubleProperty [value: 720.0]
12:30:07.957 [FXGL Background Thread 3 ] DEBUG Engine               - prefWidthProperty: ReadOnlyDoubleProperty [value: 1280.0]
12:30:07.957 [FXGL Background Thread 3 ] DEBUG Engine               - profileDir: profiles/
12:30:07.957 [FXGL Background Thread 3 ] DEBUG Engine               - profileName: StringProperty [value: DEFAULT]
12:30:07.957 [FXGL Background Thread 3 ] DEBUG Engine               - randomSeed: -1
12:30:07.958 [FXGL Background Thread 3 ] DEBUG Engine               - runtimeInfo: RuntimeInfo(platform=WINDOWS, version=17.1, build=24.03.2022 17.34)
12:30:07.958 [FXGL Background Thread 3 ] DEBUG Engine               - saveFileExt: sav
12:30:07.958 [FXGL Background Thread 3 ] DEBUG Engine               - scaledHeightProp$fxgl: DoubleProperty [bound, value: 720.0]
12:30:07.958 [FXGL Background Thread 3 ] DEBUG Engine               - scaledWidthProp$fxgl: DoubleProperty [bound, value: 1280.0]
12:30:07.958 [FXGL Background Thread 3 ] DEBUG Engine               - sceneFactory: com.almasb.fxglgames.platformer.PlatformerApp$1@48fb97ad
12:30:07.958 [FXGL Background Thread 3 ] DEBUG Engine               - secondsIn24h: 60
12:30:07.958 [FXGL Background Thread 3 ] DEBUG Engine               - soundMenuBack: menu/back.wav
12:30:07.959 [FXGL Background Thread 3 ] DEBUG Engine               - soundMenuPress: menu/press.wav
12:30:07.959 [FXGL Background Thread 3 ] DEBUG Engine               - soundMenuSelect: menu/select.wav
12:30:07.959 [FXGL Background Thread 3 ] DEBUG Engine               - soundNotification: core/notification.wav
12:30:07.959 [FXGL Background Thread 3 ] DEBUG Engine               - stageStyle: DECORATED
12:30:07.959 [FXGL Background Thread 3 ] DEBUG Engine               - supportedLanguages: [ENGLISH, FRENCH, GERMAN, HUNGARIAN, RUSSIAN]
12:30:07.960 [FXGL Background Thread 3 ] DEBUG Engine               - ticksPerSecond: -1
12:30:07.960 [FXGL Background Thread 3 ] DEBUG Engine               - title: Miguel
12:30:07.960 [FXGL Background Thread 3 ] DEBUG Engine               - urlGithub: https://github.com/AlmasB/FXGL
12:30:07.960 [FXGL Background Thread 3 ] DEBUG Engine               - urlLeaderboard: http://fxgl-top.herokuapp.com/
12:30:07.960 [FXGL Background Thread 3 ] DEBUG Engine               - urlPOM: https://raw.githubusercontent.com/AlmasB/FXGL/release/README.md
12:30:07.960 [FXGL Background Thread 3 ] DEBUG Engine               - userAppClass: class com.almasb.fxglgames.platformer.PlatformerApp
12:30:07.960 [FXGL Background Thread 3 ] DEBUG Engine               - version: 1.0
12:30:07.960 [FXGL Background Thread 3 ] DEBUG Engine               - versionCheckDays: 7
12:30:07.961 [FXGL Background Thread 3 ] DEBUG Engine               - width: 1280
12:30:07.961 [FXGL Background Thread 3 ] DEBUG Engine               - Logging services
12:30:07.961 [FXGL Background Thread 3 ] DEBUG Engine               - class com.almasb.fxgl.app.services.FXGLAssetLoaderService
12:30:07.961 [FXGL Background Thread 3 ] DEBUG Engine               - class com.almasb.fxgl.app.FXGLApplication$GameApplicationService
12:30:07.961 [FXGL Background Thread 3 ] DEBUG Engine               - class com.almasb.fxgl.app.services.FXGLDialogService
12:30:07.961 [FXGL Background Thread 3 ] DEBUG Engine               - class com.almasb.fxgl.app.services.IOTaskExecutorService
12:30:07.961 [FXGL Background Thread 3 ] DEBUG Engine               - class com.almasb.fxgl.io.FileSystemService
12:30:07.961 [FXGL Background Thread 3 ] DEBUG Engine               - class com.almasb.fxgl.localization.LocalizationService
12:30:07.962 [FXGL Background Thread 3 ] DEBUG Engine               - class com.almasb.fxgl.app.services.SystemBundleService
12:30:07.962 [FXGL Background Thread 3 ] DEBUG Engine               - class com.almasb.fxgl.profile.SaveLoadService
12:30:07.962 [FXGL Background Thread 3 ] DEBUG Engine               - class com.almasb.fxgl.ui.FXGLUIFactoryServiceProvider
12:30:07.962 [FXGL Background Thread 3 ] DEBUG Engine               - class com.almasb.fxgl.ui.FXGLDialogFactoryServiceProvider
12:30:07.962 [FXGL Background Thread 3 ] DEBUG Engine               - class com.almasb.fxgl.audio.AudioPlayer
12:30:07.962 [FXGL Background Thread 3 ] DEBUG Engine               - class com.almasb.fxgl.notification.impl.NotificationServiceProvider
12:30:07.962 [FXGL Background Thread 3 ] DEBUG Engine               - class com.almasb.fxgl.achievement.AchievementService
12:30:07.962 [FXGL Background Thread 3 ] DEBUG Engine               - class com.almasb.fxgl.cutscene.CutsceneService
12:30:07.962 [FXGL Background Thread 3 ] DEBUG Engine               - class com.almasb.fxgl.minigames.MiniGameService
12:30:07.963 [FXGL Background Thread 3 ] DEBUG Engine               - class com.almasb.fxgl.net.NetService
12:30:07.963 [FXGL Background Thread 3 ] DEBUG Engine               - class com.almasb.fxgl.app.services.UpdaterService
12:30:07.963 [FXGL Background Thread 3 ] DEBUG Engine               - class com.almasb.fxgl.dev.DevService
12:30:08.868 [JavaFX Application Thread] DEBUG PrimaryStageWindow   - Push state: DialogSubScene
12:30:08.868 [JavaFX Application Thread] DEBUG Input                - Clearing active input actions
12:30:08.871 [JavaFX Application Thread] DEBUG GameApplicationServi - Removing overlay from GameScene and adding to DialogSubScene
12:30:08.872 [JavaFX Application Thread] DEBUG PrimaryStageWindow   - GameScene -> DialogSubScene
12:30:09.472 [JavaFX Application Thread] DEBUG PrimaryStageWindow   - Pop state: DialogSubScene
12:30:09.472 [JavaFX Application Thread] DEBUG Input                - Clearing active input actions
12:30:09.473 [JavaFX Application Thread] DEBUG GameApplicationServi - Removing overlay from DialogSubScene and adding to GameScene
12:30:09.473 [JavaFX Application Thread] DEBUG PrimaryStageWindow   - GameScene <- DialogSubScene
12:30:09.475 [JavaFX Application Thread] WARN  TMXLevelLoader       - TiledMap generated from 1.10.0. Supported version: 1.4.2. Some features may not be parsed fully.
12:30:09.479 [JavaFX Application Thread] DEBUG TMXLevelLoader       - Parsed TiledMap: file:/C:/Users/koenm/Documents/GitHub/ipose-groep-4/target/classes/assets/levels/tmx/level1.tmx
12:30:09.479 [JavaFX Application Thread] DEBUG TMXLevelLoader       - Creating tile layer entities
12:30:09.480 [JavaFX Application Thread] DEBUG TilesetLoader        - Loading view for layer Tile Layer 1
12:30:09.485 [JavaFX Application Thread] DEBUG TilesetLoader        - Created buffer with size 4900.0x700.0
12:30:09.510 [JavaFX Application Thread] DEBUG TMXLevelLoader       - Creating object layer entities
12:30:09.516 [JavaFX Application Thread] DEBUG GameWorld            - Clearing removable entities
12:30:09.520 [JavaFX Application Thread] DEBUG GameWorld            - Setting level: com.almasb.fxgl.entity.level.Level@187cf07
12:30:10.561 [JavaFX Application Thread] DEBUG FXGLApplication      - Exiting FXGL
12:30:10.561 [JavaFX Application Thread] DEBUG LoopRunner           - Stopping loop
12:30:10.562 [JavaFX Application Thread] DEBUG SystemBundleService  - Saving FXGL system data
12:30:10.564 [JavaFX Application Thread] DEBUG FileSystemAccess     - Writing to: C:\Users\koenm\Documents\GitHub\ipose-groep-4\system\fxgl.bundle
12:30:10.567 [JavaFX Application Thread] DEBUG Async                - Shutting down background threads
12:30:10.567 [JavaFX Application Thread] DEBUG PrimaryStageWindow   - Closing main window
12:30:10.582 [JavaFX Application Thread] DEBUG Logger               - Closing Logger
