13:43:23.500 [main                     ] DEBUG Logger               - Configured Logger
13:43:23.531 [main                     ] DEBUG GameApplication      - Logging settings
Title: Untitled
Version: 0.0
Width: 1400
Height: 720
Fullscreen: false
Intro: false
Profiling: false
Single step:false
App Mode: DEVELOPER
Menu Key: ESCAPE
Stage Style: DECORATED
Scene Factory: class com.nieuw.MiguelPlatformer.PlatformerApp$1

13:43:23.841 [JavaFX Application Thread] DEBUG FXGLApplication      - Initializing FXGL
13:43:23.846 [JavaFX Application Thread] INFO  Engine               - FXGL-17.1 (24.03.2022 17.34) on WINDOWS (J:19.0.1 FX:19-ea)
13:43:23.846 [JavaFX Application Thread] DEBUG Engine               - JRE Vendor Name: Oracle Corporation
13:43:23.847 [JavaFX Application Thread] DEBUG Engine               - Running on OS: Windows 10 version 10.0
13:43:23.847 [JavaFX Application Thread] DEBUG Engine               - Architecture: amd64
13:43:23.847 [JavaFX Application Thread] INFO  Engine               - Source code and latest versions at: https://github.com/AlmasB/FXGL
13:43:23.847 [JavaFX Application Thread] INFO  Engine               -       Ask questions and discuss at: https://github.com/AlmasB/FXGL/discussions
13:43:23.847 [JavaFX Application Thread] INFO  Engine               -              Join the FXGL chat at: https://gitter.im/AlmasB/FXGL
13:43:23.912 [JavaFX Application Thread] DEBUG PrimaryStageWindow   - Creating a JavaFX scene
13:43:23.950 [JavaFX Application Thread] DEBUG PrimaryStageWindow   - Target settings size: 1400.0 x 720.0
13:43:23.951 [JavaFX Application Thread] DEBUG PrimaryStageWindow   - Scaled scene size:    1400.0 x 720.0
13:43:23.951 [JavaFX Application Thread] DEBUG PrimaryStageWindow   - Scaled ratio: (1.0, 1.0)
13:43:23.952 [JavaFX Application Thread] DEBUG PrimaryStageWindow   - Set initial scene to FXGLStartupScene
13:43:23.958 [JavaFX Application Thread] DEBUG PrimaryStageWindow   - Opening main window
13:43:24.027 [JavaFX Application Thread] DEBUG PrimaryStageWindow   - Window border size: (14.4000244140625, 37.5999755859375)
13:43:24.027 [JavaFX Application Thread] DEBUG PrimaryStageWindow   - Scaled size: 1400.0 x 720.0
13:43:24.027 [JavaFX Application Thread] DEBUG PrimaryStageWindow   - Scaled ratio: (1.0, 1.0)
13:43:24.028 [JavaFX Application Thread] DEBUG PrimaryStageWindow   - Scene size: 1400.0 x 720.0
13:43:24.028 [JavaFX Application Thread] DEBUG PrimaryStageWindow   - Stage size: 1414.4000244140625 x 757.5999755859375
13:43:24.034 [FXGL Background Thread 1 ] DEBUG Engine               - Initializing environment variables
13:43:24.083 [FXGL Background Thread 1 ] DEBUG FXGLAssetLoaderServi - User app class for loading assets: class com.nieuw.MiguelPlatformer.PlatformerApp
13:43:24.083 [FXGL Background Thread 1 ] DEBUG GameApplicationServi - Applying CSS: fxgl_dark.css
13:43:24.084 [FXGL Background Thread 1 ] DEBUG FXGLAssetLoaderServi - Loading from file system: jar:file:///C:/Users/jardk/.m2/repository/com/github/almasb/fxgl/17.1/fxgl-17.1.jar!/fxglassets/ui/css/fxgl_dark.css
13:43:24.123 [FXGL Background Thread 1 ] DEBUG GameApplicationServi - Initializing application scenes
13:43:24.170 [FXGL Background Thread 1 ] DEBUG FXGLAssetLoaderServi - Loading from file system: file:/C:/ipose-groep-4/target/classes/assets/textures/player.png
13:43:24.190 [FXGL Background Thread 1 ] DEBUG GameWorld            - Game world initialized
13:43:24.243 [FXGL Background Thread 1 ] DEBUG PhysicsWorld         - Physics world initialized: appHeight=720, physics.ppm=50,0
13:43:24.244 [FXGL Background Thread 1 ] DEBUG PhysicsWorld         - Using strategy: BRUTE_FORCE
13:43:24.249 [FXGL Background Thread 1 ] DEBUG GameScene            - Game scene initialized: 1400x720
13:43:24.257 [FXGL Background Thread 1 ] DEBUG FXGL.DefaultMenu     - createMenuBodyGameMenu()
13:43:24.270 [FXGL Background Thread 1 ] DEBUG FXGL.DefaultMenu     - createOptionsMenu()
13:43:24.284 [FXGL Background Thread 1 ] DEBUG FXGLAssetLoaderServi - Loading from file system: jar:file:///C:/Users/jardk/.m2/repository/com/github/almasb/fxgl/17.1/fxgl-17.1.jar!/fxglassets/textures/particles/smoke.png
13:43:24.355 [FXGL Background Thread 1 ] DEBUG FXGLAssetLoaderServi - Loading from file system: jar:file:///C:/Users/jardk/.m2/repository/com/github/almasb/fxgl/17.1/fxgl-17.1.jar!/fxglassets/textures/particles/trace_horizontal.png
13:43:24.383 [FXGL Background Thread 1 ] DEBUG GameApplicationServi - Application scenes initialized
13:43:24.398 [FXGL Background Thread 1 ] DEBUG SystemBundleService  - Loading FXGL system data
13:43:24.401 [FXGL Background Thread 1 ] DEBUG FileSystemAccess     - Reading from: C:\ipose-groep-4\system\fxgl.bundle
13:43:24.411 [FXGL Background Thread 1 ] DEBUG SystemBundleService  - Bundle FXGL: {}
13:43:24.411 [FXGL Background Thread 1 ] DEBUG UpdaterService       - Checking for updates
13:43:24.414 [FXGL Background Thread 4 ] DEBUG FXGLApplication      - Loading fonts
13:43:24.415 [FXGL Background Thread 1 ] DEBUG FXGLApplication      - Loading default localization
13:43:24.415 [FXGL Background Thread 4 ] DEBUG FXGLAssetLoaderServi - Loading from file system: jar:file:///C:/Users/jardk/.m2/repository/com/github/almasb/fxgl/17.1/fxgl-17.1.jar!/fxglassets/ui/fonts/VarelaRound-Regular.ttf
13:43:24.415 [FXGL Background Thread 1 ] DEBUG FXGLAssetLoaderServi - Loading from file system: jar:file:///C:/Users/jardk/.m2/repository/com/github/almasb/fxgl/17.1/fxgl-17.1.jar!/fxglassets/languages/english.lang
13:43:24.438 [FXGL Background Thread 1 ] INFO  FXGLApplication      - FXGL initialization took: 0,404 sec
13:43:24.448 [JavaFX Application Thread] DEBUG Input                - Registered new binding: Left - A
13:43:24.448 [JavaFX Application Thread] DEBUG Input                - Registered new binding: Right - D
13:43:24.448 [JavaFX Application Thread] DEBUG Input                - Registered new binding: Jump - W
13:43:24.448 [JavaFX Application Thread] DEBUG Input                - Registered new binding: Use - E
13:43:24.449 [JavaFX Application Thread] DEBUG FXGLAssetLoaderServi - Loading from file system: file:/C:/ipose-groep-4/target/classes/assets/music/BGM_dash_runner.wav
13:43:24.472 [FXGL Background Thread 4 ] DEBUG FXGLAssetLoaderServi - Loading from file system: jar:file:///C:/Users/jardk/.m2/repository/com/github/almasb/fxgl/17.1/fxgl-17.1.jar!/fxglassets/ui/fonts/Abel-Regular.ttf
13:43:24.476 [FXGL Background Thread 4 ] DEBUG FXGLAssetLoaderServi - Loading from file system: jar:file:///C:/Users/jardk/.m2/repository/com/github/almasb/fxgl/17.1/fxgl-17.1.jar!/fxglassets/ui/fonts/TerminalLandMono-Regular.otf
13:43:24.482 [FXGL Background Thread 4 ] DEBUG FXGLAssetLoaderServi - Loading from file system: jar:file:///C:/Users/jardk/.m2/repository/com/github/almasb/fxgl/17.1/fxgl-17.1.jar!/fxglassets/ui/fonts/Courier-Prime.ttf
13:43:24.559 [JavaFX Application Thread] DEBUG AudioPlayer          - Playing music com.almasb.fxgl.audio.Music@6e00d5ac
13:43:24.560 [JavaFX Application Thread] DEBUG FXGLAssetLoaderServi - Loading from file system: jar:file:///C:/Users/jardk/.m2/repository/com/github/almasb/fxgl/17.1/fxgl-17.1.jar!/fxglassets/textures/fxgl_icon.png
13:43:24.571 [JavaFX Application Thread] DEBUG FXGLAssetLoaderServi - Loading from file system: jar:file:///C:/Users/jardk/.m2/repository/com/github/almasb/fxgl/17.1/fxgl-17.1.jar!/fxglassets/textures/fxgl_default_cursor.png
13:43:24.573 [JavaFX Application Thread] DEBUG Input                - Registered new binding: Screenshot - CTRL+8
13:43:24.574 [JavaFX Application Thread] DEBUG Input                - Registered new binding: System info dump - CTRL+9
13:43:24.574 [JavaFX Application Thread] DEBUG Input                - Registered new binding: Restart - CTRL+R
13:43:24.575 [JavaFX Application Thread] DEBUG Input                - Registered new binding: Toggle Debug Camera - CTRL+7
13:43:24.576 [JavaFX Application Thread] DEBUG LoopRunner           - Starting loop
13:43:24.577 [JavaFX Application Thread] DEBUG LoopRunner           - Initializing JavaFX AnimationTimerLoop
13:43:24.578 [JavaFX Application Thread] DEBUG GameApplicationServi - Starting new game
13:43:24.578 [JavaFX Application Thread] DEBUG Input                - Clearing active input actions
13:43:24.593 [JavaFX Application Thread] DEBUG GameApplicationServi - Removing overlay from FXGLStartupScene and adding to MainLoadingScene
13:43:24.594 [JavaFX Application Thread] DEBUG PrimaryStageWindow   - FXGLStartupScene -> MainLoadingScene
13:43:24.594 [JavaFX Application Thread] DEBUG GameApplicationServi - Clearing previous game
13:43:24.594 [JavaFX Application Thread] DEBUG GameScene            - Clearing game scene
13:43:24.594 [JavaFX Application Thread] DEBUG GameWorld            - Clearing game world
13:43:24.594 [JavaFX Application Thread] DEBUG PhysicsWorld         - Clearing physics world
13:43:24.595 [FXGL Background Thread 4 ] DEBUG FXGLApplication      - Initializing game
13:43:24.595 [JavaFX Application Thread] DEBUG FXGLApplication      - Registering font factories with UI factory
13:43:24.650 [FXGL Background Thread 4 ] WARN  TMXLevelLoader       - TiledMap generated from 1.2.3. Supported version: 1.4.2. Some features may not be parsed fully.
13:43:24.661 [FXGL Background Thread 4 ] DEBUG TMXLevelLoader       - Parsed TiledMap: file:/C:/ipose-groep-4/target/classes/assets/levels/tmx/level1.tmx
13:43:24.663 [FXGL Background Thread 4 ] DEBUG TMXLevelLoader       - Creating tile layer entities
13:43:24.666 [FXGL Background Thread 4 ] DEBUG TilesetLoader        - Loading view for layer Tile Layer 1
13:43:24.668 [FXGL Background Thread 4 ] DEBUG TilesetLoader        - Created buffer with size 1050.0x700.0
13:43:24.692 [FXGL Background Thread 4 ] DEBUG TMXLevelLoader       - Creating object layer entities
13:43:24.721 [FXGL Background Thread 4 ] DEBUG GameWorld            - Clearing removable entities
13:43:24.722 [FXGL Background Thread 4 ] DEBUG GameWorld            - Setting level: com.almasb.fxgl.entity.level.Level@1fabbd1a
13:43:24.754 [FXGL Background Thread 4 ] DEBUG FXGLAssetLoaderServi - Loading from file system: file:/C:/ipose-groep-4/target/classes/assets/textures/background/forest.png
13:43:24.775 [FXGL Background Thread 4 ] INFO  FXGLApplication      - Game initialization took: 0,179 sec
13:43:24.797 [FXGL Background Thread 2 ] INFO  UpdaterService       - Your current version:  17.1
13:43:24.797 [FXGL Background Thread 2 ] INFO  UpdaterService       - Latest stable version: 17.3
13:43:24.840 [JavaFX Application Thread] DEBUG Input                - Clearing active input actions
13:43:24.845 [JavaFX Application Thread] DEBUG GameApplicationServi - Removing overlay from MainLoadingScene and adding to GameScene
13:43:24.846 [JavaFX Application Thread] DEBUG PrimaryStageWindow   - MainLoadingScene -> GameScene
13:43:27.414 [FXGL Background Thread 3 ] DEBUG Engine               - Logging environment variables
13:43:27.415 [FXGL Background Thread 3 ] DEBUG Engine               - achievements: []
13:43:27.415 [FXGL Background Thread 3 ] DEBUG Engine               - actualHeight: 720.0
13:43:27.415 [FXGL Background Thread 3 ] DEBUG Engine               - actualHeightProperty: ReadOnlyDoubleProperty [value: 720.0]
13:43:27.415 [FXGL Background Thread 3 ] DEBUG Engine               - actualWidth: 1400.0
13:43:27.415 [FXGL Background Thread 3 ] DEBUG Engine               - actualWidthProperty: ReadOnlyDoubleProperty [value: 1400.0]
13:43:27.415 [FXGL Background Thread 3 ] DEBUG Engine               - appIcon: fxgl_icon.png
13:43:27.415 [FXGL Background Thread 3 ] DEBUG Engine               - applicationMode: DEVELOPER
13:43:27.415 [FXGL Background Thread 3 ] DEBUG Engine               - cSSList: [fxgl_dark.css]
13:43:27.415 [FXGL Background Thread 3 ] DEBUG Engine               - collisionDetectionStrategy: BRUTE_FORCE
13:43:27.415 [FXGL Background Thread 3 ] DEBUG Engine               - configClass: Optional.empty
13:43:27.415 [FXGL Background Thread 3 ] DEBUG Engine               - credits: []
13:43:27.416 [FXGL Background Thread 3 ] DEBUG Engine               - defaultCursor: CursorInfo(imageName=fxgl_default_cursor.png, hotspotX=7.0, hotspotY=6.0)
13:43:27.416 [FXGL Background Thread 3 ] DEBUG Engine               - devBBoxColorProperty: ObjectProperty [value: 0xff0000ff]
13:43:27.416 [FXGL Background Thread 3 ] DEBUG Engine               - devEnableDebugCameraProperty: BooleanProperty [value: false]
13:43:27.416 [FXGL Background Thread 3 ] DEBUG Engine               - devSensorColorProperty: ObjectProperty [value: 0xffff00ff]
13:43:27.416 [FXGL Background Thread 3 ] DEBUG Engine               - devShowBBoxProperty: BooleanProperty [value: false]
13:43:27.416 [FXGL Background Thread 3 ] DEBUG Engine               - devShowPositionProperty: BooleanProperty [value: false]
13:43:27.416 [FXGL Background Thread 3 ] DEBUG Engine               - enabledMenuItems: []
13:43:27.416 [FXGL Background Thread 3 ] DEBUG Engine               - engineServices: [class com.almasb.fxgl.app.services.FXGLAssetLoaderService, class com.almasb.fxgl.app.FXGLApplication$GameApplicationService, class com.almasb.fxgl.app.services.FXGLDialogService, class com.almasb.fxgl.app.services.IOTaskExecutorService, class com.almasb.fxgl.io.FileSystemService, class com.almasb.fxgl.localization.LocalizationService, class com.almasb.fxgl.app.services.SystemBundleService, class com.almasb.fxgl.profile.SaveLoadService, class com.almasb.fxgl.ui.FXGLUIFactoryServiceProvider, class com.almasb.fxgl.ui.FXGLDialogFactoryServiceProvider, class com.almasb.fxgl.audio.AudioPlayer, class com.almasb.fxgl.notification.impl.NotificationServiceProvider, class com.almasb.fxgl.achievement.AchievementService, class com.almasb.fxgl.cutscene.CutsceneService, class com.almasb.fxgl.minigames.MiniGameService, class com.almasb.fxgl.net.NetService, class com.almasb.fxgl.app.services.UpdaterService, class com.almasb.fxgl.dev.DevService]
13:43:27.416 [FXGL Background Thread 3 ] DEBUG Engine               - fontGame: Abel-Regular.ttf
13:43:27.416 [FXGL Background Thread 3 ] DEBUG Engine               - fontMono: TerminalLandMono-Regular.otf
13:43:27.416 [FXGL Background Thread 3 ] DEBUG Engine               - fontText: Courier-Prime.ttf
13:43:27.416 [FXGL Background Thread 3 ] DEBUG Engine               - fontUI: VarelaRound-Regular.ttf
13:43:27.416 [FXGL Background Thread 3 ] DEBUG Engine               - fullScreen: BooleanProperty [value: false]
13:43:27.416 [FXGL Background Thread 3 ] DEBUG Engine               - gameDifficulty: MEDIUM
13:43:27.416 [FXGL Background Thread 3 ] DEBUG Engine               - gameDifficultyProperty: ObjectProperty [value: MEDIUM]
13:43:27.416 [FXGL Background Thread 3 ] DEBUG Engine               - globalMusicVolume: 0.5
13:43:27.417 [FXGL Background Thread 3 ] DEBUG Engine               - globalMusicVolumeProperty: DoubleProperty [value: 0.25]
13:43:27.417 [FXGL Background Thread 3 ] DEBUG Engine               - globalSoundVolume: 0.5
13:43:27.417 [FXGL Background Thread 3 ] DEBUG Engine               - globalSoundVolumeProperty: DoubleProperty [value: 0.5]
13:43:27.417 [FXGL Background Thread 3 ] DEBUG Engine               - height: 720
13:43:27.417 [FXGL Background Thread 3 ] DEBUG Engine               - is3D: false
13:43:27.417 [FXGL Background Thread 3 ] DEBUG Engine               - isAndroid: false
13:43:27.417 [FXGL Background Thread 3 ] DEBUG Engine               - isBrowser: false
13:43:27.417 [FXGL Background Thread 3 ] DEBUG Engine               - isClickFeedbackEnabled: false
13:43:27.417 [FXGL Background Thread 3 ] DEBUG Engine               - isCloseConfirmation: false
13:43:27.417 [FXGL Background Thread 3 ] DEBUG Engine               - isDesktop: true
13:43:27.417 [FXGL Background Thread 3 ] DEBUG Engine               - isDeveloperMenuEnabled: false
13:43:27.417 [FXGL Background Thread 3 ] DEBUG Engine               - isEmbedded: false
13:43:27.417 [FXGL Background Thread 3 ] DEBUG Engine               - isEntityPreloadEnabled: true
13:43:27.417 [FXGL Background Thread 3 ] DEBUG Engine               - isExperimentalTiledLargeMap: false
13:43:27.417 [FXGL Background Thread 3 ] DEBUG Engine               - isFileSystemWriteAllowed: true
13:43:27.417 [FXGL Background Thread 3 ] DEBUG Engine               - isFullScreenAllowed: false
13:43:27.417 [FXGL Background Thread 3 ] DEBUG Engine               - isFullScreenFromStart: false
13:43:27.417 [FXGL Background Thread 3 ] DEBUG Engine               - isGameMenuEnabled: true
13:43:27.417 [FXGL Background Thread 3 ] DEBUG Engine               - isIOS: false
13:43:27.417 [FXGL Background Thread 3 ] DEBUG Engine               - isIntroEnabled: false
13:43:27.417 [FXGL Background Thread 3 ] DEBUG Engine               - isLinux: false
13:43:27.417 [FXGL Background Thread 3 ] DEBUG Engine               - isMac: false
13:43:27.417 [FXGL Background Thread 3 ] DEBUG Engine               - isMainMenuEnabled: false
13:43:27.417 [FXGL Background Thread 3 ] DEBUG Engine               - isManualResizeEnabled: false
13:43:27.417 [FXGL Background Thread 3 ] DEBUG Engine               - isMobile: false
13:43:27.417 [FXGL Background Thread 3 ] DEBUG Engine               - isNative: false
13:43:27.417 [FXGL Background Thread 3 ] DEBUG Engine               - isPauseMusicWhenMinimized: true
13:43:27.418 [FXGL Background Thread 3 ] DEBUG Engine               - isPreserveResizeRatio: false
13:43:27.418 [FXGL Background Thread 3 ] DEBUG Engine               - isProfilingEnabled: false
13:43:27.418 [FXGL Background Thread 3 ] DEBUG Engine               - isScaleAffectedOnResize: true
13:43:27.418 [FXGL Background Thread 3 ] DEBUG Engine               - isSingleStep: false
13:43:27.418 [FXGL Background Thread 3 ] DEBUG Engine               - isUserProfileEnabled: false
13:43:27.418 [FXGL Background Thread 3 ] DEBUG Engine               - isWindows: true
13:43:27.418 [FXGL Background Thread 3 ] DEBUG Engine               - language: ObjectProperty [value: ENGLISH]
13:43:27.418 [FXGL Background Thread 3 ] DEBUG Engine               - menuKey: ESCAPE
13:43:27.418 [FXGL Background Thread 3 ] DEBUG Engine               - mouseSensitivity: 0.2
13:43:27.418 [FXGL Background Thread 3 ] DEBUG Engine               - notificationViewClass: class com.almasb.fxgl.notification.view.XboxNotificationView
13:43:27.418 [FXGL Background Thread 3 ] DEBUG Engine               - pixelsPerMeter: 50.0
13:43:27.418 [FXGL Background Thread 3 ] DEBUG Engine               - platform: WINDOWS
13:43:27.418 [FXGL Background Thread 3 ] DEBUG Engine               - prefHeightProperty: ReadOnlyDoubleProperty [value: 720.0]
13:43:27.418 [FXGL Background Thread 3 ] DEBUG Engine               - prefWidthProperty: ReadOnlyDoubleProperty [value: 1400.0]
13:43:27.418 [FXGL Background Thread 3 ] DEBUG Engine               - profileDir: profiles/
13:43:27.418 [FXGL Background Thread 3 ] DEBUG Engine               - profileName: StringProperty [value: DEFAULT]
13:43:27.418 [FXGL Background Thread 3 ] DEBUG Engine               - randomSeed: -1
13:43:27.418 [FXGL Background Thread 3 ] DEBUG Engine               - runtimeInfo: RuntimeInfo(platform=WINDOWS, version=17.1, build=24.03.2022 17.34)
13:43:27.418 [FXGL Background Thread 3 ] DEBUG Engine               - saveFileExt: sav
13:43:27.418 [FXGL Background Thread 3 ] DEBUG Engine               - scaledHeightProp$fxgl: DoubleProperty [bound, value: 720.0]
13:43:27.419 [FXGL Background Thread 3 ] DEBUG Engine               - scaledWidthProp$fxgl: DoubleProperty [bound, value: 1400.0]
13:43:27.419 [FXGL Background Thread 3 ] DEBUG Engine               - sceneFactory: com.nieuw.MiguelPlatformer.PlatformerApp$1@54b16136
13:43:27.419 [FXGL Background Thread 3 ] DEBUG Engine               - secondsIn24h: 60
13:43:27.419 [FXGL Background Thread 3 ] DEBUG Engine               - soundMenuBack: menu/back.wav
13:43:27.419 [FXGL Background Thread 3 ] DEBUG Engine               - soundMenuPress: menu/press.wav
13:43:27.419 [FXGL Background Thread 3 ] DEBUG Engine               - soundMenuSelect: menu/select.wav
13:43:27.419 [FXGL Background Thread 3 ] DEBUG Engine               - soundNotification: core/notification.wav
13:43:27.419 [FXGL Background Thread 3 ] DEBUG Engine               - stageStyle: DECORATED
13:43:27.419 [FXGL Background Thread 3 ] DEBUG Engine               - supportedLanguages: [ENGLISH, FRENCH, GERMAN, HUNGARIAN, RUSSIAN]
13:43:27.419 [FXGL Background Thread 3 ] DEBUG Engine               - ticksPerSecond: -1
13:43:27.419 [FXGL Background Thread 3 ] DEBUG Engine               - title: Untitled
13:43:27.419 [FXGL Background Thread 3 ] DEBUG Engine               - urlGithub: https://github.com/AlmasB/FXGL
13:43:27.419 [FXGL Background Thread 3 ] DEBUG Engine               - urlLeaderboard: http://fxgl-top.herokuapp.com/
13:43:27.419 [FXGL Background Thread 3 ] DEBUG Engine               - urlPOM: https://raw.githubusercontent.com/AlmasB/FXGL/release/README.md
13:43:27.419 [FXGL Background Thread 3 ] DEBUG Engine               - userAppClass: class com.nieuw.MiguelPlatformer.PlatformerApp
13:43:27.419 [FXGL Background Thread 3 ] DEBUG Engine               - version: 0.0
13:43:27.419 [FXGL Background Thread 3 ] DEBUG Engine               - versionCheckDays: 7
13:43:27.419 [FXGL Background Thread 3 ] DEBUG Engine               - width: 1400
13:43:27.419 [FXGL Background Thread 3 ] DEBUG Engine               - Logging services
13:43:27.419 [FXGL Background Thread 3 ] DEBUG Engine               - class com.almasb.fxgl.app.services.FXGLAssetLoaderService
13:43:27.419 [FXGL Background Thread 3 ] DEBUG Engine               - class com.almasb.fxgl.app.FXGLApplication$GameApplicationService
13:43:27.419 [FXGL Background Thread 3 ] DEBUG Engine               - class com.almasb.fxgl.app.services.FXGLDialogService
13:43:27.419 [FXGL Background Thread 3 ] DEBUG Engine               - class com.almasb.fxgl.app.services.IOTaskExecutorService
13:43:27.419 [FXGL Background Thread 3 ] DEBUG Engine               - class com.almasb.fxgl.io.FileSystemService
13:43:27.419 [FXGL Background Thread 3 ] DEBUG Engine               - class com.almasb.fxgl.localization.LocalizationService
13:43:27.419 [FXGL Background Thread 3 ] DEBUG Engine               - class com.almasb.fxgl.app.services.SystemBundleService
13:43:27.419 [FXGL Background Thread 3 ] DEBUG Engine               - class com.almasb.fxgl.profile.SaveLoadService
13:43:27.419 [FXGL Background Thread 3 ] DEBUG Engine               - class com.almasb.fxgl.ui.FXGLUIFactoryServiceProvider
13:43:27.419 [FXGL Background Thread 3 ] DEBUG Engine               - class com.almasb.fxgl.ui.FXGLDialogFactoryServiceProvider
13:43:27.419 [FXGL Background Thread 3 ] DEBUG Engine               - class com.almasb.fxgl.audio.AudioPlayer
13:43:27.419 [FXGL Background Thread 3 ] DEBUG Engine               - class com.almasb.fxgl.notification.impl.NotificationServiceProvider
13:43:27.419 [FXGL Background Thread 3 ] DEBUG Engine               - class com.almasb.fxgl.achievement.AchievementService
13:43:27.419 [FXGL Background Thread 3 ] DEBUG Engine               - class com.almasb.fxgl.cutscene.CutsceneService
13:43:27.419 [FXGL Background Thread 3 ] DEBUG Engine               - class com.almasb.fxgl.minigames.MiniGameService
13:43:27.419 [FXGL Background Thread 3 ] DEBUG Engine               - class com.almasb.fxgl.net.NetService
13:43:27.420 [FXGL Background Thread 3 ] DEBUG Engine               - class com.almasb.fxgl.app.services.UpdaterService
13:43:27.420 [FXGL Background Thread 3 ] DEBUG Engine               - class com.almasb.fxgl.dev.DevService
13:43:27.564 [JavaFX Application Thread] DEBUG Input                - Registered new binding: Close Level End Screen - LMB
13:43:27.564 [JavaFX Application Thread] DEBUG PrimaryStageWindow   - Push state: LevelEndScene
13:43:27.564 [JavaFX Application Thread] DEBUG Input                - Clearing active input actions
13:43:27.565 [JavaFX Application Thread] DEBUG GameApplicationServi - Removing overlay from GameScene and adding to LevelEndScene
13:43:27.565 [JavaFX Application Thread] DEBUG PrimaryStageWindow   - GameScene -> LevelEndScene
13:43:29.544 [JavaFX Application Thread] DEBUG PrimaryStageWindow   - Pop state: LevelEndScene
13:43:29.544 [JavaFX Application Thread] DEBUG Input                - Clearing active input actions
13:43:29.544 [JavaFX Application Thread] DEBUG GameApplicationServi - Removing overlay from LevelEndScene and adding to GameScene
13:43:29.545 [JavaFX Application Thread] DEBUG PrimaryStageWindow   - GameScene <- LevelEndScene
13:43:30.521 [JavaFX Application Thread] WARN  TMXLevelLoader       - TiledMap generated from 1.2.3. Supported version: 1.4.2. Some features may not be parsed fully.
13:43:30.523 [JavaFX Application Thread] DEBUG TMXLevelLoader       - Parsed TiledMap: file:/C:/ipose-groep-4/target/classes/assets/levels/tmx/level2.tmx
13:43:30.523 [JavaFX Application Thread] DEBUG TMXLevelLoader       - Creating tile layer entities
13:43:30.524 [JavaFX Application Thread] DEBUG TilesetLoader        - Loading view for layer Tile Layer 1
13:43:30.526 [JavaFX Application Thread] DEBUG TilesetLoader        - Created buffer with size 1050.0x700.0
13:43:30.536 [JavaFX Application Thread] DEBUG TMXLevelLoader       - Creating object layer entities
13:43:30.539 [JavaFX Application Thread] DEBUG GameWorld            - Clearing removable entities
13:43:30.541 [JavaFX Application Thread] DEBUG GameWorld            - Setting level: com.almasb.fxgl.entity.level.Level@17b0a7e9
13:43:33.207 [JavaFX Application Thread] DEBUG PrimaryStageWindow   - Push state: LevelEndScene
13:43:33.208 [JavaFX Application Thread] DEBUG Input                - Clearing active input actions
13:43:33.208 [JavaFX Application Thread] DEBUG GameApplicationServi - Removing overlay from GameScene and adding to LevelEndScene
13:43:33.208 [JavaFX Application Thread] DEBUG PrimaryStageWindow   - GameScene -> LevelEndScene
13:43:34.666 [JavaFX Application Thread] DEBUG PrimaryStageWindow   - Pop state: LevelEndScene
13:43:34.666 [JavaFX Application Thread] DEBUG Input                - Clearing active input actions
13:43:34.666 [JavaFX Application Thread] DEBUG GameApplicationServi - Removing overlay from LevelEndScene and adding to GameScene
13:43:34.666 [JavaFX Application Thread] DEBUG PrimaryStageWindow   - GameScene <- LevelEndScene
13:43:35.657 [JavaFX Application Thread] WARN  TMXLevelLoader       - TiledMap generated from 1.2.3. Supported version: 1.4.2. Some features may not be parsed fully.
13:43:35.659 [JavaFX Application Thread] DEBUG TMXLevelLoader       - Parsed TiledMap: file:/C:/ipose-groep-4/target/classes/assets/levels/tmx/level3.tmx
13:43:35.660 [JavaFX Application Thread] DEBUG TMXLevelLoader       - Creating tile layer entities
13:43:35.660 [JavaFX Application Thread] DEBUG TilesetLoader        - Loading view for layer Tile Layer 1
13:43:35.663 [JavaFX Application Thread] DEBUG TilesetLoader        - Created buffer with size 1050.0x700.0
13:43:35.674 [JavaFX Application Thread] DEBUG TMXLevelLoader       - Creating object layer entities
13:43:35.677 [JavaFX Application Thread] DEBUG GameWorld            - Clearing removable entities
13:43:35.678 [JavaFX Application Thread] DEBUG GameWorld            - Setting level: com.almasb.fxgl.entity.level.Level@7396b553
13:43:51.863 [JavaFX Application Thread] DEBUG PrimaryStageWindow   - Push state: LevelEndScene
13:43:51.863 [JavaFX Application Thread] DEBUG Input                - Clearing active input actions
13:43:51.864 [JavaFX Application Thread] DEBUG GameApplicationServi - Removing overlay from GameScene and adding to LevelEndScene
13:43:51.864 [JavaFX Application Thread] DEBUG PrimaryStageWindow   - GameScene -> LevelEndScene
13:43:53.343 [JavaFX Application Thread] DEBUG PrimaryStageWindow   - Pop state: LevelEndScene
13:43:53.343 [JavaFX Application Thread] DEBUG Input                - Clearing active input actions
13:43:53.343 [JavaFX Application Thread] DEBUG GameApplicationServi - Removing overlay from LevelEndScene and adding to GameScene
13:43:53.344 [JavaFX Application Thread] DEBUG PrimaryStageWindow   - GameScene <- LevelEndScene
13:43:54.329 [JavaFX Application Thread] DEBUG PrimaryStageWindow   - Push state: DialogSubScene
13:43:54.329 [JavaFX Application Thread] DEBUG Input                - Clearing active input actions
13:43:54.331 [JavaFX Application Thread] DEBUG GameApplicationServi - Removing overlay from GameScene and adding to DialogSubScene
13:43:54.332 [JavaFX Application Thread] DEBUG PrimaryStageWindow   - GameScene -> DialogSubScene
13:43:55.614 [JavaFX Application Thread] DEBUG PrimaryStageWindow   - Pop state: DialogSubScene
13:43:55.614 [JavaFX Application Thread] DEBUG Input                - Clearing active input actions
13:43:55.615 [JavaFX Application Thread] DEBUG GameApplicationServi - Removing overlay from DialogSubScene and adding to GameScene
13:43:55.615 [JavaFX Application Thread] DEBUG PrimaryStageWindow   - GameScene <- DialogSubScene
13:43:57.048 [JavaFX Application Thread] DEBUG FXGLApplication      - Exiting FXGL
13:43:57.048 [JavaFX Application Thread] DEBUG LoopRunner           - Stopping loop
13:43:57.048 [JavaFX Application Thread] DEBUG SystemBundleService  - Saving FXGL system data
13:43:57.050 [JavaFX Application Thread] DEBUG FileSystemAccess     - Writing to: C:\ipose-groep-4\system\fxgl.bundle
13:43:57.052 [JavaFX Application Thread] DEBUG Async                - Shutting down background threads
13:43:57.052 [JavaFX Application Thread] DEBUG PrimaryStageWindow   - Closing main window
13:43:57.064 [JavaFX Application Thread] DEBUG Logger               - Closing Logger
