12:40:35.466 [main                     ] DEBUG Logger               - Configured Logger
12:40:35.522 [main                     ] DEBUG GameApplication      - Logging settings
Title: Miguel
Version: 1.0
Width: 1280
Height: 720
Fullscreen: false
Intro: false
Profiling: false
Single step:false
App Mode: DEVELOPER
Menu Key: ESCAPE
Stage Style: DECORATED
Scene Factory: class com.almasb.fxglgames.platformer.PlatformerApp$1

12:40:36.083 [JavaFX Application Thread] DEBUG FXGLApplication      - Initializing FXGL
12:40:36.091 [JavaFX Application Thread] INFO  Engine               - FXGL-17.1 (24.03.2022 17.34) on WINDOWS (J:19.0.1 FX:19-ea)
12:40:36.092 [JavaFX Application Thread] DEBUG Engine               - JRE Vendor Name: Oracle Corporation
12:40:36.092 [JavaFX Application Thread] DEBUG Engine               - Running on OS: Windows 10 version 10.0
12:40:36.092 [JavaFX Application Thread] DEBUG Engine               - Architecture: amd64
12:40:36.093 [JavaFX Application Thread] INFO  Engine               - Source code and latest versions at: https://github.com/AlmasB/FXGL
12:40:36.093 [JavaFX Application Thread] INFO  Engine               -       Ask questions and discuss at: https://github.com/AlmasB/FXGL/discussions
12:40:36.093 [JavaFX Application Thread] INFO  Engine               -              Join the FXGL chat at: https://gitter.im/AlmasB/FXGL
12:40:36.234 [JavaFX Application Thread] DEBUG PrimaryStageWindow   - Creating a JavaFX scene
12:40:36.307 [JavaFX Application Thread] DEBUG PrimaryStageWindow   - Target settings size: 1280.0 x 720.0
12:40:36.308 [JavaFX Application Thread] DEBUG PrimaryStageWindow   - Scaled scene size:    1280.0 x 720.0
12:40:36.308 [JavaFX Application Thread] DEBUG PrimaryStageWindow   - Scaled ratio: (1.0, 1.0)
12:40:36.310 [JavaFX Application Thread] DEBUG PrimaryStageWindow   - Set initial scene to FXGLStartupScene
12:40:36.320 [JavaFX Application Thread] DEBUG PrimaryStageWindow   - Opening main window
12:40:36.448 [JavaFX Application Thread] DEBUG PrimaryStageWindow   - Window border size: (14.4000244140625, 37.5999755859375)
12:40:36.448 [JavaFX Application Thread] DEBUG PrimaryStageWindow   - Scaled size: 1280.0 x 720.0
12:40:36.449 [JavaFX Application Thread] DEBUG PrimaryStageWindow   - Scaled ratio: (1.0, 1.0)
12:40:36.449 [JavaFX Application Thread] DEBUG PrimaryStageWindow   - Scene size: 1280.0 x 720.0
12:40:36.450 [JavaFX Application Thread] DEBUG PrimaryStageWindow   - Stage size: 1294.4000244140625 x 757.5999755859375
12:40:36.466 [FXGL Background Thread 1 ] DEBUG Engine               - Initializing environment variables
12:40:36.553 [FXGL Background Thread 1 ] DEBUG FXGLAssetLoaderServi - User app class for loading assets: class com.almasb.fxglgames.platformer.PlatformerApp
12:40:36.553 [FXGL Background Thread 1 ] DEBUG GameApplicationServi - Applying CSS: fxgl_dark.css
12:40:36.555 [FXGL Background Thread 1 ] DEBUG FXGLAssetLoaderServi - Loading from file system: jar:file:///C:/Users/jardk/.m2/repository/com/github/almasb/fxgl/17.1/fxgl-17.1.jar!/fxglassets/ui/css/fxgl_dark.css
12:40:36.645 [FXGL Background Thread 1 ] DEBUG GameApplicationServi - Initializing application scenes
12:40:36.726 [FXGL Background Thread 1 ] DEBUG FXGLAssetLoaderServi - Loading from file system: file:/C:/ipose-groep-4/target/classes/assets/textures/player.png
12:40:36.773 [FXGL Background Thread 1 ] DEBUG GameWorld            - Game world initialized
12:40:36.872 [FXGL Background Thread 1 ] DEBUG PhysicsWorld         - Physics world initialized: appHeight=720, physics.ppm=50,0
12:40:36.872 [FXGL Background Thread 1 ] DEBUG PhysicsWorld         - Using strategy: BRUTE_FORCE
12:40:36.880 [FXGL Background Thread 1 ] DEBUG GameScene            - Game scene initialized: 1280x720
12:40:36.898 [FXGL Background Thread 1 ] DEBUG FXGL.DefaultMenu     - createMenuBodyMainMenu()
12:40:36.926 [FXGL Background Thread 1 ] DEBUG FXGL.DefaultMenu     - createOptionsMenu()
12:40:36.944 [FXGL Background Thread 1 ] DEBUG FXGLAssetLoaderServi - Loading from file system: jar:file:///C:/Users/jardk/.m2/repository/com/github/almasb/fxgl/17.1/fxgl-17.1.jar!/fxglassets/textures/particles/smoke.png
12:40:37.089 [FXGL Background Thread 1 ] DEBUG FXGLAssetLoaderServi - Loading from file system: jar:file:///C:/Users/jardk/.m2/repository/com/github/almasb/fxgl/17.1/fxgl-17.1.jar!/fxglassets/textures/particles/trace_horizontal.png
12:40:37.144 [FXGL Background Thread 1 ] DEBUG FXGL.DefaultMenu     - createMenuBodyGameMenu()
12:40:37.147 [FXGL Background Thread 1 ] DEBUG FXGL.DefaultMenu     - createOptionsMenu()
12:40:37.176 [FXGL Background Thread 1 ] DEBUG GameApplicationServi - Application scenes initialized
12:40:37.195 [FXGL Background Thread 1 ] DEBUG SystemBundleService  - Loading FXGL system data
12:40:37.200 [FXGL Background Thread 1 ] DEBUG FileSystemAccess     - Reading from: C:\ipose-groep-4\system\fxgl.bundle
12:40:37.215 [FXGL Background Thread 1 ] DEBUG SystemBundleService  - Bundle FXGL: {}
12:40:37.215 [FXGL Background Thread 1 ] DEBUG UpdaterService       - Checking for updates
12:40:37.222 [FXGL Background Thread 4 ] DEBUG FXGLApplication      - Loading fonts
12:40:37.222 [FXGL Background Thread 1 ] DEBUG FXGLApplication      - Loading default localization
12:40:37.223 [FXGL Background Thread 4 ] DEBUG FXGLAssetLoaderServi - Loading from file system: jar:file:///C:/Users/jardk/.m2/repository/com/github/almasb/fxgl/17.1/fxgl-17.1.jar!/fxglassets/ui/fonts/VarelaRound-Regular.ttf
12:40:37.224 [FXGL Background Thread 1 ] DEBUG FXGLAssetLoaderServi - Loading from file system: jar:file:///C:/Users/jardk/.m2/repository/com/github/almasb/fxgl/17.1/fxgl-17.1.jar!/fxglassets/languages/english.lang
12:40:37.254 [FXGL Background Thread 1 ] INFO  FXGLApplication      - FXGL initialization took: 0,788 sec
12:40:37.272 [JavaFX Application Thread] DEBUG Input                - Registered new binding: Left - A
12:40:37.272 [JavaFX Application Thread] DEBUG Input                - Registered new binding: Right - D
12:40:37.272 [JavaFX Application Thread] DEBUG Input                - Registered new binding: Jump - W
12:40:37.273 [JavaFX Application Thread] DEBUG Input                - Registered new binding: Use - E
12:40:37.274 [JavaFX Application Thread] DEBUG FXGLAssetLoaderServi - Loading from file system: file:/C:/ipose-groep-4/target/classes/assets/music/BGM_dash_runner.wav
12:40:37.311 [FXGL Background Thread 4 ] DEBUG FXGLAssetLoaderServi - Loading from file system: jar:file:///C:/Users/jardk/.m2/repository/com/github/almasb/fxgl/17.1/fxgl-17.1.jar!/fxglassets/ui/fonts/Abel-Regular.ttf
12:40:37.316 [FXGL Background Thread 4 ] DEBUG FXGLAssetLoaderServi - Loading from file system: jar:file:///C:/Users/jardk/.m2/repository/com/github/almasb/fxgl/17.1/fxgl-17.1.jar!/fxglassets/ui/fonts/TerminalLandMono-Regular.otf
12:40:37.335 [FXGL Background Thread 4 ] DEBUG FXGLAssetLoaderServi - Loading from file system: jar:file:///C:/Users/jardk/.m2/repository/com/github/almasb/fxgl/17.1/fxgl-17.1.jar!/fxglassets/ui/fonts/Courier-Prime.ttf
12:40:37.490 [JavaFX Application Thread] DEBUG AudioPlayer          - Playing music com.almasb.fxgl.audio.Music@4d11142
12:40:37.491 [JavaFX Application Thread] DEBUG FXGLAssetLoaderServi - Loading from file system: jar:file:///C:/Users/jardk/.m2/repository/com/github/almasb/fxgl/17.1/fxgl-17.1.jar!/fxglassets/textures/fxgl_icon.png
12:40:37.523 [JavaFX Application Thread] DEBUG FXGLAssetLoaderServi - Loading from file system: jar:file:///C:/Users/jardk/.m2/repository/com/github/almasb/fxgl/17.1/fxgl-17.1.jar!/fxglassets/textures/fxgl_default_cursor.png
12:40:37.526 [JavaFX Application Thread] DEBUG Input                - Registered new binding: Screenshot - CTRL+8
12:40:37.527 [JavaFX Application Thread] DEBUG Input                - Registered new binding: System info dump - CTRL+9
12:40:37.527 [JavaFX Application Thread] DEBUG Input                - Registered new binding: Restart - CTRL+R
12:40:37.528 [JavaFX Application Thread] DEBUG Input                - Registered new binding: Toggle Debug Camera - CTRL+7
12:40:37.531 [JavaFX Application Thread] DEBUG LoopRunner           - Starting loop
12:40:37.531 [JavaFX Application Thread] DEBUG LoopRunner           - Initializing JavaFX AnimationTimerLoop
12:40:37.535 [JavaFX Application Thread] DEBUG Input                - Clearing active input actions
12:40:37.556 [JavaFX Application Thread] DEBUG GameApplicationServi - Removing overlay from FXGLStartupScene and adding to FXGLMainMenuDummyScene
12:40:37.556 [JavaFX Application Thread] DEBUG PrimaryStageWindow   - FXGLStartupScene -> FXGLMainMenuDummyScene
12:40:37.556 [JavaFX Application Thread] DEBUG PrimaryStageWindow   - Push state: FXGLDefaultMenu
12:40:37.563 [JavaFX Application Thread] DEBUG Input                - Clearing active input actions
12:40:37.575 [JavaFX Application Thread] DEBUG GameApplicationServi - Removing overlay from FXGLMainMenuDummyScene and adding to FXGLDefaultMenu
12:40:37.576 [JavaFX Application Thread] DEBUG PrimaryStageWindow   - FXGLMainMenuDummyScene -> FXGLDefaultMenu
12:40:37.576 [JavaFX Application Thread] DEBUG FXGLApplication      - Registering font factories with UI factory
12:40:39.595 [FXGL Background Thread 2 ] INFO  UpdaterService       - Your current version:  17.1
12:40:39.596 [FXGL Background Thread 2 ] INFO  UpdaterService       - Latest stable version: 17.3
12:40:39.887 [JavaFX Application Thread] DEBUG Menu                 - fireNewGame()
12:40:39.887 [JavaFX Application Thread] DEBUG GameApplicationServi - Starting new game
12:40:39.890 [JavaFX Application Thread] DEBUG PrimaryStageWindow   - Pop state: FXGLDefaultMenu
12:40:39.891 [JavaFX Application Thread] DEBUG Input                - Clearing active input actions
12:40:39.893 [JavaFX Application Thread] DEBUG GameApplicationServi - Removing overlay from FXGLDefaultMenu and adding to FXGLMainMenuDummyScene
12:40:39.894 [JavaFX Application Thread] DEBUG PrimaryStageWindow   - FXGLMainMenuDummyScene <- FXGLDefaultMenu
12:40:39.895 [JavaFX Application Thread] DEBUG Input                - Clearing active input actions
12:40:39.907 [JavaFX Application Thread] DEBUG GameApplicationServi - Removing overlay from FXGLMainMenuDummyScene and adding to MainLoadingScene
12:40:39.908 [JavaFX Application Thread] DEBUG PrimaryStageWindow   - FXGLMainMenuDummyScene -> MainLoadingScene
12:40:39.908 [JavaFX Application Thread] DEBUG GameApplicationServi - Clearing previous game
12:40:39.908 [JavaFX Application Thread] DEBUG GameScene            - Clearing game scene
12:40:39.909 [JavaFX Application Thread] DEBUG GameWorld            - Clearing game world
12:40:39.909 [JavaFX Application Thread] DEBUG PhysicsWorld         - Clearing physics world
12:40:39.912 [FXGL Background Thread 2 ] DEBUG FXGLApplication      - Initializing game
12:40:39.964 [FXGL Background Thread 2 ] WARN  TMXLevelLoader       - TiledMap generated from 1.10.0. Supported version: 1.4.2. Some features may not be parsed fully.
12:40:39.978 [FXGL Background Thread 2 ] DEBUG TMXLevelLoader       - Parsed TiledMap: file:/C:/ipose-groep-4/target/classes/assets/levels/tmx/level1.tmx
12:40:39.980 [FXGL Background Thread 2 ] DEBUG TMXLevelLoader       - Creating tile layer entities
12:40:39.982 [FXGL Background Thread 2 ] DEBUG TilesetLoader        - Loading view for layer Tile Layer 1
12:40:39.989 [FXGL Background Thread 2 ] DEBUG TilesetLoader        - Created buffer with size 4900.0x700.0
12:40:40.027 [FXGL Background Thread 2 ] DEBUG TMXLevelLoader       - Creating object layer entities
12:40:40.061 [FXGL Background Thread 2 ] DEBUG GameWorld            - Clearing removable entities
12:40:40.062 [FXGL Background Thread 2 ] DEBUG GameWorld            - Setting level: com.almasb.fxgl.entity.level.Level@c300227
12:40:40.084 [FXGL Background Thread 2 ] DEBUG FXGLAssetLoaderServi - Loading from file system: file:/C:/ipose-groep-4/target/classes/assets/textures/trump.png
12:40:40.091 [FXGL Background Thread 2 ] DEBUG FXGLAssetLoaderServi - Loading from file system: file:/C:/ipose-groep-4/target/classes/assets/textures/background/forest.png
12:40:40.118 [FXGL Background Thread 2 ] INFO  FXGLApplication      - Game initialization took: 0,205 sec
12:40:40.118 [JavaFX Application Thread] DEBUG Input                - Clearing active input actions
12:40:40.126 [JavaFX Application Thread] DEBUG GameApplicationServi - Removing overlay from MainLoadingScene and adding to GameScene
12:40:40.126 [JavaFX Application Thread] DEBUG PrimaryStageWindow   - MainLoadingScene -> GameScene
12:40:40.220 [FXGL Background Thread 3 ] DEBUG Engine               - Logging environment variables
12:40:40.220 [FXGL Background Thread 3 ] DEBUG Engine               - achievements: []
12:40:40.221 [FXGL Background Thread 3 ] DEBUG Engine               - actualHeight: 720.0
12:40:40.221 [FXGL Background Thread 3 ] DEBUG Engine               - actualHeightProperty: ReadOnlyDoubleProperty [value: 720.0]
12:40:40.221 [FXGL Background Thread 3 ] DEBUG Engine               - actualWidth: 1280.0
12:40:40.221 [FXGL Background Thread 3 ] DEBUG Engine               - actualWidthProperty: ReadOnlyDoubleProperty [value: 1280.0]
12:40:40.221 [FXGL Background Thread 3 ] DEBUG Engine               - appIcon: fxgl_icon.png
12:40:40.221 [FXGL Background Thread 3 ] DEBUG Engine               - applicationMode: DEVELOPER
12:40:40.221 [FXGL Background Thread 3 ] DEBUG Engine               - cSSList: [fxgl_dark.css]
12:40:40.221 [FXGL Background Thread 3 ] DEBUG Engine               - collisionDetectionStrategy: BRUTE_FORCE
12:40:40.221 [FXGL Background Thread 3 ] DEBUG Engine               - configClass: Optional.empty
12:40:40.222 [FXGL Background Thread 3 ] DEBUG Engine               - credits: []
12:40:40.222 [FXGL Background Thread 3 ] DEBUG Engine               - defaultCursor: CursorInfo(imageName=fxgl_default_cursor.png, hotspotX=7.0, hotspotY=6.0)
12:40:40.223 [FXGL Background Thread 3 ] DEBUG Engine               - devBBoxColorProperty: ObjectProperty [value: 0xff0000ff]
12:40:40.223 [FXGL Background Thread 3 ] DEBUG Engine               - devEnableDebugCameraProperty: BooleanProperty [value: false]
12:40:40.223 [FXGL Background Thread 3 ] DEBUG Engine               - devSensorColorProperty: ObjectProperty [value: 0xffff00ff]
12:40:40.223 [FXGL Background Thread 3 ] DEBUG Engine               - devShowBBoxProperty: BooleanProperty [value: false]
12:40:40.223 [FXGL Background Thread 3 ] DEBUG Engine               - devShowPositionProperty: BooleanProperty [value: false]
12:40:40.223 [FXGL Background Thread 3 ] DEBUG Engine               - enabledMenuItems: []
12:40:40.223 [FXGL Background Thread 3 ] DEBUG Engine               - engineServices: [class com.almasb.fxgl.app.services.FXGLAssetLoaderService, class com.almasb.fxgl.app.FXGLApplication$GameApplicationService, class com.almasb.fxgl.app.services.FXGLDialogService, class com.almasb.fxgl.app.services.IOTaskExecutorService, class com.almasb.fxgl.io.FileSystemService, class com.almasb.fxgl.localization.LocalizationService, class com.almasb.fxgl.app.services.SystemBundleService, class com.almasb.fxgl.profile.SaveLoadService, class com.almasb.fxgl.ui.FXGLUIFactoryServiceProvider, class com.almasb.fxgl.ui.FXGLDialogFactoryServiceProvider, class com.almasb.fxgl.audio.AudioPlayer, class com.almasb.fxgl.notification.impl.NotificationServiceProvider, class com.almasb.fxgl.achievement.AchievementService, class com.almasb.fxgl.cutscene.CutsceneService, class com.almasb.fxgl.minigames.MiniGameService, class com.almasb.fxgl.net.NetService, class com.almasb.fxgl.app.services.UpdaterService, class com.almasb.fxgl.dev.DevService]
12:40:40.223 [FXGL Background Thread 3 ] DEBUG Engine               - fontGame: Abel-Regular.ttf
12:40:40.223 [FXGL Background Thread 3 ] DEBUG Engine               - fontMono: TerminalLandMono-Regular.otf
12:40:40.223 [FXGL Background Thread 3 ] DEBUG Engine               - fontText: Courier-Prime.ttf
12:40:40.223 [FXGL Background Thread 3 ] DEBUG Engine               - fontUI: VarelaRound-Regular.ttf
12:40:40.223 [FXGL Background Thread 3 ] DEBUG Engine               - fullScreen: BooleanProperty [value: false]
12:40:40.224 [FXGL Background Thread 3 ] DEBUG Engine               - gameDifficulty: MEDIUM
12:40:40.224 [FXGL Background Thread 3 ] DEBUG Engine               - gameDifficultyProperty: ObjectProperty [value: MEDIUM]
12:40:40.224 [FXGL Background Thread 3 ] DEBUG Engine               - globalMusicVolume: 0.5
12:40:40.224 [FXGL Background Thread 3 ] DEBUG Engine               - globalMusicVolumeProperty: DoubleProperty [value: 0.25]
12:40:40.224 [FXGL Background Thread 3 ] DEBUG Engine               - globalSoundVolume: 0.5
12:40:40.224 [FXGL Background Thread 3 ] DEBUG Engine               - globalSoundVolumeProperty: DoubleProperty [value: 0.5]
12:40:40.225 [FXGL Background Thread 3 ] DEBUG Engine               - height: 720
12:40:40.225 [FXGL Background Thread 3 ] DEBUG Engine               - is3D: false
12:40:40.225 [FXGL Background Thread 3 ] DEBUG Engine               - isAndroid: false
12:40:40.225 [FXGL Background Thread 3 ] DEBUG Engine               - isBrowser: false
12:40:40.225 [FXGL Background Thread 3 ] DEBUG Engine               - isClickFeedbackEnabled: false
12:40:40.225 [FXGL Background Thread 3 ] DEBUG Engine               - isCloseConfirmation: false
12:40:40.225 [FXGL Background Thread 3 ] DEBUG Engine               - isDesktop: true
12:40:40.225 [FXGL Background Thread 3 ] DEBUG Engine               - isDeveloperMenuEnabled: false
12:40:40.225 [FXGL Background Thread 3 ] DEBUG Engine               - isEmbedded: false
12:40:40.225 [FXGL Background Thread 3 ] DEBUG Engine               - isEntityPreloadEnabled: true
12:40:40.225 [FXGL Background Thread 3 ] DEBUG Engine               - isExperimentalTiledLargeMap: false
12:40:40.225 [FXGL Background Thread 3 ] DEBUG Engine               - isFileSystemWriteAllowed: true
12:40:40.225 [FXGL Background Thread 3 ] DEBUG Engine               - isFullScreenAllowed: false
12:40:40.225 [FXGL Background Thread 3 ] DEBUG Engine               - isFullScreenFromStart: false
12:40:40.225 [FXGL Background Thread 3 ] DEBUG Engine               - isGameMenuEnabled: true
12:40:40.225 [FXGL Background Thread 3 ] DEBUG Engine               - isIOS: false
12:40:40.226 [FXGL Background Thread 3 ] DEBUG Engine               - isIntroEnabled: false
12:40:40.226 [FXGL Background Thread 3 ] DEBUG Engine               - isLinux: false
12:40:40.226 [FXGL Background Thread 3 ] DEBUG Engine               - isMac: false
12:40:40.226 [FXGL Background Thread 3 ] DEBUG Engine               - isMainMenuEnabled: true
12:40:40.226 [FXGL Background Thread 3 ] DEBUG Engine               - isManualResizeEnabled: false
12:40:40.226 [FXGL Background Thread 3 ] DEBUG Engine               - isMobile: false
12:40:40.226 [FXGL Background Thread 3 ] DEBUG Engine               - isNative: false
12:40:40.226 [FXGL Background Thread 3 ] DEBUG Engine               - isPauseMusicWhenMinimized: true
12:40:40.226 [FXGL Background Thread 3 ] DEBUG Engine               - isPreserveResizeRatio: false
12:40:40.226 [FXGL Background Thread 3 ] DEBUG Engine               - isProfilingEnabled: false
12:40:40.227 [FXGL Background Thread 3 ] DEBUG Engine               - isScaleAffectedOnResize: true
12:40:40.227 [FXGL Background Thread 3 ] DEBUG Engine               - isSingleStep: false
12:40:40.227 [FXGL Background Thread 3 ] DEBUG Engine               - isUserProfileEnabled: false
12:40:40.227 [FXGL Background Thread 3 ] DEBUG Engine               - isWindows: true
12:40:40.227 [FXGL Background Thread 3 ] DEBUG Engine               - language: ObjectProperty [value: ENGLISH]
12:40:40.227 [FXGL Background Thread 3 ] DEBUG Engine               - menuKey: ESCAPE
12:40:40.227 [FXGL Background Thread 3 ] DEBUG Engine               - mouseSensitivity: 0.2
12:40:40.227 [FXGL Background Thread 3 ] DEBUG Engine               - notificationViewClass: class com.almasb.fxgl.notification.view.XboxNotificationView
12:40:40.227 [FXGL Background Thread 3 ] DEBUG Engine               - pixelsPerMeter: 50.0
12:40:40.227 [FXGL Background Thread 3 ] DEBUG Engine               - platform: WINDOWS
12:40:40.227 [FXGL Background Thread 3 ] DEBUG Engine               - prefHeightProperty: ReadOnlyDoubleProperty [value: 720.0]
12:40:40.227 [FXGL Background Thread 3 ] DEBUG Engine               - prefWidthProperty: ReadOnlyDoubleProperty [value: 1280.0]
12:40:40.228 [FXGL Background Thread 3 ] DEBUG Engine               - profileDir: profiles/
12:40:40.228 [FXGL Background Thread 3 ] DEBUG Engine               - profileName: StringProperty [value: DEFAULT]
12:40:40.228 [FXGL Background Thread 3 ] DEBUG Engine               - randomSeed: -1
12:40:40.229 [FXGL Background Thread 3 ] DEBUG Engine               - runtimeInfo: RuntimeInfo(platform=WINDOWS, version=17.1, build=24.03.2022 17.34)
12:40:40.229 [FXGL Background Thread 3 ] DEBUG Engine               - saveFileExt: sav
12:40:40.229 [FXGL Background Thread 3 ] DEBUG Engine               - scaledHeightProp$fxgl: DoubleProperty [bound, value: 720.0]
12:40:40.229 [FXGL Background Thread 3 ] DEBUG Engine               - scaledWidthProp$fxgl: DoubleProperty [bound, value: 1280.0]
12:40:40.229 [FXGL Background Thread 3 ] DEBUG Engine               - sceneFactory: com.almasb.fxglgames.platformer.PlatformerApp$1@73275037
12:40:40.229 [FXGL Background Thread 3 ] DEBUG Engine               - secondsIn24h: 60
12:40:40.229 [FXGL Background Thread 3 ] DEBUG Engine               - soundMenuBack: menu/back.wav
12:40:40.229 [FXGL Background Thread 3 ] DEBUG Engine               - soundMenuPress: menu/press.wav
12:40:40.229 [FXGL Background Thread 3 ] DEBUG Engine               - soundMenuSelect: menu/select.wav
12:40:40.229 [FXGL Background Thread 3 ] DEBUG Engine               - soundNotification: core/notification.wav
12:40:40.229 [FXGL Background Thread 3 ] DEBUG Engine               - stageStyle: DECORATED
12:40:40.229 [FXGL Background Thread 3 ] DEBUG Engine               - supportedLanguages: [ENGLISH, FRENCH, GERMAN, HUNGARIAN, RUSSIAN]
12:40:40.229 [FXGL Background Thread 3 ] DEBUG Engine               - ticksPerSecond: -1
12:40:40.229 [FXGL Background Thread 3 ] DEBUG Engine               - title: Miguel
12:40:40.229 [FXGL Background Thread 3 ] DEBUG Engine               - urlGithub: https://github.com/AlmasB/FXGL
12:40:40.229 [FXGL Background Thread 3 ] DEBUG Engine               - urlLeaderboard: http://fxgl-top.herokuapp.com/
12:40:40.229 [FXGL Background Thread 3 ] DEBUG Engine               - urlPOM: https://raw.githubusercontent.com/AlmasB/FXGL/release/README.md
12:40:40.230 [FXGL Background Thread 3 ] DEBUG Engine               - userAppClass: class com.almasb.fxglgames.platformer.PlatformerApp
12:40:40.230 [FXGL Background Thread 3 ] DEBUG Engine               - version: 1.0
12:40:40.230 [FXGL Background Thread 3 ] DEBUG Engine               - versionCheckDays: 7
12:40:40.230 [FXGL Background Thread 3 ] DEBUG Engine               - width: 1280
12:40:40.230 [FXGL Background Thread 3 ] DEBUG Engine               - Logging services
12:40:40.230 [FXGL Background Thread 3 ] DEBUG Engine               - class com.almasb.fxgl.app.services.FXGLAssetLoaderService
12:40:40.230 [FXGL Background Thread 3 ] DEBUG Engine               - class com.almasb.fxgl.app.FXGLApplication$GameApplicationService
12:40:40.230 [FXGL Background Thread 3 ] DEBUG Engine               - class com.almasb.fxgl.app.services.FXGLDialogService
12:40:40.230 [FXGL Background Thread 3 ] DEBUG Engine               - class com.almasb.fxgl.app.services.IOTaskExecutorService
12:40:40.230 [FXGL Background Thread 3 ] DEBUG Engine               - class com.almasb.fxgl.io.FileSystemService
12:40:40.230 [FXGL Background Thread 3 ] DEBUG Engine               - class com.almasb.fxgl.localization.LocalizationService
12:40:40.230 [FXGL Background Thread 3 ] DEBUG Engine               - class com.almasb.fxgl.app.services.SystemBundleService
12:40:40.230 [FXGL Background Thread 3 ] DEBUG Engine               - class com.almasb.fxgl.profile.SaveLoadService
12:40:40.230 [FXGL Background Thread 3 ] DEBUG Engine               - class com.almasb.fxgl.ui.FXGLUIFactoryServiceProvider
12:40:40.231 [FXGL Background Thread 3 ] DEBUG Engine               - class com.almasb.fxgl.ui.FXGLDialogFactoryServiceProvider
12:40:40.231 [FXGL Background Thread 3 ] DEBUG Engine               - class com.almasb.fxgl.audio.AudioPlayer
12:40:40.231 [FXGL Background Thread 3 ] DEBUG Engine               - class com.almasb.fxgl.notification.impl.NotificationServiceProvider
12:40:40.231 [FXGL Background Thread 3 ] DEBUG Engine               - class com.almasb.fxgl.achievement.AchievementService
12:40:40.231 [FXGL Background Thread 3 ] DEBUG Engine               - class com.almasb.fxgl.cutscene.CutsceneService
12:40:40.231 [FXGL Background Thread 3 ] DEBUG Engine               - class com.almasb.fxgl.minigames.MiniGameService
12:40:40.231 [FXGL Background Thread 3 ] DEBUG Engine               - class com.almasb.fxgl.net.NetService
12:40:40.231 [FXGL Background Thread 3 ] DEBUG Engine               - class com.almasb.fxgl.app.services.UpdaterService
12:40:40.231 [FXGL Background Thread 3 ] DEBUG Engine               - class com.almasb.fxgl.dev.DevService
12:40:58.326 [JavaFX Application Thread] DEBUG PrimaryStageWindow   - Push state: DialogSubScene
12:40:58.326 [JavaFX Application Thread] DEBUG Input                - Clearing active input actions
12:40:58.328 [JavaFX Application Thread] DEBUG GameApplicationServi - Removing overlay from GameScene and adding to DialogSubScene
12:40:58.329 [JavaFX Application Thread] DEBUG PrimaryStageWindow   - GameScene -> DialogSubScene
12:41:10.271 [JavaFX Application Thread] DEBUG PrimaryStageWindow   - Pop state: DialogSubScene
12:41:10.271 [JavaFX Application Thread] DEBUG Input                - Clearing active input actions
12:41:10.272 [JavaFX Application Thread] DEBUG GameApplicationServi - Removing overlay from DialogSubScene and adding to GameScene
12:41:10.272 [JavaFX Application Thread] DEBUG PrimaryStageWindow   - GameScene <- DialogSubScene
12:41:10.272 [JavaFX Application Thread] DEBUG GameApplicationServi - Starting new game
12:41:10.273 [JavaFX Application Thread] DEBUG Input                - Clearing active input actions
12:41:10.281 [JavaFX Application Thread] DEBUG GameApplicationServi - Removing overlay from GameScene and adding to MainLoadingScene
12:41:10.281 [JavaFX Application Thread] DEBUG PrimaryStageWindow   - GameScene -> MainLoadingScene
12:41:10.281 [JavaFX Application Thread] DEBUG GameApplicationServi - Clearing previous game
12:41:10.281 [JavaFX Application Thread] DEBUG GameScene            - Clearing game scene
12:41:10.281 [JavaFX Application Thread] DEBUG GameWorld            - Clearing game world
12:41:10.284 [JavaFX Application Thread] DEBUG PhysicsWorld         - Clearing physics world
12:41:10.284 [FXGL Background Thread 2 ] DEBUG FXGLApplication      - Initializing game
12:41:10.287 [FXGL Background Thread 2 ] WARN  TMXLevelLoader       - TiledMap generated from 1.10.0. Supported version: 1.4.2. Some features may not be parsed fully.
12:41:10.295 [FXGL Background Thread 2 ] DEBUG TMXLevelLoader       - Parsed TiledMap: file:/C:/ipose-groep-4/target/classes/assets/levels/tmx/level1.tmx
12:41:10.295 [FXGL Background Thread 2 ] DEBUG TMXLevelLoader       - Creating tile layer entities
12:41:10.296 [FXGL Background Thread 2 ] DEBUG TilesetLoader        - Loading view for layer Tile Layer 1
12:41:10.306 [FXGL Background Thread 2 ] DEBUG TilesetLoader        - Created buffer with size 4900.0x700.0
12:41:10.333 [FXGL Background Thread 2 ] DEBUG TMXLevelLoader       - Creating object layer entities
12:41:10.339 [FXGL Background Thread 2 ] DEBUG GameWorld            - Clearing removable entities
12:41:10.339 [FXGL Background Thread 2 ] DEBUG GameWorld            - Setting level: com.almasb.fxgl.entity.level.Level@4473c4b1
12:41:10.348 [FXGL Background Thread 2 ] INFO  FXGLApplication      - Game initialization took: 0,063 sec
12:41:10.348 [JavaFX Application Thread] DEBUG Input                - Clearing active input actions
12:41:10.354 [JavaFX Application Thread] DEBUG GameApplicationServi - Removing overlay from MainLoadingScene and adding to GameScene
12:41:10.354 [JavaFX Application Thread] DEBUG PrimaryStageWindow   - MainLoadingScene -> GameScene
12:41:13.731 [JavaFX Application Thread] DEBUG PrimaryStageWindow   - Push state: DialogSubScene
12:41:13.731 [JavaFX Application Thread] DEBUG Input                - Clearing active input actions
12:41:13.732 [JavaFX Application Thread] DEBUG GameApplicationServi - Removing overlay from GameScene and adding to DialogSubScene
12:41:13.733 [JavaFX Application Thread] DEBUG PrimaryStageWindow   - GameScene -> DialogSubScene
12:41:23.717 [JavaFX Application Thread] DEBUG PrimaryStageWindow   - Pop state: DialogSubScene
12:41:23.717 [JavaFX Application Thread] DEBUG Input                - Clearing active input actions
12:41:23.718 [JavaFX Application Thread] DEBUG GameApplicationServi - Removing overlay from DialogSubScene and adding to GameScene
12:41:23.718 [JavaFX Application Thread] DEBUG PrimaryStageWindow   - GameScene <- DialogSubScene
12:41:23.718 [JavaFX Application Thread] DEBUG GameApplicationServi - Starting new game
12:41:23.718 [JavaFX Application Thread] DEBUG Input                - Clearing active input actions
12:41:23.724 [JavaFX Application Thread] DEBUG GameApplicationServi - Removing overlay from GameScene and adding to MainLoadingScene
12:41:23.725 [JavaFX Application Thread] DEBUG PrimaryStageWindow   - GameScene -> MainLoadingScene
12:41:23.725 [JavaFX Application Thread] DEBUG GameApplicationServi - Clearing previous game
12:41:23.725 [JavaFX Application Thread] DEBUG GameScene            - Clearing game scene
12:41:23.725 [JavaFX Application Thread] DEBUG GameWorld            - Clearing game world
12:41:23.728 [JavaFX Application Thread] DEBUG PhysicsWorld         - Clearing physics world
12:41:23.729 [FXGL Background Thread 2 ] DEBUG FXGLApplication      - Initializing game
12:41:23.744 [FXGL Background Thread 2 ] WARN  TMXLevelLoader       - TiledMap generated from 1.10.0. Supported version: 1.4.2. Some features may not be parsed fully.
12:41:23.757 [FXGL Background Thread 2 ] DEBUG TMXLevelLoader       - Parsed TiledMap: file:/C:/ipose-groep-4/target/classes/assets/levels/tmx/level1.tmx
12:41:23.757 [FXGL Background Thread 2 ] DEBUG TMXLevelLoader       - Creating tile layer entities
12:41:23.758 [FXGL Background Thread 2 ] DEBUG TilesetLoader        - Loading view for layer Tile Layer 1
12:41:23.769 [FXGL Background Thread 2 ] DEBUG TilesetLoader        - Created buffer with size 4900.0x700.0
12:41:23.792 [FXGL Background Thread 2 ] DEBUG TMXLevelLoader       - Creating object layer entities
12:41:23.798 [FXGL Background Thread 2 ] DEBUG GameWorld            - Clearing removable entities
12:41:23.798 [FXGL Background Thread 2 ] DEBUG GameWorld            - Setting level: com.almasb.fxgl.entity.level.Level@5af55ea2
12:41:23.804 [FXGL Background Thread 2 ] INFO  FXGLApplication      - Game initialization took: 0,075 sec
12:41:23.805 [JavaFX Application Thread] DEBUG Input                - Clearing active input actions
12:41:23.810 [JavaFX Application Thread] DEBUG GameApplicationServi - Removing overlay from MainLoadingScene and adding to GameScene
12:41:23.810 [JavaFX Application Thread] DEBUG PrimaryStageWindow   - MainLoadingScene -> GameScene
12:41:26.579 [JavaFX Application Thread] DEBUG FXGLApplication      - Exiting FXGL
12:41:26.579 [JavaFX Application Thread] DEBUG LoopRunner           - Stopping loop
12:41:26.579 [JavaFX Application Thread] DEBUG SystemBundleService  - Saving FXGL system data
12:41:26.582 [JavaFX Application Thread] DEBUG FileSystemAccess     - Writing to: C:\ipose-groep-4\system\fxgl.bundle
12:41:26.585 [JavaFX Application Thread] DEBUG Async                - Shutting down background threads
12:41:26.585 [JavaFX Application Thread] DEBUG PrimaryStageWindow   - Closing main window
12:41:26.603 [JavaFX Application Thread] DEBUG Logger               - Closing Logger
