16:02:17.560 [main                     ] DEBUG Logger               - Configured Logger
16:02:17.616 [main                     ] DEBUG GameApplication      - Logging settings
Title: Untitled
Version: 0.0
Width: 1400
Height: 720
Fullscreen: false
Intro: false
Profiling: false
Single step:false
App Mode: DEVELOPER
Menu Key: ESCAPE
Stage Style: DECORATED
Scene Factory: class com.almasb.fxglgames.platformer.PlatformerApp$1

16:02:18.189 [JavaFX Application Thread] DEBUG FXGLApplication      - Initializing FXGL
16:02:18.198 [JavaFX Application Thread] INFO  Engine               - FXGL-17.1 (24.03.2022 17.34) on WINDOWS (J:19.0.1 FX:19-ea)
16:02:18.199 [JavaFX Application Thread] DEBUG Engine               - JRE Vendor Name: Oracle Corporation
16:02:18.199 [JavaFX Application Thread] DEBUG Engine               - Running on OS: Windows 10 version 10.0
16:02:18.199 [JavaFX Application Thread] DEBUG Engine               - Architecture: amd64
16:02:18.200 [JavaFX Application Thread] INFO  Engine               - Source code and latest versions at: https://github.com/AlmasB/FXGL
16:02:18.200 [JavaFX Application Thread] INFO  Engine               -       Ask questions and discuss at: https://github.com/AlmasB/FXGL/discussions
16:02:18.200 [JavaFX Application Thread] INFO  Engine               -              Join the FXGL chat at: https://gitter.im/AlmasB/FXGL
16:02:18.344 [JavaFX Application Thread] DEBUG PrimaryStageWindow   - Creating a JavaFX scene
16:02:18.419 [JavaFX Application Thread] DEBUG PrimaryStageWindow   - Target settings size: 1400.0 x 720.0
16:02:18.419 [JavaFX Application Thread] DEBUG PrimaryStageWindow   - Scaled scene size:    1400.0 x 720.0
16:02:18.419 [JavaFX Application Thread] DEBUG PrimaryStageWindow   - Scaled ratio: (1.0, 1.0)
16:02:18.421 [JavaFX Application Thread] DEBUG PrimaryStageWindow   - Set initial scene to FXGLStartupScene
16:02:18.432 [JavaFX Application Thread] DEBUG PrimaryStageWindow   - Opening main window
16:02:18.550 [JavaFX Application Thread] DEBUG PrimaryStageWindow   - Window border size: (14.4000244140625, 37.5999755859375)
16:02:18.551 [JavaFX Application Thread] DEBUG PrimaryStageWindow   - Scaled size: 1400.0 x 720.0
16:02:18.552 [JavaFX Application Thread] DEBUG PrimaryStageWindow   - Scaled ratio: (1.0, 1.0)
16:02:18.552 [JavaFX Application Thread] DEBUG PrimaryStageWindow   - Scene size: 1400.0 x 720.0
16:02:18.553 [JavaFX Application Thread] DEBUG PrimaryStageWindow   - Stage size: 1414.4000244140625 x 757.5999755859375
16:02:18.567 [FXGL Background Thread 1 ] DEBUG Engine               - Initializing environment variables
16:02:18.651 [FXGL Background Thread 1 ] DEBUG FXGLAssetLoaderServi - User app class for loading assets: class com.almasb.fxglgames.platformer.PlatformerApp
16:02:18.652 [FXGL Background Thread 1 ] DEBUG GameApplicationServi - Applying CSS: fxgl_dark.css
16:02:18.653 [FXGL Background Thread 1 ] DEBUG FXGLAssetLoaderServi - Loading from file system: jar:file:///C:/Users/jardk/.m2/repository/com/github/almasb/fxgl/17.1/fxgl-17.1.jar!/fxglassets/ui/css/fxgl_dark.css
16:02:18.740 [FXGL Background Thread 1 ] DEBUG GameApplicationServi - Initializing application scenes
16:02:18.818 [FXGL Background Thread 1 ] DEBUG FXGLAssetLoaderServi - Loading from file system: file:/C:/ipose-groep-4/target/classes/assets/textures/player.png
16:02:18.860 [FXGL Background Thread 1 ] DEBUG GameWorld            - Game world initialized
16:02:18.959 [FXGL Background Thread 1 ] DEBUG PhysicsWorld         - Physics world initialized: appHeight=720, physics.ppm=50,0
16:02:18.959 [FXGL Background Thread 1 ] DEBUG PhysicsWorld         - Using strategy: BRUTE_FORCE
16:02:18.967 [FXGL Background Thread 1 ] DEBUG GameScene            - Game scene initialized: 1400x720
16:02:18.982 [FXGL Background Thread 1 ] DEBUG FXGL.DefaultMenu     - createMenuBodyGameMenu()
16:02:19.009 [FXGL Background Thread 1 ] DEBUG FXGL.DefaultMenu     - createOptionsMenu()
16:02:19.038 [FXGL Background Thread 1 ] DEBUG FXGLAssetLoaderServi - Loading from file system: jar:file:///C:/Users/jardk/.m2/repository/com/github/almasb/fxgl/17.1/fxgl-17.1.jar!/fxglassets/textures/particles/smoke.png
16:02:19.188 [FXGL Background Thread 1 ] DEBUG FXGLAssetLoaderServi - Loading from file system: jar:file:///C:/Users/jardk/.m2/repository/com/github/almasb/fxgl/17.1/fxgl-17.1.jar!/fxglassets/textures/particles/trace_horizontal.png
16:02:19.251 [FXGL Background Thread 1 ] DEBUG GameApplicationServi - Application scenes initialized
16:02:19.280 [FXGL Background Thread 1 ] DEBUG SystemBundleService  - Loading FXGL system data
16:02:19.288 [FXGL Background Thread 1 ] DEBUG FileSystemAccess     - Reading from: C:\ipose-groep-4\system\fxgl.bundle
16:02:19.303 [FXGL Background Thread 1 ] DEBUG SystemBundleService  - Bundle FXGL: {}
16:02:19.303 [FXGL Background Thread 1 ] DEBUG UpdaterService       - Checking for updates
16:02:19.309 [FXGL Background Thread 4 ] DEBUG FXGLApplication      - Loading fonts
16:02:19.310 [FXGL Background Thread 1 ] DEBUG FXGLApplication      - Loading default localization
16:02:19.310 [FXGL Background Thread 4 ] DEBUG FXGLAssetLoaderServi - Loading from file system: jar:file:///C:/Users/jardk/.m2/repository/com/github/almasb/fxgl/17.1/fxgl-17.1.jar!/fxglassets/ui/fonts/VarelaRound-Regular.ttf
16:02:19.312 [FXGL Background Thread 1 ] DEBUG FXGLAssetLoaderServi - Loading from file system: jar:file:///C:/Users/jardk/.m2/repository/com/github/almasb/fxgl/17.1/fxgl-17.1.jar!/fxglassets/languages/english.lang
16:02:19.347 [FXGL Background Thread 1 ] INFO  FXGLApplication      - FXGL initialization took: 0,779 sec
16:02:19.365 [JavaFX Application Thread] DEBUG Input                - Registered new binding: Left - A
16:02:19.365 [JavaFX Application Thread] DEBUG Input                - Registered new binding: Right - D
16:02:19.365 [JavaFX Application Thread] DEBUG Input                - Registered new binding: Jump - W
16:02:19.366 [JavaFX Application Thread] DEBUG Input                - Registered new binding: Use - E
16:02:19.367 [JavaFX Application Thread] DEBUG FXGLAssetLoaderServi - Loading from file system: file:/C:/ipose-groep-4/target/classes/assets/music/BGM_dash_runner.wav
16:02:19.402 [FXGL Background Thread 4 ] DEBUG FXGLAssetLoaderServi - Loading from file system: jar:file:///C:/Users/jardk/.m2/repository/com/github/almasb/fxgl/17.1/fxgl-17.1.jar!/fxglassets/ui/fonts/Abel-Regular.ttf
16:02:19.409 [FXGL Background Thread 4 ] DEBUG FXGLAssetLoaderServi - Loading from file system: jar:file:///C:/Users/jardk/.m2/repository/com/github/almasb/fxgl/17.1/fxgl-17.1.jar!/fxglassets/ui/fonts/TerminalLandMono-Regular.otf
16:02:19.416 [FXGL Background Thread 4 ] DEBUG FXGLAssetLoaderServi - Loading from file system: jar:file:///C:/Users/jardk/.m2/repository/com/github/almasb/fxgl/17.1/fxgl-17.1.jar!/fxglassets/ui/fonts/Courier-Prime.ttf
16:02:19.567 [JavaFX Application Thread] DEBUG AudioPlayer          - Playing music com.almasb.fxgl.audio.Music@bd82f19
16:02:19.568 [JavaFX Application Thread] DEBUG FXGLAssetLoaderServi - Loading from file system: jar:file:///C:/Users/jardk/.m2/repository/com/github/almasb/fxgl/17.1/fxgl-17.1.jar!/fxglassets/textures/fxgl_icon.png
16:02:19.595 [JavaFX Application Thread] DEBUG FXGLAssetLoaderServi - Loading from file system: jar:file:///C:/Users/jardk/.m2/repository/com/github/almasb/fxgl/17.1/fxgl-17.1.jar!/fxglassets/textures/fxgl_default_cursor.png
16:02:19.600 [JavaFX Application Thread] DEBUG Input                - Registered new binding: Screenshot - CTRL+8
16:02:19.600 [JavaFX Application Thread] DEBUG Input                - Registered new binding: System info dump - CTRL+9
16:02:19.600 [JavaFX Application Thread] DEBUG Input                - Registered new binding: Restart - CTRL+R
16:02:19.601 [JavaFX Application Thread] DEBUG Input                - Registered new binding: Toggle Debug Camera - CTRL+7
16:02:19.604 [JavaFX Application Thread] DEBUG LoopRunner           - Starting loop
16:02:19.604 [JavaFX Application Thread] DEBUG LoopRunner           - Initializing JavaFX AnimationTimerLoop
16:02:19.606 [JavaFX Application Thread] DEBUG GameApplicationServi - Starting new game
16:02:19.607 [JavaFX Application Thread] DEBUG Input                - Clearing active input actions
16:02:19.635 [JavaFX Application Thread] DEBUG GameApplicationServi - Removing overlay from FXGLStartupScene and adding to MainLoadingScene
16:02:19.636 [JavaFX Application Thread] DEBUG PrimaryStageWindow   - FXGLStartupScene -> MainLoadingScene
16:02:19.636 [JavaFX Application Thread] DEBUG GameApplicationServi - Clearing previous game
16:02:19.636 [JavaFX Application Thread] DEBUG GameScene            - Clearing game scene
16:02:19.636 [JavaFX Application Thread] DEBUG GameWorld            - Clearing game world
16:02:19.636 [JavaFX Application Thread] DEBUG PhysicsWorld         - Clearing physics world
16:02:19.639 [FXGL Background Thread 4 ] DEBUG FXGLApplication      - Initializing game
16:02:19.639 [JavaFX Application Thread] DEBUG FXGLApplication      - Registering font factories with UI factory
16:02:19.696 [FXGL Background Thread 4 ] WARN  TMXLevelLoader       - TiledMap generated from 1.10.0. Supported version: 1.4.2. Some features may not be parsed fully.
16:02:19.710 [FXGL Background Thread 4 ] DEBUG TMXLevelLoader       - Parsed TiledMap: file:/C:/ipose-groep-4/target/classes/assets/levels/tmx/level1.tmx
16:02:19.712 [FXGL Background Thread 4 ] DEBUG TMXLevelLoader       - Creating tile layer entities
16:02:19.716 [FXGL Background Thread 4 ] DEBUG TilesetLoader        - Loading view for layer Tile Layer 1
16:02:19.720 [FXGL Background Thread 4 ] DEBUG TilesetLoader        - Created buffer with size 2100.0x700.0
16:02:19.760 [FXGL Background Thread 4 ] DEBUG TMXLevelLoader       - Creating object layer entities
16:02:19.805 [FXGL Background Thread 4 ] DEBUG GameWorld            - Clearing removable entities
16:02:19.806 [FXGL Background Thread 4 ] DEBUG GameWorld            - Setting level: com.almasb.fxgl.entity.level.Level@6bfc309b
16:02:19.848 [FXGL Background Thread 4 ] DEBUG FXGLAssetLoaderServi - Loading from file system: file:/C:/ipose-groep-4/target/classes/assets/textures/background/forest.png
16:02:19.880 [FXGL Background Thread 4 ] INFO  FXGLApplication      - Game initialization took: 0,241 sec
16:02:19.881 [JavaFX Application Thread] DEBUG Input                - Clearing active input actions
16:02:19.885 [FXGL Background Thread 2 ] INFO  UpdaterService       - Your current version:  17.1
16:02:19.885 [FXGL Background Thread 2 ] INFO  UpdaterService       - Latest stable version: 17.3
16:02:19.899 [JavaFX Application Thread] DEBUG GameApplicationServi - Removing overlay from MainLoadingScene and adding to GameScene
16:02:19.900 [JavaFX Application Thread] DEBUG PrimaryStageWindow   - MainLoadingScene -> GameScene
16:02:22.307 [FXGL Background Thread 3 ] DEBUG Engine               - Logging environment variables
16:02:22.309 [FXGL Background Thread 3 ] DEBUG Engine               - achievements: []
16:02:22.309 [FXGL Background Thread 3 ] DEBUG Engine               - actualHeight: 720.0
16:02:22.309 [FXGL Background Thread 3 ] DEBUG Engine               - actualHeightProperty: ReadOnlyDoubleProperty [value: 720.0]
16:02:22.309 [FXGL Background Thread 3 ] DEBUG Engine               - actualWidth: 1400.0
16:02:22.309 [FXGL Background Thread 3 ] DEBUG Engine               - actualWidthProperty: ReadOnlyDoubleProperty [value: 1400.0]
16:02:22.309 [FXGL Background Thread 3 ] DEBUG Engine               - appIcon: fxgl_icon.png
16:02:22.309 [FXGL Background Thread 3 ] DEBUG Engine               - applicationMode: DEVELOPER
16:02:22.309 [FXGL Background Thread 3 ] DEBUG Engine               - cSSList: [fxgl_dark.css]
16:02:22.310 [FXGL Background Thread 3 ] DEBUG Engine               - collisionDetectionStrategy: BRUTE_FORCE
16:02:22.310 [FXGL Background Thread 3 ] DEBUG Engine               - configClass: Optional.empty
16:02:22.310 [FXGL Background Thread 3 ] DEBUG Engine               - credits: []
16:02:22.310 [FXGL Background Thread 3 ] DEBUG Engine               - defaultCursor: CursorInfo(imageName=fxgl_default_cursor.png, hotspotX=7.0, hotspotY=6.0)
16:02:22.310 [FXGL Background Thread 3 ] DEBUG Engine               - devBBoxColorProperty: ObjectProperty [value: 0xff0000ff]
16:02:22.311 [FXGL Background Thread 3 ] DEBUG Engine               - devEnableDebugCameraProperty: BooleanProperty [value: false]
16:02:22.311 [FXGL Background Thread 3 ] DEBUG Engine               - devSensorColorProperty: ObjectProperty [value: 0xffff00ff]
16:02:22.311 [FXGL Background Thread 3 ] DEBUG Engine               - devShowBBoxProperty: BooleanProperty [value: false]
16:02:22.311 [FXGL Background Thread 3 ] DEBUG Engine               - devShowPositionProperty: BooleanProperty [value: false]
16:02:22.311 [FXGL Background Thread 3 ] DEBUG Engine               - enabledMenuItems: []
16:02:22.311 [FXGL Background Thread 3 ] DEBUG Engine               - engineServices: [class com.almasb.fxgl.app.services.FXGLAssetLoaderService, class com.almasb.fxgl.app.FXGLApplication$GameApplicationService, class com.almasb.fxgl.app.services.FXGLDialogService, class com.almasb.fxgl.app.services.IOTaskExecutorService, class com.almasb.fxgl.io.FileSystemService, class com.almasb.fxgl.localization.LocalizationService, class com.almasb.fxgl.app.services.SystemBundleService, class com.almasb.fxgl.profile.SaveLoadService, class com.almasb.fxgl.ui.FXGLUIFactoryServiceProvider, class com.almasb.fxgl.ui.FXGLDialogFactoryServiceProvider, class com.almasb.fxgl.audio.AudioPlayer, class com.almasb.fxgl.notification.impl.NotificationServiceProvider, class com.almasb.fxgl.achievement.AchievementService, class com.almasb.fxgl.cutscene.CutsceneService, class com.almasb.fxgl.minigames.MiniGameService, class com.almasb.fxgl.net.NetService, class com.almasb.fxgl.app.services.UpdaterService, class com.almasb.fxgl.dev.DevService]
16:02:22.311 [FXGL Background Thread 3 ] DEBUG Engine               - fontGame: Abel-Regular.ttf
16:02:22.311 [FXGL Background Thread 3 ] DEBUG Engine               - fontMono: TerminalLandMono-Regular.otf
16:02:22.311 [FXGL Background Thread 3 ] DEBUG Engine               - fontText: Courier-Prime.ttf
16:02:22.311 [FXGL Background Thread 3 ] DEBUG Engine               - fontUI: VarelaRound-Regular.ttf
16:02:22.312 [FXGL Background Thread 3 ] DEBUG Engine               - fullScreen: BooleanProperty [value: false]
16:02:22.312 [FXGL Background Thread 3 ] DEBUG Engine               - gameDifficulty: MEDIUM
16:02:22.312 [FXGL Background Thread 3 ] DEBUG Engine               - gameDifficultyProperty: ObjectProperty [value: MEDIUM]
16:02:22.312 [FXGL Background Thread 3 ] DEBUG Engine               - globalMusicVolume: 0.5
16:02:22.312 [FXGL Background Thread 3 ] DEBUG Engine               - globalMusicVolumeProperty: DoubleProperty [value: 0.25]
16:02:22.312 [FXGL Background Thread 3 ] DEBUG Engine               - globalSoundVolume: 0.5
16:02:22.313 [FXGL Background Thread 3 ] DEBUG Engine               - globalSoundVolumeProperty: DoubleProperty [value: 0.5]
16:02:22.313 [FXGL Background Thread 3 ] DEBUG Engine               - height: 720
16:02:22.313 [FXGL Background Thread 3 ] DEBUG Engine               - is3D: false
16:02:22.313 [FXGL Background Thread 3 ] DEBUG Engine               - isAndroid: false
16:02:22.313 [FXGL Background Thread 3 ] DEBUG Engine               - isBrowser: false
16:02:22.313 [FXGL Background Thread 3 ] DEBUG Engine               - isClickFeedbackEnabled: false
16:02:22.313 [FXGL Background Thread 3 ] DEBUG Engine               - isCloseConfirmation: false
16:02:22.314 [FXGL Background Thread 3 ] DEBUG Engine               - isDesktop: true
16:02:22.314 [FXGL Background Thread 3 ] DEBUG Engine               - isDeveloperMenuEnabled: false
16:02:22.314 [FXGL Background Thread 3 ] DEBUG Engine               - isEmbedded: false
16:02:22.314 [FXGL Background Thread 3 ] DEBUG Engine               - isEntityPreloadEnabled: true
16:02:22.314 [FXGL Background Thread 3 ] DEBUG Engine               - isExperimentalTiledLargeMap: false
16:02:22.314 [FXGL Background Thread 3 ] DEBUG Engine               - isFileSystemWriteAllowed: true
16:02:22.314 [FXGL Background Thread 3 ] DEBUG Engine               - isFullScreenAllowed: false
16:02:22.314 [FXGL Background Thread 3 ] DEBUG Engine               - isFullScreenFromStart: false
16:02:22.316 [FXGL Background Thread 3 ] DEBUG Engine               - isGameMenuEnabled: true
16:02:22.316 [FXGL Background Thread 3 ] DEBUG Engine               - isIOS: false
16:02:22.317 [FXGL Background Thread 3 ] DEBUG Engine               - isIntroEnabled: false
16:02:22.317 [FXGL Background Thread 3 ] DEBUG Engine               - isLinux: false
16:02:22.317 [FXGL Background Thread 3 ] DEBUG Engine               - isMac: false
16:02:22.317 [FXGL Background Thread 3 ] DEBUG Engine               - isMainMenuEnabled: false
16:02:22.317 [FXGL Background Thread 3 ] DEBUG Engine               - isManualResizeEnabled: false
16:02:22.317 [FXGL Background Thread 3 ] DEBUG Engine               - isMobile: false
16:02:22.317 [FXGL Background Thread 3 ] DEBUG Engine               - isNative: false
16:02:22.317 [FXGL Background Thread 3 ] DEBUG Engine               - isPauseMusicWhenMinimized: true
16:02:22.317 [FXGL Background Thread 3 ] DEBUG Engine               - isPreserveResizeRatio: false
16:02:22.318 [FXGL Background Thread 3 ] DEBUG Engine               - isProfilingEnabled: false
16:02:22.318 [FXGL Background Thread 3 ] DEBUG Engine               - isScaleAffectedOnResize: true
16:02:22.318 [FXGL Background Thread 3 ] DEBUG Engine               - isSingleStep: false
16:02:22.318 [FXGL Background Thread 3 ] DEBUG Engine               - isUserProfileEnabled: false
16:02:22.318 [FXGL Background Thread 3 ] DEBUG Engine               - isWindows: true
16:02:22.318 [FXGL Background Thread 3 ] DEBUG Engine               - language: ObjectProperty [value: ENGLISH]
16:02:22.319 [FXGL Background Thread 3 ] DEBUG Engine               - menuKey: ESCAPE
16:02:22.320 [FXGL Background Thread 3 ] DEBUG Engine               - mouseSensitivity: 0.2
16:02:22.320 [FXGL Background Thread 3 ] DEBUG Engine               - notificationViewClass: class com.almasb.fxgl.notification.view.XboxNotificationView
16:02:22.321 [FXGL Background Thread 3 ] DEBUG Engine               - pixelsPerMeter: 50.0
16:02:22.321 [FXGL Background Thread 3 ] DEBUG Engine               - platform: WINDOWS
16:02:22.321 [FXGL Background Thread 3 ] DEBUG Engine               - prefHeightProperty: ReadOnlyDoubleProperty [value: 720.0]
16:02:22.321 [FXGL Background Thread 3 ] DEBUG Engine               - prefWidthProperty: ReadOnlyDoubleProperty [value: 1400.0]
16:02:22.321 [FXGL Background Thread 3 ] DEBUG Engine               - profileDir: profiles/
16:02:22.321 [FXGL Background Thread 3 ] DEBUG Engine               - profileName: StringProperty [value: DEFAULT]
16:02:22.321 [FXGL Background Thread 3 ] DEBUG Engine               - randomSeed: -1
16:02:22.322 [FXGL Background Thread 3 ] DEBUG Engine               - runtimeInfo: RuntimeInfo(platform=WINDOWS, version=17.1, build=24.03.2022 17.34)
16:02:22.322 [FXGL Background Thread 3 ] DEBUG Engine               - saveFileExt: sav
16:02:22.322 [FXGL Background Thread 3 ] DEBUG Engine               - scaledHeightProp$fxgl: DoubleProperty [bound, value: 720.0]
16:02:22.322 [FXGL Background Thread 3 ] DEBUG Engine               - scaledWidthProp$fxgl: DoubleProperty [bound, value: 1400.0]
16:02:22.322 [FXGL Background Thread 3 ] DEBUG Engine               - sceneFactory: com.almasb.fxglgames.platformer.PlatformerApp$1@17ba42e1
16:02:22.322 [FXGL Background Thread 3 ] DEBUG Engine               - secondsIn24h: 60
16:02:22.322 [FXGL Background Thread 3 ] DEBUG Engine               - soundMenuBack: menu/back.wav
16:02:22.322 [FXGL Background Thread 3 ] DEBUG Engine               - soundMenuPress: menu/press.wav
16:02:22.322 [FXGL Background Thread 3 ] DEBUG Engine               - soundMenuSelect: menu/select.wav
16:02:22.322 [FXGL Background Thread 3 ] DEBUG Engine               - soundNotification: core/notification.wav
16:02:22.323 [FXGL Background Thread 3 ] DEBUG Engine               - stageStyle: DECORATED
16:02:22.323 [FXGL Background Thread 3 ] DEBUG Engine               - supportedLanguages: [ENGLISH, FRENCH, GERMAN, HUNGARIAN, RUSSIAN]
16:02:22.323 [FXGL Background Thread 3 ] DEBUG Engine               - ticksPerSecond: -1
16:02:22.323 [FXGL Background Thread 3 ] DEBUG Engine               - title: Untitled
16:02:22.323 [FXGL Background Thread 3 ] DEBUG Engine               - urlGithub: https://github.com/AlmasB/FXGL
16:02:22.323 [FXGL Background Thread 3 ] DEBUG Engine               - urlLeaderboard: http://fxgl-top.herokuapp.com/
16:02:22.323 [FXGL Background Thread 3 ] DEBUG Engine               - urlPOM: https://raw.githubusercontent.com/AlmasB/FXGL/release/README.md
16:02:22.323 [FXGL Background Thread 3 ] DEBUG Engine               - userAppClass: class com.almasb.fxglgames.platformer.PlatformerApp
16:02:22.323 [FXGL Background Thread 3 ] DEBUG Engine               - version: 0.0
16:02:22.323 [FXGL Background Thread 3 ] DEBUG Engine               - versionCheckDays: 7
16:02:22.323 [FXGL Background Thread 3 ] DEBUG Engine               - width: 1400
16:02:22.323 [FXGL Background Thread 3 ] DEBUG Engine               - Logging services
16:02:22.323 [FXGL Background Thread 3 ] DEBUG Engine               - class com.almasb.fxgl.app.services.FXGLAssetLoaderService
16:02:22.323 [FXGL Background Thread 3 ] DEBUG Engine               - class com.almasb.fxgl.app.FXGLApplication$GameApplicationService
16:02:22.324 [FXGL Background Thread 3 ] DEBUG Engine               - class com.almasb.fxgl.app.services.FXGLDialogService
16:02:22.324 [FXGL Background Thread 3 ] DEBUG Engine               - class com.almasb.fxgl.app.services.IOTaskExecutorService
16:02:22.324 [FXGL Background Thread 3 ] DEBUG Engine               - class com.almasb.fxgl.io.FileSystemService
16:02:22.324 [FXGL Background Thread 3 ] DEBUG Engine               - class com.almasb.fxgl.localization.LocalizationService
16:02:22.324 [FXGL Background Thread 3 ] DEBUG Engine               - class com.almasb.fxgl.app.services.SystemBundleService
16:02:22.324 [FXGL Background Thread 3 ] DEBUG Engine               - class com.almasb.fxgl.profile.SaveLoadService
16:02:22.324 [FXGL Background Thread 3 ] DEBUG Engine               - class com.almasb.fxgl.ui.FXGLUIFactoryServiceProvider
16:02:22.324 [FXGL Background Thread 3 ] DEBUG Engine               - class com.almasb.fxgl.ui.FXGLDialogFactoryServiceProvider
16:02:22.324 [FXGL Background Thread 3 ] DEBUG Engine               - class com.almasb.fxgl.audio.AudioPlayer
16:02:22.324 [FXGL Background Thread 3 ] DEBUG Engine               - class com.almasb.fxgl.notification.impl.NotificationServiceProvider
16:02:22.324 [FXGL Background Thread 3 ] DEBUG Engine               - class com.almasb.fxgl.achievement.AchievementService
16:02:22.324 [FXGL Background Thread 3 ] DEBUG Engine               - class com.almasb.fxgl.cutscene.CutsceneService
16:02:22.324 [FXGL Background Thread 3 ] DEBUG Engine               - class com.almasb.fxgl.minigames.MiniGameService
16:02:22.325 [FXGL Background Thread 3 ] DEBUG Engine               - class com.almasb.fxgl.net.NetService
16:02:22.325 [FXGL Background Thread 3 ] DEBUG Engine               - class com.almasb.fxgl.app.services.UpdaterService
16:02:22.325 [FXGL Background Thread 3 ] DEBUG Engine               - class com.almasb.fxgl.dev.DevService
16:02:40.524 [JavaFX Application Thread] WARN  TMXLevelLoader       - TiledMap generated from 1.10.0. Supported version: 1.4.2. Some features may not be parsed fully.
16:02:40.528 [JavaFX Application Thread] DEBUG TMXLevelLoader       - Parsed TiledMap: file:/C:/ipose-groep-4/target/classes/assets/levels/tmx/level1.tmx
16:02:40.528 [JavaFX Application Thread] DEBUG TMXLevelLoader       - Creating tile layer entities
16:02:40.529 [JavaFX Application Thread] DEBUG TilesetLoader        - Loading view for layer Tile Layer 1
16:02:40.532 [JavaFX Application Thread] DEBUG TilesetLoader        - Created buffer with size 2100.0x700.0
16:02:40.555 [JavaFX Application Thread] DEBUG TMXLevelLoader       - Creating object layer entities
16:02:40.559 [JavaFX Application Thread] DEBUG GameWorld            - Clearing removable entities
16:02:40.564 [JavaFX Application Thread] DEBUG GameWorld            - Setting level: com.almasb.fxgl.entity.level.Level@12faf930
16:02:48.556 [JavaFX Application Thread] WARN  TMXLevelLoader       - TiledMap generated from 1.10.0. Supported version: 1.4.2. Some features may not be parsed fully.
16:02:48.560 [JavaFX Application Thread] DEBUG TMXLevelLoader       - Parsed TiledMap: file:/C:/ipose-groep-4/target/classes/assets/levels/tmx/level1.tmx
16:02:48.560 [JavaFX Application Thread] DEBUG TMXLevelLoader       - Creating tile layer entities
16:02:48.561 [JavaFX Application Thread] DEBUG TilesetLoader        - Loading view for layer Tile Layer 1
16:02:48.569 [JavaFX Application Thread] DEBUG TilesetLoader        - Created buffer with size 2100.0x700.0
16:02:48.600 [JavaFX Application Thread] DEBUG TMXLevelLoader       - Creating object layer entities
16:02:48.605 [JavaFX Application Thread] DEBUG GameWorld            - Clearing removable entities
16:02:48.607 [JavaFX Application Thread] DEBUG GameWorld            - Setting level: com.almasb.fxgl.entity.level.Level@26b12403
16:02:52.400 [JavaFX Application Thread] DEBUG Input                - Registered new binding: Close Level End Screen - LMB
16:02:52.401 [JavaFX Application Thread] DEBUG PrimaryStageWindow   - Push state: LevelEndScene
16:02:52.401 [JavaFX Application Thread] DEBUG Input                - Clearing active input actions
16:02:52.402 [JavaFX Application Thread] DEBUG GameApplicationServi - Removing overlay from GameScene and adding to LevelEndScene
16:02:52.402 [JavaFX Application Thread] DEBUG PrimaryStageWindow   - GameScene -> LevelEndScene
16:02:54.690 [JavaFX Application Thread] DEBUG PrimaryStageWindow   - Pop state: LevelEndScene
16:02:54.690 [JavaFX Application Thread] DEBUG Input                - Clearing active input actions
16:02:54.691 [JavaFX Application Thread] DEBUG GameApplicationServi - Removing overlay from LevelEndScene and adding to GameScene
16:02:54.692 [JavaFX Application Thread] DEBUG PrimaryStageWindow   - GameScene <- LevelEndScene
16:02:55.677 [JavaFX Application Thread] WARN  TMXLevelLoader       - TiledMap generated from 1.2.3. Supported version: 1.4.2. Some features may not be parsed fully.
16:02:55.680 [JavaFX Application Thread] DEBUG TMXLevelLoader       - Parsed TiledMap: file:/C:/ipose-groep-4/target/classes/assets/levels/tmx/level2.tmx
16:02:55.680 [JavaFX Application Thread] DEBUG TMXLevelLoader       - Creating tile layer entities
16:02:55.681 [JavaFX Application Thread] DEBUG TilesetLoader        - Loading view for layer Tile Layer 1
16:02:55.683 [JavaFX Application Thread] DEBUG TilesetLoader        - Created buffer with size 1050.0x700.0
16:02:55.704 [JavaFX Application Thread] DEBUG TMXLevelLoader       - Creating object layer entities
16:02:55.708 [JavaFX Application Thread] DEBUG GameWorld            - Clearing removable entities
16:02:55.711 [JavaFX Application Thread] DEBUG GameWorld            - Setting level: com.almasb.fxgl.entity.level.Level@66769b59
16:05:17.719 [JavaFX Application Thread] DEBUG FXGLApplication      - Exiting FXGL
16:05:17.720 [JavaFX Application Thread] DEBUG LoopRunner           - Stopping loop
16:05:17.720 [JavaFX Application Thread] DEBUG SystemBundleService  - Saving FXGL system data
16:05:17.723 [JavaFX Application Thread] DEBUG FileSystemAccess     - Writing to: C:\ipose-groep-4\system\fxgl.bundle
16:05:17.727 [JavaFX Application Thread] DEBUG Async                - Shutting down background threads
16:05:17.728 [JavaFX Application Thread] DEBUG PrimaryStageWindow   - Closing main window
16:05:17.742 [JavaFX Application Thread] DEBUG Logger               - Closing Logger
