15:11:40.925 [main                     ] DEBUG Logger               - Configured Logger
15:11:40.978 [main                     ] DEBUG GameApplication      - Logging settings
Title: Untitled
Version: 0.0
Width: 1400
Height: 720
Fullscreen: false
Intro: false
Profiling: false
Single step:false
App Mode: DEVELOPER
Menu Key: ESCAPE
Stage Style: DECORATED
Scene Factory: class com.almasb.fxglgames.platformer.PlatformerApp$1

15:11:41.547 [JavaFX Application Thread] DEBUG FXGLApplication      - Initializing FXGL
15:11:41.558 [JavaFX Application Thread] INFO  Engine               - FXGL-17.1 (24.03.2022 17.34) on WINDOWS (J:19.0.1 FX:19-ea)
15:11:41.559 [JavaFX Application Thread] DEBUG Engine               - JRE Vendor Name: Oracle Corporation
15:11:41.560 [JavaFX Application Thread] DEBUG Engine               - Running on OS: Windows 10 version 10.0
15:11:41.560 [JavaFX Application Thread] DEBUG Engine               - Architecture: amd64
15:11:41.560 [JavaFX Application Thread] INFO  Engine               - Source code and latest versions at: https://github.com/AlmasB/FXGL
15:11:41.561 [JavaFX Application Thread] INFO  Engine               -       Ask questions and discuss at: https://github.com/AlmasB/FXGL/discussions
15:11:41.561 [JavaFX Application Thread] INFO  Engine               -              Join the FXGL chat at: https://gitter.im/AlmasB/FXGL
15:11:41.705 [JavaFX Application Thread] DEBUG PrimaryStageWindow   - Creating a JavaFX scene
15:11:41.776 [JavaFX Application Thread] DEBUG PrimaryStageWindow   - Target settings size: 1400.0 x 720.0
15:11:41.777 [JavaFX Application Thread] DEBUG PrimaryStageWindow   - Scaled scene size:    1400.0 x 720.0
15:11:41.777 [JavaFX Application Thread] DEBUG PrimaryStageWindow   - Scaled ratio: (1.0, 1.0)
15:11:41.779 [JavaFX Application Thread] DEBUG PrimaryStageWindow   - Set initial scene to FXGLStartupScene
15:11:41.789 [JavaFX Application Thread] DEBUG PrimaryStageWindow   - Opening main window
15:11:41.916 [JavaFX Application Thread] DEBUG PrimaryStageWindow   - Window border size: (14.4000244140625, 37.5999755859375)
15:11:41.916 [JavaFX Application Thread] DEBUG PrimaryStageWindow   - Scaled size: 1400.0 x 720.0
15:11:41.917 [JavaFX Application Thread] DEBUG PrimaryStageWindow   - Scaled ratio: (1.0, 1.0)
15:11:41.917 [JavaFX Application Thread] DEBUG PrimaryStageWindow   - Scene size: 1400.0 x 720.0
15:11:41.918 [JavaFX Application Thread] DEBUG PrimaryStageWindow   - Stage size: 1414.4000244140625 x 757.5999755859375
15:11:41.932 [FXGL Background Thread 1 ] DEBUG Engine               - Initializing environment variables
15:11:42.014 [FXGL Background Thread 1 ] DEBUG FXGLAssetLoaderServi - User app class for loading assets: class com.almasb.fxglgames.platformer.PlatformerApp
15:11:42.015 [FXGL Background Thread 1 ] DEBUG GameApplicationServi - Applying CSS: fxgl_dark.css
15:11:42.016 [FXGL Background Thread 1 ] DEBUG FXGLAssetLoaderServi - Loading from file system: jar:file:///C:/Users/jardk/.m2/repository/com/github/almasb/fxgl/17.1/fxgl-17.1.jar!/fxglassets/ui/css/fxgl_dark.css
15:11:42.092 [FXGL Background Thread 1 ] DEBUG GameApplicationServi - Initializing application scenes
15:11:42.167 [FXGL Background Thread 1 ] DEBUG FXGLAssetLoaderServi - Loading from file system: file:/C:/ipose-groep-4/target/classes/assets/textures/player.png
15:11:42.206 [FXGL Background Thread 1 ] DEBUG GameWorld            - Game world initialized
15:11:42.304 [FXGL Background Thread 1 ] DEBUG PhysicsWorld         - Physics world initialized: appHeight=720, physics.ppm=50,0
15:11:42.305 [FXGL Background Thread 1 ] DEBUG PhysicsWorld         - Using strategy: BRUTE_FORCE
15:11:42.312 [FXGL Background Thread 1 ] DEBUG GameScene            - Game scene initialized: 1400x720
15:11:42.326 [FXGL Background Thread 1 ] DEBUG FXGL.DefaultMenu     - createMenuBodyGameMenu()
15:11:42.353 [FXGL Background Thread 1 ] DEBUG FXGL.DefaultMenu     - createOptionsMenu()
15:11:42.374 [FXGL Background Thread 1 ] DEBUG FXGLAssetLoaderServi - Loading from file system: jar:file:///C:/Users/jardk/.m2/repository/com/github/almasb/fxgl/17.1/fxgl-17.1.jar!/fxglassets/textures/particles/smoke.png
15:11:42.583 [FXGL Background Thread 1 ] DEBUG FXGLAssetLoaderServi - Loading from file system: jar:file:///C:/Users/jardk/.m2/repository/com/github/almasb/fxgl/17.1/fxgl-17.1.jar!/fxglassets/textures/particles/trace_horizontal.png
15:11:42.634 [FXGL Background Thread 1 ] DEBUG GameApplicationServi - Application scenes initialized
15:11:42.660 [FXGL Background Thread 1 ] DEBUG SystemBundleService  - Loading FXGL system data
15:11:42.667 [FXGL Background Thread 1 ] DEBUG FileSystemAccess     - Reading from: C:\ipose-groep-4\system\fxgl.bundle
15:11:42.685 [FXGL Background Thread 1 ] DEBUG SystemBundleService  - Bundle FXGL: {}
15:11:42.686 [FXGL Background Thread 1 ] DEBUG UpdaterService       - Checking for updates
15:11:42.693 [FXGL Background Thread 4 ] DEBUG FXGLApplication      - Loading fonts
15:11:42.694 [FXGL Background Thread 1 ] DEBUG FXGLApplication      - Loading default localization
15:11:42.694 [FXGL Background Thread 4 ] DEBUG FXGLAssetLoaderServi - Loading from file system: jar:file:///C:/Users/jardk/.m2/repository/com/github/almasb/fxgl/17.1/fxgl-17.1.jar!/fxglassets/ui/fonts/VarelaRound-Regular.ttf
15:11:42.695 [FXGL Background Thread 1 ] DEBUG FXGLAssetLoaderServi - Loading from file system: jar:file:///C:/Users/jardk/.m2/repository/com/github/almasb/fxgl/17.1/fxgl-17.1.jar!/fxglassets/languages/english.lang
15:11:42.725 [FXGL Background Thread 1 ] INFO  FXGLApplication      - FXGL initialization took: 0,792 sec
15:11:42.744 [JavaFX Application Thread] DEBUG Input                - Registered new binding: Left - A
15:11:42.744 [JavaFX Application Thread] DEBUG Input                - Registered new binding: Right - D
15:11:42.745 [JavaFX Application Thread] DEBUG Input                - Registered new binding: Jump - W
15:11:42.745 [JavaFX Application Thread] DEBUG Input                - Registered new binding: Use - E
15:11:42.746 [JavaFX Application Thread] DEBUG FXGLAssetLoaderServi - Loading from file system: file:/C:/ipose-groep-4/target/classes/assets/music/BGM_dash_runner.wav
15:11:42.781 [FXGL Background Thread 4 ] DEBUG FXGLAssetLoaderServi - Loading from file system: jar:file:///C:/Users/jardk/.m2/repository/com/github/almasb/fxgl/17.1/fxgl-17.1.jar!/fxglassets/ui/fonts/Abel-Regular.ttf
15:11:42.787 [FXGL Background Thread 4 ] DEBUG FXGLAssetLoaderServi - Loading from file system: jar:file:///C:/Users/jardk/.m2/repository/com/github/almasb/fxgl/17.1/fxgl-17.1.jar!/fxglassets/ui/fonts/TerminalLandMono-Regular.otf
15:11:42.793 [FXGL Background Thread 4 ] DEBUG FXGLAssetLoaderServi - Loading from file system: jar:file:///C:/Users/jardk/.m2/repository/com/github/almasb/fxgl/17.1/fxgl-17.1.jar!/fxglassets/ui/fonts/Courier-Prime.ttf
15:11:42.946 [JavaFX Application Thread] DEBUG AudioPlayer          - Playing music com.almasb.fxgl.audio.Music@1169f16a
15:11:42.947 [JavaFX Application Thread] DEBUG FXGLAssetLoaderServi - Loading from file system: jar:file:///C:/Users/jardk/.m2/repository/com/github/almasb/fxgl/17.1/fxgl-17.1.jar!/fxglassets/textures/fxgl_icon.png
15:11:42.977 [JavaFX Application Thread] DEBUG FXGLAssetLoaderServi - Loading from file system: jar:file:///C:/Users/jardk/.m2/repository/com/github/almasb/fxgl/17.1/fxgl-17.1.jar!/fxglassets/textures/fxgl_default_cursor.png
15:11:42.980 [JavaFX Application Thread] DEBUG Input                - Registered new binding: Screenshot - CTRL+8
15:11:42.981 [JavaFX Application Thread] DEBUG Input                - Registered new binding: System info dump - CTRL+9
15:11:42.981 [JavaFX Application Thread] DEBUG Input                - Registered new binding: Restart - CTRL+R
15:11:42.983 [JavaFX Application Thread] DEBUG Input                - Registered new binding: Toggle Debug Camera - CTRL+7
15:11:42.986 [JavaFX Application Thread] DEBUG LoopRunner           - Starting loop
15:11:42.986 [JavaFX Application Thread] DEBUG LoopRunner           - Initializing JavaFX AnimationTimerLoop
15:11:42.988 [JavaFX Application Thread] DEBUG GameApplicationServi - Starting new game
15:11:42.989 [JavaFX Application Thread] DEBUG Input                - Clearing active input actions
15:11:43.017 [JavaFX Application Thread] DEBUG GameApplicationServi - Removing overlay from FXGLStartupScene and adding to MainLoadingScene
15:11:43.017 [JavaFX Application Thread] DEBUG PrimaryStageWindow   - FXGLStartupScene -> MainLoadingScene
15:11:43.017 [JavaFX Application Thread] DEBUG GameApplicationServi - Clearing previous game
15:11:43.018 [JavaFX Application Thread] DEBUG GameScene            - Clearing game scene
15:11:43.018 [JavaFX Application Thread] DEBUG GameWorld            - Clearing game world
15:11:43.018 [JavaFX Application Thread] DEBUG PhysicsWorld         - Clearing physics world
15:11:43.020 [JavaFX Application Thread] DEBUG FXGLApplication      - Registering font factories with UI factory
15:11:43.081 [FXGL Background Thread 4 ] WARN  TMXLevelLoader       - TiledMap generated from 1.10.0. Supported version: 1.4.2. Some features may not be parsed fully.
15:11:43.100 [FXGL Background Thread 4 ] DEBUG TMXLevelLoader       - Parsed TiledMap: file:/C:/ipose-groep-4/target/classes/assets/levels/tmx/level1.tmx
15:11:43.102 [FXGL Background Thread 4 ] DEBUG TMXLevelLoader       - Creating tile layer entities
15:11:43.104 [FXGL Background Thread 4 ] DEBUG TilesetLoader        - Loading view for layer Tile Layer 1
15:11:43.109 [FXGL Background Thread 4 ] DEBUG TilesetLoader        - Created buffer with size 2100.0x700.0
15:11:43.144 [FXGL Background Thread 4 ] DEBUG TMXLevelLoader       - Creating object layer entities
15:11:43.184 [FXGL Background Thread 4 ] DEBUG GameWorld            - Clearing removable entities
15:11:43.185 [FXGL Background Thread 4 ] DEBUG GameWorld            - Setting level: com.almasb.fxgl.entity.level.Level@7f44a51d
15:11:43.222 [FXGL Background Thread 4 ] DEBUG FXGLAssetLoaderServi - Loading from file system: file:/C:/ipose-groep-4/target/classes/assets/textures/background/forest.png
15:11:43.257 [FXGL Background Thread 4 ] INFO  FXGLApplication      - Game initialization took: 0,236 sec
15:11:43.258 [JavaFX Application Thread] DEBUG Input                - Clearing active input actions
15:11:43.259 [FXGL Background Thread 2 ] INFO  UpdaterService       - Your current version:  17.1
15:11:43.260 [FXGL Background Thread 2 ] INFO  UpdaterService       - Latest stable version: 17.3
15:11:43.289 [JavaFX Application Thread] DEBUG GameApplicationServi - Removing overlay from MainLoadingScene and adding to GameScene
15:11:43.290 [JavaFX Application Thread] DEBUG PrimaryStageWindow   - MainLoadingScene -> GameScene
15:11:45.692 [FXGL Background Thread 3 ] DEBUG Engine               - Logging environment variables
15:11:45.694 [FXGL Background Thread 3 ] DEBUG Engine               - achievements: []
15:11:45.694 [FXGL Background Thread 3 ] DEBUG Engine               - actualHeight: 720.0
15:11:45.694 [FXGL Background Thread 3 ] DEBUG Engine               - actualHeightProperty: ReadOnlyDoubleProperty [value: 720.0]
15:11:45.694 [FXGL Background Thread 3 ] DEBUG Engine               - actualWidth: 1400.0
15:11:45.694 [FXGL Background Thread 3 ] DEBUG Engine               - actualWidthProperty: ReadOnlyDoubleProperty [value: 1400.0]
15:11:45.694 [FXGL Background Thread 3 ] DEBUG Engine               - appIcon: fxgl_icon.png
15:11:45.695 [FXGL Background Thread 3 ] DEBUG Engine               - applicationMode: DEVELOPER
15:11:45.695 [FXGL Background Thread 3 ] DEBUG Engine               - cSSList: [fxgl_dark.css]
15:11:45.695 [FXGL Background Thread 3 ] DEBUG Engine               - collisionDetectionStrategy: BRUTE_FORCE
15:11:45.695 [FXGL Background Thread 3 ] DEBUG Engine               - configClass: Optional.empty
15:11:45.695 [FXGL Background Thread 3 ] DEBUG Engine               - credits: []
15:11:45.696 [FXGL Background Thread 3 ] DEBUG Engine               - defaultCursor: CursorInfo(imageName=fxgl_default_cursor.png, hotspotX=7.0, hotspotY=6.0)
15:11:45.696 [FXGL Background Thread 3 ] DEBUG Engine               - devBBoxColorProperty: ObjectProperty [value: 0xff0000ff]
15:11:45.696 [FXGL Background Thread 3 ] DEBUG Engine               - devEnableDebugCameraProperty: BooleanProperty [value: false]
15:11:45.696 [FXGL Background Thread 3 ] DEBUG Engine               - devSensorColorProperty: ObjectProperty [value: 0xffff00ff]
15:11:45.696 [FXGL Background Thread 3 ] DEBUG Engine               - devShowBBoxProperty: BooleanProperty [value: false]
15:11:45.696 [FXGL Background Thread 3 ] DEBUG Engine               - devShowPositionProperty: BooleanProperty [value: false]
15:11:45.696 [FXGL Background Thread 3 ] DEBUG Engine               - enabledMenuItems: []
15:11:45.696 [FXGL Background Thread 3 ] DEBUG Engine               - engineServices: [class com.almasb.fxgl.app.services.FXGLAssetLoaderService, class com.almasb.fxgl.app.FXGLApplication$GameApplicationService, class com.almasb.fxgl.app.services.FXGLDialogService, class com.almasb.fxgl.app.services.IOTaskExecutorService, class com.almasb.fxgl.io.FileSystemService, class com.almasb.fxgl.localization.LocalizationService, class com.almasb.fxgl.app.services.SystemBundleService, class com.almasb.fxgl.profile.SaveLoadService, class com.almasb.fxgl.ui.FXGLUIFactoryServiceProvider, class com.almasb.fxgl.ui.FXGLDialogFactoryServiceProvider, class com.almasb.fxgl.audio.AudioPlayer, class com.almasb.fxgl.notification.impl.NotificationServiceProvider, class com.almasb.fxgl.achievement.AchievementService, class com.almasb.fxgl.cutscene.CutsceneService, class com.almasb.fxgl.minigames.MiniGameService, class com.almasb.fxgl.net.NetService, class com.almasb.fxgl.app.services.UpdaterService, class com.almasb.fxgl.dev.DevService]
15:11:45.696 [FXGL Background Thread 3 ] DEBUG Engine               - fontGame: Abel-Regular.ttf
15:11:45.696 [FXGL Background Thread 3 ] DEBUG Engine               - fontMono: TerminalLandMono-Regular.otf
15:11:45.696 [FXGL Background Thread 3 ] DEBUG Engine               - fontText: Courier-Prime.ttf
15:11:45.697 [FXGL Background Thread 3 ] DEBUG Engine               - fontUI: VarelaRound-Regular.ttf
15:11:45.697 [FXGL Background Thread 3 ] DEBUG Engine               - fullScreen: BooleanProperty [value: false]
15:11:45.697 [FXGL Background Thread 3 ] DEBUG Engine               - gameDifficulty: MEDIUM
15:11:45.697 [FXGL Background Thread 3 ] DEBUG Engine               - gameDifficultyProperty: ObjectProperty [value: MEDIUM]
15:11:45.697 [FXGL Background Thread 3 ] DEBUG Engine               - globalMusicVolume: 0.5
15:11:45.697 [FXGL Background Thread 3 ] DEBUG Engine               - globalMusicVolumeProperty: DoubleProperty [value: 0.25]
15:11:45.697 [FXGL Background Thread 3 ] DEBUG Engine               - globalSoundVolume: 0.5
15:11:45.697 [FXGL Background Thread 3 ] DEBUG Engine               - globalSoundVolumeProperty: DoubleProperty [value: 0.5]
15:11:45.698 [FXGL Background Thread 3 ] DEBUG Engine               - height: 720
15:11:45.698 [FXGL Background Thread 3 ] DEBUG Engine               - is3D: false
15:11:45.698 [FXGL Background Thread 3 ] DEBUG Engine               - isAndroid: false
15:11:45.698 [FXGL Background Thread 3 ] DEBUG Engine               - isBrowser: false
15:11:45.698 [FXGL Background Thread 3 ] DEBUG Engine               - isClickFeedbackEnabled: false
15:11:45.698 [FXGL Background Thread 3 ] DEBUG Engine               - isCloseConfirmation: false
15:11:45.698 [FXGL Background Thread 3 ] DEBUG Engine               - isDesktop: true
15:11:45.698 [FXGL Background Thread 3 ] DEBUG Engine               - isDeveloperMenuEnabled: false
15:11:45.698 [FXGL Background Thread 3 ] DEBUG Engine               - isEmbedded: false
15:11:45.698 [FXGL Background Thread 3 ] DEBUG Engine               - isEntityPreloadEnabled: true
15:11:45.699 [FXGL Background Thread 3 ] DEBUG Engine               - isExperimentalTiledLargeMap: false
15:11:45.699 [FXGL Background Thread 3 ] DEBUG Engine               - isFileSystemWriteAllowed: true
15:11:45.699 [FXGL Background Thread 3 ] DEBUG Engine               - isFullScreenAllowed: false
15:11:45.699 [FXGL Background Thread 3 ] DEBUG Engine               - isFullScreenFromStart: false
15:11:45.699 [FXGL Background Thread 3 ] DEBUG Engine               - isGameMenuEnabled: true
15:11:45.699 [FXGL Background Thread 3 ] DEBUG Engine               - isIOS: false
15:11:45.699 [FXGL Background Thread 3 ] DEBUG Engine               - isIntroEnabled: false
15:11:45.699 [FXGL Background Thread 3 ] DEBUG Engine               - isLinux: false
15:11:45.699 [FXGL Background Thread 3 ] DEBUG Engine               - isMac: false
15:11:45.700 [FXGL Background Thread 3 ] DEBUG Engine               - isMainMenuEnabled: false
15:11:45.700 [FXGL Background Thread 3 ] DEBUG Engine               - isManualResizeEnabled: false
15:11:45.700 [FXGL Background Thread 3 ] DEBUG Engine               - isMobile: false
15:11:45.700 [FXGL Background Thread 3 ] DEBUG Engine               - isNative: false
15:11:45.700 [FXGL Background Thread 3 ] DEBUG Engine               - isPauseMusicWhenMinimized: true
15:11:45.700 [FXGL Background Thread 3 ] DEBUG Engine               - isPreserveResizeRatio: false
15:11:45.700 [FXGL Background Thread 3 ] DEBUG Engine               - isProfilingEnabled: false
15:11:45.700 [FXGL Background Thread 3 ] DEBUG Engine               - isScaleAffectedOnResize: true
15:11:45.700 [FXGL Background Thread 3 ] DEBUG Engine               - isSingleStep: false
15:11:45.700 [FXGL Background Thread 3 ] DEBUG Engine               - isUserProfileEnabled: false
15:11:45.700 [FXGL Background Thread 3 ] DEBUG Engine               - isWindows: true
15:11:45.700 [FXGL Background Thread 3 ] DEBUG Engine               - language: ObjectProperty [value: ENGLISH]
15:11:45.701 [FXGL Background Thread 3 ] DEBUG Engine               - menuKey: ESCAPE
15:11:45.701 [FXGL Background Thread 3 ] DEBUG Engine               - mouseSensitivity: 0.2
15:11:45.701 [FXGL Background Thread 3 ] DEBUG Engine               - notificationViewClass: class com.almasb.fxgl.notification.view.XboxNotificationView
15:11:45.701 [FXGL Background Thread 3 ] DEBUG Engine               - pixelsPerMeter: 50.0
15:11:45.701 [FXGL Background Thread 3 ] DEBUG Engine               - platform: WINDOWS
15:11:45.701 [FXGL Background Thread 3 ] DEBUG Engine               - prefHeightProperty: ReadOnlyDoubleProperty [value: 720.0]
15:11:45.701 [FXGL Background Thread 3 ] DEBUG Engine               - prefWidthProperty: ReadOnlyDoubleProperty [value: 1400.0]
15:11:45.701 [FXGL Background Thread 3 ] DEBUG Engine               - profileDir: profiles/
15:11:45.701 [FXGL Background Thread 3 ] DEBUG Engine               - profileName: StringProperty [value: DEFAULT]
15:11:45.702 [FXGL Background Thread 3 ] DEBUG Engine               - randomSeed: -1
15:11:45.702 [FXGL Background Thread 3 ] DEBUG Engine               - runtimeInfo: RuntimeInfo(platform=WINDOWS, version=17.1, build=24.03.2022 17.34)
15:11:45.702 [FXGL Background Thread 3 ] DEBUG Engine               - saveFileExt: sav
15:11:45.702 [FXGL Background Thread 3 ] DEBUG Engine               - scaledHeightProp$fxgl: DoubleProperty [bound, value: 720.0]
15:11:45.702 [FXGL Background Thread 3 ] DEBUG Engine               - scaledWidthProp$fxgl: DoubleProperty [bound, value: 1400.0]
15:11:45.703 [FXGL Background Thread 3 ] DEBUG Engine               - sceneFactory: com.almasb.fxglgames.platformer.PlatformerApp$1@5d0903fe
15:11:45.703 [FXGL Background Thread 3 ] DEBUG Engine               - secondsIn24h: 60
15:11:45.703 [FXGL Background Thread 3 ] DEBUG Engine               - soundMenuBack: menu/back.wav
15:11:45.703 [FXGL Background Thread 3 ] DEBUG Engine               - soundMenuPress: menu/press.wav
15:11:45.703 [FXGL Background Thread 3 ] DEBUG Engine               - soundMenuSelect: menu/select.wav
15:11:45.703 [FXGL Background Thread 3 ] DEBUG Engine               - soundNotification: core/notification.wav
15:11:45.703 [FXGL Background Thread 3 ] DEBUG Engine               - stageStyle: DECORATED
15:11:45.703 [FXGL Background Thread 3 ] DEBUG Engine               - supportedLanguages: [ENGLISH, FRENCH, GERMAN, HUNGARIAN, RUSSIAN]
15:11:45.703 [FXGL Background Thread 3 ] DEBUG Engine               - ticksPerSecond: -1
15:11:45.703 [FXGL Background Thread 3 ] DEBUG Engine               - title: Untitled
15:11:45.703 [FXGL Background Thread 3 ] DEBUG Engine               - urlGithub: https://github.com/AlmasB/FXGL
15:11:45.704 [FXGL Background Thread 3 ] DEBUG Engine               - urlLeaderboard: http://fxgl-top.herokuapp.com/
15:11:45.704 [FXGL Background Thread 3 ] DEBUG Engine               - urlPOM: https://raw.githubusercontent.com/AlmasB/FXGL/release/README.md
15:11:45.704 [FXGL Background Thread 3 ] DEBUG Engine               - userAppClass: class com.almasb.fxglgames.platformer.PlatformerApp
15:11:45.704 [FXGL Background Thread 3 ] DEBUG Engine               - version: 0.0
15:11:45.704 [FXGL Background Thread 3 ] DEBUG Engine               - versionCheckDays: 7
15:11:45.704 [FXGL Background Thread 3 ] DEBUG Engine               - width: 1400
15:11:45.704 [FXGL Background Thread 3 ] DEBUG Engine               - Logging services
15:11:45.704 [FXGL Background Thread 3 ] DEBUG Engine               - class com.almasb.fxgl.app.services.FXGLAssetLoaderService
15:11:45.704 [FXGL Background Thread 3 ] DEBUG Engine               - class com.almasb.fxgl.app.FXGLApplication$GameApplicationService
15:11:45.704 [FXGL Background Thread 3 ] DEBUG Engine               - class com.almasb.fxgl.app.services.FXGLDialogService
15:11:45.704 [FXGL Background Thread 3 ] DEBUG Engine               - class com.almasb.fxgl.app.services.IOTaskExecutorService
15:11:45.705 [FXGL Background Thread 3 ] DEBUG Engine               - class com.almasb.fxgl.io.FileSystemService
15:11:45.705 [FXGL Background Thread 3 ] DEBUG Engine               - class com.almasb.fxgl.localization.LocalizationService
15:11:45.705 [FXGL Background Thread 3 ] DEBUG Engine               - class com.almasb.fxgl.app.services.SystemBundleService
15:11:45.705 [FXGL Background Thread 3 ] DEBUG Engine               - class com.almasb.fxgl.profile.SaveLoadService
15:11:45.705 [FXGL Background Thread 3 ] DEBUG Engine               - class com.almasb.fxgl.ui.FXGLUIFactoryServiceProvider
15:11:45.705 [FXGL Background Thread 3 ] DEBUG Engine               - class com.almasb.fxgl.ui.FXGLDialogFactoryServiceProvider
15:11:45.705 [FXGL Background Thread 3 ] DEBUG Engine               - class com.almasb.fxgl.audio.AudioPlayer
15:11:45.705 [FXGL Background Thread 3 ] DEBUG Engine               - class com.almasb.fxgl.notification.impl.NotificationServiceProvider
15:11:45.705 [FXGL Background Thread 3 ] DEBUG Engine               - class com.almasb.fxgl.achievement.AchievementService
15:11:45.705 [FXGL Background Thread 3 ] DEBUG Engine               - class com.almasb.fxgl.cutscene.CutsceneService
15:11:45.705 [FXGL Background Thread 3 ] DEBUG Engine               - class com.almasb.fxgl.minigames.MiniGameService
15:11:45.705 [FXGL Background Thread 3 ] DEBUG Engine               - class com.almasb.fxgl.net.NetService
15:11:45.705 [FXGL Background Thread 3 ] DEBUG Engine               - class com.almasb.fxgl.app.services.UpdaterService
15:11:45.705 [FXGL Background Thread 3 ] DEBUG Engine               - class com.almasb.fxgl.dev.DevService
15:11:48.995 [JavaFX Application Thread] DEBUG FXGLApplication      - Exiting FXGL
15:11:48.995 [JavaFX Application Thread] DEBUG LoopRunner           - Stopping loop
15:11:48.995 [JavaFX Application Thread] DEBUG SystemBundleService  - Saving FXGL system data
15:11:48.998 [JavaFX Application Thread] DEBUG FileSystemAccess     - Writing to: C:\ipose-groep-4\system\fxgl.bundle
15:11:49.005 [JavaFX Application Thread] DEBUG Async                - Shutting down background threads
15:11:49.006 [JavaFX Application Thread] DEBUG PrimaryStageWindow   - Closing main window
15:11:49.032 [JavaFX Application Thread] DEBUG Logger               - Closing Logger
