14:47:54.273 [main                     ] DEBUG Logger               - Configured Logger
14:47:54.317 [main                     ] DEBUG GameApplication      - Logging settings
Title: Miguel
Version: 1.0
Width: 1280
Height: 720
Fullscreen: false
Intro: false
Profiling: false
Single step:false
App Mode: DEVELOPER
Menu Key: ESCAPE
Stage Style: DECORATED
Scene Factory: class com.almasb.fxglgames.platformer.PlatformerApp$1

14:47:54.884 [JavaFX Application Thread] DEBUG FXGLApplication      - Initializing FXGL
14:47:54.893 [JavaFX Application Thread] INFO  Engine               - FXGL-17.1 (24.03.2022 17.34) on WINDOWS (J:19.0.1 FX:19-ea)
14:47:54.894 [JavaFX Application Thread] DEBUG Engine               - JRE Vendor Name: Oracle Corporation
14:47:54.894 [JavaFX Application Thread] DEBUG Engine               - Running on OS: Windows 10 version 10.0
14:47:54.895 [JavaFX Application Thread] DEBUG Engine               - Architecture: amd64
14:47:54.895 [JavaFX Application Thread] INFO  Engine               - Source code and latest versions at: https://github.com/AlmasB/FXGL
14:47:54.895 [JavaFX Application Thread] INFO  Engine               -       Ask questions and discuss at: https://github.com/AlmasB/FXGL/discussions
14:47:54.895 [JavaFX Application Thread] INFO  Engine               -              Join the FXGL chat at: https://gitter.im/AlmasB/FXGL
14:47:55.039 [JavaFX Application Thread] DEBUG PrimaryStageWindow   - Creating a JavaFX scene
14:47:55.113 [JavaFX Application Thread] DEBUG PrimaryStageWindow   - Target settings size: 1280.0 x 720.0
14:47:55.114 [JavaFX Application Thread] DEBUG PrimaryStageWindow   - Scaled scene size:    1280.0 x 720.0
14:47:55.115 [JavaFX Application Thread] DEBUG PrimaryStageWindow   - Scaled ratio: (1.0, 1.0)
14:47:55.116 [JavaFX Application Thread] DEBUG PrimaryStageWindow   - Set initial scene to FXGLStartupScene
14:47:55.129 [JavaFX Application Thread] DEBUG PrimaryStageWindow   - Opening main window
14:47:55.260 [JavaFX Application Thread] DEBUG PrimaryStageWindow   - Window border size: (14.4000244140625, 37.5999755859375)
14:47:55.260 [JavaFX Application Thread] DEBUG PrimaryStageWindow   - Scaled size: 1280.0 x 720.0
14:47:55.261 [JavaFX Application Thread] DEBUG PrimaryStageWindow   - Scaled ratio: (1.0, 1.0)
14:47:55.262 [JavaFX Application Thread] DEBUG PrimaryStageWindow   - Scene size: 1280.0 x 720.0
14:47:55.263 [JavaFX Application Thread] DEBUG PrimaryStageWindow   - Stage size: 1294.4000244140625 x 757.5999755859375
14:47:55.279 [FXGL Background Thread 1 ] DEBUG Engine               - Initializing environment variables
14:47:55.364 [FXGL Background Thread 1 ] DEBUG FXGLAssetLoaderServi - User app class for loading assets: class com.almasb.fxglgames.platformer.PlatformerApp
14:47:55.364 [FXGL Background Thread 1 ] DEBUG GameApplicationServi - Applying CSS: fxgl_dark.css
14:47:55.366 [FXGL Background Thread 1 ] DEBUG FXGLAssetLoaderServi - Loading from file system: jar:file:///C:/Users/jardk/.m2/repository/com/github/almasb/fxgl/17.1/fxgl-17.1.jar!/fxglassets/ui/css/fxgl_dark.css
14:47:55.450 [FXGL Background Thread 1 ] DEBUG GameApplicationServi - Initializing application scenes
14:47:55.537 [FXGL Background Thread 1 ] DEBUG FXGLAssetLoaderServi - Loading from file system: file:/C:/ipose-groep-4/target/classes/assets/textures/player.png
14:47:55.579 [FXGL Background Thread 1 ] DEBUG GameWorld            - Game world initialized
14:47:55.680 [FXGL Background Thread 1 ] DEBUG PhysicsWorld         - Physics world initialized: appHeight=720, physics.ppm=50,0
14:47:55.681 [FXGL Background Thread 1 ] DEBUG PhysicsWorld         - Using strategy: BRUTE_FORCE
14:47:55.688 [FXGL Background Thread 1 ] DEBUG GameScene            - Game scene initialized: 1280x720
14:47:55.703 [FXGL Background Thread 1 ] DEBUG FXGL.DefaultMenu     - createMenuBodyMainMenu()
14:47:55.732 [FXGL Background Thread 1 ] DEBUG FXGL.DefaultMenu     - createOptionsMenu()
14:47:55.756 [FXGL Background Thread 1 ] DEBUG FXGLAssetLoaderServi - Loading from file system: jar:file:///C:/Users/jardk/.m2/repository/com/github/almasb/fxgl/17.1/fxgl-17.1.jar!/fxglassets/textures/particles/smoke.png
14:47:55.886 [FXGL Background Thread 1 ] DEBUG FXGLAssetLoaderServi - Loading from file system: jar:file:///C:/Users/jardk/.m2/repository/com/github/almasb/fxgl/17.1/fxgl-17.1.jar!/fxglassets/textures/particles/trace_horizontal.png
14:47:55.928 [FXGL Background Thread 1 ] DEBUG FXGL.DefaultMenu     - createMenuBodyGameMenu()
14:47:55.931 [FXGL Background Thread 1 ] DEBUG FXGL.DefaultMenu     - createOptionsMenu()
14:47:55.959 [FXGL Background Thread 1 ] DEBUG GameApplicationServi - Application scenes initialized
14:47:55.978 [FXGL Background Thread 1 ] DEBUG SystemBundleService  - Loading FXGL system data
14:47:55.984 [FXGL Background Thread 1 ] DEBUG FileSystemAccess     - Reading from: C:\ipose-groep-4\system\fxgl.bundle
14:47:55.999 [FXGL Background Thread 1 ] DEBUG SystemBundleService  - Bundle FXGL: {}
14:47:55.999 [FXGL Background Thread 1 ] DEBUG UpdaterService       - Checking for updates
14:47:56.005 [FXGL Background Thread 4 ] DEBUG FXGLApplication      - Loading fonts
14:47:56.006 [FXGL Background Thread 4 ] DEBUG FXGLAssetLoaderServi - Loading from file system: jar:file:///C:/Users/jardk/.m2/repository/com/github/almasb/fxgl/17.1/fxgl-17.1.jar!/fxglassets/ui/fonts/VarelaRound-Regular.ttf
14:47:56.007 [FXGL Background Thread 1 ] DEBUG FXGLApplication      - Loading default localization
14:47:56.008 [FXGL Background Thread 1 ] DEBUG FXGLAssetLoaderServi - Loading from file system: jar:file:///C:/Users/jardk/.m2/repository/com/github/almasb/fxgl/17.1/fxgl-17.1.jar!/fxglassets/languages/english.lang
14:47:56.044 [FXGL Background Thread 1 ] INFO  FXGLApplication      - FXGL initialization took: 0,765 sec
14:47:56.061 [JavaFX Application Thread] DEBUG Input                - Registered new binding: Left - A
14:47:56.061 [JavaFX Application Thread] DEBUG Input                - Registered new binding: Right - D
14:47:56.062 [JavaFX Application Thread] DEBUG Input                - Registered new binding: Jump - W
14:47:56.062 [JavaFX Application Thread] DEBUG Input                - Registered new binding: Use - E
14:47:56.063 [JavaFX Application Thread] DEBUG FXGLAssetLoaderServi - Loading from file system: file:/C:/ipose-groep-4/target/classes/assets/music/BGM_dash_runner.wav
14:47:56.089 [FXGL Background Thread 4 ] DEBUG FXGLAssetLoaderServi - Loading from file system: jar:file:///C:/Users/jardk/.m2/repository/com/github/almasb/fxgl/17.1/fxgl-17.1.jar!/fxglassets/ui/fonts/Abel-Regular.ttf
14:47:56.096 [FXGL Background Thread 4 ] DEBUG FXGLAssetLoaderServi - Loading from file system: jar:file:///C:/Users/jardk/.m2/repository/com/github/almasb/fxgl/17.1/fxgl-17.1.jar!/fxglassets/ui/fonts/TerminalLandMono-Regular.otf
14:47:56.103 [FXGL Background Thread 4 ] DEBUG FXGLAssetLoaderServi - Loading from file system: jar:file:///C:/Users/jardk/.m2/repository/com/github/almasb/fxgl/17.1/fxgl-17.1.jar!/fxglassets/ui/fonts/Courier-Prime.ttf
14:47:56.275 [JavaFX Application Thread] DEBUG AudioPlayer          - Playing music com.almasb.fxgl.audio.Music@1df09c86
14:47:56.276 [JavaFX Application Thread] DEBUG FXGLAssetLoaderServi - Loading from file system: jar:file:///C:/Users/jardk/.m2/repository/com/github/almasb/fxgl/17.1/fxgl-17.1.jar!/fxglassets/textures/fxgl_icon.png
14:47:56.304 [JavaFX Application Thread] DEBUG FXGLAssetLoaderServi - Loading from file system: jar:file:///C:/Users/jardk/.m2/repository/com/github/almasb/fxgl/17.1/fxgl-17.1.jar!/fxglassets/textures/fxgl_default_cursor.png
14:47:56.308 [JavaFX Application Thread] DEBUG Input                - Registered new binding: Screenshot - CTRL+8
14:47:56.309 [JavaFX Application Thread] DEBUG Input                - Registered new binding: System info dump - CTRL+9
14:47:56.309 [JavaFX Application Thread] DEBUG Input                - Registered new binding: Restart - CTRL+R
14:47:56.311 [JavaFX Application Thread] DEBUG Input                - Registered new binding: Toggle Debug Camera - CTRL+7
14:47:56.315 [JavaFX Application Thread] DEBUG LoopRunner           - Starting loop
14:47:56.315 [JavaFX Application Thread] DEBUG LoopRunner           - Initializing JavaFX AnimationTimerLoop
14:47:56.320 [JavaFX Application Thread] DEBUG Input                - Clearing active input actions
14:47:56.343 [JavaFX Application Thread] DEBUG GameApplicationServi - Removing overlay from FXGLStartupScene and adding to FXGLMainMenuDummyScene
14:47:56.344 [JavaFX Application Thread] DEBUG PrimaryStageWindow   - FXGLStartupScene -> FXGLMainMenuDummyScene
14:47:56.345 [JavaFX Application Thread] DEBUG PrimaryStageWindow   - Push state: FXGLDefaultMenu
14:47:56.348 [JavaFX Application Thread] DEBUG Input                - Clearing active input actions
14:47:56.360 [JavaFX Application Thread] DEBUG GameApplicationServi - Removing overlay from FXGLMainMenuDummyScene and adding to FXGLDefaultMenu
14:47:56.361 [JavaFX Application Thread] DEBUG PrimaryStageWindow   - FXGLMainMenuDummyScene -> FXGLDefaultMenu
14:47:56.362 [JavaFX Application Thread] DEBUG FXGLApplication      - Registering font factories with UI factory
14:47:56.597 [FXGL Background Thread 2 ] INFO  UpdaterService       - Your current version:  17.1
14:47:56.598 [FXGL Background Thread 2 ] INFO  UpdaterService       - Latest stable version: 17.3
14:47:57.552 [JavaFX Application Thread] DEBUG Menu                 - fireNewGame()
14:47:57.552 [JavaFX Application Thread] DEBUG GameApplicationServi - Starting new game
14:47:57.560 [JavaFX Application Thread] DEBUG PrimaryStageWindow   - Pop state: FXGLDefaultMenu
14:47:57.560 [JavaFX Application Thread] DEBUG Input                - Clearing active input actions
14:47:57.562 [JavaFX Application Thread] DEBUG GameApplicationServi - Removing overlay from FXGLDefaultMenu and adding to FXGLMainMenuDummyScene
14:47:57.563 [JavaFX Application Thread] DEBUG PrimaryStageWindow   - FXGLMainMenuDummyScene <- FXGLDefaultMenu
14:47:57.564 [JavaFX Application Thread] DEBUG Input                - Clearing active input actions
14:47:57.578 [JavaFX Application Thread] DEBUG GameApplicationServi - Removing overlay from FXGLMainMenuDummyScene and adding to MainLoadingScene
14:47:57.578 [JavaFX Application Thread] DEBUG PrimaryStageWindow   - FXGLMainMenuDummyScene -> MainLoadingScene
14:47:57.578 [JavaFX Application Thread] DEBUG GameApplicationServi - Clearing previous game
14:47:57.579 [JavaFX Application Thread] DEBUG GameScene            - Clearing game scene
14:47:57.579 [JavaFX Application Thread] DEBUG GameWorld            - Clearing game world
14:47:57.579 [JavaFX Application Thread] DEBUG PhysicsWorld         - Clearing physics world
14:47:57.581 [FXGL Background Thread 2 ] DEBUG FXGLApplication      - Initializing game
14:47:57.626 [FXGL Background Thread 2 ] WARN  TMXLevelLoader       - TiledMap generated from 1.10.0. Supported version: 1.4.2. Some features may not be parsed fully.
14:47:57.639 [FXGL Background Thread 2 ] DEBUG TMXLevelLoader       - Parsed TiledMap: file:/C:/ipose-groep-4/target/classes/assets/levels/tmx/level1.tmx
14:47:57.641 [FXGL Background Thread 2 ] DEBUG TMXLevelLoader       - Creating tile layer entities
14:47:57.643 [FXGL Background Thread 2 ] DEBUG TilesetLoader        - Loading view for layer Tile Layer 1
14:47:57.650 [FXGL Background Thread 2 ] DEBUG TilesetLoader        - Created buffer with size 4900.0x700.0
14:47:57.653 [FXGL Background Thread 2 ] WARN  TMXLevelLoader       - Parse error
java.lang.IllegalArgumentException: Tileset for gid=212 not found
	at com.almasb.fxgl.entity@17.1/com.almasb.fxgl.entity.level.tiled.TilesetLoader.findTileset(TilesetLoader.kt:390)
	at com.almasb.fxgl.entity@17.1/com.almasb.fxgl.entity.level.tiled.TilesetLoader.loadView(TilesetLoader.kt:116)
	at com.almasb.fxgl.entity@17.1/com.almasb.fxgl.entity.level.tiled.TMXLevelLoader.createTileLayerEntities$lambda-4(TMXLevelLoader.kt:100)
	at java.base/java.util.stream.ReferencePipeline$3$1.accept(ReferencePipeline.java:197)
	at java.base/java.util.ArrayList$ArrayListSpliterator.forEachRemaining(ArrayList.java:1625)
	at java.base/java.util.stream.AbstractPipeline.copyInto(AbstractPipeline.java:509)
	at java.base/java.util.stream.AbstractPipeline.wrapAndCopyInto(AbstractPipeline.java:499)
	at java.base/java.util.stream.ReduceOps$ReduceOp.evaluateSequential(ReduceOps.java:921)
	at java.base/java.util.stream.AbstractPipeline.evaluate(AbstractPipeline.java:234)
	at java.base/java.util.stream.ReferencePipeline.collect(ReferencePipeline.java:682)
	at com.almasb.fxgl.entity@17.1/com.almasb.fxgl.entity.level.tiled.TMXLevelLoader.createTileLayerEntities(TMXLevelLoader.kt:117)
	at com.almasb.fxgl.entity@17.1/com.almasb.fxgl.entity.level.tiled.TMXLevelLoader.load(TMXLevelLoader.kt:58)
	at com.almasb.fxgl.all@17.1/com.almasb.fxgl.app.services.FXGLAssetLoaderService.loadLevel(FXGLAssetLoaderService.kt:446)
	at com.almasb.fxgl.all@17.1/com.almasb.fxgl.dsl.FXGL$Companion.setLevelFromMap(FXGL.kt:634)
	at com.almasb.fxgl.all@17.1/com.almasb.fxgl.dsl.FXGL.setLevelFromMap(FXGL.kt)
	at mario.main/com.almasb.fxglgames.platformer.PlatformerApp.setLevel(PlatformerApp.java:270)
	at mario.main/com.almasb.fxglgames.platformer.PlatformerApp.nextLevel(PlatformerApp.java:221)
	at mario.main/com.almasb.fxglgames.platformer.PlatformerApp.initGame(PlatformerApp.java:137)
	at com.almasb.fxgl.all@17.1/com.almasb.fxgl.app.FXGLApplication$InitAppTask.initGame(FXGLApplication.kt:339)
	at com.almasb.fxgl.all@17.1/com.almasb.fxgl.app.FXGLApplication$InitAppTask.call(FXGLApplication.kt:319)
	at com.almasb.fxgl.all@17.1/com.almasb.fxgl.app.FXGLApplication$InitAppTask.call(FXGLApplication.kt:311)
	at javafx.graphics@19-ea/javafx.concurrent.Task$TaskCallable.call(Task.java:1426)
	at java.base/java.util.concurrent.FutureTask.run(FutureTask.java:317)
	at java.base/java.util.concurrent.Executors$RunnableAdapter.call(Executors.java:577)
	at java.base/java.util.concurrent.FutureTask.run(FutureTask.java:317)
	at java.base/java.util.concurrent.ThreadPoolExecutor.runWorker(ThreadPoolExecutor.java:1144)
	at java.base/java.util.concurrent.ThreadPoolExecutor$Worker.run(ThreadPoolExecutor.java:642)
	at java.base/java.lang.Thread.run(Thread.java:1589)

14:47:57.656 [JavaFX Application Thread] DEBUG LoopRunner           - Stopping loop
14:47:57.657 [JavaFX Application Thread] FATAL FXGLApplication      - Uncaught Exception:
java.lang.RuntimeException: Initialization failed
	at com.almasb.fxgl.all@17.1/com.almasb.fxgl.app.FXGLApplication$InitAppTask.failed(FXGLApplication.kt:343)
	at javafx.graphics@19-ea/javafx.concurrent.Task.setState(Task.java:710)
	at javafx.graphics@19-ea/javafx.concurrent.Task$TaskCallable.lambda$call$2(Task.java:1456)
	at javafx.graphics@19-ea/com.sun.javafx.application.PlatformImpl.lambda$runLater$10(PlatformImpl.java:457)
	at java.base/java.security.AccessController.doPrivileged(AccessController.java:399)
	at javafx.graphics@19-ea/com.sun.javafx.application.PlatformImpl.lambda$runLater$11(PlatformImpl.java:456)
	at javafx.graphics@19-ea/com.sun.glass.ui.InvokeLaterDispatcher$Future.run(InvokeLaterDispatcher.java:96)
	at javafx.graphics@19-ea/com.sun.glass.ui.win.WinApplication._runLoop(Native Method)
	at javafx.graphics@19-ea/com.sun.glass.ui.win.WinApplication.lambda$runLoop$3(WinApplication.java:184)
	at java.base/java.lang.Thread.run(Thread.java:1589)
Caused by: com.almasb.fxgl.entity.level.LevelLoadingException: Tileset for gid=212 not found
	at com.almasb.fxgl.entity@17.1/com.almasb.fxgl.entity.level.tiled.TMXLevelLoader.load(TMXLevelLoader.kt:78)
	at com.almasb.fxgl.all@17.1/com.almasb.fxgl.app.services.FXGLAssetLoaderService.loadLevel(FXGLAssetLoaderService.kt:446)
	at com.almasb.fxgl.all@17.1/com.almasb.fxgl.dsl.FXGL$Companion.setLevelFromMap(FXGL.kt:634)
	at com.almasb.fxgl.all@17.1/com.almasb.fxgl.dsl.FXGL.setLevelFromMap(FXGL.kt)
	at mario.main/com.almasb.fxglgames.platformer.PlatformerApp.setLevel(PlatformerApp.java:270)
	at mario.main/com.almasb.fxglgames.platformer.PlatformerApp.nextLevel(PlatformerApp.java:221)
	at mario.main/com.almasb.fxglgames.platformer.PlatformerApp.initGame(PlatformerApp.java:137)
	at com.almasb.fxgl.all@17.1/com.almasb.fxgl.app.FXGLApplication$InitAppTask.initGame(FXGLApplication.kt:339)
	at com.almasb.fxgl.all@17.1/com.almasb.fxgl.app.FXGLApplication$InitAppTask.call(FXGLApplication.kt:319)
	at com.almasb.fxgl.all@17.1/com.almasb.fxgl.app.FXGLApplication$InitAppTask.call(FXGLApplication.kt:311)
	at javafx.graphics@19-ea/javafx.concurrent.Task$TaskCallable.call(Task.java:1426)
	at java.base/java.util.concurrent.FutureTask.run(FutureTask.java:317)
	at java.base/java.util.concurrent.Executors$RunnableAdapter.call(Executors.java:577)
	at java.base/java.util.concurrent.FutureTask.run(FutureTask.java:317)
	at java.base/java.util.concurrent.ThreadPoolExecutor.runWorker(ThreadPoolExecutor.java:1144)
	at java.base/java.util.concurrent.ThreadPoolExecutor$Worker.run(ThreadPoolExecutor.java:642)
	... 1 more
Caused by: java.lang.IllegalArgumentException: Tileset for gid=212 not found
	at com.almasb.fxgl.entity@17.1/com.almasb.fxgl.entity.level.tiled.TilesetLoader.findTileset(TilesetLoader.kt:390)
	at com.almasb.fxgl.entity@17.1/com.almasb.fxgl.entity.level.tiled.TilesetLoader.loadView(TilesetLoader.kt:116)
	at com.almasb.fxgl.entity@17.1/com.almasb.fxgl.entity.level.tiled.TMXLevelLoader.createTileLayerEntities$lambda-4(TMXLevelLoader.kt:100)
	at java.base/java.util.stream.ReferencePipeline$3$1.accept(ReferencePipeline.java:197)
	at java.base/java.util.ArrayList$ArrayListSpliterator.forEachRemaining(ArrayList.java:1625)
	at java.base/java.util.stream.AbstractPipeline.copyInto(AbstractPipeline.java:509)
	at java.base/java.util.stream.AbstractPipeline.wrapAndCopyInto(AbstractPipeline.java:499)
	at java.base/java.util.stream.ReduceOps$ReduceOp.evaluateSequential(ReduceOps.java:921)
	at java.base/java.util.stream.AbstractPipeline.evaluate(AbstractPipeline.java:234)
	at java.base/java.util.stream.ReferencePipeline.collect(ReferencePipeline.java:682)
	at com.almasb.fxgl.entity@17.1/com.almasb.fxgl.entity.level.tiled.TMXLevelLoader.createTileLayerEntities(TMXLevelLoader.kt:117)
	at com.almasb.fxgl.entity@17.1/com.almasb.fxgl.entity.level.tiled.TMXLevelLoader.load(TMXLevelLoader.kt:58)
	... 16 more

14:47:57.658 [JavaFX Application Thread] FATAL FXGLApplication      - Application will now exit
14:47:57.684 [JavaFX Application Thread] DEBUG PrimaryStageWindow   - Push state: ErrorSubScene
14:47:57.684 [JavaFX Application Thread] DEBUG Input                - Clearing active input actions
14:47:57.687 [JavaFX Application Thread] DEBUG GameApplicationServi - Removing overlay from MainLoadingScene and adding to ErrorSubScene
14:47:57.688 [JavaFX Application Thread] DEBUG PrimaryStageWindow   - MainLoadingScene -> ErrorSubScene
14:47:59.006 [FXGL Background Thread 3 ] DEBUG Engine               - Logging environment variables
14:47:59.007 [FXGL Background Thread 3 ] DEBUG Engine               - achievements: []
14:47:59.007 [FXGL Background Thread 3 ] DEBUG Engine               - actualHeight: 720.0
14:47:59.008 [FXGL Background Thread 3 ] DEBUG Engine               - actualHeightProperty: ReadOnlyDoubleProperty [value: 720.0]
14:47:59.008 [FXGL Background Thread 3 ] DEBUG Engine               - actualWidth: 1280.0
14:47:59.008 [FXGL Background Thread 3 ] DEBUG Engine               - actualWidthProperty: ReadOnlyDoubleProperty [value: 1280.0]
14:47:59.008 [FXGL Background Thread 3 ] DEBUG Engine               - appIcon: fxgl_icon.png
14:47:59.008 [FXGL Background Thread 3 ] DEBUG Engine               - applicationMode: DEVELOPER
14:47:59.008 [FXGL Background Thread 3 ] DEBUG Engine               - cSSList: [fxgl_dark.css]
14:47:59.008 [FXGL Background Thread 3 ] DEBUG Engine               - collisionDetectionStrategy: BRUTE_FORCE
14:47:59.008 [FXGL Background Thread 3 ] DEBUG Engine               - configClass: Optional.empty
14:47:59.009 [FXGL Background Thread 3 ] DEBUG Engine               - credits: []
14:47:59.009 [FXGL Background Thread 3 ] DEBUG Engine               - defaultCursor: CursorInfo(imageName=fxgl_default_cursor.png, hotspotX=7.0, hotspotY=6.0)
14:47:59.010 [FXGL Background Thread 3 ] DEBUG Engine               - devBBoxColorProperty: ObjectProperty [value: 0xff0000ff]
14:47:59.010 [FXGL Background Thread 3 ] DEBUG Engine               - devEnableDebugCameraProperty: BooleanProperty [value: false]
14:47:59.010 [FXGL Background Thread 3 ] DEBUG Engine               - devSensorColorProperty: ObjectProperty [value: 0xffff00ff]
14:47:59.010 [FXGL Background Thread 3 ] DEBUG Engine               - devShowBBoxProperty: BooleanProperty [value: false]
14:47:59.010 [FXGL Background Thread 3 ] DEBUG Engine               - devShowPositionProperty: BooleanProperty [value: false]
14:47:59.010 [FXGL Background Thread 3 ] DEBUG Engine               - enabledMenuItems: []
14:47:59.010 [FXGL Background Thread 3 ] DEBUG Engine               - engineServices: [class com.almasb.fxgl.app.services.FXGLAssetLoaderService, class com.almasb.fxgl.app.FXGLApplication$GameApplicationService, class com.almasb.fxgl.app.services.FXGLDialogService, class com.almasb.fxgl.app.services.IOTaskExecutorService, class com.almasb.fxgl.io.FileSystemService, class com.almasb.fxgl.localization.LocalizationService, class com.almasb.fxgl.app.services.SystemBundleService, class com.almasb.fxgl.profile.SaveLoadService, class com.almasb.fxgl.ui.FXGLUIFactoryServiceProvider, class com.almasb.fxgl.ui.FXGLDialogFactoryServiceProvider, class com.almasb.fxgl.audio.AudioPlayer, class com.almasb.fxgl.notification.impl.NotificationServiceProvider, class com.almasb.fxgl.achievement.AchievementService, class com.almasb.fxgl.cutscene.CutsceneService, class com.almasb.fxgl.minigames.MiniGameService, class com.almasb.fxgl.net.NetService, class com.almasb.fxgl.app.services.UpdaterService, class com.almasb.fxgl.dev.DevService]
14:47:59.010 [FXGL Background Thread 3 ] DEBUG Engine               - fontGame: Abel-Regular.ttf
14:47:59.010 [FXGL Background Thread 3 ] DEBUG Engine               - fontMono: TerminalLandMono-Regular.otf
14:47:59.010 [FXGL Background Thread 3 ] DEBUG Engine               - fontText: Courier-Prime.ttf
14:47:59.011 [FXGL Background Thread 3 ] DEBUG Engine               - fontUI: VarelaRound-Regular.ttf
14:47:59.011 [FXGL Background Thread 3 ] DEBUG Engine               - fullScreen: BooleanProperty [value: false]
14:47:59.011 [FXGL Background Thread 3 ] DEBUG Engine               - gameDifficulty: MEDIUM
14:47:59.011 [FXGL Background Thread 3 ] DEBUG Engine               - gameDifficultyProperty: ObjectProperty [value: MEDIUM]
14:47:59.012 [FXGL Background Thread 3 ] DEBUG Engine               - globalMusicVolume: 0.5
14:47:59.012 [FXGL Background Thread 3 ] DEBUG Engine               - globalMusicVolumeProperty: DoubleProperty [value: 0.25]
14:47:59.012 [FXGL Background Thread 3 ] DEBUG Engine               - globalSoundVolume: 0.5
14:47:59.012 [FXGL Background Thread 3 ] DEBUG Engine               - globalSoundVolumeProperty: DoubleProperty [value: 0.5]
14:47:59.013 [FXGL Background Thread 3 ] DEBUG Engine               - height: 720
14:47:59.013 [FXGL Background Thread 3 ] DEBUG Engine               - is3D: false
14:47:59.013 [FXGL Background Thread 3 ] DEBUG Engine               - isAndroid: false
14:47:59.013 [FXGL Background Thread 3 ] DEBUG Engine               - isBrowser: false
14:47:59.013 [FXGL Background Thread 3 ] DEBUG Engine               - isClickFeedbackEnabled: false
14:47:59.013 [FXGL Background Thread 3 ] DEBUG Engine               - isCloseConfirmation: false
14:47:59.013 [FXGL Background Thread 3 ] DEBUG Engine               - isDesktop: true
14:47:59.013 [FXGL Background Thread 3 ] DEBUG Engine               - isDeveloperMenuEnabled: false
14:47:59.013 [FXGL Background Thread 3 ] DEBUG Engine               - isEmbedded: false
14:47:59.013 [FXGL Background Thread 3 ] DEBUG Engine               - isEntityPreloadEnabled: true
14:47:59.013 [FXGL Background Thread 3 ] DEBUG Engine               - isExperimentalTiledLargeMap: false
14:47:59.013 [FXGL Background Thread 3 ] DEBUG Engine               - isFileSystemWriteAllowed: true
14:47:59.013 [FXGL Background Thread 3 ] DEBUG Engine               - isFullScreenAllowed: false
14:47:59.013 [FXGL Background Thread 3 ] DEBUG Engine               - isFullScreenFromStart: false
14:47:59.013 [FXGL Background Thread 3 ] DEBUG Engine               - isGameMenuEnabled: true
14:47:59.013 [FXGL Background Thread 3 ] DEBUG Engine               - isIOS: false
14:47:59.014 [FXGL Background Thread 3 ] DEBUG Engine               - isIntroEnabled: false
14:47:59.014 [FXGL Background Thread 3 ] DEBUG Engine               - isLinux: false
14:47:59.014 [FXGL Background Thread 3 ] DEBUG Engine               - isMac: false
14:47:59.014 [FXGL Background Thread 3 ] DEBUG Engine               - isMainMenuEnabled: true
14:47:59.014 [FXGL Background Thread 3 ] DEBUG Engine               - isManualResizeEnabled: false
14:47:59.014 [FXGL Background Thread 3 ] DEBUG Engine               - isMobile: false
14:47:59.014 [FXGL Background Thread 3 ] DEBUG Engine               - isNative: false
14:47:59.015 [FXGL Background Thread 3 ] DEBUG Engine               - isPauseMusicWhenMinimized: true
14:47:59.015 [FXGL Background Thread 3 ] DEBUG Engine               - isPreserveResizeRatio: false
14:47:59.015 [FXGL Background Thread 3 ] DEBUG Engine               - isProfilingEnabled: false
14:47:59.015 [FXGL Background Thread 3 ] DEBUG Engine               - isScaleAffectedOnResize: true
14:47:59.015 [FXGL Background Thread 3 ] DEBUG Engine               - isSingleStep: false
14:47:59.015 [FXGL Background Thread 3 ] DEBUG Engine               - isUserProfileEnabled: false
14:47:59.015 [FXGL Background Thread 3 ] DEBUG Engine               - isWindows: true
14:47:59.015 [FXGL Background Thread 3 ] DEBUG Engine               - language: ObjectProperty [value: ENGLISH]
14:47:59.015 [FXGL Background Thread 3 ] DEBUG Engine               - menuKey: ESCAPE
14:47:59.015 [FXGL Background Thread 3 ] DEBUG Engine               - mouseSensitivity: 0.2
14:47:59.015 [FXGL Background Thread 3 ] DEBUG Engine               - notificationViewClass: class com.almasb.fxgl.notification.view.XboxNotificationView
14:47:59.015 [FXGL Background Thread 3 ] DEBUG Engine               - pixelsPerMeter: 50.0
14:47:59.015 [FXGL Background Thread 3 ] DEBUG Engine               - platform: WINDOWS
14:47:59.015 [FXGL Background Thread 3 ] DEBUG Engine               - prefHeightProperty: ReadOnlyDoubleProperty [value: 720.0]
14:47:59.015 [FXGL Background Thread 3 ] DEBUG Engine               - prefWidthProperty: ReadOnlyDoubleProperty [value: 1280.0]
14:47:59.015 [FXGL Background Thread 3 ] DEBUG Engine               - profileDir: profiles/
14:47:59.016 [FXGL Background Thread 3 ] DEBUG Engine               - profileName: StringProperty [value: DEFAULT]
14:47:59.016 [FXGL Background Thread 3 ] DEBUG Engine               - randomSeed: -1
14:47:59.016 [FXGL Background Thread 3 ] DEBUG Engine               - runtimeInfo: RuntimeInfo(platform=WINDOWS, version=17.1, build=24.03.2022 17.34)
14:47:59.016 [FXGL Background Thread 3 ] DEBUG Engine               - saveFileExt: sav
14:47:59.016 [FXGL Background Thread 3 ] DEBUG Engine               - scaledHeightProp$fxgl: DoubleProperty [bound, value: 720.0]
14:47:59.017 [FXGL Background Thread 3 ] DEBUG Engine               - scaledWidthProp$fxgl: DoubleProperty [bound, value: 1280.0]
14:47:59.017 [FXGL Background Thread 3 ] DEBUG Engine               - sceneFactory: com.almasb.fxglgames.platformer.PlatformerApp$1@5fe4fd20
14:47:59.017 [FXGL Background Thread 3 ] DEBUG Engine               - secondsIn24h: 60
14:47:59.017 [FXGL Background Thread 3 ] DEBUG Engine               - soundMenuBack: menu/back.wav
14:47:59.017 [FXGL Background Thread 3 ] DEBUG Engine               - soundMenuPress: menu/press.wav
14:47:59.017 [FXGL Background Thread 3 ] DEBUG Engine               - soundMenuSelect: menu/select.wav
14:47:59.017 [FXGL Background Thread 3 ] DEBUG Engine               - soundNotification: core/notification.wav
14:47:59.017 [FXGL Background Thread 3 ] DEBUG Engine               - stageStyle: DECORATED
14:47:59.017 [FXGL Background Thread 3 ] DEBUG Engine               - supportedLanguages: [ENGLISH, FRENCH, GERMAN, HUNGARIAN, RUSSIAN]
14:47:59.017 [FXGL Background Thread 3 ] DEBUG Engine               - ticksPerSecond: -1
14:47:59.017 [FXGL Background Thread 3 ] DEBUG Engine               - title: Miguel
14:47:59.017 [FXGL Background Thread 3 ] DEBUG Engine               - urlGithub: https://github.com/AlmasB/FXGL
14:47:59.018 [FXGL Background Thread 3 ] DEBUG Engine               - urlLeaderboard: http://fxgl-top.herokuapp.com/
14:47:59.018 [FXGL Background Thread 3 ] DEBUG Engine               - urlPOM: https://raw.githubusercontent.com/AlmasB/FXGL/release/README.md
14:47:59.018 [FXGL Background Thread 3 ] DEBUG Engine               - userAppClass: class com.almasb.fxglgames.platformer.PlatformerApp
14:47:59.018 [FXGL Background Thread 3 ] DEBUG Engine               - version: 1.0
14:47:59.018 [FXGL Background Thread 3 ] DEBUG Engine               - versionCheckDays: 7
14:47:59.018 [FXGL Background Thread 3 ] DEBUG Engine               - width: 1280
14:47:59.018 [FXGL Background Thread 3 ] DEBUG Engine               - Logging services
14:47:59.018 [FXGL Background Thread 3 ] DEBUG Engine               - class com.almasb.fxgl.app.services.FXGLAssetLoaderService
14:47:59.018 [FXGL Background Thread 3 ] DEBUG Engine               - class com.almasb.fxgl.app.FXGLApplication$GameApplicationService
14:47:59.018 [FXGL Background Thread 3 ] DEBUG Engine               - class com.almasb.fxgl.app.services.FXGLDialogService
14:47:59.019 [FXGL Background Thread 3 ] DEBUG Engine               - class com.almasb.fxgl.app.services.IOTaskExecutorService
14:47:59.019 [FXGL Background Thread 3 ] DEBUG Engine               - class com.almasb.fxgl.io.FileSystemService
14:47:59.019 [FXGL Background Thread 3 ] DEBUG Engine               - class com.almasb.fxgl.localization.LocalizationService
14:47:59.019 [FXGL Background Thread 3 ] DEBUG Engine               - class com.almasb.fxgl.app.services.SystemBundleService
14:47:59.019 [FXGL Background Thread 3 ] DEBUG Engine               - class com.almasb.fxgl.profile.SaveLoadService
14:47:59.019 [FXGL Background Thread 3 ] DEBUG Engine               - class com.almasb.fxgl.ui.FXGLUIFactoryServiceProvider
14:47:59.019 [FXGL Background Thread 3 ] DEBUG Engine               - class com.almasb.fxgl.ui.FXGLDialogFactoryServiceProvider
14:47:59.019 [FXGL Background Thread 3 ] DEBUG Engine               - class com.almasb.fxgl.audio.AudioPlayer
14:47:59.019 [FXGL Background Thread 3 ] DEBUG Engine               - class com.almasb.fxgl.notification.impl.NotificationServiceProvider
14:47:59.019 [FXGL Background Thread 3 ] DEBUG Engine               - class com.almasb.fxgl.achievement.AchievementService
14:47:59.019 [FXGL Background Thread 3 ] DEBUG Engine               - class com.almasb.fxgl.cutscene.CutsceneService
14:47:59.019 [FXGL Background Thread 3 ] DEBUG Engine               - class com.almasb.fxgl.minigames.MiniGameService
14:47:59.019 [FXGL Background Thread 3 ] DEBUG Engine               - class com.almasb.fxgl.net.NetService
14:47:59.019 [FXGL Background Thread 3 ] DEBUG Engine               - class com.almasb.fxgl.app.services.UpdaterService
14:47:59.019 [FXGL Background Thread 3 ] DEBUG Engine               - class com.almasb.fxgl.dev.DevService
14:48:04.076 [JavaFX Application Thread] DEBUG FXGLApplication      - Exiting FXGL
14:48:04.076 [JavaFX Application Thread] DEBUG Async                - Shutting down background threads
14:48:04.077 [JavaFX Application Thread] DEBUG PrimaryStageWindow   - Closing main window
14:48:04.101 [JavaFX Application Thread] DEBUG Logger               - Closing Logger
