11:07:13.356 [main                     ] DEBUG Logger               - Configured Logger
11:07:13.383 [main                     ] DEBUG GameApplication      - Logging settings
Title: Miguel
Version: 1.0
Width: 1400
Height: 720
Fullscreen: false
Intro: false
Profiling: false
Single step:false
App Mode: DEVELOPER
Menu Key: ESCAPE
Stage Style: DECORATED
Scene Factory: class com.almasb.fxglgames.platformer.PlatformerApp$1

11:07:13.687 [JavaFX Application Thread] DEBUG FXGLApplication      - Initializing FXGL
11:07:13.691 [JavaFX Application Thread] INFO  Engine               - FXGL-17.1 (24.03.2022 17.34) on WINDOWS (J:19.0.1 FX:19-ea)
11:07:13.692 [JavaFX Application Thread] DEBUG Engine               - JRE Vendor Name: Oracle Corporation
11:07:13.692 [JavaFX Application Thread] DEBUG Engine               - Running on OS: Windows 10 version 10.0
11:07:13.692 [JavaFX Application Thread] DEBUG Engine               - Architecture: amd64
11:07:13.692 [JavaFX Application Thread] INFO  Engine               - Source code and latest versions at: https://github.com/AlmasB/FXGL
11:07:13.692 [JavaFX Application Thread] INFO  Engine               -       Ask questions and discuss at: https://github.com/AlmasB/FXGL/discussions
11:07:13.693 [JavaFX Application Thread] INFO  Engine               -              Join the FXGL chat at: https://gitter.im/AlmasB/FXGL
11:07:13.765 [JavaFX Application Thread] DEBUG PrimaryStageWindow   - Creating a JavaFX scene
11:07:13.805 [JavaFX Application Thread] DEBUG PrimaryStageWindow   - Target settings size: 1400.0 x 720.0
11:07:13.805 [JavaFX Application Thread] DEBUG PrimaryStageWindow   - Scaled scene size:    1400.0 x 720.0
11:07:13.805 [JavaFX Application Thread] DEBUG PrimaryStageWindow   - Scaled ratio: (1.0, 1.0)
11:07:13.806 [JavaFX Application Thread] DEBUG PrimaryStageWindow   - Set initial scene to FXGLStartupScene
11:07:13.814 [JavaFX Application Thread] DEBUG PrimaryStageWindow   - Opening main window
11:07:13.880 [JavaFX Application Thread] DEBUG PrimaryStageWindow   - Window border size: (14.4000244140625, 37.5999755859375)
11:07:13.880 [JavaFX Application Thread] DEBUG PrimaryStageWindow   - Scaled size: 1400.0 x 720.0
11:07:13.880 [JavaFX Application Thread] DEBUG PrimaryStageWindow   - Scaled ratio: (1.0, 1.0)
11:07:13.881 [JavaFX Application Thread] DEBUG PrimaryStageWindow   - Scene size: 1400.0 x 720.0
11:07:13.881 [JavaFX Application Thread] DEBUG PrimaryStageWindow   - Stage size: 1414.4000244140625 x 757.5999755859375
11:07:13.889 [FXGL Background Thread 1 ] DEBUG Engine               - Initializing environment variables
11:07:13.938 [FXGL Background Thread 1 ] DEBUG FXGLAssetLoaderServi - User app class for loading assets: class com.almasb.fxglgames.platformer.PlatformerApp
11:07:13.938 [FXGL Background Thread 1 ] DEBUG GameApplicationServi - Applying CSS: fxgl_dark.css
11:07:13.939 [FXGL Background Thread 1 ] DEBUG FXGLAssetLoaderServi - Loading from file system: jar:file:///C:/Users/jardk/.m2/repository/com/github/almasb/fxgl/17.1/fxgl-17.1.jar!/fxglassets/ui/css/fxgl_dark.css
11:07:13.978 [FXGL Background Thread 1 ] DEBUG GameApplicationServi - Initializing application scenes
11:07:14.024 [FXGL Background Thread 1 ] DEBUG FXGLAssetLoaderServi - Loading from file system: file:/C:/ipose-groep-4/target/classes/assets/textures/player.png
11:07:14.045 [FXGL Background Thread 1 ] DEBUG GameWorld            - Game world initialized
11:07:14.100 [FXGL Background Thread 1 ] DEBUG PhysicsWorld         - Physics world initialized: appHeight=720, physics.ppm=50,0
11:07:14.100 [FXGL Background Thread 1 ] DEBUG PhysicsWorld         - Using strategy: BRUTE_FORCE
11:07:14.103 [FXGL Background Thread 1 ] DEBUG GameScene            - Game scene initialized: 1400x720
11:07:14.114 [FXGL Background Thread 1 ] DEBUG FXGL.DefaultMenu     - createMenuBodyMainMenu()
11:07:14.132 [FXGL Background Thread 1 ] DEBUG FXGL.DefaultMenu     - createOptionsMenu()
11:07:14.143 [FXGL Background Thread 1 ] DEBUG FXGLAssetLoaderServi - Loading from file system: jar:file:///C:/Users/jardk/.m2/repository/com/github/almasb/fxgl/17.1/fxgl-17.1.jar!/fxglassets/textures/particles/smoke.png
11:07:14.210 [FXGL Background Thread 1 ] DEBUG FXGLAssetLoaderServi - Loading from file system: jar:file:///C:/Users/jardk/.m2/repository/com/github/almasb/fxgl/17.1/fxgl-17.1.jar!/fxglassets/textures/particles/trace_horizontal.png
11:07:14.234 [FXGL Background Thread 1 ] DEBUG FXGL.DefaultMenu     - createMenuBodyGameMenu()
11:07:14.235 [FXGL Background Thread 1 ] DEBUG FXGL.DefaultMenu     - createOptionsMenu()
11:07:14.250 [FXGL Background Thread 1 ] DEBUG GameApplicationServi - Application scenes initialized
11:07:14.260 [FXGL Background Thread 1 ] DEBUG SystemBundleService  - Loading FXGL system data
11:07:14.263 [FXGL Background Thread 1 ] DEBUG FileSystemAccess     - Reading from: C:\ipose-groep-4\system\fxgl.bundle
11:07:14.271 [FXGL Background Thread 1 ] DEBUG SystemBundleService  - Bundle FXGL: {}
11:07:14.271 [FXGL Background Thread 1 ] DEBUG UpdaterService       - Checking for updates
11:07:14.276 [FXGL Background Thread 4 ] DEBUG FXGLApplication      - Loading fonts
11:07:14.276 [FXGL Background Thread 1 ] DEBUG FXGLApplication      - Loading default localization
11:07:14.277 [FXGL Background Thread 4 ] DEBUG FXGLAssetLoaderServi - Loading from file system: jar:file:///C:/Users/jardk/.m2/repository/com/github/almasb/fxgl/17.1/fxgl-17.1.jar!/fxglassets/ui/fonts/VarelaRound-Regular.ttf
11:07:14.277 [FXGL Background Thread 1 ] DEBUG FXGLAssetLoaderServi - Loading from file system: jar:file:///C:/Users/jardk/.m2/repository/com/github/almasb/fxgl/17.1/fxgl-17.1.jar!/fxglassets/languages/english.lang
11:07:14.299 [FXGL Background Thread 1 ] INFO  FXGLApplication      - FXGL initialization took: 0,409 sec
11:07:14.308 [JavaFX Application Thread] DEBUG Input                - Registered new binding: Left - A
11:07:14.308 [JavaFX Application Thread] DEBUG Input                - Registered new binding: Right - D
11:07:14.308 [JavaFX Application Thread] DEBUG Input                - Registered new binding: TrumpRight - H
11:07:14.308 [JavaFX Application Thread] DEBUG Input                - Registered new binding: Jump - W
11:07:14.308 [JavaFX Application Thread] DEBUG Input                - Registered new binding: Use - E
11:07:14.309 [JavaFX Application Thread] DEBUG FXGLAssetLoaderServi - Loading from file system: file:/C:/ipose-groep-4/target/classes/assets/music/BGM_dash_runner.wav
11:07:14.328 [FXGL Background Thread 4 ] DEBUG FXGLAssetLoaderServi - Loading from file system: jar:file:///C:/Users/jardk/.m2/repository/com/github/almasb/fxgl/17.1/fxgl-17.1.jar!/fxglassets/ui/fonts/Abel-Regular.ttf
11:07:14.332 [FXGL Background Thread 4 ] DEBUG FXGLAssetLoaderServi - Loading from file system: jar:file:///C:/Users/jardk/.m2/repository/com/github/almasb/fxgl/17.1/fxgl-17.1.jar!/fxglassets/ui/fonts/TerminalLandMono-Regular.otf
11:07:14.336 [FXGL Background Thread 4 ] DEBUG FXGLAssetLoaderServi - Loading from file system: jar:file:///C:/Users/jardk/.m2/repository/com/github/almasb/fxgl/17.1/fxgl-17.1.jar!/fxglassets/ui/fonts/Courier-Prime.ttf
11:07:14.415 [JavaFX Application Thread] DEBUG AudioPlayer          - Playing music com.almasb.fxgl.audio.Music@64422720
11:07:14.416 [JavaFX Application Thread] DEBUG FXGLAssetLoaderServi - Loading from file system: jar:file:///C:/Users/jardk/.m2/repository/com/github/almasb/fxgl/17.1/fxgl-17.1.jar!/fxglassets/textures/fxgl_icon.png
11:07:14.430 [JavaFX Application Thread] DEBUG FXGLAssetLoaderServi - Loading from file system: jar:file:///C:/Users/jardk/.m2/repository/com/github/almasb/fxgl/17.1/fxgl-17.1.jar!/fxglassets/textures/fxgl_default_cursor.png
11:07:14.432 [JavaFX Application Thread] DEBUG Input                - Registered new binding: Screenshot - CTRL+8
11:07:14.433 [JavaFX Application Thread] DEBUG Input                - Registered new binding: System info dump - CTRL+9
11:07:14.433 [JavaFX Application Thread] DEBUG Input                - Registered new binding: Restart - CTRL+R
11:07:14.433 [JavaFX Application Thread] DEBUG Input                - Registered new binding: Toggle Debug Camera - CTRL+7
11:07:14.435 [JavaFX Application Thread] DEBUG LoopRunner           - Starting loop
11:07:14.435 [JavaFX Application Thread] DEBUG LoopRunner           - Initializing JavaFX AnimationTimerLoop
11:07:14.438 [JavaFX Application Thread] DEBUG Input                - Clearing active input actions
11:07:14.449 [JavaFX Application Thread] DEBUG GameApplicationServi - Removing overlay from FXGLStartupScene and adding to FXGLMainMenuDummyScene
11:07:14.449 [JavaFX Application Thread] DEBUG PrimaryStageWindow   - FXGLStartupScene -> FXGLMainMenuDummyScene
11:07:14.450 [JavaFX Application Thread] DEBUG PrimaryStageWindow   - Push state: FXGLDefaultMenu
11:07:14.453 [JavaFX Application Thread] DEBUG Input                - Clearing active input actions
11:07:14.461 [JavaFX Application Thread] DEBUG GameApplicationServi - Removing overlay from FXGLMainMenuDummyScene and adding to FXGLDefaultMenu
11:07:14.461 [JavaFX Application Thread] DEBUG PrimaryStageWindow   - FXGLMainMenuDummyScene -> FXGLDefaultMenu
11:07:14.476 [JavaFX Application Thread] DEBUG FXGLApplication      - Registering font factories with UI factory
11:07:14.624 [FXGL Background Thread 2 ] INFO  UpdaterService       - Your current version:  17.1
11:07:14.624 [FXGL Background Thread 2 ] INFO  UpdaterService       - Latest stable version: 17.3
11:07:16.149 [JavaFX Application Thread] DEBUG Menu                 - fireNewGame()
11:07:16.150 [JavaFX Application Thread] DEBUG GameApplicationServi - Starting new game
11:07:16.152 [JavaFX Application Thread] DEBUG PrimaryStageWindow   - Pop state: FXGLDefaultMenu
11:07:16.152 [JavaFX Application Thread] DEBUG Input                - Clearing active input actions
11:07:16.153 [JavaFX Application Thread] DEBUG GameApplicationServi - Removing overlay from FXGLDefaultMenu and adding to FXGLMainMenuDummyScene
11:07:16.154 [JavaFX Application Thread] DEBUG PrimaryStageWindow   - FXGLMainMenuDummyScene <- FXGLDefaultMenu
11:07:16.154 [JavaFX Application Thread] DEBUG Input                - Clearing active input actions
11:07:16.160 [JavaFX Application Thread] DEBUG GameApplicationServi - Removing overlay from FXGLMainMenuDummyScene and adding to MainLoadingScene
11:07:16.160 [JavaFX Application Thread] DEBUG PrimaryStageWindow   - FXGLMainMenuDummyScene -> MainLoadingScene
11:07:16.160 [JavaFX Application Thread] DEBUG GameApplicationServi - Clearing previous game
11:07:16.160 [JavaFX Application Thread] DEBUG GameScene            - Clearing game scene
11:07:16.160 [JavaFX Application Thread] DEBUG GameWorld            - Clearing game world
11:07:16.160 [JavaFX Application Thread] DEBUG PhysicsWorld         - Clearing physics world
11:07:16.162 [FXGL Background Thread 2 ] DEBUG FXGLApplication      - Initializing game
11:07:16.190 [FXGL Background Thread 2 ] WARN  TMXLevelLoader       - TiledMap generated from 1.10.0. Supported version: 1.4.2. Some features may not be parsed fully.
11:07:16.197 [FXGL Background Thread 2 ] DEBUG TMXLevelLoader       - Parsed TiledMap: file:/C:/ipose-groep-4/target/classes/assets/levels/tmx/level1.tmx
11:07:16.198 [FXGL Background Thread 2 ] DEBUG TMXLevelLoader       - Creating tile layer entities
11:07:16.199 [FXGL Background Thread 2 ] DEBUG TilesetLoader        - Loading view for layer Tile Layer 1
11:07:16.203 [FXGL Background Thread 2 ] DEBUG TilesetLoader        - Created buffer with size 4900.0x700.0
11:07:16.217 [FXGL Background Thread 2 ] DEBUG TMXLevelLoader       - Creating object layer entities
11:07:16.235 [FXGL Background Thread 2 ] DEBUG GameWorld            - Clearing removable entities
11:07:16.236 [FXGL Background Thread 2 ] DEBUG GameWorld            - Setting level: com.almasb.fxgl.entity.level.Level@319426cf
11:07:16.252 [FXGL Background Thread 2 ] DEBUG FXGLAssetLoaderServi - Loading from file system: file:/C:/ipose-groep-4/target/classes/assets/textures/trump.png
11:07:16.277 [FXGL Background Thread 2 ] DEBUG FXGLAssetLoaderServi - Loading from file system: file:/C:/ipose-groep-4/target/classes/assets/textures/background/forest.png
11:07:16.294 [FXGL Background Thread 2 ] INFO  FXGLApplication      - Game initialization took: 0,131 sec
11:07:16.294 [JavaFX Application Thread] DEBUG Input                - Clearing active input actions
11:07:16.298 [JavaFX Application Thread] DEBUG GameApplicationServi - Removing overlay from MainLoadingScene and adding to GameScene
11:07:16.298 [JavaFX Application Thread] DEBUG PrimaryStageWindow   - MainLoadingScene -> GameScene
11:07:17.275 [FXGL Background Thread 3 ] DEBUG Engine               - Logging environment variables
11:07:17.275 [FXGL Background Thread 3 ] DEBUG Engine               - achievements: []
11:07:17.275 [FXGL Background Thread 3 ] DEBUG Engine               - actualHeight: 720.0
11:07:17.275 [FXGL Background Thread 3 ] DEBUG Engine               - actualHeightProperty: ReadOnlyDoubleProperty [value: 720.0]
11:07:17.276 [FXGL Background Thread 3 ] DEBUG Engine               - actualWidth: 1400.0
11:07:17.276 [FXGL Background Thread 3 ] DEBUG Engine               - actualWidthProperty: ReadOnlyDoubleProperty [value: 1400.0]
11:07:17.276 [FXGL Background Thread 3 ] DEBUG Engine               - appIcon: fxgl_icon.png
11:07:17.276 [FXGL Background Thread 3 ] DEBUG Engine               - applicationMode: DEVELOPER
11:07:17.276 [FXGL Background Thread 3 ] DEBUG Engine               - cSSList: [fxgl_dark.css]
11:07:17.276 [FXGL Background Thread 3 ] DEBUG Engine               - collisionDetectionStrategy: BRUTE_FORCE
11:07:17.276 [FXGL Background Thread 3 ] DEBUG Engine               - configClass: Optional.empty
11:07:17.276 [FXGL Background Thread 3 ] DEBUG Engine               - credits: []
11:07:17.276 [FXGL Background Thread 3 ] DEBUG Engine               - defaultCursor: CursorInfo(imageName=fxgl_default_cursor.png, hotspotX=7.0, hotspotY=6.0)
11:07:17.277 [FXGL Background Thread 3 ] DEBUG Engine               - devBBoxColorProperty: ObjectProperty [value: 0xff0000ff]
11:07:17.277 [FXGL Background Thread 3 ] DEBUG Engine               - devEnableDebugCameraProperty: BooleanProperty [value: false]
11:07:17.277 [FXGL Background Thread 3 ] DEBUG Engine               - devSensorColorProperty: ObjectProperty [value: 0xffff00ff]
11:07:17.277 [FXGL Background Thread 3 ] DEBUG Engine               - devShowBBoxProperty: BooleanProperty [value: false]
11:07:17.277 [FXGL Background Thread 3 ] DEBUG Engine               - devShowPositionProperty: BooleanProperty [value: false]
11:07:17.277 [FXGL Background Thread 3 ] DEBUG Engine               - enabledMenuItems: []
11:07:17.277 [FXGL Background Thread 3 ] DEBUG Engine               - engineServices: [class com.almasb.fxgl.app.services.FXGLAssetLoaderService, class com.almasb.fxgl.app.FXGLApplication$GameApplicationService, class com.almasb.fxgl.app.services.FXGLDialogService, class com.almasb.fxgl.app.services.IOTaskExecutorService, class com.almasb.fxgl.io.FileSystemService, class com.almasb.fxgl.localization.LocalizationService, class com.almasb.fxgl.app.services.SystemBundleService, class com.almasb.fxgl.profile.SaveLoadService, class com.almasb.fxgl.ui.FXGLUIFactoryServiceProvider, class com.almasb.fxgl.ui.FXGLDialogFactoryServiceProvider, class com.almasb.fxgl.audio.AudioPlayer, class com.almasb.fxgl.notification.impl.NotificationServiceProvider, class com.almasb.fxgl.achievement.AchievementService, class com.almasb.fxgl.cutscene.CutsceneService, class com.almasb.fxgl.minigames.MiniGameService, class com.almasb.fxgl.net.NetService, class com.almasb.fxgl.app.services.UpdaterService, class com.almasb.fxgl.dev.DevService]
11:07:17.277 [FXGL Background Thread 3 ] DEBUG Engine               - fontGame: Abel-Regular.ttf
11:07:17.277 [FXGL Background Thread 3 ] DEBUG Engine               - fontMono: TerminalLandMono-Regular.otf
11:07:17.277 [FXGL Background Thread 3 ] DEBUG Engine               - fontText: Courier-Prime.ttf
11:07:17.277 [FXGL Background Thread 3 ] DEBUG Engine               - fontUI: VarelaRound-Regular.ttf
11:07:17.277 [FXGL Background Thread 3 ] DEBUG Engine               - fullScreen: BooleanProperty [value: false]
11:07:17.277 [FXGL Background Thread 3 ] DEBUG Engine               - gameDifficulty: MEDIUM
11:07:17.277 [FXGL Background Thread 3 ] DEBUG Engine               - gameDifficultyProperty: ObjectProperty [value: MEDIUM]
11:07:17.277 [FXGL Background Thread 3 ] DEBUG Engine               - globalMusicVolume: 0.5
11:07:17.277 [FXGL Background Thread 3 ] DEBUG Engine               - globalMusicVolumeProperty: DoubleProperty [value: 0.25]
11:07:17.277 [FXGL Background Thread 3 ] DEBUG Engine               - globalSoundVolume: 0.5
11:07:17.277 [FXGL Background Thread 3 ] DEBUG Engine               - globalSoundVolumeProperty: DoubleProperty [value: 0.5]
11:07:17.277 [FXGL Background Thread 3 ] DEBUG Engine               - height: 720
11:07:17.277 [FXGL Background Thread 3 ] DEBUG Engine               - is3D: false
11:07:17.278 [FXGL Background Thread 3 ] DEBUG Engine               - isAndroid: false
11:07:17.278 [FXGL Background Thread 3 ] DEBUG Engine               - isBrowser: false
11:07:17.278 [FXGL Background Thread 3 ] DEBUG Engine               - isClickFeedbackEnabled: false
11:07:17.278 [FXGL Background Thread 3 ] DEBUG Engine               - isCloseConfirmation: false
11:07:17.278 [FXGL Background Thread 3 ] DEBUG Engine               - isDesktop: true
11:07:17.278 [FXGL Background Thread 3 ] DEBUG Engine               - isDeveloperMenuEnabled: false
11:07:17.278 [FXGL Background Thread 3 ] DEBUG Engine               - isEmbedded: false
11:07:17.278 [FXGL Background Thread 3 ] DEBUG Engine               - isEntityPreloadEnabled: true
11:07:17.278 [FXGL Background Thread 3 ] DEBUG Engine               - isExperimentalTiledLargeMap: false
11:07:17.278 [FXGL Background Thread 3 ] DEBUG Engine               - isFileSystemWriteAllowed: true
11:07:17.278 [FXGL Background Thread 3 ] DEBUG Engine               - isFullScreenAllowed: false
11:07:17.278 [FXGL Background Thread 3 ] DEBUG Engine               - isFullScreenFromStart: false
11:07:17.278 [FXGL Background Thread 3 ] DEBUG Engine               - isGameMenuEnabled: true
11:07:17.278 [FXGL Background Thread 3 ] DEBUG Engine               - isIOS: false
11:07:17.278 [FXGL Background Thread 3 ] DEBUG Engine               - isIntroEnabled: false
11:07:17.278 [FXGL Background Thread 3 ] DEBUG Engine               - isLinux: false
11:07:17.278 [FXGL Background Thread 3 ] DEBUG Engine               - isMac: false
11:07:17.278 [FXGL Background Thread 3 ] DEBUG Engine               - isMainMenuEnabled: true
11:07:17.278 [FXGL Background Thread 3 ] DEBUG Engine               - isManualResizeEnabled: false
11:07:17.278 [FXGL Background Thread 3 ] DEBUG Engine               - isMobile: false
11:07:17.278 [FXGL Background Thread 3 ] DEBUG Engine               - isNative: false
11:07:17.278 [FXGL Background Thread 3 ] DEBUG Engine               - isPauseMusicWhenMinimized: true
11:07:17.278 [FXGL Background Thread 3 ] DEBUG Engine               - isPreserveResizeRatio: false
11:07:17.278 [FXGL Background Thread 3 ] DEBUG Engine               - isProfilingEnabled: false
11:07:17.278 [FXGL Background Thread 3 ] DEBUG Engine               - isScaleAffectedOnResize: true
11:07:17.278 [FXGL Background Thread 3 ] DEBUG Engine               - isSingleStep: false
11:07:17.278 [FXGL Background Thread 3 ] DEBUG Engine               - isUserProfileEnabled: false
11:07:17.278 [FXGL Background Thread 3 ] DEBUG Engine               - isWindows: true
11:07:17.279 [FXGL Background Thread 3 ] DEBUG Engine               - language: ObjectProperty [value: ENGLISH]
11:07:17.279 [FXGL Background Thread 3 ] DEBUG Engine               - menuKey: ESCAPE
11:07:17.279 [FXGL Background Thread 3 ] DEBUG Engine               - mouseSensitivity: 0.2
11:07:17.279 [FXGL Background Thread 3 ] DEBUG Engine               - notificationViewClass: class com.almasb.fxgl.notification.view.XboxNotificationView
11:07:17.279 [FXGL Background Thread 3 ] DEBUG Engine               - pixelsPerMeter: 50.0
11:07:17.279 [FXGL Background Thread 3 ] DEBUG Engine               - platform: WINDOWS
11:07:17.279 [FXGL Background Thread 3 ] DEBUG Engine               - prefHeightProperty: ReadOnlyDoubleProperty [value: 720.0]
11:07:17.279 [FXGL Background Thread 3 ] DEBUG Engine               - prefWidthProperty: ReadOnlyDoubleProperty [value: 1400.0]
11:07:17.279 [FXGL Background Thread 3 ] DEBUG Engine               - profileDir: profiles/
11:07:17.279 [FXGL Background Thread 3 ] DEBUG Engine               - profileName: StringProperty [value: DEFAULT]
11:07:17.279 [FXGL Background Thread 3 ] DEBUG Engine               - randomSeed: -1
11:07:17.279 [FXGL Background Thread 3 ] DEBUG Engine               - runtimeInfo: RuntimeInfo(platform=WINDOWS, version=17.1, build=24.03.2022 17.34)
11:07:17.279 [FXGL Background Thread 3 ] DEBUG Engine               - saveFileExt: sav
11:07:17.279 [FXGL Background Thread 3 ] DEBUG Engine               - scaledHeightProp$fxgl: DoubleProperty [bound, value: 720.0]
11:07:17.279 [FXGL Background Thread 3 ] DEBUG Engine               - scaledWidthProp$fxgl: DoubleProperty [bound, value: 1400.0]
11:07:17.279 [FXGL Background Thread 3 ] DEBUG Engine               - sceneFactory: com.almasb.fxglgames.platformer.PlatformerApp$1@361345c7
11:07:17.279 [FXGL Background Thread 3 ] DEBUG Engine               - secondsIn24h: 60
11:07:17.279 [FXGL Background Thread 3 ] DEBUG Engine               - soundMenuBack: menu/back.wav
11:07:17.279 [FXGL Background Thread 3 ] DEBUG Engine               - soundMenuPress: menu/press.wav
11:07:17.279 [FXGL Background Thread 3 ] DEBUG Engine               - soundMenuSelect: menu/select.wav
11:07:17.279 [FXGL Background Thread 3 ] DEBUG Engine               - soundNotification: core/notification.wav
11:07:17.279 [FXGL Background Thread 3 ] DEBUG Engine               - stageStyle: DECORATED
11:07:17.279 [FXGL Background Thread 3 ] DEBUG Engine               - supportedLanguages: [ENGLISH, FRENCH, GERMAN, HUNGARIAN, RUSSIAN]
11:07:17.280 [FXGL Background Thread 3 ] DEBUG Engine               - ticksPerSecond: -1
11:07:17.280 [FXGL Background Thread 3 ] DEBUG Engine               - title: Miguel
11:07:17.280 [FXGL Background Thread 3 ] DEBUG Engine               - urlGithub: https://github.com/AlmasB/FXGL
11:07:17.280 [FXGL Background Thread 3 ] DEBUG Engine               - urlLeaderboard: http://fxgl-top.herokuapp.com/
11:07:17.280 [FXGL Background Thread 3 ] DEBUG Engine               - urlPOM: https://raw.githubusercontent.com/AlmasB/FXGL/release/README.md
11:07:17.280 [FXGL Background Thread 3 ] DEBUG Engine               - userAppClass: class com.almasb.fxglgames.platformer.PlatformerApp
11:07:17.280 [FXGL Background Thread 3 ] DEBUG Engine               - version: 1.0
11:07:17.280 [FXGL Background Thread 3 ] DEBUG Engine               - versionCheckDays: 7
11:07:17.280 [FXGL Background Thread 3 ] DEBUG Engine               - width: 1400
11:07:17.280 [FXGL Background Thread 3 ] DEBUG Engine               - Logging services
11:07:17.280 [FXGL Background Thread 3 ] DEBUG Engine               - class com.almasb.fxgl.app.services.FXGLAssetLoaderService
11:07:17.280 [FXGL Background Thread 3 ] DEBUG Engine               - class com.almasb.fxgl.app.FXGLApplication$GameApplicationService
11:07:17.280 [FXGL Background Thread 3 ] DEBUG Engine               - class com.almasb.fxgl.app.services.FXGLDialogService
11:07:17.280 [FXGL Background Thread 3 ] DEBUG Engine               - class com.almasb.fxgl.app.services.IOTaskExecutorService
11:07:17.280 [FXGL Background Thread 3 ] DEBUG Engine               - class com.almasb.fxgl.io.FileSystemService
11:07:17.280 [FXGL Background Thread 3 ] DEBUG Engine               - class com.almasb.fxgl.localization.LocalizationService
11:07:17.280 [FXGL Background Thread 3 ] DEBUG Engine               - class com.almasb.fxgl.app.services.SystemBundleService
11:07:17.280 [FXGL Background Thread 3 ] DEBUG Engine               - class com.almasb.fxgl.profile.SaveLoadService
11:07:17.280 [FXGL Background Thread 3 ] DEBUG Engine               - class com.almasb.fxgl.ui.FXGLUIFactoryServiceProvider
11:07:17.280 [FXGL Background Thread 3 ] DEBUG Engine               - class com.almasb.fxgl.ui.FXGLDialogFactoryServiceProvider
11:07:17.280 [FXGL Background Thread 3 ] DEBUG Engine               - class com.almasb.fxgl.audio.AudioPlayer
11:07:17.280 [FXGL Background Thread 3 ] DEBUG Engine               - class com.almasb.fxgl.notification.impl.NotificationServiceProvider
11:07:17.280 [FXGL Background Thread 3 ] DEBUG Engine               - class com.almasb.fxgl.achievement.AchievementService
11:07:17.280 [FXGL Background Thread 3 ] DEBUG Engine               - class com.almasb.fxgl.cutscene.CutsceneService
11:07:17.280 [FXGL Background Thread 3 ] DEBUG Engine               - class com.almasb.fxgl.minigames.MiniGameService
11:07:17.280 [FXGL Background Thread 3 ] DEBUG Engine               - class com.almasb.fxgl.net.NetService
11:07:17.280 [FXGL Background Thread 3 ] DEBUG Engine               - class com.almasb.fxgl.app.services.UpdaterService
11:07:17.280 [FXGL Background Thread 3 ] DEBUG Engine               - class com.almasb.fxgl.dev.DevService
11:07:31.621 [JavaFX Application Thread] DEBUG FXGLApplication      - Exiting FXGL
11:07:31.621 [JavaFX Application Thread] DEBUG LoopRunner           - Stopping loop
11:07:31.621 [JavaFX Application Thread] DEBUG SystemBundleService  - Saving FXGL system data
11:07:31.623 [JavaFX Application Thread] DEBUG FileSystemAccess     - Writing to: C:\ipose-groep-4\system\fxgl.bundle
11:07:31.625 [JavaFX Application Thread] DEBUG Async                - Shutting down background threads
11:07:31.626 [JavaFX Application Thread] DEBUG PrimaryStageWindow   - Closing main window
11:07:31.637 [JavaFX Application Thread] DEBUG Logger               - Closing Logger
