17:47:32.450 [main                     ] DEBUG Logger               - Configured Logger
17:47:32.476 [main                     ] DEBUG GameApplication      - Logging settings
Title: Miguel
Version: 1.0
Width: 1280
Height: 720
Fullscreen: false
Intro: false
Profiling: false
Single step:false
App Mode: DEVELOPER
Menu Key: ESCAPE
Stage Style: DECORATED
Scene Factory: class com.almasb.fxglgames.platformer.PlatformerApp$1

17:47:32.915 [JavaFX Application Thread] DEBUG FXGLApplication      - Initializing FXGL
17:47:32.919 [JavaFX Application Thread] INFO  Engine               - FXGL-17.1 (24.03.2022 17.34) on WINDOWS (J:19.0.1 FX:19-ea)
17:47:32.919 [JavaFX Application Thread] DEBUG Engine               - JRE Vendor Name: Oracle Corporation
17:47:32.920 [JavaFX Application Thread] DEBUG Engine               - Running on OS: Windows 10 version 10.0
17:47:32.920 [JavaFX Application Thread] DEBUG Engine               - Architecture: amd64
17:47:32.920 [JavaFX Application Thread] INFO  Engine               - Source code and latest versions at: https://github.com/AlmasB/FXGL
17:47:32.920 [JavaFX Application Thread] INFO  Engine               -       Ask questions and discuss at: https://github.com/AlmasB/FXGL/discussions
17:47:32.920 [JavaFX Application Thread] INFO  Engine               -              Join the FXGL chat at: https://gitter.im/AlmasB/FXGL
17:47:32.995 [JavaFX Application Thread] DEBUG PrimaryStageWindow   - Creating a JavaFX scene
17:47:33.033 [JavaFX Application Thread] DEBUG PrimaryStageWindow   - Target settings size: 1280.0 x 720.0
17:47:33.034 [JavaFX Application Thread] DEBUG PrimaryStageWindow   - Scaled scene size:    1280.0 x 720.0
17:47:33.034 [JavaFX Application Thread] DEBUG PrimaryStageWindow   - Scaled ratio: (1.0, 1.0)
17:47:33.035 [JavaFX Application Thread] DEBUG PrimaryStageWindow   - Set initial scene to FXGLStartupScene
17:47:33.041 [JavaFX Application Thread] DEBUG PrimaryStageWindow   - Opening main window
17:47:33.116 [JavaFX Application Thread] DEBUG PrimaryStageWindow   - Window border size: (14.4000244140625, 37.5999755859375)
17:47:33.117 [JavaFX Application Thread] DEBUG PrimaryStageWindow   - Scaled size: 1280.0 x 720.0
17:47:33.117 [JavaFX Application Thread] DEBUG PrimaryStageWindow   - Scaled ratio: (1.0, 1.0)
17:47:33.117 [JavaFX Application Thread] DEBUG PrimaryStageWindow   - Scene size: 1280.0 x 720.0
17:47:33.117 [JavaFX Application Thread] DEBUG PrimaryStageWindow   - Stage size: 1294.4000244140625 x 757.5999755859375
17:47:33.124 [FXGL Background Thread 1 ] DEBUG Engine               - Initializing environment variables
17:47:33.169 [FXGL Background Thread 1 ] DEBUG FXGLAssetLoaderServi - User app class for loading assets: class com.almasb.fxglgames.platformer.PlatformerApp
17:47:33.169 [FXGL Background Thread 1 ] DEBUG GameApplicationServi - Applying CSS: fxgl_dark.css
17:47:33.170 [FXGL Background Thread 1 ] DEBUG FXGLAssetLoaderServi - Loading from file system: jar:file:///C:/Users/koenm/.m2/repository/com/github/almasb/fxgl/17.1/fxgl-17.1.jar!/fxglassets/ui/css/fxgl_dark.css
17:47:33.208 [FXGL Background Thread 1 ] DEBUG GameApplicationServi - Initializing application scenes
17:47:33.252 [FXGL Background Thread 1 ] DEBUG FXGLAssetLoaderServi - Loading from file system: file:/C:/Users/koenm/Documents/GitHub/ipose-groep-4/target/classes/assets/textures/player.png
17:47:33.273 [FXGL Background Thread 1 ] DEBUG GameWorld            - Game world initialized
17:47:33.321 [FXGL Background Thread 1 ] DEBUG PhysicsWorld         - Physics world initialized: appHeight=720, physics.ppm=50,0
17:47:33.321 [FXGL Background Thread 1 ] DEBUG PhysicsWorld         - Using strategy: BRUTE_FORCE
17:47:33.324 [FXGL Background Thread 1 ] DEBUG GameScene            - Game scene initialized: 1280x720
17:47:33.331 [FXGL Background Thread 1 ] DEBUG FXGL.DefaultMenu     - createMenuBodyGameMenu()
17:47:33.343 [FXGL Background Thread 1 ] DEBUG FXGL.DefaultMenu     - createOptionsMenu()
17:47:33.350 [FXGL Background Thread 1 ] DEBUG FXGLAssetLoaderServi - Loading from file system: jar:file:///C:/Users/koenm/.m2/repository/com/github/almasb/fxgl/17.1/fxgl-17.1.jar!/fxglassets/textures/particles/smoke.png
17:47:33.414 [FXGL Background Thread 1 ] DEBUG FXGLAssetLoaderServi - Loading from file system: jar:file:///C:/Users/koenm/.m2/repository/com/github/almasb/fxgl/17.1/fxgl-17.1.jar!/fxglassets/textures/particles/trace_horizontal.png
17:47:33.437 [FXGL Background Thread 1 ] DEBUG GameApplicationServi - Application scenes initialized
17:47:33.448 [FXGL Background Thread 1 ] DEBUG SystemBundleService  - Loading FXGL system data
17:47:33.453 [FXGL Background Thread 1 ] DEBUG FileSystemAccess     - Reading from: C:\Users\koenm\Documents\GitHub\ipose-groep-4\system\fxgl.bundle
17:47:33.466 [FXGL Background Thread 1 ] DEBUG SystemBundleService  - Bundle FXGL: {}
17:47:33.466 [FXGL Background Thread 1 ] DEBUG UpdaterService       - Checking for updates
17:47:33.475 [FXGL Background Thread 4 ] DEBUG FXGLApplication      - Loading fonts
17:47:33.476 [FXGL Background Thread 1 ] DEBUG FXGLApplication      - Loading default localization
17:47:33.476 [FXGL Background Thread 4 ] DEBUG FXGLAssetLoaderServi - Loading from file system: jar:file:///C:/Users/koenm/.m2/repository/com/github/almasb/fxgl/17.1/fxgl-17.1.jar!/fxglassets/ui/fonts/VarelaRound-Regular.ttf
17:47:33.477 [FXGL Background Thread 1 ] DEBUG FXGLAssetLoaderServi - Loading from file system: jar:file:///C:/Users/koenm/.m2/repository/com/github/almasb/fxgl/17.1/fxgl-17.1.jar!/fxglassets/languages/english.lang
17:47:33.502 [FXGL Background Thread 1 ] INFO  FXGLApplication      - FXGL initialization took: 0,377 sec
17:47:33.512 [JavaFX Application Thread] DEBUG Input                - Registered new binding: Left - A
17:47:33.513 [JavaFX Application Thread] DEBUG Input                - Registered new binding: Right - D
17:47:33.513 [JavaFX Application Thread] DEBUG Input                - Registered new binding: Jump - W
17:47:33.513 [JavaFX Application Thread] DEBUG Input                - Registered new binding: Use - E
17:47:33.514 [JavaFX Application Thread] DEBUG FXGLAssetLoaderServi - Loading from file system: file:/C:/Users/koenm/Documents/GitHub/ipose-groep-4/target/classes/assets/music/BGM_dash_runner.wav
17:47:33.558 [FXGL Background Thread 4 ] DEBUG FXGLAssetLoaderServi - Loading from file system: jar:file:///C:/Users/koenm/.m2/repository/com/github/almasb/fxgl/17.1/fxgl-17.1.jar!/fxglassets/ui/fonts/Abel-Regular.ttf
17:47:33.561 [FXGL Background Thread 4 ] DEBUG FXGLAssetLoaderServi - Loading from file system: jar:file:///C:/Users/koenm/.m2/repository/com/github/almasb/fxgl/17.1/fxgl-17.1.jar!/fxglassets/ui/fonts/TerminalLandMono-Regular.otf
17:47:33.564 [FXGL Background Thread 4 ] DEBUG FXGLAssetLoaderServi - Loading from file system: jar:file:///C:/Users/koenm/.m2/repository/com/github/almasb/fxgl/17.1/fxgl-17.1.jar!/fxglassets/ui/fonts/Courier-Prime.ttf
17:47:33.658 [JavaFX Application Thread] DEBUG AudioPlayer          - Playing music com.almasb.fxgl.audio.Music@2451a2a1
17:47:33.658 [JavaFX Application Thread] DEBUG FXGLAssetLoaderServi - Loading from file system: jar:file:///C:/Users/koenm/.m2/repository/com/github/almasb/fxgl/17.1/fxgl-17.1.jar!/fxglassets/textures/fxgl_icon.png
17:47:33.676 [JavaFX Application Thread] DEBUG FXGLAssetLoaderServi - Loading from file system: jar:file:///C:/Users/koenm/.m2/repository/com/github/almasb/fxgl/17.1/fxgl-17.1.jar!/fxglassets/textures/fxgl_default_cursor.png
17:47:33.678 [JavaFX Application Thread] DEBUG Input                - Registered new binding: Screenshot - CTRL+8
17:47:33.679 [JavaFX Application Thread] DEBUG Input                - Registered new binding: System info dump - CTRL+9
17:47:33.679 [JavaFX Application Thread] DEBUG Input                - Registered new binding: Restart - CTRL+R
17:47:33.680 [JavaFX Application Thread] DEBUG Input                - Registered new binding: Toggle Debug Camera - CTRL+7
17:47:33.682 [JavaFX Application Thread] DEBUG LoopRunner           - Starting loop
17:47:33.682 [JavaFX Application Thread] DEBUG LoopRunner           - Initializing JavaFX AnimationTimerLoop
17:47:33.683 [JavaFX Application Thread] DEBUG GameApplicationServi - Starting new game
17:47:33.684 [JavaFX Application Thread] DEBUG Input                - Clearing active input actions
17:47:33.704 [JavaFX Application Thread] DEBUG GameApplicationServi - Removing overlay from FXGLStartupScene and adding to MainLoadingScene
17:47:33.705 [JavaFX Application Thread] DEBUG PrimaryStageWindow   - FXGLStartupScene -> MainLoadingScene
17:47:33.706 [JavaFX Application Thread] DEBUG GameApplicationServi - Clearing previous game
17:47:33.706 [JavaFX Application Thread] DEBUG GameScene            - Clearing game scene
17:47:33.707 [JavaFX Application Thread] DEBUG GameWorld            - Clearing game world
17:47:33.707 [JavaFX Application Thread] DEBUG PhysicsWorld         - Clearing physics world
17:47:33.709 [FXGL Background Thread 4 ] DEBUG FXGLApplication      - Initializing game
17:47:33.750 [FXGL Background Thread 4 ] WARN  TMXLevelLoader       - TiledMap generated from 1.10.0. Supported version: 1.4.2. Some features may not be parsed fully.
17:47:33.761 [FXGL Background Thread 4 ] DEBUG TMXLevelLoader       - Parsed TiledMap: file:/C:/Users/koenm/Documents/GitHub/ipose-groep-4/target/classes/assets/levels/tmx/level1.tmx
17:47:33.762 [FXGL Background Thread 4 ] DEBUG TMXLevelLoader       - Creating tile layer entities
17:47:33.765 [FXGL Background Thread 4 ] DEBUG TilesetLoader        - Loading view for layer Tile Layer 1
17:47:33.773 [FXGL Background Thread 4 ] DEBUG TilesetLoader        - Created buffer with size 4900.0x700.0
17:47:33.811 [FXGL Background Thread 4 ] DEBUG TMXLevelLoader       - Creating object layer entities
17:47:33.854 [FXGL Background Thread 4 ] DEBUG GameWorld            - Clearing removable entities
17:47:33.855 [FXGL Background Thread 4 ] DEBUG GameWorld            - Setting level: com.almasb.fxgl.entity.level.Level@7409d5c2
17:47:33.877 [FXGL Background Thread 4 ] DEBUG FXGLAssetLoaderServi - Loading from file system: file:/C:/Users/koenm/Documents/GitHub/ipose-groep-4/target/classes/assets/textures/trump.png
17:47:33.884 [FXGL Background Thread 4 ] DEBUG FXGLAssetLoaderServi - Loading from file system: file:/C:/Users/koenm/Documents/GitHub/ipose-groep-4/target/classes/assets/textures/background/forest.png
17:47:33.898 [FXGL Background Thread 2 ] INFO  UpdaterService       - Your current version:  17.1
17:47:33.898 [FXGL Background Thread 2 ] INFO  UpdaterService       - Latest stable version: 17.3
17:47:33.926 [FXGL Background Thread 4 ] INFO  FXGLApplication      - Game initialization took: 0,216 sec
17:47:34.000 [JavaFX Application Thread] DEBUG Input                - Clearing active input actions
17:47:34.007 [JavaFX Application Thread] DEBUG GameApplicationServi - Removing overlay from MainLoadingScene and adding to GameScene
17:47:34.007 [JavaFX Application Thread] DEBUG PrimaryStageWindow   - MainLoadingScene -> GameScene
17:47:36.472 [FXGL Background Thread 3 ] DEBUG Engine               - Logging environment variables
17:47:36.472 [FXGL Background Thread 3 ] DEBUG Engine               - achievements: []
17:47:36.472 [FXGL Background Thread 3 ] DEBUG Engine               - actualHeight: 720.0
17:47:36.472 [FXGL Background Thread 3 ] DEBUG Engine               - actualHeightProperty: ReadOnlyDoubleProperty [value: 720.0]
17:47:36.473 [FXGL Background Thread 3 ] DEBUG Engine               - actualWidth: 1280.0
17:47:36.473 [FXGL Background Thread 3 ] DEBUG Engine               - actualWidthProperty: ReadOnlyDoubleProperty [value: 1280.0]
17:47:36.473 [FXGL Background Thread 3 ] DEBUG Engine               - appIcon: fxgl_icon.png
17:47:36.473 [FXGL Background Thread 3 ] DEBUG Engine               - applicationMode: DEVELOPER
17:47:36.473 [FXGL Background Thread 3 ] DEBUG Engine               - cSSList: [fxgl_dark.css]
17:47:36.473 [FXGL Background Thread 3 ] DEBUG Engine               - collisionDetectionStrategy: BRUTE_FORCE
17:47:36.473 [FXGL Background Thread 3 ] DEBUG Engine               - configClass: Optional.empty
17:47:36.473 [FXGL Background Thread 3 ] DEBUG Engine               - credits: []
17:47:36.473 [FXGL Background Thread 3 ] DEBUG Engine               - defaultCursor: CursorInfo(imageName=fxgl_default_cursor.png, hotspotX=7.0, hotspotY=6.0)
17:47:36.474 [FXGL Background Thread 3 ] DEBUG Engine               - devBBoxColorProperty: ObjectProperty [value: 0xff0000ff]
17:47:36.474 [FXGL Background Thread 3 ] DEBUG Engine               - devEnableDebugCameraProperty: BooleanProperty [value: false]
17:47:36.474 [FXGL Background Thread 3 ] DEBUG Engine               - devSensorColorProperty: ObjectProperty [value: 0xffff00ff]
17:47:36.474 [FXGL Background Thread 3 ] DEBUG Engine               - devShowBBoxProperty: BooleanProperty [value: false]
17:47:36.474 [FXGL Background Thread 3 ] DEBUG Engine               - devShowPositionProperty: BooleanProperty [value: false]
17:47:36.474 [FXGL Background Thread 3 ] DEBUG Engine               - enabledMenuItems: []
17:47:36.474 [FXGL Background Thread 3 ] DEBUG Engine               - engineServices: [class com.almasb.fxgl.app.services.FXGLAssetLoaderService, class com.almasb.fxgl.app.FXGLApplication$GameApplicationService, class com.almasb.fxgl.app.services.FXGLDialogService, class com.almasb.fxgl.app.services.IOTaskExecutorService, class com.almasb.fxgl.io.FileSystemService, class com.almasb.fxgl.localization.LocalizationService, class com.almasb.fxgl.app.services.SystemBundleService, class com.almasb.fxgl.profile.SaveLoadService, class com.almasb.fxgl.ui.FXGLUIFactoryServiceProvider, class com.almasb.fxgl.ui.FXGLDialogFactoryServiceProvider, class com.almasb.fxgl.audio.AudioPlayer, class com.almasb.fxgl.notification.impl.NotificationServiceProvider, class com.almasb.fxgl.achievement.AchievementService, class com.almasb.fxgl.cutscene.CutsceneService, class com.almasb.fxgl.minigames.MiniGameService, class com.almasb.fxgl.net.NetService, class com.almasb.fxgl.app.services.UpdaterService, class com.almasb.fxgl.dev.DevService]
17:47:36.474 [FXGL Background Thread 3 ] DEBUG Engine               - fontGame: Abel-Regular.ttf
17:47:36.474 [FXGL Background Thread 3 ] DEBUG Engine               - fontMono: TerminalLandMono-Regular.otf
17:47:36.474 [FXGL Background Thread 3 ] DEBUG Engine               - fontText: Courier-Prime.ttf
17:47:36.474 [FXGL Background Thread 3 ] DEBUG Engine               - fontUI: VarelaRound-Regular.ttf
17:47:36.474 [FXGL Background Thread 3 ] DEBUG Engine               - fullScreen: BooleanProperty [value: false]
17:47:36.474 [FXGL Background Thread 3 ] DEBUG Engine               - gameDifficulty: MEDIUM
17:47:36.474 [FXGL Background Thread 3 ] DEBUG Engine               - gameDifficultyProperty: ObjectProperty [value: MEDIUM]
17:47:36.474 [FXGL Background Thread 3 ] DEBUG Engine               - globalMusicVolume: 0.5
17:47:36.474 [FXGL Background Thread 3 ] DEBUG Engine               - globalMusicVolumeProperty: DoubleProperty [value: 0.25]
17:47:36.474 [FXGL Background Thread 3 ] DEBUG Engine               - globalSoundVolume: 0.5
17:47:36.474 [FXGL Background Thread 3 ] DEBUG Engine               - globalSoundVolumeProperty: DoubleProperty [value: 0.5]
17:47:36.475 [FXGL Background Thread 3 ] DEBUG Engine               - height: 720
17:47:36.475 [FXGL Background Thread 3 ] DEBUG Engine               - is3D: false
17:47:36.475 [FXGL Background Thread 3 ] DEBUG Engine               - isAndroid: false
17:47:36.475 [FXGL Background Thread 3 ] DEBUG Engine               - isBrowser: false
17:47:36.475 [FXGL Background Thread 3 ] DEBUG Engine               - isClickFeedbackEnabled: false
17:47:36.475 [FXGL Background Thread 3 ] DEBUG Engine               - isCloseConfirmation: false
17:47:36.475 [FXGL Background Thread 3 ] DEBUG Engine               - isDesktop: true
17:47:36.475 [FXGL Background Thread 3 ] DEBUG Engine               - isDeveloperMenuEnabled: false
17:47:36.475 [FXGL Background Thread 3 ] DEBUG Engine               - isEmbedded: false
17:47:36.475 [FXGL Background Thread 3 ] DEBUG Engine               - isEntityPreloadEnabled: true
17:47:36.475 [FXGL Background Thread 3 ] DEBUG Engine               - isExperimentalTiledLargeMap: false
17:47:36.475 [FXGL Background Thread 3 ] DEBUG Engine               - isFileSystemWriteAllowed: true
17:47:36.475 [FXGL Background Thread 3 ] DEBUG Engine               - isFullScreenAllowed: false
17:47:36.475 [FXGL Background Thread 3 ] DEBUG Engine               - isFullScreenFromStart: false
17:47:36.475 [FXGL Background Thread 3 ] DEBUG Engine               - isGameMenuEnabled: true
17:47:36.475 [FXGL Background Thread 3 ] DEBUG Engine               - isIOS: false
17:47:36.475 [FXGL Background Thread 3 ] DEBUG Engine               - isIntroEnabled: false
17:47:36.475 [FXGL Background Thread 3 ] DEBUG Engine               - isLinux: false
17:47:36.475 [FXGL Background Thread 3 ] DEBUG Engine               - isMac: false
17:47:36.475 [FXGL Background Thread 3 ] DEBUG Engine               - isMainMenuEnabled: false
17:47:36.475 [FXGL Background Thread 3 ] DEBUG Engine               - isManualResizeEnabled: false
17:47:36.475 [FXGL Background Thread 3 ] DEBUG Engine               - isMobile: false
17:47:36.476 [FXGL Background Thread 3 ] DEBUG Engine               - isNative: false
17:47:36.476 [FXGL Background Thread 3 ] DEBUG Engine               - isPauseMusicWhenMinimized: true
17:47:36.476 [FXGL Background Thread 3 ] DEBUG Engine               - isPreserveResizeRatio: false
17:47:36.476 [FXGL Background Thread 3 ] DEBUG Engine               - isProfilingEnabled: false
17:47:36.476 [FXGL Background Thread 3 ] DEBUG Engine               - isScaleAffectedOnResize: true
17:47:36.476 [FXGL Background Thread 3 ] DEBUG Engine               - isSingleStep: false
17:47:36.476 [FXGL Background Thread 3 ] DEBUG Engine               - isUserProfileEnabled: false
17:47:36.476 [FXGL Background Thread 3 ] DEBUG Engine               - isWindows: true
17:47:36.476 [FXGL Background Thread 3 ] DEBUG Engine               - language: ObjectProperty [value: ENGLISH]
17:47:36.476 [FXGL Background Thread 3 ] DEBUG Engine               - menuKey: ESCAPE
17:47:36.476 [FXGL Background Thread 3 ] DEBUG Engine               - mouseSensitivity: 0.2
17:47:36.476 [FXGL Background Thread 3 ] DEBUG Engine               - notificationViewClass: class com.almasb.fxgl.notification.view.XboxNotificationView
17:47:36.476 [FXGL Background Thread 3 ] DEBUG Engine               - pixelsPerMeter: 50.0
17:47:36.476 [FXGL Background Thread 3 ] DEBUG Engine               - platform: WINDOWS
17:47:36.476 [FXGL Background Thread 3 ] DEBUG Engine               - prefHeightProperty: ReadOnlyDoubleProperty [value: 720.0]
17:47:36.476 [FXGL Background Thread 3 ] DEBUG Engine               - prefWidthProperty: ReadOnlyDoubleProperty [value: 1280.0]
17:47:36.476 [FXGL Background Thread 3 ] DEBUG Engine               - profileDir: profiles/
17:47:36.476 [FXGL Background Thread 3 ] DEBUG Engine               - profileName: StringProperty [value: DEFAULT]
17:47:36.476 [FXGL Background Thread 3 ] DEBUG Engine               - randomSeed: -1
17:47:36.476 [FXGL Background Thread 3 ] DEBUG Engine               - runtimeInfo: RuntimeInfo(platform=WINDOWS, version=17.1, build=24.03.2022 17.34)
17:47:36.477 [FXGL Background Thread 3 ] DEBUG Engine               - saveFileExt: sav
17:47:36.477 [FXGL Background Thread 3 ] DEBUG Engine               - scaledHeightProp$fxgl: DoubleProperty [bound, value: 720.0]
17:47:36.477 [FXGL Background Thread 3 ] DEBUG Engine               - scaledWidthProp$fxgl: DoubleProperty [bound, value: 1280.0]
17:47:36.477 [FXGL Background Thread 3 ] DEBUG Engine               - sceneFactory: com.almasb.fxglgames.platformer.PlatformerApp$1@1b3ad74f
17:47:36.477 [FXGL Background Thread 3 ] DEBUG Engine               - secondsIn24h: 60
17:47:36.477 [FXGL Background Thread 3 ] DEBUG Engine               - soundMenuBack: menu/back.wav
17:47:36.477 [FXGL Background Thread 3 ] DEBUG Engine               - soundMenuPress: menu/press.wav
17:47:36.477 [FXGL Background Thread 3 ] DEBUG Engine               - soundMenuSelect: menu/select.wav
17:47:36.477 [FXGL Background Thread 3 ] DEBUG Engine               - soundNotification: core/notification.wav
17:47:36.477 [FXGL Background Thread 3 ] DEBUG Engine               - stageStyle: DECORATED
17:47:36.477 [FXGL Background Thread 3 ] DEBUG Engine               - supportedLanguages: [ENGLISH, FRENCH, GERMAN, HUNGARIAN, RUSSIAN]
17:47:36.477 [FXGL Background Thread 3 ] DEBUG Engine               - ticksPerSecond: -1
17:47:36.477 [FXGL Background Thread 3 ] DEBUG Engine               - title: Miguel
17:47:36.477 [FXGL Background Thread 3 ] DEBUG Engine               - urlGithub: https://github.com/AlmasB/FXGL
17:47:36.477 [FXGL Background Thread 3 ] DEBUG Engine               - urlLeaderboard: http://fxgl-top.herokuapp.com/
17:47:36.477 [FXGL Background Thread 3 ] DEBUG Engine               - urlPOM: https://raw.githubusercontent.com/AlmasB/FXGL/release/README.md
17:47:36.477 [FXGL Background Thread 3 ] DEBUG Engine               - userAppClass: class com.almasb.fxglgames.platformer.PlatformerApp
17:47:36.477 [FXGL Background Thread 3 ] DEBUG Engine               - version: 1.0
17:47:36.477 [FXGL Background Thread 3 ] DEBUG Engine               - versionCheckDays: 7
17:47:36.477 [FXGL Background Thread 3 ] DEBUG Engine               - width: 1280
17:47:36.477 [FXGL Background Thread 3 ] DEBUG Engine               - Logging services
17:47:36.477 [FXGL Background Thread 3 ] DEBUG Engine               - class com.almasb.fxgl.app.services.FXGLAssetLoaderService
17:47:36.477 [FXGL Background Thread 3 ] DEBUG Engine               - class com.almasb.fxgl.app.FXGLApplication$GameApplicationService
17:47:36.477 [FXGL Background Thread 3 ] DEBUG Engine               - class com.almasb.fxgl.app.services.FXGLDialogService
17:47:36.477 [FXGL Background Thread 3 ] DEBUG Engine               - class com.almasb.fxgl.app.services.IOTaskExecutorService
17:47:36.477 [FXGL Background Thread 3 ] DEBUG Engine               - class com.almasb.fxgl.io.FileSystemService
17:47:36.478 [FXGL Background Thread 3 ] DEBUG Engine               - class com.almasb.fxgl.localization.LocalizationService
17:47:36.478 [FXGL Background Thread 3 ] DEBUG Engine               - class com.almasb.fxgl.app.services.SystemBundleService
17:47:36.478 [FXGL Background Thread 3 ] DEBUG Engine               - class com.almasb.fxgl.profile.SaveLoadService
17:47:36.478 [FXGL Background Thread 3 ] DEBUG Engine               - class com.almasb.fxgl.ui.FXGLUIFactoryServiceProvider
17:47:36.478 [FXGL Background Thread 3 ] DEBUG Engine               - class com.almasb.fxgl.ui.FXGLDialogFactoryServiceProvider
17:47:36.478 [FXGL Background Thread 3 ] DEBUG Engine               - class com.almasb.fxgl.audio.AudioPlayer
17:47:36.478 [FXGL Background Thread 3 ] DEBUG Engine               - class com.almasb.fxgl.notification.impl.NotificationServiceProvider
17:47:36.478 [FXGL Background Thread 3 ] DEBUG Engine               - class com.almasb.fxgl.achievement.AchievementService
17:47:36.478 [FXGL Background Thread 3 ] DEBUG Engine               - class com.almasb.fxgl.cutscene.CutsceneService
17:47:36.478 [FXGL Background Thread 3 ] DEBUG Engine               - class com.almasb.fxgl.minigames.MiniGameService
17:47:36.478 [FXGL Background Thread 3 ] DEBUG Engine               - class com.almasb.fxgl.net.NetService
17:47:36.478 [FXGL Background Thread 3 ] DEBUG Engine               - class com.almasb.fxgl.app.services.UpdaterService
17:47:36.478 [FXGL Background Thread 3 ] DEBUG Engine               - class com.almasb.fxgl.dev.DevService
17:47:48.942 [JavaFX Application Thread] DEBUG Input                - Registered new binding: Close Level End Screen - LMB
17:47:48.942 [JavaFX Application Thread] DEBUG PrimaryStageWindow   - Push state: LevelEndScene
17:47:48.942 [JavaFX Application Thread] DEBUG Input                - Clearing active input actions
17:47:48.942 [JavaFX Application Thread] DEBUG GameApplicationServi - Removing overlay from GameScene and adding to LevelEndScene
17:47:48.943 [JavaFX Application Thread] DEBUG PrimaryStageWindow   - GameScene -> LevelEndScene
17:47:49.322 [JavaFX Application Thread] DEBUG PrimaryStageWindow   - Pop state: LevelEndScene
17:47:49.322 [JavaFX Application Thread] DEBUG Input                - Clearing active input actions
17:47:49.322 [JavaFX Application Thread] DEBUG GameApplicationServi - Removing overlay from LevelEndScene and adding to GameScene
17:47:49.323 [JavaFX Application Thread] DEBUG PrimaryStageWindow   - GameScene <- LevelEndScene
17:47:50.296 [JavaFX Application Thread] WARN  TMXLevelLoader       - TiledMap generated from 1.10.0. Supported version: 1.4.2. Some features may not be parsed fully.
17:47:50.299 [JavaFX Application Thread] DEBUG TMXLevelLoader       - Parsed TiledMap: file:/C:/Users/koenm/Documents/GitHub/ipose-groep-4/target/classes/assets/levels/tmx/level2.tmx
17:47:50.299 [JavaFX Application Thread] DEBUG TMXLevelLoader       - Creating tile layer entities
17:47:50.299 [JavaFX Application Thread] DEBUG TilesetLoader        - Loading view for layer Tile Layer 1
17:47:50.305 [JavaFX Application Thread] DEBUG TilesetLoader        - Created buffer with size 4900.0x700.0
17:47:50.314 [JavaFX Application Thread] DEBUG TMXLevelLoader       - Creating object layer entities
17:47:50.317 [JavaFX Application Thread] DEBUG GameWorld            - Clearing removable entities
17:47:50.318 [JavaFX Application Thread] DEBUG GameWorld            - Setting level: com.almasb.fxgl.entity.level.Level@2bf64ad6
17:48:06.091 [JavaFX Application Thread] DEBUG PrimaryStageWindow   - Push state: LevelEndScene
17:48:06.091 [JavaFX Application Thread] DEBUG Input                - Clearing active input actions
17:48:06.091 [JavaFX Application Thread] DEBUG GameApplicationServi - Removing overlay from GameScene and adding to LevelEndScene
17:48:06.091 [JavaFX Application Thread] DEBUG PrimaryStageWindow   - GameScene -> LevelEndScene
17:48:06.321 [JavaFX Application Thread] DEBUG PrimaryStageWindow   - Pop state: LevelEndScene
17:48:06.321 [JavaFX Application Thread] DEBUG Input                - Clearing active input actions
17:48:06.321 [JavaFX Application Thread] DEBUG GameApplicationServi - Removing overlay from LevelEndScene and adding to GameScene
17:48:06.321 [JavaFX Application Thread] DEBUG PrimaryStageWindow   - GameScene <- LevelEndScene
17:48:07.271 [JavaFX Application Thread] WARN  TMXLevelLoader       - TiledMap generated from 1.10.1. Supported version: 1.4.2. Some features may not be parsed fully.
17:48:07.273 [JavaFX Application Thread] DEBUG TMXLevelLoader       - Parsed TiledMap: file:/C:/Users/koenm/Documents/GitHub/ipose-groep-4/target/classes/assets/levels/tmx/level3.tmx
17:48:07.273 [JavaFX Application Thread] DEBUG TMXLevelLoader       - Creating tile layer entities
17:48:07.273 [JavaFX Application Thread] DEBUG TilesetLoader        - Loading view for layer Tile Layer 1
17:48:07.276 [JavaFX Application Thread] DEBUG TilesetLoader        - Created buffer with size 4900.0x700.0
17:48:07.284 [JavaFX Application Thread] DEBUG TMXLevelLoader       - Creating object layer entities
17:48:07.287 [JavaFX Application Thread] DEBUG GameWorld            - Clearing removable entities
17:48:07.289 [JavaFX Application Thread] DEBUG GameWorld            - Setting level: com.almasb.fxgl.entity.level.Level@55668dec
17:48:25.772 [JavaFX Application Thread] DEBUG PrimaryStageWindow   - Push state: DialogSubScene
17:48:25.772 [JavaFX Application Thread] DEBUG Input                - Clearing active input actions
17:48:25.775 [JavaFX Application Thread] DEBUG GameApplicationServi - Removing overlay from GameScene and adding to DialogSubScene
17:48:25.775 [JavaFX Application Thread] DEBUG PrimaryStageWindow   - GameScene -> DialogSubScene
17:48:27.772 [JavaFX Application Thread] DEBUG FXGLApplication      - Exiting FXGL
17:48:27.773 [JavaFX Application Thread] DEBUG LoopRunner           - Stopping loop
17:48:27.773 [JavaFX Application Thread] DEBUG SystemBundleService  - Saving FXGL system data
17:48:27.774 [JavaFX Application Thread] DEBUG FileSystemAccess     - Writing to: C:\Users\koenm\Documents\GitHub\ipose-groep-4\system\fxgl.bundle
17:48:27.776 [JavaFX Application Thread] DEBUG Async                - Shutting down background threads
17:48:27.776 [JavaFX Application Thread] DEBUG PrimaryStageWindow   - Closing main window
17:48:27.787 [JavaFX Application Thread] DEBUG Logger               - Closing Logger
