14:18:44.973 [main                     ] DEBUG Logger               - Configured Logger
14:18:45.031 [main                     ] DEBUG GameApplication      - Logging settings
Title: Untitled
Version: 0.0
Width: 1400
Height: 720
Fullscreen: false
Intro: false
Profiling: false
Single step:false
App Mode: DEVELOPER
Menu Key: ESCAPE
Stage Style: DECORATED
Scene Factory: class com.almasb.fxglgames.platformer.PlatformerApp$1

14:18:45.654 [JavaFX Application Thread] DEBUG FXGLApplication      - Initializing FXGL
14:18:45.663 [JavaFX Application Thread] INFO  Engine               - FXGL-17.1 (24.03.2022 17.34) on WINDOWS (J:19.0.1 FX:19-ea)
14:18:45.663 [JavaFX Application Thread] DEBUG Engine               - JRE Vendor Name: Oracle Corporation
14:18:45.664 [JavaFX Application Thread] DEBUG Engine               - Running on OS: Windows 10 version 10.0
14:18:45.664 [JavaFX Application Thread] DEBUG Engine               - Architecture: amd64
14:18:45.664 [JavaFX Application Thread] INFO  Engine               - Source code and latest versions at: https://github.com/AlmasB/FXGL
14:18:45.665 [JavaFX Application Thread] INFO  Engine               -       Ask questions and discuss at: https://github.com/AlmasB/FXGL/discussions
14:18:45.665 [JavaFX Application Thread] INFO  Engine               -              Join the FXGL chat at: https://gitter.im/AlmasB/FXGL
14:18:45.825 [JavaFX Application Thread] DEBUG PrimaryStageWindow   - Creating a JavaFX scene
14:18:45.911 [JavaFX Application Thread] DEBUG PrimaryStageWindow   - Target settings size: 1400.0 x 720.0
14:18:45.912 [JavaFX Application Thread] DEBUG PrimaryStageWindow   - Scaled scene size:    1400.0 x 720.0
14:18:45.912 [JavaFX Application Thread] DEBUG PrimaryStageWindow   - Scaled ratio: (1.0, 1.0)
14:18:45.914 [JavaFX Application Thread] DEBUG PrimaryStageWindow   - Set initial scene to FXGLStartupScene
14:18:45.927 [JavaFX Application Thread] DEBUG PrimaryStageWindow   - Opening main window
14:18:46.052 [JavaFX Application Thread] DEBUG PrimaryStageWindow   - Window border size: (14.4000244140625, 37.5999755859375)
14:18:46.052 [JavaFX Application Thread] DEBUG PrimaryStageWindow   - Scaled size: 1400.0 x 720.0
14:18:46.053 [JavaFX Application Thread] DEBUG PrimaryStageWindow   - Scaled ratio: (1.0, 1.0)
14:18:46.055 [JavaFX Application Thread] DEBUG PrimaryStageWindow   - Scene size: 1400.0 x 720.0
14:18:46.056 [JavaFX Application Thread] DEBUG PrimaryStageWindow   - Stage size: 1414.4000244140625 x 757.5999755859375
14:18:46.069 [FXGL Background Thread 1 ] DEBUG Engine               - Initializing environment variables
14:18:46.160 [FXGL Background Thread 1 ] DEBUG FXGLAssetLoaderServi - User app class for loading assets: class com.almasb.fxglgames.platformer.PlatformerApp
14:18:46.160 [FXGL Background Thread 1 ] DEBUG GameApplicationServi - Applying CSS: fxgl_dark.css
14:18:46.161 [FXGL Background Thread 1 ] DEBUG FXGLAssetLoaderServi - Loading from file system: jar:file:///C:/Users/jardk/.m2/repository/com/github/almasb/fxgl/17.1/fxgl-17.1.jar!/fxglassets/ui/css/fxgl_dark.css
14:18:46.244 [FXGL Background Thread 1 ] DEBUG GameApplicationServi - Initializing application scenes
14:18:46.326 [FXGL Background Thread 1 ] DEBUG FXGLAssetLoaderServi - Loading from file system: file:/C:/ipose-groep-4/target/classes/assets/textures/player.png
14:18:46.358 [FXGL Background Thread 1 ] DEBUG GameWorld            - Game world initialized
14:18:46.464 [FXGL Background Thread 1 ] DEBUG PhysicsWorld         - Physics world initialized: appHeight=720, physics.ppm=50,0
14:18:46.464 [FXGL Background Thread 1 ] DEBUG PhysicsWorld         - Using strategy: BRUTE_FORCE
14:18:46.474 [FXGL Background Thread 1 ] DEBUG GameScene            - Game scene initialized: 1400x720
14:18:46.495 [FXGL Background Thread 1 ] DEBUG FXGL.DefaultMenu     - createMenuBodyGameMenu()
14:18:46.538 [FXGL Background Thread 1 ] DEBUG FXGL.DefaultMenu     - createOptionsMenu()
14:18:46.575 [FXGL Background Thread 1 ] DEBUG FXGLAssetLoaderServi - Loading from file system: jar:file:///C:/Users/jardk/.m2/repository/com/github/almasb/fxgl/17.1/fxgl-17.1.jar!/fxglassets/textures/particles/smoke.png
14:18:46.719 [FXGL Background Thread 1 ] DEBUG FXGLAssetLoaderServi - Loading from file system: jar:file:///C:/Users/jardk/.m2/repository/com/github/almasb/fxgl/17.1/fxgl-17.1.jar!/fxglassets/textures/particles/trace_horizontal.png
14:18:46.771 [FXGL Background Thread 1 ] DEBUG GameApplicationServi - Application scenes initialized
14:18:46.794 [FXGL Background Thread 1 ] DEBUG SystemBundleService  - Loading FXGL system data
14:18:46.802 [FXGL Background Thread 1 ] DEBUG FileSystemAccess     - Reading from: C:\ipose-groep-4\system\fxgl.bundle
14:18:46.821 [FXGL Background Thread 1 ] DEBUG SystemBundleService  - Bundle FXGL: {}
14:18:46.821 [FXGL Background Thread 1 ] DEBUG UpdaterService       - Checking for updates
14:18:46.828 [FXGL Background Thread 4 ] DEBUG FXGLApplication      - Loading fonts
14:18:46.829 [FXGL Background Thread 4 ] DEBUG FXGLAssetLoaderServi - Loading from file system: jar:file:///C:/Users/jardk/.m2/repository/com/github/almasb/fxgl/17.1/fxgl-17.1.jar!/fxglassets/ui/fonts/VarelaRound-Regular.ttf
14:18:46.829 [FXGL Background Thread 1 ] DEBUG FXGLApplication      - Loading default localization
14:18:46.831 [FXGL Background Thread 1 ] DEBUG FXGLAssetLoaderServi - Loading from file system: jar:file:///C:/Users/jardk/.m2/repository/com/github/almasb/fxgl/17.1/fxgl-17.1.jar!/fxglassets/languages/english.lang
14:18:46.865 [FXGL Background Thread 1 ] INFO  FXGLApplication      - FXGL initialization took: 0,796 sec
14:18:46.887 [JavaFX Application Thread] DEBUG Input                - Registered new binding: Left - A
14:18:46.887 [JavaFX Application Thread] DEBUG Input                - Registered new binding: Right - D
14:18:46.888 [JavaFX Application Thread] DEBUG Input                - Registered new binding: Jump - W
14:18:46.888 [JavaFX Application Thread] DEBUG Input                - Registered new binding: Use - E
14:18:46.889 [JavaFX Application Thread] DEBUG FXGLAssetLoaderServi - Loading from file system: file:/C:/ipose-groep-4/target/classes/assets/music/BGM_dash_runner.wav
14:18:46.927 [FXGL Background Thread 4 ] DEBUG FXGLAssetLoaderServi - Loading from file system: jar:file:///C:/Users/jardk/.m2/repository/com/github/almasb/fxgl/17.1/fxgl-17.1.jar!/fxglassets/ui/fonts/Abel-Regular.ttf
14:18:46.933 [FXGL Background Thread 4 ] DEBUG FXGLAssetLoaderServi - Loading from file system: jar:file:///C:/Users/jardk/.m2/repository/com/github/almasb/fxgl/17.1/fxgl-17.1.jar!/fxglassets/ui/fonts/TerminalLandMono-Regular.otf
14:18:46.940 [FXGL Background Thread 4 ] DEBUG FXGLAssetLoaderServi - Loading from file system: jar:file:///C:/Users/jardk/.m2/repository/com/github/almasb/fxgl/17.1/fxgl-17.1.jar!/fxglassets/ui/fonts/Courier-Prime.ttf
14:18:47.090 [JavaFX Application Thread] DEBUG AudioPlayer          - Playing music com.almasb.fxgl.audio.Music@589204
14:18:47.091 [JavaFX Application Thread] DEBUG FXGLAssetLoaderServi - Loading from file system: jar:file:///C:/Users/jardk/.m2/repository/com/github/almasb/fxgl/17.1/fxgl-17.1.jar!/fxglassets/textures/fxgl_icon.png
14:18:47.138 [JavaFX Application Thread] DEBUG FXGLAssetLoaderServi - Loading from file system: jar:file:///C:/Users/jardk/.m2/repository/com/github/almasb/fxgl/17.1/fxgl-17.1.jar!/fxglassets/textures/fxgl_default_cursor.png
14:18:47.141 [JavaFX Application Thread] DEBUG Input                - Registered new binding: Screenshot - CTRL+8
14:18:47.142 [JavaFX Application Thread] DEBUG Input                - Registered new binding: System info dump - CTRL+9
14:18:47.142 [JavaFX Application Thread] DEBUG Input                - Registered new binding: Restart - CTRL+R
14:18:47.143 [JavaFX Application Thread] DEBUG Input                - Registered new binding: Toggle Debug Camera - CTRL+7
14:18:47.145 [JavaFX Application Thread] DEBUG LoopRunner           - Starting loop
14:18:47.146 [JavaFX Application Thread] DEBUG LoopRunner           - Initializing JavaFX AnimationTimerLoop
14:18:47.147 [JavaFX Application Thread] DEBUG GameApplicationServi - Starting new game
14:18:47.148 [JavaFX Application Thread] DEBUG Input                - Clearing active input actions
14:18:47.179 [JavaFX Application Thread] DEBUG GameApplicationServi - Removing overlay from FXGLStartupScene and adding to MainLoadingScene
14:18:47.180 [JavaFX Application Thread] DEBUG PrimaryStageWindow   - FXGLStartupScene -> MainLoadingScene
14:18:47.180 [JavaFX Application Thread] DEBUG GameApplicationServi - Clearing previous game
14:18:47.180 [JavaFX Application Thread] DEBUG GameScene            - Clearing game scene
14:18:47.181 [JavaFX Application Thread] DEBUG GameWorld            - Clearing game world
14:18:47.181 [JavaFX Application Thread] DEBUG PhysicsWorld         - Clearing physics world
14:18:47.184 [JavaFX Application Thread] DEBUG FXGLApplication      - Registering font factories with UI factory
14:18:47.184 [FXGL Background Thread 4 ] DEBUG FXGLApplication      - Initializing game
14:18:47.247 [FXGL Background Thread 4 ] WARN  TMXLevelLoader       - TiledMap generated from 1.2.3. Supported version: 1.4.2. Some features may not be parsed fully.
14:18:47.264 [FXGL Background Thread 4 ] DEBUG TMXLevelLoader       - Parsed TiledMap: file:/C:/ipose-groep-4/target/classes/assets/levels/tmx/level1.tmx
14:18:47.265 [FXGL Background Thread 4 ] DEBUG TMXLevelLoader       - Creating tile layer entities
14:18:47.268 [FXGL Background Thread 4 ] DEBUG TilesetLoader        - Loading view for layer Tile Layer 1
14:18:47.269 [FXGL Background Thread 4 ] DEBUG TilesetLoader        - Created buffer with size 1050.0x700.0
14:18:47.301 [FXGL Background Thread 4 ] DEBUG TMXLevelLoader       - Creating object layer entities
14:18:47.338 [FXGL Background Thread 4 ] DEBUG GameWorld            - Clearing removable entities
14:18:47.338 [FXGL Background Thread 4 ] DEBUG GameWorld            - Setting level: com.almasb.fxgl.entity.level.Level@603216a0
14:18:47.374 [FXGL Background Thread 4 ] DEBUG FXGLAssetLoaderServi - Loading from file system: file:/C:/ipose-groep-4/target/classes/assets/textures/background/forest.png
14:18:47.408 [FXGL Background Thread 4 ] INFO  FXGLApplication      - Game initialization took: 0,224 sec
14:18:47.409 [JavaFX Application Thread] DEBUG Input                - Clearing active input actions
14:18:47.425 [FXGL Background Thread 2 ] INFO  UpdaterService       - Your current version:  17.1
14:18:47.425 [FXGL Background Thread 2 ] INFO  UpdaterService       - Latest stable version: 17.3
14:18:47.429 [JavaFX Application Thread] DEBUG GameApplicationServi - Removing overlay from MainLoadingScene and adding to GameScene
14:18:47.429 [JavaFX Application Thread] DEBUG PrimaryStageWindow   - MainLoadingScene -> GameScene
14:18:49.826 [FXGL Background Thread 3 ] DEBUG Engine               - Logging environment variables
14:18:49.827 [FXGL Background Thread 3 ] DEBUG Engine               - achievements: []
14:18:49.827 [FXGL Background Thread 3 ] DEBUG Engine               - actualHeight: 720.0
14:18:49.827 [FXGL Background Thread 3 ] DEBUG Engine               - actualHeightProperty: ReadOnlyDoubleProperty [value: 720.0]
14:18:49.828 [FXGL Background Thread 3 ] DEBUG Engine               - actualWidth: 1400.0
14:18:49.828 [FXGL Background Thread 3 ] DEBUG Engine               - actualWidthProperty: ReadOnlyDoubleProperty [value: 1400.0]
14:18:49.828 [FXGL Background Thread 3 ] DEBUG Engine               - appIcon: fxgl_icon.png
14:18:49.828 [FXGL Background Thread 3 ] DEBUG Engine               - applicationMode: DEVELOPER
14:18:49.828 [FXGL Background Thread 3 ] DEBUG Engine               - cSSList: [fxgl_dark.css]
14:18:49.828 [FXGL Background Thread 3 ] DEBUG Engine               - collisionDetectionStrategy: BRUTE_FORCE
14:18:49.828 [FXGL Background Thread 3 ] DEBUG Engine               - configClass: Optional.empty
14:18:49.828 [FXGL Background Thread 3 ] DEBUG Engine               - credits: []
14:18:49.829 [FXGL Background Thread 3 ] DEBUG Engine               - defaultCursor: CursorInfo(imageName=fxgl_default_cursor.png, hotspotX=7.0, hotspotY=6.0)
14:18:49.829 [FXGL Background Thread 3 ] DEBUG Engine               - devBBoxColorProperty: ObjectProperty [value: 0xff0000ff]
14:18:49.829 [FXGL Background Thread 3 ] DEBUG Engine               - devEnableDebugCameraProperty: BooleanProperty [value: false]
14:18:49.829 [FXGL Background Thread 3 ] DEBUG Engine               - devSensorColorProperty: ObjectProperty [value: 0xffff00ff]
14:18:49.830 [FXGL Background Thread 3 ] DEBUG Engine               - devShowBBoxProperty: BooleanProperty [value: false]
14:18:49.830 [FXGL Background Thread 3 ] DEBUG Engine               - devShowPositionProperty: BooleanProperty [value: false]
14:18:49.830 [FXGL Background Thread 3 ] DEBUG Engine               - enabledMenuItems: []
14:18:49.840 [FXGL Background Thread 3 ] DEBUG Engine               - engineServices: [class com.almasb.fxgl.app.services.FXGLAssetLoaderService, class com.almasb.fxgl.app.FXGLApplication$GameApplicationService, class com.almasb.fxgl.app.services.FXGLDialogService, class com.almasb.fxgl.app.services.IOTaskExecutorService, class com.almasb.fxgl.io.FileSystemService, class com.almasb.fxgl.localization.LocalizationService, class com.almasb.fxgl.app.services.SystemBundleService, class com.almasb.fxgl.profile.SaveLoadService, class com.almasb.fxgl.ui.FXGLUIFactoryServiceProvider, class com.almasb.fxgl.ui.FXGLDialogFactoryServiceProvider, class com.almasb.fxgl.audio.AudioPlayer, class com.almasb.fxgl.notification.impl.NotificationServiceProvider, class com.almasb.fxgl.achievement.AchievementService, class com.almasb.fxgl.cutscene.CutsceneService, class com.almasb.fxgl.minigames.MiniGameService, class com.almasb.fxgl.net.NetService, class com.almasb.fxgl.app.services.UpdaterService, class com.almasb.fxgl.dev.DevService]
14:18:49.840 [FXGL Background Thread 3 ] DEBUG Engine               - fontGame: Abel-Regular.ttf
14:18:49.841 [FXGL Background Thread 3 ] DEBUG Engine               - fontMono: TerminalLandMono-Regular.otf
14:18:49.841 [FXGL Background Thread 3 ] DEBUG Engine               - fontText: Courier-Prime.ttf
14:18:49.841 [FXGL Background Thread 3 ] DEBUG Engine               - fontUI: VarelaRound-Regular.ttf
14:18:49.841 [FXGL Background Thread 3 ] DEBUG Engine               - fullScreen: BooleanProperty [value: false]
14:18:49.841 [FXGL Background Thread 3 ] DEBUG Engine               - gameDifficulty: MEDIUM
14:18:49.842 [FXGL Background Thread 3 ] DEBUG Engine               - gameDifficultyProperty: ObjectProperty [value: MEDIUM]
14:18:49.845 [FXGL Background Thread 3 ] DEBUG Engine               - globalMusicVolume: 0.5
14:18:49.845 [FXGL Background Thread 3 ] DEBUG Engine               - globalMusicVolumeProperty: DoubleProperty [value: 0.25]
14:18:49.848 [FXGL Background Thread 3 ] DEBUG Engine               - globalSoundVolume: 0.5
14:18:49.855 [FXGL Background Thread 3 ] DEBUG Engine               - globalSoundVolumeProperty: DoubleProperty [value: 0.5]
14:18:49.855 [FXGL Background Thread 3 ] DEBUG Engine               - height: 720
14:18:49.855 [FXGL Background Thread 3 ] DEBUG Engine               - is3D: false
14:18:49.855 [FXGL Background Thread 3 ] DEBUG Engine               - isAndroid: false
14:18:49.855 [FXGL Background Thread 3 ] DEBUG Engine               - isBrowser: false
14:18:49.855 [FXGL Background Thread 3 ] DEBUG Engine               - isClickFeedbackEnabled: false
14:18:49.856 [FXGL Background Thread 3 ] DEBUG Engine               - isCloseConfirmation: false
14:18:49.858 [FXGL Background Thread 3 ] DEBUG Engine               - isDesktop: true
14:18:49.859 [FXGL Background Thread 3 ] DEBUG Engine               - isDeveloperMenuEnabled: false
14:18:49.860 [FXGL Background Thread 3 ] DEBUG Engine               - isEmbedded: false
14:18:49.860 [FXGL Background Thread 3 ] DEBUG Engine               - isEntityPreloadEnabled: true
14:18:49.862 [FXGL Background Thread 3 ] DEBUG Engine               - isExperimentalTiledLargeMap: false
14:18:49.862 [FXGL Background Thread 3 ] DEBUG Engine               - isFileSystemWriteAllowed: true
14:18:49.862 [FXGL Background Thread 3 ] DEBUG Engine               - isFullScreenAllowed: false
14:18:49.862 [FXGL Background Thread 3 ] DEBUG Engine               - isFullScreenFromStart: false
14:18:49.862 [FXGL Background Thread 3 ] DEBUG Engine               - isGameMenuEnabled: true
14:18:49.862 [FXGL Background Thread 3 ] DEBUG Engine               - isIOS: false
14:18:49.862 [FXGL Background Thread 3 ] DEBUG Engine               - isIntroEnabled: false
14:18:49.862 [FXGL Background Thread 3 ] DEBUG Engine               - isLinux: false
14:18:49.862 [FXGL Background Thread 3 ] DEBUG Engine               - isMac: false
14:18:49.862 [FXGL Background Thread 3 ] DEBUG Engine               - isMainMenuEnabled: false
14:18:49.862 [FXGL Background Thread 3 ] DEBUG Engine               - isManualResizeEnabled: false
14:18:49.863 [FXGL Background Thread 3 ] DEBUG Engine               - isMobile: false
14:18:49.863 [FXGL Background Thread 3 ] DEBUG Engine               - isNative: false
14:18:49.863 [FXGL Background Thread 3 ] DEBUG Engine               - isPauseMusicWhenMinimized: true
14:18:49.863 [FXGL Background Thread 3 ] DEBUG Engine               - isPreserveResizeRatio: false
14:18:49.863 [FXGL Background Thread 3 ] DEBUG Engine               - isProfilingEnabled: false
14:18:49.863 [FXGL Background Thread 3 ] DEBUG Engine               - isScaleAffectedOnResize: true
14:18:49.863 [FXGL Background Thread 3 ] DEBUG Engine               - isSingleStep: false
14:18:49.863 [FXGL Background Thread 3 ] DEBUG Engine               - isUserProfileEnabled: false
14:18:49.863 [FXGL Background Thread 3 ] DEBUG Engine               - isWindows: true
14:18:49.863 [FXGL Background Thread 3 ] DEBUG Engine               - language: ObjectProperty [value: ENGLISH]
14:18:49.863 [FXGL Background Thread 3 ] DEBUG Engine               - menuKey: ESCAPE
14:18:49.864 [FXGL Background Thread 3 ] DEBUG Engine               - mouseSensitivity: 0.2
14:18:49.864 [FXGL Background Thread 3 ] DEBUG Engine               - notificationViewClass: class com.almasb.fxgl.notification.view.XboxNotificationView
14:18:49.864 [FXGL Background Thread 3 ] DEBUG Engine               - pixelsPerMeter: 50.0
14:18:49.864 [FXGL Background Thread 3 ] DEBUG Engine               - platform: WINDOWS
14:18:49.864 [FXGL Background Thread 3 ] DEBUG Engine               - prefHeightProperty: ReadOnlyDoubleProperty [value: 720.0]
14:18:49.864 [FXGL Background Thread 3 ] DEBUG Engine               - prefWidthProperty: ReadOnlyDoubleProperty [value: 1400.0]
14:18:49.864 [FXGL Background Thread 3 ] DEBUG Engine               - profileDir: profiles/
14:18:49.864 [FXGL Background Thread 3 ] DEBUG Engine               - profileName: StringProperty [value: DEFAULT]
14:18:49.865 [FXGL Background Thread 3 ] DEBUG Engine               - randomSeed: -1
14:18:49.865 [FXGL Background Thread 3 ] DEBUG Engine               - runtimeInfo: RuntimeInfo(platform=WINDOWS, version=17.1, build=24.03.2022 17.34)
14:18:49.865 [FXGL Background Thread 3 ] DEBUG Engine               - saveFileExt: sav
14:18:49.865 [FXGL Background Thread 3 ] DEBUG Engine               - scaledHeightProp$fxgl: DoubleProperty [bound, value: 720.0]
14:18:49.865 [FXGL Background Thread 3 ] DEBUG Engine               - scaledWidthProp$fxgl: DoubleProperty [bound, value: 1400.0]
14:18:49.865 [FXGL Background Thread 3 ] DEBUG Engine               - sceneFactory: com.almasb.fxglgames.platformer.PlatformerApp$1@6e46a8ee
14:18:49.866 [FXGL Background Thread 3 ] DEBUG Engine               - secondsIn24h: 60
14:18:49.866 [FXGL Background Thread 3 ] DEBUG Engine               - soundMenuBack: menu/back.wav
14:18:49.866 [FXGL Background Thread 3 ] DEBUG Engine               - soundMenuPress: menu/press.wav
14:18:49.866 [FXGL Background Thread 3 ] DEBUG Engine               - soundMenuSelect: menu/select.wav
14:18:49.866 [FXGL Background Thread 3 ] DEBUG Engine               - soundNotification: core/notification.wav
14:18:49.866 [FXGL Background Thread 3 ] DEBUG Engine               - stageStyle: DECORATED
14:18:49.866 [FXGL Background Thread 3 ] DEBUG Engine               - supportedLanguages: [ENGLISH, FRENCH, GERMAN, HUNGARIAN, RUSSIAN]
14:18:49.866 [FXGL Background Thread 3 ] DEBUG Engine               - ticksPerSecond: -1
14:18:49.866 [FXGL Background Thread 3 ] DEBUG Engine               - title: Untitled
14:18:49.866 [FXGL Background Thread 3 ] DEBUG Engine               - urlGithub: https://github.com/AlmasB/FXGL
14:18:49.867 [FXGL Background Thread 3 ] DEBUG Engine               - urlLeaderboard: http://fxgl-top.herokuapp.com/
14:18:49.867 [FXGL Background Thread 3 ] DEBUG Engine               - urlPOM: https://raw.githubusercontent.com/AlmasB/FXGL/release/README.md
14:18:49.867 [FXGL Background Thread 3 ] DEBUG Engine               - userAppClass: class com.almasb.fxglgames.platformer.PlatformerApp
14:18:49.867 [FXGL Background Thread 3 ] DEBUG Engine               - version: 0.0
14:18:49.867 [FXGL Background Thread 3 ] DEBUG Engine               - versionCheckDays: 7
14:18:49.867 [FXGL Background Thread 3 ] DEBUG Engine               - width: 1400
14:18:49.867 [FXGL Background Thread 3 ] DEBUG Engine               - Logging services
14:18:49.867 [FXGL Background Thread 3 ] DEBUG Engine               - class com.almasb.fxgl.app.services.FXGLAssetLoaderService
14:18:49.867 [FXGL Background Thread 3 ] DEBUG Engine               - class com.almasb.fxgl.app.FXGLApplication$GameApplicationService
14:18:49.868 [FXGL Background Thread 3 ] DEBUG Engine               - class com.almasb.fxgl.app.services.FXGLDialogService
14:18:49.868 [FXGL Background Thread 3 ] DEBUG Engine               - class com.almasb.fxgl.app.services.IOTaskExecutorService
14:18:49.868 [FXGL Background Thread 3 ] DEBUG Engine               - class com.almasb.fxgl.io.FileSystemService
14:18:49.868 [FXGL Background Thread 3 ] DEBUG Engine               - class com.almasb.fxgl.localization.LocalizationService
14:18:49.868 [FXGL Background Thread 3 ] DEBUG Engine               - class com.almasb.fxgl.app.services.SystemBundleService
14:18:49.868 [FXGL Background Thread 3 ] DEBUG Engine               - class com.almasb.fxgl.profile.SaveLoadService
14:18:49.868 [FXGL Background Thread 3 ] DEBUG Engine               - class com.almasb.fxgl.ui.FXGLUIFactoryServiceProvider
14:18:49.868 [FXGL Background Thread 3 ] DEBUG Engine               - class com.almasb.fxgl.ui.FXGLDialogFactoryServiceProvider
14:18:49.868 [FXGL Background Thread 3 ] DEBUG Engine               - class com.almasb.fxgl.audio.AudioPlayer
14:18:49.868 [FXGL Background Thread 3 ] DEBUG Engine               - class com.almasb.fxgl.notification.impl.NotificationServiceProvider
14:18:49.868 [FXGL Background Thread 3 ] DEBUG Engine               - class com.almasb.fxgl.achievement.AchievementService
14:18:49.868 [FXGL Background Thread 3 ] DEBUG Engine               - class com.almasb.fxgl.cutscene.CutsceneService
14:18:49.868 [FXGL Background Thread 3 ] DEBUG Engine               - class com.almasb.fxgl.minigames.MiniGameService
14:18:49.868 [FXGL Background Thread 3 ] DEBUG Engine               - class com.almasb.fxgl.net.NetService
14:18:49.868 [FXGL Background Thread 3 ] DEBUG Engine               - class com.almasb.fxgl.app.services.UpdaterService
14:18:49.868 [FXGL Background Thread 3 ] DEBUG Engine               - class com.almasb.fxgl.dev.DevService
14:19:05.178 [JavaFX Application Thread] DEBUG AudioPlayer          - Pausing music com.almasb.fxgl.audio.Music@589204
14:19:05.179 [JavaFX Application Thread] DEBUG LoopRunner           - Pausing loop
14:32:48.054 [JavaFX Application Thread] DEBUG LoopRunner           - Resuming loop
14:32:48.055 [JavaFX Application Thread] DEBUG AudioPlayer          - Resuming music com.almasb.fxgl.audio.Music@589204
14:32:50.194 [JavaFX Application Thread] DEBUG FXGLApplication      - Exiting FXGL
14:32:50.195 [JavaFX Application Thread] DEBUG LoopRunner           - Stopping loop
14:32:50.195 [JavaFX Application Thread] DEBUG SystemBundleService  - Saving FXGL system data
14:32:50.199 [JavaFX Application Thread] DEBUG FileSystemAccess     - Writing to: C:\ipose-groep-4\system\fxgl.bundle
14:32:50.204 [JavaFX Application Thread] DEBUG Async                - Shutting down background threads
14:32:50.205 [JavaFX Application Thread] DEBUG PrimaryStageWindow   - Closing main window
14:32:50.225 [JavaFX Application Thread] DEBUG Logger               - Closing Logger
