12:12:35.174 [main                     ] DEBUG Logger               - Configured Logger
12:12:35.196 [main                     ] DEBUG GameApplication      - Logging settings
Title: Miguel
Version: 1.0
Width: 1400
Height: 720
Fullscreen: false
Intro: false
Profiling: false
Single step:false
App Mode: DEVELOPER
Menu Key: ESCAPE
Stage Style: DECORATED
Scene Factory: class com.almasb.fxglgames.platformer.PlatformerApp$1

12:12:35.499 [JavaFX Application Thread] DEBUG FXGLApplication      - Initializing FXGL
12:12:35.504 [JavaFX Application Thread] INFO  Engine               - FXGL-17.1 (24.03.2022 17.34) on WINDOWS (J:19.0.1 FX:19-ea)
12:12:35.505 [JavaFX Application Thread] DEBUG Engine               - JRE Vendor Name: Oracle Corporation
12:12:35.505 [JavaFX Application Thread] DEBUG Engine               - Running on OS: Windows 10 version 10.0
12:12:35.505 [JavaFX Application Thread] DEBUG Engine               - Architecture: amd64
12:12:35.505 [JavaFX Application Thread] INFO  Engine               - Source code and latest versions at: https://github.com/AlmasB/FXGL
12:12:35.505 [JavaFX Application Thread] INFO  Engine               -       Ask questions and discuss at: https://github.com/AlmasB/FXGL/discussions
12:12:35.505 [JavaFX Application Thread] INFO  Engine               -              Join the FXGL chat at: https://gitter.im/AlmasB/FXGL
12:12:35.577 [JavaFX Application Thread] DEBUG PrimaryStageWindow   - Creating a JavaFX scene
12:12:35.618 [JavaFX Application Thread] DEBUG PrimaryStageWindow   - Target settings size: 1400.0 x 720.0
12:12:35.618 [JavaFX Application Thread] DEBUG PrimaryStageWindow   - Scaled scene size:    1400.0 x 720.0
12:12:35.618 [JavaFX Application Thread] DEBUG PrimaryStageWindow   - Scaled ratio: (1.0, 1.0)
12:12:35.619 [JavaFX Application Thread] DEBUG PrimaryStageWindow   - Set initial scene to FXGLStartupScene
12:12:35.626 [JavaFX Application Thread] DEBUG PrimaryStageWindow   - Opening main window
12:12:35.694 [JavaFX Application Thread] DEBUG PrimaryStageWindow   - Window border size: (14.4000244140625, 37.5999755859375)
12:12:35.695 [JavaFX Application Thread] DEBUG PrimaryStageWindow   - Scaled size: 1400.0 x 720.0
12:12:35.695 [JavaFX Application Thread] DEBUG PrimaryStageWindow   - Scaled ratio: (1.0, 1.0)
12:12:35.695 [JavaFX Application Thread] DEBUG PrimaryStageWindow   - Scene size: 1400.0 x 720.0
12:12:35.695 [JavaFX Application Thread] DEBUG PrimaryStageWindow   - Stage size: 1414.4000244140625 x 757.5999755859375
12:12:35.703 [FXGL Background Thread 1 ] DEBUG Engine               - Initializing environment variables
12:12:35.754 [FXGL Background Thread 1 ] DEBUG FXGLAssetLoaderServi - User app class for loading assets: class com.almasb.fxglgames.platformer.PlatformerApp
12:12:35.755 [FXGL Background Thread 1 ] DEBUG GameApplicationServi - Applying CSS: fxgl_dark.css
12:12:35.756 [FXGL Background Thread 1 ] DEBUG FXGLAssetLoaderServi - Loading from file system: jar:file:///C:/Users/jardk/.m2/repository/com/github/almasb/fxgl/17.1/fxgl-17.1.jar!/fxglassets/ui/css/fxgl_dark.css
12:12:35.797 [FXGL Background Thread 1 ] DEBUG GameApplicationServi - Initializing application scenes
12:12:35.840 [FXGL Background Thread 1 ] DEBUG FXGLAssetLoaderServi - Loading from file system: file:/C:/ipose-groep-4/target/classes/assets/textures/player.png
12:12:35.858 [FXGL Background Thread 1 ] DEBUG GameWorld            - Game world initialized
12:12:35.913 [FXGL Background Thread 1 ] DEBUG PhysicsWorld         - Physics world initialized: appHeight=720, physics.ppm=50,0
12:12:35.913 [FXGL Background Thread 1 ] DEBUG PhysicsWorld         - Using strategy: BRUTE_FORCE
12:12:35.918 [FXGL Background Thread 1 ] DEBUG GameScene            - Game scene initialized: 1400x720
12:12:35.929 [FXGL Background Thread 1 ] DEBUG FXGL.DefaultMenu     - createMenuBodyMainMenu()
12:12:35.943 [FXGL Background Thread 1 ] DEBUG FXGL.DefaultMenu     - createOptionsMenu()
12:12:35.957 [FXGL Background Thread 1 ] DEBUG FXGLAssetLoaderServi - Loading from file system: jar:file:///C:/Users/jardk/.m2/repository/com/github/almasb/fxgl/17.1/fxgl-17.1.jar!/fxglassets/textures/particles/smoke.png
12:12:36.032 [FXGL Background Thread 1 ] DEBUG FXGLAssetLoaderServi - Loading from file system: jar:file:///C:/Users/jardk/.m2/repository/com/github/almasb/fxgl/17.1/fxgl-17.1.jar!/fxglassets/textures/particles/trace_horizontal.png
12:12:36.058 [FXGL Background Thread 1 ] DEBUG FXGL.DefaultMenu     - createMenuBodyGameMenu()
12:12:36.060 [FXGL Background Thread 1 ] DEBUG FXGL.DefaultMenu     - createOptionsMenu()
12:12:36.073 [FXGL Background Thread 1 ] DEBUG GameApplicationServi - Application scenes initialized
12:12:36.085 [FXGL Background Thread 1 ] DEBUG SystemBundleService  - Loading FXGL system data
12:12:36.090 [FXGL Background Thread 1 ] DEBUG FileSystemAccess     - Reading from: C:\ipose-groep-4\system\fxgl.bundle
12:12:36.099 [FXGL Background Thread 1 ] DEBUG SystemBundleService  - Bundle FXGL: {}
12:12:36.099 [FXGL Background Thread 1 ] DEBUG UpdaterService       - Checking for updates
12:12:36.103 [FXGL Background Thread 4 ] DEBUG FXGLApplication      - Loading fonts
12:12:36.103 [FXGL Background Thread 1 ] DEBUG FXGLApplication      - Loading default localization
12:12:36.104 [FXGL Background Thread 4 ] DEBUG FXGLAssetLoaderServi - Loading from file system: jar:file:///C:/Users/jardk/.m2/repository/com/github/almasb/fxgl/17.1/fxgl-17.1.jar!/fxglassets/ui/fonts/VarelaRound-Regular.ttf
12:12:36.104 [FXGL Background Thread 1 ] DEBUG FXGLAssetLoaderServi - Loading from file system: jar:file:///C:/Users/jardk/.m2/repository/com/github/almasb/fxgl/17.1/fxgl-17.1.jar!/fxglassets/languages/english.lang
12:12:36.123 [FXGL Background Thread 1 ] INFO  FXGLApplication      - FXGL initialization took: 0,420 sec
12:12:36.131 [JavaFX Application Thread] DEBUG Input                - Registered new binding: Left - A
12:12:36.131 [JavaFX Application Thread] DEBUG Input                - Registered new binding: Right - D
12:12:36.131 [JavaFX Application Thread] DEBUG Input                - Registered new binding: Jump - W
12:12:36.131 [JavaFX Application Thread] DEBUG Input                - Registered new binding: Use - E
12:12:36.132 [JavaFX Application Thread] DEBUG FXGLAssetLoaderServi - Loading from file system: file:/C:/ipose-groep-4/target/classes/assets/music/BGM_dash_runner.wav
12:12:36.152 [FXGL Background Thread 4 ] DEBUG FXGLAssetLoaderServi - Loading from file system: jar:file:///C:/Users/jardk/.m2/repository/com/github/almasb/fxgl/17.1/fxgl-17.1.jar!/fxglassets/ui/fonts/Abel-Regular.ttf
12:12:36.157 [FXGL Background Thread 4 ] DEBUG FXGLAssetLoaderServi - Loading from file system: jar:file:///C:/Users/jardk/.m2/repository/com/github/almasb/fxgl/17.1/fxgl-17.1.jar!/fxglassets/ui/fonts/TerminalLandMono-Regular.otf
12:12:36.162 [FXGL Background Thread 4 ] DEBUG FXGLAssetLoaderServi - Loading from file system: jar:file:///C:/Users/jardk/.m2/repository/com/github/almasb/fxgl/17.1/fxgl-17.1.jar!/fxglassets/ui/fonts/Courier-Prime.ttf
12:12:36.241 [JavaFX Application Thread] DEBUG AudioPlayer          - Playing music com.almasb.fxgl.audio.Music@2a9d360a
12:12:36.242 [JavaFX Application Thread] DEBUG FXGLAssetLoaderServi - Loading from file system: jar:file:///C:/Users/jardk/.m2/repository/com/github/almasb/fxgl/17.1/fxgl-17.1.jar!/fxglassets/textures/fxgl_icon.png
12:12:36.257 [JavaFX Application Thread] DEBUG FXGLAssetLoaderServi - Loading from file system: jar:file:///C:/Users/jardk/.m2/repository/com/github/almasb/fxgl/17.1/fxgl-17.1.jar!/fxglassets/textures/fxgl_default_cursor.png
12:12:36.259 [JavaFX Application Thread] DEBUG Input                - Registered new binding: Screenshot - CTRL+8
12:12:36.259 [JavaFX Application Thread] DEBUG Input                - Registered new binding: System info dump - CTRL+9
12:12:36.260 [JavaFX Application Thread] DEBUG Input                - Registered new binding: Restart - CTRL+R
12:12:36.261 [JavaFX Application Thread] DEBUG Input                - Registered new binding: Toggle Debug Camera - CTRL+7
12:12:36.263 [JavaFX Application Thread] DEBUG LoopRunner           - Starting loop
12:12:36.263 [JavaFX Application Thread] DEBUG LoopRunner           - Initializing JavaFX AnimationTimerLoop
12:12:36.266 [JavaFX Application Thread] DEBUG Input                - Clearing active input actions
12:12:36.279 [JavaFX Application Thread] DEBUG GameApplicationServi - Removing overlay from FXGLStartupScene and adding to FXGLMainMenuDummyScene
12:12:36.280 [JavaFX Application Thread] DEBUG PrimaryStageWindow   - FXGLStartupScene -> FXGLMainMenuDummyScene
12:12:36.281 [JavaFX Application Thread] DEBUG PrimaryStageWindow   - Push state: FXGLDefaultMenu
12:12:36.284 [JavaFX Application Thread] DEBUG Input                - Clearing active input actions
12:12:36.293 [JavaFX Application Thread] DEBUG GameApplicationServi - Removing overlay from FXGLMainMenuDummyScene and adding to FXGLDefaultMenu
12:12:36.294 [JavaFX Application Thread] DEBUG PrimaryStageWindow   - FXGLMainMenuDummyScene -> FXGLDefaultMenu
12:12:36.295 [JavaFX Application Thread] DEBUG FXGLApplication      - Registering font factories with UI factory
12:12:36.446 [FXGL Background Thread 2 ] INFO  UpdaterService       - Your current version:  17.1
12:12:36.446 [FXGL Background Thread 2 ] INFO  UpdaterService       - Latest stable version: 17.3
12:12:38.157 [JavaFX Application Thread] DEBUG Menu                 - fireNewGame()
12:12:38.157 [JavaFX Application Thread] DEBUG GameApplicationServi - Starting new game
12:12:38.159 [JavaFX Application Thread] DEBUG PrimaryStageWindow   - Pop state: FXGLDefaultMenu
12:12:38.159 [JavaFX Application Thread] DEBUG Input                - Clearing active input actions
12:12:38.160 [JavaFX Application Thread] DEBUG GameApplicationServi - Removing overlay from FXGLDefaultMenu and adding to FXGLMainMenuDummyScene
12:12:38.160 [JavaFX Application Thread] DEBUG PrimaryStageWindow   - FXGLMainMenuDummyScene <- FXGLDefaultMenu
12:12:38.160 [JavaFX Application Thread] DEBUG Input                - Clearing active input actions
12:12:38.165 [JavaFX Application Thread] DEBUG GameApplicationServi - Removing overlay from FXGLMainMenuDummyScene and adding to MainLoadingScene
12:12:38.165 [JavaFX Application Thread] DEBUG PrimaryStageWindow   - FXGLMainMenuDummyScene -> MainLoadingScene
12:12:38.165 [JavaFX Application Thread] DEBUG GameApplicationServi - Clearing previous game
12:12:38.165 [JavaFX Application Thread] DEBUG GameScene            - Clearing game scene
12:12:38.165 [JavaFX Application Thread] DEBUG GameWorld            - Clearing game world
12:12:38.165 [JavaFX Application Thread] DEBUG PhysicsWorld         - Clearing physics world
12:12:38.167 [FXGL Background Thread 2 ] DEBUG FXGLApplication      - Initializing game
12:12:38.192 [FXGL Background Thread 2 ] WARN  TMXLevelLoader       - TiledMap generated from 1.10.0. Supported version: 1.4.2. Some features may not be parsed fully.
12:12:38.199 [FXGL Background Thread 2 ] DEBUG TMXLevelLoader       - Parsed TiledMap: file:/C:/ipose-groep-4/target/classes/assets/levels/tmx/level1.tmx
12:12:38.200 [FXGL Background Thread 2 ] DEBUG TMXLevelLoader       - Creating tile layer entities
12:12:38.201 [FXGL Background Thread 2 ] DEBUG TilesetLoader        - Loading view for layer Tile Layer 1
12:12:38.205 [FXGL Background Thread 2 ] DEBUG TilesetLoader        - Created buffer with size 4900.0x700.0
12:12:38.224 [FXGL Background Thread 2 ] DEBUG TMXLevelLoader       - Creating object layer entities
12:12:38.238 [FXGL Background Thread 2 ] WARN  TMXLevelLoader       - Parse error
java.lang.IllegalArgumentException: Key muur has no associated value!
	at com.almasb.fxgl.entity@17.1/com.almasb.fxgl.entity.SpawnData.get(SpawnData.kt:35)
	at mario.main/com.almasb.fxglgames.platformer.PlatformerFactory.newMuur(PlatformerFactory.java:51)
	at java.base/jdk.internal.reflect.DirectMethodHandleAccessor.invoke(DirectMethodHandleAccessor.java:104)
	at java.base/java.lang.reflect.Method.invoke(Method.java:578)
	at com.almasb.fxgl.core@17.1/com.almasb.fxgl.core.reflect.ReflectionUtils.call(ReflectionUtils.java:104)
	at com.almasb.fxgl.core@17.1/com.almasb.fxgl.core.reflect.ReflectionUtils.lambda$mapToFunction$3(ReflectionUtils.java:111)
	at com.almasb.fxgl.entity@17.1/com.almasb.fxgl.entity.GameWorld$create$2.invoke(GameWorld.kt:430)
	at com.almasb.fxgl.entity@17.1/com.almasb.fxgl.entity.GameWorld$create$2.invoke(GameWorld.kt:430)
	at com.almasb.fxgl.core@17.1/com.almasb.fxgl.core.util.DSLKt.tryCatchRoot(DSL.kt:34)
	at com.almasb.fxgl.entity@17.1/com.almasb.fxgl.entity.GameWorld.create(GameWorld.kt:430)
	at com.almasb.fxgl.entity@17.1/com.almasb.fxgl.entity.level.tiled.TMXLevelLoader.createObjectLayerEntities(TMXLevelLoader.kt:154)
	at com.almasb.fxgl.entity@17.1/com.almasb.fxgl.entity.level.tiled.TMXLevelLoader.load(TMXLevelLoader.kt:60)
	at com.almasb.fxgl.all@17.1/com.almasb.fxgl.app.services.FXGLAssetLoaderService.loadLevel(FXGLAssetLoaderService.kt:446)
	at com.almasb.fxgl.all@17.1/com.almasb.fxgl.dsl.FXGL$Companion.setLevelFromMap(FXGL.kt:634)
	at com.almasb.fxgl.all@17.1/com.almasb.fxgl.dsl.FXGL.setLevelFromMap(FXGL.kt)
	at mario.main/com.almasb.fxglgames.platformer.PlatformerApp.setLevel(PlatformerApp.java:259)
	at mario.main/com.almasb.fxglgames.platformer.PlatformerApp.nextLevel(PlatformerApp.java:211)
	at mario.main/com.almasb.fxglgames.platformer.PlatformerApp.initGame(PlatformerApp.java:134)
	at com.almasb.fxgl.all@17.1/com.almasb.fxgl.app.FXGLApplication$InitAppTask.initGame(FXGLApplication.kt:339)
	at com.almasb.fxgl.all@17.1/com.almasb.fxgl.app.FXGLApplication$InitAppTask.call(FXGLApplication.kt:319)
	at com.almasb.fxgl.all@17.1/com.almasb.fxgl.app.FXGLApplication$InitAppTask.call(FXGLApplication.kt:311)
	at javafx.graphics@19-ea/javafx.concurrent.Task$TaskCallable.call(Task.java:1426)
	at java.base/java.util.concurrent.FutureTask.run(FutureTask.java:317)
	at java.base/java.util.concurrent.Executors$RunnableAdapter.call(Executors.java:577)
	at java.base/java.util.concurrent.FutureTask.run(FutureTask.java:317)
	at java.base/java.util.concurrent.ThreadPoolExecutor.runWorker(ThreadPoolExecutor.java:1144)
	at java.base/java.util.concurrent.ThreadPoolExecutor$Worker.run(ThreadPoolExecutor.java:642)
	at java.base/java.lang.Thread.run(Thread.java:1589)

12:12:38.239 [JavaFX Application Thread] DEBUG LoopRunner           - Stopping loop
12:12:38.240 [JavaFX Application Thread] FATAL FXGLApplication      - Uncaught Exception:
java.lang.RuntimeException: Initialization failed
	at com.almasb.fxgl.all@17.1/com.almasb.fxgl.app.FXGLApplication$InitAppTask.failed(FXGLApplication.kt:343)
	at javafx.graphics@19-ea/javafx.concurrent.Task.setState(Task.java:710)
	at javafx.graphics@19-ea/javafx.concurrent.Task$TaskCallable.lambda$call$2(Task.java:1456)
	at javafx.graphics@19-ea/com.sun.javafx.application.PlatformImpl.lambda$runLater$10(PlatformImpl.java:457)
	at java.base/java.security.AccessController.doPrivileged(AccessController.java:399)
	at javafx.graphics@19-ea/com.sun.javafx.application.PlatformImpl.lambda$runLater$11(PlatformImpl.java:456)
	at javafx.graphics@19-ea/com.sun.glass.ui.InvokeLaterDispatcher$Future.run(InvokeLaterDispatcher.java:96)
	at javafx.graphics@19-ea/com.sun.glass.ui.win.WinApplication._runLoop(Native Method)
	at javafx.graphics@19-ea/com.sun.glass.ui.win.WinApplication.lambda$runLoop$3(WinApplication.java:184)
	at java.base/java.lang.Thread.run(Thread.java:1589)
Caused by: com.almasb.fxgl.entity.level.LevelLoadingException: Key muur has no associated value!
	at com.almasb.fxgl.entity@17.1/com.almasb.fxgl.entity.level.tiled.TMXLevelLoader.load(TMXLevelLoader.kt:78)
	at com.almasb.fxgl.all@17.1/com.almasb.fxgl.app.services.FXGLAssetLoaderService.loadLevel(FXGLAssetLoaderService.kt:446)
	at com.almasb.fxgl.all@17.1/com.almasb.fxgl.dsl.FXGL$Companion.setLevelFromMap(FXGL.kt:634)
	at com.almasb.fxgl.all@17.1/com.almasb.fxgl.dsl.FXGL.setLevelFromMap(FXGL.kt)
	at mario.main/com.almasb.fxglgames.platformer.PlatformerApp.setLevel(PlatformerApp.java:259)
	at mario.main/com.almasb.fxglgames.platformer.PlatformerApp.nextLevel(PlatformerApp.java:211)
	at mario.main/com.almasb.fxglgames.platformer.PlatformerApp.initGame(PlatformerApp.java:134)
	at com.almasb.fxgl.all@17.1/com.almasb.fxgl.app.FXGLApplication$InitAppTask.initGame(FXGLApplication.kt:339)
	at com.almasb.fxgl.all@17.1/com.almasb.fxgl.app.FXGLApplication$InitAppTask.call(FXGLApplication.kt:319)
	at com.almasb.fxgl.all@17.1/com.almasb.fxgl.app.FXGLApplication$InitAppTask.call(FXGLApplication.kt:311)
	at javafx.graphics@19-ea/javafx.concurrent.Task$TaskCallable.call(Task.java:1426)
	at java.base/java.util.concurrent.FutureTask.run(FutureTask.java:317)
	at java.base/java.util.concurrent.Executors$RunnableAdapter.call(Executors.java:577)
	at java.base/java.util.concurrent.FutureTask.run(FutureTask.java:317)
	at java.base/java.util.concurrent.ThreadPoolExecutor.runWorker(ThreadPoolExecutor.java:1144)
	at java.base/java.util.concurrent.ThreadPoolExecutor$Worker.run(ThreadPoolExecutor.java:642)
	... 1 more
Caused by: java.lang.IllegalArgumentException: Key muur has no associated value!
	at com.almasb.fxgl.entity@17.1/com.almasb.fxgl.entity.SpawnData.get(SpawnData.kt:35)
	at mario.main/com.almasb.fxglgames.platformer.PlatformerFactory.newMuur(PlatformerFactory.java:51)
	at java.base/jdk.internal.reflect.DirectMethodHandleAccessor.invoke(DirectMethodHandleAccessor.java:104)
	at java.base/java.lang.reflect.Method.invoke(Method.java:578)
	at com.almasb.fxgl.core@17.1/com.almasb.fxgl.core.reflect.ReflectionUtils.call(ReflectionUtils.java:104)
	at com.almasb.fxgl.core@17.1/com.almasb.fxgl.core.reflect.ReflectionUtils.lambda$mapToFunction$3(ReflectionUtils.java:111)
	at com.almasb.fxgl.entity@17.1/com.almasb.fxgl.entity.GameWorld$create$2.invoke(GameWorld.kt:430)
	at com.almasb.fxgl.entity@17.1/com.almasb.fxgl.entity.GameWorld$create$2.invoke(GameWorld.kt:430)
	at com.almasb.fxgl.core@17.1/com.almasb.fxgl.core.util.DSLKt.tryCatchRoot(DSL.kt:34)
	at com.almasb.fxgl.entity@17.1/com.almasb.fxgl.entity.GameWorld.create(GameWorld.kt:430)
	at com.almasb.fxgl.entity@17.1/com.almasb.fxgl.entity.level.tiled.TMXLevelLoader.createObjectLayerEntities(TMXLevelLoader.kt:154)
	at com.almasb.fxgl.entity@17.1/com.almasb.fxgl.entity.level.tiled.TMXLevelLoader.load(TMXLevelLoader.kt:60)
	... 16 more

12:12:38.240 [JavaFX Application Thread] FATAL FXGLApplication      - Application will now exit
12:12:38.252 [JavaFX Application Thread] DEBUG PrimaryStageWindow   - Push state: ErrorSubScene
12:12:38.252 [JavaFX Application Thread] DEBUG Input                - Clearing active input actions
12:12:38.253 [JavaFX Application Thread] DEBUG GameApplicationServi - Removing overlay from MainLoadingScene and adding to ErrorSubScene
12:12:38.254 [JavaFX Application Thread] DEBUG PrimaryStageWindow   - MainLoadingScene -> ErrorSubScene
12:12:39.101 [FXGL Background Thread 3 ] DEBUG Engine               - Logging environment variables
12:12:39.101 [FXGL Background Thread 3 ] DEBUG Engine               - achievements: []
12:12:39.102 [FXGL Background Thread 3 ] DEBUG Engine               - actualHeight: 720.0
12:12:39.102 [FXGL Background Thread 3 ] DEBUG Engine               - actualHeightProperty: ReadOnlyDoubleProperty [value: 720.0]
12:12:39.102 [FXGL Background Thread 3 ] DEBUG Engine               - actualWidth: 1400.0
12:12:39.102 [FXGL Background Thread 3 ] DEBUG Engine               - actualWidthProperty: ReadOnlyDoubleProperty [value: 1400.0]
12:12:39.102 [FXGL Background Thread 3 ] DEBUG Engine               - appIcon: fxgl_icon.png
12:12:39.102 [FXGL Background Thread 3 ] DEBUG Engine               - applicationMode: DEVELOPER
12:12:39.102 [FXGL Background Thread 3 ] DEBUG Engine               - cSSList: [fxgl_dark.css]
12:12:39.102 [FXGL Background Thread 3 ] DEBUG Engine               - collisionDetectionStrategy: BRUTE_FORCE
12:12:39.102 [FXGL Background Thread 3 ] DEBUG Engine               - configClass: Optional.empty
12:12:39.102 [FXGL Background Thread 3 ] DEBUG Engine               - credits: []
12:12:39.102 [FXGL Background Thread 3 ] DEBUG Engine               - defaultCursor: CursorInfo(imageName=fxgl_default_cursor.png, hotspotX=7.0, hotspotY=6.0)
12:12:39.102 [FXGL Background Thread 3 ] DEBUG Engine               - devBBoxColorProperty: ObjectProperty [value: 0xff0000ff]
12:12:39.102 [FXGL Background Thread 3 ] DEBUG Engine               - devEnableDebugCameraProperty: BooleanProperty [value: false]
12:12:39.103 [FXGL Background Thread 3 ] DEBUG Engine               - devSensorColorProperty: ObjectProperty [value: 0xffff00ff]
12:12:39.103 [FXGL Background Thread 3 ] DEBUG Engine               - devShowBBoxProperty: BooleanProperty [value: false]
12:12:39.103 [FXGL Background Thread 3 ] DEBUG Engine               - devShowPositionProperty: BooleanProperty [value: false]
12:12:39.103 [FXGL Background Thread 3 ] DEBUG Engine               - enabledMenuItems: []
12:12:39.103 [FXGL Background Thread 3 ] DEBUG Engine               - engineServices: [class com.almasb.fxgl.app.services.FXGLAssetLoaderService, class com.almasb.fxgl.app.FXGLApplication$GameApplicationService, class com.almasb.fxgl.app.services.FXGLDialogService, class com.almasb.fxgl.app.services.IOTaskExecutorService, class com.almasb.fxgl.io.FileSystemService, class com.almasb.fxgl.localization.LocalizationService, class com.almasb.fxgl.app.services.SystemBundleService, class com.almasb.fxgl.profile.SaveLoadService, class com.almasb.fxgl.ui.FXGLUIFactoryServiceProvider, class com.almasb.fxgl.ui.FXGLDialogFactoryServiceProvider, class com.almasb.fxgl.audio.AudioPlayer, class com.almasb.fxgl.notification.impl.NotificationServiceProvider, class com.almasb.fxgl.achievement.AchievementService, class com.almasb.fxgl.cutscene.CutsceneService, class com.almasb.fxgl.minigames.MiniGameService, class com.almasb.fxgl.net.NetService, class com.almasb.fxgl.app.services.UpdaterService, class com.almasb.fxgl.dev.DevService]
12:12:39.103 [FXGL Background Thread 3 ] DEBUG Engine               - fontGame: Abel-Regular.ttf
12:12:39.103 [FXGL Background Thread 3 ] DEBUG Engine               - fontMono: TerminalLandMono-Regular.otf
12:12:39.103 [FXGL Background Thread 3 ] DEBUG Engine               - fontText: Courier-Prime.ttf
12:12:39.103 [FXGL Background Thread 3 ] DEBUG Engine               - fontUI: VarelaRound-Regular.ttf
12:12:39.103 [FXGL Background Thread 3 ] DEBUG Engine               - fullScreen: BooleanProperty [value: false]
12:12:39.103 [FXGL Background Thread 3 ] DEBUG Engine               - gameDifficulty: MEDIUM
12:12:39.103 [FXGL Background Thread 3 ] DEBUG Engine               - gameDifficultyProperty: ObjectProperty [value: MEDIUM]
12:12:39.103 [FXGL Background Thread 3 ] DEBUG Engine               - globalMusicVolume: 0.5
12:12:39.103 [FXGL Background Thread 3 ] DEBUG Engine               - globalMusicVolumeProperty: DoubleProperty [value: 0.25]
12:12:39.103 [FXGL Background Thread 3 ] DEBUG Engine               - globalSoundVolume: 0.5
12:12:39.103 [FXGL Background Thread 3 ] DEBUG Engine               - globalSoundVolumeProperty: DoubleProperty [value: 0.5]
12:12:39.103 [FXGL Background Thread 3 ] DEBUG Engine               - height: 720
12:12:39.103 [FXGL Background Thread 3 ] DEBUG Engine               - is3D: false
12:12:39.103 [FXGL Background Thread 3 ] DEBUG Engine               - isAndroid: false
12:12:39.103 [FXGL Background Thread 3 ] DEBUG Engine               - isBrowser: false
12:12:39.103 [FXGL Background Thread 3 ] DEBUG Engine               - isClickFeedbackEnabled: false
12:12:39.103 [FXGL Background Thread 3 ] DEBUG Engine               - isCloseConfirmation: false
12:12:39.103 [FXGL Background Thread 3 ] DEBUG Engine               - isDesktop: true
12:12:39.104 [FXGL Background Thread 3 ] DEBUG Engine               - isDeveloperMenuEnabled: false
12:12:39.104 [FXGL Background Thread 3 ] DEBUG Engine               - isEmbedded: false
12:12:39.104 [FXGL Background Thread 3 ] DEBUG Engine               - isEntityPreloadEnabled: true
12:12:39.104 [FXGL Background Thread 3 ] DEBUG Engine               - isExperimentalTiledLargeMap: false
12:12:39.104 [FXGL Background Thread 3 ] DEBUG Engine               - isFileSystemWriteAllowed: true
12:12:39.104 [FXGL Background Thread 3 ] DEBUG Engine               - isFullScreenAllowed: false
12:12:39.104 [FXGL Background Thread 3 ] DEBUG Engine               - isFullScreenFromStart: false
12:12:39.104 [FXGL Background Thread 3 ] DEBUG Engine               - isGameMenuEnabled: true
12:12:39.104 [FXGL Background Thread 3 ] DEBUG Engine               - isIOS: false
12:12:39.104 [FXGL Background Thread 3 ] DEBUG Engine               - isIntroEnabled: false
12:12:39.104 [FXGL Background Thread 3 ] DEBUG Engine               - isLinux: false
12:12:39.104 [FXGL Background Thread 3 ] DEBUG Engine               - isMac: false
12:12:39.104 [FXGL Background Thread 3 ] DEBUG Engine               - isMainMenuEnabled: true
12:12:39.104 [FXGL Background Thread 3 ] DEBUG Engine               - isManualResizeEnabled: false
12:12:39.104 [FXGL Background Thread 3 ] DEBUG Engine               - isMobile: false
12:12:39.104 [FXGL Background Thread 3 ] DEBUG Engine               - isNative: false
12:12:39.104 [FXGL Background Thread 3 ] DEBUG Engine               - isPauseMusicWhenMinimized: true
12:12:39.104 [FXGL Background Thread 3 ] DEBUG Engine               - isPreserveResizeRatio: false
12:12:39.104 [FXGL Background Thread 3 ] DEBUG Engine               - isProfilingEnabled: false
12:12:39.104 [FXGL Background Thread 3 ] DEBUG Engine               - isScaleAffectedOnResize: true
12:12:39.104 [FXGL Background Thread 3 ] DEBUG Engine               - isSingleStep: false
12:12:39.104 [FXGL Background Thread 3 ] DEBUG Engine               - isUserProfileEnabled: false
12:12:39.104 [FXGL Background Thread 3 ] DEBUG Engine               - isWindows: true
12:12:39.104 [FXGL Background Thread 3 ] DEBUG Engine               - language: ObjectProperty [value: ENGLISH]
12:12:39.104 [FXGL Background Thread 3 ] DEBUG Engine               - menuKey: ESCAPE
12:12:39.104 [FXGL Background Thread 3 ] DEBUG Engine               - mouseSensitivity: 0.2
12:12:39.104 [FXGL Background Thread 3 ] DEBUG Engine               - notificationViewClass: class com.almasb.fxgl.notification.view.XboxNotificationView
12:12:39.104 [FXGL Background Thread 3 ] DEBUG Engine               - pixelsPerMeter: 50.0
12:12:39.104 [FXGL Background Thread 3 ] DEBUG Engine               - platform: WINDOWS
12:12:39.104 [FXGL Background Thread 3 ] DEBUG Engine               - prefHeightProperty: ReadOnlyDoubleProperty [value: 720.0]
12:12:39.104 [FXGL Background Thread 3 ] DEBUG Engine               - prefWidthProperty: ReadOnlyDoubleProperty [value: 1400.0]
12:12:39.104 [FXGL Background Thread 3 ] DEBUG Engine               - profileDir: profiles/
12:12:39.104 [FXGL Background Thread 3 ] DEBUG Engine               - profileName: StringProperty [value: DEFAULT]
12:12:39.105 [FXGL Background Thread 3 ] DEBUG Engine               - randomSeed: -1
12:12:39.105 [FXGL Background Thread 3 ] DEBUG Engine               - runtimeInfo: RuntimeInfo(platform=WINDOWS, version=17.1, build=24.03.2022 17.34)
12:12:39.105 [FXGL Background Thread 3 ] DEBUG Engine               - saveFileExt: sav
12:12:39.105 [FXGL Background Thread 3 ] DEBUG Engine               - scaledHeightProp$fxgl: DoubleProperty [bound, value: 720.0]
12:12:39.105 [FXGL Background Thread 3 ] DEBUG Engine               - scaledWidthProp$fxgl: DoubleProperty [bound, value: 1400.0]
12:12:39.105 [FXGL Background Thread 3 ] DEBUG Engine               - sceneFactory: com.almasb.fxglgames.platformer.PlatformerApp$1@86413c9
12:12:39.105 [FXGL Background Thread 3 ] DEBUG Engine               - secondsIn24h: 60
12:12:39.105 [FXGL Background Thread 3 ] DEBUG Engine               - soundMenuBack: menu/back.wav
12:12:39.105 [FXGL Background Thread 3 ] DEBUG Engine               - soundMenuPress: menu/press.wav
12:12:39.105 [FXGL Background Thread 3 ] DEBUG Engine               - soundMenuSelect: menu/select.wav
12:12:39.105 [FXGL Background Thread 3 ] DEBUG Engine               - soundNotification: core/notification.wav
12:12:39.105 [FXGL Background Thread 3 ] DEBUG Engine               - stageStyle: DECORATED
12:12:39.105 [FXGL Background Thread 3 ] DEBUG Engine               - supportedLanguages: [ENGLISH, FRENCH, GERMAN, HUNGARIAN, RUSSIAN]
12:12:39.105 [FXGL Background Thread 3 ] DEBUG Engine               - ticksPerSecond: -1
12:12:39.105 [FXGL Background Thread 3 ] DEBUG Engine               - title: Miguel
12:12:39.105 [FXGL Background Thread 3 ] DEBUG Engine               - urlGithub: https://github.com/AlmasB/FXGL
12:12:39.105 [FXGL Background Thread 3 ] DEBUG Engine               - urlLeaderboard: http://fxgl-top.herokuapp.com/
12:12:39.105 [FXGL Background Thread 3 ] DEBUG Engine               - urlPOM: https://raw.githubusercontent.com/AlmasB/FXGL/release/README.md
12:12:39.105 [FXGL Background Thread 3 ] DEBUG Engine               - userAppClass: class com.almasb.fxglgames.platformer.PlatformerApp
12:12:39.105 [FXGL Background Thread 3 ] DEBUG Engine               - version: 1.0
12:12:39.105 [FXGL Background Thread 3 ] DEBUG Engine               - versionCheckDays: 7
12:12:39.105 [FXGL Background Thread 3 ] DEBUG Engine               - width: 1400
12:12:39.105 [FXGL Background Thread 3 ] DEBUG Engine               - Logging services
12:12:39.105 [FXGL Background Thread 3 ] DEBUG Engine               - class com.almasb.fxgl.app.services.FXGLAssetLoaderService
12:12:39.105 [FXGL Background Thread 3 ] DEBUG Engine               - class com.almasb.fxgl.app.FXGLApplication$GameApplicationService
12:12:39.106 [FXGL Background Thread 3 ] DEBUG Engine               - class com.almasb.fxgl.app.services.FXGLDialogService
12:12:39.106 [FXGL Background Thread 3 ] DEBUG Engine               - class com.almasb.fxgl.app.services.IOTaskExecutorService
12:12:39.106 [FXGL Background Thread 3 ] DEBUG Engine               - class com.almasb.fxgl.io.FileSystemService
12:12:39.106 [FXGL Background Thread 3 ] DEBUG Engine               - class com.almasb.fxgl.localization.LocalizationService
12:12:39.106 [FXGL Background Thread 3 ] DEBUG Engine               - class com.almasb.fxgl.app.services.SystemBundleService
12:12:39.106 [FXGL Background Thread 3 ] DEBUG Engine               - class com.almasb.fxgl.profile.SaveLoadService
12:12:39.106 [FXGL Background Thread 3 ] DEBUG Engine               - class com.almasb.fxgl.ui.FXGLUIFactoryServiceProvider
12:12:39.106 [FXGL Background Thread 3 ] DEBUG Engine               - class com.almasb.fxgl.ui.FXGLDialogFactoryServiceProvider
12:12:39.106 [FXGL Background Thread 3 ] DEBUG Engine               - class com.almasb.fxgl.audio.AudioPlayer
12:12:39.106 [FXGL Background Thread 3 ] DEBUG Engine               - class com.almasb.fxgl.notification.impl.NotificationServiceProvider
12:12:39.106 [FXGL Background Thread 3 ] DEBUG Engine               - class com.almasb.fxgl.achievement.AchievementService
12:12:39.106 [FXGL Background Thread 3 ] DEBUG Engine               - class com.almasb.fxgl.cutscene.CutsceneService
12:12:39.106 [FXGL Background Thread 3 ] DEBUG Engine               - class com.almasb.fxgl.minigames.MiniGameService
12:12:39.106 [FXGL Background Thread 3 ] DEBUG Engine               - class com.almasb.fxgl.net.NetService
12:12:39.106 [FXGL Background Thread 3 ] DEBUG Engine               - class com.almasb.fxgl.app.services.UpdaterService
12:12:39.106 [FXGL Background Thread 3 ] DEBUG Engine               - class com.almasb.fxgl.dev.DevService
12:12:47.046 [JavaFX Application Thread] DEBUG FXGLApplication      - Exiting FXGL
12:12:47.046 [JavaFX Application Thread] DEBUG Async                - Shutting down background threads
12:12:47.046 [JavaFX Application Thread] DEBUG PrimaryStageWindow   - Closing main window
12:12:47.058 [JavaFX Application Thread] DEBUG Logger               - Closing Logger
