10:02:02.512 [main                     ] DEBUG Logger               - Configured Logger
10:02:02.563 [main                     ] DEBUG GameApplication      - Logging settings
Title: Miguel
Version: 1.0
Width: 1280
Height: 720
Fullscreen: false
Intro: false
Profiling: false
Single step:false
App Mode: DEVELOPER
Menu Key: ESCAPE
Stage Style: DECORATED
Scene Factory: class com.almasb.fxglgames.platformer.PlatformerApp$1

10:02:03.123 [JavaFX Application Thread] DEBUG FXGLApplication      - Initializing FXGL
10:02:03.132 [JavaFX Application Thread] INFO  Engine               - FXGL-17.1 (24.03.2022 17.34) on WINDOWS (J:19.0.1 FX:19-ea)
10:02:03.133 [JavaFX Application Thread] DEBUG Engine               - JRE Vendor Name: Oracle Corporation
10:02:03.133 [JavaFX Application Thread] DEBUG Engine               - Running on OS: Windows 10 version 10.0
10:02:03.133 [JavaFX Application Thread] DEBUG Engine               - Architecture: amd64
10:02:03.134 [JavaFX Application Thread] INFO  Engine               - Source code and latest versions at: https://github.com/AlmasB/FXGL
10:02:03.134 [JavaFX Application Thread] INFO  Engine               -       Ask questions and discuss at: https://github.com/AlmasB/FXGL/discussions
10:02:03.134 [JavaFX Application Thread] INFO  Engine               -              Join the FXGL chat at: https://gitter.im/AlmasB/FXGL
10:02:03.274 [JavaFX Application Thread] DEBUG PrimaryStageWindow   - Creating a JavaFX scene
10:02:03.350 [JavaFX Application Thread] DEBUG PrimaryStageWindow   - Target settings size: 1280.0 x 720.0
10:02:03.351 [JavaFX Application Thread] DEBUG PrimaryStageWindow   - Scaled scene size:    1280.0 x 720.0
10:02:03.351 [JavaFX Application Thread] DEBUG PrimaryStageWindow   - Scaled ratio: (1.0, 1.0)
10:02:03.353 [JavaFX Application Thread] DEBUG PrimaryStageWindow   - Set initial scene to FXGLStartupScene
10:02:03.365 [JavaFX Application Thread] DEBUG PrimaryStageWindow   - Opening main window
10:02:03.489 [JavaFX Application Thread] DEBUG PrimaryStageWindow   - Window border size: (14.4000244140625, 37.5999755859375)
10:02:03.489 [JavaFX Application Thread] DEBUG PrimaryStageWindow   - Scaled size: 1280.0 x 720.0
10:02:03.490 [JavaFX Application Thread] DEBUG PrimaryStageWindow   - Scaled ratio: (1.0, 1.0)
10:02:03.491 [JavaFX Application Thread] DEBUG PrimaryStageWindow   - Scene size: 1280.0 x 720.0
10:02:03.492 [JavaFX Application Thread] DEBUG PrimaryStageWindow   - Stage size: 1294.4000244140625 x 757.5999755859375
10:02:03.506 [FXGL Background Thread 1 ] DEBUG Engine               - Initializing environment variables
10:02:03.589 [FXGL Background Thread 1 ] DEBUG FXGLAssetLoaderServi - User app class for loading assets: class com.almasb.fxglgames.platformer.PlatformerApp
10:02:03.589 [FXGL Background Thread 1 ] DEBUG GameApplicationServi - Applying CSS: fxgl_dark.css
10:02:03.591 [FXGL Background Thread 1 ] DEBUG FXGLAssetLoaderServi - Loading from file system: jar:file:///C:/Users/jardk/.m2/repository/com/github/almasb/fxgl/17.1/fxgl-17.1.jar!/fxglassets/ui/css/fxgl_dark.css
10:02:03.676 [FXGL Background Thread 1 ] DEBUG GameApplicationServi - Initializing application scenes
10:02:03.754 [FXGL Background Thread 1 ] DEBUG FXGLAssetLoaderServi - Loading from file system: file:/C:/ipose-groep-4/target/classes/assets/textures/player.png
10:02:03.798 [FXGL Background Thread 1 ] DEBUG GameWorld            - Game world initialized
10:02:03.904 [FXGL Background Thread 1 ] DEBUG PhysicsWorld         - Physics world initialized: appHeight=720, physics.ppm=50,0
10:02:03.904 [FXGL Background Thread 1 ] DEBUG PhysicsWorld         - Using strategy: BRUTE_FORCE
10:02:03.912 [FXGL Background Thread 1 ] DEBUG GameScene            - Game scene initialized: 1280x720
10:02:03.926 [FXGL Background Thread 1 ] DEBUG FXGL.DefaultMenu     - createMenuBodyGameMenu()
10:02:03.954 [FXGL Background Thread 1 ] DEBUG FXGL.DefaultMenu     - createOptionsMenu()
10:02:03.977 [FXGL Background Thread 1 ] DEBUG FXGLAssetLoaderServi - Loading from file system: jar:file:///C:/Users/jardk/.m2/repository/com/github/almasb/fxgl/17.1/fxgl-17.1.jar!/fxglassets/textures/particles/smoke.png
10:02:04.108 [FXGL Background Thread 1 ] DEBUG FXGLAssetLoaderServi - Loading from file system: jar:file:///C:/Users/jardk/.m2/repository/com/github/almasb/fxgl/17.1/fxgl-17.1.jar!/fxglassets/textures/particles/trace_horizontal.png
10:02:04.162 [FXGL Background Thread 1 ] DEBUG GameApplicationServi - Application scenes initialized
10:02:04.183 [FXGL Background Thread 1 ] DEBUG SystemBundleService  - Loading FXGL system data
10:02:04.189 [FXGL Background Thread 1 ] DEBUG FileSystemAccess     - Reading from: C:\ipose-groep-4\system\fxgl.bundle
10:02:04.206 [FXGL Background Thread 1 ] DEBUG SystemBundleService  - Bundle FXGL: {}
10:02:04.206 [FXGL Background Thread 1 ] DEBUG UpdaterService       - Checking for updates
10:02:04.213 [FXGL Background Thread 4 ] DEBUG FXGLApplication      - Loading fonts
10:02:04.214 [FXGL Background Thread 1 ] DEBUG FXGLApplication      - Loading default localization
10:02:04.214 [FXGL Background Thread 4 ] DEBUG FXGLAssetLoaderServi - Loading from file system: jar:file:///C:/Users/jardk/.m2/repository/com/github/almasb/fxgl/17.1/fxgl-17.1.jar!/fxglassets/ui/fonts/VarelaRound-Regular.ttf
10:02:04.215 [FXGL Background Thread 1 ] DEBUG FXGLAssetLoaderServi - Loading from file system: jar:file:///C:/Users/jardk/.m2/repository/com/github/almasb/fxgl/17.1/fxgl-17.1.jar!/fxglassets/languages/english.lang
10:02:04.255 [FXGL Background Thread 1 ] INFO  FXGLApplication      - FXGL initialization took: 0,748 sec
10:02:04.271 [JavaFX Application Thread] DEBUG Input                - Registered new binding: Left - A
10:02:04.272 [JavaFX Application Thread] DEBUG Input                - Registered new binding: Right - D
10:02:04.272 [JavaFX Application Thread] DEBUG Input                - Registered new binding: Jump - W
10:02:04.273 [JavaFX Application Thread] DEBUG Input                - Registered new binding: Use - E
10:02:04.273 [JavaFX Application Thread] DEBUG FXGLAssetLoaderServi - Loading from file system: file:/C:/ipose-groep-4/target/classes/assets/music/BGM_dash_runner.wav
10:02:04.298 [FXGL Background Thread 4 ] DEBUG FXGLAssetLoaderServi - Loading from file system: jar:file:///C:/Users/jardk/.m2/repository/com/github/almasb/fxgl/17.1/fxgl-17.1.jar!/fxglassets/ui/fonts/Abel-Regular.ttf
10:02:04.304 [FXGL Background Thread 4 ] DEBUG FXGLAssetLoaderServi - Loading from file system: jar:file:///C:/Users/jardk/.m2/repository/com/github/almasb/fxgl/17.1/fxgl-17.1.jar!/fxglassets/ui/fonts/TerminalLandMono-Regular.otf
10:02:04.311 [FXGL Background Thread 4 ] DEBUG FXGLAssetLoaderServi - Loading from file system: jar:file:///C:/Users/jardk/.m2/repository/com/github/almasb/fxgl/17.1/fxgl-17.1.jar!/fxglassets/ui/fonts/Courier-Prime.ttf
10:02:04.479 [JavaFX Application Thread] DEBUG AudioPlayer          - Playing music com.almasb.fxgl.audio.Music@25092581
10:02:04.480 [JavaFX Application Thread] DEBUG FXGLAssetLoaderServi - Loading from file system: jar:file:///C:/Users/jardk/.m2/repository/com/github/almasb/fxgl/17.1/fxgl-17.1.jar!/fxglassets/textures/fxgl_icon.png
10:02:04.512 [JavaFX Application Thread] DEBUG FXGLAssetLoaderServi - Loading from file system: jar:file:///C:/Users/jardk/.m2/repository/com/github/almasb/fxgl/17.1/fxgl-17.1.jar!/fxglassets/textures/fxgl_default_cursor.png
10:02:04.516 [JavaFX Application Thread] DEBUG Input                - Registered new binding: Screenshot - CTRL+8
10:02:04.516 [JavaFX Application Thread] DEBUG Input                - Registered new binding: System info dump - CTRL+9
10:02:04.517 [JavaFX Application Thread] DEBUG Input                - Registered new binding: Restart - CTRL+R
10:02:04.518 [JavaFX Application Thread] DEBUG Input                - Registered new binding: Toggle Debug Camera - CTRL+7
10:02:04.521 [JavaFX Application Thread] DEBUG LoopRunner           - Starting loop
10:02:04.521 [JavaFX Application Thread] DEBUG LoopRunner           - Initializing JavaFX AnimationTimerLoop
10:02:04.524 [JavaFX Application Thread] DEBUG GameApplicationServi - Starting new game
10:02:04.525 [JavaFX Application Thread] DEBUG Input                - Clearing active input actions
10:02:04.562 [JavaFX Application Thread] DEBUG GameApplicationServi - Removing overlay from FXGLStartupScene and adding to MainLoadingScene
10:02:04.562 [JavaFX Application Thread] DEBUG PrimaryStageWindow   - FXGLStartupScene -> MainLoadingScene
10:02:04.563 [JavaFX Application Thread] DEBUG GameApplicationServi - Clearing previous game
10:02:04.563 [JavaFX Application Thread] DEBUG GameScene            - Clearing game scene
10:02:04.563 [JavaFX Application Thread] DEBUG GameWorld            - Clearing game world
10:02:04.563 [JavaFX Application Thread] DEBUG PhysicsWorld         - Clearing physics world
10:02:04.565 [FXGL Background Thread 4 ] DEBUG FXGLApplication      - Initializing game
10:02:04.565 [JavaFX Application Thread] DEBUG FXGLApplication      - Registering font factories with UI factory
10:02:04.635 [FXGL Background Thread 4 ] WARN  TMXLevelLoader       - TiledMap generated from 1.10.0. Supported version: 1.4.2. Some features may not be parsed fully.
10:02:04.652 [FXGL Background Thread 4 ] DEBUG TMXLevelLoader       - Parsed TiledMap: file:/C:/ipose-groep-4/target/classes/assets/levels/tmx/level1.tmx
10:02:04.653 [FXGL Background Thread 4 ] DEBUG TMXLevelLoader       - Creating tile layer entities
10:02:04.656 [FXGL Background Thread 4 ] DEBUG TilesetLoader        - Loading view for layer Tile Layer 1
10:02:04.663 [FXGL Background Thread 4 ] DEBUG TilesetLoader        - Created buffer with size 4900.0x700.0
10:02:04.700 [FXGL Background Thread 4 ] DEBUG TMXLevelLoader       - Creating object layer entities
10:02:04.774 [FXGL Background Thread 4 ] DEBUG GameWorld            - Clearing removable entities
10:02:04.776 [FXGL Background Thread 4 ] DEBUG GameWorld            - Setting level: com.almasb.fxgl.entity.level.Level@a1f5e06
10:02:04.820 [FXGL Background Thread 4 ] DEBUG FXGLAssetLoaderServi - Loading from file system: file:/C:/ipose-groep-4/target/classes/assets/textures/trump.png
10:02:04.828 [FXGL Background Thread 4 ] DEBUG FXGLAssetLoaderServi - Loading from file system: file:/C:/ipose-groep-4/target/classes/assets/textures/background/forest.png
10:02:04.837 [FXGL Background Thread 2 ] INFO  UpdaterService       - Your current version:  17.1
10:02:04.838 [FXGL Background Thread 2 ] INFO  UpdaterService       - Latest stable version: 17.3
10:02:04.862 [FXGL Background Thread 4 ] INFO  FXGLApplication      - Game initialization took: 0,296 sec
10:02:04.863 [JavaFX Application Thread] DEBUG Input                - Clearing active input actions
10:02:04.874 [JavaFX Application Thread] DEBUG GameApplicationServi - Removing overlay from MainLoadingScene and adding to GameScene
10:02:04.875 [JavaFX Application Thread] DEBUG PrimaryStageWindow   - MainLoadingScene -> GameScene
10:02:07.211 [FXGL Background Thread 3 ] DEBUG Engine               - Logging environment variables
10:02:07.212 [FXGL Background Thread 3 ] DEBUG Engine               - achievements: []
10:02:07.212 [FXGL Background Thread 3 ] DEBUG Engine               - actualHeight: 720.0
10:02:07.212 [FXGL Background Thread 3 ] DEBUG Engine               - actualHeightProperty: ReadOnlyDoubleProperty [value: 720.0]
10:02:07.212 [FXGL Background Thread 3 ] DEBUG Engine               - actualWidth: 1280.0
10:02:07.212 [FXGL Background Thread 3 ] DEBUG Engine               - actualWidthProperty: ReadOnlyDoubleProperty [value: 1280.0]
10:02:07.212 [FXGL Background Thread 3 ] DEBUG Engine               - appIcon: fxgl_icon.png
10:02:07.212 [FXGL Background Thread 3 ] DEBUG Engine               - applicationMode: DEVELOPER
10:02:07.213 [FXGL Background Thread 3 ] DEBUG Engine               - cSSList: [fxgl_dark.css]
10:02:07.213 [FXGL Background Thread 3 ] DEBUG Engine               - collisionDetectionStrategy: BRUTE_FORCE
10:02:07.213 [FXGL Background Thread 3 ] DEBUG Engine               - configClass: Optional.empty
10:02:07.213 [FXGL Background Thread 3 ] DEBUG Engine               - credits: []
10:02:07.213 [FXGL Background Thread 3 ] DEBUG Engine               - defaultCursor: CursorInfo(imageName=fxgl_default_cursor.png, hotspotX=7.0, hotspotY=6.0)
10:02:07.214 [FXGL Background Thread 3 ] DEBUG Engine               - devBBoxColorProperty: ObjectProperty [value: 0xff0000ff]
10:02:07.214 [FXGL Background Thread 3 ] DEBUG Engine               - devEnableDebugCameraProperty: BooleanProperty [value: false]
10:02:07.214 [FXGL Background Thread 3 ] DEBUG Engine               - devSensorColorProperty: ObjectProperty [value: 0xffff00ff]
10:02:07.214 [FXGL Background Thread 3 ] DEBUG Engine               - devShowBBoxProperty: BooleanProperty [value: false]
10:02:07.214 [FXGL Background Thread 3 ] DEBUG Engine               - devShowPositionProperty: BooleanProperty [value: false]
10:02:07.214 [FXGL Background Thread 3 ] DEBUG Engine               - enabledMenuItems: []
10:02:07.214 [FXGL Background Thread 3 ] DEBUG Engine               - engineServices: [class com.almasb.fxgl.app.services.FXGLAssetLoaderService, class com.almasb.fxgl.app.FXGLApplication$GameApplicationService, class com.almasb.fxgl.app.services.FXGLDialogService, class com.almasb.fxgl.app.services.IOTaskExecutorService, class com.almasb.fxgl.io.FileSystemService, class com.almasb.fxgl.localization.LocalizationService, class com.almasb.fxgl.app.services.SystemBundleService, class com.almasb.fxgl.profile.SaveLoadService, class com.almasb.fxgl.ui.FXGLUIFactoryServiceProvider, class com.almasb.fxgl.ui.FXGLDialogFactoryServiceProvider, class com.almasb.fxgl.audio.AudioPlayer, class com.almasb.fxgl.notification.impl.NotificationServiceProvider, class com.almasb.fxgl.achievement.AchievementService, class com.almasb.fxgl.cutscene.CutsceneService, class com.almasb.fxgl.minigames.MiniGameService, class com.almasb.fxgl.net.NetService, class com.almasb.fxgl.app.services.UpdaterService, class com.almasb.fxgl.dev.DevService]
10:02:07.214 [FXGL Background Thread 3 ] DEBUG Engine               - fontGame: Abel-Regular.ttf
10:02:07.214 [FXGL Background Thread 3 ] DEBUG Engine               - fontMono: TerminalLandMono-Regular.otf
10:02:07.214 [FXGL Background Thread 3 ] DEBUG Engine               - fontText: Courier-Prime.ttf
10:02:07.214 [FXGL Background Thread 3 ] DEBUG Engine               - fontUI: VarelaRound-Regular.ttf
10:02:07.214 [FXGL Background Thread 3 ] DEBUG Engine               - fullScreen: BooleanProperty [value: false]
10:02:07.215 [FXGL Background Thread 3 ] DEBUG Engine               - gameDifficulty: MEDIUM
10:02:07.215 [FXGL Background Thread 3 ] DEBUG Engine               - gameDifficultyProperty: ObjectProperty [value: MEDIUM]
10:02:07.215 [FXGL Background Thread 3 ] DEBUG Engine               - globalMusicVolume: 0.5
10:02:07.215 [FXGL Background Thread 3 ] DEBUG Engine               - globalMusicVolumeProperty: DoubleProperty [value: 0.25]
10:02:07.215 [FXGL Background Thread 3 ] DEBUG Engine               - globalSoundVolume: 0.5
10:02:07.215 [FXGL Background Thread 3 ] DEBUG Engine               - globalSoundVolumeProperty: DoubleProperty [value: 0.5]
10:02:07.215 [FXGL Background Thread 3 ] DEBUG Engine               - height: 720
10:02:07.215 [FXGL Background Thread 3 ] DEBUG Engine               - is3D: false
10:02:07.216 [FXGL Background Thread 3 ] DEBUG Engine               - isAndroid: false
10:02:07.216 [FXGL Background Thread 3 ] DEBUG Engine               - isBrowser: false
10:02:07.216 [FXGL Background Thread 3 ] DEBUG Engine               - isClickFeedbackEnabled: false
10:02:07.216 [FXGL Background Thread 3 ] DEBUG Engine               - isCloseConfirmation: false
10:02:07.216 [FXGL Background Thread 3 ] DEBUG Engine               - isDesktop: true
10:02:07.216 [FXGL Background Thread 3 ] DEBUG Engine               - isDeveloperMenuEnabled: false
10:02:07.216 [FXGL Background Thread 3 ] DEBUG Engine               - isEmbedded: false
10:02:07.216 [FXGL Background Thread 3 ] DEBUG Engine               - isEntityPreloadEnabled: true
10:02:07.216 [FXGL Background Thread 3 ] DEBUG Engine               - isExperimentalTiledLargeMap: false
10:02:07.216 [FXGL Background Thread 3 ] DEBUG Engine               - isFileSystemWriteAllowed: true
10:02:07.216 [FXGL Background Thread 3 ] DEBUG Engine               - isFullScreenAllowed: false
10:02:07.216 [FXGL Background Thread 3 ] DEBUG Engine               - isFullScreenFromStart: false
10:02:07.217 [FXGL Background Thread 3 ] DEBUG Engine               - isGameMenuEnabled: true
10:02:07.217 [FXGL Background Thread 3 ] DEBUG Engine               - isIOS: false
10:02:07.217 [FXGL Background Thread 3 ] DEBUG Engine               - isIntroEnabled: false
10:02:07.217 [FXGL Background Thread 3 ] DEBUG Engine               - isLinux: false
10:02:07.217 [FXGL Background Thread 3 ] DEBUG Engine               - isMac: false
10:02:07.217 [FXGL Background Thread 3 ] DEBUG Engine               - isMainMenuEnabled: false
10:02:07.217 [FXGL Background Thread 3 ] DEBUG Engine               - isManualResizeEnabled: false
10:02:07.217 [FXGL Background Thread 3 ] DEBUG Engine               - isMobile: false
10:02:07.217 [FXGL Background Thread 3 ] DEBUG Engine               - isNative: false
10:02:07.217 [FXGL Background Thread 3 ] DEBUG Engine               - isPauseMusicWhenMinimized: true
10:02:07.217 [FXGL Background Thread 3 ] DEBUG Engine               - isPreserveResizeRatio: false
10:02:07.217 [FXGL Background Thread 3 ] DEBUG Engine               - isProfilingEnabled: false
10:02:07.217 [FXGL Background Thread 3 ] DEBUG Engine               - isScaleAffectedOnResize: true
10:02:07.217 [FXGL Background Thread 3 ] DEBUG Engine               - isSingleStep: false
10:02:07.218 [FXGL Background Thread 3 ] DEBUG Engine               - isUserProfileEnabled: false
10:02:07.218 [FXGL Background Thread 3 ] DEBUG Engine               - isWindows: true
10:02:07.218 [FXGL Background Thread 3 ] DEBUG Engine               - language: ObjectProperty [value: ENGLISH]
10:02:07.218 [FXGL Background Thread 3 ] DEBUG Engine               - menuKey: ESCAPE
10:02:07.218 [FXGL Background Thread 3 ] DEBUG Engine               - mouseSensitivity: 0.2
10:02:07.218 [FXGL Background Thread 3 ] DEBUG Engine               - notificationViewClass: class com.almasb.fxgl.notification.view.XboxNotificationView
10:02:07.218 [FXGL Background Thread 3 ] DEBUG Engine               - pixelsPerMeter: 50.0
10:02:07.218 [FXGL Background Thread 3 ] DEBUG Engine               - platform: WINDOWS
10:02:07.218 [FXGL Background Thread 3 ] DEBUG Engine               - prefHeightProperty: ReadOnlyDoubleProperty [value: 720.0]
10:02:07.219 [FXGL Background Thread 3 ] DEBUG Engine               - prefWidthProperty: ReadOnlyDoubleProperty [value: 1280.0]
10:02:07.219 [FXGL Background Thread 3 ] DEBUG Engine               - profileDir: profiles/
10:02:07.219 [FXGL Background Thread 3 ] DEBUG Engine               - profileName: StringProperty [value: DEFAULT]
10:02:07.219 [FXGL Background Thread 3 ] DEBUG Engine               - randomSeed: -1
10:02:07.220 [FXGL Background Thread 3 ] DEBUG Engine               - runtimeInfo: RuntimeInfo(platform=WINDOWS, version=17.1, build=24.03.2022 17.34)
10:02:07.220 [FXGL Background Thread 3 ] DEBUG Engine               - saveFileExt: sav
10:02:07.220 [FXGL Background Thread 3 ] DEBUG Engine               - scaledHeightProp$fxgl: DoubleProperty [bound, value: 720.0]
10:02:07.220 [FXGL Background Thread 3 ] DEBUG Engine               - scaledWidthProp$fxgl: DoubleProperty [bound, value: 1280.0]
10:02:07.220 [FXGL Background Thread 3 ] DEBUG Engine               - sceneFactory: com.almasb.fxglgames.platformer.PlatformerApp$1@4e02a66
10:02:07.220 [FXGL Background Thread 3 ] DEBUG Engine               - secondsIn24h: 60
10:02:07.220 [FXGL Background Thread 3 ] DEBUG Engine               - soundMenuBack: menu/back.wav
10:02:07.220 [FXGL Background Thread 3 ] DEBUG Engine               - soundMenuPress: menu/press.wav
10:02:07.220 [FXGL Background Thread 3 ] DEBUG Engine               - soundMenuSelect: menu/select.wav
10:02:07.220 [FXGL Background Thread 3 ] DEBUG Engine               - soundNotification: core/notification.wav
10:02:07.220 [FXGL Background Thread 3 ] DEBUG Engine               - stageStyle: DECORATED
10:02:07.220 [FXGL Background Thread 3 ] DEBUG Engine               - supportedLanguages: [ENGLISH, FRENCH, GERMAN, HUNGARIAN, RUSSIAN]
10:02:07.220 [FXGL Background Thread 3 ] DEBUG Engine               - ticksPerSecond: -1
10:02:07.220 [FXGL Background Thread 3 ] DEBUG Engine               - title: Miguel
10:02:07.220 [FXGL Background Thread 3 ] DEBUG Engine               - urlGithub: https://github.com/AlmasB/FXGL
10:02:07.221 [FXGL Background Thread 3 ] DEBUG Engine               - urlLeaderboard: http://fxgl-top.herokuapp.com/
10:02:07.221 [FXGL Background Thread 3 ] DEBUG Engine               - urlPOM: https://raw.githubusercontent.com/AlmasB/FXGL/release/README.md
10:02:07.221 [FXGL Background Thread 3 ] DEBUG Engine               - userAppClass: class com.almasb.fxglgames.platformer.PlatformerApp
10:02:07.221 [FXGL Background Thread 3 ] DEBUG Engine               - version: 1.0
10:02:07.221 [FXGL Background Thread 3 ] DEBUG Engine               - versionCheckDays: 7
10:02:07.221 [FXGL Background Thread 3 ] DEBUG Engine               - width: 1280
10:02:07.221 [FXGL Background Thread 3 ] DEBUG Engine               - Logging services
10:02:07.221 [FXGL Background Thread 3 ] DEBUG Engine               - class com.almasb.fxgl.app.services.FXGLAssetLoaderService
10:02:07.221 [FXGL Background Thread 3 ] DEBUG Engine               - class com.almasb.fxgl.app.FXGLApplication$GameApplicationService
10:02:07.221 [FXGL Background Thread 3 ] DEBUG Engine               - class com.almasb.fxgl.app.services.FXGLDialogService
10:02:07.221 [FXGL Background Thread 3 ] DEBUG Engine               - class com.almasb.fxgl.app.services.IOTaskExecutorService
10:02:07.221 [FXGL Background Thread 3 ] DEBUG Engine               - class com.almasb.fxgl.io.FileSystemService
10:02:07.221 [FXGL Background Thread 3 ] DEBUG Engine               - class com.almasb.fxgl.localization.LocalizationService
10:02:07.221 [FXGL Background Thread 3 ] DEBUG Engine               - class com.almasb.fxgl.app.services.SystemBundleService
10:02:07.221 [FXGL Background Thread 3 ] DEBUG Engine               - class com.almasb.fxgl.profile.SaveLoadService
10:02:07.221 [FXGL Background Thread 3 ] DEBUG Engine               - class com.almasb.fxgl.ui.FXGLUIFactoryServiceProvider
10:02:07.221 [FXGL Background Thread 3 ] DEBUG Engine               - class com.almasb.fxgl.ui.FXGLDialogFactoryServiceProvider
10:02:07.221 [FXGL Background Thread 3 ] DEBUG Engine               - class com.almasb.fxgl.audio.AudioPlayer
10:02:07.222 [FXGL Background Thread 3 ] DEBUG Engine               - class com.almasb.fxgl.notification.impl.NotificationServiceProvider
10:02:07.222 [FXGL Background Thread 3 ] DEBUG Engine               - class com.almasb.fxgl.achievement.AchievementService
10:02:07.222 [FXGL Background Thread 3 ] DEBUG Engine               - class com.almasb.fxgl.cutscene.CutsceneService
10:02:07.222 [FXGL Background Thread 3 ] DEBUG Engine               - class com.almasb.fxgl.minigames.MiniGameService
10:02:07.222 [FXGL Background Thread 3 ] DEBUG Engine               - class com.almasb.fxgl.net.NetService
10:02:07.222 [FXGL Background Thread 3 ] DEBUG Engine               - class com.almasb.fxgl.app.services.UpdaterService
10:02:07.222 [FXGL Background Thread 3 ] DEBUG Engine               - class com.almasb.fxgl.dev.DevService
10:02:21.582 [JavaFX Application Thread] DEBUG Input                - Registered new binding: Close Level End Screen - LMB
10:02:21.582 [JavaFX Application Thread] DEBUG PrimaryStageWindow   - Push state: LevelEndScene
10:02:21.583 [JavaFX Application Thread] DEBUG Input                - Clearing active input actions
10:02:21.583 [JavaFX Application Thread] DEBUG GameApplicationServi - Removing overlay from GameScene and adding to LevelEndScene
10:02:21.584 [JavaFX Application Thread] DEBUG PrimaryStageWindow   - GameScene -> LevelEndScene
10:02:23.628 [JavaFX Application Thread] DEBUG PrimaryStageWindow   - Pop state: LevelEndScene
10:02:23.629 [JavaFX Application Thread] DEBUG Input                - Clearing active input actions
10:02:23.629 [JavaFX Application Thread] DEBUG GameApplicationServi - Removing overlay from LevelEndScene and adding to GameScene
10:02:23.630 [JavaFX Application Thread] DEBUG PrimaryStageWindow   - GameScene <- LevelEndScene
10:02:24.599 [JavaFX Application Thread] WARN  TMXLevelLoader       - TiledMap generated from 1.10.0. Supported version: 1.4.2. Some features may not be parsed fully.
10:02:24.610 [JavaFX Application Thread] DEBUG TMXLevelLoader       - Parsed TiledMap: file:/C:/ipose-groep-4/target/classes/assets/levels/tmx/level2.tmx
10:02:24.610 [JavaFX Application Thread] DEBUG TMXLevelLoader       - Creating tile layer entities
10:02:24.611 [JavaFX Application Thread] DEBUG TilesetLoader        - Loading view for layer Tile Layer 1
10:02:24.620 [JavaFX Application Thread] DEBUG TilesetLoader        - Created buffer with size 4900.0x700.0
10:02:24.642 [JavaFX Application Thread] DEBUG TMXLevelLoader       - Creating object layer entities
10:02:24.666 [JavaFX Application Thread] DEBUG GameWorld            - Clearing removable entities
10:02:24.669 [JavaFX Application Thread] DEBUG GameWorld            - Setting level: com.almasb.fxgl.entity.level.Level@3da94e47
10:02:47.046 [JavaFX Application Thread] DEBUG PrimaryStageWindow   - Push state: LevelEndScene
10:02:47.046 [JavaFX Application Thread] DEBUG Input                - Clearing active input actions
10:02:47.047 [JavaFX Application Thread] DEBUG GameApplicationServi - Removing overlay from GameScene and adding to LevelEndScene
10:02:47.047 [JavaFX Application Thread] DEBUG PrimaryStageWindow   - GameScene -> LevelEndScene
10:02:48.237 [JavaFX Application Thread] DEBUG PrimaryStageWindow   - Pop state: LevelEndScene
10:02:48.237 [JavaFX Application Thread] DEBUG Input                - Clearing active input actions
10:02:48.238 [JavaFX Application Thread] DEBUG GameApplicationServi - Removing overlay from LevelEndScene and adding to GameScene
10:02:48.239 [JavaFX Application Thread] DEBUG PrimaryStageWindow   - GameScene <- LevelEndScene
10:02:49.225 [JavaFX Application Thread] WARN  TMXLevelLoader       - TiledMap generated from 1.10.0. Supported version: 1.4.2. Some features may not be parsed fully.
10:02:49.233 [JavaFX Application Thread] DEBUG TMXLevelLoader       - Parsed TiledMap: file:/C:/ipose-groep-4/target/classes/assets/levels/tmx/level3.tmx
10:02:49.233 [JavaFX Application Thread] DEBUG TMXLevelLoader       - Creating tile layer entities
10:02:49.234 [JavaFX Application Thread] DEBUG TilesetLoader        - Loading view for layer Tile Layer 1
10:02:49.243 [JavaFX Application Thread] DEBUG TilesetLoader        - Created buffer with size 4900.0x700.0
10:02:49.264 [JavaFX Application Thread] DEBUG TMXLevelLoader       - Creating object layer entities
10:02:49.280 [JavaFX Application Thread] DEBUG GameWorld            - Clearing removable entities
10:02:49.284 [JavaFX Application Thread] DEBUG GameWorld            - Setting level: com.almasb.fxgl.entity.level.Level@6d08f6c4
10:03:05.801 [JavaFX Application Thread] DEBUG PrimaryStageWindow   - Push state: DialogSubScene
10:03:05.801 [JavaFX Application Thread] DEBUG Input                - Clearing active input actions
10:03:05.806 [JavaFX Application Thread] DEBUG GameApplicationServi - Removing overlay from GameScene and adding to DialogSubScene
10:03:05.807 [JavaFX Application Thread] DEBUG PrimaryStageWindow   - GameScene -> DialogSubScene
10:03:07.264 [JavaFX Application Thread] DEBUG PrimaryStageWindow   - Pop state: DialogSubScene
10:03:07.264 [JavaFX Application Thread] DEBUG Input                - Clearing active input actions
10:03:07.265 [JavaFX Application Thread] DEBUG GameApplicationServi - Removing overlay from DialogSubScene and adding to GameScene
10:03:07.265 [JavaFX Application Thread] DEBUG PrimaryStageWindow   - GameScene <- DialogSubScene
10:03:07.266 [JavaFX Application Thread] DEBUG GameApplicationServi - Starting new game
10:03:07.266 [JavaFX Application Thread] DEBUG Input                - Clearing active input actions
10:03:07.273 [JavaFX Application Thread] DEBUG GameApplicationServi - Removing overlay from GameScene and adding to MainLoadingScene
10:03:07.274 [JavaFX Application Thread] DEBUG PrimaryStageWindow   - GameScene -> MainLoadingScene
10:03:07.274 [JavaFX Application Thread] DEBUG GameApplicationServi - Clearing previous game
10:03:07.274 [JavaFX Application Thread] DEBUG GameScene            - Clearing game scene
10:03:07.274 [JavaFX Application Thread] DEBUG GameWorld            - Clearing game world
10:03:07.277 [JavaFX Application Thread] DEBUG PhysicsWorld         - Clearing physics world
10:03:07.279 [FXGL Background Thread 5 ] DEBUG FXGLApplication      - Initializing game
10:03:07.282 [FXGL Background Thread 5 ] WARN  TMXLevelLoader       - TiledMap generated from 1.10.0. Supported version: 1.4.2. Some features may not be parsed fully.
10:03:07.288 [FXGL Background Thread 5 ] DEBUG TMXLevelLoader       - Parsed TiledMap: file:/C:/ipose-groep-4/target/classes/assets/levels/tmx/level1.tmx
10:03:07.288 [FXGL Background Thread 5 ] DEBUG TMXLevelLoader       - Creating tile layer entities
10:03:07.289 [FXGL Background Thread 5 ] DEBUG TilesetLoader        - Loading view for layer Tile Layer 1
10:03:07.301 [FXGL Background Thread 5 ] DEBUG TilesetLoader        - Created buffer with size 4900.0x700.0
10:03:07.335 [FXGL Background Thread 5 ] DEBUG TMXLevelLoader       - Creating object layer entities
10:03:07.344 [FXGL Background Thread 5 ] DEBUG GameWorld            - Clearing removable entities
10:03:07.345 [FXGL Background Thread 5 ] DEBUG GameWorld            - Setting level: com.almasb.fxgl.entity.level.Level@63eed5cc
10:03:07.352 [FXGL Background Thread 5 ] INFO  FXGLApplication      - Game initialization took: 0,074 sec
10:03:07.353 [JavaFX Application Thread] DEBUG Input                - Clearing active input actions
10:03:07.363 [JavaFX Application Thread] DEBUG GameApplicationServi - Removing overlay from MainLoadingScene and adding to GameScene
10:03:07.363 [JavaFX Application Thread] DEBUG PrimaryStageWindow   - MainLoadingScene -> GameScene
10:03:08.649 [JavaFX Application Thread] DEBUG FXGLApplication      - Exiting FXGL
10:03:08.649 [JavaFX Application Thread] DEBUG LoopRunner           - Stopping loop
10:03:08.649 [JavaFX Application Thread] DEBUG SystemBundleService  - Saving FXGL system data
10:03:08.652 [JavaFX Application Thread] DEBUG FileSystemAccess     - Writing to: C:\ipose-groep-4\system\fxgl.bundle
10:03:08.656 [JavaFX Application Thread] DEBUG Async                - Shutting down background threads
10:03:08.656 [JavaFX Application Thread] DEBUG PrimaryStageWindow   - Closing main window
10:03:08.673 [JavaFX Application Thread] DEBUG Logger               - Closing Logger
