16:01:41.668 [main                     ] DEBUG Logger               - Configured Logger
16:01:41.721 [main                     ] DEBUG GameApplication      - Logging settings
Title: Untitled
Version: 0.0
Width: 1400
Height: 720
Fullscreen: false
Intro: false
Profiling: false
Single step:false
App Mode: DEVELOPER
Menu Key: ESCAPE
Stage Style: DECORATED
Scene Factory: class com.almasb.fxglgames.platformer.PlatformerApp$1

16:01:42.286 [JavaFX Application Thread] DEBUG FXGLApplication      - Initializing FXGL
16:01:42.294 [JavaFX Application Thread] INFO  Engine               - FXGL-17.1 (24.03.2022 17.34) on WINDOWS (J:19.0.1 FX:19-ea)
16:01:42.295 [JavaFX Application Thread] DEBUG Engine               - JRE Vendor Name: Oracle Corporation
16:01:42.295 [JavaFX Application Thread] DEBUG Engine               - Running on OS: Windows 10 version 10.0
16:01:42.296 [JavaFX Application Thread] DEBUG Engine               - Architecture: amd64
16:01:42.296 [JavaFX Application Thread] INFO  Engine               - Source code and latest versions at: https://github.com/AlmasB/FXGL
16:01:42.296 [JavaFX Application Thread] INFO  Engine               -       Ask questions and discuss at: https://github.com/AlmasB/FXGL/discussions
16:01:42.296 [JavaFX Application Thread] INFO  Engine               -              Join the FXGL chat at: https://gitter.im/AlmasB/FXGL
16:01:42.434 [JavaFX Application Thread] DEBUG PrimaryStageWindow   - Creating a JavaFX scene
16:01:42.527 [JavaFX Application Thread] DEBUG PrimaryStageWindow   - Target settings size: 1400.0 x 720.0
16:01:42.527 [JavaFX Application Thread] DEBUG PrimaryStageWindow   - Scaled scene size:    1400.0 x 720.0
16:01:42.528 [JavaFX Application Thread] DEBUG PrimaryStageWindow   - Scaled ratio: (1.0, 1.0)
16:01:42.530 [JavaFX Application Thread] DEBUG PrimaryStageWindow   - Set initial scene to FXGLStartupScene
16:01:42.541 [JavaFX Application Thread] DEBUG PrimaryStageWindow   - Opening main window
16:01:42.656 [JavaFX Application Thread] DEBUG PrimaryStageWindow   - Window border size: (14.4000244140625, 37.5999755859375)
16:01:42.656 [JavaFX Application Thread] DEBUG PrimaryStageWindow   - Scaled size: 1400.0 x 720.0
16:01:42.657 [JavaFX Application Thread] DEBUG PrimaryStageWindow   - Scaled ratio: (1.0, 1.0)
16:01:42.657 [JavaFX Application Thread] DEBUG PrimaryStageWindow   - Scene size: 1400.0 x 720.0
16:01:42.658 [JavaFX Application Thread] DEBUG PrimaryStageWindow   - Stage size: 1414.4000244140625 x 757.5999755859375
16:01:42.672 [FXGL Background Thread 1 ] DEBUG Engine               - Initializing environment variables
16:01:42.757 [FXGL Background Thread 1 ] DEBUG FXGLAssetLoaderServi - User app class for loading assets: class com.almasb.fxglgames.platformer.PlatformerApp
16:01:42.757 [FXGL Background Thread 1 ] DEBUG GameApplicationServi - Applying CSS: fxgl_dark.css
16:01:42.758 [FXGL Background Thread 1 ] DEBUG FXGLAssetLoaderServi - Loading from file system: jar:file:///C:/Users/jardk/.m2/repository/com/github/almasb/fxgl/17.1/fxgl-17.1.jar!/fxglassets/ui/css/fxgl_dark.css
16:01:42.839 [FXGL Background Thread 1 ] DEBUG GameApplicationServi - Initializing application scenes
16:01:42.918 [FXGL Background Thread 1 ] DEBUG FXGLAssetLoaderServi - Loading from file system: file:/C:/ipose-groep-4/target/classes/assets/textures/player.png
16:01:42.951 [FXGL Background Thread 1 ] DEBUG GameWorld            - Game world initialized
16:01:43.056 [FXGL Background Thread 1 ] DEBUG PhysicsWorld         - Physics world initialized: appHeight=720, physics.ppm=50,0
16:01:43.057 [FXGL Background Thread 1 ] DEBUG PhysicsWorld         - Using strategy: BRUTE_FORCE
16:01:43.066 [FXGL Background Thread 1 ] DEBUG GameScene            - Game scene initialized: 1400x720
16:01:43.081 [FXGL Background Thread 1 ] DEBUG FXGL.DefaultMenu     - createMenuBodyGameMenu()
16:01:43.112 [FXGL Background Thread 1 ] DEBUG FXGL.DefaultMenu     - createOptionsMenu()
16:01:43.165 [FXGL Background Thread 1 ] DEBUG FXGLAssetLoaderServi - Loading from file system: jar:file:///C:/Users/jardk/.m2/repository/com/github/almasb/fxgl/17.1/fxgl-17.1.jar!/fxglassets/textures/particles/smoke.png
16:01:43.323 [FXGL Background Thread 1 ] DEBUG FXGLAssetLoaderServi - Loading from file system: jar:file:///C:/Users/jardk/.m2/repository/com/github/almasb/fxgl/17.1/fxgl-17.1.jar!/fxglassets/textures/particles/trace_horizontal.png
16:01:43.378 [FXGL Background Thread 1 ] DEBUG GameApplicationServi - Application scenes initialized
16:01:43.401 [FXGL Background Thread 1 ] DEBUG SystemBundleService  - Loading FXGL system data
16:01:43.407 [FXGL Background Thread 1 ] DEBUG FileSystemAccess     - Reading from: C:\ipose-groep-4\system\fxgl.bundle
16:01:43.421 [FXGL Background Thread 1 ] DEBUG SystemBundleService  - Bundle FXGL: {}
16:01:43.421 [FXGL Background Thread 1 ] DEBUG UpdaterService       - Checking for updates
16:01:43.427 [FXGL Background Thread 4 ] DEBUG FXGLApplication      - Loading fonts
16:01:43.428 [FXGL Background Thread 1 ] DEBUG FXGLApplication      - Loading default localization
16:01:43.428 [FXGL Background Thread 4 ] DEBUG FXGLAssetLoaderServi - Loading from file system: jar:file:///C:/Users/jardk/.m2/repository/com/github/almasb/fxgl/17.1/fxgl-17.1.jar!/fxglassets/ui/fonts/VarelaRound-Regular.ttf
16:01:43.430 [FXGL Background Thread 1 ] DEBUG FXGLAssetLoaderServi - Loading from file system: jar:file:///C:/Users/jardk/.m2/repository/com/github/almasb/fxgl/17.1/fxgl-17.1.jar!/fxglassets/languages/english.lang
16:01:43.477 [FXGL Background Thread 1 ] INFO  FXGLApplication      - FXGL initialization took: 0,806 sec
16:01:43.498 [JavaFX Application Thread] DEBUG Input                - Registered new binding: Left - A
16:01:43.498 [JavaFX Application Thread] DEBUG Input                - Registered new binding: Right - D
16:01:43.499 [JavaFX Application Thread] DEBUG Input                - Registered new binding: Jump - W
16:01:43.499 [JavaFX Application Thread] DEBUG Input                - Registered new binding: Use - E
16:01:43.500 [JavaFX Application Thread] DEBUG FXGLAssetLoaderServi - Loading from file system: file:/C:/ipose-groep-4/target/classes/assets/music/BGM_dash_runner.wav
16:01:43.517 [FXGL Background Thread 4 ] DEBUG FXGLAssetLoaderServi - Loading from file system: jar:file:///C:/Users/jardk/.m2/repository/com/github/almasb/fxgl/17.1/fxgl-17.1.jar!/fxglassets/ui/fonts/Abel-Regular.ttf
16:01:43.524 [FXGL Background Thread 4 ] DEBUG FXGLAssetLoaderServi - Loading from file system: jar:file:///C:/Users/jardk/.m2/repository/com/github/almasb/fxgl/17.1/fxgl-17.1.jar!/fxglassets/ui/fonts/TerminalLandMono-Regular.otf
16:01:43.531 [FXGL Background Thread 4 ] DEBUG FXGLAssetLoaderServi - Loading from file system: jar:file:///C:/Users/jardk/.m2/repository/com/github/almasb/fxgl/17.1/fxgl-17.1.jar!/fxglassets/ui/fonts/Courier-Prime.ttf
16:01:43.708 [JavaFX Application Thread] DEBUG AudioPlayer          - Playing music com.almasb.fxgl.audio.Music@44de776f
16:01:43.709 [JavaFX Application Thread] DEBUG FXGLAssetLoaderServi - Loading from file system: jar:file:///C:/Users/jardk/.m2/repository/com/github/almasb/fxgl/17.1/fxgl-17.1.jar!/fxglassets/textures/fxgl_icon.png
16:01:43.742 [JavaFX Application Thread] DEBUG FXGLAssetLoaderServi - Loading from file system: jar:file:///C:/Users/jardk/.m2/repository/com/github/almasb/fxgl/17.1/fxgl-17.1.jar!/fxglassets/textures/fxgl_default_cursor.png
16:01:43.745 [JavaFX Application Thread] DEBUG Input                - Registered new binding: Screenshot - CTRL+8
16:01:43.746 [JavaFX Application Thread] DEBUG Input                - Registered new binding: System info dump - CTRL+9
16:01:43.747 [JavaFX Application Thread] DEBUG Input                - Registered new binding: Restart - CTRL+R
16:01:43.748 [JavaFX Application Thread] DEBUG Input                - Registered new binding: Toggle Debug Camera - CTRL+7
16:01:43.751 [JavaFX Application Thread] DEBUG LoopRunner           - Starting loop
16:01:43.751 [JavaFX Application Thread] DEBUG LoopRunner           - Initializing JavaFX AnimationTimerLoop
16:01:43.753 [JavaFX Application Thread] DEBUG GameApplicationServi - Starting new game
16:01:43.754 [JavaFX Application Thread] DEBUG Input                - Clearing active input actions
16:01:43.784 [JavaFX Application Thread] DEBUG GameApplicationServi - Removing overlay from FXGLStartupScene and adding to MainLoadingScene
16:01:43.785 [JavaFX Application Thread] DEBUG PrimaryStageWindow   - FXGLStartupScene -> MainLoadingScene
16:01:43.785 [JavaFX Application Thread] DEBUG GameApplicationServi - Clearing previous game
16:01:43.785 [JavaFX Application Thread] DEBUG GameScene            - Clearing game scene
16:01:43.785 [JavaFX Application Thread] DEBUG GameWorld            - Clearing game world
16:01:43.786 [JavaFX Application Thread] DEBUG PhysicsWorld         - Clearing physics world
16:01:43.787 [JavaFX Application Thread] DEBUG FXGLApplication      - Registering font factories with UI factory
16:01:43.787 [FXGL Background Thread 4 ] DEBUG FXGLApplication      - Initializing game
16:01:43.863 [FXGL Background Thread 4 ] WARN  TMXLevelLoader       - TiledMap generated from 1.10.0. Supported version: 1.4.2. Some features may not be parsed fully.
16:01:43.877 [FXGL Background Thread 4 ] DEBUG TMXLevelLoader       - Parsed TiledMap: file:/C:/ipose-groep-4/target/classes/assets/levels/tmx/level1.tmx
16:01:43.879 [FXGL Background Thread 4 ] DEBUG TMXLevelLoader       - Creating tile layer entities
16:01:43.882 [FXGL Background Thread 4 ] DEBUG TilesetLoader        - Loading view for layer Tile Layer 1
16:01:43.885 [FXGL Background Thread 4 ] DEBUG TilesetLoader        - Created buffer with size 2100.0x700.0
16:01:43.918 [FXGL Background Thread 4 ] DEBUG TMXLevelLoader       - Creating object layer entities
16:01:43.957 [FXGL Background Thread 4 ] DEBUG GameWorld            - Clearing removable entities
16:01:43.959 [FXGL Background Thread 4 ] DEBUG GameWorld            - Setting level: com.almasb.fxgl.entity.level.Level@575a5f5f
16:01:44.000 [FXGL Background Thread 4 ] DEBUG FXGLAssetLoaderServi - Loading from file system: file:/C:/ipose-groep-4/target/classes/assets/textures/background/forest.png
16:01:44.001 [FXGL Background Thread 2 ] INFO  UpdaterService       - Your current version:  17.1
16:01:44.002 [FXGL Background Thread 2 ] INFO  UpdaterService       - Latest stable version: 17.3
16:01:44.032 [FXGL Background Thread 4 ] INFO  FXGLApplication      - Game initialization took: 0,244 sec
16:01:44.041 [JavaFX Application Thread] DEBUG Input                - Clearing active input actions
16:01:44.064 [JavaFX Application Thread] DEBUG GameApplicationServi - Removing overlay from MainLoadingScene and adding to GameScene
16:01:44.065 [JavaFX Application Thread] DEBUG PrimaryStageWindow   - MainLoadingScene -> GameScene
16:01:46.441 [FXGL Background Thread 3 ] DEBUG Engine               - Logging environment variables
16:01:46.449 [FXGL Background Thread 3 ] DEBUG Engine               - achievements: []
16:01:46.449 [FXGL Background Thread 3 ] DEBUG Engine               - actualHeight: 720.0
16:01:46.449 [FXGL Background Thread 3 ] DEBUG Engine               - actualHeightProperty: ReadOnlyDoubleProperty [value: 720.0]
16:01:46.449 [FXGL Background Thread 3 ] DEBUG Engine               - actualWidth: 1400.0
16:01:46.449 [FXGL Background Thread 3 ] DEBUG Engine               - actualWidthProperty: ReadOnlyDoubleProperty [value: 1400.0]
16:01:46.450 [FXGL Background Thread 3 ] DEBUG Engine               - appIcon: fxgl_icon.png
16:01:46.450 [FXGL Background Thread 3 ] DEBUG Engine               - applicationMode: DEVELOPER
16:01:46.450 [FXGL Background Thread 3 ] DEBUG Engine               - cSSList: [fxgl_dark.css]
16:01:46.450 [FXGL Background Thread 3 ] DEBUG Engine               - collisionDetectionStrategy: BRUTE_FORCE
16:01:46.450 [FXGL Background Thread 3 ] DEBUG Engine               - configClass: Optional.empty
16:01:46.450 [FXGL Background Thread 3 ] DEBUG Engine               - credits: []
16:01:46.451 [FXGL Background Thread 3 ] DEBUG Engine               - defaultCursor: CursorInfo(imageName=fxgl_default_cursor.png, hotspotX=7.0, hotspotY=6.0)
16:01:46.452 [FXGL Background Thread 3 ] DEBUG Engine               - devBBoxColorProperty: ObjectProperty [value: 0xff0000ff]
16:01:46.452 [FXGL Background Thread 3 ] DEBUG Engine               - devEnableDebugCameraProperty: BooleanProperty [value: false]
16:01:46.452 [FXGL Background Thread 3 ] DEBUG Engine               - devSensorColorProperty: ObjectProperty [value: 0xffff00ff]
16:01:46.452 [FXGL Background Thread 3 ] DEBUG Engine               - devShowBBoxProperty: BooleanProperty [value: false]
16:01:46.452 [FXGL Background Thread 3 ] DEBUG Engine               - devShowPositionProperty: BooleanProperty [value: false]
16:01:46.452 [FXGL Background Thread 3 ] DEBUG Engine               - enabledMenuItems: []
16:01:46.452 [FXGL Background Thread 3 ] DEBUG Engine               - engineServices: [class com.almasb.fxgl.app.services.FXGLAssetLoaderService, class com.almasb.fxgl.app.FXGLApplication$GameApplicationService, class com.almasb.fxgl.app.services.FXGLDialogService, class com.almasb.fxgl.app.services.IOTaskExecutorService, class com.almasb.fxgl.io.FileSystemService, class com.almasb.fxgl.localization.LocalizationService, class com.almasb.fxgl.app.services.SystemBundleService, class com.almasb.fxgl.profile.SaveLoadService, class com.almasb.fxgl.ui.FXGLUIFactoryServiceProvider, class com.almasb.fxgl.ui.FXGLDialogFactoryServiceProvider, class com.almasb.fxgl.audio.AudioPlayer, class com.almasb.fxgl.notification.impl.NotificationServiceProvider, class com.almasb.fxgl.achievement.AchievementService, class com.almasb.fxgl.cutscene.CutsceneService, class com.almasb.fxgl.minigames.MiniGameService, class com.almasb.fxgl.net.NetService, class com.almasb.fxgl.app.services.UpdaterService, class com.almasb.fxgl.dev.DevService]
16:01:46.452 [FXGL Background Thread 3 ] DEBUG Engine               - fontGame: Abel-Regular.ttf
16:01:46.452 [FXGL Background Thread 3 ] DEBUG Engine               - fontMono: TerminalLandMono-Regular.otf
16:01:46.453 [FXGL Background Thread 3 ] DEBUG Engine               - fontText: Courier-Prime.ttf
16:01:46.453 [FXGL Background Thread 3 ] DEBUG Engine               - fontUI: VarelaRound-Regular.ttf
16:01:46.453 [FXGL Background Thread 3 ] DEBUG Engine               - fullScreen: BooleanProperty [value: false]
16:01:46.453 [FXGL Background Thread 3 ] DEBUG Engine               - gameDifficulty: MEDIUM
16:01:46.453 [FXGL Background Thread 3 ] DEBUG Engine               - gameDifficultyProperty: ObjectProperty [value: MEDIUM]
16:01:46.453 [FXGL Background Thread 3 ] DEBUG Engine               - globalMusicVolume: 0.5
16:01:46.454 [FXGL Background Thread 3 ] DEBUG Engine               - globalMusicVolumeProperty: DoubleProperty [value: 0.25]
16:01:46.454 [FXGL Background Thread 3 ] DEBUG Engine               - globalSoundVolume: 0.5
16:01:46.454 [FXGL Background Thread 3 ] DEBUG Engine               - globalSoundVolumeProperty: DoubleProperty [value: 0.5]
16:01:46.454 [FXGL Background Thread 3 ] DEBUG Engine               - height: 720
16:01:46.454 [FXGL Background Thread 3 ] DEBUG Engine               - is3D: false
16:01:46.454 [FXGL Background Thread 3 ] DEBUG Engine               - isAndroid: false
16:01:46.454 [FXGL Background Thread 3 ] DEBUG Engine               - isBrowser: false
16:01:46.454 [FXGL Background Thread 3 ] DEBUG Engine               - isClickFeedbackEnabled: false
16:01:46.455 [FXGL Background Thread 3 ] DEBUG Engine               - isCloseConfirmation: false
16:01:46.455 [FXGL Background Thread 3 ] DEBUG Engine               - isDesktop: true
16:01:46.455 [FXGL Background Thread 3 ] DEBUG Engine               - isDeveloperMenuEnabled: false
16:01:46.455 [FXGL Background Thread 3 ] DEBUG Engine               - isEmbedded: false
16:01:46.455 [FXGL Background Thread 3 ] DEBUG Engine               - isEntityPreloadEnabled: true
16:01:46.455 [FXGL Background Thread 3 ] DEBUG Engine               - isExperimentalTiledLargeMap: false
16:01:46.456 [FXGL Background Thread 3 ] DEBUG Engine               - isFileSystemWriteAllowed: true
16:01:46.456 [FXGL Background Thread 3 ] DEBUG Engine               - isFullScreenAllowed: false
16:01:46.456 [FXGL Background Thread 3 ] DEBUG Engine               - isFullScreenFromStart: false
16:01:46.457 [FXGL Background Thread 3 ] DEBUG Engine               - isGameMenuEnabled: true
16:01:46.457 [FXGL Background Thread 3 ] DEBUG Engine               - isIOS: false
16:01:46.457 [FXGL Background Thread 3 ] DEBUG Engine               - isIntroEnabled: false
16:01:46.457 [FXGL Background Thread 3 ] DEBUG Engine               - isLinux: false
16:01:46.457 [FXGL Background Thread 3 ] DEBUG Engine               - isMac: false
16:01:46.457 [FXGL Background Thread 3 ] DEBUG Engine               - isMainMenuEnabled: false
16:01:46.457 [FXGL Background Thread 3 ] DEBUG Engine               - isManualResizeEnabled: false
16:01:46.457 [FXGL Background Thread 3 ] DEBUG Engine               - isMobile: false
16:01:46.457 [FXGL Background Thread 3 ] DEBUG Engine               - isNative: false
16:01:46.457 [FXGL Background Thread 3 ] DEBUG Engine               - isPauseMusicWhenMinimized: true
16:01:46.457 [FXGL Background Thread 3 ] DEBUG Engine               - isPreserveResizeRatio: false
16:01:46.457 [FXGL Background Thread 3 ] DEBUG Engine               - isProfilingEnabled: false
16:01:46.457 [FXGL Background Thread 3 ] DEBUG Engine               - isScaleAffectedOnResize: true
16:01:46.457 [FXGL Background Thread 3 ] DEBUG Engine               - isSingleStep: false
16:01:46.458 [FXGL Background Thread 3 ] DEBUG Engine               - isUserProfileEnabled: false
16:01:46.458 [FXGL Background Thread 3 ] DEBUG Engine               - isWindows: true
16:01:46.458 [FXGL Background Thread 3 ] DEBUG Engine               - language: ObjectProperty [value: ENGLISH]
16:01:46.458 [FXGL Background Thread 3 ] DEBUG Engine               - menuKey: ESCAPE
16:01:46.458 [FXGL Background Thread 3 ] DEBUG Engine               - mouseSensitivity: 0.2
16:01:46.458 [FXGL Background Thread 3 ] DEBUG Engine               - notificationViewClass: class com.almasb.fxgl.notification.view.XboxNotificationView
16:01:46.458 [FXGL Background Thread 3 ] DEBUG Engine               - pixelsPerMeter: 50.0
16:01:46.458 [FXGL Background Thread 3 ] DEBUG Engine               - platform: WINDOWS
16:01:46.458 [FXGL Background Thread 3 ] DEBUG Engine               - prefHeightProperty: ReadOnlyDoubleProperty [value: 720.0]
16:01:46.458 [FXGL Background Thread 3 ] DEBUG Engine               - prefWidthProperty: ReadOnlyDoubleProperty [value: 1400.0]
16:01:46.459 [FXGL Background Thread 3 ] DEBUG Engine               - profileDir: profiles/
16:01:46.459 [FXGL Background Thread 3 ] DEBUG Engine               - profileName: StringProperty [value: DEFAULT]
16:01:46.459 [FXGL Background Thread 3 ] DEBUG Engine               - randomSeed: -1
16:01:46.459 [FXGL Background Thread 3 ] DEBUG Engine               - runtimeInfo: RuntimeInfo(platform=WINDOWS, version=17.1, build=24.03.2022 17.34)
16:01:46.459 [FXGL Background Thread 3 ] DEBUG Engine               - saveFileExt: sav
16:01:46.460 [FXGL Background Thread 3 ] DEBUG Engine               - scaledHeightProp$fxgl: DoubleProperty [bound, value: 720.0]
16:01:46.460 [FXGL Background Thread 3 ] DEBUG Engine               - scaledWidthProp$fxgl: DoubleProperty [bound, value: 1400.0]
16:01:46.460 [FXGL Background Thread 3 ] DEBUG Engine               - sceneFactory: com.almasb.fxglgames.platformer.PlatformerApp$1@6ddc8d7e
16:01:46.460 [FXGL Background Thread 3 ] DEBUG Engine               - secondsIn24h: 60
16:01:46.460 [FXGL Background Thread 3 ] DEBUG Engine               - soundMenuBack: menu/back.wav
16:01:46.460 [FXGL Background Thread 3 ] DEBUG Engine               - soundMenuPress: menu/press.wav
16:01:46.460 [FXGL Background Thread 3 ] DEBUG Engine               - soundMenuSelect: menu/select.wav
16:01:46.460 [FXGL Background Thread 3 ] DEBUG Engine               - soundNotification: core/notification.wav
16:01:46.460 [FXGL Background Thread 3 ] DEBUG Engine               - stageStyle: DECORATED
16:01:46.460 [FXGL Background Thread 3 ] DEBUG Engine               - supportedLanguages: [ENGLISH, FRENCH, GERMAN, HUNGARIAN, RUSSIAN]
16:01:46.460 [FXGL Background Thread 3 ] DEBUG Engine               - ticksPerSecond: -1
16:01:46.461 [FXGL Background Thread 3 ] DEBUG Engine               - title: Untitled
16:01:46.461 [FXGL Background Thread 3 ] DEBUG Engine               - urlGithub: https://github.com/AlmasB/FXGL
16:01:46.461 [FXGL Background Thread 3 ] DEBUG Engine               - urlLeaderboard: http://fxgl-top.herokuapp.com/
16:01:46.461 [FXGL Background Thread 3 ] DEBUG Engine               - urlPOM: https://raw.githubusercontent.com/AlmasB/FXGL/release/README.md
16:01:46.461 [FXGL Background Thread 3 ] DEBUG Engine               - userAppClass: class com.almasb.fxglgames.platformer.PlatformerApp
16:01:46.461 [FXGL Background Thread 3 ] DEBUG Engine               - version: 0.0
16:01:46.461 [FXGL Background Thread 3 ] DEBUG Engine               - versionCheckDays: 7
16:01:46.461 [FXGL Background Thread 3 ] DEBUG Engine               - width: 1400
16:01:46.461 [FXGL Background Thread 3 ] DEBUG Engine               - Logging services
16:01:46.461 [FXGL Background Thread 3 ] DEBUG Engine               - class com.almasb.fxgl.app.services.FXGLAssetLoaderService
16:01:46.461 [FXGL Background Thread 3 ] DEBUG Engine               - class com.almasb.fxgl.app.FXGLApplication$GameApplicationService
16:01:46.461 [FXGL Background Thread 3 ] DEBUG Engine               - class com.almasb.fxgl.app.services.FXGLDialogService
16:01:46.461 [FXGL Background Thread 3 ] DEBUG Engine               - class com.almasb.fxgl.app.services.IOTaskExecutorService
16:01:46.461 [FXGL Background Thread 3 ] DEBUG Engine               - class com.almasb.fxgl.io.FileSystemService
16:01:46.462 [FXGL Background Thread 3 ] DEBUG Engine               - class com.almasb.fxgl.localization.LocalizationService
16:01:46.462 [FXGL Background Thread 3 ] DEBUG Engine               - class com.almasb.fxgl.app.services.SystemBundleService
16:01:46.462 [FXGL Background Thread 3 ] DEBUG Engine               - class com.almasb.fxgl.profile.SaveLoadService
16:01:46.462 [FXGL Background Thread 3 ] DEBUG Engine               - class com.almasb.fxgl.ui.FXGLUIFactoryServiceProvider
16:01:46.462 [FXGL Background Thread 3 ] DEBUG Engine               - class com.almasb.fxgl.ui.FXGLDialogFactoryServiceProvider
16:01:46.462 [FXGL Background Thread 3 ] DEBUG Engine               - class com.almasb.fxgl.audio.AudioPlayer
16:01:46.462 [FXGL Background Thread 3 ] DEBUG Engine               - class com.almasb.fxgl.notification.impl.NotificationServiceProvider
16:01:46.462 [FXGL Background Thread 3 ] DEBUG Engine               - class com.almasb.fxgl.achievement.AchievementService
16:01:46.462 [FXGL Background Thread 3 ] DEBUG Engine               - class com.almasb.fxgl.cutscene.CutsceneService
16:01:46.462 [FXGL Background Thread 3 ] DEBUG Engine               - class com.almasb.fxgl.minigames.MiniGameService
16:01:46.462 [FXGL Background Thread 3 ] DEBUG Engine               - class com.almasb.fxgl.net.NetService
16:01:46.462 [FXGL Background Thread 3 ] DEBUG Engine               - class com.almasb.fxgl.app.services.UpdaterService
16:01:46.462 [FXGL Background Thread 3 ] DEBUG Engine               - class com.almasb.fxgl.dev.DevService
16:01:58.140 [JavaFX Application Thread] DEBUG FXGLApplication      - Exiting FXGL
16:01:58.140 [JavaFX Application Thread] DEBUG LoopRunner           - Stopping loop
16:01:58.140 [JavaFX Application Thread] DEBUG SystemBundleService  - Saving FXGL system data
16:01:58.144 [JavaFX Application Thread] DEBUG FileSystemAccess     - Writing to: C:\ipose-groep-4\system\fxgl.bundle
16:01:58.150 [JavaFX Application Thread] DEBUG Async                - Shutting down background threads
16:01:58.150 [JavaFX Application Thread] DEBUG PrimaryStageWindow   - Closing main window
16:01:58.184 [JavaFX Application Thread] DEBUG Logger               - Closing Logger
