17:51:12.492 [main                     ] DEBUG Logger               - Configured Logger
17:51:12.516 [main                     ] DEBUG GameApplication      - Logging settings
Title: Miguel
Version: 1.0
Width: 1280
Height: 720
Fullscreen: false
Intro: false
Profiling: false
Single step:false
App Mode: DEVELOPER
Menu Key: ESCAPE
Stage Style: DECORATED
Scene Factory: class com.almasb.fxglgames.platformer.PlatformerApp$1

17:51:12.981 [JavaFX Application Thread] DEBUG FXGLApplication      - Initializing FXGL
17:51:12.985 [JavaFX Application Thread] INFO  Engine               - FXGL-17.1 (24.03.2022 17.34) on WINDOWS (J:19.0.1 FX:19-ea)
17:51:12.985 [JavaFX Application Thread] DEBUG Engine               - JRE Vendor Name: Oracle Corporation
17:51:12.985 [JavaFX Application Thread] DEBUG Engine               - Running on OS: Windows 10 version 10.0
17:51:12.985 [JavaFX Application Thread] DEBUG Engine               - Architecture: amd64
17:51:12.985 [JavaFX Application Thread] INFO  Engine               - Source code and latest versions at: https://github.com/AlmasB/FXGL
17:51:12.986 [JavaFX Application Thread] INFO  Engine               -       Ask questions and discuss at: https://github.com/AlmasB/FXGL/discussions
17:51:12.986 [JavaFX Application Thread] INFO  Engine               -              Join the FXGL chat at: https://gitter.im/AlmasB/FXGL
17:51:13.059 [JavaFX Application Thread] DEBUG PrimaryStageWindow   - Creating a JavaFX scene
17:51:13.099 [JavaFX Application Thread] DEBUG PrimaryStageWindow   - Target settings size: 1280.0 x 720.0
17:51:13.099 [JavaFX Application Thread] DEBUG PrimaryStageWindow   - Scaled scene size:    1280.0 x 720.0
17:51:13.099 [JavaFX Application Thread] DEBUG PrimaryStageWindow   - Scaled ratio: (1.0, 1.0)
17:51:13.100 [JavaFX Application Thread] DEBUG PrimaryStageWindow   - Set initial scene to FXGLStartupScene
17:51:13.105 [JavaFX Application Thread] DEBUG PrimaryStageWindow   - Opening main window
17:51:13.183 [JavaFX Application Thread] DEBUG PrimaryStageWindow   - Window border size: (14.4000244140625, 37.5999755859375)
17:51:13.184 [JavaFX Application Thread] DEBUG PrimaryStageWindow   - Scaled size: 1280.0 x 720.0
17:51:13.184 [JavaFX Application Thread] DEBUG PrimaryStageWindow   - Scaled ratio: (1.0, 1.0)
17:51:13.184 [JavaFX Application Thread] DEBUG PrimaryStageWindow   - Scene size: 1280.0 x 720.0
17:51:13.184 [JavaFX Application Thread] DEBUG PrimaryStageWindow   - Stage size: 1294.4000244140625 x 757.5999755859375
17:51:13.192 [FXGL Background Thread 1 ] DEBUG Engine               - Initializing environment variables
17:51:13.238 [FXGL Background Thread 1 ] DEBUG FXGLAssetLoaderServi - User app class for loading assets: class com.almasb.fxglgames.platformer.PlatformerApp
17:51:13.238 [FXGL Background Thread 1 ] DEBUG GameApplicationServi - Applying CSS: fxgl_dark.css
17:51:13.239 [FXGL Background Thread 1 ] DEBUG FXGLAssetLoaderServi - Loading from file system: jar:file:///C:/Users/koenm/.m2/repository/com/github/almasb/fxgl/17.1/fxgl-17.1.jar!/fxglassets/ui/css/fxgl_dark.css
17:51:13.278 [FXGL Background Thread 1 ] DEBUG GameApplicationServi - Initializing application scenes
17:51:13.317 [FXGL Background Thread 1 ] DEBUG FXGLAssetLoaderServi - Loading from file system: file:/C:/Users/koenm/Documents/GitHub/ipose-groep-4/target/classes/assets/textures/player.png
17:51:13.335 [FXGL Background Thread 1 ] DEBUG GameWorld            - Game world initialized
17:51:13.386 [FXGL Background Thread 1 ] DEBUG PhysicsWorld         - Physics world initialized: appHeight=720, physics.ppm=50,0
17:51:13.386 [FXGL Background Thread 1 ] DEBUG PhysicsWorld         - Using strategy: BRUTE_FORCE
17:51:13.389 [FXGL Background Thread 1 ] DEBUG GameScene            - Game scene initialized: 1280x720
17:51:13.397 [FXGL Background Thread 1 ] DEBUG FXGL.DefaultMenu     - createMenuBodyGameMenu()
17:51:13.411 [FXGL Background Thread 1 ] DEBUG FXGL.DefaultMenu     - createOptionsMenu()
17:51:13.421 [FXGL Background Thread 1 ] DEBUG FXGLAssetLoaderServi - Loading from file system: jar:file:///C:/Users/koenm/.m2/repository/com/github/almasb/fxgl/17.1/fxgl-17.1.jar!/fxglassets/textures/particles/smoke.png
17:51:13.485 [FXGL Background Thread 1 ] DEBUG FXGLAssetLoaderServi - Loading from file system: jar:file:///C:/Users/koenm/.m2/repository/com/github/almasb/fxgl/17.1/fxgl-17.1.jar!/fxglassets/textures/particles/trace_horizontal.png
17:51:13.512 [FXGL Background Thread 1 ] DEBUG GameApplicationServi - Application scenes initialized
17:51:13.529 [FXGL Background Thread 1 ] DEBUG SystemBundleService  - Loading FXGL system data
17:51:13.535 [FXGL Background Thread 1 ] DEBUG FileSystemAccess     - Reading from: C:\Users\koenm\Documents\GitHub\ipose-groep-4\system\fxgl.bundle
17:51:13.544 [FXGL Background Thread 1 ] DEBUG SystemBundleService  - Bundle FXGL: {}
17:51:13.544 [FXGL Background Thread 1 ] DEBUG UpdaterService       - Checking for updates
17:51:13.551 [FXGL Background Thread 4 ] DEBUG FXGLApplication      - Loading fonts
17:51:13.551 [FXGL Background Thread 1 ] DEBUG FXGLApplication      - Loading default localization
17:51:13.552 [FXGL Background Thread 4 ] DEBUG FXGLAssetLoaderServi - Loading from file system: jar:file:///C:/Users/koenm/.m2/repository/com/github/almasb/fxgl/17.1/fxgl-17.1.jar!/fxglassets/ui/fonts/VarelaRound-Regular.ttf
17:51:13.552 [FXGL Background Thread 1 ] DEBUG FXGLAssetLoaderServi - Loading from file system: jar:file:///C:/Users/koenm/.m2/repository/com/github/almasb/fxgl/17.1/fxgl-17.1.jar!/fxglassets/languages/english.lang
17:51:13.578 [FXGL Background Thread 1 ] INFO  FXGLApplication      - FXGL initialization took: 0,386 sec
17:51:13.589 [JavaFX Application Thread] DEBUG Input                - Registered new binding: Left - A
17:51:13.590 [JavaFX Application Thread] DEBUG Input                - Registered new binding: Right - D
17:51:13.590 [JavaFX Application Thread] DEBUG Input                - Registered new binding: Jump - W
17:51:13.590 [JavaFX Application Thread] DEBUG Input                - Registered new binding: Use - E
17:51:13.590 [JavaFX Application Thread] DEBUG FXGLAssetLoaderServi - Loading from file system: file:/C:/Users/koenm/Documents/GitHub/ipose-groep-4/target/classes/assets/music/BGM_dash_runner.wav
17:51:13.650 [FXGL Background Thread 4 ] DEBUG FXGLAssetLoaderServi - Loading from file system: jar:file:///C:/Users/koenm/.m2/repository/com/github/almasb/fxgl/17.1/fxgl-17.1.jar!/fxglassets/ui/fonts/Abel-Regular.ttf
17:51:13.653 [FXGL Background Thread 4 ] DEBUG FXGLAssetLoaderServi - Loading from file system: jar:file:///C:/Users/koenm/.m2/repository/com/github/almasb/fxgl/17.1/fxgl-17.1.jar!/fxglassets/ui/fonts/TerminalLandMono-Regular.otf
17:51:13.657 [FXGL Background Thread 4 ] DEBUG FXGLAssetLoaderServi - Loading from file system: jar:file:///C:/Users/koenm/.m2/repository/com/github/almasb/fxgl/17.1/fxgl-17.1.jar!/fxglassets/ui/fonts/Courier-Prime.ttf
17:51:13.770 [JavaFX Application Thread] DEBUG AudioPlayer          - Playing music com.almasb.fxgl.audio.Music@15dd74a5
17:51:13.770 [JavaFX Application Thread] DEBUG FXGLAssetLoaderServi - Loading from file system: jar:file:///C:/Users/koenm/.m2/repository/com/github/almasb/fxgl/17.1/fxgl-17.1.jar!/fxglassets/textures/fxgl_icon.png
17:51:13.788 [JavaFX Application Thread] DEBUG FXGLAssetLoaderServi - Loading from file system: jar:file:///C:/Users/koenm/.m2/repository/com/github/almasb/fxgl/17.1/fxgl-17.1.jar!/fxglassets/textures/fxgl_default_cursor.png
17:51:13.791 [JavaFX Application Thread] DEBUG Input                - Registered new binding: Screenshot - CTRL+8
17:51:13.791 [JavaFX Application Thread] DEBUG Input                - Registered new binding: System info dump - CTRL+9
17:51:13.792 [JavaFX Application Thread] DEBUG Input                - Registered new binding: Restart - CTRL+R
17:51:13.792 [JavaFX Application Thread] DEBUG Input                - Registered new binding: Toggle Debug Camera - CTRL+7
17:51:13.796 [JavaFX Application Thread] DEBUG LoopRunner           - Starting loop
17:51:13.796 [JavaFX Application Thread] DEBUG LoopRunner           - Initializing JavaFX AnimationTimerLoop
17:51:13.797 [JavaFX Application Thread] DEBUG GameApplicationServi - Starting new game
17:51:13.798 [JavaFX Application Thread] DEBUG Input                - Clearing active input actions
17:51:13.813 [JavaFX Application Thread] DEBUG GameApplicationServi - Removing overlay from FXGLStartupScene and adding to MainLoadingScene
17:51:13.814 [JavaFX Application Thread] DEBUG PrimaryStageWindow   - FXGLStartupScene -> MainLoadingScene
17:51:13.814 [JavaFX Application Thread] DEBUG GameApplicationServi - Clearing previous game
17:51:13.814 [JavaFX Application Thread] DEBUG GameScene            - Clearing game scene
17:51:13.814 [JavaFX Application Thread] DEBUG GameWorld            - Clearing game world
17:51:13.814 [JavaFX Application Thread] DEBUG PhysicsWorld         - Clearing physics world
17:51:13.816 [FXGL Background Thread 4 ] DEBUG FXGLApplication      - Initializing game
17:51:13.816 [JavaFX Application Thread] DEBUG FXGLApplication      - Registering font factories with UI factory
17:51:13.868 [FXGL Background Thread 4 ] WARN  TMXLevelLoader       - TiledMap generated from 1.10.0. Supported version: 1.4.2. Some features may not be parsed fully.
17:51:13.879 [FXGL Background Thread 4 ] DEBUG TMXLevelLoader       - Parsed TiledMap: file:/C:/Users/koenm/Documents/GitHub/ipose-groep-4/target/classes/assets/levels/tmx/level1.tmx
17:51:13.880 [FXGL Background Thread 4 ] DEBUG TMXLevelLoader       - Creating tile layer entities
17:51:13.882 [FXGL Background Thread 4 ] DEBUG TilesetLoader        - Loading view for layer Tile Layer 1
17:51:13.890 [FXGL Background Thread 4 ] DEBUG TilesetLoader        - Created buffer with size 4900.0x700.0
17:51:13.913 [FXGL Background Thread 4 ] DEBUG TMXLevelLoader       - Creating object layer entities
17:51:13.959 [FXGL Background Thread 4 ] DEBUG GameWorld            - Clearing removable entities
17:51:13.960 [FXGL Background Thread 4 ] DEBUG GameWorld            - Setting level: com.almasb.fxgl.entity.level.Level@47dd160c
17:51:13.982 [FXGL Background Thread 4 ] DEBUG FXGLAssetLoaderServi - Loading from file system: file:/C:/Users/koenm/Documents/GitHub/ipose-groep-4/target/classes/assets/textures/trump.png
17:51:13.987 [FXGL Background Thread 4 ] DEBUG FXGLAssetLoaderServi - Loading from file system: file:/C:/Users/koenm/Documents/GitHub/ipose-groep-4/target/classes/assets/textures/background/forest.png
17:51:14.023 [FXGL Background Thread 4 ] INFO  FXGLApplication      - Game initialization took: 0,206 sec
17:51:14.027 [FXGL Background Thread 2 ] INFO  UpdaterService       - Your current version:  17.1
17:51:14.027 [FXGL Background Thread 2 ] INFO  UpdaterService       - Latest stable version: 17.3
17:51:14.076 [JavaFX Application Thread] DEBUG Input                - Clearing active input actions
17:51:14.082 [JavaFX Application Thread] DEBUG GameApplicationServi - Removing overlay from MainLoadingScene and adding to GameScene
17:51:14.083 [JavaFX Application Thread] DEBUG PrimaryStageWindow   - MainLoadingScene -> GameScene
17:51:16.550 [FXGL Background Thread 3 ] DEBUG Engine               - Logging environment variables
17:51:16.550 [FXGL Background Thread 3 ] DEBUG Engine               - achievements: []
17:51:16.550 [FXGL Background Thread 3 ] DEBUG Engine               - actualHeight: 720.0
17:51:16.551 [FXGL Background Thread 3 ] DEBUG Engine               - actualHeightProperty: ReadOnlyDoubleProperty [value: 720.0]
17:51:16.551 [FXGL Background Thread 3 ] DEBUG Engine               - actualWidth: 1280.0
17:51:16.551 [FXGL Background Thread 3 ] DEBUG Engine               - actualWidthProperty: ReadOnlyDoubleProperty [value: 1280.0]
17:51:16.551 [FXGL Background Thread 3 ] DEBUG Engine               - appIcon: fxgl_icon.png
17:51:16.551 [FXGL Background Thread 3 ] DEBUG Engine               - applicationMode: DEVELOPER
17:51:16.551 [FXGL Background Thread 3 ] DEBUG Engine               - cSSList: [fxgl_dark.css]
17:51:16.551 [FXGL Background Thread 3 ] DEBUG Engine               - collisionDetectionStrategy: BRUTE_FORCE
17:51:16.551 [FXGL Background Thread 3 ] DEBUG Engine               - configClass: Optional.empty
17:51:16.551 [FXGL Background Thread 3 ] DEBUG Engine               - credits: []
17:51:16.551 [FXGL Background Thread 3 ] DEBUG Engine               - defaultCursor: CursorInfo(imageName=fxgl_default_cursor.png, hotspotX=7.0, hotspotY=6.0)
17:51:16.551 [FXGL Background Thread 3 ] DEBUG Engine               - devBBoxColorProperty: ObjectProperty [value: 0xff0000ff]
17:51:16.551 [FXGL Background Thread 3 ] DEBUG Engine               - devEnableDebugCameraProperty: BooleanProperty [value: false]
17:51:16.552 [FXGL Background Thread 3 ] DEBUG Engine               - devSensorColorProperty: ObjectProperty [value: 0xffff00ff]
17:51:16.552 [FXGL Background Thread 3 ] DEBUG Engine               - devShowBBoxProperty: BooleanProperty [value: false]
17:51:16.552 [FXGL Background Thread 3 ] DEBUG Engine               - devShowPositionProperty: BooleanProperty [value: false]
17:51:16.552 [FXGL Background Thread 3 ] DEBUG Engine               - enabledMenuItems: []
17:51:16.552 [FXGL Background Thread 3 ] DEBUG Engine               - engineServices: [class com.almasb.fxgl.app.services.FXGLAssetLoaderService, class com.almasb.fxgl.app.FXGLApplication$GameApplicationService, class com.almasb.fxgl.app.services.FXGLDialogService, class com.almasb.fxgl.app.services.IOTaskExecutorService, class com.almasb.fxgl.io.FileSystemService, class com.almasb.fxgl.localization.LocalizationService, class com.almasb.fxgl.app.services.SystemBundleService, class com.almasb.fxgl.profile.SaveLoadService, class com.almasb.fxgl.ui.FXGLUIFactoryServiceProvider, class com.almasb.fxgl.ui.FXGLDialogFactoryServiceProvider, class com.almasb.fxgl.audio.AudioPlayer, class com.almasb.fxgl.notification.impl.NotificationServiceProvider, class com.almasb.fxgl.achievement.AchievementService, class com.almasb.fxgl.cutscene.CutsceneService, class com.almasb.fxgl.minigames.MiniGameService, class com.almasb.fxgl.net.NetService, class com.almasb.fxgl.app.services.UpdaterService, class com.almasb.fxgl.dev.DevService]
17:51:16.552 [FXGL Background Thread 3 ] DEBUG Engine               - fontGame: Abel-Regular.ttf
17:51:16.552 [FXGL Background Thread 3 ] DEBUG Engine               - fontMono: TerminalLandMono-Regular.otf
17:51:16.552 [FXGL Background Thread 3 ] DEBUG Engine               - fontText: Courier-Prime.ttf
17:51:16.552 [FXGL Background Thread 3 ] DEBUG Engine               - fontUI: VarelaRound-Regular.ttf
17:51:16.552 [FXGL Background Thread 3 ] DEBUG Engine               - fullScreen: BooleanProperty [value: false]
17:51:16.552 [FXGL Background Thread 3 ] DEBUG Engine               - gameDifficulty: MEDIUM
17:51:16.552 [FXGL Background Thread 3 ] DEBUG Engine               - gameDifficultyProperty: ObjectProperty [value: MEDIUM]
17:51:16.552 [FXGL Background Thread 3 ] DEBUG Engine               - globalMusicVolume: 0.5
17:51:16.552 [FXGL Background Thread 3 ] DEBUG Engine               - globalMusicVolumeProperty: DoubleProperty [value: 0.25]
17:51:16.552 [FXGL Background Thread 3 ] DEBUG Engine               - globalSoundVolume: 0.5
17:51:16.552 [FXGL Background Thread 3 ] DEBUG Engine               - globalSoundVolumeProperty: DoubleProperty [value: 0.5]
17:51:16.552 [FXGL Background Thread 3 ] DEBUG Engine               - height: 720
17:51:16.552 [FXGL Background Thread 3 ] DEBUG Engine               - is3D: false
17:51:16.553 [FXGL Background Thread 3 ] DEBUG Engine               - isAndroid: false
17:51:16.553 [FXGL Background Thread 3 ] DEBUG Engine               - isBrowser: false
17:51:16.553 [FXGL Background Thread 3 ] DEBUG Engine               - isClickFeedbackEnabled: false
17:51:16.553 [FXGL Background Thread 3 ] DEBUG Engine               - isCloseConfirmation: false
17:51:16.553 [FXGL Background Thread 3 ] DEBUG Engine               - isDesktop: true
17:51:16.553 [FXGL Background Thread 3 ] DEBUG Engine               - isDeveloperMenuEnabled: false
17:51:16.553 [FXGL Background Thread 3 ] DEBUG Engine               - isEmbedded: false
17:51:16.553 [FXGL Background Thread 3 ] DEBUG Engine               - isEntityPreloadEnabled: true
17:51:16.553 [FXGL Background Thread 3 ] DEBUG Engine               - isExperimentalTiledLargeMap: false
17:51:16.553 [FXGL Background Thread 3 ] DEBUG Engine               - isFileSystemWriteAllowed: true
17:51:16.553 [FXGL Background Thread 3 ] DEBUG Engine               - isFullScreenAllowed: false
17:51:16.553 [FXGL Background Thread 3 ] DEBUG Engine               - isFullScreenFromStart: false
17:51:16.553 [FXGL Background Thread 3 ] DEBUG Engine               - isGameMenuEnabled: true
17:51:16.553 [FXGL Background Thread 3 ] DEBUG Engine               - isIOS: false
17:51:16.553 [FXGL Background Thread 3 ] DEBUG Engine               - isIntroEnabled: false
17:51:16.553 [FXGL Background Thread 3 ] DEBUG Engine               - isLinux: false
17:51:16.553 [FXGL Background Thread 3 ] DEBUG Engine               - isMac: false
17:51:16.553 [FXGL Background Thread 3 ] DEBUG Engine               - isMainMenuEnabled: false
17:51:16.553 [FXGL Background Thread 3 ] DEBUG Engine               - isManualResizeEnabled: false
17:51:16.553 [FXGL Background Thread 3 ] DEBUG Engine               - isMobile: false
17:51:16.553 [FXGL Background Thread 3 ] DEBUG Engine               - isNative: false
17:51:16.553 [FXGL Background Thread 3 ] DEBUG Engine               - isPauseMusicWhenMinimized: true
17:51:16.553 [FXGL Background Thread 3 ] DEBUG Engine               - isPreserveResizeRatio: false
17:51:16.553 [FXGL Background Thread 3 ] DEBUG Engine               - isProfilingEnabled: false
17:51:16.553 [FXGL Background Thread 3 ] DEBUG Engine               - isScaleAffectedOnResize: true
17:51:16.553 [FXGL Background Thread 3 ] DEBUG Engine               - isSingleStep: false
17:51:16.553 [FXGL Background Thread 3 ] DEBUG Engine               - isUserProfileEnabled: false
17:51:16.553 [FXGL Background Thread 3 ] DEBUG Engine               - isWindows: true
17:51:16.553 [FXGL Background Thread 3 ] DEBUG Engine               - language: ObjectProperty [value: ENGLISH]
17:51:16.554 [FXGL Background Thread 3 ] DEBUG Engine               - menuKey: ESCAPE
17:51:16.554 [FXGL Background Thread 3 ] DEBUG Engine               - mouseSensitivity: 0.2
17:51:16.554 [FXGL Background Thread 3 ] DEBUG Engine               - notificationViewClass: class com.almasb.fxgl.notification.view.XboxNotificationView
17:51:16.554 [FXGL Background Thread 3 ] DEBUG Engine               - pixelsPerMeter: 50.0
17:51:16.554 [FXGL Background Thread 3 ] DEBUG Engine               - platform: WINDOWS
17:51:16.554 [FXGL Background Thread 3 ] DEBUG Engine               - prefHeightProperty: ReadOnlyDoubleProperty [value: 720.0]
17:51:16.554 [FXGL Background Thread 3 ] DEBUG Engine               - prefWidthProperty: ReadOnlyDoubleProperty [value: 1280.0]
17:51:16.554 [FXGL Background Thread 3 ] DEBUG Engine               - profileDir: profiles/
17:51:16.554 [FXGL Background Thread 3 ] DEBUG Engine               - profileName: StringProperty [value: DEFAULT]
17:51:16.554 [FXGL Background Thread 3 ] DEBUG Engine               - randomSeed: -1
17:51:16.554 [FXGL Background Thread 3 ] DEBUG Engine               - runtimeInfo: RuntimeInfo(platform=WINDOWS, version=17.1, build=24.03.2022 17.34)
17:51:16.554 [FXGL Background Thread 3 ] DEBUG Engine               - saveFileExt: sav
17:51:16.554 [FXGL Background Thread 3 ] DEBUG Engine               - scaledHeightProp$fxgl: DoubleProperty [bound, value: 720.0]
17:51:16.555 [FXGL Background Thread 3 ] DEBUG Engine               - scaledWidthProp$fxgl: DoubleProperty [bound, value: 1280.0]
17:51:16.555 [FXGL Background Thread 3 ] DEBUG Engine               - sceneFactory: com.almasb.fxglgames.platformer.PlatformerApp$1@3730f9fb
17:51:16.555 [FXGL Background Thread 3 ] DEBUG Engine               - secondsIn24h: 60
17:51:16.555 [FXGL Background Thread 3 ] DEBUG Engine               - soundMenuBack: menu/back.wav
17:51:16.555 [FXGL Background Thread 3 ] DEBUG Engine               - soundMenuPress: menu/press.wav
17:51:16.555 [FXGL Background Thread 3 ] DEBUG Engine               - soundMenuSelect: menu/select.wav
17:51:16.555 [FXGL Background Thread 3 ] DEBUG Engine               - soundNotification: core/notification.wav
17:51:16.555 [FXGL Background Thread 3 ] DEBUG Engine               - stageStyle: DECORATED
17:51:16.555 [FXGL Background Thread 3 ] DEBUG Engine               - supportedLanguages: [ENGLISH, FRENCH, GERMAN, HUNGARIAN, RUSSIAN]
17:51:16.555 [FXGL Background Thread 3 ] DEBUG Engine               - ticksPerSecond: -1
17:51:16.555 [FXGL Background Thread 3 ] DEBUG Engine               - title: Miguel
17:51:16.555 [FXGL Background Thread 3 ] DEBUG Engine               - urlGithub: https://github.com/AlmasB/FXGL
17:51:16.555 [FXGL Background Thread 3 ] DEBUG Engine               - urlLeaderboard: http://fxgl-top.herokuapp.com/
17:51:16.555 [FXGL Background Thread 3 ] DEBUG Engine               - urlPOM: https://raw.githubusercontent.com/AlmasB/FXGL/release/README.md
17:51:16.555 [FXGL Background Thread 3 ] DEBUG Engine               - userAppClass: class com.almasb.fxglgames.platformer.PlatformerApp
17:51:16.555 [FXGL Background Thread 3 ] DEBUG Engine               - version: 1.0
17:51:16.555 [FXGL Background Thread 3 ] DEBUG Engine               - versionCheckDays: 7
17:51:16.555 [FXGL Background Thread 3 ] DEBUG Engine               - width: 1280
17:51:16.555 [FXGL Background Thread 3 ] DEBUG Engine               - Logging services
17:51:16.555 [FXGL Background Thread 3 ] DEBUG Engine               - class com.almasb.fxgl.app.services.FXGLAssetLoaderService
17:51:16.555 [FXGL Background Thread 3 ] DEBUG Engine               - class com.almasb.fxgl.app.FXGLApplication$GameApplicationService
17:51:16.555 [FXGL Background Thread 3 ] DEBUG Engine               - class com.almasb.fxgl.app.services.FXGLDialogService
17:51:16.555 [FXGL Background Thread 3 ] DEBUG Engine               - class com.almasb.fxgl.app.services.IOTaskExecutorService
17:51:16.555 [FXGL Background Thread 3 ] DEBUG Engine               - class com.almasb.fxgl.io.FileSystemService
17:51:16.555 [FXGL Background Thread 3 ] DEBUG Engine               - class com.almasb.fxgl.localization.LocalizationService
17:51:16.555 [FXGL Background Thread 3 ] DEBUG Engine               - class com.almasb.fxgl.app.services.SystemBundleService
17:51:16.555 [FXGL Background Thread 3 ] DEBUG Engine               - class com.almasb.fxgl.profile.SaveLoadService
17:51:16.555 [FXGL Background Thread 3 ] DEBUG Engine               - class com.almasb.fxgl.ui.FXGLUIFactoryServiceProvider
17:51:16.555 [FXGL Background Thread 3 ] DEBUG Engine               - class com.almasb.fxgl.ui.FXGLDialogFactoryServiceProvider
17:51:16.555 [FXGL Background Thread 3 ] DEBUG Engine               - class com.almasb.fxgl.audio.AudioPlayer
17:51:16.555 [FXGL Background Thread 3 ] DEBUG Engine               - class com.almasb.fxgl.notification.impl.NotificationServiceProvider
17:51:16.555 [FXGL Background Thread 3 ] DEBUG Engine               - class com.almasb.fxgl.achievement.AchievementService
17:51:16.556 [FXGL Background Thread 3 ] DEBUG Engine               - class com.almasb.fxgl.cutscene.CutsceneService
17:51:16.556 [FXGL Background Thread 3 ] DEBUG Engine               - class com.almasb.fxgl.minigames.MiniGameService
17:51:16.556 [FXGL Background Thread 3 ] DEBUG Engine               - class com.almasb.fxgl.net.NetService
17:51:16.556 [FXGL Background Thread 3 ] DEBUG Engine               - class com.almasb.fxgl.app.services.UpdaterService
17:51:16.556 [FXGL Background Thread 3 ] DEBUG Engine               - class com.almasb.fxgl.dev.DevService
17:51:30.687 [JavaFX Application Thread] DEBUG Input                - Registered new binding: Close Level End Screen - LMB
17:51:30.687 [JavaFX Application Thread] DEBUG PrimaryStageWindow   - Push state: LevelEndScene
17:51:30.687 [JavaFX Application Thread] DEBUG Input                - Clearing active input actions
17:51:30.687 [JavaFX Application Thread] DEBUG GameApplicationServi - Removing overlay from GameScene and adding to LevelEndScene
17:51:30.688 [JavaFX Application Thread] DEBUG PrimaryStageWindow   - GameScene -> LevelEndScene
17:51:31.166 [JavaFX Application Thread] DEBUG PrimaryStageWindow   - Pop state: LevelEndScene
17:51:31.166 [JavaFX Application Thread] DEBUG Input                - Clearing active input actions
17:51:31.166 [JavaFX Application Thread] DEBUG GameApplicationServi - Removing overlay from LevelEndScene and adding to GameScene
17:51:31.166 [JavaFX Application Thread] DEBUG PrimaryStageWindow   - GameScene <- LevelEndScene
17:51:32.126 [JavaFX Application Thread] WARN  TMXLevelLoader       - TiledMap generated from 1.10.0. Supported version: 1.4.2. Some features may not be parsed fully.
17:51:32.129 [JavaFX Application Thread] DEBUG TMXLevelLoader       - Parsed TiledMap: file:/C:/Users/koenm/Documents/GitHub/ipose-groep-4/target/classes/assets/levels/tmx/level2.tmx
17:51:32.129 [JavaFX Application Thread] DEBUG TMXLevelLoader       - Creating tile layer entities
17:51:32.129 [JavaFX Application Thread] DEBUG TilesetLoader        - Loading view for layer Tile Layer 1
17:51:32.134 [JavaFX Application Thread] DEBUG TilesetLoader        - Created buffer with size 4900.0x700.0
17:51:32.145 [JavaFX Application Thread] DEBUG TMXLevelLoader       - Creating object layer entities
17:51:32.152 [JavaFX Application Thread] DEBUG GameWorld            - Clearing removable entities
17:51:32.153 [JavaFX Application Thread] DEBUG GameWorld            - Setting level: com.almasb.fxgl.entity.level.Level@2297a14b
17:51:52.156 [JavaFX Application Thread] DEBUG PrimaryStageWindow   - Push state: LevelEndScene
17:51:52.156 [JavaFX Application Thread] DEBUG Input                - Clearing active input actions
17:51:52.156 [JavaFX Application Thread] DEBUG GameApplicationServi - Removing overlay from GameScene and adding to LevelEndScene
17:51:52.157 [JavaFX Application Thread] DEBUG PrimaryStageWindow   - GameScene -> LevelEndScene
17:51:53.196 [JavaFX Application Thread] DEBUG PrimaryStageWindow   - Pop state: LevelEndScene
17:51:53.196 [JavaFX Application Thread] DEBUG Input                - Clearing active input actions
17:51:53.196 [JavaFX Application Thread] DEBUG GameApplicationServi - Removing overlay from LevelEndScene and adding to GameScene
17:51:53.196 [JavaFX Application Thread] DEBUG PrimaryStageWindow   - GameScene <- LevelEndScene
17:51:54.167 [JavaFX Application Thread] WARN  TMXLevelLoader       - TiledMap generated from 1.10.1. Supported version: 1.4.2. Some features may not be parsed fully.
17:51:54.169 [JavaFX Application Thread] DEBUG TMXLevelLoader       - Parsed TiledMap: file:/C:/Users/koenm/Documents/GitHub/ipose-groep-4/target/classes/assets/levels/tmx/level3.tmx
17:51:54.170 [JavaFX Application Thread] DEBUG TMXLevelLoader       - Creating tile layer entities
17:51:54.170 [JavaFX Application Thread] DEBUG TilesetLoader        - Loading view for layer Tile Layer 1
17:51:54.171 [JavaFX Application Thread] DEBUG TilesetLoader        - Created buffer with size 4900.0x700.0
17:51:54.181 [JavaFX Application Thread] DEBUG TMXLevelLoader       - Creating object layer entities
17:51:54.183 [JavaFX Application Thread] DEBUG GameWorld            - Clearing removable entities
17:51:54.183 [JavaFX Application Thread] DEBUG GameWorld            - Setting level: com.almasb.fxgl.entity.level.Level@c82df58
17:52:15.900 [JavaFX Application Thread] DEBUG FXGLApplication      - Exiting FXGL
17:52:15.900 [JavaFX Application Thread] DEBUG LoopRunner           - Stopping loop
17:52:15.900 [JavaFX Application Thread] DEBUG SystemBundleService  - Saving FXGL system data
17:52:15.902 [JavaFX Application Thread] DEBUG FileSystemAccess     - Writing to: C:\Users\koenm\Documents\GitHub\ipose-groep-4\system\fxgl.bundle
17:52:15.903 [JavaFX Application Thread] DEBUG Async                - Shutting down background threads
17:52:15.904 [JavaFX Application Thread] DEBUG PrimaryStageWindow   - Closing main window
17:52:15.913 [JavaFX Application Thread] DEBUG Logger               - Closing Logger
