12:17:08.677 [main                     ] DEBUG Logger               - Configured Logger
12:17:08.724 [main                     ] DEBUG GameApplication      - Logging settings
Title: Miguel
Version: 1.0
Width: 1400
Height: 720
Fullscreen: false
Intro: false
Profiling: false
Single step:false
App Mode: DEVELOPER
Menu Key: ESCAPE
Stage Style: DECORATED
Scene Factory: class com.almasb.fxglgames.platformer.PlatformerApp$1

12:17:09.275 [JavaFX Application Thread] DEBUG FXGLApplication      - Initializing FXGL
12:17:09.285 [JavaFX Application Thread] INFO  Engine               - FXGL-17.1 (24.03.2022 17.34) on WINDOWS (J:19.0.1 FX:19-ea)
12:17:09.286 [JavaFX Application Thread] DEBUG Engine               - JRE Vendor Name: Oracle Corporation
12:17:09.286 [JavaFX Application Thread] DEBUG Engine               - Running on OS: Windows 10 version 10.0
12:17:09.287 [JavaFX Application Thread] DEBUG Engine               - Architecture: amd64
12:17:09.287 [JavaFX Application Thread] INFO  Engine               - Source code and latest versions at: https://github.com/AlmasB/FXGL
12:17:09.287 [JavaFX Application Thread] INFO  Engine               -       Ask questions and discuss at: https://github.com/AlmasB/FXGL/discussions
12:17:09.287 [JavaFX Application Thread] INFO  Engine               -              Join the FXGL chat at: https://gitter.im/AlmasB/FXGL
12:17:09.424 [JavaFX Application Thread] DEBUG PrimaryStageWindow   - Creating a JavaFX scene
12:17:09.494 [JavaFX Application Thread] DEBUG PrimaryStageWindow   - Target settings size: 1400.0 x 720.0
12:17:09.494 [JavaFX Application Thread] DEBUG PrimaryStageWindow   - Scaled scene size:    1400.0 x 720.0
12:17:09.495 [JavaFX Application Thread] DEBUG PrimaryStageWindow   - Scaled ratio: (1.0, 1.0)
12:17:09.497 [JavaFX Application Thread] DEBUG PrimaryStageWindow   - Set initial scene to FXGLStartupScene
12:17:09.510 [JavaFX Application Thread] DEBUG PrimaryStageWindow   - Opening main window
12:17:09.639 [JavaFX Application Thread] DEBUG PrimaryStageWindow   - Window border size: (14.4000244140625, 37.5999755859375)
12:17:09.639 [JavaFX Application Thread] DEBUG PrimaryStageWindow   - Scaled size: 1400.0 x 720.0
12:17:09.640 [JavaFX Application Thread] DEBUG PrimaryStageWindow   - Scaled ratio: (1.0, 1.0)
12:17:09.640 [JavaFX Application Thread] DEBUG PrimaryStageWindow   - Scene size: 1400.0 x 720.0
12:17:09.641 [JavaFX Application Thread] DEBUG PrimaryStageWindow   - Stage size: 1414.4000244140625 x 757.5999755859375
12:17:09.657 [FXGL Background Thread 1 ] DEBUG Engine               - Initializing environment variables
12:17:09.743 [FXGL Background Thread 1 ] DEBUG FXGLAssetLoaderServi - User app class for loading assets: class com.almasb.fxglgames.platformer.PlatformerApp
12:17:09.743 [FXGL Background Thread 1 ] DEBUG GameApplicationServi - Applying CSS: fxgl_dark.css
12:17:09.745 [FXGL Background Thread 1 ] DEBUG FXGLAssetLoaderServi - Loading from file system: jar:file:///C:/Users/jardk/.m2/repository/com/github/almasb/fxgl/17.1/fxgl-17.1.jar!/fxglassets/ui/css/fxgl_dark.css
12:17:09.830 [FXGL Background Thread 1 ] DEBUG GameApplicationServi - Initializing application scenes
12:17:09.918 [FXGL Background Thread 1 ] DEBUG FXGLAssetLoaderServi - Loading from file system: file:/C:/ipose-groep-4/target/classes/assets/textures/player.png
12:17:09.963 [FXGL Background Thread 1 ] DEBUG GameWorld            - Game world initialized
12:17:10.055 [FXGL Background Thread 1 ] DEBUG PhysicsWorld         - Physics world initialized: appHeight=720, physics.ppm=50,0
12:17:10.056 [FXGL Background Thread 1 ] DEBUG PhysicsWorld         - Using strategy: BRUTE_FORCE
12:17:10.063 [FXGL Background Thread 1 ] DEBUG GameScene            - Game scene initialized: 1400x720
12:17:10.077 [FXGL Background Thread 1 ] DEBUG FXGL.DefaultMenu     - createMenuBodyMainMenu()
12:17:10.104 [FXGL Background Thread 1 ] DEBUG FXGL.DefaultMenu     - createOptionsMenu()
12:17:10.123 [FXGL Background Thread 1 ] DEBUG FXGLAssetLoaderServi - Loading from file system: jar:file:///C:/Users/jardk/.m2/repository/com/github/almasb/fxgl/17.1/fxgl-17.1.jar!/fxglassets/textures/particles/smoke.png
12:17:10.373 [FXGL Background Thread 1 ] DEBUG FXGLAssetLoaderServi - Loading from file system: jar:file:///C:/Users/jardk/.m2/repository/com/github/almasb/fxgl/17.1/fxgl-17.1.jar!/fxglassets/textures/particles/trace_horizontal.png
12:17:10.436 [FXGL Background Thread 1 ] DEBUG FXGL.DefaultMenu     - createMenuBodyGameMenu()
12:17:10.438 [FXGL Background Thread 1 ] DEBUG FXGL.DefaultMenu     - createOptionsMenu()
12:17:10.465 [FXGL Background Thread 1 ] DEBUG GameApplicationServi - Application scenes initialized
12:17:10.483 [FXGL Background Thread 1 ] DEBUG SystemBundleService  - Loading FXGL system data
12:17:10.491 [FXGL Background Thread 1 ] DEBUG FileSystemAccess     - Reading from: C:\ipose-groep-4\system\fxgl.bundle
12:17:10.507 [FXGL Background Thread 1 ] DEBUG SystemBundleService  - Bundle FXGL: {}
12:17:10.507 [FXGL Background Thread 1 ] DEBUG UpdaterService       - Checking for updates
12:17:10.514 [FXGL Background Thread 4 ] DEBUG FXGLApplication      - Loading fonts
12:17:10.515 [FXGL Background Thread 1 ] DEBUG FXGLApplication      - Loading default localization
12:17:10.515 [FXGL Background Thread 4 ] DEBUG FXGLAssetLoaderServi - Loading from file system: jar:file:///C:/Users/jardk/.m2/repository/com/github/almasb/fxgl/17.1/fxgl-17.1.jar!/fxglassets/ui/fonts/VarelaRound-Regular.ttf
12:17:10.516 [FXGL Background Thread 1 ] DEBUG FXGLAssetLoaderServi - Loading from file system: jar:file:///C:/Users/jardk/.m2/repository/com/github/almasb/fxgl/17.1/fxgl-17.1.jar!/fxglassets/languages/english.lang
12:17:10.552 [FXGL Background Thread 1 ] INFO  FXGLApplication      - FXGL initialization took: 0,895 sec
12:17:10.568 [JavaFX Application Thread] DEBUG Input                - Registered new binding: Left - A
12:17:10.568 [JavaFX Application Thread] DEBUG Input                - Registered new binding: Right - D
12:17:10.569 [JavaFX Application Thread] DEBUG Input                - Registered new binding: Jump - W
12:17:10.569 [JavaFX Application Thread] DEBUG Input                - Registered new binding: Use - E
12:17:10.570 [JavaFX Application Thread] DEBUG FXGLAssetLoaderServi - Loading from file system: file:/C:/ipose-groep-4/target/classes/assets/music/BGM_dash_runner.wav
12:17:10.599 [FXGL Background Thread 4 ] DEBUG FXGLAssetLoaderServi - Loading from file system: jar:file:///C:/Users/jardk/.m2/repository/com/github/almasb/fxgl/17.1/fxgl-17.1.jar!/fxglassets/ui/fonts/Abel-Regular.ttf
12:17:10.604 [FXGL Background Thread 4 ] DEBUG FXGLAssetLoaderServi - Loading from file system: jar:file:///C:/Users/jardk/.m2/repository/com/github/almasb/fxgl/17.1/fxgl-17.1.jar!/fxglassets/ui/fonts/TerminalLandMono-Regular.otf
12:17:10.611 [FXGL Background Thread 4 ] DEBUG FXGLAssetLoaderServi - Loading from file system: jar:file:///C:/Users/jardk/.m2/repository/com/github/almasb/fxgl/17.1/fxgl-17.1.jar!/fxglassets/ui/fonts/Courier-Prime.ttf
12:17:10.758 [JavaFX Application Thread] DEBUG AudioPlayer          - Playing music com.almasb.fxgl.audio.Music@6160bad5
12:17:10.759 [JavaFX Application Thread] DEBUG FXGLAssetLoaderServi - Loading from file system: jar:file:///C:/Users/jardk/.m2/repository/com/github/almasb/fxgl/17.1/fxgl-17.1.jar!/fxglassets/textures/fxgl_icon.png
12:17:10.790 [JavaFX Application Thread] DEBUG FXGLAssetLoaderServi - Loading from file system: jar:file:///C:/Users/jardk/.m2/repository/com/github/almasb/fxgl/17.1/fxgl-17.1.jar!/fxglassets/textures/fxgl_default_cursor.png
12:17:10.793 [JavaFX Application Thread] DEBUG Input                - Registered new binding: Screenshot - CTRL+8
12:17:10.794 [JavaFX Application Thread] DEBUG Input                - Registered new binding: System info dump - CTRL+9
12:17:10.795 [JavaFX Application Thread] DEBUG Input                - Registered new binding: Restart - CTRL+R
12:17:10.795 [JavaFX Application Thread] DEBUG Input                - Registered new binding: Toggle Debug Camera - CTRL+7
12:17:10.798 [JavaFX Application Thread] DEBUG LoopRunner           - Starting loop
12:17:10.799 [JavaFX Application Thread] DEBUG LoopRunner           - Initializing JavaFX AnimationTimerLoop
12:17:10.803 [JavaFX Application Thread] DEBUG Input                - Clearing active input actions
12:17:10.823 [JavaFX Application Thread] DEBUG GameApplicationServi - Removing overlay from FXGLStartupScene and adding to FXGLMainMenuDummyScene
12:17:10.824 [JavaFX Application Thread] DEBUG PrimaryStageWindow   - FXGLStartupScene -> FXGLMainMenuDummyScene
12:17:10.824 [JavaFX Application Thread] DEBUG PrimaryStageWindow   - Push state: FXGLDefaultMenu
12:17:10.833 [JavaFX Application Thread] DEBUG Input                - Clearing active input actions
12:17:10.848 [JavaFX Application Thread] DEBUG GameApplicationServi - Removing overlay from FXGLMainMenuDummyScene and adding to FXGLDefaultMenu
12:17:10.849 [JavaFX Application Thread] DEBUG PrimaryStageWindow   - FXGLMainMenuDummyScene -> FXGLDefaultMenu
12:17:10.850 [JavaFX Application Thread] DEBUG FXGLApplication      - Registering font factories with UI factory
12:17:11.091 [FXGL Background Thread 2 ] INFO  UpdaterService       - Your current version:  17.1
12:17:11.091 [FXGL Background Thread 2 ] INFO  UpdaterService       - Latest stable version: 17.3
12:17:11.459 [JavaFX Application Thread] DEBUG Menu                 - fireNewGame()
12:17:11.460 [JavaFX Application Thread] DEBUG GameApplicationServi - Starting new game
12:17:11.468 [JavaFX Application Thread] DEBUG PrimaryStageWindow   - Pop state: FXGLDefaultMenu
12:17:11.468 [JavaFX Application Thread] DEBUG Input                - Clearing active input actions
12:17:11.469 [JavaFX Application Thread] DEBUG GameApplicationServi - Removing overlay from FXGLDefaultMenu and adding to FXGLMainMenuDummyScene
12:17:11.470 [JavaFX Application Thread] DEBUG PrimaryStageWindow   - FXGLMainMenuDummyScene <- FXGLDefaultMenu
12:17:11.471 [JavaFX Application Thread] DEBUG Input                - Clearing active input actions
12:17:11.480 [JavaFX Application Thread] DEBUG GameApplicationServi - Removing overlay from FXGLMainMenuDummyScene and adding to MainLoadingScene
12:17:11.480 [JavaFX Application Thread] DEBUG PrimaryStageWindow   - FXGLMainMenuDummyScene -> MainLoadingScene
12:17:11.480 [JavaFX Application Thread] DEBUG GameApplicationServi - Clearing previous game
12:17:11.480 [JavaFX Application Thread] DEBUG GameScene            - Clearing game scene
12:17:11.481 [JavaFX Application Thread] DEBUG GameWorld            - Clearing game world
12:17:11.481 [JavaFX Application Thread] DEBUG PhysicsWorld         - Clearing physics world
12:17:11.483 [FXGL Background Thread 2 ] DEBUG FXGLApplication      - Initializing game
12:17:11.525 [FXGL Background Thread 2 ] WARN  TMXLevelLoader       - TiledMap generated from 1.10.0. Supported version: 1.4.2. Some features may not be parsed fully.
12:17:11.539 [FXGL Background Thread 2 ] DEBUG TMXLevelLoader       - Parsed TiledMap: file:/C:/ipose-groep-4/target/classes/assets/levels/tmx/level1.tmx
12:17:11.540 [FXGL Background Thread 2 ] DEBUG TMXLevelLoader       - Creating tile layer entities
12:17:11.542 [FXGL Background Thread 2 ] DEBUG TilesetLoader        - Loading view for layer Tile Layer 1
12:17:11.549 [FXGL Background Thread 2 ] DEBUG TilesetLoader        - Created buffer with size 4900.0x700.0
12:17:11.585 [FXGL Background Thread 2 ] DEBUG TMXLevelLoader       - Creating object layer entities
12:17:11.619 [FXGL Background Thread 2 ] DEBUG GameWorld            - Clearing removable entities
12:17:11.620 [FXGL Background Thread 2 ] DEBUG GameWorld            - Setting level: com.almasb.fxgl.entity.level.Level@1fc50753
12:17:11.646 [FXGL Background Thread 2 ] DEBUG FXGLAssetLoaderServi - Loading from file system: file:/C:/ipose-groep-4/target/classes/assets/textures/trump.png
12:17:11.653 [FXGL Background Thread 2 ] DEBUG FXGLAssetLoaderServi - Loading from file system: file:/C:/ipose-groep-4/target/classes/assets/textures/background/forest.png
12:17:11.685 [FXGL Background Thread 2 ] INFO  FXGLApplication      - Game initialization took: 0,202 sec
12:17:11.686 [JavaFX Application Thread] DEBUG Input                - Clearing active input actions
12:17:11.694 [JavaFX Application Thread] DEBUG GameApplicationServi - Removing overlay from MainLoadingScene and adding to GameScene
12:17:11.695 [JavaFX Application Thread] DEBUG PrimaryStageWindow   - MainLoadingScene -> GameScene
12:17:13.513 [FXGL Background Thread 3 ] DEBUG Engine               - Logging environment variables
12:17:13.514 [FXGL Background Thread 3 ] DEBUG Engine               - achievements: []
12:17:13.514 [FXGL Background Thread 3 ] DEBUG Engine               - actualHeight: 720.0
12:17:13.514 [FXGL Background Thread 3 ] DEBUG Engine               - actualHeightProperty: ReadOnlyDoubleProperty [value: 720.0]
12:17:13.515 [FXGL Background Thread 3 ] DEBUG Engine               - actualWidth: 1400.0
12:17:13.515 [FXGL Background Thread 3 ] DEBUG Engine               - actualWidthProperty: ReadOnlyDoubleProperty [value: 1400.0]
12:17:13.515 [FXGL Background Thread 3 ] DEBUG Engine               - appIcon: fxgl_icon.png
12:17:13.515 [FXGL Background Thread 3 ] DEBUG Engine               - applicationMode: DEVELOPER
12:17:13.515 [FXGL Background Thread 3 ] DEBUG Engine               - cSSList: [fxgl_dark.css]
12:17:13.515 [FXGL Background Thread 3 ] DEBUG Engine               - collisionDetectionStrategy: BRUTE_FORCE
12:17:13.515 [FXGL Background Thread 3 ] DEBUG Engine               - configClass: Optional.empty
12:17:13.516 [FXGL Background Thread 3 ] DEBUG Engine               - credits: []
12:17:13.519 [FXGL Background Thread 3 ] DEBUG Engine               - defaultCursor: CursorInfo(imageName=fxgl_default_cursor.png, hotspotX=7.0, hotspotY=6.0)
12:17:13.520 [FXGL Background Thread 3 ] DEBUG Engine               - devBBoxColorProperty: ObjectProperty [value: 0xff0000ff]
12:17:13.520 [FXGL Background Thread 3 ] DEBUG Engine               - devEnableDebugCameraProperty: BooleanProperty [value: false]
12:17:13.520 [FXGL Background Thread 3 ] DEBUG Engine               - devSensorColorProperty: ObjectProperty [value: 0xffff00ff]
12:17:13.521 [FXGL Background Thread 3 ] DEBUG Engine               - devShowBBoxProperty: BooleanProperty [value: false]
12:17:13.521 [FXGL Background Thread 3 ] DEBUG Engine               - devShowPositionProperty: BooleanProperty [value: false]
12:17:13.521 [FXGL Background Thread 3 ] DEBUG Engine               - enabledMenuItems: []
12:17:13.521 [FXGL Background Thread 3 ] DEBUG Engine               - engineServices: [class com.almasb.fxgl.app.services.FXGLAssetLoaderService, class com.almasb.fxgl.app.FXGLApplication$GameApplicationService, class com.almasb.fxgl.app.services.FXGLDialogService, class com.almasb.fxgl.app.services.IOTaskExecutorService, class com.almasb.fxgl.io.FileSystemService, class com.almasb.fxgl.localization.LocalizationService, class com.almasb.fxgl.app.services.SystemBundleService, class com.almasb.fxgl.profile.SaveLoadService, class com.almasb.fxgl.ui.FXGLUIFactoryServiceProvider, class com.almasb.fxgl.ui.FXGLDialogFactoryServiceProvider, class com.almasb.fxgl.audio.AudioPlayer, class com.almasb.fxgl.notification.impl.NotificationServiceProvider, class com.almasb.fxgl.achievement.AchievementService, class com.almasb.fxgl.cutscene.CutsceneService, class com.almasb.fxgl.minigames.MiniGameService, class com.almasb.fxgl.net.NetService, class com.almasb.fxgl.app.services.UpdaterService, class com.almasb.fxgl.dev.DevService]
12:17:13.521 [FXGL Background Thread 3 ] DEBUG Engine               - fontGame: Abel-Regular.ttf
12:17:13.521 [FXGL Background Thread 3 ] DEBUG Engine               - fontMono: TerminalLandMono-Regular.otf
12:17:13.521 [FXGL Background Thread 3 ] DEBUG Engine               - fontText: Courier-Prime.ttf
12:17:13.521 [FXGL Background Thread 3 ] DEBUG Engine               - fontUI: VarelaRound-Regular.ttf
12:17:13.521 [FXGL Background Thread 3 ] DEBUG Engine               - fullScreen: BooleanProperty [value: false]
12:17:13.521 [FXGL Background Thread 3 ] DEBUG Engine               - gameDifficulty: MEDIUM
12:17:13.522 [FXGL Background Thread 3 ] DEBUG Engine               - gameDifficultyProperty: ObjectProperty [value: MEDIUM]
12:17:13.522 [FXGL Background Thread 3 ] DEBUG Engine               - globalMusicVolume: 0.5
12:17:13.522 [FXGL Background Thread 3 ] DEBUG Engine               - globalMusicVolumeProperty: DoubleProperty [value: 0.25]
12:17:13.522 [FXGL Background Thread 3 ] DEBUG Engine               - globalSoundVolume: 0.5
12:17:13.522 [FXGL Background Thread 3 ] DEBUG Engine               - globalSoundVolumeProperty: DoubleProperty [value: 0.5]
12:17:13.522 [FXGL Background Thread 3 ] DEBUG Engine               - height: 720
12:17:13.523 [FXGL Background Thread 3 ] DEBUG Engine               - is3D: false
12:17:13.523 [FXGL Background Thread 3 ] DEBUG Engine               - isAndroid: false
12:17:13.523 [FXGL Background Thread 3 ] DEBUG Engine               - isBrowser: false
12:17:13.523 [FXGL Background Thread 3 ] DEBUG Engine               - isClickFeedbackEnabled: false
12:17:13.523 [FXGL Background Thread 3 ] DEBUG Engine               - isCloseConfirmation: false
12:17:13.523 [FXGL Background Thread 3 ] DEBUG Engine               - isDesktop: true
12:17:13.523 [FXGL Background Thread 3 ] DEBUG Engine               - isDeveloperMenuEnabled: false
12:17:13.523 [FXGL Background Thread 3 ] DEBUG Engine               - isEmbedded: false
12:17:13.523 [FXGL Background Thread 3 ] DEBUG Engine               - isEntityPreloadEnabled: true
12:17:13.523 [FXGL Background Thread 3 ] DEBUG Engine               - isExperimentalTiledLargeMap: false
12:17:13.523 [FXGL Background Thread 3 ] DEBUG Engine               - isFileSystemWriteAllowed: true
12:17:13.523 [FXGL Background Thread 3 ] DEBUG Engine               - isFullScreenAllowed: false
12:17:13.523 [FXGL Background Thread 3 ] DEBUG Engine               - isFullScreenFromStart: false
12:17:13.523 [FXGL Background Thread 3 ] DEBUG Engine               - isGameMenuEnabled: true
12:17:13.523 [FXGL Background Thread 3 ] DEBUG Engine               - isIOS: false
12:17:13.523 [FXGL Background Thread 3 ] DEBUG Engine               - isIntroEnabled: false
12:17:13.524 [FXGL Background Thread 3 ] DEBUG Engine               - isLinux: false
12:17:13.524 [FXGL Background Thread 3 ] DEBUG Engine               - isMac: false
12:17:13.524 [FXGL Background Thread 3 ] DEBUG Engine               - isMainMenuEnabled: true
12:17:13.524 [FXGL Background Thread 3 ] DEBUG Engine               - isManualResizeEnabled: false
12:17:13.524 [FXGL Background Thread 3 ] DEBUG Engine               - isMobile: false
12:17:13.524 [FXGL Background Thread 3 ] DEBUG Engine               - isNative: false
12:17:13.524 [FXGL Background Thread 3 ] DEBUG Engine               - isPauseMusicWhenMinimized: true
12:17:13.524 [FXGL Background Thread 3 ] DEBUG Engine               - isPreserveResizeRatio: false
12:17:13.524 [FXGL Background Thread 3 ] DEBUG Engine               - isProfilingEnabled: false
12:17:13.524 [FXGL Background Thread 3 ] DEBUG Engine               - isScaleAffectedOnResize: true
12:17:13.524 [FXGL Background Thread 3 ] DEBUG Engine               - isSingleStep: false
12:17:13.524 [FXGL Background Thread 3 ] DEBUG Engine               - isUserProfileEnabled: false
12:17:13.524 [FXGL Background Thread 3 ] DEBUG Engine               - isWindows: true
12:17:13.524 [FXGL Background Thread 3 ] DEBUG Engine               - language: ObjectProperty [value: ENGLISH]
12:17:13.524 [FXGL Background Thread 3 ] DEBUG Engine               - menuKey: ESCAPE
12:17:13.525 [FXGL Background Thread 3 ] DEBUG Engine               - mouseSensitivity: 0.2
12:17:13.525 [FXGL Background Thread 3 ] DEBUG Engine               - notificationViewClass: class com.almasb.fxgl.notification.view.XboxNotificationView
12:17:13.525 [FXGL Background Thread 3 ] DEBUG Engine               - pixelsPerMeter: 50.0
12:17:13.525 [FXGL Background Thread 3 ] DEBUG Engine               - platform: WINDOWS
12:17:13.525 [FXGL Background Thread 3 ] DEBUG Engine               - prefHeightProperty: ReadOnlyDoubleProperty [value: 720.0]
12:17:13.525 [FXGL Background Thread 3 ] DEBUG Engine               - prefWidthProperty: ReadOnlyDoubleProperty [value: 1400.0]
12:17:13.525 [FXGL Background Thread 3 ] DEBUG Engine               - profileDir: profiles/
12:17:13.525 [FXGL Background Thread 3 ] DEBUG Engine               - profileName: StringProperty [value: DEFAULT]
12:17:13.525 [FXGL Background Thread 3 ] DEBUG Engine               - randomSeed: -1
12:17:13.526 [FXGL Background Thread 3 ] DEBUG Engine               - runtimeInfo: RuntimeInfo(platform=WINDOWS, version=17.1, build=24.03.2022 17.34)
12:17:13.526 [FXGL Background Thread 3 ] DEBUG Engine               - saveFileExt: sav
12:17:13.526 [FXGL Background Thread 3 ] DEBUG Engine               - scaledHeightProp$fxgl: DoubleProperty [bound, value: 720.0]
12:17:13.526 [FXGL Background Thread 3 ] DEBUG Engine               - scaledWidthProp$fxgl: DoubleProperty [bound, value: 1400.0]
12:17:13.526 [FXGL Background Thread 3 ] DEBUG Engine               - sceneFactory: com.almasb.fxglgames.platformer.PlatformerApp$1@5cbb28c5
12:17:13.526 [FXGL Background Thread 3 ] DEBUG Engine               - secondsIn24h: 60
12:17:13.526 [FXGL Background Thread 3 ] DEBUG Engine               - soundMenuBack: menu/back.wav
12:17:13.526 [FXGL Background Thread 3 ] DEBUG Engine               - soundMenuPress: menu/press.wav
12:17:13.526 [FXGL Background Thread 3 ] DEBUG Engine               - soundMenuSelect: menu/select.wav
12:17:13.526 [FXGL Background Thread 3 ] DEBUG Engine               - soundNotification: core/notification.wav
12:17:13.526 [FXGL Background Thread 3 ] DEBUG Engine               - stageStyle: DECORATED
12:17:13.526 [FXGL Background Thread 3 ] DEBUG Engine               - supportedLanguages: [ENGLISH, FRENCH, GERMAN, HUNGARIAN, RUSSIAN]
12:17:13.526 [FXGL Background Thread 3 ] DEBUG Engine               - ticksPerSecond: -1
12:17:13.526 [FXGL Background Thread 3 ] DEBUG Engine               - title: Miguel
12:17:13.527 [FXGL Background Thread 3 ] DEBUG Engine               - urlGithub: https://github.com/AlmasB/FXGL
12:17:13.527 [FXGL Background Thread 3 ] DEBUG Engine               - urlLeaderboard: http://fxgl-top.herokuapp.com/
12:17:13.527 [FXGL Background Thread 3 ] DEBUG Engine               - urlPOM: https://raw.githubusercontent.com/AlmasB/FXGL/release/README.md
12:17:13.527 [FXGL Background Thread 3 ] DEBUG Engine               - userAppClass: class com.almasb.fxglgames.platformer.PlatformerApp
12:17:13.527 [FXGL Background Thread 3 ] DEBUG Engine               - version: 1.0
12:17:13.527 [FXGL Background Thread 3 ] DEBUG Engine               - versionCheckDays: 7
12:17:13.527 [FXGL Background Thread 3 ] DEBUG Engine               - width: 1400
12:17:13.527 [FXGL Background Thread 3 ] DEBUG Engine               - Logging services
12:17:13.527 [FXGL Background Thread 3 ] DEBUG Engine               - class com.almasb.fxgl.app.services.FXGLAssetLoaderService
12:17:13.527 [FXGL Background Thread 3 ] DEBUG Engine               - class com.almasb.fxgl.app.FXGLApplication$GameApplicationService
12:17:13.527 [FXGL Background Thread 3 ] DEBUG Engine               - class com.almasb.fxgl.app.services.FXGLDialogService
12:17:13.527 [FXGL Background Thread 3 ] DEBUG Engine               - class com.almasb.fxgl.app.services.IOTaskExecutorService
12:17:13.527 [FXGL Background Thread 3 ] DEBUG Engine               - class com.almasb.fxgl.io.FileSystemService
12:17:13.527 [FXGL Background Thread 3 ] DEBUG Engine               - class com.almasb.fxgl.localization.LocalizationService
12:17:13.527 [FXGL Background Thread 3 ] DEBUG Engine               - class com.almasb.fxgl.app.services.SystemBundleService
12:17:13.528 [FXGL Background Thread 3 ] DEBUG Engine               - class com.almasb.fxgl.profile.SaveLoadService
12:17:13.528 [FXGL Background Thread 3 ] DEBUG Engine               - class com.almasb.fxgl.ui.FXGLUIFactoryServiceProvider
12:17:13.528 [FXGL Background Thread 3 ] DEBUG Engine               - class com.almasb.fxgl.ui.FXGLDialogFactoryServiceProvider
12:17:13.528 [FXGL Background Thread 3 ] DEBUG Engine               - class com.almasb.fxgl.audio.AudioPlayer
12:17:13.528 [FXGL Background Thread 3 ] DEBUG Engine               - class com.almasb.fxgl.notification.impl.NotificationServiceProvider
12:17:13.528 [FXGL Background Thread 3 ] DEBUG Engine               - class com.almasb.fxgl.achievement.AchievementService
12:17:13.528 [FXGL Background Thread 3 ] DEBUG Engine               - class com.almasb.fxgl.cutscene.CutsceneService
12:17:13.528 [FXGL Background Thread 3 ] DEBUG Engine               - class com.almasb.fxgl.minigames.MiniGameService
12:17:13.528 [FXGL Background Thread 3 ] DEBUG Engine               - class com.almasb.fxgl.net.NetService
12:17:13.528 [FXGL Background Thread 3 ] DEBUG Engine               - class com.almasb.fxgl.app.services.UpdaterService
12:17:13.528 [FXGL Background Thread 3 ] DEBUG Engine               - class com.almasb.fxgl.dev.DevService
12:17:21.993 [JavaFX Application Thread] DEBUG FXGLApplication      - Exiting FXGL
12:17:21.993 [JavaFX Application Thread] DEBUG LoopRunner           - Stopping loop
12:17:21.993 [JavaFX Application Thread] DEBUG SystemBundleService  - Saving FXGL system data
12:17:21.996 [JavaFX Application Thread] DEBUG FileSystemAccess     - Writing to: C:\ipose-groep-4\system\fxgl.bundle
12:17:22.000 [JavaFX Application Thread] DEBUG Async                - Shutting down background threads
12:17:22.000 [JavaFX Application Thread] DEBUG PrimaryStageWindow   - Closing main window
12:17:22.021 [JavaFX Application Thread] DEBUG Logger               - Closing Logger
