15:00:39.428 [main                     ] DEBUG Logger               - Configured Logger
15:00:39.481 [main                     ] DEBUG GameApplication      - Logging settings
Title: Untitled
Version: 0.0
Width: 1400
Height: 720
Fullscreen: false
Intro: false
Profiling: false
Single step:false
App Mode: DEVELOPER
Menu Key: ESCAPE
Stage Style: DECORATED
Scene Factory: class com.almasb.fxglgames.platformer.PlatformerApp$1

15:00:40.067 [JavaFX Application Thread] DEBUG FXGLApplication      - Initializing FXGL
15:00:40.075 [JavaFX Application Thread] INFO  Engine               - FXGL-17.1 (24.03.2022 17.34) on WINDOWS (J:19.0.1 FX:19-ea)
15:00:40.076 [JavaFX Application Thread] DEBUG Engine               - JRE Vendor Name: Oracle Corporation
15:00:40.076 [JavaFX Application Thread] DEBUG Engine               - Running on OS: Windows 10 version 10.0
15:00:40.076 [JavaFX Application Thread] DEBUG Engine               - Architecture: amd64
15:00:40.077 [JavaFX Application Thread] INFO  Engine               - Source code and latest versions at: https://github.com/AlmasB/FXGL
15:00:40.077 [JavaFX Application Thread] INFO  Engine               -       Ask questions and discuss at: https://github.com/AlmasB/FXGL/discussions
15:00:40.077 [JavaFX Application Thread] INFO  Engine               -              Join the FXGL chat at: https://gitter.im/AlmasB/FXGL
15:00:40.229 [JavaFX Application Thread] DEBUG PrimaryStageWindow   - Creating a JavaFX scene
15:00:40.309 [JavaFX Application Thread] DEBUG PrimaryStageWindow   - Target settings size: 1400.0 x 720.0
15:00:40.310 [JavaFX Application Thread] DEBUG PrimaryStageWindow   - Scaled scene size:    1400.0 x 720.0
15:00:40.310 [JavaFX Application Thread] DEBUG PrimaryStageWindow   - Scaled ratio: (1.0, 1.0)
15:00:40.311 [JavaFX Application Thread] DEBUG PrimaryStageWindow   - Set initial scene to FXGLStartupScene
15:00:40.323 [JavaFX Application Thread] DEBUG PrimaryStageWindow   - Opening main window
15:00:40.453 [JavaFX Application Thread] DEBUG PrimaryStageWindow   - Window border size: (14.4000244140625, 37.5999755859375)
15:00:40.454 [JavaFX Application Thread] DEBUG PrimaryStageWindow   - Scaled size: 1400.0 x 720.0
15:00:40.454 [JavaFX Application Thread] DEBUG PrimaryStageWindow   - Scaled ratio: (1.0, 1.0)
15:00:40.455 [JavaFX Application Thread] DEBUG PrimaryStageWindow   - Scene size: 1400.0 x 720.0
15:00:40.456 [JavaFX Application Thread] DEBUG PrimaryStageWindow   - Stage size: 1414.4000244140625 x 757.5999755859375
15:00:40.473 [FXGL Background Thread 1 ] DEBUG Engine               - Initializing environment variables
15:00:40.557 [FXGL Background Thread 1 ] DEBUG FXGLAssetLoaderServi - User app class for loading assets: class com.almasb.fxglgames.platformer.PlatformerApp
15:00:40.557 [FXGL Background Thread 1 ] DEBUG GameApplicationServi - Applying CSS: fxgl_dark.css
15:00:40.559 [FXGL Background Thread 1 ] DEBUG FXGLAssetLoaderServi - Loading from file system: jar:file:///C:/Users/jardk/.m2/repository/com/github/almasb/fxgl/17.1/fxgl-17.1.jar!/fxglassets/ui/css/fxgl_dark.css
15:00:40.643 [FXGL Background Thread 1 ] DEBUG GameApplicationServi - Initializing application scenes
15:00:40.731 [FXGL Background Thread 1 ] DEBUG FXGLAssetLoaderServi - Loading from file system: file:/C:/ipose-groep-4/target/classes/assets/textures/player.png
15:00:40.771 [FXGL Background Thread 1 ] DEBUG GameWorld            - Game world initialized
15:00:40.876 [FXGL Background Thread 1 ] DEBUG PhysicsWorld         - Physics world initialized: appHeight=720, physics.ppm=50,0
15:00:40.877 [FXGL Background Thread 1 ] DEBUG PhysicsWorld         - Using strategy: BRUTE_FORCE
15:00:40.885 [FXGL Background Thread 1 ] DEBUG GameScene            - Game scene initialized: 1400x720
15:00:40.900 [FXGL Background Thread 1 ] DEBUG FXGL.DefaultMenu     - createMenuBodyGameMenu()
15:00:40.931 [FXGL Background Thread 1 ] DEBUG FXGL.DefaultMenu     - createOptionsMenu()
15:00:40.954 [FXGL Background Thread 1 ] DEBUG FXGLAssetLoaderServi - Loading from file system: jar:file:///C:/Users/jardk/.m2/repository/com/github/almasb/fxgl/17.1/fxgl-17.1.jar!/fxglassets/textures/particles/smoke.png
15:00:41.153 [FXGL Background Thread 1 ] DEBUG FXGLAssetLoaderServi - Loading from file system: jar:file:///C:/Users/jardk/.m2/repository/com/github/almasb/fxgl/17.1/fxgl-17.1.jar!/fxglassets/textures/particles/trace_horizontal.png
15:00:41.215 [FXGL Background Thread 1 ] DEBUG GameApplicationServi - Application scenes initialized
15:00:41.237 [FXGL Background Thread 1 ] DEBUG SystemBundleService  - Loading FXGL system data
15:00:41.243 [FXGL Background Thread 1 ] DEBUG FileSystemAccess     - Reading from: C:\ipose-groep-4\system\fxgl.bundle
15:00:41.256 [FXGL Background Thread 1 ] DEBUG SystemBundleService  - Bundle FXGL: {}
15:00:41.256 [FXGL Background Thread 1 ] DEBUG UpdaterService       - Checking for updates
15:00:41.263 [FXGL Background Thread 4 ] DEBUG FXGLApplication      - Loading fonts
15:00:41.264 [FXGL Background Thread 4 ] DEBUG FXGLAssetLoaderServi - Loading from file system: jar:file:///C:/Users/jardk/.m2/repository/com/github/almasb/fxgl/17.1/fxgl-17.1.jar!/fxglassets/ui/fonts/VarelaRound-Regular.ttf
15:00:41.264 [FXGL Background Thread 1 ] DEBUG FXGLApplication      - Loading default localization
15:00:41.265 [FXGL Background Thread 1 ] DEBUG FXGLAssetLoaderServi - Loading from file system: jar:file:///C:/Users/jardk/.m2/repository/com/github/almasb/fxgl/17.1/fxgl-17.1.jar!/fxglassets/languages/english.lang
15:00:41.301 [FXGL Background Thread 1 ] INFO  FXGLApplication      - FXGL initialization took: 0,828 sec
15:00:41.318 [JavaFX Application Thread] DEBUG Input                - Registered new binding: Left - A
15:00:41.319 [JavaFX Application Thread] DEBUG Input                - Registered new binding: Right - D
15:00:41.319 [JavaFX Application Thread] DEBUG Input                - Registered new binding: Jump - W
15:00:41.320 [JavaFX Application Thread] DEBUG Input                - Registered new binding: Use - E
15:00:41.320 [JavaFX Application Thread] DEBUG FXGLAssetLoaderServi - Loading from file system: file:/C:/ipose-groep-4/target/classes/assets/music/BGM_dash_runner.wav
15:00:41.351 [FXGL Background Thread 4 ] DEBUG FXGLAssetLoaderServi - Loading from file system: jar:file:///C:/Users/jardk/.m2/repository/com/github/almasb/fxgl/17.1/fxgl-17.1.jar!/fxglassets/ui/fonts/Abel-Regular.ttf
15:00:41.358 [FXGL Background Thread 4 ] DEBUG FXGLAssetLoaderServi - Loading from file system: jar:file:///C:/Users/jardk/.m2/repository/com/github/almasb/fxgl/17.1/fxgl-17.1.jar!/fxglassets/ui/fonts/TerminalLandMono-Regular.otf
15:00:41.365 [FXGL Background Thread 4 ] DEBUG FXGLAssetLoaderServi - Loading from file system: jar:file:///C:/Users/jardk/.m2/repository/com/github/almasb/fxgl/17.1/fxgl-17.1.jar!/fxglassets/ui/fonts/Courier-Prime.ttf
15:00:41.529 [JavaFX Application Thread] DEBUG AudioPlayer          - Playing music com.almasb.fxgl.audio.Music@1169f16a
15:00:41.531 [JavaFX Application Thread] DEBUG FXGLAssetLoaderServi - Loading from file system: jar:file:///C:/Users/jardk/.m2/repository/com/github/almasb/fxgl/17.1/fxgl-17.1.jar!/fxglassets/textures/fxgl_icon.png
15:00:41.573 [JavaFX Application Thread] DEBUG FXGLAssetLoaderServi - Loading from file system: jar:file:///C:/Users/jardk/.m2/repository/com/github/almasb/fxgl/17.1/fxgl-17.1.jar!/fxglassets/textures/fxgl_default_cursor.png
15:00:41.578 [JavaFX Application Thread] DEBUG Input                - Registered new binding: Screenshot - CTRL+8
15:00:41.579 [JavaFX Application Thread] DEBUG Input                - Registered new binding: System info dump - CTRL+9
15:00:41.580 [JavaFX Application Thread] DEBUG Input                - Registered new binding: Restart - CTRL+R
15:00:41.582 [JavaFX Application Thread] DEBUG Input                - Registered new binding: Toggle Debug Camera - CTRL+7
15:00:41.586 [JavaFX Application Thread] DEBUG LoopRunner           - Starting loop
15:00:41.587 [JavaFX Application Thread] DEBUG LoopRunner           - Initializing JavaFX AnimationTimerLoop
15:00:41.589 [JavaFX Application Thread] DEBUG GameApplicationServi - Starting new game
15:00:41.590 [JavaFX Application Thread] DEBUG Input                - Clearing active input actions
15:00:41.617 [JavaFX Application Thread] DEBUG GameApplicationServi - Removing overlay from FXGLStartupScene and adding to MainLoadingScene
15:00:41.618 [JavaFX Application Thread] DEBUG PrimaryStageWindow   - FXGLStartupScene -> MainLoadingScene
15:00:41.618 [JavaFX Application Thread] DEBUG GameApplicationServi - Clearing previous game
15:00:41.618 [JavaFX Application Thread] DEBUG GameScene            - Clearing game scene
15:00:41.618 [JavaFX Application Thread] DEBUG GameWorld            - Clearing game world
15:00:41.618 [JavaFX Application Thread] DEBUG PhysicsWorld         - Clearing physics world
15:00:41.620 [FXGL Background Thread 4 ] DEBUG FXGLApplication      - Initializing game
15:00:41.620 [JavaFX Application Thread] DEBUG FXGLApplication      - Registering font factories with UI factory
15:00:41.690 [FXGL Background Thread 4 ] WARN  TMXLevelLoader       - TiledMap generated from 1.10.0. Supported version: 1.4.2. Some features may not be parsed fully.
15:00:41.702 [FXGL Background Thread 4 ] DEBUG TMXLevelLoader       - Parsed TiledMap: file:/C:/ipose-groep-4/target/classes/assets/levels/tmx/level1.tmx
15:00:41.704 [FXGL Background Thread 4 ] DEBUG TMXLevelLoader       - Creating tile layer entities
15:00:41.707 [FXGL Background Thread 4 ] DEBUG TilesetLoader        - Loading view for layer Tile Layer 1
15:00:41.710 [FXGL Background Thread 4 ] DEBUG TilesetLoader        - Created buffer with size 2100.0x700.0
15:00:41.741 [FXGL Background Thread 4 ] DEBUG TMXLevelLoader       - Creating object layer entities
15:00:41.779 [FXGL Background Thread 4 ] DEBUG GameWorld            - Clearing removable entities
15:00:41.780 [FXGL Background Thread 4 ] DEBUG GameWorld            - Setting level: com.almasb.fxgl.entity.level.Level@75d852e0
15:00:41.811 [FXGL Background Thread 4 ] DEBUG FXGLAssetLoaderServi - Loading from file system: file:/C:/ipose-groep-4/target/classes/assets/textures/background/forest.png
15:00:41.828 [FXGL Background Thread 2 ] INFO  UpdaterService       - Your current version:  17.1
15:00:41.828 [FXGL Background Thread 2 ] INFO  UpdaterService       - Latest stable version: 17.3
15:00:41.842 [FXGL Background Thread 4 ] INFO  FXGLApplication      - Game initialization took: 0,222 sec
15:00:41.843 [JavaFX Application Thread] DEBUG Input                - Clearing active input actions
15:00:41.871 [JavaFX Application Thread] DEBUG GameApplicationServi - Removing overlay from MainLoadingScene and adding to GameScene
15:00:41.872 [JavaFX Application Thread] DEBUG PrimaryStageWindow   - MainLoadingScene -> GameScene
15:00:44.262 [FXGL Background Thread 3 ] DEBUG Engine               - Logging environment variables
15:00:44.263 [FXGL Background Thread 3 ] DEBUG Engine               - achievements: []
15:00:44.263 [FXGL Background Thread 3 ] DEBUG Engine               - actualHeight: 720.0
15:00:44.263 [FXGL Background Thread 3 ] DEBUG Engine               - actualHeightProperty: ReadOnlyDoubleProperty [value: 720.0]
15:00:44.263 [FXGL Background Thread 3 ] DEBUG Engine               - actualWidth: 1400.0
15:00:44.264 [FXGL Background Thread 3 ] DEBUG Engine               - actualWidthProperty: ReadOnlyDoubleProperty [value: 1400.0]
15:00:44.264 [FXGL Background Thread 3 ] DEBUG Engine               - appIcon: fxgl_icon.png
15:00:44.264 [FXGL Background Thread 3 ] DEBUG Engine               - applicationMode: DEVELOPER
15:00:44.264 [FXGL Background Thread 3 ] DEBUG Engine               - cSSList: [fxgl_dark.css]
15:00:44.264 [FXGL Background Thread 3 ] DEBUG Engine               - collisionDetectionStrategy: BRUTE_FORCE
15:00:44.264 [FXGL Background Thread 3 ] DEBUG Engine               - configClass: Optional.empty
15:00:44.264 [FXGL Background Thread 3 ] DEBUG Engine               - credits: []
15:00:44.265 [FXGL Background Thread 3 ] DEBUG Engine               - defaultCursor: CursorInfo(imageName=fxgl_default_cursor.png, hotspotX=7.0, hotspotY=6.0)
15:00:44.265 [FXGL Background Thread 3 ] DEBUG Engine               - devBBoxColorProperty: ObjectProperty [value: 0xff0000ff]
15:00:44.265 [FXGL Background Thread 3 ] DEBUG Engine               - devEnableDebugCameraProperty: BooleanProperty [value: false]
15:00:44.265 [FXGL Background Thread 3 ] DEBUG Engine               - devSensorColorProperty: ObjectProperty [value: 0xffff00ff]
15:00:44.265 [FXGL Background Thread 3 ] DEBUG Engine               - devShowBBoxProperty: BooleanProperty [value: false]
15:00:44.265 [FXGL Background Thread 3 ] DEBUG Engine               - devShowPositionProperty: BooleanProperty [value: false]
15:00:44.265 [FXGL Background Thread 3 ] DEBUG Engine               - enabledMenuItems: []
15:00:44.266 [FXGL Background Thread 3 ] DEBUG Engine               - engineServices: [class com.almasb.fxgl.app.services.FXGLAssetLoaderService, class com.almasb.fxgl.app.FXGLApplication$GameApplicationService, class com.almasb.fxgl.app.services.FXGLDialogService, class com.almasb.fxgl.app.services.IOTaskExecutorService, class com.almasb.fxgl.io.FileSystemService, class com.almasb.fxgl.localization.LocalizationService, class com.almasb.fxgl.app.services.SystemBundleService, class com.almasb.fxgl.profile.SaveLoadService, class com.almasb.fxgl.ui.FXGLUIFactoryServiceProvider, class com.almasb.fxgl.ui.FXGLDialogFactoryServiceProvider, class com.almasb.fxgl.audio.AudioPlayer, class com.almasb.fxgl.notification.impl.NotificationServiceProvider, class com.almasb.fxgl.achievement.AchievementService, class com.almasb.fxgl.cutscene.CutsceneService, class com.almasb.fxgl.minigames.MiniGameService, class com.almasb.fxgl.net.NetService, class com.almasb.fxgl.app.services.UpdaterService, class com.almasb.fxgl.dev.DevService]
15:00:44.266 [FXGL Background Thread 3 ] DEBUG Engine               - fontGame: Abel-Regular.ttf
15:00:44.266 [FXGL Background Thread 3 ] DEBUG Engine               - fontMono: TerminalLandMono-Regular.otf
15:00:44.266 [FXGL Background Thread 3 ] DEBUG Engine               - fontText: Courier-Prime.ttf
15:00:44.266 [FXGL Background Thread 3 ] DEBUG Engine               - fontUI: VarelaRound-Regular.ttf
15:00:44.266 [FXGL Background Thread 3 ] DEBUG Engine               - fullScreen: BooleanProperty [value: false]
15:00:44.266 [FXGL Background Thread 3 ] DEBUG Engine               - gameDifficulty: MEDIUM
15:00:44.267 [FXGL Background Thread 3 ] DEBUG Engine               - gameDifficultyProperty: ObjectProperty [value: MEDIUM]
15:00:44.267 [FXGL Background Thread 3 ] DEBUG Engine               - globalMusicVolume: 0.5
15:00:44.267 [FXGL Background Thread 3 ] DEBUG Engine               - globalMusicVolumeProperty: DoubleProperty [value: 0.25]
15:00:44.267 [FXGL Background Thread 3 ] DEBUG Engine               - globalSoundVolume: 0.5
15:00:44.267 [FXGL Background Thread 3 ] DEBUG Engine               - globalSoundVolumeProperty: DoubleProperty [value: 0.5]
15:00:44.267 [FXGL Background Thread 3 ] DEBUG Engine               - height: 720
15:00:44.268 [FXGL Background Thread 3 ] DEBUG Engine               - is3D: false
15:00:44.268 [FXGL Background Thread 3 ] DEBUG Engine               - isAndroid: false
15:00:44.268 [FXGL Background Thread 3 ] DEBUG Engine               - isBrowser: false
15:00:44.268 [FXGL Background Thread 3 ] DEBUG Engine               - isClickFeedbackEnabled: false
15:00:44.268 [FXGL Background Thread 3 ] DEBUG Engine               - isCloseConfirmation: false
15:00:44.268 [FXGL Background Thread 3 ] DEBUG Engine               - isDesktop: true
15:00:44.268 [FXGL Background Thread 3 ] DEBUG Engine               - isDeveloperMenuEnabled: false
15:00:44.268 [FXGL Background Thread 3 ] DEBUG Engine               - isEmbedded: false
15:00:44.268 [FXGL Background Thread 3 ] DEBUG Engine               - isEntityPreloadEnabled: true
15:00:44.269 [FXGL Background Thread 3 ] DEBUG Engine               - isExperimentalTiledLargeMap: false
15:00:44.269 [FXGL Background Thread 3 ] DEBUG Engine               - isFileSystemWriteAllowed: true
15:00:44.269 [FXGL Background Thread 3 ] DEBUG Engine               - isFullScreenAllowed: false
15:00:44.269 [FXGL Background Thread 3 ] DEBUG Engine               - isFullScreenFromStart: false
15:00:44.269 [FXGL Background Thread 3 ] DEBUG Engine               - isGameMenuEnabled: true
15:00:44.269 [FXGL Background Thread 3 ] DEBUG Engine               - isIOS: false
15:00:44.269 [FXGL Background Thread 3 ] DEBUG Engine               - isIntroEnabled: false
15:00:44.269 [FXGL Background Thread 3 ] DEBUG Engine               - isLinux: false
15:00:44.269 [FXGL Background Thread 3 ] DEBUG Engine               - isMac: false
15:00:44.269 [FXGL Background Thread 3 ] DEBUG Engine               - isMainMenuEnabled: false
15:00:44.270 [FXGL Background Thread 3 ] DEBUG Engine               - isManualResizeEnabled: false
15:00:44.270 [FXGL Background Thread 3 ] DEBUG Engine               - isMobile: false
15:00:44.270 [FXGL Background Thread 3 ] DEBUG Engine               - isNative: false
15:00:44.270 [FXGL Background Thread 3 ] DEBUG Engine               - isPauseMusicWhenMinimized: true
15:00:44.270 [FXGL Background Thread 3 ] DEBUG Engine               - isPreserveResizeRatio: false
15:00:44.270 [FXGL Background Thread 3 ] DEBUG Engine               - isProfilingEnabled: false
15:00:44.270 [FXGL Background Thread 3 ] DEBUG Engine               - isScaleAffectedOnResize: true
15:00:44.270 [FXGL Background Thread 3 ] DEBUG Engine               - isSingleStep: false
15:00:44.270 [FXGL Background Thread 3 ] DEBUG Engine               - isUserProfileEnabled: false
15:00:44.270 [FXGL Background Thread 3 ] DEBUG Engine               - isWindows: true
15:00:44.270 [FXGL Background Thread 3 ] DEBUG Engine               - language: ObjectProperty [value: ENGLISH]
15:00:44.271 [FXGL Background Thread 3 ] DEBUG Engine               - menuKey: ESCAPE
15:00:44.271 [FXGL Background Thread 3 ] DEBUG Engine               - mouseSensitivity: 0.2
15:00:44.271 [FXGL Background Thread 3 ] DEBUG Engine               - notificationViewClass: class com.almasb.fxgl.notification.view.XboxNotificationView
15:00:44.271 [FXGL Background Thread 3 ] DEBUG Engine               - pixelsPerMeter: 50.0
15:00:44.272 [FXGL Background Thread 3 ] DEBUG Engine               - platform: WINDOWS
15:00:44.272 [FXGL Background Thread 3 ] DEBUG Engine               - prefHeightProperty: ReadOnlyDoubleProperty [value: 720.0]
15:00:44.272 [FXGL Background Thread 3 ] DEBUG Engine               - prefWidthProperty: ReadOnlyDoubleProperty [value: 1400.0]
15:00:44.272 [FXGL Background Thread 3 ] DEBUG Engine               - profileDir: profiles/
15:00:44.272 [FXGL Background Thread 3 ] DEBUG Engine               - profileName: StringProperty [value: DEFAULT]
15:00:44.273 [FXGL Background Thread 3 ] DEBUG Engine               - randomSeed: -1
15:00:44.273 [FXGL Background Thread 3 ] DEBUG Engine               - runtimeInfo: RuntimeInfo(platform=WINDOWS, version=17.1, build=24.03.2022 17.34)
15:00:44.273 [FXGL Background Thread 3 ] DEBUG Engine               - saveFileExt: sav
15:00:44.273 [FXGL Background Thread 3 ] DEBUG Engine               - scaledHeightProp$fxgl: DoubleProperty [bound, value: 720.0]
15:00:44.273 [FXGL Background Thread 3 ] DEBUG Engine               - scaledWidthProp$fxgl: DoubleProperty [bound, value: 1400.0]
15:00:44.273 [FXGL Background Thread 3 ] DEBUG Engine               - sceneFactory: com.almasb.fxglgames.platformer.PlatformerApp$1@17f5761
15:00:44.274 [FXGL Background Thread 3 ] DEBUG Engine               - secondsIn24h: 60
15:00:44.274 [FXGL Background Thread 3 ] DEBUG Engine               - soundMenuBack: menu/back.wav
15:00:44.274 [FXGL Background Thread 3 ] DEBUG Engine               - soundMenuPress: menu/press.wav
15:00:44.274 [FXGL Background Thread 3 ] DEBUG Engine               - soundMenuSelect: menu/select.wav
15:00:44.274 [FXGL Background Thread 3 ] DEBUG Engine               - soundNotification: core/notification.wav
15:00:44.274 [FXGL Background Thread 3 ] DEBUG Engine               - stageStyle: DECORATED
15:00:44.274 [FXGL Background Thread 3 ] DEBUG Engine               - supportedLanguages: [ENGLISH, FRENCH, GERMAN, HUNGARIAN, RUSSIAN]
15:00:44.274 [FXGL Background Thread 3 ] DEBUG Engine               - ticksPerSecond: -1
15:00:44.274 [FXGL Background Thread 3 ] DEBUG Engine               - title: Untitled
15:00:44.274 [FXGL Background Thread 3 ] DEBUG Engine               - urlGithub: https://github.com/AlmasB/FXGL
15:00:44.274 [FXGL Background Thread 3 ] DEBUG Engine               - urlLeaderboard: http://fxgl-top.herokuapp.com/
15:00:44.274 [FXGL Background Thread 3 ] DEBUG Engine               - urlPOM: https://raw.githubusercontent.com/AlmasB/FXGL/release/README.md
15:00:44.274 [FXGL Background Thread 3 ] DEBUG Engine               - userAppClass: class com.almasb.fxglgames.platformer.PlatformerApp
15:00:44.274 [FXGL Background Thread 3 ] DEBUG Engine               - version: 0.0
15:00:44.274 [FXGL Background Thread 3 ] DEBUG Engine               - versionCheckDays: 7
15:00:44.274 [FXGL Background Thread 3 ] DEBUG Engine               - width: 1400
15:00:44.274 [FXGL Background Thread 3 ] DEBUG Engine               - Logging services
15:00:44.275 [FXGL Background Thread 3 ] DEBUG Engine               - class com.almasb.fxgl.app.services.FXGLAssetLoaderService
15:00:44.275 [FXGL Background Thread 3 ] DEBUG Engine               - class com.almasb.fxgl.app.FXGLApplication$GameApplicationService
15:00:44.275 [FXGL Background Thread 3 ] DEBUG Engine               - class com.almasb.fxgl.app.services.FXGLDialogService
15:00:44.275 [FXGL Background Thread 3 ] DEBUG Engine               - class com.almasb.fxgl.app.services.IOTaskExecutorService
15:00:44.275 [FXGL Background Thread 3 ] DEBUG Engine               - class com.almasb.fxgl.io.FileSystemService
15:00:44.275 [FXGL Background Thread 3 ] DEBUG Engine               - class com.almasb.fxgl.localization.LocalizationService
15:00:44.275 [FXGL Background Thread 3 ] DEBUG Engine               - class com.almasb.fxgl.app.services.SystemBundleService
15:00:44.275 [FXGL Background Thread 3 ] DEBUG Engine               - class com.almasb.fxgl.profile.SaveLoadService
15:00:44.275 [FXGL Background Thread 3 ] DEBUG Engine               - class com.almasb.fxgl.ui.FXGLUIFactoryServiceProvider
15:00:44.275 [FXGL Background Thread 3 ] DEBUG Engine               - class com.almasb.fxgl.ui.FXGLDialogFactoryServiceProvider
15:00:44.275 [FXGL Background Thread 3 ] DEBUG Engine               - class com.almasb.fxgl.audio.AudioPlayer
15:00:44.275 [FXGL Background Thread 3 ] DEBUG Engine               - class com.almasb.fxgl.notification.impl.NotificationServiceProvider
15:00:44.275 [FXGL Background Thread 3 ] DEBUG Engine               - class com.almasb.fxgl.achievement.AchievementService
15:00:44.275 [FXGL Background Thread 3 ] DEBUG Engine               - class com.almasb.fxgl.cutscene.CutsceneService
15:00:44.275 [FXGL Background Thread 3 ] DEBUG Engine               - class com.almasb.fxgl.minigames.MiniGameService
15:00:44.275 [FXGL Background Thread 3 ] DEBUG Engine               - class com.almasb.fxgl.net.NetService
15:00:44.275 [FXGL Background Thread 3 ] DEBUG Engine               - class com.almasb.fxgl.app.services.UpdaterService
15:00:44.276 [FXGL Background Thread 3 ] DEBUG Engine               - class com.almasb.fxgl.dev.DevService
15:00:54.025 [JavaFX Application Thread] DEBUG Input                - Registered new binding: Close Level End Screen - LMB
15:00:54.026 [JavaFX Application Thread] DEBUG PrimaryStageWindow   - Push state: LevelEndScene
15:00:54.026 [JavaFX Application Thread] DEBUG Input                - Clearing active input actions
15:00:54.027 [JavaFX Application Thread] DEBUG GameApplicationServi - Removing overlay from GameScene and adding to LevelEndScene
15:00:54.028 [JavaFX Application Thread] DEBUG PrimaryStageWindow   - GameScene -> LevelEndScene
15:00:56.520 [JavaFX Application Thread] DEBUG PrimaryStageWindow   - Pop state: LevelEndScene
15:00:56.520 [JavaFX Application Thread] DEBUG Input                - Clearing active input actions
15:00:56.521 [JavaFX Application Thread] DEBUG GameApplicationServi - Removing overlay from LevelEndScene and adding to GameScene
15:00:56.522 [JavaFX Application Thread] DEBUG PrimaryStageWindow   - GameScene <- LevelEndScene
15:00:57.492 [JavaFX Application Thread] WARN  TMXLevelLoader       - TiledMap generated from 1.2.3. Supported version: 1.4.2. Some features may not be parsed fully.
15:00:57.496 [JavaFX Application Thread] DEBUG TMXLevelLoader       - Parsed TiledMap: file:/C:/ipose-groep-4/target/classes/assets/levels/tmx/level2.tmx
15:00:57.496 [JavaFX Application Thread] DEBUG TMXLevelLoader       - Creating tile layer entities
15:00:57.497 [JavaFX Application Thread] DEBUG TilesetLoader        - Loading view for layer Tile Layer 1
15:00:57.498 [JavaFX Application Thread] DEBUG TilesetLoader        - Created buffer with size 1050.0x700.0
15:00:57.522 [JavaFX Application Thread] DEBUG TMXLevelLoader       - Creating object layer entities
15:00:57.526 [JavaFX Application Thread] DEBUG GameWorld            - Clearing removable entities
15:00:57.529 [JavaFX Application Thread] DEBUG GameWorld            - Setting level: com.almasb.fxgl.entity.level.Level@e482334
15:01:01.956 [JavaFX Application Thread] WARN  TMXLevelLoader       - TiledMap generated from 1.2.3. Supported version: 1.4.2. Some features may not be parsed fully.
15:01:01.959 [JavaFX Application Thread] DEBUG TMXLevelLoader       - Parsed TiledMap: file:/C:/ipose-groep-4/target/classes/assets/levels/tmx/level2.tmx
15:01:01.959 [JavaFX Application Thread] DEBUG TMXLevelLoader       - Creating tile layer entities
15:01:01.960 [JavaFX Application Thread] DEBUG TilesetLoader        - Loading view for layer Tile Layer 1
15:01:01.961 [JavaFX Application Thread] DEBUG TilesetLoader        - Created buffer with size 1050.0x700.0
15:01:01.995 [JavaFX Application Thread] DEBUG TMXLevelLoader       - Creating object layer entities
15:01:02.001 [JavaFX Application Thread] DEBUG GameWorld            - Clearing removable entities
15:01:02.003 [JavaFX Application Thread] DEBUG GameWorld            - Setting level: com.almasb.fxgl.entity.level.Level@d414782
15:01:03.997 [JavaFX Application Thread] DEBUG FXGLApplication      - Exiting FXGL
15:01:03.997 [JavaFX Application Thread] DEBUG LoopRunner           - Stopping loop
15:01:03.997 [JavaFX Application Thread] DEBUG SystemBundleService  - Saving FXGL system data
15:01:04.001 [JavaFX Application Thread] DEBUG FileSystemAccess     - Writing to: C:\ipose-groep-4\system\fxgl.bundle
15:01:04.006 [JavaFX Application Thread] DEBUG Async                - Shutting down background threads
15:01:04.006 [JavaFX Application Thread] DEBUG PrimaryStageWindow   - Closing main window
15:01:04.031 [JavaFX Application Thread] DEBUG Logger               - Closing Logger
