10:22:09.256 [main                     ] DEBUG Logger               - Configured Logger
10:22:09.307 [main                     ] DEBUG GameApplication      - Logging settings
Title: Miguel
Version: 1.0
Width: 1280
Height: 720
Fullscreen: false
Intro: false
Profiling: false
Single step:false
App Mode: DEVELOPER
Menu Key: ESCAPE
Stage Style: DECORATED
Scene Factory: class com.almasb.fxglgames.platformer.PlatformerApp$1

10:22:09.886 [JavaFX Application Thread] DEBUG FXGLApplication      - Initializing FXGL
10:22:09.892 [JavaFX Application Thread] INFO  Engine               - FXGL-17.1 (24.03.2022 17.34) on WINDOWS (J:19.0.1 FX:19-ea)
10:22:09.893 [JavaFX Application Thread] DEBUG Engine               - JRE Vendor Name: Oracle Corporation
10:22:09.893 [JavaFX Application Thread] DEBUG Engine               - Running on OS: Windows 10 version 10.0
10:22:09.894 [JavaFX Application Thread] DEBUG Engine               - Architecture: amd64
10:22:09.894 [JavaFX Application Thread] INFO  Engine               - Source code and latest versions at: https://github.com/AlmasB/FXGL
10:22:09.894 [JavaFX Application Thread] INFO  Engine               -       Ask questions and discuss at: https://github.com/AlmasB/FXGL/discussions
10:22:09.895 [JavaFX Application Thread] INFO  Engine               -              Join the FXGL chat at: https://gitter.im/AlmasB/FXGL
10:22:10.038 [JavaFX Application Thread] DEBUG PrimaryStageWindow   - Creating a JavaFX scene
10:22:10.112 [JavaFX Application Thread] DEBUG PrimaryStageWindow   - Target settings size: 1280.0 x 720.0
10:22:10.112 [JavaFX Application Thread] DEBUG PrimaryStageWindow   - Scaled scene size:    1280.0 x 720.0
10:22:10.113 [JavaFX Application Thread] DEBUG PrimaryStageWindow   - Scaled ratio: (1.0, 1.0)
10:22:10.115 [JavaFX Application Thread] DEBUG PrimaryStageWindow   - Set initial scene to FXGLStartupScene
10:22:10.129 [JavaFX Application Thread] DEBUG PrimaryStageWindow   - Opening main window
10:22:10.253 [JavaFX Application Thread] DEBUG PrimaryStageWindow   - Window border size: (14.4000244140625, 37.5999755859375)
10:22:10.254 [JavaFX Application Thread] DEBUG PrimaryStageWindow   - Scaled size: 1280.0 x 720.0
10:22:10.254 [JavaFX Application Thread] DEBUG PrimaryStageWindow   - Scaled ratio: (1.0, 1.0)
10:22:10.254 [JavaFX Application Thread] DEBUG PrimaryStageWindow   - Scene size: 1280.0 x 720.0
10:22:10.255 [JavaFX Application Thread] DEBUG PrimaryStageWindow   - Stage size: 1294.4000244140625 x 757.5999755859375
10:22:10.269 [FXGL Background Thread 1 ] DEBUG Engine               - Initializing environment variables
10:22:10.352 [FXGL Background Thread 1 ] DEBUG FXGLAssetLoaderServi - User app class for loading assets: class com.almasb.fxglgames.platformer.PlatformerApp
10:22:10.352 [FXGL Background Thread 1 ] DEBUG GameApplicationServi - Applying CSS: fxgl_dark.css
10:22:10.354 [FXGL Background Thread 1 ] DEBUG FXGLAssetLoaderServi - Loading from file system: jar:file:///C:/Users/jardk/.m2/repository/com/github/almasb/fxgl/17.1/fxgl-17.1.jar!/fxglassets/ui/css/fxgl_dark.css
10:22:10.434 [FXGL Background Thread 1 ] DEBUG GameApplicationServi - Initializing application scenes
10:22:10.508 [FXGL Background Thread 1 ] DEBUG FXGLAssetLoaderServi - Loading from file system: file:/C:/ipose-groep-4/target/classes/assets/textures/player.png
10:22:10.551 [FXGL Background Thread 1 ] DEBUG GameWorld            - Game world initialized
10:22:10.649 [FXGL Background Thread 1 ] DEBUG PhysicsWorld         - Physics world initialized: appHeight=720, physics.ppm=50,0
10:22:10.649 [FXGL Background Thread 1 ] DEBUG PhysicsWorld         - Using strategy: BRUTE_FORCE
10:22:10.656 [FXGL Background Thread 1 ] DEBUG GameScene            - Game scene initialized: 1280x720
10:22:10.669 [FXGL Background Thread 1 ] DEBUG FXGL.DefaultMenu     - createMenuBodyGameMenu()
10:22:10.695 [FXGL Background Thread 1 ] DEBUG FXGL.DefaultMenu     - createOptionsMenu()
10:22:10.715 [FXGL Background Thread 1 ] DEBUG FXGLAssetLoaderServi - Loading from file system: jar:file:///C:/Users/jardk/.m2/repository/com/github/almasb/fxgl/17.1/fxgl-17.1.jar!/fxglassets/textures/particles/smoke.png
10:22:10.863 [FXGL Background Thread 1 ] DEBUG FXGLAssetLoaderServi - Loading from file system: jar:file:///C:/Users/jardk/.m2/repository/com/github/almasb/fxgl/17.1/fxgl-17.1.jar!/fxglassets/textures/particles/trace_horizontal.png
10:22:10.932 [FXGL Background Thread 1 ] DEBUG GameApplicationServi - Application scenes initialized
10:22:10.966 [FXGL Background Thread 1 ] DEBUG SystemBundleService  - Loading FXGL system data
10:22:10.975 [FXGL Background Thread 1 ] DEBUG FileSystemAccess     - Reading from: C:\ipose-groep-4\system\fxgl.bundle
10:22:10.999 [FXGL Background Thread 1 ] DEBUG SystemBundleService  - Bundle FXGL: {}
10:22:10.999 [FXGL Background Thread 1 ] DEBUG UpdaterService       - Checking for updates
10:22:11.010 [FXGL Background Thread 4 ] DEBUG FXGLApplication      - Loading fonts
10:22:11.011 [FXGL Background Thread 1 ] DEBUG FXGLApplication      - Loading default localization
10:22:11.011 [FXGL Background Thread 4 ] DEBUG FXGLAssetLoaderServi - Loading from file system: jar:file:///C:/Users/jardk/.m2/repository/com/github/almasb/fxgl/17.1/fxgl-17.1.jar!/fxglassets/ui/fonts/VarelaRound-Regular.ttf
10:22:11.012 [FXGL Background Thread 1 ] DEBUG FXGLAssetLoaderServi - Loading from file system: jar:file:///C:/Users/jardk/.m2/repository/com/github/almasb/fxgl/17.1/fxgl-17.1.jar!/fxglassets/languages/english.lang
10:22:11.055 [FXGL Background Thread 1 ] INFO  FXGLApplication      - FXGL initialization took: 0,786 sec
10:22:11.077 [JavaFX Application Thread] DEBUG Input                - Registered new binding: Left - A
10:22:11.077 [JavaFX Application Thread] DEBUG Input                - Registered new binding: Right - D
10:22:11.077 [JavaFX Application Thread] DEBUG Input                - Registered new binding: Jump - W
10:22:11.078 [JavaFX Application Thread] DEBUG Input                - Registered new binding: Use - E
10:22:11.079 [JavaFX Application Thread] DEBUG FXGLAssetLoaderServi - Loading from file system: file:/C:/ipose-groep-4/target/classes/assets/music/BGM_dash_runner.wav
10:22:11.129 [FXGL Background Thread 4 ] DEBUG FXGLAssetLoaderServi - Loading from file system: jar:file:///C:/Users/jardk/.m2/repository/com/github/almasb/fxgl/17.1/fxgl-17.1.jar!/fxglassets/ui/fonts/Abel-Regular.ttf
10:22:11.137 [FXGL Background Thread 4 ] DEBUG FXGLAssetLoaderServi - Loading from file system: jar:file:///C:/Users/jardk/.m2/repository/com/github/almasb/fxgl/17.1/fxgl-17.1.jar!/fxglassets/ui/fonts/TerminalLandMono-Regular.otf
10:22:11.148 [FXGL Background Thread 4 ] DEBUG FXGLAssetLoaderServi - Loading from file system: jar:file:///C:/Users/jardk/.m2/repository/com/github/almasb/fxgl/17.1/fxgl-17.1.jar!/fxglassets/ui/fonts/Courier-Prime.ttf
10:22:11.308 [JavaFX Application Thread] DEBUG AudioPlayer          - Playing music com.almasb.fxgl.audio.Music@11d32c31
10:22:11.309 [JavaFX Application Thread] DEBUG FXGLAssetLoaderServi - Loading from file system: jar:file:///C:/Users/jardk/.m2/repository/com/github/almasb/fxgl/17.1/fxgl-17.1.jar!/fxglassets/textures/fxgl_icon.png
10:22:11.338 [JavaFX Application Thread] DEBUG FXGLAssetLoaderServi - Loading from file system: jar:file:///C:/Users/jardk/.m2/repository/com/github/almasb/fxgl/17.1/fxgl-17.1.jar!/fxglassets/textures/fxgl_default_cursor.png
10:22:11.342 [JavaFX Application Thread] DEBUG Input                - Registered new binding: Screenshot - CTRL+8
10:22:11.342 [JavaFX Application Thread] DEBUG Input                - Registered new binding: System info dump - CTRL+9
10:22:11.343 [JavaFX Application Thread] DEBUG Input                - Registered new binding: Restart - CTRL+R
10:22:11.344 [JavaFX Application Thread] DEBUG Input                - Registered new binding: Toggle Debug Camera - CTRL+7
10:22:11.348 [JavaFX Application Thread] DEBUG LoopRunner           - Starting loop
10:22:11.348 [JavaFX Application Thread] DEBUG LoopRunner           - Initializing JavaFX AnimationTimerLoop
10:22:11.350 [JavaFX Application Thread] DEBUG GameApplicationServi - Starting new game
10:22:11.351 [JavaFX Application Thread] DEBUG Input                - Clearing active input actions
10:22:11.384 [JavaFX Application Thread] DEBUG GameApplicationServi - Removing overlay from FXGLStartupScene and adding to MainLoadingScene
10:22:11.384 [JavaFX Application Thread] DEBUG PrimaryStageWindow   - FXGLStartupScene -> MainLoadingScene
10:22:11.385 [JavaFX Application Thread] DEBUG GameApplicationServi - Clearing previous game
10:22:11.385 [JavaFX Application Thread] DEBUG GameScene            - Clearing game scene
10:22:11.385 [JavaFX Application Thread] DEBUG GameWorld            - Clearing game world
10:22:11.385 [JavaFX Application Thread] DEBUG PhysicsWorld         - Clearing physics world
10:22:11.387 [JavaFX Application Thread] DEBUG FXGLApplication      - Registering font factories with UI factory
10:22:11.448 [FXGL Background Thread 4 ] WARN  TMXLevelLoader       - TiledMap generated from 1.10.0. Supported version: 1.4.2. Some features may not be parsed fully.
10:22:11.467 [FXGL Background Thread 4 ] DEBUG TMXLevelLoader       - Parsed TiledMap: file:/C:/ipose-groep-4/target/classes/assets/levels/tmx/level1.tmx
10:22:11.469 [FXGL Background Thread 4 ] DEBUG TMXLevelLoader       - Creating tile layer entities
10:22:11.472 [FXGL Background Thread 4 ] DEBUG TilesetLoader        - Loading view for layer Tile Layer 1
10:22:11.480 [FXGL Background Thread 4 ] DEBUG TilesetLoader        - Created buffer with size 4900.0x700.0
10:22:11.520 [FXGL Background Thread 4 ] DEBUG TMXLevelLoader       - Creating object layer entities
10:22:11.582 [FXGL Background Thread 4 ] DEBUG GameWorld            - Clearing removable entities
10:22:11.583 [FXGL Background Thread 4 ] DEBUG GameWorld            - Setting level: com.almasb.fxgl.entity.level.Level@22ce5789
10:22:11.626 [FXGL Background Thread 4 ] DEBUG FXGLAssetLoaderServi - Loading from file system: file:/C:/ipose-groep-4/target/classes/assets/textures/trump.png
10:22:11.634 [FXGL Background Thread 4 ] DEBUG FXGLAssetLoaderServi - Loading from file system: file:/C:/ipose-groep-4/target/classes/assets/textures/background/forest.png
10:22:11.672 [FXGL Background Thread 4 ] INFO  FXGLApplication      - Game initialization took: 0,284 sec
10:22:11.673 [JavaFX Application Thread] DEBUG Input                - Clearing active input actions
10:22:11.682 [FXGL Background Thread 2 ] INFO  UpdaterService       - Your current version:  17.1
10:22:11.683 [FXGL Background Thread 2 ] INFO  UpdaterService       - Latest stable version: 17.3
10:22:11.687 [JavaFX Application Thread] DEBUG GameApplicationServi - Removing overlay from MainLoadingScene and adding to GameScene
10:22:11.688 [JavaFX Application Thread] DEBUG PrimaryStageWindow   - MainLoadingScene -> GameScene
10:22:12.714 [JavaFX Application Thread] DEBUG LoopRunner           - Stopping loop
10:22:12.727 [JavaFX Application Thread] FATAL FXGLApplication      - Uncaught Exception:
java.lang.NullPointerException: Cannot invoke "javafx.scene.control.Label.setText(String)" because "this.tijdlabel" is null
	at mario.main/com.almasb.fxglgames.platformer.PlatformerApp.lambda$initGame$1(PlatformerApp.java:174)
	at com.almasb.fxgl.core@17.1/com.almasb.fxgl.time.TimerAction.update(TimerAction.kt:69)
	at com.almasb.fxgl.core@17.1/com.almasb.fxgl.time.Timer.update(Timer.kt:38)
	at com.almasb.fxgl.scene@17.1/com.almasb.fxgl.scene.Scene.update(Scene.kt:104)
	at com.almasb.fxgl.all@17.1/com.almasb.fxgl.app.MainWindow$update$1.invoke(MainWindow.kt:115)
	at com.almasb.fxgl.all@17.1/com.almasb.fxgl.app.MainWindow$update$1.invoke(MainWindow.kt:115)
	at com.almasb.fxgl.core@17.1/com.almasb.fxgl.core.fsm.StateMachine.runOnActiveStates(StateMachine.kt:69)
	at com.almasb.fxgl.all@17.1/com.almasb.fxgl.app.MainWindow.update(MainWindow.kt:115)
	at com.almasb.fxgl.all@17.1/com.almasb.fxgl.app.FXGLApplication$GameApplicationService.onUpdate(FXGLApplication.kt:426)
	at com.almasb.fxgl.all@17.1/com.almasb.fxgl.app.Engine.loop(Engine.kt:134)
	at com.almasb.fxgl.all@17.1/com.almasb.fxgl.app.Engine.access$loop(Engine.kt:24)
	at com.almasb.fxgl.all@17.1/com.almasb.fxgl.app.Engine$loop$1.invoke(Engine.kt:28)
	at com.almasb.fxgl.all@17.1/com.almasb.fxgl.app.Engine$loop$1.invoke(Engine.kt:28)
	at com.almasb.fxgl.all@17.1/com.almasb.fxgl.app.LoopRunner.frame(LoopRunner.kt:103)
	at com.almasb.fxgl.all@17.1/com.almasb.fxgl.app.LoopRunner.access$frame(LoopRunner.kt:23)
	at com.almasb.fxgl.all@17.1/com.almasb.fxgl.app.LoopRunner$impl$2$1.onTick(LoopRunner.kt:57)
	at com.almasb.fxgl.all@17.1/com.almasb.fxgl.app.AnimationTimerLoop$timer$1.handle(LoopRunner.kt:137)
	at javafx.graphics@19-ea/javafx.animation.AnimationTimer$AnimationTimerReceiver.lambda$handle$0(AnimationTimer.java:58)
	at java.base/java.security.AccessController.doPrivileged(AccessController.java:399)
	at javafx.graphics@19-ea/javafx.animation.AnimationTimer$AnimationTimerReceiver.handle(AnimationTimer.java:57)
	at javafx.graphics@19-ea/com.sun.scenario.animation.AbstractPrimaryTimer.timePulseImpl(AbstractPrimaryTimer.java:356)
	at javafx.graphics@19-ea/com.sun.scenario.animation.AbstractPrimaryTimer$MainLoop.run(AbstractPrimaryTimer.java:266)
	at javafx.graphics@19-ea/com.sun.javafx.tk.quantum.QuantumToolkit.pulse(QuantumToolkit.java:571)
	at javafx.graphics@19-ea/com.sun.javafx.tk.quantum.QuantumToolkit.pulse(QuantumToolkit.java:555)
	at javafx.graphics@19-ea/com.sun.javafx.tk.quantum.QuantumToolkit.pulseFromQueue(QuantumToolkit.java:548)
	at javafx.graphics@19-ea/com.sun.javafx.tk.quantum.QuantumToolkit.lambda$runToolkit$11(QuantumToolkit.java:352)
	at javafx.graphics@19-ea/com.sun.glass.ui.InvokeLaterDispatcher$Future.run(InvokeLaterDispatcher.java:96)
	at javafx.graphics@19-ea/com.sun.glass.ui.win.WinApplication._runLoop(Native Method)
	at javafx.graphics@19-ea/com.sun.glass.ui.win.WinApplication.lambda$runLoop$3(WinApplication.java:184)
	at java.base/java.lang.Thread.run(Thread.java:1589)

10:22:12.728 [JavaFX Application Thread] FATAL FXGLApplication      - Application will now exit
10:22:12.752 [JavaFX Application Thread] DEBUG PrimaryStageWindow   - Push state: ErrorSubScene
10:22:12.753 [JavaFX Application Thread] DEBUG Input                - Clearing active input actions
10:22:12.761 [JavaFX Application Thread] DEBUG GameApplicationServi - Removing overlay from GameScene and adding to ErrorSubScene
10:22:12.761 [JavaFX Application Thread] DEBUG PrimaryStageWindow   - GameScene -> ErrorSubScene
10:22:13.288 [JavaFX Application Thread] DEBUG FXGLApplication      - Exiting FXGL
10:22:13.288 [JavaFX Application Thread] DEBUG Async                - Shutting down background threads
10:22:13.290 [JavaFX Application Thread] DEBUG PrimaryStageWindow   - Closing main window
10:22:13.320 [JavaFX Application Thread] DEBUG Logger               - Closing Logger
