15:12:30.071 [main                     ] DEBUG Logger               - Configured Logger
15:12:30.099 [main                     ] DEBUG GameApplication      - Logging settings
Title: hello world
Version: 1.0
Width: 800
Height: 800
Fullscreen: false
Intro: false
Profiling: false
Single step:false
App Mode: DEVELOPER
Menu Key: ESCAPE
Stage Style: DECORATED
Scene Factory: class com.almasb.fxgl.app.scene.SceneFactory

15:12:30.540 [JavaFX Application Thread] DEBUG FXGLApplication      - Initializing FXGL
15:12:30.544 [JavaFX Application Thread] INFO  Engine               - FXGL-17.1 (24.03.2022 17.34) on WINDOWS (J:19.0.1 FX:19-ea)
15:12:30.544 [JavaFX Application Thread] DEBUG Engine               - JRE Vendor Name: Oracle Corporation
15:12:30.544 [JavaFX Application Thread] DEBUG Engine               - Running on OS: Windows 10 version 10.0
15:12:30.545 [JavaFX Application Thread] DEBUG Engine               - Architecture: amd64
15:12:30.545 [JavaFX Application Thread] INFO  Engine               - Source code and latest versions at: https://github.com/AlmasB/FXGL
15:12:30.545 [JavaFX Application Thread] INFO  Engine               -       Ask questions and discuss at: https://github.com/AlmasB/FXGL/discussions
15:12:30.545 [JavaFX Application Thread] INFO  Engine               -              Join the FXGL chat at: https://gitter.im/AlmasB/FXGL
15:12:30.616 [JavaFX Application Thread] DEBUG PrimaryStageWindow   - Creating a JavaFX scene
15:12:30.657 [JavaFX Application Thread] DEBUG PrimaryStageWindow   - Target settings size: 800.0 x 800.0
15:12:30.657 [JavaFX Application Thread] DEBUG PrimaryStageWindow   - Scaled scene size:    800.0 x 800.0
15:12:30.657 [JavaFX Application Thread] DEBUG PrimaryStageWindow   - Scaled ratio: (1.0, 1.0)
15:12:30.658 [JavaFX Application Thread] DEBUG PrimaryStageWindow   - Set initial scene to FXGLStartupScene
15:12:30.665 [JavaFX Application Thread] DEBUG PrimaryStageWindow   - Opening main window
15:12:30.735 [JavaFX Application Thread] DEBUG PrimaryStageWindow   - Window border size: (14.4000244140625, 37.5999755859375)
15:12:30.736 [JavaFX Application Thread] DEBUG PrimaryStageWindow   - Scaled size: 800.0 x 800.0
15:12:30.736 [JavaFX Application Thread] DEBUG PrimaryStageWindow   - Scaled ratio: (1.0, 1.0)
15:12:30.736 [JavaFX Application Thread] DEBUG PrimaryStageWindow   - Scene size: 800.0 x 800.0
15:12:30.736 [JavaFX Application Thread] DEBUG PrimaryStageWindow   - Stage size: 814.4000244140625 x 837.5999755859375
15:12:30.742 [FXGL Background Thread 1 ] DEBUG Engine               - Initializing environment variables
15:12:30.786 [FXGL Background Thread 1 ] DEBUG FXGLAssetLoaderServi - User app class for loading assets: class com.miguel.iposegame.HelloApplication
15:12:30.786 [FXGL Background Thread 1 ] DEBUG GameApplicationServi - Applying CSS: fxgl_dark.css
15:12:30.787 [FXGL Background Thread 1 ] DEBUG FXGLAssetLoaderServi - Loading from file system: jar:file:///C:/Users/koenm/.m2/repository/com/github/almasb/fxgl/17.1/fxgl-17.1.jar!/fxglassets/ui/css/fxgl_dark.css
15:12:30.823 [FXGL Background Thread 1 ] DEBUG GameApplicationServi - Initializing application scenes
15:12:30.854 [FXGL Background Thread 1 ] DEBUG GameWorld            - Game world initialized
15:12:30.916 [FXGL Background Thread 1 ] DEBUG PhysicsWorld         - Physics world initialized: appHeight=800, physics.ppm=50,0
15:12:30.917 [FXGL Background Thread 1 ] DEBUG PhysicsWorld         - Using strategy: BRUTE_FORCE
15:12:30.920 [FXGL Background Thread 1 ] DEBUG GameScene            - Game scene initialized: 800x800
15:12:30.930 [FXGL Background Thread 1 ] DEBUG FXGL.DefaultMenu     - createMenuBodyGameMenu()
15:12:30.941 [FXGL Background Thread 1 ] DEBUG FXGL.DefaultMenu     - createOptionsMenu()
15:12:30.951 [FXGL Background Thread 1 ] DEBUG FXGLAssetLoaderServi - Loading from file system: jar:file:///C:/Users/koenm/.m2/repository/com/github/almasb/fxgl/17.1/fxgl-17.1.jar!/fxglassets/textures/particles/smoke.png
15:12:31.022 [FXGL Background Thread 1 ] DEBUG FXGLAssetLoaderServi - Loading from file system: jar:file:///C:/Users/koenm/.m2/repository/com/github/almasb/fxgl/17.1/fxgl-17.1.jar!/fxglassets/textures/particles/trace_horizontal.png
15:12:31.053 [FXGL Background Thread 1 ] DEBUG GameApplicationServi - Application scenes initialized
15:12:31.063 [FXGL Background Thread 1 ] DEBUG SystemBundleService  - Loading FXGL system data
15:12:31.070 [FXGL Background Thread 1 ] DEBUG FileSystemAccess     - Reading from: C:\Users\koenm\IdeaProjects\IPOSE game\system\fxgl.bundle
15:12:31.083 [FXGL Background Thread 1 ] DEBUG SystemBundleService  - Bundle FXGL: {}
15:12:31.083 [FXGL Background Thread 1 ] DEBUG UpdaterService       - Checking for updates
15:12:31.090 [FXGL Background Thread 4 ] DEBUG FXGLApplication      - Loading fonts
15:12:31.090 [FXGL Background Thread 1 ] DEBUG FXGLApplication      - Loading default localization
15:12:31.090 [FXGL Background Thread 4 ] DEBUG FXGLAssetLoaderServi - Loading from file system: jar:file:///C:/Users/koenm/.m2/repository/com/github/almasb/fxgl/17.1/fxgl-17.1.jar!/fxglassets/ui/fonts/VarelaRound-Regular.ttf
15:12:31.091 [FXGL Background Thread 1 ] DEBUG FXGLAssetLoaderServi - Loading from file system: jar:file:///C:/Users/koenm/.m2/repository/com/github/almasb/fxgl/17.1/fxgl-17.1.jar!/fxglassets/languages/english.lang
15:12:31.110 [FXGL Background Thread 1 ] INFO  FXGLApplication      - FXGL initialization took: 0,368 sec
15:12:31.126 [JavaFX Application Thread] DEBUG Input                - Registered new binding: action0 - D
15:12:31.127 [JavaFX Application Thread] DEBUG Input                - Registered new binding: action1 - A
15:12:31.127 [JavaFX Application Thread] DEBUG Input                - Registered new binding: action2 - W
15:12:31.128 [JavaFX Application Thread] DEBUG Input                - Registered new binding: action3 - S
15:12:31.129 [JavaFX Application Thread] DEBUG Input                - Registered new binding: action4 - F
15:12:31.130 [JavaFX Application Thread] DEBUG FXGLAssetLoaderServi - Loading from file system: jar:file:///C:/Users/koenm/.m2/repository/com/github/almasb/fxgl/17.1/fxgl-17.1.jar!/fxglassets/textures/fxgl_icon.png
15:12:31.162 [JavaFX Application Thread] DEBUG FXGLAssetLoaderServi - Loading from file system: jar:file:///C:/Users/koenm/.m2/repository/com/github/almasb/fxgl/17.1/fxgl-17.1.jar!/fxglassets/textures/fxgl_default_cursor.png
15:12:31.165 [JavaFX Application Thread] DEBUG Input                - Registered new binding: Screenshot - CTRL+8
15:12:31.165 [JavaFX Application Thread] DEBUG Input                - Registered new binding: System info dump - CTRL+9
15:12:31.166 [JavaFX Application Thread] DEBUG Input                - Registered new binding: Restart - CTRL+R
15:12:31.166 [JavaFX Application Thread] DEBUG Input                - Registered new binding: Toggle Debug Camera - CTRL+7
15:12:31.168 [JavaFX Application Thread] DEBUG LoopRunner           - Starting loop
15:12:31.168 [JavaFX Application Thread] DEBUG LoopRunner           - Initializing JavaFX AnimationTimerLoop
15:12:31.169 [JavaFX Application Thread] DEBUG GameApplicationServi - Starting new game
15:12:31.170 [JavaFX Application Thread] DEBUG Input                - Clearing active input actions
15:12:31.182 [JavaFX Application Thread] DEBUG GameApplicationServi - Removing overlay from FXGLStartupScene and adding to FXGLLoadingScene
15:12:31.183 [JavaFX Application Thread] DEBUG PrimaryStageWindow   - FXGLStartupScene -> FXGLLoadingScene
15:12:31.183 [JavaFX Application Thread] DEBUG GameApplicationServi - Clearing previous game
15:12:31.183 [JavaFX Application Thread] DEBUG GameScene            - Clearing game scene
15:12:31.183 [JavaFX Application Thread] DEBUG GameWorld            - Clearing game world
15:12:31.183 [JavaFX Application Thread] DEBUG PhysicsWorld         - Clearing physics world
15:12:31.185 [FXGL Background Thread 1 ] DEBUG FXGLApplication      - Initializing game
15:12:31.189 [FXGL Background Thread 1 ] DEBUG FXGLAssetLoaderServi - Loading from file system: file:/C:/Users/koenm/IdeaProjects/IPOSE%20game/target/classes/assets/textures/brick.png
15:12:31.211 [FXGL Background Thread 1 ] INFO  FXGLApplication      - Game initialization took: 0,026 sec
15:12:31.224 [JavaFX Application Thread] DEBUG Input                - Clearing active input actions
15:12:31.229 [FXGL Background Thread 4 ] DEBUG FXGLAssetLoaderServi - Loading from file system: jar:file:///C:/Users/koenm/.m2/repository/com/github/almasb/fxgl/17.1/fxgl-17.1.jar!/fxglassets/ui/fonts/Abel-Regular.ttf
15:12:31.233 [FXGL Background Thread 4 ] DEBUG FXGLAssetLoaderServi - Loading from file system: jar:file:///C:/Users/koenm/.m2/repository/com/github/almasb/fxgl/17.1/fxgl-17.1.jar!/fxglassets/ui/fonts/TerminalLandMono-Regular.otf
15:12:31.237 [JavaFX Application Thread] DEBUG GameApplicationServi - Removing overlay from FXGLLoadingScene and adding to GameScene
15:12:31.238 [JavaFX Application Thread] DEBUG PrimaryStageWindow   - FXGLLoadingScene -> GameScene
15:12:31.241 [FXGL Background Thread 4 ] DEBUG FXGLAssetLoaderServi - Loading from file system: jar:file:///C:/Users/koenm/.m2/repository/com/github/almasb/fxgl/17.1/fxgl-17.1.jar!/fxglassets/ui/fonts/Courier-Prime.ttf
15:12:31.308 [JavaFX Application Thread] DEBUG FXGLApplication      - Registering font factories with UI factory
15:12:31.504 [FXGL Background Thread 2 ] INFO  UpdaterService       - Your current version:  17.1
15:12:31.504 [FXGL Background Thread 2 ] INFO  UpdaterService       - Latest stable version: 17.3
15:12:32.371 [JavaFX Application Thread] WARN  FXGLAssetLoaderServi - Asset "/assets/music/pipe.mp3" was not found!
15:12:32.371 [JavaFX Application Thread] WARN  FXGLAssetLoaderServi - Failed to load MUSIC
15:12:32.372 [JavaFX Application Thread] DEBUG AudioPlayer          - Playing music com.almasb.fxgl.audio.Music@6d620332
15:12:33.187 [JavaFX Application Thread] WARN  FXGLAssetLoaderServi - Asset "/assets/music/pipe.mp3" was not found!
15:12:33.187 [JavaFX Application Thread] WARN  FXGLAssetLoaderServi - Failed to load MUSIC
15:12:33.187 [JavaFX Application Thread] DEBUG AudioPlayer          - Playing music com.almasb.fxgl.audio.Music@3c4d5238
15:12:33.475 [JavaFX Application Thread] WARN  FXGLAssetLoaderServi - Asset "/assets/music/pipe.mp3" was not found!
15:12:33.475 [JavaFX Application Thread] WARN  FXGLAssetLoaderServi - Failed to load MUSIC
15:12:33.475 [JavaFX Application Thread] DEBUG AudioPlayer          - Playing music com.almasb.fxgl.audio.Music@57c50f5a
15:12:33.640 [JavaFX Application Thread] WARN  FXGLAssetLoaderServi - Asset "/assets/music/pipe.mp3" was not found!
15:12:33.641 [JavaFX Application Thread] WARN  FXGLAssetLoaderServi - Failed to load MUSIC
15:12:33.641 [JavaFX Application Thread] DEBUG AudioPlayer          - Playing music com.almasb.fxgl.audio.Music@871b274
15:12:34.087 [FXGL Background Thread 3 ] DEBUG Engine               - Logging environment variables
15:12:34.087 [FXGL Background Thread 3 ] DEBUG Engine               - achievements: []
15:12:34.087 [FXGL Background Thread 3 ] DEBUG Engine               - actualHeight: 800.0
15:12:34.087 [FXGL Background Thread 3 ] DEBUG Engine               - actualHeightProperty: ReadOnlyDoubleProperty [value: 800.0]
15:12:34.088 [FXGL Background Thread 3 ] DEBUG Engine               - actualWidth: 800.0
15:12:34.088 [FXGL Background Thread 3 ] DEBUG Engine               - actualWidthProperty: ReadOnlyDoubleProperty [value: 800.0]
15:12:34.088 [FXGL Background Thread 3 ] DEBUG Engine               - appIcon: fxgl_icon.png
15:12:34.088 [FXGL Background Thread 3 ] DEBUG Engine               - applicationMode: DEVELOPER
15:12:34.088 [FXGL Background Thread 3 ] DEBUG Engine               - cSSList: [fxgl_dark.css]
15:12:34.088 [FXGL Background Thread 3 ] DEBUG Engine               - collisionDetectionStrategy: BRUTE_FORCE
15:12:34.088 [FXGL Background Thread 3 ] DEBUG Engine               - configClass: Optional.empty
15:12:34.088 [FXGL Background Thread 3 ] DEBUG Engine               - credits: []
15:12:34.088 [FXGL Background Thread 3 ] DEBUG Engine               - defaultCursor: CursorInfo(imageName=fxgl_default_cursor.png, hotspotX=7.0, hotspotY=6.0)
15:12:34.088 [FXGL Background Thread 3 ] DEBUG Engine               - devBBoxColorProperty: ObjectProperty [value: 0xff0000ff]
15:12:34.088 [FXGL Background Thread 3 ] DEBUG Engine               - devEnableDebugCameraProperty: BooleanProperty [value: false]
15:12:34.088 [FXGL Background Thread 3 ] DEBUG Engine               - devSensorColorProperty: ObjectProperty [value: 0xffff00ff]
15:12:34.088 [FXGL Background Thread 3 ] DEBUG Engine               - devShowBBoxProperty: BooleanProperty [value: false]
15:12:34.088 [FXGL Background Thread 3 ] DEBUG Engine               - devShowPositionProperty: BooleanProperty [value: false]
15:12:34.089 [FXGL Background Thread 3 ] DEBUG Engine               - enabledMenuItems: []
15:12:34.089 [FXGL Background Thread 3 ] DEBUG Engine               - engineServices: [class com.almasb.fxgl.app.services.FXGLAssetLoaderService, class com.almasb.fxgl.app.FXGLApplication$GameApplicationService, class com.almasb.fxgl.app.services.FXGLDialogService, class com.almasb.fxgl.app.services.IOTaskExecutorService, class com.almasb.fxgl.io.FileSystemService, class com.almasb.fxgl.localization.LocalizationService, class com.almasb.fxgl.app.services.SystemBundleService, class com.almasb.fxgl.profile.SaveLoadService, class com.almasb.fxgl.ui.FXGLUIFactoryServiceProvider, class com.almasb.fxgl.ui.FXGLDialogFactoryServiceProvider, class com.almasb.fxgl.audio.AudioPlayer, class com.almasb.fxgl.notification.impl.NotificationServiceProvider, class com.almasb.fxgl.achievement.AchievementService, class com.almasb.fxgl.cutscene.CutsceneService, class com.almasb.fxgl.minigames.MiniGameService, class com.almasb.fxgl.net.NetService, class com.almasb.fxgl.app.services.UpdaterService, class com.almasb.fxgl.dev.DevService]
15:12:34.089 [FXGL Background Thread 3 ] DEBUG Engine               - fontGame: Abel-Regular.ttf
15:12:34.089 [FXGL Background Thread 3 ] DEBUG Engine               - fontMono: TerminalLandMono-Regular.otf
15:12:34.089 [FXGL Background Thread 3 ] DEBUG Engine               - fontText: Courier-Prime.ttf
15:12:34.089 [FXGL Background Thread 3 ] DEBUG Engine               - fontUI: VarelaRound-Regular.ttf
15:12:34.089 [FXGL Background Thread 3 ] DEBUG Engine               - fullScreen: BooleanProperty [value: false]
15:12:34.089 [FXGL Background Thread 3 ] DEBUG Engine               - gameDifficulty: MEDIUM
15:12:34.089 [FXGL Background Thread 3 ] DEBUG Engine               - gameDifficultyProperty: ObjectProperty [value: MEDIUM]
15:12:34.089 [FXGL Background Thread 3 ] DEBUG Engine               - globalMusicVolume: 0.5
15:12:34.089 [FXGL Background Thread 3 ] DEBUG Engine               - globalMusicVolumeProperty: DoubleProperty [value: 0.5]
15:12:34.089 [FXGL Background Thread 3 ] DEBUG Engine               - globalSoundVolume: 0.5
15:12:34.089 [FXGL Background Thread 3 ] DEBUG Engine               - globalSoundVolumeProperty: DoubleProperty [value: 0.5]
15:12:34.089 [FXGL Background Thread 3 ] DEBUG Engine               - height: 800
15:12:34.089 [FXGL Background Thread 3 ] DEBUG Engine               - is3D: false
15:12:34.089 [FXGL Background Thread 3 ] DEBUG Engine               - isAndroid: false
15:12:34.089 [FXGL Background Thread 3 ] DEBUG Engine               - isBrowser: false
15:12:34.089 [FXGL Background Thread 3 ] DEBUG Engine               - isClickFeedbackEnabled: false
15:12:34.089 [FXGL Background Thread 3 ] DEBUG Engine               - isCloseConfirmation: false
15:12:34.089 [FXGL Background Thread 3 ] DEBUG Engine               - isDesktop: true
15:12:34.089 [FXGL Background Thread 3 ] DEBUG Engine               - isDeveloperMenuEnabled: false
15:12:34.089 [FXGL Background Thread 3 ] DEBUG Engine               - isEmbedded: false
15:12:34.089 [FXGL Background Thread 3 ] DEBUG Engine               - isEntityPreloadEnabled: true
15:12:34.089 [FXGL Background Thread 3 ] DEBUG Engine               - isExperimentalTiledLargeMap: false
15:12:34.090 [FXGL Background Thread 3 ] DEBUG Engine               - isFileSystemWriteAllowed: true
15:12:34.090 [FXGL Background Thread 3 ] DEBUG Engine               - isFullScreenAllowed: false
15:12:34.090 [FXGL Background Thread 3 ] DEBUG Engine               - isFullScreenFromStart: false
15:12:34.090 [FXGL Background Thread 3 ] DEBUG Engine               - isGameMenuEnabled: true
15:12:34.090 [FXGL Background Thread 3 ] DEBUG Engine               - isIOS: false
15:12:34.090 [FXGL Background Thread 3 ] DEBUG Engine               - isIntroEnabled: false
15:12:34.090 [FXGL Background Thread 3 ] DEBUG Engine               - isLinux: false
15:12:34.090 [FXGL Background Thread 3 ] DEBUG Engine               - isMac: false
15:12:34.090 [FXGL Background Thread 3 ] DEBUG Engine               - isMainMenuEnabled: false
15:12:34.090 [FXGL Background Thread 3 ] DEBUG Engine               - isManualResizeEnabled: false
15:12:34.090 [FXGL Background Thread 3 ] DEBUG Engine               - isMobile: false
15:12:34.090 [FXGL Background Thread 3 ] DEBUG Engine               - isNative: false
15:12:34.090 [FXGL Background Thread 3 ] DEBUG Engine               - isPauseMusicWhenMinimized: true
15:12:34.090 [FXGL Background Thread 3 ] DEBUG Engine               - isPreserveResizeRatio: false
15:12:34.090 [FXGL Background Thread 3 ] DEBUG Engine               - isProfilingEnabled: false
15:12:34.090 [FXGL Background Thread 3 ] DEBUG Engine               - isScaleAffectedOnResize: true
15:12:34.090 [FXGL Background Thread 3 ] DEBUG Engine               - isSingleStep: false
15:12:34.090 [FXGL Background Thread 3 ] DEBUG Engine               - isUserProfileEnabled: false
15:12:34.090 [FXGL Background Thread 3 ] DEBUG Engine               - isWindows: true
15:12:34.090 [FXGL Background Thread 3 ] DEBUG Engine               - language: ObjectProperty [value: ENGLISH]
15:12:34.090 [FXGL Background Thread 3 ] DEBUG Engine               - menuKey: ESCAPE
15:12:34.090 [FXGL Background Thread 3 ] DEBUG Engine               - mouseSensitivity: 0.2
15:12:34.090 [FXGL Background Thread 3 ] DEBUG Engine               - notificationViewClass: class com.almasb.fxgl.notification.view.XboxNotificationView
15:12:34.090 [FXGL Background Thread 3 ] DEBUG Engine               - pixelsPerMeter: 50.0
15:12:34.090 [FXGL Background Thread 3 ] DEBUG Engine               - platform: WINDOWS
15:12:34.090 [FXGL Background Thread 3 ] DEBUG Engine               - prefHeightProperty: ReadOnlyDoubleProperty [value: 800.0]
15:12:34.090 [FXGL Background Thread 3 ] DEBUG Engine               - prefWidthProperty: ReadOnlyDoubleProperty [value: 800.0]
15:12:34.090 [FXGL Background Thread 3 ] DEBUG Engine               - profileDir: profiles/
15:12:34.091 [FXGL Background Thread 3 ] DEBUG Engine               - profileName: StringProperty [value: DEFAULT]
15:12:34.091 [FXGL Background Thread 3 ] DEBUG Engine               - randomSeed: -1
15:12:34.091 [FXGL Background Thread 3 ] DEBUG Engine               - runtimeInfo: RuntimeInfo(platform=WINDOWS, version=17.1, build=24.03.2022 17.34)
15:12:34.091 [FXGL Background Thread 3 ] DEBUG Engine               - saveFileExt: sav
15:12:34.091 [FXGL Background Thread 3 ] DEBUG Engine               - scaledHeightProp$fxgl: DoubleProperty [bound, value: 800.0]
15:12:34.091 [FXGL Background Thread 3 ] DEBUG Engine               - scaledWidthProp$fxgl: DoubleProperty [bound, value: 800.0]
15:12:34.091 [FXGL Background Thread 3 ] DEBUG Engine               - sceneFactory: com.almasb.fxgl.app.scene.SceneFactory@7bf8742f
15:12:34.091 [FXGL Background Thread 3 ] DEBUG Engine               - secondsIn24h: 60
15:12:34.091 [FXGL Background Thread 3 ] DEBUG Engine               - soundMenuBack: menu/back.wav
15:12:34.091 [FXGL Background Thread 3 ] DEBUG Engine               - soundMenuPress: menu/press.wav
15:12:34.091 [FXGL Background Thread 3 ] DEBUG Engine               - soundMenuSelect: menu/select.wav
15:12:34.091 [FXGL Background Thread 3 ] DEBUG Engine               - soundNotification: core/notification.wav
15:12:34.091 [FXGL Background Thread 3 ] DEBUG Engine               - stageStyle: DECORATED
15:12:34.091 [FXGL Background Thread 3 ] DEBUG Engine               - supportedLanguages: [ENGLISH, FRENCH, GERMAN, HUNGARIAN, RUSSIAN]
15:12:34.092 [FXGL Background Thread 3 ] DEBUG Engine               - ticksPerSecond: -1
15:12:34.092 [FXGL Background Thread 3 ] DEBUG Engine               - title: hello world
15:12:34.092 [FXGL Background Thread 3 ] DEBUG Engine               - urlGithub: https://github.com/AlmasB/FXGL
15:12:34.092 [FXGL Background Thread 3 ] DEBUG Engine               - urlLeaderboard: http://fxgl-top.herokuapp.com/
15:12:34.092 [FXGL Background Thread 3 ] DEBUG Engine               - urlPOM: https://raw.githubusercontent.com/AlmasB/FXGL/release/README.md
15:12:34.092 [FXGL Background Thread 3 ] DEBUG Engine               - userAppClass: class com.miguel.iposegame.HelloApplication
15:12:34.092 [FXGL Background Thread 3 ] DEBUG Engine               - version: 1.0
15:12:34.092 [FXGL Background Thread 3 ] DEBUG Engine               - versionCheckDays: 7
15:12:34.092 [FXGL Background Thread 3 ] DEBUG Engine               - width: 800
15:12:34.092 [FXGL Background Thread 3 ] DEBUG Engine               - Logging services
15:12:34.092 [FXGL Background Thread 3 ] DEBUG Engine               - class com.almasb.fxgl.app.services.FXGLAssetLoaderService
15:12:34.092 [FXGL Background Thread 3 ] DEBUG Engine               - class com.almasb.fxgl.app.FXGLApplication$GameApplicationService
15:12:34.092 [FXGL Background Thread 3 ] DEBUG Engine               - class com.almasb.fxgl.app.services.FXGLDialogService
15:12:34.092 [FXGL Background Thread 3 ] DEBUG Engine               - class com.almasb.fxgl.app.services.IOTaskExecutorService
15:12:34.092 [FXGL Background Thread 3 ] DEBUG Engine               - class com.almasb.fxgl.io.FileSystemService
15:12:34.092 [FXGL Background Thread 3 ] DEBUG Engine               - class com.almasb.fxgl.localization.LocalizationService
15:12:34.092 [FXGL Background Thread 3 ] DEBUG Engine               - class com.almasb.fxgl.app.services.SystemBundleService
15:12:34.092 [FXGL Background Thread 3 ] DEBUG Engine               - class com.almasb.fxgl.profile.SaveLoadService
15:12:34.092 [FXGL Background Thread 3 ] DEBUG Engine               - class com.almasb.fxgl.ui.FXGLUIFactoryServiceProvider
15:12:34.092 [FXGL Background Thread 3 ] DEBUG Engine               - class com.almasb.fxgl.ui.FXGLDialogFactoryServiceProvider
15:12:34.092 [FXGL Background Thread 3 ] DEBUG Engine               - class com.almasb.fxgl.audio.AudioPlayer
15:12:34.092 [FXGL Background Thread 3 ] DEBUG Engine               - class com.almasb.fxgl.notification.impl.NotificationServiceProvider
15:12:34.092 [FXGL Background Thread 3 ] DEBUG Engine               - class com.almasb.fxgl.achievement.AchievementService
15:12:34.092 [FXGL Background Thread 3 ] DEBUG Engine               - class com.almasb.fxgl.cutscene.CutsceneService
15:12:34.092 [FXGL Background Thread 3 ] DEBUG Engine               - class com.almasb.fxgl.minigames.MiniGameService
15:12:34.092 [FXGL Background Thread 3 ] DEBUG Engine               - class com.almasb.fxgl.net.NetService
15:12:34.092 [FXGL Background Thread 3 ] DEBUG Engine               - class com.almasb.fxgl.app.services.UpdaterService
15:12:34.092 [FXGL Background Thread 3 ] DEBUG Engine               - class com.almasb.fxgl.dev.DevService
15:12:34.642 [JavaFX Application Thread] WARN  FXGLAssetLoaderServi - Asset "/assets/music/pipe.mp3" was not found!
15:12:34.642 [JavaFX Application Thread] WARN  FXGLAssetLoaderServi - Failed to load MUSIC
15:12:34.642 [JavaFX Application Thread] DEBUG AudioPlayer          - Playing music com.almasb.fxgl.audio.Music@62d7e187
15:12:34.800 [JavaFX Application Thread] WARN  FXGLAssetLoaderServi - Asset "/assets/music/pipe.mp3" was not found!
15:12:34.800 [JavaFX Application Thread] WARN  FXGLAssetLoaderServi - Failed to load MUSIC
15:12:34.800 [JavaFX Application Thread] DEBUG AudioPlayer          - Playing music com.almasb.fxgl.audio.Music@4a037146
15:12:34.959 [JavaFX Application Thread] WARN  FXGLAssetLoaderServi - Asset "/assets/music/pipe.mp3" was not found!
15:12:34.959 [JavaFX Application Thread] WARN  FXGLAssetLoaderServi - Failed to load MUSIC
15:12:34.959 [JavaFX Application Thread] DEBUG AudioPlayer          - Playing music com.almasb.fxgl.audio.Music@35431883
15:12:35.099 [JavaFX Application Thread] WARN  FXGLAssetLoaderServi - Asset "/assets/music/pipe.mp3" was not found!
15:12:35.099 [JavaFX Application Thread] WARN  FXGLAssetLoaderServi - Failed to load MUSIC
15:12:35.099 [JavaFX Application Thread] DEBUG AudioPlayer          - Playing music com.almasb.fxgl.audio.Music@611fd49
15:12:35.284 [JavaFX Application Thread] WARN  FXGLAssetLoaderServi - Asset "/assets/music/pipe.mp3" was not found!
15:12:35.284 [JavaFX Application Thread] WARN  FXGLAssetLoaderServi - Failed to load MUSIC
15:12:35.284 [JavaFX Application Thread] DEBUG AudioPlayer          - Playing music com.almasb.fxgl.audio.Music@7c194dde
15:12:35.982 [JavaFX Application Thread] WARN  FXGLAssetLoaderServi - Asset "/assets/music/pipe.mp3" was not found!
15:12:35.982 [JavaFX Application Thread] WARN  FXGLAssetLoaderServi - Failed to load MUSIC
15:12:35.982 [JavaFX Application Thread] DEBUG AudioPlayer          - Playing music com.almasb.fxgl.audio.Music@11f35a66
15:12:36.141 [JavaFX Application Thread] WARN  FXGLAssetLoaderServi - Asset "/assets/music/pipe.mp3" was not found!
15:12:36.143 [JavaFX Application Thread] WARN  FXGLAssetLoaderServi - Failed to load MUSIC
15:12:36.143 [JavaFX Application Thread] DEBUG AudioPlayer          - Playing music com.almasb.fxgl.audio.Music@54a9a0f
15:12:36.313 [JavaFX Application Thread] WARN  FXGLAssetLoaderServi - Asset "/assets/music/pipe.mp3" was not found!
15:12:36.313 [JavaFX Application Thread] WARN  FXGLAssetLoaderServi - Failed to load MUSIC
15:12:36.313 [JavaFX Application Thread] DEBUG AudioPlayer          - Playing music com.almasb.fxgl.audio.Music@c38d45a
15:12:36.539 [JavaFX Application Thread] WARN  FXGLAssetLoaderServi - Asset "/assets/music/pipe.mp3" was not found!
15:12:36.539 [JavaFX Application Thread] WARN  FXGLAssetLoaderServi - Failed to load MUSIC
15:12:36.539 [JavaFX Application Thread] DEBUG AudioPlayer          - Playing music com.almasb.fxgl.audio.Music@3a790fbe
15:12:44.164 [JavaFX Application Thread] DEBUG FXGLApplication      - Exiting FXGL
15:12:44.164 [JavaFX Application Thread] DEBUG LoopRunner           - Stopping loop
15:12:44.164 [JavaFX Application Thread] DEBUG SystemBundleService  - Saving FXGL system data
15:12:44.165 [JavaFX Application Thread] DEBUG FileSystemAccess     - Writing to: C:\Users\koenm\IdeaProjects\IPOSE game\system\fxgl.bundle
15:12:44.167 [JavaFX Application Thread] DEBUG Async                - Shutting down background threads
15:12:44.167 [JavaFX Application Thread] DEBUG PrimaryStageWindow   - Closing main window
15:12:44.176 [JavaFX Application Thread] DEBUG Logger               - Closing Logger
